<?xml version="1.0" encoding="UTF-8"?>
<testsuite xmlns:xsi="http://www.w3.org/2001/XMLSchema-instance" xsi:noNamespaceSchemaLocation="https://maven.apache.org/surefire/maven-failsafe-plugin/xsd/failsafe-test-report-3.0.xsd" version="3.0" name="starter.CucumberTestSuite" time="50.589" tests="38" errors="0" skipped="0" failures="0">
  <properties>
    <property name="sun.desktop" value="windows"/>
    <property name="awt.toolkit" value="sun.awt.windows.WToolkit"/>
    <property name="java.specification.version" value="11"/>
    <property name="sun.cpu.isalist" value="amd64"/>
    <property name="sun.jnu.encoding" value="Cp1252"/>
    <property name="java.class.path" value="C:\KULIAH\SEMESTER 6\MSIB\QA\Tugas\Mini Project\API\rest-api\target\test-classes;C:\KULIAH\SEMESTER 6\MSIB\QA\Tugas\Mini Project\API\rest-api\target\REST-1.0-SNAPSHOT.jar;C:\Users\Nafal Adi SL\.m2\repository\net\serenity-bdd\serenity-rest-assured\3.5.1\serenity-rest-assured-3.5.1.jar;C:\Users\Nafal Adi SL\.m2\repository\org\apache\httpcomponents\httpclient\4.5.13\httpclient-4.5.13.jar;C:\Users\Nafal Adi SL\.m2\repository\org\apache\httpcomponents\httpcore\4.4.13\httpcore-4.4.13.jar;C:\Users\Nafal Adi SL\.m2\repository\commons-logging\commons-logging\1.2\commons-logging-1.2.jar;C:\Users\Nafal Adi SL\.m2\repository\io\rest-assured\rest-assured\5.2.0\rest-assured-5.2.0.jar;C:\Users\Nafal Adi SL\.m2\repository\org\apache\httpcomponents\httpmime\4.5.13\httpmime-4.5.13.jar;C:\Users\Nafal Adi SL\.m2\repository\org\ccil\cowan\tagsoup\tagsoup\1.2.1\tagsoup-1.2.1.jar;C:\Users\Nafal Adi SL\.m2\repository\io\rest-assured\json-path\5.2.0\json-path-5.2.0.jar;C:\Users\Nafal Adi SL\.m2\repository\io\rest-assured\rest-assured-common\5.2.0\rest-assured-common-5.2.0.jar;C:\Users\Nafal Adi SL\.m2\repository\io\rest-assured\xml-path\5.2.0\xml-path-5.2.0.jar;C:\Users\Nafal Adi SL\.m2\repository\org\apache\groovy\groovy-json\4.0.6\groovy-json-4.0.6.jar;C:\Users\Nafal Adi SL\.m2\repository\org\apache\groovy\groovy-xml\4.0.6\groovy-xml-4.0.6.jar;C:\Users\Nafal Adi SL\.m2\repository\org\apache\groovy\groovy\4.0.6\groovy-4.0.6.jar;C:\Users\Nafal Adi SL\.m2\repository\org\opentest4j\opentest4j\1.2.0\opentest4j-1.2.0.jar;C:\Users\Nafal Adi SL\.m2\repository\net\serenity-bdd\serenity-core\3.5.1\serenity-core-3.5.1.jar;C:\Users\Nafal Adi SL\.m2\repository\net\serenity-bdd\serenity-model\3.5.1\serenity-model-3.5.1.jar;C:\Users\Nafal Adi SL\.m2\repository\org\apache\commons\commons-text\1.10.0\commons-text-1.10.0.jar;C:\Users\Nafal Adi SL\.m2\repository\commons-net\commons-net\3.8.0\commons-net-3.8.0.jar;C:\Users\Nafal Adi SL\.m2\repository\com\google\guava\guava\31.1-jre\guava-31.1-jre.jar;C:\Users\Nafal Adi SL\.m2\repository\com\google\guava\failureaccess\1.0.1\failureaccess-1.0.1.jar;C:\Users\Nafal Adi SL\.m2\repository\com\google\guava\listenablefuture\9999.0-empty-to-avoid-conflict-with-guava\listenablefuture-9999.0-empty-to-avoid-conflict-with-guava.jar;C:\Users\Nafal Adi SL\.m2\repository\com\google\code\findbugs\jsr305\3.0.2\jsr305-3.0.2.jar;C:\Users\Nafal Adi SL\.m2\repository\org\checkerframework\checker-qual\3.12.0\checker-qual-3.12.0.jar;C:\Users\Nafal Adi SL\.m2\repository\com\google\errorprone\error_prone_annotations\2.11.0\error_prone_annotations-2.11.0.jar;C:\Users\Nafal Adi SL\.m2\repository\com\google\j2objc\j2objc-annotations\1.3\j2objc-annotations-1.3.jar;C:\Users\Nafal Adi SL\.m2\repository\com\google\inject\guice\5.1.0\guice-5.1.0.jar;C:\Users\Nafal Adi SL\.m2\repository\javax\inject\javax.inject\1\javax.inject-1.jar;C:\Users\Nafal Adi SL\.m2\repository\aopalliance\aopalliance\1.0\aopalliance-1.0.jar;C:\Users\Nafal Adi SL\.m2\repository\org\jsoup\jsoup\1.14.3\jsoup-1.14.3.jar;C:\Users\Nafal Adi SL\.m2\repository\com\thoughtworks\xstream\xstream\1.4.19\xstream-1.4.19.jar;C:\Users\Nafal Adi SL\.m2\repository\io\github\x-stream\mxparser\1.2.2\mxparser-1.2.2.jar;C:\Users\Nafal Adi SL\.m2\repository\xmlpull\xmlpull\1.1.3.1\xmlpull-1.1.3.1.jar;C:\Users\Nafal Adi SL\.m2\repository\com\typesafe\config\1.4.2\config-1.4.2.jar;C:\Users\Nafal Adi SL\.m2\repository\org\imgscalr\imgscalr-lib\4.2\imgscalr-lib-4.2.jar;C:\Users\Nafal Adi SL\.m2\repository\org\awaitility\awaitility\4.2.0\awaitility-4.2.0.jar;C:\Users\Nafal Adi SL\.m2\repository\org\freemarker\freemarker\2.3.31\freemarker-2.3.31.jar;C:\Users\Nafal Adi SL\.m2\repository\io\github\classgraph\classgraph\4.8.138\classgraph-4.8.138.jar;C:\Users\Nafal Adi SL\.m2\repository\net\sourceforge\jexcelapi\jxl\2.6.12\jxl-2.6.12.jar;C:\Users\Nafal Adi SL\.m2\repository\net\bytebuddy\byte-buddy-agent\1.12.18\byte-buddy-agent-1.12.18.jar;C:\Users\Nafal Adi SL\.m2\repository\org\objenesis\objenesis\3.1\objenesis-3.1.jar;C:\Users\Nafal Adi SL\.m2\repository\net\serenity-bdd\serenity-reports\3.5.1\serenity-reports-3.5.1.jar;C:\Users\Nafal Adi SL\.m2\repository\net\serenity-bdd\serenity-stats\3.5.1\serenity-stats-3.5.1.jar;C:\Users\Nafal Adi SL\.m2\repository\net\serenity-bdd\serenity-reports-configuration\3.5.1\serenity-reports-configuration-3.5.1.jar;C:\Users\Nafal Adi SL\.m2\repository\com\vladsch\flexmark\flexmark-all\0.34.30\flexmark-all-0.34.30.jar;C:\Users\Nafal Adi SL\.m2\repository\com\vladsch\flexmark\flexmark\0.34.30\flexmark-0.34.30.jar;C:\Users\Nafal Adi SL\.m2\repository\com\vladsch\flexmark\flexmark-ext-abbreviation\0.34.30\flexmark-ext-abbreviation-0.34.30.jar;C:\Users\Nafal Adi SL\.m2\repository\com\vladsch\flexmark\flexmark-ext-admonition\0.34.30\flexmark-ext-admonition-0.34.30.jar;C:\Users\Nafal Adi SL\.m2\repository\com\vladsch\flexmark\flexmark-ext-anchorlink\0.34.30\flexmark-ext-anchorlink-0.34.30.jar;C:\Users\Nafal Adi SL\.m2\repository\com\vladsch\flexmark\flexmark-ext-aside\0.34.30\flexmark-ext-aside-0.34.30.jar;C:\Users\Nafal Adi SL\.m2\repository\com\vladsch\flexmark\flexmark-ext-attributes\0.34.30\flexmark-ext-attributes-0.34.30.jar;C:\Users\Nafal Adi SL\.m2\repository\com\vladsch\flexmark\flexmark-ext-autolink\0.34.30\flexmark-ext-autolink-0.34.30.jar;C:\Users\Nafal Adi SL\.m2\repository\org\nibor\autolink\autolink\0.6.0\autolink-0.6.0.jar;C:\Users\Nafal Adi SL\.m2\repository\com\vladsch\flexmark\flexmark-ext-definition\0.34.30\flexmark-ext-definition-0.34.30.jar;C:\Users\Nafal Adi SL\.m2\repository\com\vladsch\flexmark\flexmark-ext-emoji\0.34.30\flexmark-ext-emoji-0.34.30.jar;C:\Users\Nafal Adi SL\.m2\repository\com\vladsch\flexmark\flexmark-ext-enumerated-reference\0.34.30\flexmark-ext-enumerated-reference-0.34.30.jar;C:\Users\Nafal Adi SL\.m2\repository\com\vladsch\flexmark\flexmark-ext-escaped-character\0.34.30\flexmark-ext-escaped-character-0.34.30.jar;C:\Users\Nafal Adi SL\.m2\repository\com\vladsch\flexmark\flexmark-ext-footnotes\0.34.30\flexmark-ext-footnotes-0.34.30.jar;C:\Users\Nafal Adi SL\.m2\repository\com\vladsch\flexmark\flexmark-ext-gfm-issues\0.34.30\flexmark-ext-gfm-issues-0.34.30.jar;C:\Users\Nafal Adi SL\.m2\repository\com\vladsch\flexmark\flexmark-ext-gfm-strikethrough\0.34.30\flexmark-ext-gfm-strikethrough-0.34.30.jar;C:\Users\Nafal Adi SL\.m2\repository\com\vladsch\flexmark\flexmark-ext-gfm-tables\0.34.30\flexmark-ext-gfm-tables-0.34.30.jar;C:\Users\Nafal Adi SL\.m2\repository\com\vladsch\flexmark\flexmark-ext-gfm-tasklist\0.34.30\flexmark-ext-gfm-tasklist-0.34.30.jar;C:\Users\Nafal Adi SL\.m2\repository\com\vladsch\flexmark\flexmark-ext-gfm-users\0.34.30\flexmark-ext-gfm-users-0.34.30.jar;C:\Users\Nafal Adi SL\.m2\repository\com\vladsch\flexmark\flexmark-ext-gitlab\0.34.30\flexmark-ext-gitlab-0.34.30.jar;C:\Users\Nafal Adi SL\.m2\repository\com\vladsch\flexmark\flexmark-ext-jekyll-front-matter\0.34.30\flexmark-ext-jekyll-front-matter-0.34.30.jar;C:\Users\Nafal Adi SL\.m2\repository\com\vladsch\flexmark\flexmark-ext-jekyll-tag\0.34.30\flexmark-ext-jekyll-tag-0.34.30.jar;C:\Users\Nafal Adi SL\.m2\repository\com\vladsch\flexmark\flexmark-ext-media-tags\0.34.30\flexmark-ext-media-tags-0.34.30.jar;C:\Users\Nafal Adi SL\.m2\repository\com\vladsch\flexmark\flexmark-test-util\0.34.30\flexmark-test-util-0.34.30.jar;C:\Users\Nafal Adi SL\.m2\repository\com\vladsch\flexmark\flexmark-ext-ins\0.34.30\flexmark-ext-ins-0.34.30.jar;C:\Users\Nafal Adi SL\.m2\repository\com\vladsch\flexmark\flexmark-ext-xwiki-macros\0.34.30\flexmark-ext-xwiki-macros-0.34.30.jar;C:\Users\Nafal Adi SL\.m2\repository\com\vladsch\flexmark\flexmark-ext-superscript\0.34.30\flexmark-ext-superscript-0.34.30.jar;C:\Users\Nafal Adi SL\.m2\repository\com\vladsch\flexmark\flexmark-ext-tables\0.34.30\flexmark-ext-tables-0.34.30.jar;C:\Users\Nafal Adi SL\.m2\repository\com\vladsch\flexmark\flexmark-ext-toc\0.34.30\flexmark-ext-toc-0.34.30.jar;C:\Users\Nafal Adi SL\.m2\repository\com\vladsch\flexmark\flexmark-ext-typographic\0.34.30\flexmark-ext-typographic-0.34.30.jar;C:\Users\Nafal Adi SL\.m2\repository\com\vladsch\flexmark\flexmark-ext-wikilink\0.34.30\flexmark-ext-wikilink-0.34.30.jar;C:\Users\Nafal Adi SL\.m2\repository\com\vladsch\flexmark\flexmark-ext-yaml-front-matter\0.34.30\flexmark-ext-yaml-front-matter-0.34.30.jar;C:\Users\Nafal Adi SL\.m2\repository\com\vladsch\flexmark\flexmark-ext-youtube-embedded\0.34.30\flexmark-ext-youtube-embedded-0.34.30.jar;C:\Users\Nafal Adi SL\.m2\repository\com\vladsch\flexmark\flexmark-formatter\0.34.30\flexmark-formatter-0.34.30.jar;C:\Users\Nafal Adi SL\.m2\repository\com\vladsch\flexmark\flexmark-html-parser\0.34.30\flexmark-html-parser-0.34.30.jar;C:\Users\Nafal Adi SL\.m2\repository\com\vladsch\flexmark\flexmark-jira-converter\0.34.30\flexmark-jira-converter-0.34.30.jar;C:\Users\Nafal Adi SL\.m2\repository\com\vladsch\flexmark\flexmark-pdf-converter\0.34.30\flexmark-pdf-converter-0.34.30.jar;C:\Users\Nafal Adi SL\.m2\repository\com\openhtmltopdf\openhtmltopdf-core\0.0.1-RC13\openhtmltopdf-core-0.0.1-RC13.jar;C:\Users\Nafal Adi SL\.m2\repository\com\openhtmltopdf\openhtmltopdf-pdfbox\0.0.1-RC13\openhtmltopdf-pdfbox-0.0.1-RC13.jar;C:\Users\Nafal Adi SL\.m2\repository\org\apache\pdfbox\pdfbox\2.0.8\pdfbox-2.0.8.jar;C:\Users\Nafal Adi SL\.m2\repository\org\apache\pdfbox\fontbox\2.0.8\fontbox-2.0.8.jar;C:\Users\Nafal Adi SL\.m2\repository\org\apache\pdfbox\xmpbox\2.0.8\xmpbox-2.0.8.jar;C:\Users\Nafal Adi SL\.m2\repository\de\rototor\pdfbox\graphics2d\0.12\graphics2d-0.12.jar;C:\Users\Nafal Adi SL\.m2\repository\com\openhtmltopdf\openhtmltopdf-rtl-support\0.0.1-RC13\openhtmltopdf-rtl-support-0.0.1-RC13.jar;C:\Users\Nafal Adi SL\.m2\repository\com\ibm\icu\icu4j\59.1\icu4j-59.1.jar;C:\Users\Nafal Adi SL\.m2\repository\com\openhtmltopdf\openhtmltopdf-jsoup-dom-converter\0.0.1-RC13\openhtmltopdf-jsoup-dom-converter-0.0.1-RC13.jar;C:\Users\Nafal Adi SL\.m2\repository\com\vladsch\flexmark\flexmark-profile-pegdown\0.34.30\flexmark-profile-pegdown-0.34.30.jar;C:\Users\Nafal Adi SL\.m2\repository\com\vladsch\flexmark\flexmark-util\0.34.30\flexmark-util-0.34.30.jar;C:\Users\Nafal Adi SL\.m2\repository\com\vladsch\flexmark\flexmark-youtrack-converter\0.34.30\flexmark-youtrack-converter-0.34.30.jar;C:\Users\Nafal Adi SL\.m2\repository\es\nitaur\markdown\txtmark\0.16\txtmark-0.16.jar;C:\Users\Nafal Adi SL\.m2\repository\net\serenity-bdd\serenity-report-resources\3.5.1\serenity-report-resources-3.5.1.jar;C:\Users\Nafal Adi SL\.m2\repository\com\google\code\gson\gson\2.9.0\gson-2.9.0.jar;C:\Users\Nafal Adi SL\.m2\repository\com\fasterxml\jackson\core\jackson-core\2.13.4\jackson-core-2.13.4.jar;C:\Users\Nafal Adi SL\.m2\repository\com\fasterxml\jackson\core\jackson-databind\2.13.4\jackson-databind-2.13.4.jar;C:\Users\Nafal Adi SL\.m2\repository\com\fasterxml\jackson\core\jackson-annotations\2.13.4\jackson-annotations-2.13.4.jar;C:\Users\Nafal Adi SL\.m2\repository\commons-codec\commons-codec\1.15\commons-codec-1.15.jar;C:\Users\Nafal Adi SL\.m2\repository\commons-io\commons-io\2.11.0\commons-io-2.11.0.jar;C:\Users\Nafal Adi SL\.m2\repository\org\seleniumhq\selenium\selenium-java\4.7.1\selenium-java-4.7.1.jar;C:\Users\Nafal Adi SL\.m2\repository\org\seleniumhq\selenium\selenium-devtools-v106\4.7.1\selenium-devtools-v106-4.7.1.jar;C:\Users\Nafal Adi SL\.m2\repository\org\seleniumhq\selenium\selenium-devtools-v107\4.7.1\selenium-devtools-v107-4.7.1.jar;C:\Users\Nafal Adi SL\.m2\repository\org\seleniumhq\selenium\selenium-devtools-v108\4.7.1\selenium-devtools-v108-4.7.1.jar;C:\Users\Nafal Adi SL\.m2\repository\org\seleniumhq\selenium\selenium-devtools-v85\4.7.1\selenium-devtools-v85-4.7.1.jar;C:\Users\Nafal Adi SL\.m2\repository\org\seleniumhq\selenium\selenium-remote-driver\4.7.1\selenium-remote-driver-4.7.1.jar;C:\Users\Nafal Adi SL\.m2\repository\com\beust\jcommander\1.82\jcommander-1.82.jar;C:\Users\Nafal Adi SL\.m2\repository\io\netty\netty-buffer\4.1.84.Final\netty-buffer-4.1.84.Final.jar;C:\Users\Nafal Adi SL\.m2\repository\io\netty\netty-codec-http\4.1.84.Final\netty-codec-http-4.1.84.Final.jar;C:\Users\Nafal Adi SL\.m2\repository\io\netty\netty-codec\4.1.84.Final\netty-codec-4.1.84.Final.jar;C:\Users\Nafal Adi SL\.m2\repository\io\netty\netty-handler\4.1.84.Final\netty-handler-4.1.84.Final.jar;C:\Users\Nafal Adi SL\.m2\repository\io\netty\netty-common\4.1.84.Final\netty-common-4.1.84.Final.jar;C:\Users\Nafal Adi SL\.m2\repository\io\netty\netty-transport-classes-epoll\4.1.84.Final\netty-transport-classes-epoll-4.1.84.Final.jar;C:\Users\Nafal Adi SL\.m2\repository\io\netty\netty-transport-classes-kqueue\4.1.84.Final\netty-transport-classes-kqueue-4.1.84.Final.jar;C:\Users\Nafal Adi SL\.m2\repository\io\netty\netty-transport-native-epoll\4.1.84.Final\netty-transport-native-epoll-4.1.84.Final.jar;C:\Users\Nafal Adi SL\.m2\repository\io\netty\netty-transport-native-kqueue\4.1.84.Final\netty-transport-native-kqueue-4.1.84.Final.jar;C:\Users\Nafal Adi SL\.m2\repository\io\netty\netty-transport-native-unix-common\4.1.84.Final\netty-transport-native-unix-common-4.1.84.Final.jar;C:\Users\Nafal Adi SL\.m2\repository\io\netty\netty-transport\4.1.84.Final\netty-transport-4.1.84.Final.jar;C:\Users\Nafal Adi SL\.m2\repository\io\netty\netty-resolver\4.1.84.Final\netty-resolver-4.1.84.Final.jar;C:\Users\Nafal Adi SL\.m2\repository\io\opentelemetry\opentelemetry-api\1.19.0\opentelemetry-api-1.19.0.jar;C:\Users\Nafal Adi SL\.m2\repository\io\opentelemetry\opentelemetry-context\1.19.0\opentelemetry-context-1.19.0.jar;C:\Users\Nafal Adi SL\.m2\repository\io\opentelemetry\opentelemetry-exporter-logging\1.19.0\opentelemetry-exporter-logging-1.19.0.jar;C:\Users\Nafal Adi SL\.m2\repository\io\opentelemetry\opentelemetry-sdk-metrics\1.19.0\opentelemetry-sdk-metrics-1.19.0.jar;C:\Users\Nafal Adi SL\.m2\repository\io\opentelemetry\opentelemetry-sdk-logs\1.19.0-alpha\opentelemetry-sdk-logs-1.19.0-alpha.jar;C:\Users\Nafal Adi SL\.m2\repository\io\opentelemetry\opentelemetry-api-logs\1.19.0-alpha\opentelemetry-api-logs-1.19.0-alpha.jar;C:\Users\Nafal Adi SL\.m2\repository\io\opentelemetry\opentelemetry-sdk-common\1.19.0\opentelemetry-sdk-common-1.19.0.jar;C:\Users\Nafal Adi SL\.m2\repository\io\opentelemetry\opentelemetry-sdk-extension-autoconfigure-spi\1.19.0\opentelemetry-sdk-extension-autoconfigure-spi-1.19.0.jar;C:\Users\Nafal Adi SL\.m2\repository\io\opentelemetry\opentelemetry-sdk-extension-autoconfigure\1.19.0-alpha\opentelemetry-sdk-extension-autoconfigure-1.19.0-alpha.jar;C:\Users\Nafal Adi SL\.m2\repository\io\opentelemetry\opentelemetry-exporter-common\1.19.0\opentelemetry-exporter-common-1.19.0.jar;C:\Users\Nafal Adi SL\.m2\repository\io\opentelemetry\opentelemetry-sdk-trace\1.19.0\opentelemetry-sdk-trace-1.19.0.jar;C:\Users\Nafal Adi SL\.m2\repository\io\opentelemetry\opentelemetry-sdk\1.19.0\opentelemetry-sdk-1.19.0.jar;C:\Users\Nafal Adi SL\.m2\repository\io\opentelemetry\opentelemetry-semconv\1.19.0-alpha\opentelemetry-semconv-1.19.0-alpha.jar;C:\Users\Nafal Adi SL\.m2\repository\io\ous\jtoml\2.0.0\jtoml-2.0.0.jar;C:\Users\Nafal Adi SL\.m2\repository\org\apache\commons\commons-exec\1.3\commons-exec-1.3.jar;C:\Users\Nafal Adi SL\.m2\repository\org\asynchttpclient\async-http-client\2.12.3\async-http-client-2.12.3.jar;C:\Users\Nafal Adi SL\.m2\repository\org\asynchttpclient\async-http-client-netty-utils\2.12.3\async-http-client-netty-utils-2.12.3.jar;C:\Users\Nafal Adi SL\.m2\repository\io\netty\netty-codec-socks\4.1.60.Final\netty-codec-socks-4.1.60.Final.jar;C:\Users\Nafal Adi SL\.m2\repository\io\netty\netty-handler-proxy\4.1.60.Final\netty-handler-proxy-4.1.60.Final.jar;C:\Users\Nafal Adi SL\.m2\repository\io\netty\netty-transport-native-epoll\4.1.60.Final\netty-transport-native-epoll-4.1.60.Final-linux-x86_64.jar;C:\Users\Nafal Adi SL\.m2\repository\io\netty\netty-transport-native-kqueue\4.1.60.Final\netty-transport-native-kqueue-4.1.60.Final-osx-x86_64.jar;C:\Users\Nafal Adi SL\.m2\repository\org\reactivestreams\reactive-streams\1.0.3\reactive-streams-1.0.3.jar;C:\Users\Nafal Adi SL\.m2\repository\com\typesafe\netty\netty-reactive-streams\2.0.4\netty-reactive-streams-2.0.4.jar;C:\Users\Nafal Adi SL\.m2\repository\org\seleniumhq\selenium\selenium-manager\4.7.1\selenium-manager-4.7.1.jar;C:\Users\Nafal Adi SL\.m2\repository\org\seleniumhq\selenium\selenium-safari-driver\4.7.1\selenium-safari-driver-4.7.1.jar;C:\Users\Nafal Adi SL\.m2\repository\org\seleniumhq\selenium\selenium-api\4.7.1\selenium-api-4.7.1.jar;C:\Users\Nafal Adi SL\.m2\repository\org\seleniumhq\selenium\selenium-support\4.7.1\selenium-support-4.7.1.jar;C:\Users\Nafal Adi SL\.m2\repository\com\google\auto\service\auto-service-annotations\1.0.1\auto-service-annotations-1.0.1.jar;C:\Users\Nafal Adi SL\.m2\repository\com\google\auto\service\auto-service\1.0.1\auto-service-1.0.1.jar;C:\Users\Nafal Adi SL\.m2\repository\com\google\auto\auto-common\1.2\auto-common-1.2.jar;C:\Users\Nafal Adi SL\.m2\repository\org\seleniumhq\selenium\selenium-json\4.7.1\selenium-json-4.7.1.jar;C:\Users\Nafal Adi SL\.m2\repository\org\seleniumhq\selenium\selenium-chrome-driver\4.7.1\selenium-chrome-driver-4.7.1.jar;C:\Users\Nafal Adi SL\.m2\repository\org\seleniumhq\selenium\selenium-chromium-driver\4.7.1\selenium-chromium-driver-4.7.1.jar;C:\Users\Nafal Adi SL\.m2\repository\org\seleniumhq\selenium\selenium-firefox-driver\4.7.1\selenium-firefox-driver-4.7.1.jar;C:\Users\Nafal Adi SL\.m2\repository\org\seleniumhq\selenium\selenium-http\4.7.1\selenium-http-4.7.1.jar;C:\Users\Nafal Adi SL\.m2\repository\dev\failsafe\failsafe\3.3.0\failsafe-3.3.0.jar;C:\Users\Nafal Adi SL\.m2\repository\org\seleniumhq\selenium\selenium-edge-driver\4.7.1\selenium-edge-driver-4.7.1.jar;C:\Users\Nafal Adi SL\.m2\repository\org\seleniumhq\selenium\selenium-ie-driver\4.7.1\selenium-ie-driver-4.7.1.jar;C:\Users\Nafal Adi SL\.m2\repository\org\projectlombok\lombok\1.18.20\lombok-1.18.20.jar;C:\Users\Nafal Adi SL\.m2\repository\io\appium\java-client\8.3.0\java-client-8.3.0.jar;C:\Users\Nafal Adi SL\.m2\repository\commons-validator\commons-validator\1.7\commons-validator-1.7.jar;C:\Users\Nafal Adi SL\.m2\repository\commons-digester\commons-digester\2.1\commons-digester-2.1.jar;C:\Users\Nafal Adi SL\.m2\repository\net\sf\opencsv\opencsv\2.0\opencsv-2.0.jar;C:\Users\Nafal Adi SL\.m2\repository\commons-beanutils\commons-beanutils\1.9.4\commons-beanutils-1.9.4.jar;C:\Users\Nafal Adi SL\.m2\repository\org\apache\commons\commons-lang3\3.12.0\commons-lang3-3.12.0.jar;C:\Users\Nafal Adi SL\.m2\repository\commons-collections\commons-collections\3.2.2\commons-collections-3.2.2.jar;C:\Users\Nafal Adi SL\.m2\repository\org\fluentlenium\fluentlenium-core\0.10.2\fluentlenium-core-0.10.2.jar;C:\Users\Nafal Adi SL\.m2\repository\io\github\bonigarcia\webdrivermanager\5.3.0\webdrivermanager-5.3.0.jar;C:\Users\Nafal Adi SL\.m2\repository\com\github\docker-java\docker-java\3.2.13\docker-java-3.2.13.jar;C:\Users\Nafal Adi SL\.m2\repository\com\github\docker-java\docker-java-core\3.2.13\docker-java-core-3.2.13.jar;C:\Users\Nafal Adi SL\.m2\repository\com\github\docker-java\docker-java-api\3.2.13\docker-java-api-3.2.13.jar;C:\Users\Nafal Adi SL\.m2\repository\org\apache\commons\commons-compress\1.21\commons-compress-1.21.jar;C:\Users\Nafal Adi SL\.m2\repository\org\bouncycastle\bcpkix-jdk15on\1.64\bcpkix-jdk15on-1.64.jar;C:\Users\Nafal Adi SL\.m2\repository\org\bouncycastle\bcprov-jdk15on\1.64\bcprov-jdk15on-1.64.jar;C:\Users\Nafal Adi SL\.m2\repository\org\slf4j\jcl-over-slf4j\1.7.30\jcl-over-slf4j-1.7.30.jar;C:\Users\Nafal Adi SL\.m2\repository\com\github\docker-java\docker-java-transport-httpclient5\3.2.13\docker-java-transport-httpclient5-3.2.13.jar;C:\Users\Nafal Adi SL\.m2\repository\com\github\docker-java\docker-java-transport\3.2.13\docker-java-transport-3.2.13.jar;C:\Users\Nafal Adi SL\.m2\repository\net\java\dev\jna\jna\5.8.0\jna-5.8.0.jar;C:\Users\Nafal Adi SL\.m2\repository\org\brotli\dec\0.1.2\dec-0.1.2.jar;C:\Users\Nafal Adi SL\.m2\repository\org\apache\httpcomponents\client5\httpclient5\5.1.3\httpclient5-5.1.3.jar;C:\Users\Nafal Adi SL\.m2\repository\org\apache\httpcomponents\core5\httpcore5\5.1.3\httpcore5-5.1.3.jar;C:\Users\Nafal Adi SL\.m2\repository\org\apache\httpcomponents\core5\httpcore5-h2\5.1.3\httpcore5-h2-5.1.3.jar;C:\Users\Nafal Adi SL\.m2\repository\com\jhlabs\filters\2.0.235\filters-2.0.235.jar;C:\Users\Nafal Adi SL\.m2\repository\com\paulhammant\ngwebdriver\1.1.6\ngwebdriver-1.1.6.jar;C:\Users\Nafal Adi SL\.m2\repository\joda-time\joda-time\2.8.2\joda-time-2.8.2.jar;C:\Users\Nafal Adi SL\.m2\repository\org\hamcrest\hamcrest\2.2\hamcrest-2.2.jar;C:\Users\Nafal Adi SL\.m2\repository\com\google\jimfs\jimfs\1.2\jimfs-1.2.jar;C:\Users\Nafal Adi SL\.m2\repository\org\mockito\mockito-core\3.3.3\mockito-core-3.3.3.jar;C:\Users\Nafal Adi SL\.m2\repository\javax\xml\bind\jaxb-api\2.3.1\jaxb-api-2.3.1.jar;C:\Users\Nafal Adi SL\.m2\repository\javax\activation\javax.activation-api\1.2.0\javax.activation-api-1.2.0.jar;C:\Users\Nafal Adi SL\.m2\repository\com\sun\xml\bind\jaxb-core\2.3.0.1\jaxb-core-2.3.0.1.jar;C:\Users\Nafal Adi SL\.m2\repository\com\sun\xml\bind\jaxb-impl\2.3.3\jaxb-impl-2.3.3.jar;C:\Users\Nafal Adi SL\.m2\repository\jakarta\xml\bind\jakarta.xml.bind-api\2.3.3\jakarta.xml.bind-api-2.3.3.jar;C:\Users\Nafal Adi SL\.m2\repository\com\sun\activation\jakarta.activation\1.2.2\jakarta.activation-1.2.2.jar;C:\Users\Nafal Adi SL\.m2\repository\javax\activation\activation\1.1.1\activation-1.1.1.jar;C:\Users\Nafal Adi SL\.m2\repository\net\serenity-bdd\serenity-cucumber\3.5.1\serenity-cucumber-3.5.1.jar;C:\Users\Nafal Adi SL\.m2\repository\io\cucumber\cucumber-core\7.8.1\cucumber-core-7.8.1.jar;C:\Users\Nafal Adi SL\.m2\repository\io\cucumber\cucumber-gherkin\7.8.1\cucumber-gherkin-7.8.1.jar;C:\Users\Nafal Adi SL\.m2\repository\io\cucumber\cucumber-gherkin-messages\7.8.1\cucumber-gherkin-messages-7.8.1.jar;C:\Users\Nafal Adi SL\.m2\repository\io\cucumber\gherkin\24.0.0\gherkin-24.0.0.jar;C:\Users\Nafal Adi SL\.m2\repository\io\cucumber\messages\19.1.4\messages-19.1.4.jar;C:\Users\Nafal Adi SL\.m2\repository\io\cucumber\tag-expressions\4.1.0\tag-expressions-4.1.0.jar;C:\Users\Nafal Adi SL\.m2\repository\io\cucumber\cucumber-expressions\16.0.0\cucumber-expressions-16.0.0.jar;C:\Users\Nafal Adi SL\.m2\repository\io\cucumber\datatable\7.8.1\datatable-7.8.1.jar;C:\Users\Nafal Adi SL\.m2\repository\io\cucumber\cucumber-plugin\7.8.1\cucumber-plugin-7.8.1.jar;C:\Users\Nafal Adi SL\.m2\repository\io\cucumber\docstring\7.8.1\docstring-7.8.1.jar;C:\Users\Nafal Adi SL\.m2\repository\io\cucumber\html-formatter\20.1.0\html-formatter-20.1.0.jar;C:\Users\Nafal Adi SL\.m2\repository\io\cucumber\ci-environment\9.1.0\ci-environment-9.1.0.jar;C:\Users\Nafal Adi SL\.m2\repository\io\cucumber\cucumber-java\7.8.1\cucumber-java-7.8.1.jar;C:\Users\Nafal Adi SL\.m2\repository\io\cucumber\cucumber-junit\7.8.1\cucumber-junit-7.8.1.jar;C:\Users\Nafal Adi SL\.m2\repository\org\apache\commons\commons-csv\1.5\commons-csv-1.5.jar;C:\Users\Nafal Adi SL\.m2\repository\net\serenity-bdd\serenity-screenplay\3.5.1\serenity-screenplay-3.5.1.jar;C:\Users\Nafal Adi SL\.m2\repository\net\serenity-bdd\serenity-screenplay-webdriver\3.5.1\serenity-screenplay-webdriver-3.5.1.jar;C:\Users\Nafal Adi SL\.m2\repository\net\serenity-bdd\serenity-ensure\3.5.1\serenity-ensure-3.5.1.jar;C:\Users\Nafal Adi SL\.m2\repository\net\serenity-bdd\serenity-junit\3.5.1\serenity-junit-3.5.1.jar;C:\Users\Nafal Adi SL\.m2\repository\org\jetbrains\kotlin\kotlin-stdlib\1.7.21\kotlin-stdlib-1.7.21.jar;C:\Users\Nafal Adi SL\.m2\repository\org\jetbrains\kotlin\kotlin-stdlib-common\1.7.21\kotlin-stdlib-common-1.7.21.jar;C:\Users\Nafal Adi SL\.m2\repository\org\jetbrains\annotations\13.0\annotations-13.0.jar;C:\Users\Nafal Adi SL\.m2\repository\org\junit\platform\junit-platform-launcher\1.8.2\junit-platform-launcher-1.8.2.jar;C:\Users\Nafal Adi SL\.m2\repository\org\junit\platform\junit-platform-engine\1.8.2\junit-platform-engine-1.8.2.jar;C:\Users\Nafal Adi SL\.m2\repository\org\junit\platform\junit-platform-commons\1.8.2\junit-platform-commons-1.8.2.jar;C:\Users\Nafal Adi SL\.m2\repository\org\apiguardian\apiguardian-api\1.1.2\apiguardian-api-1.1.2.jar;C:\Users\Nafal Adi SL\.m2\repository\org\junit\jupiter\junit-jupiter-engine\5.8.2\junit-jupiter-engine-5.8.2.jar;C:\Users\Nafal Adi SL\.m2\repository\org\junit\jupiter\junit-jupiter-api\5.8.2\junit-jupiter-api-5.8.2.jar;C:\Users\Nafal Adi SL\.m2\repository\org\junit\vintage\junit-vintage-engine\5.8.2\junit-vintage-engine-5.8.2.jar;C:\Users\Nafal Adi SL\.m2\repository\junit\junit\4.13.2\junit-4.13.2.jar;C:\Users\Nafal Adi SL\.m2\repository\org\hamcrest\hamcrest-core\1.3\hamcrest-core-1.3.jar;C:\Users\Nafal Adi SL\.m2\repository\ch\qos\logback\logback-classic\1.2.10\logback-classic-1.2.10.jar;C:\Users\Nafal Adi SL\.m2\repository\ch\qos\logback\logback-core\1.2.10\logback-core-1.2.10.jar;C:\Users\Nafal Adi SL\.m2\repository\org\slf4j\slf4j-api\1.7.32\slf4j-api-1.7.32.jar;C:\Users\Nafal Adi SL\.m2\repository\org\assertj\assertj-core\3.23.1\assertj-core-3.23.1.jar;C:\Users\Nafal Adi SL\.m2\repository\net\bytebuddy\byte-buddy\1.12.10\byte-buddy-1.12.10.jar;C:\Users\Nafal Adi SL\.m2\repository\com\googlecode\json-simple\json-simple\1.1.1\json-simple-1.1.1.jar;C:\Users\Nafal Adi SL\.m2\repository\com\github\javafaker\javafaker\1.0.2\javafaker-1.0.2.jar;C:\Users\Nafal Adi SL\.m2\repository\org\yaml\snakeyaml\1.23\snakeyaml-1.23-android.jar;C:\Users\Nafal Adi SL\.m2\repository\com\github\mifmif\generex\1.0.2\generex-1.0.2.jar;C:\Users\Nafal Adi SL\.m2\repository\dk\brics\automaton\automaton\1.11-8\automaton-1.11-8.jar;"/>
    <property name="java.vm.vendor" value="JetBrains s.r.o"/>
    <property name="sun.arch.data.model" value="64"/>
    <property name="user.variant" value=""/>
    <property name="java.vendor.url" value="https://openjdk.java.net/"/>
    <property name="user.timezone" value="Asia/Bangkok"/>
    <property name="java.vm.specification.version" value="11"/>
    <property name="os.name" value="Windows 10"/>
    <property name="sun.java.launcher" value="SUN_STANDARD"/>
    <property name="user.country" value="ID"/>
    <property name="sun.boot.library.path" value="C:\Program Files\Android\Android Studio\jre\bin"/>
    <property name="sun.java.command" value="C:\Users\Nafal Adi SL\AppData\Local\Temp\surefire14707518403569559353\surefirebooter-20230511171110392_3.jar C:\Users\Nafal Adi SL\AppData\Local\Temp\surefire14707518403569559353 2023-05-11T17-11-10_006-jvmRun1 surefire-20230511171110392_1tmp surefire_0-20230511171110392_2tmp"/>
    <property name="jdk.debug" value="release"/>
    <property name="surefire.test.class.path" value="C:\KULIAH\SEMESTER 6\MSIB\QA\Tugas\Mini Project\API\rest-api\target\test-classes;C:\KULIAH\SEMESTER 6\MSIB\QA\Tugas\Mini Project\API\rest-api\target\REST-1.0-SNAPSHOT.jar;C:\Users\Nafal Adi SL\.m2\repository\net\serenity-bdd\serenity-rest-assured\3.5.1\serenity-rest-assured-3.5.1.jar;C:\Users\Nafal Adi SL\.m2\repository\org\apache\httpcomponents\httpclient\4.5.13\httpclient-4.5.13.jar;C:\Users\Nafal Adi SL\.m2\repository\org\apache\httpcomponents\httpcore\4.4.13\httpcore-4.4.13.jar;C:\Users\Nafal Adi SL\.m2\repository\commons-logging\commons-logging\1.2\commons-logging-1.2.jar;C:\Users\Nafal Adi SL\.m2\repository\io\rest-assured\rest-assured\5.2.0\rest-assured-5.2.0.jar;C:\Users\Nafal Adi SL\.m2\repository\org\apache\httpcomponents\httpmime\4.5.13\httpmime-4.5.13.jar;C:\Users\Nafal Adi SL\.m2\repository\org\ccil\cowan\tagsoup\tagsoup\1.2.1\tagsoup-1.2.1.jar;C:\Users\Nafal Adi SL\.m2\repository\io\rest-assured\json-path\5.2.0\json-path-5.2.0.jar;C:\Users\Nafal Adi SL\.m2\repository\io\rest-assured\rest-assured-common\5.2.0\rest-assured-common-5.2.0.jar;C:\Users\Nafal Adi SL\.m2\repository\io\rest-assured\xml-path\5.2.0\xml-path-5.2.0.jar;C:\Users\Nafal Adi SL\.m2\repository\org\apache\groovy\groovy-json\4.0.6\groovy-json-4.0.6.jar;C:\Users\Nafal Adi SL\.m2\repository\org\apache\groovy\groovy-xml\4.0.6\groovy-xml-4.0.6.jar;C:\Users\Nafal Adi SL\.m2\repository\org\apache\groovy\groovy\4.0.6\groovy-4.0.6.jar;C:\Users\Nafal Adi SL\.m2\repository\org\opentest4j\opentest4j\1.2.0\opentest4j-1.2.0.jar;C:\Users\Nafal Adi SL\.m2\repository\net\serenity-bdd\serenity-core\3.5.1\serenity-core-3.5.1.jar;C:\Users\Nafal Adi SL\.m2\repository\net\serenity-bdd\serenity-model\3.5.1\serenity-model-3.5.1.jar;C:\Users\Nafal Adi SL\.m2\repository\org\apache\commons\commons-text\1.10.0\commons-text-1.10.0.jar;C:\Users\Nafal Adi SL\.m2\repository\commons-net\commons-net\3.8.0\commons-net-3.8.0.jar;C:\Users\Nafal Adi SL\.m2\repository\com\google\guava\guava\31.1-jre\guava-31.1-jre.jar;C:\Users\Nafal Adi SL\.m2\repository\com\google\guava\failureaccess\1.0.1\failureaccess-1.0.1.jar;C:\Users\Nafal Adi SL\.m2\repository\com\google\guava\listenablefuture\9999.0-empty-to-avoid-conflict-with-guava\listenablefuture-9999.0-empty-to-avoid-conflict-with-guava.jar;C:\Users\Nafal Adi SL\.m2\repository\com\google\code\findbugs\jsr305\3.0.2\jsr305-3.0.2.jar;C:\Users\Nafal Adi SL\.m2\repository\org\checkerframework\checker-qual\3.12.0\checker-qual-3.12.0.jar;C:\Users\Nafal Adi SL\.m2\repository\com\google\errorprone\error_prone_annotations\2.11.0\error_prone_annotations-2.11.0.jar;C:\Users\Nafal Adi SL\.m2\repository\com\google\j2objc\j2objc-annotations\1.3\j2objc-annotations-1.3.jar;C:\Users\Nafal Adi SL\.m2\repository\com\google\inject\guice\5.1.0\guice-5.1.0.jar;C:\Users\Nafal Adi SL\.m2\repository\javax\inject\javax.inject\1\javax.inject-1.jar;C:\Users\Nafal Adi SL\.m2\repository\aopalliance\aopalliance\1.0\aopalliance-1.0.jar;C:\Users\Nafal Adi SL\.m2\repository\org\jsoup\jsoup\1.14.3\jsoup-1.14.3.jar;C:\Users\Nafal Adi SL\.m2\repository\com\thoughtworks\xstream\xstream\1.4.19\xstream-1.4.19.jar;C:\Users\Nafal Adi SL\.m2\repository\io\github\x-stream\mxparser\1.2.2\mxparser-1.2.2.jar;C:\Users\Nafal Adi SL\.m2\repository\xmlpull\xmlpull\1.1.3.1\xmlpull-1.1.3.1.jar;C:\Users\Nafal Adi SL\.m2\repository\com\typesafe\config\1.4.2\config-1.4.2.jar;C:\Users\Nafal Adi SL\.m2\repository\org\imgscalr\imgscalr-lib\4.2\imgscalr-lib-4.2.jar;C:\Users\Nafal Adi SL\.m2\repository\org\awaitility\awaitility\4.2.0\awaitility-4.2.0.jar;C:\Users\Nafal Adi SL\.m2\repository\org\freemarker\freemarker\2.3.31\freemarker-2.3.31.jar;C:\Users\Nafal Adi SL\.m2\repository\io\github\classgraph\classgraph\4.8.138\classgraph-4.8.138.jar;C:\Users\Nafal Adi SL\.m2\repository\net\sourceforge\jexcelapi\jxl\2.6.12\jxl-2.6.12.jar;C:\Users\Nafal Adi SL\.m2\repository\net\bytebuddy\byte-buddy-agent\1.12.18\byte-buddy-agent-1.12.18.jar;C:\Users\Nafal Adi SL\.m2\repository\org\objenesis\objenesis\3.1\objenesis-3.1.jar;C:\Users\Nafal Adi SL\.m2\repository\net\serenity-bdd\serenity-reports\3.5.1\serenity-reports-3.5.1.jar;C:\Users\Nafal Adi SL\.m2\repository\net\serenity-bdd\serenity-stats\3.5.1\serenity-stats-3.5.1.jar;C:\Users\Nafal Adi SL\.m2\repository\net\serenity-bdd\serenity-reports-configuration\3.5.1\serenity-reports-configuration-3.5.1.jar;C:\Users\Nafal Adi SL\.m2\repository\com\vladsch\flexmark\flexmark-all\0.34.30\flexmark-all-0.34.30.jar;C:\Users\Nafal Adi SL\.m2\repository\com\vladsch\flexmark\flexmark\0.34.30\flexmark-0.34.30.jar;C:\Users\Nafal Adi SL\.m2\repository\com\vladsch\flexmark\flexmark-ext-abbreviation\0.34.30\flexmark-ext-abbreviation-0.34.30.jar;C:\Users\Nafal Adi SL\.m2\repository\com\vladsch\flexmark\flexmark-ext-admonition\0.34.30\flexmark-ext-admonition-0.34.30.jar;C:\Users\Nafal Adi SL\.m2\repository\com\vladsch\flexmark\flexmark-ext-anchorlink\0.34.30\flexmark-ext-anchorlink-0.34.30.jar;C:\Users\Nafal Adi SL\.m2\repository\com\vladsch\flexmark\flexmark-ext-aside\0.34.30\flexmark-ext-aside-0.34.30.jar;C:\Users\Nafal Adi SL\.m2\repository\com\vladsch\flexmark\flexmark-ext-attributes\0.34.30\flexmark-ext-attributes-0.34.30.jar;C:\Users\Nafal Adi SL\.m2\repository\com\vladsch\flexmark\flexmark-ext-autolink\0.34.30\flexmark-ext-autolink-0.34.30.jar;C:\Users\Nafal Adi SL\.m2\repository\org\nibor\autolink\autolink\0.6.0\autolink-0.6.0.jar;C:\Users\Nafal Adi SL\.m2\repository\com\vladsch\flexmark\flexmark-ext-definition\0.34.30\flexmark-ext-definition-0.34.30.jar;C:\Users\Nafal Adi SL\.m2\repository\com\vladsch\flexmark\flexmark-ext-emoji\0.34.30\flexmark-ext-emoji-0.34.30.jar;C:\Users\Nafal Adi SL\.m2\repository\com\vladsch\flexmark\flexmark-ext-enumerated-reference\0.34.30\flexmark-ext-enumerated-reference-0.34.30.jar;C:\Users\Nafal Adi SL\.m2\repository\com\vladsch\flexmark\flexmark-ext-escaped-character\0.34.30\flexmark-ext-escaped-character-0.34.30.jar;C:\Users\Nafal Adi SL\.m2\repository\com\vladsch\flexmark\flexmark-ext-footnotes\0.34.30\flexmark-ext-footnotes-0.34.30.jar;C:\Users\Nafal Adi SL\.m2\repository\com\vladsch\flexmark\flexmark-ext-gfm-issues\0.34.30\flexmark-ext-gfm-issues-0.34.30.jar;C:\Users\Nafal Adi SL\.m2\repository\com\vladsch\flexmark\flexmark-ext-gfm-strikethrough\0.34.30\flexmark-ext-gfm-strikethrough-0.34.30.jar;C:\Users\Nafal Adi SL\.m2\repository\com\vladsch\flexmark\flexmark-ext-gfm-tables\0.34.30\flexmark-ext-gfm-tables-0.34.30.jar;C:\Users\Nafal Adi SL\.m2\repository\com\vladsch\flexmark\flexmark-ext-gfm-tasklist\0.34.30\flexmark-ext-gfm-tasklist-0.34.30.jar;C:\Users\Nafal Adi SL\.m2\repository\com\vladsch\flexmark\flexmark-ext-gfm-users\0.34.30\flexmark-ext-gfm-users-0.34.30.jar;C:\Users\Nafal Adi SL\.m2\repository\com\vladsch\flexmark\flexmark-ext-gitlab\0.34.30\flexmark-ext-gitlab-0.34.30.jar;C:\Users\Nafal Adi SL\.m2\repository\com\vladsch\flexmark\flexmark-ext-jekyll-front-matter\0.34.30\flexmark-ext-jekyll-front-matter-0.34.30.jar;C:\Users\Nafal Adi SL\.m2\repository\com\vladsch\flexmark\flexmark-ext-jekyll-tag\0.34.30\flexmark-ext-jekyll-tag-0.34.30.jar;C:\Users\Nafal Adi SL\.m2\repository\com\vladsch\flexmark\flexmark-ext-media-tags\0.34.30\flexmark-ext-media-tags-0.34.30.jar;C:\Users\Nafal Adi SL\.m2\repository\com\vladsch\flexmark\flexmark-test-util\0.34.30\flexmark-test-util-0.34.30.jar;C:\Users\Nafal Adi SL\.m2\repository\com\vladsch\flexmark\flexmark-ext-ins\0.34.30\flexmark-ext-ins-0.34.30.jar;C:\Users\Nafal Adi SL\.m2\repository\com\vladsch\flexmark\flexmark-ext-xwiki-macros\0.34.30\flexmark-ext-xwiki-macros-0.34.30.jar;C:\Users\Nafal Adi SL\.m2\repository\com\vladsch\flexmark\flexmark-ext-superscript\0.34.30\flexmark-ext-superscript-0.34.30.jar;C:\Users\Nafal Adi SL\.m2\repository\com\vladsch\flexmark\flexmark-ext-tables\0.34.30\flexmark-ext-tables-0.34.30.jar;C:\Users\Nafal Adi SL\.m2\repository\com\vladsch\flexmark\flexmark-ext-toc\0.34.30\flexmark-ext-toc-0.34.30.jar;C:\Users\Nafal Adi SL\.m2\repository\com\vladsch\flexmark\flexmark-ext-typographic\0.34.30\flexmark-ext-typographic-0.34.30.jar;C:\Users\Nafal Adi SL\.m2\repository\com\vladsch\flexmark\flexmark-ext-wikilink\0.34.30\flexmark-ext-wikilink-0.34.30.jar;C:\Users\Nafal Adi SL\.m2\repository\com\vladsch\flexmark\flexmark-ext-yaml-front-matter\0.34.30\flexmark-ext-yaml-front-matter-0.34.30.jar;C:\Users\Nafal Adi SL\.m2\repository\com\vladsch\flexmark\flexmark-ext-youtube-embedded\0.34.30\flexmark-ext-youtube-embedded-0.34.30.jar;C:\Users\Nafal Adi SL\.m2\repository\com\vladsch\flexmark\flexmark-formatter\0.34.30\flexmark-formatter-0.34.30.jar;C:\Users\Nafal Adi SL\.m2\repository\com\vladsch\flexmark\flexmark-html-parser\0.34.30\flexmark-html-parser-0.34.30.jar;C:\Users\Nafal Adi SL\.m2\repository\com\vladsch\flexmark\flexmark-jira-converter\0.34.30\flexmark-jira-converter-0.34.30.jar;C:\Users\Nafal Adi SL\.m2\repository\com\vladsch\flexmark\flexmark-pdf-converter\0.34.30\flexmark-pdf-converter-0.34.30.jar;C:\Users\Nafal Adi SL\.m2\repository\com\openhtmltopdf\openhtmltopdf-core\0.0.1-RC13\openhtmltopdf-core-0.0.1-RC13.jar;C:\Users\Nafal Adi SL\.m2\repository\com\openhtmltopdf\openhtmltopdf-pdfbox\0.0.1-RC13\openhtmltopdf-pdfbox-0.0.1-RC13.jar;C:\Users\Nafal Adi SL\.m2\repository\org\apache\pdfbox\pdfbox\2.0.8\pdfbox-2.0.8.jar;C:\Users\Nafal Adi SL\.m2\repository\org\apache\pdfbox\fontbox\2.0.8\fontbox-2.0.8.jar;C:\Users\Nafal Adi SL\.m2\repository\org\apache\pdfbox\xmpbox\2.0.8\xmpbox-2.0.8.jar;C:\Users\Nafal Adi SL\.m2\repository\de\rototor\pdfbox\graphics2d\0.12\graphics2d-0.12.jar;C:\Users\Nafal Adi SL\.m2\repository\com\openhtmltopdf\openhtmltopdf-rtl-support\0.0.1-RC13\openhtmltopdf-rtl-support-0.0.1-RC13.jar;C:\Users\Nafal Adi SL\.m2\repository\com\ibm\icu\icu4j\59.1\icu4j-59.1.jar;C:\Users\Nafal Adi SL\.m2\repository\com\openhtmltopdf\openhtmltopdf-jsoup-dom-converter\0.0.1-RC13\openhtmltopdf-jsoup-dom-converter-0.0.1-RC13.jar;C:\Users\Nafal Adi SL\.m2\repository\com\vladsch\flexmark\flexmark-profile-pegdown\0.34.30\flexmark-profile-pegdown-0.34.30.jar;C:\Users\Nafal Adi SL\.m2\repository\com\vladsch\flexmark\flexmark-util\0.34.30\flexmark-util-0.34.30.jar;C:\Users\Nafal Adi SL\.m2\repository\com\vladsch\flexmark\flexmark-youtrack-converter\0.34.30\flexmark-youtrack-converter-0.34.30.jar;C:\Users\Nafal Adi SL\.m2\repository\es\nitaur\markdown\txtmark\0.16\txtmark-0.16.jar;C:\Users\Nafal Adi SL\.m2\repository\net\serenity-bdd\serenity-report-resources\3.5.1\serenity-report-resources-3.5.1.jar;C:\Users\Nafal Adi SL\.m2\repository\com\google\code\gson\gson\2.9.0\gson-2.9.0.jar;C:\Users\Nafal Adi SL\.m2\repository\com\fasterxml\jackson\core\jackson-core\2.13.4\jackson-core-2.13.4.jar;C:\Users\Nafal Adi SL\.m2\repository\com\fasterxml\jackson\core\jackson-databind\2.13.4\jackson-databind-2.13.4.jar;C:\Users\Nafal Adi SL\.m2\repository\com\fasterxml\jackson\core\jackson-annotations\2.13.4\jackson-annotations-2.13.4.jar;C:\Users\Nafal Adi SL\.m2\repository\commons-codec\commons-codec\1.15\commons-codec-1.15.jar;C:\Users\Nafal Adi SL\.m2\repository\commons-io\commons-io\2.11.0\commons-io-2.11.0.jar;C:\Users\Nafal Adi SL\.m2\repository\org\seleniumhq\selenium\selenium-java\4.7.1\selenium-java-4.7.1.jar;C:\Users\Nafal Adi SL\.m2\repository\org\seleniumhq\selenium\selenium-devtools-v106\4.7.1\selenium-devtools-v106-4.7.1.jar;C:\Users\Nafal Adi SL\.m2\repository\org\seleniumhq\selenium\selenium-devtools-v107\4.7.1\selenium-devtools-v107-4.7.1.jar;C:\Users\Nafal Adi SL\.m2\repository\org\seleniumhq\selenium\selenium-devtools-v108\4.7.1\selenium-devtools-v108-4.7.1.jar;C:\Users\Nafal Adi SL\.m2\repository\org\seleniumhq\selenium\selenium-devtools-v85\4.7.1\selenium-devtools-v85-4.7.1.jar;C:\Users\Nafal Adi SL\.m2\repository\org\seleniumhq\selenium\selenium-remote-driver\4.7.1\selenium-remote-driver-4.7.1.jar;C:\Users\Nafal Adi SL\.m2\repository\com\beust\jcommander\1.82\jcommander-1.82.jar;C:\Users\Nafal Adi SL\.m2\repository\io\netty\netty-buffer\4.1.84.Final\netty-buffer-4.1.84.Final.jar;C:\Users\Nafal Adi SL\.m2\repository\io\netty\netty-codec-http\4.1.84.Final\netty-codec-http-4.1.84.Final.jar;C:\Users\Nafal Adi SL\.m2\repository\io\netty\netty-codec\4.1.84.Final\netty-codec-4.1.84.Final.jar;C:\Users\Nafal Adi SL\.m2\repository\io\netty\netty-handler\4.1.84.Final\netty-handler-4.1.84.Final.jar;C:\Users\Nafal Adi SL\.m2\repository\io\netty\netty-common\4.1.84.Final\netty-common-4.1.84.Final.jar;C:\Users\Nafal Adi SL\.m2\repository\io\netty\netty-transport-classes-epoll\4.1.84.Final\netty-transport-classes-epoll-4.1.84.Final.jar;C:\Users\Nafal Adi SL\.m2\repository\io\netty\netty-transport-classes-kqueue\4.1.84.Final\netty-transport-classes-kqueue-4.1.84.Final.jar;C:\Users\Nafal Adi SL\.m2\repository\io\netty\netty-transport-native-epoll\4.1.84.Final\netty-transport-native-epoll-4.1.84.Final.jar;C:\Users\Nafal Adi SL\.m2\repository\io\netty\netty-transport-native-kqueue\4.1.84.Final\netty-transport-native-kqueue-4.1.84.Final.jar;C:\Users\Nafal Adi SL\.m2\repository\io\netty\netty-transport-native-unix-common\4.1.84.Final\netty-transport-native-unix-common-4.1.84.Final.jar;C:\Users\Nafal Adi SL\.m2\repository\io\netty\netty-transport\4.1.84.Final\netty-transport-4.1.84.Final.jar;C:\Users\Nafal Adi SL\.m2\repository\io\netty\netty-resolver\4.1.84.Final\netty-resolver-4.1.84.Final.jar;C:\Users\Nafal Adi SL\.m2\repository\io\opentelemetry\opentelemetry-api\1.19.0\opentelemetry-api-1.19.0.jar;C:\Users\Nafal Adi SL\.m2\repository\io\opentelemetry\opentelemetry-context\1.19.0\opentelemetry-context-1.19.0.jar;C:\Users\Nafal Adi SL\.m2\repository\io\opentelemetry\opentelemetry-exporter-logging\1.19.0\opentelemetry-exporter-logging-1.19.0.jar;C:\Users\Nafal Adi SL\.m2\repository\io\opentelemetry\opentelemetry-sdk-metrics\1.19.0\opentelemetry-sdk-metrics-1.19.0.jar;C:\Users\Nafal Adi SL\.m2\repository\io\opentelemetry\opentelemetry-sdk-logs\1.19.0-alpha\opentelemetry-sdk-logs-1.19.0-alpha.jar;C:\Users\Nafal Adi SL\.m2\repository\io\opentelemetry\opentelemetry-api-logs\1.19.0-alpha\opentelemetry-api-logs-1.19.0-alpha.jar;C:\Users\Nafal Adi SL\.m2\repository\io\opentelemetry\opentelemetry-sdk-common\1.19.0\opentelemetry-sdk-common-1.19.0.jar;C:\Users\Nafal Adi SL\.m2\repository\io\opentelemetry\opentelemetry-sdk-extension-autoconfigure-spi\1.19.0\opentelemetry-sdk-extension-autoconfigure-spi-1.19.0.jar;C:\Users\Nafal Adi SL\.m2\repository\io\opentelemetry\opentelemetry-sdk-extension-autoconfigure\1.19.0-alpha\opentelemetry-sdk-extension-autoconfigure-1.19.0-alpha.jar;C:\Users\Nafal Adi SL\.m2\repository\io\opentelemetry\opentelemetry-exporter-common\1.19.0\opentelemetry-exporter-common-1.19.0.jar;C:\Users\Nafal Adi SL\.m2\repository\io\opentelemetry\opentelemetry-sdk-trace\1.19.0\opentelemetry-sdk-trace-1.19.0.jar;C:\Users\Nafal Adi SL\.m2\repository\io\opentelemetry\opentelemetry-sdk\1.19.0\opentelemetry-sdk-1.19.0.jar;C:\Users\Nafal Adi SL\.m2\repository\io\opentelemetry\opentelemetry-semconv\1.19.0-alpha\opentelemetry-semconv-1.19.0-alpha.jar;C:\Users\Nafal Adi SL\.m2\repository\io\ous\jtoml\2.0.0\jtoml-2.0.0.jar;C:\Users\Nafal Adi SL\.m2\repository\org\apache\commons\commons-exec\1.3\commons-exec-1.3.jar;C:\Users\Nafal Adi SL\.m2\repository\org\asynchttpclient\async-http-client\2.12.3\async-http-client-2.12.3.jar;C:\Users\Nafal Adi SL\.m2\repository\org\asynchttpclient\async-http-client-netty-utils\2.12.3\async-http-client-netty-utils-2.12.3.jar;C:\Users\Nafal Adi SL\.m2\repository\io\netty\netty-codec-socks\4.1.60.Final\netty-codec-socks-4.1.60.Final.jar;C:\Users\Nafal Adi SL\.m2\repository\io\netty\netty-handler-proxy\4.1.60.Final\netty-handler-proxy-4.1.60.Final.jar;C:\Users\Nafal Adi SL\.m2\repository\io\netty\netty-transport-native-epoll\4.1.60.Final\netty-transport-native-epoll-4.1.60.Final-linux-x86_64.jar;C:\Users\Nafal Adi SL\.m2\repository\io\netty\netty-transport-native-kqueue\4.1.60.Final\netty-transport-native-kqueue-4.1.60.Final-osx-x86_64.jar;C:\Users\Nafal Adi SL\.m2\repository\org\reactivestreams\reactive-streams\1.0.3\reactive-streams-1.0.3.jar;C:\Users\Nafal Adi SL\.m2\repository\com\typesafe\netty\netty-reactive-streams\2.0.4\netty-reactive-streams-2.0.4.jar;C:\Users\Nafal Adi SL\.m2\repository\org\seleniumhq\selenium\selenium-manager\4.7.1\selenium-manager-4.7.1.jar;C:\Users\Nafal Adi SL\.m2\repository\org\seleniumhq\selenium\selenium-safari-driver\4.7.1\selenium-safari-driver-4.7.1.jar;C:\Users\Nafal Adi SL\.m2\repository\org\seleniumhq\selenium\selenium-api\4.7.1\selenium-api-4.7.1.jar;C:\Users\Nafal Adi SL\.m2\repository\org\seleniumhq\selenium\selenium-support\4.7.1\selenium-support-4.7.1.jar;C:\Users\Nafal Adi SL\.m2\repository\com\google\auto\service\auto-service-annotations\1.0.1\auto-service-annotations-1.0.1.jar;C:\Users\Nafal Adi SL\.m2\repository\com\google\auto\service\auto-service\1.0.1\auto-service-1.0.1.jar;C:\Users\Nafal Adi SL\.m2\repository\com\google\auto\auto-common\1.2\auto-common-1.2.jar;C:\Users\Nafal Adi SL\.m2\repository\org\seleniumhq\selenium\selenium-json\4.7.1\selenium-json-4.7.1.jar;C:\Users\Nafal Adi SL\.m2\repository\org\seleniumhq\selenium\selenium-chrome-driver\4.7.1\selenium-chrome-driver-4.7.1.jar;C:\Users\Nafal Adi SL\.m2\repository\org\seleniumhq\selenium\selenium-chromium-driver\4.7.1\selenium-chromium-driver-4.7.1.jar;C:\Users\Nafal Adi SL\.m2\repository\org\seleniumhq\selenium\selenium-firefox-driver\4.7.1\selenium-firefox-driver-4.7.1.jar;C:\Users\Nafal Adi SL\.m2\repository\org\seleniumhq\selenium\selenium-http\4.7.1\selenium-http-4.7.1.jar;C:\Users\Nafal Adi SL\.m2\repository\dev\failsafe\failsafe\3.3.0\failsafe-3.3.0.jar;C:\Users\Nafal Adi SL\.m2\repository\org\seleniumhq\selenium\selenium-edge-driver\4.7.1\selenium-edge-driver-4.7.1.jar;C:\Users\Nafal Adi SL\.m2\repository\org\seleniumhq\selenium\selenium-ie-driver\4.7.1\selenium-ie-driver-4.7.1.jar;C:\Users\Nafal Adi SL\.m2\repository\org\projectlombok\lombok\1.18.20\lombok-1.18.20.jar;C:\Users\Nafal Adi SL\.m2\repository\io\appium\java-client\8.3.0\java-client-8.3.0.jar;C:\Users\Nafal Adi SL\.m2\repository\commons-validator\commons-validator\1.7\commons-validator-1.7.jar;C:\Users\Nafal Adi SL\.m2\repository\commons-digester\commons-digester\2.1\commons-digester-2.1.jar;C:\Users\Nafal Adi SL\.m2\repository\net\sf\opencsv\opencsv\2.0\opencsv-2.0.jar;C:\Users\Nafal Adi SL\.m2\repository\commons-beanutils\commons-beanutils\1.9.4\commons-beanutils-1.9.4.jar;C:\Users\Nafal Adi SL\.m2\repository\org\apache\commons\commons-lang3\3.12.0\commons-lang3-3.12.0.jar;C:\Users\Nafal Adi SL\.m2\repository\commons-collections\commons-collections\3.2.2\commons-collections-3.2.2.jar;C:\Users\Nafal Adi SL\.m2\repository\org\fluentlenium\fluentlenium-core\0.10.2\fluentlenium-core-0.10.2.jar;C:\Users\Nafal Adi SL\.m2\repository\io\github\bonigarcia\webdrivermanager\5.3.0\webdrivermanager-5.3.0.jar;C:\Users\Nafal Adi SL\.m2\repository\com\github\docker-java\docker-java\3.2.13\docker-java-3.2.13.jar;C:\Users\Nafal Adi SL\.m2\repository\com\github\docker-java\docker-java-core\3.2.13\docker-java-core-3.2.13.jar;C:\Users\Nafal Adi SL\.m2\repository\com\github\docker-java\docker-java-api\3.2.13\docker-java-api-3.2.13.jar;C:\Users\Nafal Adi SL\.m2\repository\org\apache\commons\commons-compress\1.21\commons-compress-1.21.jar;C:\Users\Nafal Adi SL\.m2\repository\org\bouncycastle\bcpkix-jdk15on\1.64\bcpkix-jdk15on-1.64.jar;C:\Users\Nafal Adi SL\.m2\repository\org\bouncycastle\bcprov-jdk15on\1.64\bcprov-jdk15on-1.64.jar;C:\Users\Nafal Adi SL\.m2\repository\org\slf4j\jcl-over-slf4j\1.7.30\jcl-over-slf4j-1.7.30.jar;C:\Users\Nafal Adi SL\.m2\repository\com\github\docker-java\docker-java-transport-httpclient5\3.2.13\docker-java-transport-httpclient5-3.2.13.jar;C:\Users\Nafal Adi SL\.m2\repository\com\github\docker-java\docker-java-transport\3.2.13\docker-java-transport-3.2.13.jar;C:\Users\Nafal Adi SL\.m2\repository\net\java\dev\jna\jna\5.8.0\jna-5.8.0.jar;C:\Users\Nafal Adi SL\.m2\repository\org\brotli\dec\0.1.2\dec-0.1.2.jar;C:\Users\Nafal Adi SL\.m2\repository\org\apache\httpcomponents\client5\httpclient5\5.1.3\httpclient5-5.1.3.jar;C:\Users\Nafal Adi SL\.m2\repository\org\apache\httpcomponents\core5\httpcore5\5.1.3\httpcore5-5.1.3.jar;C:\Users\Nafal Adi SL\.m2\repository\org\apache\httpcomponents\core5\httpcore5-h2\5.1.3\httpcore5-h2-5.1.3.jar;C:\Users\Nafal Adi SL\.m2\repository\com\jhlabs\filters\2.0.235\filters-2.0.235.jar;C:\Users\Nafal Adi SL\.m2\repository\com\paulhammant\ngwebdriver\1.1.6\ngwebdriver-1.1.6.jar;C:\Users\Nafal Adi SL\.m2\repository\joda-time\joda-time\2.8.2\joda-time-2.8.2.jar;C:\Users\Nafal Adi SL\.m2\repository\org\hamcrest\hamcrest\2.2\hamcrest-2.2.jar;C:\Users\Nafal Adi SL\.m2\repository\com\google\jimfs\jimfs\1.2\jimfs-1.2.jar;C:\Users\Nafal Adi SL\.m2\repository\org\mockito\mockito-core\3.3.3\mockito-core-3.3.3.jar;C:\Users\Nafal Adi SL\.m2\repository\javax\xml\bind\jaxb-api\2.3.1\jaxb-api-2.3.1.jar;C:\Users\Nafal Adi SL\.m2\repository\javax\activation\javax.activation-api\1.2.0\javax.activation-api-1.2.0.jar;C:\Users\Nafal Adi SL\.m2\repository\com\sun\xml\bind\jaxb-core\2.3.0.1\jaxb-core-2.3.0.1.jar;C:\Users\Nafal Adi SL\.m2\repository\com\sun\xml\bind\jaxb-impl\2.3.3\jaxb-impl-2.3.3.jar;C:\Users\Nafal Adi SL\.m2\repository\jakarta\xml\bind\jakarta.xml.bind-api\2.3.3\jakarta.xml.bind-api-2.3.3.jar;C:\Users\Nafal Adi SL\.m2\repository\com\sun\activation\jakarta.activation\1.2.2\jakarta.activation-1.2.2.jar;C:\Users\Nafal Adi SL\.m2\repository\javax\activation\activation\1.1.1\activation-1.1.1.jar;C:\Users\Nafal Adi SL\.m2\repository\net\serenity-bdd\serenity-cucumber\3.5.1\serenity-cucumber-3.5.1.jar;C:\Users\Nafal Adi SL\.m2\repository\io\cucumber\cucumber-core\7.8.1\cucumber-core-7.8.1.jar;C:\Users\Nafal Adi SL\.m2\repository\io\cucumber\cucumber-gherkin\7.8.1\cucumber-gherkin-7.8.1.jar;C:\Users\Nafal Adi SL\.m2\repository\io\cucumber\cucumber-gherkin-messages\7.8.1\cucumber-gherkin-messages-7.8.1.jar;C:\Users\Nafal Adi SL\.m2\repository\io\cucumber\gherkin\24.0.0\gherkin-24.0.0.jar;C:\Users\Nafal Adi SL\.m2\repository\io\cucumber\messages\19.1.4\messages-19.1.4.jar;C:\Users\Nafal Adi SL\.m2\repository\io\cucumber\tag-expressions\4.1.0\tag-expressions-4.1.0.jar;C:\Users\Nafal Adi SL\.m2\repository\io\cucumber\cucumber-expressions\16.0.0\cucumber-expressions-16.0.0.jar;C:\Users\Nafal Adi SL\.m2\repository\io\cucumber\datatable\7.8.1\datatable-7.8.1.jar;C:\Users\Nafal Adi SL\.m2\repository\io\cucumber\cucumber-plugin\7.8.1\cucumber-plugin-7.8.1.jar;C:\Users\Nafal Adi SL\.m2\repository\io\cucumber\docstring\7.8.1\docstring-7.8.1.jar;C:\Users\Nafal Adi SL\.m2\repository\io\cucumber\html-formatter\20.1.0\html-formatter-20.1.0.jar;C:\Users\Nafal Adi SL\.m2\repository\io\cucumber\ci-environment\9.1.0\ci-environment-9.1.0.jar;C:\Users\Nafal Adi SL\.m2\repository\io\cucumber\cucumber-java\7.8.1\cucumber-java-7.8.1.jar;C:\Users\Nafal Adi SL\.m2\repository\io\cucumber\cucumber-junit\7.8.1\cucumber-junit-7.8.1.jar;C:\Users\Nafal Adi SL\.m2\repository\org\apache\commons\commons-csv\1.5\commons-csv-1.5.jar;C:\Users\Nafal Adi SL\.m2\repository\net\serenity-bdd\serenity-screenplay\3.5.1\serenity-screenplay-3.5.1.jar;C:\Users\Nafal Adi SL\.m2\repository\net\serenity-bdd\serenity-screenplay-webdriver\3.5.1\serenity-screenplay-webdriver-3.5.1.jar;C:\Users\Nafal Adi SL\.m2\repository\net\serenity-bdd\serenity-ensure\3.5.1\serenity-ensure-3.5.1.jar;C:\Users\Nafal Adi SL\.m2\repository\net\serenity-bdd\serenity-junit\3.5.1\serenity-junit-3.5.1.jar;C:\Users\Nafal Adi SL\.m2\repository\org\jetbrains\kotlin\kotlin-stdlib\1.7.21\kotlin-stdlib-1.7.21.jar;C:\Users\Nafal Adi SL\.m2\repository\org\jetbrains\kotlin\kotlin-stdlib-common\1.7.21\kotlin-stdlib-common-1.7.21.jar;C:\Users\Nafal Adi SL\.m2\repository\org\jetbrains\annotations\13.0\annotations-13.0.jar;C:\Users\Nafal Adi SL\.m2\repository\org\junit\platform\junit-platform-launcher\1.8.2\junit-platform-launcher-1.8.2.jar;C:\Users\Nafal Adi SL\.m2\repository\org\junit\platform\junit-platform-engine\1.8.2\junit-platform-engine-1.8.2.jar;C:\Users\Nafal Adi SL\.m2\repository\org\junit\platform\junit-platform-commons\1.8.2\junit-platform-commons-1.8.2.jar;C:\Users\Nafal Adi SL\.m2\repository\org\apiguardian\apiguardian-api\1.1.2\apiguardian-api-1.1.2.jar;C:\Users\Nafal Adi SL\.m2\repository\org\junit\jupiter\junit-jupiter-engine\5.8.2\junit-jupiter-engine-5.8.2.jar;C:\Users\Nafal Adi SL\.m2\repository\org\junit\jupiter\junit-jupiter-api\5.8.2\junit-jupiter-api-5.8.2.jar;C:\Users\Nafal Adi SL\.m2\repository\org\junit\vintage\junit-vintage-engine\5.8.2\junit-vintage-engine-5.8.2.jar;C:\Users\Nafal Adi SL\.m2\repository\junit\junit\4.13.2\junit-4.13.2.jar;C:\Users\Nafal Adi SL\.m2\repository\org\hamcrest\hamcrest-core\1.3\hamcrest-core-1.3.jar;C:\Users\Nafal Adi SL\.m2\repository\ch\qos\logback\logback-classic\1.2.10\logback-classic-1.2.10.jar;C:\Users\Nafal Adi SL\.m2\repository\ch\qos\logback\logback-core\1.2.10\logback-core-1.2.10.jar;C:\Users\Nafal Adi SL\.m2\repository\org\slf4j\slf4j-api\1.7.32\slf4j-api-1.7.32.jar;C:\Users\Nafal Adi SL\.m2\repository\org\assertj\assertj-core\3.23.1\assertj-core-3.23.1.jar;C:\Users\Nafal Adi SL\.m2\repository\net\bytebuddy\byte-buddy\1.12.10\byte-buddy-1.12.10.jar;C:\Users\Nafal Adi SL\.m2\repository\com\googlecode\json-simple\json-simple\1.1.1\json-simple-1.1.1.jar;C:\Users\Nafal Adi SL\.m2\repository\com\github\javafaker\javafaker\1.0.2\javafaker-1.0.2.jar;C:\Users\Nafal Adi SL\.m2\repository\org\yaml\snakeyaml\1.23\snakeyaml-1.23-android.jar;C:\Users\Nafal Adi SL\.m2\repository\com\github\mifmif\generex\1.0.2\generex-1.0.2.jar;C:\Users\Nafal Adi SL\.m2\repository\dk\brics\automaton\automaton\1.11-8\automaton-1.11-8.jar;"/>
    <property name="sun.cpu.endian" value="little"/>
    <property name="user.home" value="C:\Users\Nafal Adi SL"/>
    <property name="user.language" value="en"/>
    <property name="java.specification.vendor" value="Oracle Corporation"/>
    <property name="java.version.date" value="2021-07-20"/>
    <property name="java.home" value="C:\Program Files\Android\Android Studio\jre"/>
    <property name="file.separator" value="\"/>
    <property name="basedir" value="C:\KULIAH\SEMESTER 6\MSIB\QA\Tugas\Mini Project\API\rest-api"/>
    <property name="java.vm.compressedOopsMode" value="Zero based"/>
    <property name="line.separator" value="&#10;"/>
    <property name="java.specification.name" value="Java Platform API Specification"/>
    <property name="java.vm.specification.vendor" value="Oracle Corporation"/>
    <property name="java.awt.graphicsenv" value="sun.awt.Win32GraphicsEnvironment"/>
    <property name="surefire.real.class.path" value="C:\Users\Nafal Adi SL\AppData\Local\Temp\surefire14707518403569559353\surefirebooter-20230511171110392_3.jar"/>
    <property name="user.script" value=""/>
    <property name="sun.management.compiler" value="HotSpot 64-Bit Tiered Compilers"/>
    <property name="java.runtime.version" value="11.0.12+7-b1504.28-7817840"/>
    <property name="user.name" value="Nafal Adi SL"/>
    <property name="path.separator" value=";"/>
    <property name="os.version" value="10.0"/>
    <property name="java.runtime.name" value="OpenJDK Runtime Environment"/>
    <property name="file.encoding" value="Cp1252"/>
    <property name="java.vm.name" value="OpenJDK 64-Bit Server VM"/>
    <property name="localRepository" value="C:\Users\Nafal Adi SL\.m2\repository"/>
    <property name="java.vendor.url.bug" value="https://bugreport.java.com/bugreport/"/>
    <property name="java.io.tmpdir" value="C:\Users\NAFALA~1\AppData\Local\Temp\"/>
    <property name="java.version" value="11.0.12"/>
    <property name="user.dir" value="C:\KULIAH\SEMESTER 6\MSIB\QA\Tugas\Mini Project\API\rest-api"/>
    <property name="os.arch" value="amd64"/>
    <property name="java.vm.specification.name" value="Java Virtual Machine Specification"/>
    <property name="java.awt.printerjob" value="sun.awt.windows.WPrinterJob"/>
    <property name="sun.os.patch.level" value=""/>
    <property name="java.library.path" value="C:\Program Files\Android\Android Studio\jre\bin;C:\WINDOWS\Sun\Java\bin;C:\WINDOWS\system32;C:\WINDOWS;C:\Program Files\Common Files\Oracle\Java\javapath;C:\Windows\system32;C:\Windows;C:\Windows\System32\Wbem;C:\Windows\System32\WindowsPowerShell\v1.0\;C:\Windows\System32\OpenSSH\;C:\Program Files (x86)\NVIDIA Corporation\PhysX\Common;C:\Program Files\NVIDIA Corporation\NVIDIA NvDLISR;C:\TDM-GCC-64\bin;C:\WINDOWS\system32;C:\WINDOWS;C:\WINDOWS\System32\Wbem;C:\WINDOWS\System32\WindowsPowerShell\v1.0\;C:\WINDOWS\System32\OpenSSH\;C:\Program Files\Git\cmd;C:\Program Files\IBM\SPSS\Statistics\25\JRE\bin;C:\Program Files\nodejs\;C:\Program Files\Docker\Docker\resources\bin;C:\Program Files\apache-maven-3.9.1\bin;C:\Users\Nafal Adi SL\AppData\Local\Microsoft\WindowsApps;C:\src\flutter\bin;C:\Users\Nafal Adi SL\AppData\Local\Programs\Microsoft VS Code\bin;C:\Users\Nafal Adi SL\AppData\Roaming\npm;C:\Users\Nafal Adi SL\AppData\Local\Android\Sdk\platform-tools;C:\Users\Nafal Adi SL\AppData\Local\Android\Sdk\tools;C:\Users\Nafal Adi SL\AppData\Local\GitHubDesktop\bin;."/>
    <property name="java.vm.info" value="mixed mode"/>
    <property name="java.vendor" value="Oracle Corporation"/>
    <property name="java.vm.version" value="11.0.12+7-b1504.28-7817840"/>
    <property name="sun.io.unicode.encoding" value="UnicodeLittle"/>
    <property name="java.class.version" value="55.0"/>
  </properties>
  <testcase name="POST As a user I can register" classname="Authentication" time="7.504">
    <system-out><![CDATA[17:11:11.829 [main] DEBUG net.thucydides.core.guice.Injectors - Created injector for module net.thucydides.core.guice.ThucydidesModule
17:11:12.109 [main] INFO io.cucumber.core.plugin.SerenityReporter - Running feature from file:///C:/KULIAH/SEMESTER%206/MSIB/QA/Tugas/Mini%20Project/API/rest-api/src/test/resources/api/Authentication.feature
17:11:12.109 [main] WARN io.cucumber.core.plugin.SerenityReporter - Feature from file:///C:/KULIAH/SEMESTER%206/MSIB/QA/Tugas/Mini%20Project/API/rest-api/src/test/resources/api/Authentication.feature is not under the 'features' directory. Requirements report will not be correctly generated!
17:11:12.240 [main] DEBUG net.thucydides.core.guice.Injectors - Created injector for module net.thucydides.core.guice.webdriver.WebDriverModule
17:11:12.250 [main] INFO  - 

-------------------------------------------------------------------------------------
     _______. _______ .______       _______ .__   __.  __  .___________.____    ____ 
    /       ||   ____||   _  \     |   ____||  \ |  | |  | |           |\   \  /   / 
   |   (----`|  |__   |  |_)  |    |  |__   |   \|  | |  | `---|  |----` \   \/   /  
    \   \    |   __|  |      /     |   __|  |  . `  | |  |     |  |       \_    _/   
.----)   |   |  |____ |  |\  \----.|  |____ |  |\   | |  |     |  |         |  |     
|_______/    |_______|| _| `._____||_______||__| \__| |__|     |__|         |__|    
                                                                                     
 News and tutorials at http://www.serenity-bdd.info                                  
 Documentation at https://wakaleo.gitbooks.io/the-serenity-book/content/             
 Join the Serenity Community on Gitter: https://gitter.im/serenity-bdd/serenity-core 
 Serenity BDD Support and Training at http://serenity-bdd.info/#/trainingandsupport  
-------------------------------------------------------------------------------------

17:11:12.253 [main] DEBUG net.thucydides.core.steps.StepEventBus - Test suite started for story net.thucydides.core.model.Story@4b3b27f2
17:11:12.256 [main] INFO  - Test Suite Started: Authentication
17:11:12.269 [main] INFO io.cucumber.core.plugin.SerenityReporter - Running feature from file:///C:/KULIAH/SEMESTER%206/MSIB/QA/Tugas/Mini%20Project/API/rest-api/src/test/resources/api/Hello.feature
17:11:12.269 [main] WARN io.cucumber.core.plugin.SerenityReporter - Feature from file:///C:/KULIAH/SEMESTER%206/MSIB/QA/Tugas/Mini%20Project/API/rest-api/src/test/resources/api/Hello.feature is not under the 'features' directory. Requirements report will not be correctly generated!
17:11:12.275 [main] DEBUG net.thucydides.core.steps.StepEventBus - Test suite started for story net.thucydides.core.model.Story@68723e1e
17:11:12.275 [main] INFO  - Test Suite Started: Hello
17:11:12.276 [main] INFO io.cucumber.core.plugin.SerenityReporter - Running feature from file:///C:/KULIAH/SEMESTER%206/MSIB/QA/Tugas/Mini%20Project/API/rest-api/src/test/resources/api/Orders.feature
17:11:12.276 [main] WARN io.cucumber.core.plugin.SerenityReporter - Feature from file:///C:/KULIAH/SEMESTER%206/MSIB/QA/Tugas/Mini%20Project/API/rest-api/src/test/resources/api/Orders.feature is not under the 'features' directory. Requirements report will not be correctly generated!
17:11:12.280 [main] DEBUG net.thucydides.core.steps.StepEventBus - Test suite started for story net.thucydides.core.model.Story@7c800292
17:11:12.281 [main] INFO  - Test Suite Started: Orders
17:11:12.281 [main] INFO io.cucumber.core.plugin.SerenityReporter - Running feature from file:///C:/KULIAH/SEMESTER%206/MSIB/QA/Tugas/Mini%20Project/API/rest-api/src/test/resources/api/ProductCategories.feature
17:11:12.281 [main] WARN io.cucumber.core.plugin.SerenityReporter - Feature from file:///C:/KULIAH/SEMESTER%206/MSIB/QA/Tugas/Mini%20Project/API/rest-api/src/test/resources/api/ProductCategories.feature is not under the 'features' directory. Requirements report will not be correctly generated!
17:11:12.289 [main] DEBUG net.thucydides.core.steps.StepEventBus - Test suite started for story net.thucydides.core.model.Story@e77624c4
17:11:12.290 [main] INFO  - Test Suite Started: Products Categories
17:11:12.290 [main] INFO io.cucumber.core.plugin.SerenityReporter - Running feature from file:///C:/KULIAH/SEMESTER%206/MSIB/QA/Tugas/Mini%20Project/API/rest-api/src/test/resources/api/Products.feature
17:11:12.290 [main] WARN io.cucumber.core.plugin.SerenityReporter - Feature from file:///C:/KULIAH/SEMESTER%206/MSIB/QA/Tugas/Mini%20Project/API/rest-api/src/test/resources/api/Products.feature is not under the 'features' directory. Requirements report will not be correctly generated!
17:11:12.300 [main] DEBUG net.thucydides.core.steps.StepEventBus - Test suite started for story net.thucydides.core.model.Story@957e90f2
17:11:12.300 [main] INFO  - Test Suite Started: Products
17:11:12.301 [main] INFO io.cucumber.core.plugin.SerenityReporter - Running feature from file:///C:/KULIAH/SEMESTER%206/MSIB/QA/Tugas/Mini%20Project/API/rest-api/src/test/resources/api/Authentication.feature
17:11:12.302 [main] WARN io.cucumber.core.plugin.SerenityReporter - Feature from file:///C:/KULIAH/SEMESTER%206/MSIB/QA/Tugas/Mini%20Project/API/rest-api/src/test/resources/api/Authentication.feature is not under the 'features' directory. Requirements report will not be correctly generated!
17:11:12.306 [main] DEBUG net.thucydides.core.steps.StepEventBus - Test suite started for story net.thucydides.core.model.Story@4b3b27f2
17:11:12.307 [main] INFO  - Test Suite Started: Authentication

@Authentication @PostRegister+
Scenario: POST As a user I can register       &amp#27;[90m# src/test/resources/api/Authentication.feature:6&amp#27;[0m
17:11:12.402 [main] INFO io.cucumber.core.plugin.SerenityReporter - Running feature from file:///C:/KULIAH/SEMESTER%206/MSIB/QA/Tugas/Mini%20Project/API/rest-api/src/test/resources/api/Authentication.feature
17:11:12.402 [main] WARN io.cucumber.core.plugin.SerenityReporter - Feature from file:///C:/KULIAH/SEMESTER%206/MSIB/QA/Tugas/Mini%20Project/API/rest-api/src/test/resources/api/Authentication.feature is not under the 'features' directory. Requirements report will not be correctly generated!
17:11:12.523 [main] INFO  - 
  _____   ___   ___   _____     ___   _____     _     ___   _____   ___   ___  
 |_   _| | __| / __| |_   _|   / __| |_   _|   /_\   | _ \ |_   _| | __| |   \ 
   | |   | _|  \__ \   | |     \__ \   | |    / _ \  |   /   | |   | _|  | |) |
   |_|   |___| |___/   |_|     |___/   |_|   /_/ \_\ |_|_\   |_|   |___| |___/ 

POST As a user I can register(authentication;post-as-a-user-i-can-register)
--------------------------------------------------------------------------------
17:11:12.991 [main] DEBUG net.thucydides.core.steps.StepInterceptor - STARTING STEP: AuthSteps.setPostApiEndpointsRegister - I set POST endpoints register
17:11:12.993 [main] DEBUG net.thucydides.core.steps.StepInterceptor - STEP DONE: I set POST endpoints register
  &amp#27;[32mGiven &amp#27;[0m&amp#27;[32mI set POST api endpoints register&amp#27;[0m     &amp#27;[90m# starter.stepdefinitions.AuthSteps.setPostApiEndpointsRegister()&amp#27;[0m
17:11:13.004 [main] DEBUG net.thucydides.core.steps.StepInterceptor - STARTING STEP: AuthSteps.sendPostHttpRequestRegister - I send POST HTTP request register
17:11:14.771 [main] DEBUG net.thucydides.core.steps.StepInterceptor - STARTING STEP: PostRegister.sendPostHTTPRequest - I set POST endpoints register
17:11:14.773 [main] DEBUG net.thucydides.core.steps.StepInterceptor - STEP DONE: I set POST endpoints register
17:11:15.373 [main] DEBUG org.apache.http.impl.conn.BasicClientConnectionManager - Get connection for route {s}->https://altashop-api.fly.dev:443
17:11:15.385 [main] DEBUG org.apache.http.impl.conn.DefaultClientConnectionOperator - Connecting to altashop-api.fly.dev:443
17:11:18.998 [main] DEBUG org.apache.http.client.protocol.RequestAddCookies - CookieSpec selected: ignoreCookies
17:11:18.999 [main] DEBUG org.apache.http.client.protocol.RequestAuthCache - Auth cache not set in the context
17:11:18.999 [main] DEBUG org.apache.http.client.protocol.RequestTargetAuthentication - Target auth state: UNCHALLENGED
17:11:19.000 [main] DEBUG org.apache.http.client.protocol.RequestProxyAuthentication - Proxy auth state: UNCHALLENGED
17:11:19.000 [main] DEBUG org.apache.http.impl.client.DefaultHttpClient - Attempt 1 to execute request
17:11:19.000 [main] DEBUG org.apache.http.impl.conn.DefaultClientConnection - Sending request: POST /api/auth/register HTTP/1.1
17:11:19.000 [main] DEBUG org.apache.http.wire -  >> "POST /api/auth/register HTTP/1.1[\r][\n]"
17:11:19.001 [main] DEBUG org.apache.http.wire -  >> "Accept: */*[\r][\n]"
17:11:19.001 [main] DEBUG org.apache.http.wire -  >> "Content-Type: application/json[\r][\n]"
17:11:19.001 [main] DEBUG org.apache.http.wire -  >> "Content-Length: 71[\r][\n]"
17:11:19.001 [main] DEBUG org.apache.http.wire -  >> "Host: altashop-api.fly.dev[\r][\n]"
17:11:19.001 [main] DEBUG org.apache.http.wire -  >> "Connection: Keep-Alive[\r][\n]"
17:11:19.001 [main] DEBUG org.apache.http.wire -  >> "User-Agent: Apache-HttpClient/4.5.13 (Java/11.0.12)[\r][\n]"
17:11:19.001 [main] DEBUG org.apache.http.wire -  >> "Accept-Encoding: gzip,deflate[\r][\n]"
17:11:19.001 [main] DEBUG org.apache.http.wire -  >> "[\r][\n]"
17:11:19.001 [main] DEBUG org.apache.http.headers - >> POST /api/auth/register HTTP/1.1
17:11:19.001 [main] DEBUG org.apache.http.headers - >> Accept: */*
17:11:19.002 [main] DEBUG org.apache.http.headers - >> Content-Type: application/json
17:11:19.002 [main] DEBUG org.apache.http.headers - >> Content-Length: 71
17:11:19.002 [main] DEBUG org.apache.http.headers - >> Host: altashop-api.fly.dev
17:11:19.002 [main] DEBUG org.apache.http.headers - >> Connection: Keep-Alive
17:11:19.002 [main] DEBUG org.apache.http.headers - >> User-Agent: Apache-HttpClient/4.5.13 (Java/11.0.12)
17:11:19.002 [main] DEBUG org.apache.http.headers - >> Accept-Encoding: gzip,deflate
17:11:19.002 [main] DEBUG org.apache.http.wire -  >> "{"password":"password","fullname":"Orlando","email":"Jerold@gmail.com"}"
17:11:19.172 [main] DEBUG org.apache.http.wire -  << "HTTP/1.1 200 OK[\r][\n]"
17:11:19.173 [main] DEBUG org.apache.http.wire -  << "content-type: application/json[\r][\n]"
17:11:19.173 [main] DEBUG org.apache.http.wire -  << "date: Thu, 11 May 2023 10:11:21 GMT[\r][\n]"
17:11:19.174 [main] DEBUG org.apache.http.wire -  << "content-encoding: gzip[\r][\n]"
17:11:19.174 [main] DEBUG org.apache.http.wire -  << "transfer-encoding: chunked[\r][\n]"
17:11:19.174 [main] DEBUG org.apache.http.wire -  << "server: Fly/3f2597ca (2023-05-03)[\r][\n]"
17:11:19.174 [main] DEBUG org.apache.http.wire -  << "via: 1.1 fly.io[\r][\n]"
17:11:19.174 [main] DEBUG org.apache.http.wire -  << "fly-request-id: 01H054PDXN9D4VBZE9P3X5MNJM-sin[\r][\n]"
17:11:19.174 [main] DEBUG org.apache.http.wire -  << "[\r][\n]"
17:11:19.174 [main] DEBUG org.apache.http.impl.conn.DefaultClientConnection - Receiving response: HTTP/1.1 200 OK
17:11:19.174 [main] DEBUG org.apache.http.headers - << HTTP/1.1 200 OK
17:11:19.174 [main] DEBUG org.apache.http.headers - << content-type: application/json
17:11:19.174 [main] DEBUG org.apache.http.headers - << date: Thu, 11 May 2023 10:11:21 GMT
17:11:19.174 [main] DEBUG org.apache.http.headers - << content-encoding: gzip
17:11:19.174 [main] DEBUG org.apache.http.headers - << transfer-encoding: chunked
17:11:19.174 [main] DEBUG org.apache.http.headers - << server: Fly/3f2597ca (2023-05-03)
17:11:19.174 [main] DEBUG org.apache.http.headers - << via: 1.1 fly.io
17:11:19.174 [main] DEBUG org.apache.http.headers - << fly-request-id: 01H054PDXN9D4VBZE9P3X5MNJM-sin
17:11:19.177 [main] DEBUG org.apache.http.impl.client.DefaultHttpClient - Connection can be kept alive indefinitely
17:11:19.181 [main] DEBUG io.restassured.internal.RestAssuredHttpBuilder - Parsing response as: application/json
17:11:19.182 [main] DEBUG org.apache.http.wire -  << "67[\r][\n]"
17:11:19.182 [main] DEBUG org.apache.http.wire -  << "[0x1f][0x8b][0x8][0x0][0x0][0x0][0x0][0x0][0x4][0xff][0xab]VJI,IT[0xb2][0xaa]V[0xf2]tQ[0xb2]22676[0xd4]Qr+[0xcd][0xc9][0xc9]K[0xcc]MU[0xb2]R[0xf2]/[0xca]I[0xcc]K[0xc9]W[0xd2]Qr[0xcd]M[0xcc][0xcc]Q[0xb2]R[0xf2]J-[0xca][0xcf]IqH[0x7]q[0xf5][0x92][0xf3]s[0x95]t[0x94][0x2][0x12][0x8b][0x8b][0xcb][0xf3][0x8b]R[0x94][0xac][0x94][\n]"
17:11:19.182 [main] DEBUG org.apache.http.wire -  << "`[0xcc][0xda]Z.[0x0]][0x87][0x11]9\[0x0][0x0][0x0]"
17:11:19.182 [main] DEBUG org.apache.http.wire -  << "[\r][\n]"
17:11:19.182 [main] DEBUG org.apache.http.wire -  << "0[\r][\n]"
17:11:19.182 [main] DEBUG org.apache.http.wire -  << "[\r][\n]"
17:11:19.182 [main] DEBUG io.restassured.internal.RestAssuredHttpBuilder - Parsed data to instance of: class org.apache.http.conn.EofSensorInputStream
17:11:19.208 [main] DEBUG org.apache.http.impl.conn.BasicClientConnectionManager - Releasing connection org.apache.http.impl.conn.ManagedClientConnectionImpl@17f5b53a
17:11:19.208 [main] DEBUG org.apache.http.impl.conn.BasicClientConnectionManager - Connection can be kept alive indefinitely
17:11:19.211 [main] DEBUG net.thucydides.core.steps.StepInterceptor - STEP DONE: I send POST HTTP request register
  &amp#27;[32mWhen &amp#27;[0m&amp#27;[32mI send POST HTTP request register&amp#27;[0m      &amp#27;[90m# starter.stepdefinitions.AuthSteps.sendPostHttpRequestRegister()&amp#27;[0m
17:11:19.266 [main] DEBUG net.thucydides.core.steps.StepInterceptor - STARTING STEP: ProductsSteps.receiveValidHttpResponseCode200 - I receive valid HTTP response code 200
17:11:19.283 [main] DEBUG net.thucydides.core.steps.StepInterceptor - STEP DONE: I receive valid HTTP response code 200
  &amp#27;[32mThen &amp#27;[0m&amp#27;[32mI receive valid HTTP response code 200&amp#27;[0m &amp#27;[90m# starter.stepdefinitions.ProductsSteps.receiveValidHttpResponseCode200()&amp#27;[0m
17:11:19.289 [main] DEBUG net.thucydides.core.steps.StepInterceptor - STARTING STEP: AuthSteps.validateDataRegister - I receive valid data for register
17:11:19.804 [main] DEBUG net.thucydides.core.steps.StepInterceptor - STEP DONE: I receive valid data for register
  &amp#27;[32mAnd &amp#27;[0m&amp#27;[32mI receive valid data for register&amp#27;[0m       &amp#27;[90m# starter.stepdefinitions.AuthSteps.validateDataRegister()&amp#27;[0m
17:11:19.809 [main] INFO  - 
  _____   ___   ___   _____     ___     _     ___   ___   ___   ___  
 |_   _| | __| / __| |_   _|   | _ \   /_\   / __| / __| | __| |   \ 
   | |   | _|  \__ \   | |     |  _/  / _ \  \__ \ \__ \ | _|  | |) |
   |_|   |___| |___/   |_|     |_|   /_/ \_\ |___/ |___/ |___| |___/ 

POST As a user I can register
----------------------------------------------------------------------
]]></system-out>
  </testcase>
  <testcase name="POST As a user I can&apos;t register" classname="Authentication" time="0.756">
    <system-out><![CDATA[
@Authentication @PostRegister-
Scenario: POST As a user I can't register         &amp#27;[90m# src/test/resources/api/Authentication.feature:12&amp#27;[0m
17:11:19.830 [main] INFO io.cucumber.core.plugin.SerenityReporter - Running feature from file:///C:/KULIAH/SEMESTER%206/MSIB/QA/Tugas/Mini%20Project/API/rest-api/src/test/resources/api/Authentication.feature
17:11:19.830 [main] WARN io.cucumber.core.plugin.SerenityReporter - Feature from file:///C:/KULIAH/SEMESTER%206/MSIB/QA/Tugas/Mini%20Project/API/rest-api/src/test/resources/api/Authentication.feature is not under the 'features' directory. Requirements report will not be correctly generated!
17:11:19.832 [main] INFO  - 
  _____   ___   ___   _____     ___   _____     _     ___   _____   ___   ___  
 |_   _| | __| / __| |_   _|   / __| |_   _|   /_\   | _ \ |_   _| | __| |   \ 
   | |   | _|  \__ \   | |     \__ \   | |    / _ \  |   /   | |   | _|  | |) |
   |_|   |___| |___/   |_|     |___/   |_|   /_/ \_\ |_|_\   |_|   |___| |___/ 

POST As a user I can't register(authentication;post-as-a-user-i-can-t-register)
--------------------------------------------------------------------------------
17:11:19.847 [main] DEBUG net.thucydides.core.steps.StepInterceptor - STARTING STEP: AuthSteps.setPostApiEndpointsRegisterInvalid - I set POST endpoints register invalid
17:11:19.847 [main] DEBUG net.thucydides.core.steps.StepInterceptor - STEP DONE: I set POST endpoints register invalid
  &amp#27;[32mGiven &amp#27;[0m&amp#27;[32mI set POST api endpoints register invalid&amp#27;[0m &amp#27;[90m# starter.stepdefinitions.AuthSteps.setPostApiEndpointsRegisterInvalid()&amp#27;[0m
17:11:19.851 [main] DEBUG net.thucydides.core.steps.StepInterceptor - STARTING STEP: AuthSteps.sendPostHttpRequestRegisterInvalid - I send POST HTTP request register invalid
17:11:19.853 [main] DEBUG net.thucydides.core.steps.StepInterceptor - STARTING STEP: PostRegister.sendPostHTTPRequestInvalid - I set POST endpoints register invalid
17:11:19.853 [main] DEBUG net.thucydides.core.steps.StepInterceptor - STEP DONE: I set POST endpoints register invalid
17:11:19.873 [main] DEBUG org.apache.http.impl.conn.BasicClientConnectionManager - Get connection for route {s}->https://altashop-api.fly.dev:443
17:11:19.873 [main] DEBUG org.apache.http.impl.conn.DefaultClientConnectionOperator - Connecting to altashop-api.fly.dev:443
17:11:20.102 [main] DEBUG org.apache.http.client.protocol.RequestAddCookies - CookieSpec selected: ignoreCookies
17:11:20.102 [main] DEBUG org.apache.http.client.protocol.RequestAuthCache - Auth cache not set in the context
17:11:20.102 [main] DEBUG org.apache.http.client.protocol.RequestTargetAuthentication - Target auth state: UNCHALLENGED
17:11:20.102 [main] DEBUG org.apache.http.client.protocol.RequestProxyAuthentication - Proxy auth state: UNCHALLENGED
17:11:20.102 [main] DEBUG org.apache.http.impl.client.DefaultHttpClient - Attempt 1 to execute request
17:11:20.102 [main] DEBUG org.apache.http.impl.conn.DefaultClientConnection - Sending request: POST /api/auth/register HTTP/1.1
17:11:20.102 [main] DEBUG org.apache.http.wire -  >> "POST /api/auth/register HTTP/1.1[\r][\n]"
17:11:20.103 [main] DEBUG org.apache.http.wire -  >> "Accept: */*[\r][\n]"
17:11:20.103 [main] DEBUG org.apache.http.wire -  >> "Content-Type: application/json[\r][\n]"
17:11:20.103 [main] DEBUG org.apache.http.wire -  >> "Content-Length: 80[\r][\n]"
17:11:20.103 [main] DEBUG org.apache.http.wire -  >> "Host: altashop-api.fly.dev[\r][\n]"
17:11:20.104 [main] DEBUG org.apache.http.wire -  >> "Connection: Keep-Alive[\r][\n]"
17:11:20.104 [main] DEBUG org.apache.http.wire -  >> "User-Agent: Apache-HttpClient/4.5.13 (Java/11.0.12)[\r][\n]"
17:11:20.104 [main] DEBUG org.apache.http.wire -  >> "Accept-Encoding: gzip,deflate[\r][\n]"
17:11:20.104 [main] DEBUG org.apache.http.wire -  >> "[\r][\n]"
17:11:20.104 [main] DEBUG org.apache.http.headers - >> POST /api/auth/register HTTP/1.1
17:11:20.104 [main] DEBUG org.apache.http.headers - >> Accept: */*
17:11:20.104 [main] DEBUG org.apache.http.headers - >> Content-Type: application/json
17:11:20.104 [main] DEBUG org.apache.http.headers - >> Content-Length: 80
17:11:20.104 [main] DEBUG org.apache.http.headers - >> Host: altashop-api.fly.dev
17:11:20.104 [main] DEBUG org.apache.http.headers - >> Connection: Keep-Alive
17:11:20.104 [main] DEBUG org.apache.http.headers - >> User-Agent: Apache-HttpClient/4.5.13 (Java/11.0.12)
17:11:20.104 [main] DEBUG org.apache.http.headers - >> Accept-Encoding: gzip,deflate
17:11:20.104 [main] DEBUG org.apache.http.wire -  >> "{"password":"123123","fullname":"Firstname Lastname","email":"someone@mail.com"}"
17:11:20.547 [main] DEBUG org.apache.http.wire -  << "HTTP/1.1 400 Bad Request[\r][\n]"
17:11:20.547 [main] DEBUG org.apache.http.wire -  << "content-type: application/json[\r][\n]"
17:11:20.547 [main] DEBUG org.apache.http.wire -  << "date: Thu, 11 May 2023 10:11:22 GMT[\r][\n]"
17:11:20.547 [main] DEBUG org.apache.http.wire -  << "content-encoding: gzip[\r][\n]"
17:11:20.547 [main] DEBUG org.apache.http.wire -  << "transfer-encoding: chunked[\r][\n]"
17:11:20.547 [main] DEBUG org.apache.http.wire -  << "server: Fly/3f2597ca (2023-05-03)[\r][\n]"
17:11:20.548 [main] DEBUG org.apache.http.wire -  << "via: 1.1 fly.io[\r][\n]"
17:11:20.548 [main] DEBUG org.apache.http.wire -  << "fly-request-id: 01H054PF0RCGD3NF8G22V6FA0A-sin[\r][\n]"
17:11:20.548 [main] DEBUG org.apache.http.wire -  << "[\r][\n]"
17:11:20.548 [main] DEBUG org.apache.http.impl.conn.DefaultClientConnection - Receiving response: HTTP/1.1 400 Bad Request
17:11:20.548 [main] DEBUG org.apache.http.headers - << HTTP/1.1 400 Bad Request
17:11:20.548 [main] DEBUG org.apache.http.headers - << content-type: application/json
17:11:20.548 [main] DEBUG org.apache.http.headers - << date: Thu, 11 May 2023 10:11:22 GMT
17:11:20.548 [main] DEBUG org.apache.http.headers - << content-encoding: gzip
17:11:20.548 [main] DEBUG org.apache.http.headers - << transfer-encoding: chunked
17:11:20.548 [main] DEBUG org.apache.http.headers - << server: Fly/3f2597ca (2023-05-03)
17:11:20.548 [main] DEBUG org.apache.http.headers - << via: 1.1 fly.io
17:11:20.548 [main] DEBUG org.apache.http.headers - << fly-request-id: 01H054PF0RCGD3NF8G22V6FA0A-sin
17:11:20.548 [main] DEBUG org.apache.http.impl.client.DefaultHttpClient - Connection can be kept alive indefinitely
17:11:20.548 [main] DEBUG io.restassured.internal.RestAssuredHttpBuilder - Parsing response as: application/json
17:11:20.549 [main] DEBUG org.apache.http.wire -  << "7B[\r][\n]"
17:11:20.549 [main] DEBUG org.apache.http.wire -  << "[0x1f][0x8b][0x8][0x0][0x0][0x0][0x0][0x0][0x4][0xff][0xab]VJ-*[0xca]/R[0xb2]Rr[\r][\n]"
17:11:20.549 [main] DEBUG org.apache.http.wire -  << "[0xf2][0xf][0xb2]RH)-[0xc8][0xc9]LN,IU[0xc8]N[0xad]T(K[0xcc])MU([0xcb][0xcc][0xcf]I,I-V([0xcd][0xcb],,MUH[0xce][0xcf]+.)J[0xcc][0xcc]+Q[0x88]Q*-N-*[0x8e]O[0xcd]M[0xcc][0xcc][0x89][0xcf]N[0xad][0x8c]QR[0xd0][0x8][0xe][0xf4][0x9][0xe]q[0xc]qU02650[0xd5]T[0xaa][0xe5][0x2][0x0][0x1a]G[0x13]pg[0x0][0x0][0x0]"
17:11:20.549 [main] DEBUG org.apache.http.wire -  << "[\r][\n]"
17:11:20.549 [main] DEBUG org.apache.http.wire -  << "0[\r][\n]"
17:11:20.549 [main] DEBUG org.apache.http.wire -  << "[\r][\n]"
17:11:20.549 [main] DEBUG io.restassured.internal.RestAssuredHttpBuilder - Parsed data to instance of: class org.apache.http.conn.EofSensorInputStream
17:11:20.550 [main] DEBUG org.apache.http.impl.conn.BasicClientConnectionManager - Releasing connection org.apache.http.impl.conn.ManagedClientConnectionImpl@7752f9fe
17:11:20.551 [main] DEBUG org.apache.http.impl.conn.BasicClientConnectionManager - Connection can be kept alive indefinitely
17:11:20.551 [main] DEBUG net.thucydides.core.steps.StepInterceptor - STEP DONE: I send POST HTTP request register invalid
  &amp#27;[32mWhen &amp#27;[0m&amp#27;[32mI send POST HTTP request register invalid&amp#27;[0m  &amp#27;[90m# starter.stepdefinitions.AuthSteps.sendPostHttpRequestRegisterInvalid()&amp#27;[0m
17:11:20.554 [main] DEBUG net.thucydides.core.steps.StepInterceptor - STARTING STEP: AuthSteps.receiveHttpResponseCode404 - I receive valid HTTP response code 400
17:11:20.556 [main] DEBUG net.thucydides.core.steps.StepInterceptor - STEP DONE: I receive valid HTTP response code 400
  &amp#27;[32mThen &amp#27;[0m&amp#27;[32mI receive valid HTTP response code 400&amp#27;[0m     &amp#27;[90m# starter.stepdefinitions.AuthSteps.receiveHttpResponseCode404()&amp#27;[0m
17:11:20.558 [main] DEBUG net.thucydides.core.steps.StepInterceptor - STARTING STEP: AuthSteps.receiveValidDataForResponseCode400 - I receive valid data for response code 400
17:11:20.569 [main] DEBUG net.thucydides.core.steps.StepInterceptor - STEP DONE: I receive valid data for response code 400
  &amp#27;[32mAnd &amp#27;[0m&amp#27;[32mI receive valid data for response code 400&amp#27;[0m  &amp#27;[90m# starter.stepdefinitions.AuthSteps.receiveValidDataForResponseCode400()&amp#27;[0m
17:11:20.571 [main] INFO  - 
  _____   ___   ___   _____     ___     _     ___   ___   ___   ___  
 |_   _| | __| / __| |_   _|   | _ \   /_\   / __| / __| | __| |   \ 
   | |   | _|  \__ \   | |     |  _/  / _ \  \__ \ \__ \ | _|  | |) |
   |_|   |___| |___/   |_|     |_|   /_/ \_\ |___/ |___/ |___| |___/ 

POST As a user I can't register
----------------------------------------------------------------------
]]></system-out>
  </testcase>
  <testcase name="POST As a user I can login" classname="Authentication" time="0.381">
    <system-out><![CDATA[
@Authentication @PostLogin+
Scenario: POST As a user I can login          &amp#27;[90m# src/test/resources/api/Authentication.feature:19&amp#27;[0m
17:11:20.582 [main] INFO io.cucumber.core.plugin.SerenityReporter - Running feature from file:///C:/KULIAH/SEMESTER%206/MSIB/QA/Tugas/Mini%20Project/API/rest-api/src/test/resources/api/Authentication.feature
17:11:20.582 [main] WARN io.cucumber.core.plugin.SerenityReporter - Feature from file:///C:/KULIAH/SEMESTER%206/MSIB/QA/Tugas/Mini%20Project/API/rest-api/src/test/resources/api/Authentication.feature is not under the 'features' directory. Requirements report will not be correctly generated!
17:11:20.585 [main] INFO  - 
  _____   ___   ___   _____     ___   _____     _     ___   _____   ___   ___  
 |_   _| | __| / __| |_   _|   / __| |_   _|   /_\   | _ \ |_   _| | __| |   \ 
   | |   | _|  \__ \   | |     \__ \   | |    / _ \  |   /   | |   | _|  | |) |
   |_|   |___| |___/   |_|     |___/   |_|   /_/ \_\ |_|_\   |_|   |___| |___/ 

POST As a user I can login(authentication;post-as-a-user-i-can-login)
--------------------------------------------------------------------------------
17:11:20.592 [main] DEBUG net.thucydides.core.steps.StepInterceptor - STARTING STEP: AuthSteps.setPostApiEndpointsLogin - I set POST endpoints login
17:11:20.592 [main] DEBUG net.thucydides.core.steps.StepInterceptor - STEP DONE: I set POST endpoints login
  &amp#27;[32mGiven &amp#27;[0m&amp#27;[32mI set POST api endpoints login&amp#27;[0m        &amp#27;[90m# starter.stepdefinitions.AuthSteps.setPostApiEndpointsLogin()&amp#27;[0m
17:11:20.598 [main] DEBUG net.thucydides.core.steps.StepInterceptor - STARTING STEP: AuthSteps.sendPostHttpRequestLogin - I send POST HTTP request login
17:11:20.600 [main] DEBUG net.thucydides.core.steps.StepInterceptor - STARTING STEP: PostLogin.sendPostHTTPRequest - I set POST endpoints login
17:11:20.600 [main] DEBUG net.thucydides.core.steps.StepInterceptor - STEP DONE: I set POST endpoints login
17:11:20.616 [main] DEBUG org.apache.http.impl.conn.BasicClientConnectionManager - Get connection for route {s}->https://altashop-api.fly.dev:443
17:11:20.616 [main] DEBUG org.apache.http.impl.conn.DefaultClientConnectionOperator - Connecting to altashop-api.fly.dev:443
17:11:20.841 [main] DEBUG org.apache.http.client.protocol.RequestAddCookies - CookieSpec selected: ignoreCookies
17:11:20.841 [main] DEBUG org.apache.http.client.protocol.RequestAuthCache - Auth cache not set in the context
17:11:20.841 [main] DEBUG org.apache.http.client.protocol.RequestTargetAuthentication - Target auth state: UNCHALLENGED
17:11:20.841 [main] DEBUG org.apache.http.client.protocol.RequestProxyAuthentication - Proxy auth state: UNCHALLENGED
17:11:20.841 [main] DEBUG org.apache.http.impl.client.DefaultHttpClient - Attempt 1 to execute request
17:11:20.841 [main] DEBUG org.apache.http.impl.conn.DefaultClientConnection - Sending request: POST /api/auth/login HTTP/1.1
17:11:20.841 [main] DEBUG org.apache.http.wire -  >> "POST /api/auth/login HTTP/1.1[\r][\n]"
17:11:20.841 [main] DEBUG org.apache.http.wire -  >> "Accept: */*[\r][\n]"
17:11:20.841 [main] DEBUG org.apache.http.wire -  >> "Content-Type: application/json[\r][\n]"
17:11:20.842 [main] DEBUG org.apache.http.wire -  >> "Content-Length: 48[\r][\n]"
17:11:20.842 [main] DEBUG org.apache.http.wire -  >> "Host: altashop-api.fly.dev[\r][\n]"
17:11:20.842 [main] DEBUG org.apache.http.wire -  >> "Connection: Keep-Alive[\r][\n]"
17:11:20.842 [main] DEBUG org.apache.http.wire -  >> "User-Agent: Apache-HttpClient/4.5.13 (Java/11.0.12)[\r][\n]"
17:11:20.842 [main] DEBUG org.apache.http.wire -  >> "Accept-Encoding: gzip,deflate[\r][\n]"
17:11:20.842 [main] DEBUG org.apache.http.wire -  >> "[\r][\n]"
17:11:20.842 [main] DEBUG org.apache.http.headers - >> POST /api/auth/login HTTP/1.1
17:11:20.842 [main] DEBUG org.apache.http.headers - >> Accept: */*
17:11:20.842 [main] DEBUG org.apache.http.headers - >> Content-Type: application/json
17:11:20.842 [main] DEBUG org.apache.http.headers - >> Content-Length: 48
17:11:20.842 [main] DEBUG org.apache.http.headers - >> Host: altashop-api.fly.dev
17:11:20.842 [main] DEBUG org.apache.http.headers - >> Connection: Keep-Alive
17:11:20.842 [main] DEBUG org.apache.http.headers - >> User-Agent: Apache-HttpClient/4.5.13 (Java/11.0.12)
17:11:20.842 [main] DEBUG org.apache.http.headers - >> Accept-Encoding: gzip,deflate
17:11:20.842 [main] DEBUG org.apache.http.wire -  >> "{"password":"123123","email":"someone@mail.com"}"
17:11:20.922 [main] DEBUG org.apache.http.wire -  << "HTTP/1.1 200 OK[\r][\n]"
17:11:20.922 [main] DEBUG org.apache.http.wire -  << "content-type: application/json[\r][\n]"
17:11:20.922 [main] DEBUG org.apache.http.wire -  << "date: Thu, 11 May 2023 10:11:23 GMT[\r][\n]"
17:11:20.922 [main] DEBUG org.apache.http.wire -  << "content-encoding: gzip[\r][\n]"
17:11:20.922 [main] DEBUG org.apache.http.wire -  << "transfer-encoding: chunked[\r][\n]"
17:11:20.922 [main] DEBUG org.apache.http.wire -  << "server: Fly/3f2597ca (2023-05-03)[\r][\n]"
17:11:20.922 [main] DEBUG org.apache.http.wire -  << "via: 1.1 fly.io[\r][\n]"
17:11:20.922 [main] DEBUG org.apache.http.wire -  << "fly-request-id: 01H054PFQC2PPKPS2VHEEAEAAN-sin[\r][\n]"
17:11:20.922 [main] DEBUG org.apache.http.wire -  << "[\r][\n]"
17:11:20.922 [main] DEBUG org.apache.http.impl.conn.DefaultClientConnection - Receiving response: HTTP/1.1 200 OK
17:11:20.922 [main] DEBUG org.apache.http.headers - << HTTP/1.1 200 OK
17:11:20.922 [main] DEBUG org.apache.http.headers - << content-type: application/json
17:11:20.922 [main] DEBUG org.apache.http.headers - << date: Thu, 11 May 2023 10:11:23 GMT
17:11:20.922 [main] DEBUG org.apache.http.headers - << content-encoding: gzip
17:11:20.922 [main] DEBUG org.apache.http.headers - << transfer-encoding: chunked
17:11:20.922 [main] DEBUG org.apache.http.headers - << server: Fly/3f2597ca (2023-05-03)
17:11:20.922 [main] DEBUG org.apache.http.headers - << via: 1.1 fly.io
17:11:20.922 [main] DEBUG org.apache.http.headers - << fly-request-id: 01H054PFQC2PPKPS2VHEEAEAAN-sin
17:11:20.922 [main] DEBUG org.apache.http.impl.client.DefaultHttpClient - Connection can be kept alive indefinitely
17:11:20.922 [main] DEBUG io.restassured.internal.RestAssuredHttpBuilder - Parsing response as: application/json
17:11:20.922 [main] DEBUG org.apache.http.wire -  << "B1[\r][\n]"
17:11:20.922 [main] DEBUG org.apache.http.wire -  << "[0x1f][0x8b][0x8][0x0][0x0][0x0][0x0][0x0][0x4][0xff][0xab]VJI,IT[0xb2]RJ[0xad][0xf4][0xca]HrO[0xce][0xf4][0xcf][0xf4][0xf2][0xc][0xad][0xf2]4[0xf4][0xcb][0xf4],[0xf6][0xcc][0xb]2Mv[0xf6]4[0xf3][0xcc].[0x88][0x8]s[0xf6][0xb2][0xd4]K[0xad][0xf4]rO[0x9][0xaf](N[0xca]u+[0x89][\n]"
17:11:20.922 [main] DEBUG org.apache.http.wire -  << "[0x6]ID[0x15]$[0xe7][0xf9][0x19]@[0xf8]N[0xbe][0x91][0x11]0[0xb6]g[0xb1]gvXIdxN[0xb1]gV~f[0xb2][0x91]eIT[0xb8]eiT[0xa8][0x13]X[0xcc]'[0xd7][0xaf],)[0xd8][0xcb]R/[0xc9][0xbd] [0xca][0xcf]%[0xdd],[0xd2][0xa3][0xc4];'[0xc4][0xad][0xdc]<[0xbe][0xb2][0xb4]2[0xcf]8[0xd8][0xd1][0xd3]97[0xad],[0xc5]3[0xcc][0xb0]2[0xc2]<[0xd7][0xd3][0xbb]([0xa4]\[0xa9][0x96][0xb][0x0]H[0xcf][0xad]/[0xad][0x0][0x0][0x0]"
17:11:20.922 [main] DEBUG org.apache.http.wire -  << "[\r][\n]"
17:11:20.922 [main] DEBUG org.apache.http.wire -  << "0[\r][\n]"
17:11:20.923 [main] DEBUG org.apache.http.wire -  << "[\r][\n]"
17:11:20.923 [main] DEBUG io.restassured.internal.RestAssuredHttpBuilder - Parsed data to instance of: class org.apache.http.conn.EofSensorInputStream
17:11:20.924 [main] DEBUG org.apache.http.impl.conn.BasicClientConnectionManager - Releasing connection org.apache.http.impl.conn.ManagedClientConnectionImpl@488ae823
17:11:20.925 [main] DEBUG org.apache.http.impl.conn.BasicClientConnectionManager - Connection can be kept alive indefinitely
17:11:20.925 [main] DEBUG net.thucydides.core.steps.StepInterceptor - STEP DONE: I send POST HTTP request login
  &amp#27;[32mWhen &amp#27;[0m&amp#27;[32mI send POST HTTP request login&amp#27;[0m         &amp#27;[90m# starter.stepdefinitions.AuthSteps.sendPostHttpRequestLogin()&amp#27;[0m
17:11:20.939 [main] DEBUG net.thucydides.core.steps.StepInterceptor - STARTING STEP: ProductsSteps.receiveValidHttpResponseCode200 - I receive valid HTTP response code 200
17:11:20.939 [main] DEBUG net.thucydides.core.steps.StepInterceptor - STEP DONE: I receive valid HTTP response code 200
  &amp#27;[32mThen &amp#27;[0m&amp#27;[32mI receive valid HTTP response code 200&amp#27;[0m &amp#27;[90m# starter.stepdefinitions.ProductsSteps.receiveValidHttpResponseCode200()&amp#27;[0m
17:11:20.942 [main] DEBUG net.thucydides.core.steps.StepInterceptor - STARTING STEP: AuthSteps.validateDataLogin - I receive valid data for login
17:11:20.951 [main] DEBUG net.thucydides.core.steps.StepInterceptor - STEP DONE: I receive valid data for login
  &amp#27;[32mAnd &amp#27;[0m&amp#27;[32mI receive valid data for login&amp#27;[0m          &amp#27;[90m# starter.stepdefinitions.AuthSteps.validateDataLogin()&amp#27;[0m
17:11:20.953 [main] INFO  - 
  _____   ___   ___   _____     ___     _     ___   ___   ___   ___  
 |_   _| | __| / __| |_   _|   | _ \   /_\   / __| / __| | __| |   \ 
   | |   | _|  \__ \   | |     |  _/  / _ \  \__ \ \__ \ | _|  | |) |
   |_|   |___| |___/   |_|     |_|   /_/ \_\ |___/ |___/ |___| |___/ 

POST As a user I can login
----------------------------------------------------------------------
]]></system-out>
  </testcase>
  <testcase name="POST As a user I can&apos;t login" classname="Authentication" time="0.434">
    <system-out><![CDATA[
@Authentication @PostLogin-
Scenario: POST As a user I can't login                 &amp#27;[90m# src/test/resources/api/Authentication.feature:25&amp#27;[0m
17:11:20.963 [main] INFO io.cucumber.core.plugin.SerenityReporter - Running feature from file:///C:/KULIAH/SEMESTER%206/MSIB/QA/Tugas/Mini%20Project/API/rest-api/src/test/resources/api/Authentication.feature
17:11:20.963 [main] WARN io.cucumber.core.plugin.SerenityReporter - Feature from file:///C:/KULIAH/SEMESTER%206/MSIB/QA/Tugas/Mini%20Project/API/rest-api/src/test/resources/api/Authentication.feature is not under the 'features' directory. Requirements report will not be correctly generated!
17:11:20.966 [main] INFO  - 
  _____   ___   ___   _____     ___   _____     _     ___   _____   ___   ___  
 |_   _| | __| / __| |_   _|   / __| |_   _|   /_\   | _ \ |_   _| | __| |   \ 
   | |   | _|  \__ \   | |     \__ \   | |    / _ \  |   /   | |   | _|  | |) |
   |_|   |___| |___/   |_|     |___/   |_|   /_/ \_\ |_|_\   |_|   |___| |___/ 

POST As a user I can't login(authentication;post-as-a-user-i-can-t-login)
--------------------------------------------------------------------------------
17:11:20.977 [main] DEBUG net.thucydides.core.steps.StepInterceptor - STARTING STEP: AuthSteps.setPostApiEndpointsLogin - I set POST endpoints login
17:11:20.978 [main] DEBUG net.thucydides.core.steps.StepInterceptor - STEP DONE: I set POST endpoints login
  &amp#27;[32mGiven &amp#27;[0m&amp#27;[32mI set POST api endpoints login&amp#27;[0m                 &amp#27;[90m# starter.stepdefinitions.AuthSteps.setPostApiEndpointsLogin()&amp#27;[0m
17:11:20.982 [main] DEBUG net.thucydides.core.steps.StepInterceptor - STARTING STEP: AuthSteps.sendPostHttpRequestLoginInvalid - I send POST HTTP request login invalid
17:11:20.983 [main] DEBUG net.thucydides.core.steps.StepInterceptor - STARTING STEP: PostLogin.sendPostHTTPRequestInvalid - I set POST endpoints login
17:11:20.983 [main] DEBUG net.thucydides.core.steps.StepInterceptor - STEP DONE: I set POST endpoints login
17:11:20.995 [main] DEBUG org.apache.http.impl.conn.BasicClientConnectionManager - Get connection for route {s}->https://altashop-api.fly.dev:443
17:11:20.995 [main] DEBUG org.apache.http.impl.conn.DefaultClientConnectionOperator - Connecting to altashop-api.fly.dev:443
17:11:21.218 [main] DEBUG org.apache.http.client.protocol.RequestAddCookies - CookieSpec selected: ignoreCookies
17:11:21.218 [main] DEBUG org.apache.http.client.protocol.RequestAuthCache - Auth cache not set in the context
17:11:21.218 [main] DEBUG org.apache.http.client.protocol.RequestTargetAuthentication - Target auth state: UNCHALLENGED
17:11:21.218 [main] DEBUG org.apache.http.client.protocol.RequestProxyAuthentication - Proxy auth state: UNCHALLENGED
17:11:21.218 [main] DEBUG org.apache.http.impl.client.DefaultHttpClient - Attempt 1 to execute request
17:11:21.219 [main] DEBUG org.apache.http.impl.conn.DefaultClientConnection - Sending request: POST /api/auth/login HTTP/1.1
17:11:21.219 [main] DEBUG org.apache.http.wire -  >> "POST /api/auth/login HTTP/1.1[\r][\n]"
17:11:21.219 [main] DEBUG org.apache.http.wire -  >> "Accept: */*[\r][\n]"
17:11:21.219 [main] DEBUG org.apache.http.wire -  >> "Content-Type: application/json[\r][\n]"
17:11:21.219 [main] DEBUG org.apache.http.wire -  >> "Content-Length: 32[\r][\n]"
17:11:21.219 [main] DEBUG org.apache.http.wire -  >> "Host: altashop-api.fly.dev[\r][\n]"
17:11:21.219 [main] DEBUG org.apache.http.wire -  >> "Connection: Keep-Alive[\r][\n]"
17:11:21.219 [main] DEBUG org.apache.http.wire -  >> "User-Agent: Apache-HttpClient/4.5.13 (Java/11.0.12)[\r][\n]"
17:11:21.219 [main] DEBUG org.apache.http.wire -  >> "Accept-Encoding: gzip,deflate[\r][\n]"
17:11:21.219 [main] DEBUG org.apache.http.wire -  >> "[\r][\n]"
17:11:21.219 [main] DEBUG org.apache.http.headers - >> POST /api/auth/login HTTP/1.1
17:11:21.219 [main] DEBUG org.apache.http.headers - >> Accept: */*
17:11:21.219 [main] DEBUG org.apache.http.headers - >> Content-Type: application/json
17:11:21.219 [main] DEBUG org.apache.http.headers - >> Content-Length: 32
17:11:21.219 [main] DEBUG org.apache.http.headers - >> Host: altashop-api.fly.dev
17:11:21.219 [main] DEBUG org.apache.http.headers - >> Connection: Keep-Alive
17:11:21.219 [main] DEBUG org.apache.http.headers - >> User-Agent: Apache-HttpClient/4.5.13 (Java/11.0.12)
17:11:21.219 [main] DEBUG org.apache.http.headers - >> Accept-Encoding: gzip,deflate
17:11:21.219 [main] DEBUG org.apache.http.wire -  >> "{"password":"123123","email":""}"
17:11:21.326 [main] DEBUG org.apache.http.wire -  << "HTTP/1.1 400 Bad Request[\r][\n]"
17:11:21.326 [main] DEBUG org.apache.http.wire -  << "content-type: application/json[\r][\n]"
17:11:21.326 [main] DEBUG org.apache.http.wire -  << "date: Thu, 11 May 2023 10:11:23 GMT[\r][\n]"
17:11:21.326 [main] DEBUG org.apache.http.wire -  << "content-encoding: gzip[\r][\n]"
17:11:21.326 [main] DEBUG org.apache.http.wire -  << "transfer-encoding: chunked[\r][\n]"
17:11:21.326 [main] DEBUG org.apache.http.wire -  << "server: Fly/3f2597ca (2023-05-03)[\r][\n]"
17:11:21.326 [main] DEBUG org.apache.http.wire -  << "via: 1.1 fly.io[\r][\n]"
17:11:21.326 [main] DEBUG org.apache.http.wire -  << "fly-request-id: 01H054PG3M29HRS00FH7PHR2TH-sin[\r][\n]"
17:11:21.326 [main] DEBUG org.apache.http.wire -  << "[\r][\n]"
17:11:21.327 [main] DEBUG org.apache.http.impl.conn.DefaultClientConnection - Receiving response: HTTP/1.1 400 Bad Request
17:11:21.327 [main] DEBUG org.apache.http.headers - << HTTP/1.1 400 Bad Request
17:11:21.327 [main] DEBUG org.apache.http.headers - << content-type: application/json
17:11:21.327 [main] DEBUG org.apache.http.headers - << date: Thu, 11 May 2023 10:11:23 GMT
17:11:21.327 [main] DEBUG org.apache.http.headers - << content-encoding: gzip
17:11:21.327 [main] DEBUG org.apache.http.headers - << transfer-encoding: chunked
17:11:21.327 [main] DEBUG org.apache.http.headers - << server: Fly/3f2597ca (2023-05-03)
17:11:21.327 [main] DEBUG org.apache.http.headers - << via: 1.1 fly.io
17:11:21.327 [main] DEBUG org.apache.http.headers - << fly-request-id: 01H054PG3M29HRS00FH7PHR2TH-sin
17:11:21.327 [main] DEBUG org.apache.http.impl.client.DefaultHttpClient - Connection can be kept alive indefinitely
17:11:21.327 [main] DEBUG io.restassured.internal.RestAssuredHttpBuilder - Parsing response as: application/json
17:11:21.327 [main] DEBUG org.apache.http.wire -  << "32[\r][\n]"
17:11:21.327 [main] DEBUG org.apache.http.wire -  << "[0x1f][0x8b][0x8][0x0][0x0][0x0][0x0][0x0][0x4][0xff][0xab]VJ-*[0xca]/R[0xb2]RJ[0xcd]M[0xcc][0xcc]Q[0xc8],V(J-,[0xcd],JMQ[0xaa][0xe5][0x2][0x0]&[0xe3][0xaa]j[0x1e][0x0][0x0][0x0]"
17:11:21.327 [main] DEBUG org.apache.http.wire -  << "[\r][\n]"
17:11:21.327 [main] DEBUG org.apache.http.wire -  << "0[\r][\n]"
17:11:21.327 [main] DEBUG org.apache.http.wire -  << "[\r][\n]"
17:11:21.327 [main] DEBUG io.restassured.internal.RestAssuredHttpBuilder - Parsed data to instance of: class org.apache.http.conn.EofSensorInputStream
17:11:21.328 [main] DEBUG org.apache.http.impl.conn.BasicClientConnectionManager - Releasing connection org.apache.http.impl.conn.ManagedClientConnectionImpl@66a5cbe5
17:11:21.328 [main] DEBUG org.apache.http.impl.conn.BasicClientConnectionManager - Connection can be kept alive indefinitely
17:11:21.328 [main] DEBUG net.thucydides.core.steps.StepInterceptor - STEP DONE: I send POST HTTP request login invalid
  &amp#27;[32mWhen &amp#27;[0m&amp#27;[32mI send POST HTTP request login invalid&amp#27;[0m          &amp#27;[90m# starter.stepdefinitions.AuthSteps.sendPostHttpRequestLoginInvalid()&amp#27;[0m
17:11:21.330 [main] DEBUG net.thucydides.core.steps.StepInterceptor - STARTING STEP: AuthSteps.receiveHttpResponseCode404 - I receive valid HTTP response code 400
17:11:21.331 [main] DEBUG net.thucydides.core.steps.StepInterceptor - STEP DONE: I receive valid HTTP response code 400
  &amp#27;[32mThen &amp#27;[0m&amp#27;[32mI receive valid HTTP response code 400&amp#27;[0m          &amp#27;[90m# starter.stepdefinitions.AuthSteps.receiveHttpResponseCode404()&amp#27;[0m
17:11:21.368 [main] DEBUG net.thucydides.core.steps.StepInterceptor - STARTING STEP: AuthSteps.receiveValidDataForResponseCode400Login - I receive valid data for response code 400 login
17:11:21.370 [Finalizer] DEBUG org.apache.http.impl.conn.DefaultClientConnection - Connection 0.0.0.0:49217<->149.248.193.56:443 closed
17:11:21.373 [Finalizer] DEBUG org.apache.http.impl.conn.DefaultClientConnection - Connection 0.0.0.0:49218<->149.248.193.56:443 closed
17:11:21.375 [Finalizer] DEBUG org.apache.http.impl.conn.DefaultClientConnection - Connection 0.0.0.0:49219<->149.248.193.56:443 closed
17:11:21.386 [main] DEBUG net.thucydides.core.steps.StepInterceptor - STEP DONE: I receive valid data for response code 400 login
  &amp#27;[32mAnd &amp#27;[0m&amp#27;[32mI receive valid data for response code 400 login&amp#27;[0m &amp#27;[90m# starter.stepdefinitions.AuthSteps.receiveValidDataForResponseCode400Login()&amp#27;[0m
17:11:21.388 [main] INFO  - 
  _____   ___   ___   _____     ___     _     ___   ___   ___   ___  
 |_   _| | __| / __| |_   _|   | _ \   /_\   / __| / __| | __| |   \ 
   | |   | _|  \__ \   | |     |  _/  / _ \  \__ \ \__ \ | _|  | |) |
   |_|   |___| |___/   |_|     |_|   /_/ \_\ |___/ |___/ |___| |___/ 

POST As a user I can't login
----------------------------------------------------------------------
]]></system-out>
  </testcase>
  <testcase name="GET As a user I can get user info" classname="Authentication" time="0.522">
    <system-out><![CDATA[
@Authentication @GetUserInfo+
Scenario: GET As a user I can get user info   &amp#27;[90m# src/test/resources/api/Authentication.feature:32&amp#27;[0m
17:11:21.397 [main] INFO io.cucumber.core.plugin.SerenityReporter - Running feature from file:///C:/KULIAH/SEMESTER%206/MSIB/QA/Tugas/Mini%20Project/API/rest-api/src/test/resources/api/Authentication.feature
17:11:21.397 [main] WARN io.cucumber.core.plugin.SerenityReporter - Feature from file:///C:/KULIAH/SEMESTER%206/MSIB/QA/Tugas/Mini%20Project/API/rest-api/src/test/resources/api/Authentication.feature is not under the 'features' directory. Requirements report will not be correctly generated!
17:11:21.399 [main] INFO  - 
  _____   ___   ___   _____     ___   _____     _     ___   _____   ___   ___  
 |_   _| | __| / __| |_   _|   / __| |_   _|   /_\   | _ \ |_   _| | __| |   \ 
   | |   | _|  \__ \   | |     \__ \   | |    / _ \  |   /   | |   | _|  | |) |
   |_|   |___| |___/   |_|     |___/   |_|   /_/ \_\ |_|_\   |_|   |___| |___/ 

GET As a user I can get user info(authentication;get-as-a-user-i-can-get-user-info)
--------------------------------------------------------------------------------
17:11:21.408 [main] DEBUG net.thucydides.core.steps.StepInterceptor - STARTING STEP: AuthSteps.setGetApiEndpointsUserInfo - I set GET api endpoints user info
17:11:21.408 [main] DEBUG net.thucydides.core.steps.StepInterceptor - STEP DONE: I set GET api endpoints user info
  &amp#27;[32mGiven &amp#27;[0m&amp#27;[32mI set GET api endpoints user info&amp#27;[0m     &amp#27;[90m# starter.stepdefinitions.AuthSteps.setGetApiEndpointsUserInfo()&amp#27;[0m
17:11:21.413 [main] DEBUG net.thucydides.core.steps.StepInterceptor - STARTING STEP: AuthSteps.sendGetHttpRequestUserInfo - I send GET HTTP request user info
17:11:21.415 [main] DEBUG net.thucydides.core.steps.StepInterceptor - STARTING STEP: GetUserInfo.sendGetHttpRequest - I set GET api endpoints user info
17:11:21.416 [main] DEBUG net.thucydides.core.steps.StepInterceptor - STEP DONE: I set GET api endpoints user info
17:11:21.433 [main] DEBUG org.apache.http.impl.conn.BasicClientConnectionManager - Get connection for route {s}->https://altashop-api.fly.dev:443
17:11:21.434 [main] DEBUG org.apache.http.impl.conn.DefaultClientConnectionOperator - Connecting to altashop-api.fly.dev:443
17:11:21.716 [main] DEBUG org.apache.http.client.protocol.RequestAddCookies - CookieSpec selected: ignoreCookies
17:11:21.716 [main] DEBUG org.apache.http.client.protocol.RequestAuthCache - Auth cache not set in the context
17:11:21.716 [main] DEBUG org.apache.http.client.protocol.RequestProxyAuthentication - Proxy auth state: UNCHALLENGED
17:11:21.716 [main] DEBUG org.apache.http.impl.client.DefaultHttpClient - Attempt 1 to execute request
17:11:21.717 [main] DEBUG org.apache.http.impl.conn.DefaultClientConnection - Sending request: GET /api/auth/info HTTP/1.1
17:11:21.717 [main] DEBUG org.apache.http.wire -  >> "GET /api/auth/info HTTP/1.1[\r][\n]"
17:11:21.717 [main] DEBUG org.apache.http.wire -  >> "Authorization: Bearer eyJhbGciOiJIUzI1NiIsInR5cCI6IkpXVCJ9.eyJGdWxsbmFtZSI6IkpvaG4gRG9lIiwiRW1haWwiOiJzb21lb25lQG1haWwuY29tIn0.WvBSxcQEqqniC1v08LzkrHcELegs0b7vtjGPWiaEWcI[\r][\n]"
17:11:21.717 [main] DEBUG org.apache.http.wire -  >> "Accept: */*[\r][\n]"
17:11:21.717 [main] DEBUG org.apache.http.wire -  >> "Host: altashop-api.fly.dev[\r][\n]"
17:11:21.717 [main] DEBUG org.apache.http.wire -  >> "Connection: Keep-Alive[\r][\n]"
17:11:21.717 [main] DEBUG org.apache.http.wire -  >> "User-Agent: Apache-HttpClient/4.5.13 (Java/11.0.12)[\r][\n]"
17:11:21.717 [main] DEBUG org.apache.http.wire -  >> "Accept-Encoding: gzip,deflate[\r][\n]"
17:11:21.717 [main] DEBUG org.apache.http.wire -  >> "[\r][\n]"
17:11:21.717 [main] DEBUG org.apache.http.headers - >> GET /api/auth/info HTTP/1.1
17:11:21.717 [main] DEBUG org.apache.http.headers - >> Authorization: Bearer eyJhbGciOiJIUzI1NiIsInR5cCI6IkpXVCJ9.eyJGdWxsbmFtZSI6IkpvaG4gRG9lIiwiRW1haWwiOiJzb21lb25lQG1haWwuY29tIn0.WvBSxcQEqqniC1v08LzkrHcELegs0b7vtjGPWiaEWcI
17:11:21.717 [main] DEBUG org.apache.http.headers - >> Accept: */*
17:11:21.717 [main] DEBUG org.apache.http.headers - >> Host: altashop-api.fly.dev
17:11:21.717 [main] DEBUG org.apache.http.headers - >> Connection: Keep-Alive
17:11:21.717 [main] DEBUG org.apache.http.headers - >> User-Agent: Apache-HttpClient/4.5.13 (Java/11.0.12)
17:11:21.717 [main] DEBUG org.apache.http.headers - >> Accept-Encoding: gzip,deflate
17:11:21.831 [main] DEBUG org.apache.http.wire -  << "HTTP/1.1 200 OK[\r][\n]"
17:11:21.831 [main] DEBUG org.apache.http.wire -  << "content-type: application/json[\r][\n]"
17:11:21.831 [main] DEBUG org.apache.http.wire -  << "date: Thu, 11 May 2023 10:11:24 GMT[\r][\n]"
17:11:21.831 [main] DEBUG org.apache.http.wire -  << "content-encoding: gzip[\r][\n]"
17:11:21.831 [main] DEBUG org.apache.http.wire -  << "transfer-encoding: chunked[\r][\n]"
17:11:21.831 [main] DEBUG org.apache.http.wire -  << "server: Fly/3f2597ca (2023-05-03)[\r][\n]"
17:11:21.831 [main] DEBUG org.apache.http.wire -  << "via: 1.1 fly.io[\r][\n]"
17:11:21.831 [main] DEBUG org.apache.http.wire -  << "fly-request-id: 01H054PGJKYZHMNY3GCNTHFW0Z-sin[\r][\n]"
17:11:21.831 [main] DEBUG org.apache.http.wire -  << "[\r][\n]"
17:11:21.831 [main] DEBUG org.apache.http.impl.conn.DefaultClientConnection - Receiving response: HTTP/1.1 200 OK
17:11:21.831 [main] DEBUG org.apache.http.headers - << HTTP/1.1 200 OK
17:11:21.831 [main] DEBUG org.apache.http.headers - << content-type: application/json
17:11:21.831 [main] DEBUG org.apache.http.headers - << date: Thu, 11 May 2023 10:11:24 GMT
17:11:21.832 [main] DEBUG org.apache.http.headers - << content-encoding: gzip
17:11:21.832 [main] DEBUG org.apache.http.headers - << transfer-encoding: chunked
17:11:21.832 [main] DEBUG org.apache.http.headers - << server: Fly/3f2597ca (2023-05-03)
17:11:21.832 [main] DEBUG org.apache.http.headers - << via: 1.1 fly.io
17:11:21.832 [main] DEBUG org.apache.http.headers - << fly-request-id: 01H054PGJKYZHMNY3GCNTHFW0Z-sin
17:11:21.832 [main] DEBUG org.apache.http.impl.client.DefaultHttpClient - Connection can be kept alive indefinitely
17:11:21.832 [main] DEBUG io.restassured.internal.RestAssuredHttpBuilder - Parsing response as: application/json
17:11:21.832 [main] DEBUG org.apache.http.wire -  << "70[\r][\n]"
17:11:21.832 [main] DEBUG org.apache.http.wire -  << "[0x1f][0x8b][0x8][0x0][0x0][0x0][0x0][0x0][0x4][0xff][0xab]VJI,IT[0xb2][0xaa]V[0xf2]tQ[0xb2]2263[0xb3][0xd0]Qr+[0xcd][0xc9][0xc9]K[0xcc]MU[0xb2]Rr[0xcb],*.[0x1][0xb1][0x15]|[0x12]![0xc]%[0x1d]%[0xd7][0xdc][0xc4][0xcc][0x1c]%+[0xa5][0xe2][0xfc][0xdc][0xd4][0xfc][0xbc]T[0x7][0x10]W/9?WIG) [0xb1][0xb8][0xb8]<[0xbf](E[0xc9]J[0xc9][0xd0][0xc8][0xd8][0xd0][0xc8]X[0xa9][0xb6][0x96][0xb][0x0]M[0x11]M[0xb2]e[0x0][0x0][0x0]"
17:11:21.832 [main] DEBUG org.apache.http.wire -  << "[\r][\n]"
17:11:21.832 [main] DEBUG org.apache.http.wire -  << "0[\r][\n]"
17:11:21.832 [main] DEBUG org.apache.http.wire -  << "[\r][\n]"
17:11:21.832 [main] DEBUG io.restassured.internal.RestAssuredHttpBuilder - Parsed data to instance of: class org.apache.http.conn.EofSensorInputStream
17:11:21.833 [main] DEBUG org.apache.http.impl.conn.BasicClientConnectionManager - Releasing connection org.apache.http.impl.conn.ManagedClientConnectionImpl@4ef6177c
17:11:21.833 [main] DEBUG org.apache.http.impl.conn.BasicClientConnectionManager - Connection can be kept alive indefinitely
17:11:21.834 [main] DEBUG net.thucydides.core.steps.StepInterceptor - STEP DONE: I send GET HTTP request user info
  &amp#27;[32mWhen &amp#27;[0m&amp#27;[32mI send GET HTTP request user info&amp#27;[0m      &amp#27;[90m# starter.stepdefinitions.AuthSteps.sendGetHttpRequestUserInfo()&amp#27;[0m
17:11:21.850 [main] DEBUG net.thucydides.core.steps.StepInterceptor - STARTING STEP: ProductsSteps.receiveValidHttpResponseCode200 - I receive valid HTTP response code 200
17:11:21.851 [main] DEBUG net.thucydides.core.steps.StepInterceptor - STEP DONE: I receive valid HTTP response code 200
  &amp#27;[32mThen &amp#27;[0m&amp#27;[32mI receive valid HTTP response code 200&amp#27;[0m &amp#27;[90m# starter.stepdefinitions.ProductsSteps.receiveValidHttpResponseCode200()&amp#27;[0m
17:11:21.853 [main] DEBUG net.thucydides.core.steps.StepInterceptor - STARTING STEP: AuthSteps.receiveValidDataForUserInfo - I receive valid data for user info
17:11:21.908 [main] DEBUG net.thucydides.core.steps.StepInterceptor - STEP DONE: I receive valid data for user info
  &amp#27;[32mAnd &amp#27;[0m&amp#27;[32mI receive valid data for user info&amp#27;[0m      &amp#27;[90m# starter.stepdefinitions.AuthSteps.receiveValidDataForUserInfo()&amp#27;[0m
17:11:21.911 [main] INFO  - 
  _____   ___   ___   _____     ___     _     ___   ___   ___   ___  
 |_   _| | __| / __| |_   _|   | _ \   /_\   / __| / __| | __| |   \ 
   | |   | _|  \__ \   | |     |  _/  / _ \  \__ \ \__ \ | _|  | |) |
   |_|   |___| |___/   |_|     |_|   /_/ \_\ |___/ |___/ |___| |___/ 

GET As a user I can get user info
----------------------------------------------------------------------
]]></system-out>
  </testcase>
  <testcase name="GET As a user I can&apos;t get user info" classname="Authentication" time="0.378">
    <system-out><![CDATA[
@Authentication @GetUserInfo-
Scenario: GET As a user I can't get user info    &amp#27;[90m# src/test/resources/api/Authentication.feature:38&amp#27;[0m
17:11:21.918 [main] INFO io.cucumber.core.plugin.SerenityReporter - Running feature from file:///C:/KULIAH/SEMESTER%206/MSIB/QA/Tugas/Mini%20Project/API/rest-api/src/test/resources/api/Authentication.feature
17:11:21.918 [main] WARN io.cucumber.core.plugin.SerenityReporter - Feature from file:///C:/KULIAH/SEMESTER%206/MSIB/QA/Tugas/Mini%20Project/API/rest-api/src/test/resources/api/Authentication.feature is not under the 'features' directory. Requirements report will not be correctly generated!
17:11:21.919 [main] INFO  - 
  _____   ___   ___   _____     ___   _____     _     ___   _____   ___   ___  
 |_   _| | __| / __| |_   _|   / __| |_   _|   /_\   | _ \ |_   _| | __| |   \ 
   | |   | _|  \__ \   | |     \__ \   | |    / _ \  |   /   | |   | _|  | |) |
   |_|   |___| |___/   |_|     |___/   |_|   /_/ \_\ |_|_\   |_|   |___| |___/ 

GET As a user I can't get user info(authentication;get-as-a-user-i-can-t-get-user-info)
--------------------------------------------------------------------------------
17:11:21.927 [main] DEBUG net.thucydides.core.steps.StepInterceptor - STARTING STEP: AuthSteps.setGetApiEndpointsUserInfo - I set GET api endpoints user info
17:11:21.927 [main] DEBUG net.thucydides.core.steps.StepInterceptor - STEP DONE: I set GET api endpoints user info
  &amp#27;[32mGiven &amp#27;[0m&amp#27;[32mI set GET api endpoints user info&amp#27;[0m        &amp#27;[90m# starter.stepdefinitions.AuthSteps.setGetApiEndpointsUserInfo()&amp#27;[0m
17:11:21.929 [main] DEBUG net.thucydides.core.steps.StepInterceptor - STARTING STEP: AuthSteps.sendGetHttpRequestUserInfoInvalid - I send GET HTTP request user info invalid
17:11:21.930 [main] DEBUG net.thucydides.core.steps.StepInterceptor - STARTING STEP: GetUserInfo.sendGetHttpRequestInvalid - I set GET api endpoints user info
17:11:21.930 [main] DEBUG net.thucydides.core.steps.StepInterceptor - STEP DONE: I set GET api endpoints user info
17:11:21.939 [main] DEBUG org.apache.http.impl.conn.BasicClientConnectionManager - Get connection for route {s}->https://altashop-api.fly.dev:443
17:11:21.939 [main] DEBUG org.apache.http.impl.conn.DefaultClientConnectionOperator - Connecting to altashop-api.fly.dev:443
17:11:22.145 [main] DEBUG org.apache.http.client.protocol.RequestAddCookies - CookieSpec selected: ignoreCookies
17:11:22.145 [main] DEBUG org.apache.http.client.protocol.RequestAuthCache - Auth cache not set in the context
17:11:22.145 [main] DEBUG org.apache.http.client.protocol.RequestTargetAuthentication - Target auth state: UNCHALLENGED
17:11:22.145 [main] DEBUG org.apache.http.client.protocol.RequestProxyAuthentication - Proxy auth state: UNCHALLENGED
17:11:22.145 [main] DEBUG org.apache.http.impl.client.DefaultHttpClient - Attempt 1 to execute request
17:11:22.145 [main] DEBUG org.apache.http.impl.conn.DefaultClientConnection - Sending request: GET /api/auth/info HTTP/1.1
17:11:22.145 [main] DEBUG org.apache.http.wire -  >> "GET /api/auth/info HTTP/1.1[\r][\n]"
17:11:22.145 [main] DEBUG org.apache.http.wire -  >> "Accept: */*[\r][\n]"
17:11:22.145 [main] DEBUG org.apache.http.wire -  >> "Host: altashop-api.fly.dev[\r][\n]"
17:11:22.145 [main] DEBUG org.apache.http.wire -  >> "Connection: Keep-Alive[\r][\n]"
17:11:22.145 [main] DEBUG org.apache.http.wire -  >> "User-Agent: Apache-HttpClient/4.5.13 (Java/11.0.12)[\r][\n]"
17:11:22.145 [main] DEBUG org.apache.http.wire -  >> "Accept-Encoding: gzip,deflate[\r][\n]"
17:11:22.145 [main] DEBUG org.apache.http.wire -  >> "[\r][\n]"
17:11:22.145 [main] DEBUG org.apache.http.headers - >> GET /api/auth/info HTTP/1.1
17:11:22.145 [main] DEBUG org.apache.http.headers - >> Accept: */*
17:11:22.145 [main] DEBUG org.apache.http.headers - >> Host: altashop-api.fly.dev
17:11:22.145 [main] DEBUG org.apache.http.headers - >> Connection: Keep-Alive
17:11:22.145 [main] DEBUG org.apache.http.headers - >> User-Agent: Apache-HttpClient/4.5.13 (Java/11.0.12)
17:11:22.145 [main] DEBUG org.apache.http.headers - >> Accept-Encoding: gzip,deflate
17:11:22.266 [main] DEBUG org.apache.http.wire -  << "HTTP/1.1 401 Unauthorized[\r][\n]"
17:11:22.266 [main] DEBUG org.apache.http.wire -  << "content-type: application/json[\r][\n]"
17:11:22.266 [main] DEBUG org.apache.http.wire -  << "date: Thu, 11 May 2023 10:11:24 GMT[\r][\n]"
17:11:22.266 [main] DEBUG org.apache.http.wire -  << "content-encoding: gzip[\r][\n]"
17:11:22.266 [main] DEBUG org.apache.http.wire -  << "transfer-encoding: chunked[\r][\n]"
17:11:22.266 [main] DEBUG org.apache.http.wire -  << "server: Fly/3f2597ca (2023-05-03)[\r][\n]"
17:11:22.266 [main] DEBUG org.apache.http.wire -  << "via: 1.1 fly.io[\r][\n]"
17:11:22.266 [main] DEBUG org.apache.http.wire -  << "fly-request-id: 01H054PGZTWG1JB976DX534E7Y-sin[\r][\n]"
17:11:22.266 [main] DEBUG org.apache.http.wire -  << "[\r][\n]"
17:11:22.266 [main] DEBUG org.apache.http.impl.conn.DefaultClientConnection - Receiving response: HTTP/1.1 401 Unauthorized
17:11:22.266 [main] DEBUG org.apache.http.headers - << HTTP/1.1 401 Unauthorized
17:11:22.266 [main] DEBUG org.apache.http.headers - << content-type: application/json
17:11:22.266 [main] DEBUG org.apache.http.headers - << date: Thu, 11 May 2023 10:11:24 GMT
17:11:22.266 [main] DEBUG org.apache.http.headers - << content-encoding: gzip
17:11:22.266 [main] DEBUG org.apache.http.headers - << transfer-encoding: chunked
17:11:22.266 [main] DEBUG org.apache.http.headers - << server: Fly/3f2597ca (2023-05-03)
17:11:22.266 [main] DEBUG org.apache.http.headers - << via: 1.1 fly.io
17:11:22.266 [main] DEBUG org.apache.http.headers - << fly-request-id: 01H054PGZTWG1JB976DX534E7Y-sin
17:11:22.266 [main] DEBUG org.apache.http.impl.client.DefaultHttpClient - Connection can be kept alive indefinitely
17:11:22.266 [main] DEBUG org.apache.http.impl.client.DefaultHttpClient - Authentication required
17:11:22.266 [main] DEBUG org.apache.http.impl.client.DefaultHttpClient - altashop-api.fly.dev:443 requested authentication
17:11:22.266 [main] DEBUG org.apache.http.impl.client.DefaultHttpClient - Response contains no authentication challenges
17:11:22.267 [main] DEBUG io.restassured.internal.RestAssuredHttpBuilder - Parsing response as: application/json
17:11:22.267 [main] DEBUG org.apache.http.wire -  << "2D[\r][\n]"
17:11:22.267 [main] DEBUG org.apache.http.wire -  << "[0x1f][0x8b][0x8][0x0][0x0][0x0][0x0][0x0][0x4][0xff][0xab]VJ-*[0xca]/R[0xb2]R*[0xcd]K,-[0xc9][0xc8]/[0xca][0xac]JMQ[0xaa][0xe5][0x2][0x0]@[0x17]da[0x19][0x0][0x0][0x0]"
17:11:22.267 [main] DEBUG org.apache.http.wire -  << "[\r][\n]"
17:11:22.267 [main] DEBUG org.apache.http.wire -  << "0[\r][\n]"
17:11:22.267 [main] DEBUG org.apache.http.wire -  << "[\r][\n]"
17:11:22.267 [main] DEBUG io.restassured.internal.RestAssuredHttpBuilder - Parsed data to instance of: class org.apache.http.conn.EofSensorInputStream
17:11:22.268 [main] DEBUG org.apache.http.impl.conn.BasicClientConnectionManager - Releasing connection org.apache.http.impl.conn.ManagedClientConnectionImpl@7e64b248
17:11:22.268 [main] DEBUG org.apache.http.impl.conn.BasicClientConnectionManager - Connection can be kept alive indefinitely
17:11:22.268 [main] DEBUG net.thucydides.core.steps.StepInterceptor - STEP DONE: I send GET HTTP request user info invalid
  &amp#27;[32mWhen &amp#27;[0m&amp#27;[32mI send GET HTTP request user info invalid&amp#27;[0m &amp#27;[90m# starter.stepdefinitions.AuthSteps.sendGetHttpRequestUserInfoInvalid()&amp#27;[0m
17:11:22.272 [main] DEBUG net.thucydides.core.steps.StepInterceptor - STARTING STEP: AuthSteps.receiveHttpResponseCode401 - I receive valid HTTP response code 401
17:11:22.273 [main] DEBUG net.thucydides.core.steps.StepInterceptor - STEP DONE: I receive valid HTTP response code 401
  &amp#27;[32mThen &amp#27;[0m&amp#27;[32mI receive valid HTTP response code 401&amp#27;[0m    &amp#27;[90m# starter.stepdefinitions.AuthSteps.receiveHttpResponseCode401()&amp#27;[0m
17:11:22.276 [main] DEBUG net.thucydides.core.steps.StepInterceptor - STARTING STEP: AuthSteps.receiveValidDataForResponseCode401 - I receive valid data for response code 401
17:11:22.288 [main] DEBUG net.thucydides.core.steps.StepInterceptor - STEP DONE: I receive valid data for response code 401
  &amp#27;[32mAnd &amp#27;[0m&amp#27;[32mI receive valid data for response code 401&amp#27;[0m &amp#27;[90m# starter.stepdefinitions.AuthSteps.receiveValidDataForResponseCode401()&amp#27;[0m
17:11:22.289 [main] INFO  - 
  _____   ___   ___   _____     ___     _     ___   ___   ___   ___  
 |_   _| | __| / __| |_   _|   | _ \   /_\   / __| / __| | __| |   \ 
   | |   | _|  \__ \   | |     |  _/  / _ \  \__ \ \__ \ | _|  | |) |
   |_|   |___| |___/   |_|     |_|   /_/ \_\ |___/ |___/ |___| |___/ 

GET As a user I can't get user info
----------------------------------------------------------------------
]]></system-out>
  </testcase>
  <testcase name="GET As a user I can get &quot;hello&quot; text" classname="Hello" time="0.285">
    <system-out><![CDATA[17:11:22.291 [main] INFO io.cucumber.core.plugin.SerenityReporter - Running feature from file:///C:/KULIAH/SEMESTER%206/MSIB/QA/Tugas/Mini%20Project/API/rest-api/src/test/resources/api/Hello.feature
17:11:22.291 [main] WARN io.cucumber.core.plugin.SerenityReporter - Feature from file:///C:/KULIAH/SEMESTER%206/MSIB/QA/Tugas/Mini%20Project/API/rest-api/src/test/resources/api/Hello.feature is not under the 'features' directory. Requirements report will not be correctly generated!
17:11:22.292 [main] DEBUG net.thucydides.core.steps.StepEventBus - Test suite started for story net.thucydides.core.model.Story@68723e1e
17:11:22.292 [main] INFO  - Test Suite Started: Hello

@Hello @GetHello+
Scenario: GET As a user I can get "hello" text &amp#27;[90m# src/test/resources/api/Hello.feature:6&amp#27;[0m
17:11:22.298 [main] INFO io.cucumber.core.plugin.SerenityReporter - Running feature from file:///C:/KULIAH/SEMESTER%206/MSIB/QA/Tugas/Mini%20Project/API/rest-api/src/test/resources/api/Hello.feature
17:11:22.298 [main] WARN io.cucumber.core.plugin.SerenityReporter - Feature from file:///C:/KULIAH/SEMESTER%206/MSIB/QA/Tugas/Mini%20Project/API/rest-api/src/test/resources/api/Hello.feature is not under the 'features' directory. Requirements report will not be correctly generated!
17:11:22.299 [main] INFO  - 
  _____   ___   ___   _____     ___   _____     _     ___   _____   ___   ___  
 |_   _| | __| / __| |_   _|   / __| |_   _|   /_\   | _ \ |_   _| | __| |   \ 
   | |   | _|  \__ \   | |     \__ \   | |    / _ \  |   /   | |   | _|  | |) |
   |_|   |___| |___/   |_|     |___/   |_|   /_/ \_\ |_|_\   |_|   |___| |___/ 

GET As a user I can get "hello" text(hello;get-as-a-user-i-can-get-"hello"-text)
--------------------------------------------------------------------------------
17:11:22.311 [main] DEBUG net.thucydides.core.steps.StepInterceptor - STARTING STEP: HelloSteps.setGetApiEndpointsHello - I set GET api endpoints hello
17:11:22.311 [main] DEBUG net.thucydides.core.steps.StepInterceptor - STEP DONE: I set GET api endpoints hello
  &amp#27;[32mGiven &amp#27;[0m&amp#27;[32mI set GET api endpoints hello&amp#27;[0m          &amp#27;[90m# starter.stepdefinitions.HelloSteps.setGetApiEndpointsHello()&amp#27;[0m
17:11:22.313 [main] DEBUG net.thucydides.core.steps.StepInterceptor - STARTING STEP: HelloSteps.sendGetHttpRequestHello - I send GET HTTP request hello
17:11:22.314 [main] DEBUG net.thucydides.core.steps.StepInterceptor - STARTING STEP: GetIndex.sendGetHttpRequest - I set GET api endpoints hello
17:11:22.314 [main] DEBUG net.thucydides.core.steps.StepInterceptor - STEP DONE: I set GET api endpoints hello
17:11:22.323 [main] DEBUG org.apache.http.impl.conn.BasicClientConnectionManager - Get connection for route {s}->https://altashop-api.fly.dev:443
17:11:22.323 [main] DEBUG org.apache.http.impl.conn.DefaultClientConnectionOperator - Connecting to altashop-api.fly.dev:443
17:11:22.470 [main] DEBUG org.apache.http.client.protocol.RequestAddCookies - CookieSpec selected: ignoreCookies
17:11:22.470 [main] DEBUG org.apache.http.client.protocol.RequestAuthCache - Auth cache not set in the context
17:11:22.470 [main] DEBUG org.apache.http.client.protocol.RequestTargetAuthentication - Target auth state: UNCHALLENGED
17:11:22.470 [main] DEBUG org.apache.http.client.protocol.RequestProxyAuthentication - Proxy auth state: UNCHALLENGED
17:11:22.470 [main] DEBUG org.apache.http.impl.client.DefaultHttpClient - Attempt 1 to execute request
17:11:22.470 [main] DEBUG org.apache.http.impl.conn.DefaultClientConnection - Sending request: GET /api/hello HTTP/1.1
17:11:22.470 [main] DEBUG org.apache.http.wire -  >> "GET /api/hello HTTP/1.1[\r][\n]"
17:11:22.470 [main] DEBUG org.apache.http.wire -  >> "Accept: */*[\r][\n]"
17:11:22.470 [main] DEBUG org.apache.http.wire -  >> "Host: altashop-api.fly.dev[\r][\n]"
17:11:22.470 [main] DEBUG org.apache.http.wire -  >> "Connection: Keep-Alive[\r][\n]"
17:11:22.470 [main] DEBUG org.apache.http.wire -  >> "User-Agent: Apache-HttpClient/4.5.13 (Java/11.0.12)[\r][\n]"
17:11:22.470 [main] DEBUG org.apache.http.wire -  >> "Accept-Encoding: gzip,deflate[\r][\n]"
17:11:22.470 [main] DEBUG org.apache.http.wire -  >> "[\r][\n]"
17:11:22.470 [main] DEBUG org.apache.http.headers - >> GET /api/hello HTTP/1.1
17:11:22.470 [main] DEBUG org.apache.http.headers - >> Accept: */*
17:11:22.470 [main] DEBUG org.apache.http.headers - >> Host: altashop-api.fly.dev
17:11:22.470 [main] DEBUG org.apache.http.headers - >> Connection: Keep-Alive
17:11:22.470 [main] DEBUG org.apache.http.headers - >> User-Agent: Apache-HttpClient/4.5.13 (Java/11.0.12)
17:11:22.470 [main] DEBUG org.apache.http.headers - >> Accept-Encoding: gzip,deflate
17:11:22.547 [main] DEBUG org.apache.http.wire -  << "HTTP/1.1 200 OK[\r][\n]"
17:11:22.547 [main] DEBUG org.apache.http.wire -  << "content-type: application/json[\r][\n]"
17:11:22.547 [main] DEBUG org.apache.http.wire -  << "date: Thu, 11 May 2023 10:11:25 GMT[\r][\n]"
17:11:22.547 [main] DEBUG org.apache.http.wire -  << "content-encoding: gzip[\r][\n]"
17:11:22.547 [main] DEBUG org.apache.http.wire -  << "transfer-encoding: chunked[\r][\n]"
17:11:22.547 [main] DEBUG org.apache.http.wire -  << "server: Fly/3f2597ca (2023-05-03)[\r][\n]"
17:11:22.547 [main] DEBUG org.apache.http.wire -  << "via: 1.1 fly.io[\r][\n]"
17:11:22.547 [main] DEBUG org.apache.http.wire -  << "fly-request-id: 01H054PH9XQDXWG1BYZ8S26XPC-sin[\r][\n]"
17:11:22.547 [main] DEBUG org.apache.http.wire -  << "[\r][\n]"
17:11:22.547 [main] DEBUG org.apache.http.impl.conn.DefaultClientConnection - Receiving response: HTTP/1.1 200 OK
17:11:22.547 [main] DEBUG org.apache.http.headers - << HTTP/1.1 200 OK
17:11:22.548 [main] DEBUG org.apache.http.headers - << content-type: application/json
17:11:22.548 [main] DEBUG org.apache.http.headers - << date: Thu, 11 May 2023 10:11:25 GMT
17:11:22.548 [main] DEBUG org.apache.http.headers - << content-encoding: gzip
17:11:22.548 [main] DEBUG org.apache.http.headers - << transfer-encoding: chunked
17:11:22.548 [main] DEBUG org.apache.http.headers - << server: Fly/3f2597ca (2023-05-03)
17:11:22.548 [main] DEBUG org.apache.http.headers - << via: 1.1 fly.io
17:11:22.548 [main] DEBUG org.apache.http.headers - << fly-request-id: 01H054PH9XQDXWG1BYZ8S26XPC-sin
17:11:22.548 [main] DEBUG org.apache.http.impl.client.DefaultHttpClient - Connection can be kept alive indefinitely
17:11:22.548 [main] DEBUG io.restassured.internal.RestAssuredHttpBuilder - Parsing response as: application/json
17:11:22.548 [main] DEBUG org.apache.http.wire -  << "25[\r][\n]"
17:11:22.548 [main] DEBUG org.apache.http.wire -  << "[0x1f][0x8b][0x8][0x0][0x0][0x0][0x0][0x0][0x4][0xff][0xab]VJI,IT[0xb2]R[0xca]H[0xcd][0xc9][0xc9]W[0xaa][0xe5][0x2][0x0][0xfd][0x95][0xfe]N[0x11][0x0][0x0][0x0]"
17:11:22.548 [main] DEBUG org.apache.http.wire -  << "[\r][\n]"
17:11:22.548 [main] DEBUG org.apache.http.wire -  << "0[\r][\n]"
17:11:22.548 [main] DEBUG org.apache.http.wire -  << "[\r][\n]"
17:11:22.548 [main] DEBUG io.restassured.internal.RestAssuredHttpBuilder - Parsed data to instance of: class org.apache.http.conn.EofSensorInputStream
17:11:22.550 [main] DEBUG org.apache.http.impl.conn.BasicClientConnectionManager - Releasing connection org.apache.http.impl.conn.ManagedClientConnectionImpl@bf3aa52
17:11:22.550 [main] DEBUG org.apache.http.impl.conn.BasicClientConnectionManager - Connection can be kept alive indefinitely
17:11:22.550 [main] DEBUG net.thucydides.core.steps.StepInterceptor - STEP DONE: I send GET HTTP request hello
  &amp#27;[32mWhen &amp#27;[0m&amp#27;[32mI send GET HTTP request hello&amp#27;[0m           &amp#27;[90m# starter.stepdefinitions.HelloSteps.sendGetHttpRequestHello()&amp#27;[0m
17:11:22.562 [main] DEBUG net.thucydides.core.steps.StepInterceptor - STARTING STEP: ProductsSteps.receiveValidHttpResponseCode200 - I receive valid HTTP response code 200
17:11:22.562 [main] DEBUG net.thucydides.core.steps.StepInterceptor - STEP DONE: I receive valid HTTP response code 200
  &amp#27;[32mThen &amp#27;[0m&amp#27;[32mI receive valid HTTP response code 200&amp#27;[0m  &amp#27;[90m# starter.stepdefinitions.ProductsSteps.receiveValidHttpResponseCode200()&amp#27;[0m
17:11:22.566 [main] DEBUG net.thucydides.core.steps.StepInterceptor - STARTING STEP: HelloSteps.validateDataRegister - I receive valid data for hello
17:11:22.576 [main] DEBUG net.thucydides.core.steps.StepInterceptor - STEP DONE: I receive valid data for hello
  &amp#27;[32mAnd &amp#27;[0m&amp#27;[32mI receive valid data for hello&amp#27;[0m           &amp#27;[90m# starter.stepdefinitions.HelloSteps.validateDataRegister()&amp#27;[0m
17:11:22.577 [main] INFO  - 
  _____   ___   ___   _____     ___     _     ___   ___   ___   ___  
 |_   _| | __| / __| |_   _|   | _ \   /_\   / __| / __| | __| |   \ 
   | |   | _|  \__ \   | |     |  _/  / _ \  \__ \ \__ \ | _|  | |) |
   |_|   |___| |___/   |_|     |_|   /_/ \_\ |___/ |___/ |___| |___/ 

GET As a user I can get "hello" text
----------------------------------------------------------------------
]]></system-out>
  </testcase>
  <testcase name="GET As a user I can&apos;t get &quot;hello&quot; text" classname="Hello" time="0.68">
    <system-out><![CDATA[
@Hello @GetHello-
Scenario: GET As a user I can't get "hello" text &amp#27;[90m# src/test/resources/api/Hello.feature:12&amp#27;[0m
17:11:22.584 [main] INFO io.cucumber.core.plugin.SerenityReporter - Running feature from file:///C:/KULIAH/SEMESTER%206/MSIB/QA/Tugas/Mini%20Project/API/rest-api/src/test/resources/api/Hello.feature
17:11:22.584 [main] WARN io.cucumber.core.plugin.SerenityReporter - Feature from file:///C:/KULIAH/SEMESTER%206/MSIB/QA/Tugas/Mini%20Project/API/rest-api/src/test/resources/api/Hello.feature is not under the 'features' directory. Requirements report will not be correctly generated!
17:11:22.586 [main] INFO  - 
  _____   ___   ___   _____     ___   _____     _     ___   _____   ___   ___  
 |_   _| | __| / __| |_   _|   / __| |_   _|   /_\   | _ \ |_   _| | __| |   \ 
   | |   | _|  \__ \   | |     \__ \   | |    / _ \  |   /   | |   | _|  | |) |
   |_|   |___| |___/   |_|     |___/   |_|   /_/ \_\ |_|_\   |_|   |___| |___/ 

GET As a user I can't get "hello" text(hello;get-as-a-user-i-can-t-get-"hello"-text)
--------------------------------------------------------------------------------
17:11:22.591 [main] DEBUG net.thucydides.core.steps.StepInterceptor - STARTING STEP: HelloSteps.setGetApiEndpointsHelloInvalid - I set GET api endpoints hello invalid
17:11:22.591 [main] DEBUG net.thucydides.core.steps.StepInterceptor - STEP DONE: I set GET api endpoints hello invalid
  &amp#27;[32mGiven &amp#27;[0m&amp#27;[32mI set GET api endpoints hello invalid&amp#27;[0m    &amp#27;[90m# starter.stepdefinitions.HelloSteps.setGetApiEndpointsHelloInvalid()&amp#27;[0m
17:11:22.593 [main] DEBUG net.thucydides.core.steps.StepInterceptor - STARTING STEP: HelloSteps.sendGetHttpRequestHelloInvalid - I send GET HTTP request hello invalid
17:11:22.595 [main] DEBUG net.thucydides.core.steps.StepInterceptor - STARTING STEP: GetIndex.sendGetHttpRequestInvalid - I set GET api endpoints hello invalid
17:11:22.596 [main] DEBUG net.thucydides.core.steps.StepInterceptor - STEP DONE: I set GET api endpoints hello invalid
17:11:22.605 [main] DEBUG org.apache.http.impl.conn.BasicClientConnectionManager - Get connection for route {s}->https://altashop-api.fly.dev:443
17:11:22.605 [main] DEBUG org.apache.http.impl.conn.DefaultClientConnectionOperator - Connecting to altashop-api.fly.dev:443
17:11:22.851 [main] DEBUG org.apache.http.client.protocol.RequestAddCookies - CookieSpec selected: ignoreCookies
17:11:22.851 [main] DEBUG org.apache.http.client.protocol.RequestAuthCache - Auth cache not set in the context
17:11:22.851 [main] DEBUG org.apache.http.client.protocol.RequestTargetAuthentication - Target auth state: UNCHALLENGED
17:11:22.851 [main] DEBUG org.apache.http.client.protocol.RequestProxyAuthentication - Proxy auth state: UNCHALLENGED
17:11:22.851 [main] DEBUG org.apache.http.impl.client.DefaultHttpClient - Attempt 1 to execute request
17:11:22.851 [main] DEBUG org.apache.http.impl.conn.DefaultClientConnection - Sending request: GET /api/hell HTTP/1.1
17:11:22.851 [main] DEBUG org.apache.http.wire -  >> "GET /api/hell HTTP/1.1[\r][\n]"
17:11:22.851 [main] DEBUG org.apache.http.wire -  >> "Accept: */*[\r][\n]"
17:11:22.851 [main] DEBUG org.apache.http.wire -  >> "Host: altashop-api.fly.dev[\r][\n]"
17:11:22.851 [main] DEBUG org.apache.http.wire -  >> "Connection: Keep-Alive[\r][\n]"
17:11:22.851 [main] DEBUG org.apache.http.wire -  >> "User-Agent: Apache-HttpClient/4.5.13 (Java/11.0.12)[\r][\n]"
17:11:22.851 [main] DEBUG org.apache.http.wire -  >> "Accept-Encoding: gzip,deflate[\r][\n]"
17:11:22.851 [main] DEBUG org.apache.http.wire -  >> "[\r][\n]"
17:11:22.851 [main] DEBUG org.apache.http.headers - >> GET /api/hell HTTP/1.1
17:11:22.851 [main] DEBUG org.apache.http.headers - >> Accept: */*
17:11:22.851 [main] DEBUG org.apache.http.headers - >> Host: altashop-api.fly.dev
17:11:22.851 [main] DEBUG org.apache.http.headers - >> Connection: Keep-Alive
17:11:22.851 [main] DEBUG org.apache.http.headers - >> User-Agent: Apache-HttpClient/4.5.13 (Java/11.0.12)
17:11:22.851 [main] DEBUG org.apache.http.headers - >> Accept-Encoding: gzip,deflate
17:11:22.942 [main] DEBUG org.apache.http.wire -  << "HTTP/1.1 404 Not Found[\r][\n]"
17:11:22.942 [main] DEBUG org.apache.http.wire -  << "date: Thu, 11 May 2023 10:11:25 GMT[\r][\n]"
17:11:22.942 [main] DEBUG org.apache.http.wire -  << "content-encoding: gzip[\r][\n]"
17:11:22.942 [main] DEBUG org.apache.http.wire -  << "content-type: text/plain; charset=utf-8[\r][\n]"
17:11:22.942 [main] DEBUG org.apache.http.wire -  << "transfer-encoding: chunked[\r][\n]"
17:11:22.942 [main] DEBUG org.apache.http.wire -  << "server: Fly/3f2597ca (2023-05-03)[\r][\n]"
17:11:22.942 [main] DEBUG org.apache.http.wire -  << "via: 1.1 fly.io[\r][\n]"
17:11:22.942 [main] DEBUG org.apache.http.wire -  << "fly-request-id: 01H054PHPJ7G3355ZJ5R3NT5V2-sin[\r][\n]"
17:11:22.942 [main] DEBUG org.apache.http.wire -  << "[\r][\n]"
17:11:22.942 [main] DEBUG org.apache.http.impl.conn.DefaultClientConnection - Receiving response: HTTP/1.1 404 Not Found
17:11:22.942 [main] DEBUG org.apache.http.headers - << HTTP/1.1 404 Not Found
17:11:22.942 [main] DEBUG org.apache.http.headers - << date: Thu, 11 May 2023 10:11:25 GMT
17:11:22.942 [main] DEBUG org.apache.http.headers - << content-encoding: gzip
17:11:22.942 [main] DEBUG org.apache.http.headers - << content-type: text/plain; charset=utf-8
17:11:22.942 [main] DEBUG org.apache.http.headers - << transfer-encoding: chunked
17:11:22.942 [main] DEBUG org.apache.http.headers - << server: Fly/3f2597ca (2023-05-03)
17:11:22.942 [main] DEBUG org.apache.http.headers - << via: 1.1 fly.io
17:11:22.942 [main] DEBUG org.apache.http.headers - << fly-request-id: 01H054PHPJ7G3355ZJ5R3NT5V2-sin
17:11:22.942 [main] DEBUG org.apache.http.impl.client.DefaultHttpClient - Connection can be kept alive indefinitely
17:11:22.943 [main] DEBUG io.restassured.internal.RestAssuredHttpBuilder - Parsing response as: text/plain; charset=utf-8
17:11:22.943 [main] DEBUG org.apache.http.wire -  << "1E[\r][\n]"
17:11:22.943 [main] DEBUG org.apache.http.wire -  << "[0x1f][0x8b][0x8][0x0][0x0][0x0][0x0][0x0][0x4][0xff][0xcb][0xcb]/QH[0xcb]/[0xcd]K[0xe1][0x2][0x0][0xd4]I[0xfa]r[\n]"
17:11:22.943 [main] DEBUG org.apache.http.wire -  << "[0x0][0x0][0x0]"
17:11:22.943 [main] DEBUG org.apache.http.wire -  << "[\r][\n]"
17:11:22.943 [main] DEBUG org.apache.http.wire -  << "0[\r][\n]"
17:11:22.943 [main] DEBUG org.apache.http.wire -  << "[\r][\n]"
17:11:22.943 [main] DEBUG io.restassured.internal.RestAssuredHttpBuilder - Parsed data to instance of: class org.apache.http.conn.EofSensorInputStream
17:11:22.949 [main] DEBUG org.apache.http.impl.conn.BasicClientConnectionManager - Releasing connection org.apache.http.impl.conn.ManagedClientConnectionImpl@71c45428
17:11:22.950 [main] DEBUG org.apache.http.impl.conn.BasicClientConnectionManager - Connection can be kept alive indefinitely
17:11:22.950 [main] DEBUG net.thucydides.core.steps.StepInterceptor - STEP DONE: I send GET HTTP request hello invalid
  &amp#27;[32mWhen &amp#27;[0m&amp#27;[32mI send GET HTTP request hello invalid&amp#27;[0m     &amp#27;[90m# starter.stepdefinitions.HelloSteps.sendGetHttpRequestHelloInvalid()&amp#27;[0m
17:11:22.969 [main] DEBUG net.thucydides.core.steps.StepInterceptor - STARTING STEP: ProductsSteps.receiveHttpResponseCode404 - I receive valid HTTP response code 404
17:11:22.970 [main] DEBUG net.thucydides.core.steps.StepInterceptor - STEP DONE: I receive valid HTTP response code 404
  &amp#27;[32mThen &amp#27;[0m&amp#27;[32mI receive valid HTTP response code 404&amp#27;[0m    &amp#27;[90m# starter.stepdefinitions.ProductsSteps.receiveHttpResponseCode404()&amp#27;[0m
17:11:22.974 [main] DEBUG net.thucydides.core.steps.StepInterceptor - STARTING STEP: ProductsSteps.receiveValidDataForResponseCode404 - I receive valid data for response code 404
17:11:22.975 [main] DEBUG net.thucydides.core.steps.StepInterceptor - STARTING STEP: GetAllProducts.validateDataInvalidForResponseCode404 - I set GET api endpoints all products invalid
17:11:22.975 [main] DEBUG net.thucydides.core.steps.StepInterceptor - STEP DONE: I set GET api endpoints all products invalid
17:11:22.986 [main] DEBUG org.apache.http.impl.conn.BasicClientConnectionManager - Get connection for route {s}->https://altashop-api.fly.dev:443
17:11:22.986 [main] DEBUG org.apache.http.impl.conn.DefaultClientConnectionOperator - Connecting to altashop-api.fly.dev:443
17:11:23.164 [main] DEBUG org.apache.http.client.protocol.RequestAddCookies - CookieSpec selected: ignoreCookies
17:11:23.164 [main] DEBUG org.apache.http.client.protocol.RequestAuthCache - Auth cache not set in the context
17:11:23.164 [main] DEBUG org.apache.http.client.protocol.RequestTargetAuthentication - Target auth state: UNCHALLENGED
17:11:23.164 [main] DEBUG org.apache.http.client.protocol.RequestProxyAuthentication - Proxy auth state: UNCHALLENGED
17:11:23.164 [main] DEBUG org.apache.http.impl.client.DefaultHttpClient - Attempt 1 to execute request
17:11:23.164 [main] DEBUG org.apache.http.impl.conn.DefaultClientConnection - Sending request: DELETE /api/productss HTTP/1.1
17:11:23.164 [main] DEBUG org.apache.http.wire -  >> "DELETE /api/productss HTTP/1.1[\r][\n]"
17:11:23.164 [main] DEBUG org.apache.http.wire -  >> "Accept: */*[\r][\n]"
17:11:23.164 [main] DEBUG org.apache.http.wire -  >> "Host: altashop-api.fly.dev[\r][\n]"
17:11:23.164 [main] DEBUG org.apache.http.wire -  >> "Connection: Keep-Alive[\r][\n]"
17:11:23.164 [main] DEBUG org.apache.http.wire -  >> "User-Agent: Apache-HttpClient/4.5.13 (Java/11.0.12)[\r][\n]"
17:11:23.164 [main] DEBUG org.apache.http.wire -  >> "Accept-Encoding: gzip,deflate[\r][\n]"
17:11:23.164 [main] DEBUG org.apache.http.wire -  >> "[\r][\n]"
17:11:23.164 [main] DEBUG org.apache.http.headers - >> DELETE /api/productss HTTP/1.1
17:11:23.164 [main] DEBUG org.apache.http.headers - >> Accept: */*
17:11:23.164 [main] DEBUG org.apache.http.headers - >> Host: altashop-api.fly.dev
17:11:23.164 [main] DEBUG org.apache.http.headers - >> Connection: Keep-Alive
17:11:23.164 [main] DEBUG org.apache.http.headers - >> User-Agent: Apache-HttpClient/4.5.13 (Java/11.0.12)
17:11:23.164 [main] DEBUG org.apache.http.headers - >> Accept-Encoding: gzip,deflate
17:11:23.251 [main] DEBUG org.apache.http.wire -  << "HTTP/1.1 404 Not Found[\r][\n]"
17:11:23.251 [main] DEBUG org.apache.http.wire -  << "date: Thu, 11 May 2023 10:11:25 GMT[\r][\n]"
17:11:23.251 [main] DEBUG org.apache.http.wire -  << "content-encoding: gzip[\r][\n]"
17:11:23.251 [main] DEBUG org.apache.http.wire -  << "content-type: text/plain; charset=utf-8[\r][\n]"
17:11:23.251 [main] DEBUG org.apache.http.wire -  << "transfer-encoding: chunked[\r][\n]"
17:11:23.251 [main] DEBUG org.apache.http.wire -  << "server: Fly/3f2597ca (2023-05-03)[\r][\n]"
17:11:23.251 [main] DEBUG org.apache.http.wire -  << "via: 1.1 fly.io[\r][\n]"
17:11:23.251 [main] DEBUG org.apache.http.wire -  << "fly-request-id: 01H054PHZH20CECVZD6B3H0CBR-sin[\r][\n]"
17:11:23.251 [main] DEBUG org.apache.http.wire -  << "[\r][\n]"
17:11:23.251 [main] DEBUG org.apache.http.impl.conn.DefaultClientConnection - Receiving response: HTTP/1.1 404 Not Found
17:11:23.251 [main] DEBUG org.apache.http.headers - << HTTP/1.1 404 Not Found
17:11:23.252 [main] DEBUG org.apache.http.headers - << date: Thu, 11 May 2023 10:11:25 GMT
17:11:23.252 [main] DEBUG org.apache.http.headers - << content-encoding: gzip
17:11:23.252 [main] DEBUG org.apache.http.headers - << content-type: text/plain; charset=utf-8
17:11:23.252 [main] DEBUG org.apache.http.headers - << transfer-encoding: chunked
17:11:23.252 [main] DEBUG org.apache.http.headers - << server: Fly/3f2597ca (2023-05-03)
17:11:23.252 [main] DEBUG org.apache.http.headers - << via: 1.1 fly.io
17:11:23.252 [main] DEBUG org.apache.http.headers - << fly-request-id: 01H054PHZH20CECVZD6B3H0CBR-sin
17:11:23.252 [main] DEBUG org.apache.http.impl.client.DefaultHttpClient - Connection can be kept alive indefinitely
17:11:23.252 [main] DEBUG io.restassured.internal.RestAssuredHttpBuilder - Parsing response as: text/plain; charset=utf-8
17:11:23.252 [main] DEBUG org.apache.http.wire -  << "1E[\r][\n]"
17:11:23.252 [main] DEBUG org.apache.http.wire -  << "[0x1f][0x8b][0x8][0x0][0x0][0x0][0x0][0x0][0x4][0xff][0xcb][0xcb]/QH[0xcb]/[0xcd]K[0xe1][0x2][0x0][0xd4]I[0xfa]r[\n]"
17:11:23.252 [main] DEBUG org.apache.http.wire -  << "[0x0][0x0][0x0]"
17:11:23.252 [main] DEBUG org.apache.http.wire -  << "[\r][\n]"
17:11:23.252 [main] DEBUG org.apache.http.wire -  << "0[\r][\n]"
17:11:23.252 [main] DEBUG org.apache.http.wire -  << "[\r][\n]"
17:11:23.252 [main] DEBUG io.restassured.internal.RestAssuredHttpBuilder - Parsed data to instance of: class org.apache.http.conn.EofSensorInputStream
17:11:23.252 [main] DEBUG org.apache.http.impl.conn.BasicClientConnectionManager - Releasing connection org.apache.http.impl.conn.ManagedClientConnectionImpl@6d4bdb75
17:11:23.252 [main] DEBUG org.apache.http.impl.conn.BasicClientConnectionManager - Connection can be kept alive indefinitely
17:11:23.257 [main] DEBUG net.thucydides.core.steps.StepInterceptor - STEP DONE: I receive valid data for response code 404
  &amp#27;[32mAnd &amp#27;[0m&amp#27;[32mI receive valid data for response code 404&amp#27;[0m &amp#27;[90m# starter.stepdefinitions.ProductsSteps.receiveValidDataForResponseCode404()&amp#27;[0m
17:11:23.258 [main] INFO  - 
  _____   ___   ___   _____     ___     _     ___   ___   ___   ___  
 |_   _| | __| / __| |_   _|   | _ \   /_\   / __| / __| | __| |   \ 
   | |   | _|  \__ \   | |     |  _/  / _ \  \__ \ \__ \ | _|  | |) |
   |_|   |___| |___/   |_|     |_|   /_/ \_\ |___/ |___/ |___| |___/ 

GET As a user I can't get "hello" text
----------------------------------------------------------------------
]]></system-out>
  </testcase>
  <testcase name="POST As a user I can create a new order" classname="Orders" time="0.811">
    <system-out><![CDATA[17:11:23.259 [main] INFO io.cucumber.core.plugin.SerenityReporter - Running feature from file:///C:/KULIAH/SEMESTER%206/MSIB/QA/Tugas/Mini%20Project/API/rest-api/src/test/resources/api/Orders.feature
17:11:23.259 [main] WARN io.cucumber.core.plugin.SerenityReporter - Feature from file:///C:/KULIAH/SEMESTER%206/MSIB/QA/Tugas/Mini%20Project/API/rest-api/src/test/resources/api/Orders.feature is not under the 'features' directory. Requirements report will not be correctly generated!
17:11:23.260 [main] DEBUG net.thucydides.core.steps.StepEventBus - Test suite started for story net.thucydides.core.model.Story@7c800292
17:11:23.260 [main] INFO  - Test Suite Started: Orders

@Orders @PostOrder+
Scenario: POST As a user I can create a new order &amp#27;[90m# src/test/resources/api/Orders.feature:6&amp#27;[0m
17:11:23.266 [main] INFO io.cucumber.core.plugin.SerenityReporter - Running feature from file:///C:/KULIAH/SEMESTER%206/MSIB/QA/Tugas/Mini%20Project/API/rest-api/src/test/resources/api/Orders.feature
17:11:23.266 [main] WARN io.cucumber.core.plugin.SerenityReporter - Feature from file:///C:/KULIAH/SEMESTER%206/MSIB/QA/Tugas/Mini%20Project/API/rest-api/src/test/resources/api/Orders.feature is not under the 'features' directory. Requirements report will not be correctly generated!
17:11:23.267 [main] INFO  - 
  _____   ___   ___   _____     ___   _____     _     ___   _____   ___   ___  
 |_   _| | __| / __| |_   _|   / __| |_   _|   /_\   | _ \ |_   _| | __| |   \ 
   | |   | _|  \__ \   | |     \__ \   | |    / _ \  |   /   | |   | _|  | |) |
   |_|   |___| |___/   |_|     |___/   |_|   /_/ \_\ |_|_\   |_|   |___| |___/ 

POST As a user I can create a new order(orders;post-as-a-user-i-can-create-a-new-order)
--------------------------------------------------------------------------------
17:11:23.287 [main] DEBUG net.thucydides.core.steps.StepInterceptor - STARTING STEP: OrdersSteps.setPostApiEndpointsNewOrder - I set POST endpoints new order
17:11:23.288 [main] DEBUG net.thucydides.core.steps.StepInterceptor - STEP DONE: I set POST endpoints new order
  &amp#27;[32mGiven &amp#27;[0m&amp#27;[32mI set POST api endpoints new order&amp#27;[0m        &amp#27;[90m# starter.stepdefinitions.OrdersSteps.setPostApiEndpointsNewOrder()&amp#27;[0m
17:11:23.290 [main] DEBUG net.thucydides.core.steps.StepInterceptor - STARTING STEP: OrdersSteps.sendPostHttpRequestNewOrder - I send POST HTTP request new order
17:11:23.294 [main] DEBUG net.thucydides.core.steps.StepInterceptor - STARTING STEP: PostOrder.sendPostHTTPRequest - I set POST endpoints new order
17:11:23.294 [main] DEBUG net.thucydides.core.steps.StepInterceptor - STEP DONE: I set POST endpoints new order
17:11:23.304 [main] DEBUG org.apache.http.impl.conn.BasicClientConnectionManager - Get connection for route {s}->https://altashop-api.fly.dev:443
17:11:23.304 [main] DEBUG org.apache.http.impl.conn.DefaultClientConnectionOperator - Connecting to altashop-api.fly.dev:443
17:11:23.483 [main] DEBUG org.apache.http.client.protocol.RequestAddCookies - CookieSpec selected: ignoreCookies
17:11:23.483 [main] DEBUG org.apache.http.client.protocol.RequestAuthCache - Auth cache not set in the context
17:11:23.483 [main] DEBUG org.apache.http.client.protocol.RequestProxyAuthentication - Proxy auth state: UNCHALLENGED
17:11:23.483 [main] DEBUG org.apache.http.impl.client.DefaultHttpClient - Attempt 1 to execute request
17:11:23.483 [main] DEBUG org.apache.http.impl.conn.DefaultClientConnection - Sending request: POST /api/orders HTTP/1.1
17:11:23.483 [main] DEBUG org.apache.http.wire -  >> "POST /api/orders HTTP/1.1[\r][\n]"
17:11:23.484 [main] DEBUG org.apache.http.wire -  >> "Authorization: Bearer eyJhbGciOiJIUzI1NiIsInR5cCI6IkpXVCJ9.eyJGdWxsbmFtZSI6IkpvaG4gRG9lIiwiRW1haWwiOiJzb21lb25lQG1haWwuY29tIn0.WvBSxcQEqqniC1v08LzkrHcELegs0b7vtjGPWiaEWcI[\r][\n]"
17:11:23.484 [main] DEBUG org.apache.http.wire -  >> "Accept: */*[\r][\n]"
17:11:23.484 [main] DEBUG org.apache.http.wire -  >> "Content-Type: application/json[\r][\n]"
17:11:23.484 [main] DEBUG org.apache.http.wire -  >> "Content-Length: 31[\r][\n]"
17:11:23.484 [main] DEBUG org.apache.http.wire -  >> "Host: altashop-api.fly.dev[\r][\n]"
17:11:23.484 [main] DEBUG org.apache.http.wire -  >> "Connection: Keep-Alive[\r][\n]"
17:11:23.484 [main] DEBUG org.apache.http.wire -  >> "User-Agent: Apache-HttpClient/4.5.13 (Java/11.0.12)[\r][\n]"
17:11:23.484 [main] DEBUG org.apache.http.wire -  >> "Accept-Encoding: gzip,deflate[\r][\n]"
17:11:23.484 [main] DEBUG org.apache.http.wire -  >> "[\r][\n]"
17:11:23.484 [main] DEBUG org.apache.http.headers - >> POST /api/orders HTTP/1.1
17:11:23.484 [main] DEBUG org.apache.http.headers - >> Authorization: Bearer eyJhbGciOiJIUzI1NiIsInR5cCI6IkpXVCJ9.eyJGdWxsbmFtZSI6IkpvaG4gRG9lIiwiRW1haWwiOiJzb21lb25lQG1haWwuY29tIn0.WvBSxcQEqqniC1v08LzkrHcELegs0b7vtjGPWiaEWcI
17:11:23.484 [main] DEBUG org.apache.http.headers - >> Accept: */*
17:11:23.484 [main] DEBUG org.apache.http.headers - >> Content-Type: application/json
17:11:23.484 [main] DEBUG org.apache.http.headers - >> Content-Length: 31
17:11:23.484 [main] DEBUG org.apache.http.headers - >> Host: altashop-api.fly.dev
17:11:23.484 [main] DEBUG org.apache.http.headers - >> Connection: Keep-Alive
17:11:23.484 [main] DEBUG org.apache.http.headers - >> User-Agent: Apache-HttpClient/4.5.13 (Java/11.0.12)
17:11:23.484 [main] DEBUG org.apache.http.headers - >> Accept-Encoding: gzip,deflate
17:11:23.484 [main] DEBUG org.apache.http.wire -  >> "[{"quantity":1,"product_id":2}]"
17:11:24.048 [main] DEBUG org.apache.http.wire -  << "HTTP/1.1 200 OK[\r][\n]"
17:11:24.048 [main] DEBUG org.apache.http.wire -  << "content-type: application/json[\r][\n]"
17:11:24.048 [main] DEBUG org.apache.http.wire -  << "date: Thu, 11 May 2023 10:11:26 GMT[\r][\n]"
17:11:24.048 [main] DEBUG org.apache.http.wire -  << "content-encoding: gzip[\r][\n]"
17:11:24.048 [main] DEBUG org.apache.http.wire -  << "transfer-encoding: chunked[\r][\n]"
17:11:24.048 [main] DEBUG org.apache.http.wire -  << "server: Fly/3f2597ca (2023-05-03)[\r][\n]"
17:11:24.048 [main] DEBUG org.apache.http.wire -  << "via: 1.1 fly.io[\r][\n]"
17:11:24.048 [main] DEBUG org.apache.http.wire -  << "fly-request-id: 01H054PJ9FWM1KEADHM1DBVSBF-sin[\r][\n]"
17:11:24.048 [main] DEBUG org.apache.http.wire -  << "[\r][\n]"
17:11:24.048 [main] DEBUG org.apache.http.impl.conn.DefaultClientConnection - Receiving response: HTTP/1.1 200 OK
17:11:24.048 [main] DEBUG org.apache.http.headers - << HTTP/1.1 200 OK
17:11:24.048 [main] DEBUG org.apache.http.headers - << content-type: application/json
17:11:24.048 [main] DEBUG org.apache.http.headers - << date: Thu, 11 May 2023 10:11:26 GMT
17:11:24.048 [main] DEBUG org.apache.http.headers - << content-encoding: gzip
17:11:24.048 [main] DEBUG org.apache.http.headers - << transfer-encoding: chunked
17:11:24.048 [main] DEBUG org.apache.http.headers - << server: Fly/3f2597ca (2023-05-03)
17:11:24.048 [main] DEBUG org.apache.http.headers - << via: 1.1 fly.io
17:11:24.048 [main] DEBUG org.apache.http.headers - << fly-request-id: 01H054PJ9FWM1KEADHM1DBVSBF-sin
17:11:24.048 [main] DEBUG org.apache.http.impl.client.DefaultHttpClient - Connection can be kept alive indefinitely
17:11:24.048 [main] DEBUG io.restassured.internal.RestAssuredHttpBuilder - Parsing response as: application/json
17:11:24.048 [main] DEBUG org.apache.http.wire -  << "9E[\r][\n]"
17:11:24.048 [main] DEBUG org.apache.http.wire -  << "[0x1f][0x8b][0x8][0x0][0x0][0x0][0x0][0x0][0x4][0xff][0xab]VJI,IT[0xb2][0x8a][0xae]V[0xf2]tQ[0xb2]24463[0xd1]Q[\n]"
17:11:24.048 [main] DEBUG org.apache.http.wire -  << "-N-R[0xb2][0x82][0x8][0x19][0x19][0x9b][0x99]Y[0xe8]([0xb9][0x95][0xe6][0xe4][0xe4]%[0xe6][0xa6]*Y)[0xb9]e[0x16][0x15][0x97][0x80][0xd8][\n]"
17:11:24.048 [main] DEBUG org.apache.http.wire -  << ">[0x89][0x10][0x86][0x92][0x8e][0x92]knbf[0x8e][0x92][0x95]Rq~nj~^[0xaa][0x3][0x88][0xab][0x97][0x9c][0x9f][0xab][0xa4][0xa3][0x14][0x90]X\\[0x9e]_[0x94][0xa2]d[0xa5]dhdlhd[0xac]T[0xab][0xa3][0x14]P[0x94][0x9f]R[0x9a]\[0xa2]d[0x95]W[0x9a][0x93][0xa3][0xa3][0x14]X[0x9a][0x98]W[0x92]YR[0xa9]deX[0x1b][[0xcb][0x5][0x0]![0xfb][0xe5][0x91][0x97][0x0][0x0][0x0]"
17:11:24.048 [main] DEBUG org.apache.http.wire -  << "[\r][\n]"
17:11:24.049 [main] DEBUG org.apache.http.wire -  << "0[\r][\n]"
17:11:24.049 [main] DEBUG org.apache.http.wire -  << "[\r][\n]"
17:11:24.049 [main] DEBUG io.restassured.internal.RestAssuredHttpBuilder - Parsed data to instance of: class org.apache.http.conn.EofSensorInputStream
17:11:24.049 [main] DEBUG org.apache.http.impl.conn.BasicClientConnectionManager - Releasing connection org.apache.http.impl.conn.ManagedClientConnectionImpl@11fd6f02
17:11:24.049 [main] DEBUG org.apache.http.impl.conn.BasicClientConnectionManager - Connection can be kept alive indefinitely
17:11:24.050 [main] DEBUG net.thucydides.core.steps.StepInterceptor - STEP DONE: I send POST HTTP request new order
  &amp#27;[32mWhen &amp#27;[0m&amp#27;[32mI send POST HTTP request new order&amp#27;[0m         &amp#27;[90m# starter.stepdefinitions.OrdersSteps.sendPostHttpRequestNewOrder()&amp#27;[0m
17:11:24.061 [main] DEBUG net.thucydides.core.steps.StepInterceptor - STARTING STEP: ProductsSteps.receiveValidHttpResponseCode200 - I receive valid HTTP response code 200
17:11:24.062 [main] DEBUG net.thucydides.core.steps.StepInterceptor - STEP DONE: I receive valid HTTP response code 200
  &amp#27;[32mThen &amp#27;[0m&amp#27;[32mI receive valid HTTP response code 200&amp#27;[0m     &amp#27;[90m# starter.stepdefinitions.ProductsSteps.receiveValidHttpResponseCode200()&amp#27;[0m
17:11:24.066 [main] DEBUG net.thucydides.core.steps.StepInterceptor - STARTING STEP: ProductsSteps.receiveValidDataForResponseCode200 - I receive valid data for response code 200
17:11:24.069 [main] DEBUG net.thucydides.core.steps.StepInterceptor - STEP DONE: I receive valid data for response code 200
  &amp#27;[32mAnd &amp#27;[0m&amp#27;[32mI receive valid data for response code 200&amp#27;[0m  &amp#27;[90m# starter.stepdefinitions.ProductsSteps.receiveValidDataForResponseCode200()&amp#27;[0m
17:11:24.071 [main] INFO  - 
  _____   ___   ___   _____     ___     _     ___   ___   ___   ___  
 |_   _| | __| / __| |_   _|   | _ \   /_\   / __| / __| | __| |   \ 
   | |   | _|  \__ \   | |     |  _/  / _ \  \__ \ \__ \ | _|  | |) |
   |_|   |___| |___/   |_|     |_|   /_/ \_\ |___/ |___/ |___| |___/ 

POST As a user I can create a new order
----------------------------------------------------------------------
]]></system-out>
  </testcase>
  <testcase name="POST As a user I can&apos;t create a new order" classname="Orders" time="0.697">
    <system-out><![CDATA[
@Orders @PostOrder-
Scenario: POST As a user I can't create a new order &amp#27;[90m# src/test/resources/api/Orders.feature:12&amp#27;[0m
17:11:24.079 [main] INFO io.cucumber.core.plugin.SerenityReporter - Running feature from file:///C:/KULIAH/SEMESTER%206/MSIB/QA/Tugas/Mini%20Project/API/rest-api/src/test/resources/api/Orders.feature
17:11:24.079 [main] WARN io.cucumber.core.plugin.SerenityReporter - Feature from file:///C:/KULIAH/SEMESTER%206/MSIB/QA/Tugas/Mini%20Project/API/rest-api/src/test/resources/api/Orders.feature is not under the 'features' directory. Requirements report will not be correctly generated!
17:11:24.080 [main] INFO  - 
  _____   ___   ___   _____     ___   _____     _     ___   _____   ___   ___  
 |_   _| | __| / __| |_   _|   / __| |_   _|   /_\   | _ \ |_   _| | __| |   \ 
   | |   | _|  \__ \   | |     \__ \   | |    / _ \  |   /   | |   | _|  | |) |
   |_|   |___| |___/   |_|     |___/   |_|   /_/ \_\ |_|_\   |_|   |___| |___/ 

POST As a user I can't create a new order(orders;post-as-a-user-i-can-t-create-a-new-order)
--------------------------------------------------------------------------------
17:11:24.086 [main] DEBUG net.thucydides.core.steps.StepInterceptor - STARTING STEP: OrdersSteps.setPostApiEndpointsNewOrderInvalid - I set POST endpoints new order invalid
17:11:24.086 [main] DEBUG net.thucydides.core.steps.StepInterceptor - STEP DONE: I set POST endpoints new order invalid
  &amp#27;[32mGiven &amp#27;[0m&amp#27;[32mI set POST api endpoints new order invalid&amp#27;[0m  &amp#27;[90m# starter.stepdefinitions.OrdersSteps.setPostApiEndpointsNewOrderInvalid()&amp#27;[0m
17:11:24.089 [main] DEBUG net.thucydides.core.steps.StepInterceptor - STARTING STEP: OrdersSteps.sendPostHTTPRequestInvalid - I send POST HTTP request new order invalid
17:11:24.090 [main] DEBUG net.thucydides.core.steps.StepInterceptor - STARTING STEP: PostOrder.sendPostHTTPRequestInvalid - I set POST endpoints new order invalid
17:11:24.090 [main] DEBUG net.thucydides.core.steps.StepInterceptor - STEP DONE: I set POST endpoints new order invalid
17:11:24.099 [main] DEBUG org.apache.http.impl.conn.BasicClientConnectionManager - Get connection for route {s}->https://altashop-api.fly.dev:443
17:11:24.099 [main] DEBUG org.apache.http.impl.conn.DefaultClientConnectionOperator - Connecting to altashop-api.fly.dev:443
17:11:24.322 [main] DEBUG org.apache.http.client.protocol.RequestAddCookies - CookieSpec selected: ignoreCookies
17:11:24.322 [main] DEBUG org.apache.http.client.protocol.RequestAuthCache - Auth cache not set in the context
17:11:24.322 [main] DEBUG org.apache.http.client.protocol.RequestProxyAuthentication - Proxy auth state: UNCHALLENGED
17:11:24.322 [main] DEBUG org.apache.http.impl.client.DefaultHttpClient - Attempt 1 to execute request
17:11:24.322 [main] DEBUG org.apache.http.impl.conn.DefaultClientConnection - Sending request: POST /api/order HTTP/1.1
17:11:24.322 [main] DEBUG org.apache.http.wire -  >> "POST /api/order HTTP/1.1[\r][\n]"
17:11:24.322 [main] DEBUG org.apache.http.wire -  >> "Authorization: Bearer eyJhbGciOiJIUzI1NiIsInR5cCI6IkpXVCJ9.eyJGdWxsbmFtZSI6IkpvaG4gRG9lIiwiRW1haWwiOiJzb21lb25lQG1haWwuY29tIn0.WvBSxcQEqqniC1v08LzkrHcELegs0b7vtjGPWiaEWcI[\r][\n]"
17:11:24.322 [main] DEBUG org.apache.http.wire -  >> "Accept: */*[\r][\n]"
17:11:24.322 [main] DEBUG org.apache.http.wire -  >> "Content-Type: application/json[\r][\n]"
17:11:24.322 [main] DEBUG org.apache.http.wire -  >> "Content-Length: 31[\r][\n]"
17:11:24.322 [main] DEBUG org.apache.http.wire -  >> "Host: altashop-api.fly.dev[\r][\n]"
17:11:24.322 [main] DEBUG org.apache.http.wire -  >> "Connection: Keep-Alive[\r][\n]"
17:11:24.323 [main] DEBUG org.apache.http.wire -  >> "User-Agent: Apache-HttpClient/4.5.13 (Java/11.0.12)[\r][\n]"
17:11:24.323 [main] DEBUG org.apache.http.wire -  >> "Accept-Encoding: gzip,deflate[\r][\n]"
17:11:24.323 [main] DEBUG org.apache.http.wire -  >> "[\r][\n]"
17:11:24.323 [main] DEBUG org.apache.http.headers - >> POST /api/order HTTP/1.1
17:11:24.323 [main] DEBUG org.apache.http.headers - >> Authorization: Bearer eyJhbGciOiJIUzI1NiIsInR5cCI6IkpXVCJ9.eyJGdWxsbmFtZSI6IkpvaG4gRG9lIiwiRW1haWwiOiJzb21lb25lQG1haWwuY29tIn0.WvBSxcQEqqniC1v08LzkrHcELegs0b7vtjGPWiaEWcI
17:11:24.323 [main] DEBUG org.apache.http.headers - >> Accept: */*
17:11:24.323 [main] DEBUG org.apache.http.headers - >> Content-Type: application/json
17:11:24.323 [main] DEBUG org.apache.http.headers - >> Content-Length: 31
17:11:24.323 [main] DEBUG org.apache.http.headers - >> Host: altashop-api.fly.dev
17:11:24.323 [main] DEBUG org.apache.http.headers - >> Connection: Keep-Alive
17:11:24.323 [main] DEBUG org.apache.http.headers - >> User-Agent: Apache-HttpClient/4.5.13 (Java/11.0.12)
17:11:24.323 [main] DEBUG org.apache.http.headers - >> Accept-Encoding: gzip,deflate
17:11:24.323 [main] DEBUG org.apache.http.wire -  >> "[{"quantity":1,"product_id":2}]"
17:11:24.469 [main] DEBUG org.apache.http.wire -  << "HTTP/1.1 404 Not Found[\r][\n]"
17:11:24.469 [main] DEBUG org.apache.http.wire -  << "date: Thu, 11 May 2023 10:11:26 GMT[\r][\n]"
17:11:24.469 [main] DEBUG org.apache.http.wire -  << "content-encoding: gzip[\r][\n]"
17:11:24.469 [main] DEBUG org.apache.http.wire -  << "content-type: text/plain; charset=utf-8[\r][\n]"
17:11:24.469 [main] DEBUG org.apache.http.wire -  << "transfer-encoding: chunked[\r][\n]"
17:11:24.469 [main] DEBUG org.apache.http.wire -  << "server: Fly/3f2597ca (2023-05-03)[\r][\n]"
17:11:24.469 [main] DEBUG org.apache.http.wire -  << "via: 1.1 fly.io[\r][\n]"
17:11:24.469 [main] DEBUG org.apache.http.wire -  << "fly-request-id: 01H054PK4H8B4D9MCNV7W3APAT-sin[\r][\n]"
17:11:24.469 [main] DEBUG org.apache.http.wire -  << "[\r][\n]"
17:11:24.469 [main] DEBUG org.apache.http.impl.conn.DefaultClientConnection - Receiving response: HTTP/1.1 404 Not Found
17:11:24.469 [main] DEBUG org.apache.http.headers - << HTTP/1.1 404 Not Found
17:11:24.469 [main] DEBUG org.apache.http.headers - << date: Thu, 11 May 2023 10:11:26 GMT
17:11:24.469 [main] DEBUG org.apache.http.headers - << content-encoding: gzip
17:11:24.469 [main] DEBUG org.apache.http.headers - << content-type: text/plain; charset=utf-8
17:11:24.469 [main] DEBUG org.apache.http.headers - << transfer-encoding: chunked
17:11:24.469 [main] DEBUG org.apache.http.headers - << server: Fly/3f2597ca (2023-05-03)
17:11:24.469 [main] DEBUG org.apache.http.headers - << via: 1.1 fly.io
17:11:24.469 [main] DEBUG org.apache.http.headers - << fly-request-id: 01H054PK4H8B4D9MCNV7W3APAT-sin
17:11:24.469 [main] DEBUG org.apache.http.impl.client.DefaultHttpClient - Connection can be kept alive indefinitely
17:11:24.469 [main] DEBUG io.restassured.internal.RestAssuredHttpBuilder - Parsing response as: text/plain; charset=utf-8
17:11:24.469 [main] DEBUG org.apache.http.wire -  << "1E[\r][\n]"
17:11:24.470 [main] DEBUG org.apache.http.wire -  << "[0x1f][0x8b][0x8][0x0][0x0][0x0][0x0][0x0][0x4][0xff][0xcb][0xcb]/QH[0xcb]/[0xcd]K[0xe1][0x2][0x0][0xd4]I[0xfa]r[\n]"
17:11:24.470 [main] DEBUG org.apache.http.wire -  << "[0x0][0x0][0x0]"
17:11:24.470 [main] DEBUG org.apache.http.wire -  << "[\r][\n]"
17:11:24.470 [main] DEBUG org.apache.http.wire -  << "0[\r][\n]"
17:11:24.470 [main] DEBUG org.apache.http.wire -  << "[\r][\n]"
17:11:24.470 [main] DEBUG io.restassured.internal.RestAssuredHttpBuilder - Parsed data to instance of: class org.apache.http.conn.EofSensorInputStream
17:11:24.471 [main] DEBUG org.apache.http.impl.conn.BasicClientConnectionManager - Releasing connection org.apache.http.impl.conn.ManagedClientConnectionImpl@13ac7281
17:11:24.471 [main] DEBUG org.apache.http.impl.conn.BasicClientConnectionManager - Connection can be kept alive indefinitely
17:11:24.471 [main] DEBUG net.thucydides.core.steps.StepInterceptor - STEP DONE: I send POST HTTP request new order invalid
  &amp#27;[32mWhen &amp#27;[0m&amp#27;[32mI send POST HTTP request new order invalid&amp#27;[0m   &amp#27;[90m# starter.stepdefinitions.OrdersSteps.sendPostHTTPRequestInvalid()&amp#27;[0m
17:11:24.481 [main] DEBUG net.thucydides.core.steps.StepInterceptor - STARTING STEP: ProductsSteps.receiveHttpResponseCode404 - I receive valid HTTP response code 404
17:11:24.481 [main] DEBUG net.thucydides.core.steps.StepInterceptor - STEP DONE: I receive valid HTTP response code 404
  &amp#27;[32mThen &amp#27;[0m&amp#27;[32mI receive valid HTTP response code 404&amp#27;[0m       &amp#27;[90m# starter.stepdefinitions.ProductsSteps.receiveHttpResponseCode404()&amp#27;[0m
17:11:24.483 [main] DEBUG net.thucydides.core.steps.StepInterceptor - STARTING STEP: ProductsSteps.receiveValidDataForResponseCode404 - I receive valid data for response code 404
17:11:24.484 [main] DEBUG net.thucydides.core.steps.StepInterceptor - STARTING STEP: GetAllProducts.validateDataInvalidForResponseCode404 - I set GET api endpoints all products invalid
17:11:24.484 [main] DEBUG net.thucydides.core.steps.StepInterceptor - STEP DONE: I set GET api endpoints all products invalid
17:11:24.488 [main] DEBUG org.apache.http.impl.conn.BasicClientConnectionManager - Get connection for route {s}->https://altashop-api.fly.dev:443
17:11:24.488 [main] DEBUG org.apache.http.impl.conn.DefaultClientConnectionOperator - Connecting to altashop-api.fly.dev:443
17:11:24.667 [main] DEBUG org.apache.http.client.protocol.RequestAddCookies - CookieSpec selected: ignoreCookies
17:11:24.667 [main] DEBUG org.apache.http.client.protocol.RequestAuthCache - Auth cache not set in the context
17:11:24.667 [main] DEBUG org.apache.http.client.protocol.RequestTargetAuthentication - Target auth state: UNCHALLENGED
17:11:24.667 [main] DEBUG org.apache.http.client.protocol.RequestProxyAuthentication - Proxy auth state: UNCHALLENGED
17:11:24.667 [main] DEBUG org.apache.http.impl.client.DefaultHttpClient - Attempt 1 to execute request
17:11:24.667 [main] DEBUG org.apache.http.impl.conn.DefaultClientConnection - Sending request: DELETE /api/productss HTTP/1.1
17:11:24.667 [main] DEBUG org.apache.http.wire -  >> "DELETE /api/productss HTTP/1.1[\r][\n]"
17:11:24.667 [main] DEBUG org.apache.http.wire -  >> "Accept: */*[\r][\n]"
17:11:24.667 [main] DEBUG org.apache.http.wire -  >> "Host: altashop-api.fly.dev[\r][\n]"
17:11:24.667 [main] DEBUG org.apache.http.wire -  >> "Connection: Keep-Alive[\r][\n]"
17:11:24.667 [main] DEBUG org.apache.http.wire -  >> "User-Agent: Apache-HttpClient/4.5.13 (Java/11.0.12)[\r][\n]"
17:11:24.667 [main] DEBUG org.apache.http.wire -  >> "Accept-Encoding: gzip,deflate[\r][\n]"
17:11:24.667 [main] DEBUG org.apache.http.wire -  >> "[\r][\n]"
17:11:24.667 [main] DEBUG org.apache.http.headers - >> DELETE /api/productss HTTP/1.1
17:11:24.667 [main] DEBUG org.apache.http.headers - >> Accept: */*
17:11:24.667 [main] DEBUG org.apache.http.headers - >> Host: altashop-api.fly.dev
17:11:24.667 [main] DEBUG org.apache.http.headers - >> Connection: Keep-Alive
17:11:24.667 [main] DEBUG org.apache.http.headers - >> User-Agent: Apache-HttpClient/4.5.13 (Java/11.0.12)
17:11:24.667 [main] DEBUG org.apache.http.headers - >> Accept-Encoding: gzip,deflate
17:11:24.766 [main] DEBUG org.apache.http.wire -  << "HTTP/1.1 404 Not Found[\r][\n]"
17:11:24.766 [main] DEBUG org.apache.http.wire -  << "date: Thu, 11 May 2023 10:11:27 GMT[\r][\n]"
17:11:24.766 [main] DEBUG org.apache.http.wire -  << "content-encoding: gzip[\r][\n]"
17:11:24.766 [main] DEBUG org.apache.http.wire -  << "content-type: text/plain; charset=utf-8[\r][\n]"
17:11:24.766 [main] DEBUG org.apache.http.wire -  << "transfer-encoding: chunked[\r][\n]"
17:11:24.766 [main] DEBUG org.apache.http.wire -  << "server: Fly/3f2597ca (2023-05-03)[\r][\n]"
17:11:24.766 [main] DEBUG org.apache.http.wire -  << "via: 1.1 fly.io[\r][\n]"
17:11:24.766 [main] DEBUG org.apache.http.wire -  << "fly-request-id: 01H054PKF5EZTMDT9H9K3T7KEB-sin[\r][\n]"
17:11:24.766 [main] DEBUG org.apache.http.wire -  << "[\r][\n]"
17:11:24.766 [main] DEBUG org.apache.http.impl.conn.DefaultClientConnection - Receiving response: HTTP/1.1 404 Not Found
17:11:24.766 [main] DEBUG org.apache.http.headers - << HTTP/1.1 404 Not Found
17:11:24.766 [main] DEBUG org.apache.http.headers - << date: Thu, 11 May 2023 10:11:27 GMT
17:11:24.766 [main] DEBUG org.apache.http.headers - << content-encoding: gzip
17:11:24.766 [main] DEBUG org.apache.http.headers - << content-type: text/plain; charset=utf-8
17:11:24.766 [main] DEBUG org.apache.http.headers - << transfer-encoding: chunked
17:11:24.766 [main] DEBUG org.apache.http.headers - << server: Fly/3f2597ca (2023-05-03)
17:11:24.766 [main] DEBUG org.apache.http.headers - << via: 1.1 fly.io
17:11:24.766 [main] DEBUG org.apache.http.headers - << fly-request-id: 01H054PKF5EZTMDT9H9K3T7KEB-sin
17:11:24.766 [main] DEBUG org.apache.http.impl.client.DefaultHttpClient - Connection can be kept alive indefinitely
17:11:24.766 [main] DEBUG io.restassured.internal.RestAssuredHttpBuilder - Parsing response as: text/plain; charset=utf-8
17:11:24.766 [main] DEBUG org.apache.http.wire -  << "1E[\r][\n]"
17:11:24.766 [main] DEBUG org.apache.http.wire -  << "[0x1f][0x8b][0x8][0x0][0x0][0x0][0x0][0x0][0x4][0xff][0xcb][0xcb]/QH[0xcb]/[0xcd]K[0xe1][0x2][0x0][0xd4]I[0xfa]r[\n]"
17:11:24.766 [main] DEBUG org.apache.http.wire -  << "[0x0][0x0][0x0]"
17:11:24.766 [main] DEBUG org.apache.http.wire -  << "[\r][\n]"
17:11:24.766 [main] DEBUG org.apache.http.wire -  << "0[\r][\n]"
17:11:24.766 [main] DEBUG org.apache.http.wire -  << "[\r][\n]"
17:11:24.766 [main] DEBUG io.restassured.internal.RestAssuredHttpBuilder - Parsed data to instance of: class org.apache.http.conn.EofSensorInputStream
17:11:24.767 [main] DEBUG org.apache.http.impl.conn.BasicClientConnectionManager - Releasing connection org.apache.http.impl.conn.ManagedClientConnectionImpl@78e3bebd
17:11:24.767 [main] DEBUG org.apache.http.impl.conn.BasicClientConnectionManager - Connection can be kept alive indefinitely
17:11:24.768 [main] DEBUG net.thucydides.core.steps.StepInterceptor - STEP DONE: I receive valid data for response code 404
  &amp#27;[32mAnd &amp#27;[0m&amp#27;[32mI receive valid data for response code 404&amp#27;[0m    &amp#27;[90m# starter.stepdefinitions.ProductsSteps.receiveValidDataForResponseCode404()&amp#27;[0m
17:11:24.769 [main] INFO  - 
  _____   ___   ___   _____     ___     _     ___   ___   ___   ___  
 |_   _| | __| / __| |_   _|   | _ \   /_\   / __| / __| | __| |   \ 
   | |   | _|  \__ \   | |     |  _/  / _ \  \__ \ \__ \ | _|  | |) |
   |_|   |___| |___/   |_|     |_|   /_/ \_\ |___/ |___/ |___| |___/ 

POST As a user I can't create a new order
----------------------------------------------------------------------
]]></system-out>
  </testcase>
  <testcase name="GET As a user I can get all orders list" classname="Orders" time="0.454">
    <system-out><![CDATA[
@Orders @GetAllOrders+
Scenario: GET As a user I can get all orders list &amp#27;[90m# src/test/resources/api/Orders.feature:19&amp#27;[0m
17:11:24.777 [main] INFO io.cucumber.core.plugin.SerenityReporter - Running feature from file:///C:/KULIAH/SEMESTER%206/MSIB/QA/Tugas/Mini%20Project/API/rest-api/src/test/resources/api/Orders.feature
17:11:24.777 [main] WARN io.cucumber.core.plugin.SerenityReporter - Feature from file:///C:/KULIAH/SEMESTER%206/MSIB/QA/Tugas/Mini%20Project/API/rest-api/src/test/resources/api/Orders.feature is not under the 'features' directory. Requirements report will not be correctly generated!
17:11:24.778 [main] INFO  - 
  _____   ___   ___   _____     ___   _____     _     ___   _____   ___   ___  
 |_   _| | __| / __| |_   _|   / __| |_   _|   /_\   | _ \ |_   _| | __| |   \ 
   | |   | _|  \__ \   | |     \__ \   | |    / _ \  |   /   | |   | _|  | |) |
   |_|   |___| |___/   |_|     |___/   |_|   /_/ \_\ |_|_\   |_|   |___| |___/ 

GET As a user I can get all orders list(orders;get-as-a-user-i-can-get-all-orders-list)
--------------------------------------------------------------------------------
17:11:24.785 [main] DEBUG net.thucydides.core.steps.StepInterceptor - STARTING STEP: OrdersSteps.setGetApiEndpointsAllOrders - I set GET api endpoints all orders
17:11:24.785 [main] DEBUG net.thucydides.core.steps.StepInterceptor - STEP DONE: I set GET api endpoints all orders
  &amp#27;[32mGiven &amp#27;[0m&amp#27;[32mI set GET api endpoints all orders&amp#27;[0m        &amp#27;[90m# starter.stepdefinitions.OrdersSteps.setGetApiEndpointsAllOrders()&amp#27;[0m
17:11:24.787 [main] DEBUG net.thucydides.core.steps.StepInterceptor - STARTING STEP: OrdersSteps.sendGetHttpRequestAllOrders - I send GET HTTP request all orders
17:11:24.788 [main] DEBUG net.thucydides.core.steps.StepInterceptor - STARTING STEP: GetAllOrders.sendGetHttpRequest - I set GET api endpoints all orders
17:11:24.788 [main] DEBUG net.thucydides.core.steps.StepInterceptor - STEP DONE: I set GET api endpoints all orders
17:11:24.793 [main] DEBUG org.apache.http.impl.conn.BasicClientConnectionManager - Get connection for route {s}->https://altashop-api.fly.dev:443
17:11:24.793 [main] DEBUG org.apache.http.impl.conn.DefaultClientConnectionOperator - Connecting to altashop-api.fly.dev:443
17:11:25.096 [main] DEBUG org.apache.http.client.protocol.RequestAddCookies - CookieSpec selected: ignoreCookies
17:11:25.096 [main] DEBUG org.apache.http.client.protocol.RequestAuthCache - Auth cache not set in the context
17:11:25.096 [main] DEBUG org.apache.http.client.protocol.RequestProxyAuthentication - Proxy auth state: UNCHALLENGED
17:11:25.096 [main] DEBUG org.apache.http.impl.client.DefaultHttpClient - Attempt 1 to execute request
17:11:25.096 [main] DEBUG org.apache.http.impl.conn.DefaultClientConnection - Sending request: GET /api/orders HTTP/1.1
17:11:25.096 [main] DEBUG org.apache.http.wire -  >> "GET /api/orders HTTP/1.1[\r][\n]"
17:11:25.096 [main] DEBUG org.apache.http.wire -  >> "Authorization: Bearer eyJhbGciOiJIUzI1NiIsInR5cCI6IkpXVCJ9.eyJGdWxsbmFtZSI6IkpvaG4gRG9lIiwiRW1haWwiOiJzb21lb25lQG1haWwuY29tIn0.WvBSxcQEqqniC1v08LzkrHcELegs0b7vtjGPWiaEWcI[\r][\n]"
17:11:25.096 [main] DEBUG org.apache.http.wire -  >> "Accept: */*[\r][\n]"
17:11:25.096 [main] DEBUG org.apache.http.wire -  >> "Host: altashop-api.fly.dev[\r][\n]"
17:11:25.096 [main] DEBUG org.apache.http.wire -  >> "Connection: Keep-Alive[\r][\n]"
17:11:25.096 [main] DEBUG org.apache.http.wire -  >> "User-Agent: Apache-HttpClient/4.5.13 (Java/11.0.12)[\r][\n]"
17:11:25.096 [main] DEBUG org.apache.http.wire -  >> "Accept-Encoding: gzip,deflate[\r][\n]"
17:11:25.096 [main] DEBUG org.apache.http.wire -  >> "[\r][\n]"
17:11:25.097 [main] DEBUG org.apache.http.headers - >> GET /api/orders HTTP/1.1
17:11:25.097 [main] DEBUG org.apache.http.headers - >> Authorization: Bearer eyJhbGciOiJIUzI1NiIsInR5cCI6IkpXVCJ9.eyJGdWxsbmFtZSI6IkpvaG4gRG9lIiwiRW1haWwiOiJzb21lb25lQG1haWwuY29tIn0.WvBSxcQEqqniC1v08LzkrHcELegs0b7vtjGPWiaEWcI
17:11:25.097 [main] DEBUG org.apache.http.headers - >> Accept: */*
17:11:25.097 [main] DEBUG org.apache.http.headers - >> Host: altashop-api.fly.dev
17:11:25.097 [main] DEBUG org.apache.http.headers - >> Connection: Keep-Alive
17:11:25.097 [main] DEBUG org.apache.http.headers - >> User-Agent: Apache-HttpClient/4.5.13 (Java/11.0.12)
17:11:25.097 [main] DEBUG org.apache.http.headers - >> Accept-Encoding: gzip,deflate
17:11:25.207 [main] DEBUG org.apache.http.wire -  << "HTTP/1.1 200 OK[\r][\n]"
17:11:25.207 [main] DEBUG org.apache.http.wire -  << "content-type: application/json[\r][\n]"
17:11:25.207 [main] DEBUG org.apache.http.wire -  << "date: Thu, 11 May 2023 10:11:27 GMT[\r][\n]"
17:11:25.207 [main] DEBUG org.apache.http.wire -  << "content-encoding: gzip[\r][\n]"
17:11:25.207 [main] DEBUG org.apache.http.wire -  << "transfer-encoding: chunked[\r][\n]"
17:11:25.207 [main] DEBUG org.apache.http.wire -  << "server: Fly/3f2597ca (2023-05-03)[\r][\n]"
17:11:25.207 [main] DEBUG org.apache.http.wire -  << "via: 1.1 fly.io[\r][\n]"
17:11:25.207 [main] DEBUG org.apache.http.wire -  << "fly-request-id: 01H054PKVWW0TA59QS7F15ZBP5-sin[\r][\n]"
17:11:25.207 [main] DEBUG org.apache.http.wire -  << "[\r][\n]"
17:11:25.207 [main] DEBUG org.apache.http.impl.conn.DefaultClientConnection - Receiving response: HTTP/1.1 200 OK
17:11:25.207 [main] DEBUG org.apache.http.headers - << HTTP/1.1 200 OK
17:11:25.207 [main] DEBUG org.apache.http.headers - << content-type: application/json
17:11:25.207 [main] DEBUG org.apache.http.headers - << date: Thu, 11 May 2023 10:11:27 GMT
17:11:25.207 [main] DEBUG org.apache.http.headers - << content-encoding: gzip
17:11:25.207 [main] DEBUG org.apache.http.headers - << transfer-encoding: chunked
17:11:25.207 [main] DEBUG org.apache.http.headers - << server: Fly/3f2597ca (2023-05-03)
17:11:25.207 [main] DEBUG org.apache.http.headers - << via: 1.1 fly.io
17:11:25.207 [main] DEBUG org.apache.http.headers - << fly-request-id: 01H054PKVWW0TA59QS7F15ZBP5-sin
17:11:25.207 [main] DEBUG org.apache.http.impl.client.DefaultHttpClient - Connection can be kept alive indefinitely
17:11:25.207 [main] DEBUG io.restassured.internal.RestAssuredHttpBuilder - Parsing response as: application/json
17:11:25.208 [main] DEBUG org.apache.http.wire -  << "20[\r][\n]"
17:11:25.208 [main] DEBUG org.apache.http.wire -  << "[0x1f][0x8b][0x8][0x0][0x0][0x0][0x0][0x0][0x4][0xff][0xab]VJI,IT[0xb2][0x8a][0x8e][0xad][0xe5][0x2][0x0][0xaa][0xe3][0xeb][0xc5][0xc][0x0][0x0][0x0]"
17:11:25.208 [main] DEBUG org.apache.http.wire -  << "[\r][\n]"
17:11:25.208 [main] DEBUG org.apache.http.wire -  << "0[\r][\n]"
17:11:25.208 [main] DEBUG org.apache.http.wire -  << "[\r][\n]"
17:11:25.208 [main] DEBUG io.restassured.internal.RestAssuredHttpBuilder - Parsed data to instance of: class org.apache.http.conn.EofSensorInputStream
17:11:25.208 [main] DEBUG org.apache.http.impl.conn.BasicClientConnectionManager - Releasing connection org.apache.http.impl.conn.ManagedClientConnectionImpl@7452e4ec
17:11:25.208 [main] DEBUG org.apache.http.impl.conn.BasicClientConnectionManager - Connection can be kept alive indefinitely
17:11:25.209 [main] DEBUG net.thucydides.core.steps.StepInterceptor - STEP DONE: I send GET HTTP request all orders
  &amp#27;[32mWhen &amp#27;[0m&amp#27;[32mI send GET HTTP request all orders&amp#27;[0m         &amp#27;[90m# starter.stepdefinitions.OrdersSteps.sendGetHttpRequestAllOrders()&amp#27;[0m
17:11:25.221 [main] DEBUG net.thucydides.core.steps.StepInterceptor - STARTING STEP: ProductsSteps.receiveValidHttpResponseCode200 - I receive valid HTTP response code 200
17:11:25.221 [main] DEBUG net.thucydides.core.steps.StepInterceptor - STEP DONE: I receive valid HTTP response code 200
  &amp#27;[32mThen &amp#27;[0m&amp#27;[32mI receive valid HTTP response code 200&amp#27;[0m     &amp#27;[90m# starter.stepdefinitions.ProductsSteps.receiveValidHttpResponseCode200()&amp#27;[0m
17:11:25.223 [main] DEBUG net.thucydides.core.steps.StepInterceptor - STARTING STEP: ProductsSteps.receiveValidDataForResponseCode200 - I receive valid data for response code 200
17:11:25.224 [main] DEBUG net.thucydides.core.steps.StepInterceptor - STEP DONE: I receive valid data for response code 200
  &amp#27;[32mAnd &amp#27;[0m&amp#27;[32mI receive valid data for response code 200&amp#27;[0m  &amp#27;[90m# starter.stepdefinitions.ProductsSteps.receiveValidDataForResponseCode200()&amp#27;[0m
17:11:25.225 [main] INFO  - 
  _____   ___   ___   _____     ___     _     ___   ___   ___   ___  
 |_   _| | __| / __| |_   _|   | _ \   /_\   / __| / __| | __| |   \ 
   | |   | _|  \__ \   | |     |  _/  / _ \  \__ \ \__ \ | _|  | |) |
   |_|   |___| |___/   |_|     |_|   /_/ \_\ |___/ |___/ |___| |___/ 

GET As a user I can get all orders list
----------------------------------------------------------------------
]]></system-out>
  </testcase>
  <testcase name="GET As a user I can&apos;t get all orders list" classname="Orders" time="0.373">
    <system-out><![CDATA[
@Orders @GetAllOrders-
Scenario: GET As a user I can't get all orders list &amp#27;[90m# src/test/resources/api/Orders.feature:25&amp#27;[0m
17:11:25.231 [main] INFO io.cucumber.core.plugin.SerenityReporter - Running feature from file:///C:/KULIAH/SEMESTER%206/MSIB/QA/Tugas/Mini%20Project/API/rest-api/src/test/resources/api/Orders.feature
17:11:25.231 [main] WARN io.cucumber.core.plugin.SerenityReporter - Feature from file:///C:/KULIAH/SEMESTER%206/MSIB/QA/Tugas/Mini%20Project/API/rest-api/src/test/resources/api/Orders.feature is not under the 'features' directory. Requirements report will not be correctly generated!
17:11:25.232 [main] INFO  - 
  _____   ___   ___   _____     ___   _____     _     ___   _____   ___   ___  
 |_   _| | __| / __| |_   _|   / __| |_   _|   /_\   | _ \ |_   _| | __| |   \ 
   | |   | _|  \__ \   | |     \__ \   | |    / _ \  |   /   | |   | _|  | |) |
   |_|   |___| |___/   |_|     |___/   |_|   /_/ \_\ |_|_\   |_|   |___| |___/ 

GET As a user I can't get all orders list(orders;get-as-a-user-i-can-t-get-all-orders-list)
--------------------------------------------------------------------------------
17:11:25.238 [main] DEBUG net.thucydides.core.steps.StepInterceptor - STARTING STEP: OrdersSteps.setGetApiEndpointsAllOrdersInvalid - I set GET api endpoints all orders invalid
17:11:25.238 [main] DEBUG net.thucydides.core.steps.StepInterceptor - STEP DONE: I set GET api endpoints all orders invalid
  &amp#27;[32mGiven &amp#27;[0m&amp#27;[32mI set GET api endpoints all orders invalid&amp#27;[0m  &amp#27;[90m# starter.stepdefinitions.OrdersSteps.setGetApiEndpointsAllOrdersInvalid()&amp#27;[0m
17:11:25.240 [main] DEBUG net.thucydides.core.steps.StepInterceptor - STARTING STEP: OrdersSteps.sendGetHttpRequestAllOrdersInvalid - I send GET HTTP request all orders invalid
17:11:25.241 [main] DEBUG net.thucydides.core.steps.StepInterceptor - STARTING STEP: GetAllOrders.sendGetHttpRequestInvalid - I set GET api endpoints all orders invalid
17:11:25.241 [main] DEBUG net.thucydides.core.steps.StepInterceptor - STEP DONE: I set GET api endpoints all orders invalid
17:11:25.247 [main] DEBUG org.apache.http.impl.conn.BasicClientConnectionManager - Get connection for route {s}->https://altashop-api.fly.dev:443
17:11:25.248 [main] DEBUG org.apache.http.impl.conn.DefaultClientConnectionOperator - Connecting to altashop-api.fly.dev:443
17:11:25.488 [main] DEBUG org.apache.http.client.protocol.RequestAddCookies - CookieSpec selected: ignoreCookies
17:11:25.488 [main] DEBUG org.apache.http.client.protocol.RequestAuthCache - Auth cache not set in the context
17:11:25.488 [main] DEBUG org.apache.http.client.protocol.RequestTargetAuthentication - Target auth state: UNCHALLENGED
17:11:25.488 [main] DEBUG org.apache.http.client.protocol.RequestProxyAuthentication - Proxy auth state: UNCHALLENGED
17:11:25.488 [main] DEBUG org.apache.http.impl.client.DefaultHttpClient - Attempt 1 to execute request
17:11:25.488 [main] DEBUG org.apache.http.impl.conn.DefaultClientConnection - Sending request: GET /api/orders HTTP/1.1
17:11:25.488 [main] DEBUG org.apache.http.wire -  >> "GET /api/orders HTTP/1.1[\r][\n]"
17:11:25.488 [main] DEBUG org.apache.http.wire -  >> "Accept: */*[\r][\n]"
17:11:25.488 [main] DEBUG org.apache.http.wire -  >> "Host: altashop-api.fly.dev[\r][\n]"
17:11:25.488 [main] DEBUG org.apache.http.wire -  >> "Connection: Keep-Alive[\r][\n]"
17:11:25.488 [main] DEBUG org.apache.http.wire -  >> "User-Agent: Apache-HttpClient/4.5.13 (Java/11.0.12)[\r][\n]"
17:11:25.488 [main] DEBUG org.apache.http.wire -  >> "Accept-Encoding: gzip,deflate[\r][\n]"
17:11:25.488 [main] DEBUG org.apache.http.wire -  >> "[\r][\n]"
17:11:25.488 [main] DEBUG org.apache.http.headers - >> GET /api/orders HTTP/1.1
17:11:25.488 [main] DEBUG org.apache.http.headers - >> Accept: */*
17:11:25.488 [main] DEBUG org.apache.http.headers - >> Host: altashop-api.fly.dev
17:11:25.488 [main] DEBUG org.apache.http.headers - >> Connection: Keep-Alive
17:11:25.488 [main] DEBUG org.apache.http.headers - >> User-Agent: Apache-HttpClient/4.5.13 (Java/11.0.12)
17:11:25.488 [main] DEBUG org.apache.http.headers - >> Accept-Encoding: gzip,deflate
17:11:25.578 [main] DEBUG org.apache.http.wire -  << "HTTP/1.1 401 Unauthorized[\r][\n]"
17:11:25.578 [main] DEBUG org.apache.http.wire -  << "content-type: application/json[\r][\n]"
17:11:25.578 [main] DEBUG org.apache.http.wire -  << "date: Thu, 11 May 2023 10:11:28 GMT[\r][\n]"
17:11:25.578 [main] DEBUG org.apache.http.wire -  << "content-encoding: gzip[\r][\n]"
17:11:25.578 [main] DEBUG org.apache.http.wire -  << "transfer-encoding: chunked[\r][\n]"
17:11:25.578 [main] DEBUG org.apache.http.wire -  << "server: Fly/3f2597ca (2023-05-03)[\r][\n]"
17:11:25.578 [main] DEBUG org.apache.http.wire -  << "via: 1.1 fly.io[\r][\n]"
17:11:25.578 [main] DEBUG org.apache.http.wire -  << "fly-request-id: 01H054PM838M0E1SPT953CXTRC-sin[\r][\n]"
17:11:25.578 [main] DEBUG org.apache.http.wire -  << "[\r][\n]"
17:11:25.578 [main] DEBUG org.apache.http.impl.conn.DefaultClientConnection - Receiving response: HTTP/1.1 401 Unauthorized
17:11:25.578 [main] DEBUG org.apache.http.headers - << HTTP/1.1 401 Unauthorized
17:11:25.578 [main] DEBUG org.apache.http.headers - << content-type: application/json
17:11:25.578 [main] DEBUG org.apache.http.headers - << date: Thu, 11 May 2023 10:11:28 GMT
17:11:25.578 [main] DEBUG org.apache.http.headers - << content-encoding: gzip
17:11:25.578 [main] DEBUG org.apache.http.headers - << transfer-encoding: chunked
17:11:25.578 [main] DEBUG org.apache.http.headers - << server: Fly/3f2597ca (2023-05-03)
17:11:25.578 [main] DEBUG org.apache.http.headers - << via: 1.1 fly.io
17:11:25.578 [main] DEBUG org.apache.http.headers - << fly-request-id: 01H054PM838M0E1SPT953CXTRC-sin
17:11:25.578 [main] DEBUG org.apache.http.impl.client.DefaultHttpClient - Connection can be kept alive indefinitely
17:11:25.578 [main] DEBUG org.apache.http.impl.client.DefaultHttpClient - Authentication required
17:11:25.578 [main] DEBUG org.apache.http.impl.client.DefaultHttpClient - altashop-api.fly.dev:443 requested authentication
17:11:25.578 [main] DEBUG org.apache.http.impl.client.DefaultHttpClient - Response contains no authentication challenges
17:11:25.578 [main] DEBUG io.restassured.internal.RestAssuredHttpBuilder - Parsing response as: application/json
17:11:25.578 [main] DEBUG org.apache.http.wire -  << "2D[\r][\n]"
17:11:25.578 [main] DEBUG org.apache.http.wire -  << "[0x1f][0x8b][0x8][0x0][0x0][0x0][0x0][0x0][0x4][0xff][0xab]VJ-*[0xca]/R[0xb2]R*[0xcd]K,-[0xc9][0xc8]/[0xca][0xac]JMQ[0xaa][0xe5][0x2][0x0]@[0x17]da[0x19][0x0][0x0][0x0]"
17:11:25.578 [main] DEBUG org.apache.http.wire -  << "[\r][\n]"
17:11:25.578 [main] DEBUG org.apache.http.wire -  << "0[\r][\n]"
17:11:25.578 [main] DEBUG org.apache.http.wire -  << "[\r][\n]"
17:11:25.578 [main] DEBUG io.restassured.internal.RestAssuredHttpBuilder - Parsed data to instance of: class org.apache.http.conn.EofSensorInputStream
17:11:25.579 [main] DEBUG org.apache.http.impl.conn.BasicClientConnectionManager - Releasing connection org.apache.http.impl.conn.ManagedClientConnectionImpl@5434de8
17:11:25.579 [main] DEBUG org.apache.http.impl.conn.BasicClientConnectionManager - Connection can be kept alive indefinitely
17:11:25.580 [main] DEBUG net.thucydides.core.steps.StepInterceptor - STEP DONE: I send GET HTTP request all orders invalid
  &amp#27;[32mWhen &amp#27;[0m&amp#27;[32mI send GET HTTP request all orders invalid&amp#27;[0m   &amp#27;[90m# starter.stepdefinitions.OrdersSteps.sendGetHttpRequestAllOrdersInvalid()&amp#27;[0m
17:11:25.587 [main] DEBUG net.thucydides.core.steps.StepInterceptor - STARTING STEP: AuthSteps.receiveHttpResponseCode401 - I receive valid HTTP response code 401
17:11:25.588 [main] DEBUG net.thucydides.core.steps.StepInterceptor - STEP DONE: I receive valid HTTP response code 401
  &amp#27;[32mThen &amp#27;[0m&amp#27;[32mI receive valid HTTP response code 401&amp#27;[0m       &amp#27;[90m# starter.stepdefinitions.AuthSteps.receiveHttpResponseCode401()&amp#27;[0m
17:11:25.590 [main] DEBUG net.thucydides.core.steps.StepInterceptor - STARTING STEP: AuthSteps.receiveValidDataForResponseCode401 - I receive valid data for response code 401
17:11:25.597 [main] DEBUG net.thucydides.core.steps.StepInterceptor - STEP DONE: I receive valid data for response code 401
  &amp#27;[32mAnd &amp#27;[0m&amp#27;[32mI receive valid data for response code 401&amp#27;[0m    &amp#27;[90m# starter.stepdefinitions.AuthSteps.receiveValidDataForResponseCode401()&amp#27;[0m
17:11:25.598 [main] INFO  - 
  _____   ___   ___   _____     ___     _     ___   ___   ___   ___  
 |_   _| | __| / __| |_   _|   | _ \   /_\   / __| / __| | __| |   \ 
   | |   | _|  \__ \   | |     |  _/  / _ \  \__ \ \__ \ | _|  | |) |
   |_|   |___| |___/   |_|     |_|   /_/ \_\ |___/ |___/ |___| |___/ 

GET As a user I can't get all orders list
----------------------------------------------------------------------
]]></system-out>
  </testcase>
  <testcase name="GET As a user I can get order list by id" classname="Orders" time="0.332">
    <system-out><![CDATA[
@Orders @GetIdOrder+
Scenario: GET As a user I can get order list by id &amp#27;[90m# src/test/resources/api/Orders.feature:32&amp#27;[0m
17:11:25.605 [main] INFO io.cucumber.core.plugin.SerenityReporter - Running feature from file:///C:/KULIAH/SEMESTER%206/MSIB/QA/Tugas/Mini%20Project/API/rest-api/src/test/resources/api/Orders.feature
17:11:25.605 [main] WARN io.cucumber.core.plugin.SerenityReporter - Feature from file:///C:/KULIAH/SEMESTER%206/MSIB/QA/Tugas/Mini%20Project/API/rest-api/src/test/resources/api/Orders.feature is not under the 'features' directory. Requirements report will not be correctly generated!
17:11:25.606 [main] INFO  - 
  _____   ___   ___   _____     ___   _____     _     ___   _____   ___   ___  
 |_   _| | __| / __| |_   _|   / __| |_   _|   /_\   | _ \ |_   _| | __| |   \ 
   | |   | _|  \__ \   | |     \__ \   | |    / _ \  |   /   | |   | _|  | |) |
   |_|   |___| |___/   |_|     |___/   |_|   /_/ \_\ |_|_\   |_|   |___| |___/ 

GET As a user I can get order list by id(orders;get-as-a-user-i-can-get-order-list-by-id)
--------------------------------------------------------------------------------
17:11:25.613 [main] DEBUG net.thucydides.core.steps.StepInterceptor - STARTING STEP: OrdersSteps.setGetApiEndpointsOrderById - I set GET api endpoints order by id
17:11:25.613 [main] DEBUG net.thucydides.core.steps.StepInterceptor - STEP DONE: I set GET api endpoints order by id
  &amp#27;[32mGiven &amp#27;[0m&amp#27;[32mI set GET api endpoints order by id&amp#27;[0m        &amp#27;[90m# starter.stepdefinitions.OrdersSteps.setGetApiEndpointsOrderById()&amp#27;[0m
17:11:25.617 [main] DEBUG net.thucydides.core.steps.StepInterceptor - STARTING STEP: OrdersSteps.sendGetHttpRequestOrderById - I send GET HTTP request order by id
17:11:25.619 [main] DEBUG net.thucydides.core.steps.StepInterceptor - STARTING STEP: GetIdOrder.sendGetHttpRequest - I set GET api endpoints order by id
17:11:25.619 [main] DEBUG net.thucydides.core.steps.StepInterceptor - STEP DONE: I set GET api endpoints order by id
17:11:25.627 [main] DEBUG org.apache.http.impl.conn.BasicClientConnectionManager - Get connection for route {s}->https://altashop-api.fly.dev:443
17:11:25.627 [main] DEBUG org.apache.http.impl.conn.DefaultClientConnectionOperator - Connecting to altashop-api.fly.dev:443
17:11:25.795 [main] DEBUG org.apache.http.client.protocol.RequestAddCookies - CookieSpec selected: ignoreCookies
17:11:25.795 [main] DEBUG org.apache.http.client.protocol.RequestAuthCache - Auth cache not set in the context
17:11:25.795 [main] DEBUG org.apache.http.client.protocol.RequestProxyAuthentication - Proxy auth state: UNCHALLENGED
17:11:25.795 [main] DEBUG org.apache.http.impl.client.DefaultHttpClient - Attempt 1 to execute request
17:11:25.795 [main] DEBUG org.apache.http.impl.conn.DefaultClientConnection - Sending request: GET /api/orders/11362 HTTP/1.1
17:11:25.795 [main] DEBUG org.apache.http.wire -  >> "GET /api/orders/11362 HTTP/1.1[\r][\n]"
17:11:25.795 [main] DEBUG org.apache.http.wire -  >> "Authorization: Bearer eyJhbGciOiJIUzI1NiIsInR5cCI6IkpXVCJ9.eyJGdWxsbmFtZSI6IkpvaG4gRG9lIiwiRW1haWwiOiJzb21lb25lQG1haWwuY29tIn0.WvBSxcQEqqniC1v08LzkrHcELegs0b7vtjGPWiaEWcI[\r][\n]"
17:11:25.795 [main] DEBUG org.apache.http.wire -  >> "Accept: */*[\r][\n]"
17:11:25.795 [main] DEBUG org.apache.http.wire -  >> "Host: altashop-api.fly.dev[\r][\n]"
17:11:25.795 [main] DEBUG org.apache.http.wire -  >> "Connection: Keep-Alive[\r][\n]"
17:11:25.795 [main] DEBUG org.apache.http.wire -  >> "User-Agent: Apache-HttpClient/4.5.13 (Java/11.0.12)[\r][\n]"
17:11:25.795 [main] DEBUG org.apache.http.wire -  >> "Accept-Encoding: gzip,deflate[\r][\n]"
17:11:25.795 [main] DEBUG org.apache.http.wire -  >> "[\r][\n]"
17:11:25.795 [main] DEBUG org.apache.http.headers - >> GET /api/orders/11362 HTTP/1.1
17:11:25.795 [main] DEBUG org.apache.http.headers - >> Authorization: Bearer eyJhbGciOiJIUzI1NiIsInR5cCI6IkpXVCJ9.eyJGdWxsbmFtZSI6IkpvaG4gRG9lIiwiRW1haWwiOiJzb21lb25lQG1haWwuY29tIn0.WvBSxcQEqqniC1v08LzkrHcELegs0b7vtjGPWiaEWcI
17:11:25.795 [main] DEBUG org.apache.http.headers - >> Accept: */*
17:11:25.795 [main] DEBUG org.apache.http.headers - >> Host: altashop-api.fly.dev
17:11:25.795 [main] DEBUG org.apache.http.headers - >> Connection: Keep-Alive
17:11:25.795 [main] DEBUG org.apache.http.headers - >> User-Agent: Apache-HttpClient/4.5.13 (Java/11.0.12)
17:11:25.795 [main] DEBUG org.apache.http.headers - >> Accept-Encoding: gzip,deflate
17:11:25.899 [main] DEBUG org.apache.http.wire -  << "HTTP/1.1 200 OK[\r][\n]"
17:11:25.899 [main] DEBUG org.apache.http.wire -  << "content-type: application/json[\r][\n]"
17:11:25.899 [main] DEBUG org.apache.http.wire -  << "date: Thu, 11 May 2023 10:11:28 GMT[\r][\n]"
17:11:25.899 [main] DEBUG org.apache.http.wire -  << "content-encoding: gzip[\r][\n]"
17:11:25.899 [main] DEBUG org.apache.http.wire -  << "transfer-encoding: chunked[\r][\n]"
17:11:25.899 [main] DEBUG org.apache.http.wire -  << "server: Fly/3f2597ca (2023-05-03)[\r][\n]"
17:11:25.899 [main] DEBUG org.apache.http.wire -  << "via: 1.1 fly.io[\r][\n]"
17:11:25.899 [main] DEBUG org.apache.http.wire -  << "fly-request-id: 01H054PMJ0Q8TB401V6EGRMXY6-sin[\r][\n]"
17:11:25.899 [main] DEBUG org.apache.http.wire -  << "[\r][\n]"
17:11:25.899 [main] DEBUG org.apache.http.impl.conn.DefaultClientConnection - Receiving response: HTTP/1.1 200 OK
17:11:25.899 [main] DEBUG org.apache.http.headers - << HTTP/1.1 200 OK
17:11:25.899 [main] DEBUG org.apache.http.headers - << content-type: application/json
17:11:25.899 [main] DEBUG org.apache.http.headers - << date: Thu, 11 May 2023 10:11:28 GMT
17:11:25.899 [main] DEBUG org.apache.http.headers - << content-encoding: gzip
17:11:25.899 [main] DEBUG org.apache.http.headers - << transfer-encoding: chunked
17:11:25.899 [main] DEBUG org.apache.http.headers - << server: Fly/3f2597ca (2023-05-03)
17:11:25.899 [main] DEBUG org.apache.http.headers - << via: 1.1 fly.io
17:11:25.899 [main] DEBUG org.apache.http.headers - << fly-request-id: 01H054PMJ0Q8TB401V6EGRMXY6-sin
17:11:25.900 [main] DEBUG org.apache.http.impl.client.DefaultHttpClient - Connection can be kept alive indefinitely
17:11:25.900 [main] DEBUG io.restassured.internal.RestAssuredHttpBuilder - Parsing response as: application/json
17:11:25.900 [main] DEBUG org.apache.http.wire -  << "9A[\r][\n]"
17:11:25.900 [main] DEBUG org.apache.http.wire -  << "[0x1f][0x8b][0x8][0x0][0x0][0x0][0x0][0x0][0x4][0xff][0xab]VJI,IT[0xb2][0xaa]V[0xf2]tQ[0xb2]24463[0xd2]Q[\n]"
17:11:25.900 [main] DEBUG org.apache.http.wire -  << "-N-[0x82][0x9][0x19][0x19][0x9b][0x99]Y[0xe8]([0xb9][0x95][0xe6][0xe4][0xe4]%[0xe6][0xa6]*Y)[0xb9]e[0x16][0x15][0x97][0x80][0xd8][\n]"
17:11:25.900 [main] DEBUG org.apache.http.wire -  << ">[0x89][0x10][0x86][0x92][0x8e][0x92]knbf[0x8e][0x92][0x95]Rq~nj~^[0xaa][0x3][0x88][0xab][0x97][0x9c][0x9f][0xab][0xa4][0xa3][0x14][0x90]X\\[0x9e]_[0x94][0xa2]d[0xa5]dhdlhd[0xac]T[0xab][0xa3][0x14]P[0x94][0x9f]R[0x9a]\[0xa2]d[0x95]W[0x9a][0x93][0xa3][0xa3][0x14]X[0x9a][0x98]W[0x92]YR[0xa9]deX[[0xcb][0x5][0x0][0xe7][0xca]z\[0x95][0x0][0x0][0x0]"
17:11:25.900 [main] DEBUG org.apache.http.wire -  << "[\r][\n]"
17:11:25.900 [main] DEBUG org.apache.http.wire -  << "0[\r][\n]"
17:11:25.900 [main] DEBUG org.apache.http.wire -  << "[\r][\n]"
17:11:25.900 [main] DEBUG io.restassured.internal.RestAssuredHttpBuilder - Parsed data to instance of: class org.apache.http.conn.EofSensorInputStream
17:11:25.901 [main] DEBUG org.apache.http.impl.conn.BasicClientConnectionManager - Releasing connection org.apache.http.impl.conn.ManagedClientConnectionImpl@2c635953
17:11:25.901 [main] DEBUG org.apache.http.impl.conn.BasicClientConnectionManager - Connection can be kept alive indefinitely
17:11:25.901 [main] DEBUG net.thucydides.core.steps.StepInterceptor - STEP DONE: I send GET HTTP request order by id
  &amp#27;[32mWhen &amp#27;[0m&amp#27;[32mI send GET HTTP request order by id&amp#27;[0m         &amp#27;[90m# starter.stepdefinitions.OrdersSteps.sendGetHttpRequestOrderById()&amp#27;[0m
17:11:25.912 [main] DEBUG net.thucydides.core.steps.StepInterceptor - STARTING STEP: ProductsSteps.receiveValidHttpResponseCode200 - I receive valid HTTP response code 200
17:11:25.912 [main] DEBUG net.thucydides.core.steps.StepInterceptor - STEP DONE: I receive valid HTTP response code 200
  &amp#27;[32mThen &amp#27;[0m&amp#27;[32mI receive valid HTTP response code 200&amp#27;[0m      &amp#27;[90m# starter.stepdefinitions.ProductsSteps.receiveValidHttpResponseCode200()&amp#27;[0m
17:11:25.914 [main] DEBUG net.thucydides.core.steps.StepInterceptor - STARTING STEP: OrdersSteps.receiveValidDataForOrderById - I receive valid data for order by id
17:11:25.928 [main] DEBUG net.thucydides.core.steps.StepInterceptor - STEP DONE: I receive valid data for order by id
  &amp#27;[32mAnd &amp#27;[0m&amp#27;[32mI receive valid data for order by id&amp#27;[0m         &amp#27;[90m# starter.stepdefinitions.OrdersSteps.receiveValidDataForOrderById()&amp#27;[0m
17:11:25.930 [main] INFO  - 
  _____   ___   ___   _____     ___     _     ___   ___   ___   ___  
 |_   _| | __| / __| |_   _|   | _ \   /_\   / __| / __| | __| |   \ 
   | |   | _|  \__ \   | |     |  _/  / _ \  \__ \ \__ \ | _|  | |) |
   |_|   |___| |___/   |_|     |_|   /_/ \_\ |___/ |___/ |___| |___/ 

GET As a user I can get order list by id
----------------------------------------------------------------------
]]></system-out>
  </testcase>
  <testcase name="GET As a user I can&apos;t get order list by id" classname="Orders" time="0.576">
    <system-out><![CDATA[
@Orders @GetIdOrder-
Scenario: GET As a user I can't get order list by id &amp#27;[90m# src/test/resources/api/Orders.feature:38&amp#27;[0m
17:11:25.937 [main] INFO io.cucumber.core.plugin.SerenityReporter - Running feature from file:///C:/KULIAH/SEMESTER%206/MSIB/QA/Tugas/Mini%20Project/API/rest-api/src/test/resources/api/Orders.feature
17:11:25.937 [main] WARN io.cucumber.core.plugin.SerenityReporter - Feature from file:///C:/KULIAH/SEMESTER%206/MSIB/QA/Tugas/Mini%20Project/API/rest-api/src/test/resources/api/Orders.feature is not under the 'features' directory. Requirements report will not be correctly generated!
17:11:25.938 [main] INFO  - 
  _____   ___   ___   _____     ___   _____     _     ___   _____   ___   ___  
 |_   _| | __| / __| |_   _|   / __| |_   _|   /_\   | _ \ |_   _| | __| |   \ 
   | |   | _|  \__ \   | |     \__ \   | |    / _ \  |   /   | |   | _|  | |) |
   |_|   |___| |___/   |_|     |___/   |_|   /_/ \_\ |_|_\   |_|   |___| |___/ 

GET As a user I can't get order list by id(orders;get-as-a-user-i-can-t-get-order-list-by-id)
--------------------------------------------------------------------------------
17:11:25.945 [main] DEBUG net.thucydides.core.steps.StepInterceptor - STARTING STEP: OrdersSteps.setGetApiEndpointsOrderByIdInvalid - I set GET api endpoints order by id invalid
17:11:25.945 [main] DEBUG net.thucydides.core.steps.StepInterceptor - STEP DONE: I set GET api endpoints order by id invalid
  &amp#27;[32mGiven &amp#27;[0m&amp#27;[32mI set GET api endpoints order by id invalid&amp#27;[0m  &amp#27;[90m# starter.stepdefinitions.OrdersSteps.setGetApiEndpointsOrderByIdInvalid()&amp#27;[0m
17:11:25.947 [main] DEBUG net.thucydides.core.steps.StepInterceptor - STARTING STEP: OrdersSteps.sendGetHttpRequestOrderByIdInvalid - I send GET HTTP request order by id invalid
17:11:25.949 [main] DEBUG net.thucydides.core.steps.StepInterceptor - STARTING STEP: GetIdOrder.sendGetHttpRequestInvalid - I set GET api endpoints order by id invalid
17:11:25.949 [main] DEBUG net.thucydides.core.steps.StepInterceptor - STEP DONE: I set GET api endpoints order by id invalid
17:11:25.961 [main] DEBUG org.apache.http.impl.conn.BasicClientConnectionManager - Get connection for route {s}->https://altashop-api.fly.dev:443
17:11:25.961 [main] DEBUG org.apache.http.impl.conn.DefaultClientConnectionOperator - Connecting to altashop-api.fly.dev:443
17:11:26.113 [Finalizer] DEBUG org.apache.http.impl.conn.DefaultClientConnection - Connection 0.0.0.0:49221<->149.248.193.56:443 closed
17:11:26.115 [Finalizer] DEBUG org.apache.http.impl.conn.DefaultClientConnection - Connection 0.0.0.0:49220<->149.248.193.56:443 closed
17:11:26.116 [main] DEBUG org.apache.http.client.protocol.RequestAddCookies - CookieSpec selected: ignoreCookies
17:11:26.116 [main] DEBUG org.apache.http.client.protocol.RequestAuthCache - Auth cache not set in the context
17:11:26.116 [main] DEBUG org.apache.http.client.protocol.RequestProxyAuthentication - Proxy auth state: UNCHALLENGED
17:11:26.117 [main] DEBUG org.apache.http.impl.client.DefaultHttpClient - Attempt 1 to execute request
17:11:26.117 [main] DEBUG org.apache.http.impl.conn.DefaultClientConnection - Sending request: GET /api/orders/1 HTTP/1.1
17:11:26.117 [main] DEBUG org.apache.http.wire -  >> "GET /api/orders/1 HTTP/1.1[\r][\n]"
17:11:26.117 [main] DEBUG org.apache.http.wire -  >> "Authorization: Bearer eyJhbGciOiJIUzI1NiIsInR5cCI6IkpXVCJ9.eyJGdWxsbmFtZSI6IkpvaG4gRG9lIiwiRW1haWwiOiJzb21lb25lQG1haWwuY29tIn0.WvBSxcQEqqniC1v08LzkrHcELegs0b7vtjGPWiaEWcI[\r][\n]"
17:11:26.117 [main] DEBUG org.apache.http.wire -  >> "Accept: */*[\r][\n]"
17:11:26.117 [Finalizer] DEBUG org.apache.http.impl.conn.DefaultClientConnection - Connection 0.0.0.0:49223<->149.248.193.56:443 closed
17:11:26.117 [main] DEBUG org.apache.http.wire -  >> "Host: altashop-api.fly.dev[\r][\n]"
17:11:26.118 [main] DEBUG org.apache.http.wire -  >> "Connection: Keep-Alive[\r][\n]"
17:11:26.118 [main] DEBUG org.apache.http.wire -  >> "User-Agent: Apache-HttpClient/4.5.13 (Java/11.0.12)[\r][\n]"
17:11:26.118 [main] DEBUG org.apache.http.wire -  >> "Accept-Encoding: gzip,deflate[\r][\n]"
17:11:26.118 [main] DEBUG org.apache.http.wire -  >> "[\r][\n]"
17:11:26.118 [main] DEBUG org.apache.http.headers - >> GET /api/orders/1 HTTP/1.1
17:11:26.118 [main] DEBUG org.apache.http.headers - >> Authorization: Bearer eyJhbGciOiJIUzI1NiIsInR5cCI6IkpXVCJ9.eyJGdWxsbmFtZSI6IkpvaG4gRG9lIiwiRW1haWwiOiJzb21lb25lQG1haWwuY29tIn0.WvBSxcQEqqniC1v08LzkrHcELegs0b7vtjGPWiaEWcI
17:11:26.118 [main] DEBUG org.apache.http.headers - >> Accept: */*
17:11:26.118 [main] DEBUG org.apache.http.headers - >> Host: altashop-api.fly.dev
17:11:26.118 [main] DEBUG org.apache.http.headers - >> Connection: Keep-Alive
17:11:26.118 [main] DEBUG org.apache.http.headers - >> User-Agent: Apache-HttpClient/4.5.13 (Java/11.0.12)
17:11:26.118 [main] DEBUG org.apache.http.headers - >> Accept-Encoding: gzip,deflate
17:11:26.119 [Finalizer] DEBUG org.apache.http.impl.conn.DefaultClientConnection - Connection 0.0.0.0:49222<->149.248.193.56:443 closed
17:11:26.120 [Finalizer] DEBUG org.apache.http.impl.conn.DefaultClientConnection - Connection 0.0.0.0:49225<->149.248.193.56:443 closed
17:11:26.121 [Finalizer] DEBUG org.apache.http.impl.conn.DefaultClientConnection - Connection 0.0.0.0:49224<->149.248.193.56:443 closed
17:11:26.122 [Finalizer] DEBUG org.apache.http.impl.conn.DefaultClientConnection - Connection 0.0.0.0:49226<->149.248.193.56:443 closed
17:11:26.122 [Finalizer] DEBUG org.apache.http.impl.conn.DefaultClientConnection - Connection 0.0.0.0:49229<->149.248.193.56:443 closed
17:11:26.123 [Finalizer] DEBUG org.apache.http.impl.conn.DefaultClientConnection - Connection 0.0.0.0:49228<->149.248.193.56:443 closed
17:11:26.125 [Finalizer] DEBUG org.apache.http.impl.conn.DefaultClientConnection - Connection 0.0.0.0:49227<->149.248.193.56:443 closed
17:11:26.126 [Finalizer] DEBUG org.apache.http.impl.conn.DefaultClientConnection - Connection 0.0.0.0:49230<->149.248.193.56:443 closed
17:11:26.127 [Finalizer] DEBUG org.apache.http.impl.conn.DefaultClientConnection - Connection 0.0.0.0:49231<->149.248.193.56:443 closed
17:11:26.194 [main] DEBUG org.apache.http.wire -  << "HTTP/1.1 404 Not Found[\r][\n]"
17:11:26.194 [main] DEBUG org.apache.http.wire -  << "content-type: application/json[\r][\n]"
17:11:26.194 [main] DEBUG org.apache.http.wire -  << "date: Thu, 11 May 2023 10:11:28 GMT[\r][\n]"
17:11:26.194 [main] DEBUG org.apache.http.wire -  << "content-encoding: gzip[\r][\n]"
17:11:26.194 [main] DEBUG org.apache.http.wire -  << "transfer-encoding: chunked[\r][\n]"
17:11:26.194 [main] DEBUG org.apache.http.wire -  << "server: Fly/3f2597ca (2023-05-03)[\r][\n]"
17:11:26.194 [main] DEBUG org.apache.http.wire -  << "via: 1.1 fly.io[\r][\n]"
17:11:26.194 [main] DEBUG org.apache.http.wire -  << "fly-request-id: 01H054PMVSG9REM99TSNSEHFZB-sin[\r][\n]"
17:11:26.194 [main] DEBUG org.apache.http.wire -  << "[\r][\n]"
17:11:26.194 [main] DEBUG org.apache.http.impl.conn.DefaultClientConnection - Receiving response: HTTP/1.1 404 Not Found
17:11:26.194 [main] DEBUG org.apache.http.headers - << HTTP/1.1 404 Not Found
17:11:26.194 [main] DEBUG org.apache.http.headers - << content-type: application/json
17:11:26.194 [main] DEBUG org.apache.http.headers - << date: Thu, 11 May 2023 10:11:28 GMT
17:11:26.194 [main] DEBUG org.apache.http.headers - << content-encoding: gzip
17:11:26.194 [main] DEBUG org.apache.http.headers - << transfer-encoding: chunked
17:11:26.194 [main] DEBUG org.apache.http.headers - << server: Fly/3f2597ca (2023-05-03)
17:11:26.194 [main] DEBUG org.apache.http.headers - << via: 1.1 fly.io
17:11:26.194 [main] DEBUG org.apache.http.headers - << fly-request-id: 01H054PMVSG9REM99TSNSEHFZB-sin
17:11:26.194 [main] DEBUG org.apache.http.impl.client.DefaultHttpClient - Connection can be kept alive indefinitely
17:11:26.194 [main] DEBUG io.restassured.internal.RestAssuredHttpBuilder - Parsing response as: application/json
17:11:26.194 [main] DEBUG org.apache.http.wire -  << "31[\r][\n]"
17:11:26.194 [main] DEBUG org.apache.http.wire -  << "[0x1f][0x8b][0x8][0x0][0x0][0x0][0x0][0x0][0x4][0xff][0xab]VJ-*[0xca]/R[0xb2]R*JM[0xce]/JQ[0xc8][0xcb]/QH[0xcb]/[0xcd]KQ[0xaa][0xe5][0x2][0x0]6`[0x14][0x2][0x1d][0x0][0x0][0x0]"
17:11:26.194 [main] DEBUG org.apache.http.wire -  << "[\r][\n]"
17:11:26.194 [main] DEBUG org.apache.http.wire -  << "0[\r][\n]"
17:11:26.194 [main] DEBUG org.apache.http.wire -  << "[\r][\n]"
17:11:26.194 [main] DEBUG io.restassured.internal.RestAssuredHttpBuilder - Parsed data to instance of: class org.apache.http.conn.EofSensorInputStream
17:11:26.196 [main] DEBUG org.apache.http.impl.conn.BasicClientConnectionManager - Releasing connection org.apache.http.impl.conn.ManagedClientConnectionImpl@9640678
17:11:26.196 [main] DEBUG org.apache.http.impl.conn.BasicClientConnectionManager - Connection can be kept alive indefinitely
17:11:26.196 [main] DEBUG net.thucydides.core.steps.StepInterceptor - STEP DONE: I send GET HTTP request order by id invalid
  &amp#27;[32mWhen &amp#27;[0m&amp#27;[32mI send GET HTTP request order by id invalid&amp#27;[0m   &amp#27;[90m# starter.stepdefinitions.OrdersSteps.sendGetHttpRequestOrderByIdInvalid()&amp#27;[0m
17:11:26.207 [main] DEBUG net.thucydides.core.steps.StepInterceptor - STARTING STEP: ProductsSteps.receiveHttpResponseCode404 - I receive valid HTTP response code 404
17:11:26.207 [main] DEBUG net.thucydides.core.steps.StepInterceptor - STEP DONE: I receive valid HTTP response code 404
  &amp#27;[32mThen &amp#27;[0m&amp#27;[32mI receive valid HTTP response code 404&amp#27;[0m        &amp#27;[90m# starter.stepdefinitions.ProductsSteps.receiveHttpResponseCode404()&amp#27;[0m
17:11:26.209 [main] DEBUG net.thucydides.core.steps.StepInterceptor - STARTING STEP: ProductsSteps.receiveValidDataForResponseCode404 - I receive valid data for response code 404
17:11:26.209 [main] DEBUG net.thucydides.core.steps.StepInterceptor - STARTING STEP: GetAllProducts.validateDataInvalidForResponseCode404 - I set GET api endpoints all products invalid
17:11:26.209 [main] DEBUG net.thucydides.core.steps.StepInterceptor - STEP DONE: I set GET api endpoints all products invalid
17:11:26.215 [main] DEBUG org.apache.http.impl.conn.BasicClientConnectionManager - Get connection for route {s}->https://altashop-api.fly.dev:443
17:11:26.215 [main] DEBUG org.apache.http.impl.conn.DefaultClientConnectionOperator - Connecting to altashop-api.fly.dev:443
17:11:26.340 [main] DEBUG org.apache.http.client.protocol.RequestAddCookies - CookieSpec selected: ignoreCookies
17:11:26.340 [main] DEBUG org.apache.http.client.protocol.RequestAuthCache - Auth cache not set in the context
17:11:26.340 [main] DEBUG org.apache.http.client.protocol.RequestTargetAuthentication - Target auth state: UNCHALLENGED
17:11:26.340 [main] DEBUG org.apache.http.client.protocol.RequestProxyAuthentication - Proxy auth state: UNCHALLENGED
17:11:26.340 [main] DEBUG org.apache.http.impl.client.DefaultHttpClient - Attempt 1 to execute request
17:11:26.340 [main] DEBUG org.apache.http.impl.conn.DefaultClientConnection - Sending request: DELETE /api/productss HTTP/1.1
17:11:26.340 [main] DEBUG org.apache.http.wire -  >> "DELETE /api/productss HTTP/1.1[\r][\n]"
17:11:26.340 [main] DEBUG org.apache.http.wire -  >> "Accept: */*[\r][\n]"
17:11:26.340 [main] DEBUG org.apache.http.wire -  >> "Host: altashop-api.fly.dev[\r][\n]"
17:11:26.340 [main] DEBUG org.apache.http.wire -  >> "Connection: Keep-Alive[\r][\n]"
17:11:26.340 [main] DEBUG org.apache.http.wire -  >> "User-Agent: Apache-HttpClient/4.5.13 (Java/11.0.12)[\r][\n]"
17:11:26.340 [main] DEBUG org.apache.http.wire -  >> "Accept-Encoding: gzip,deflate[\r][\n]"
17:11:26.340 [main] DEBUG org.apache.http.wire -  >> "[\r][\n]"
17:11:26.340 [main] DEBUG org.apache.http.headers - >> DELETE /api/productss HTTP/1.1
17:11:26.340 [main] DEBUG org.apache.http.headers - >> Accept: */*
17:11:26.340 [main] DEBUG org.apache.http.headers - >> Host: altashop-api.fly.dev
17:11:26.340 [main] DEBUG org.apache.http.headers - >> Connection: Keep-Alive
17:11:26.340 [main] DEBUG org.apache.http.headers - >> User-Agent: Apache-HttpClient/4.5.13 (Java/11.0.12)
17:11:26.340 [main] DEBUG org.apache.http.headers - >> Accept-Encoding: gzip,deflate
17:11:26.503 [main] DEBUG org.apache.http.wire -  << "HTTP/1.1 404 Not Found[\r][\n]"
17:11:26.503 [main] DEBUG org.apache.http.wire -  << "date: Thu, 11 May 2023 10:11:28 GMT[\r][\n]"
17:11:26.503 [main] DEBUG org.apache.http.wire -  << "content-encoding: gzip[\r][\n]"
17:11:26.503 [main] DEBUG org.apache.http.wire -  << "content-type: text/plain; charset=utf-8[\r][\n]"
17:11:26.503 [main] DEBUG org.apache.http.wire -  << "transfer-encoding: chunked[\r][\n]"
17:11:26.503 [main] DEBUG org.apache.http.wire -  << "server: Fly/3f2597ca (2023-05-03)[\r][\n]"
17:11:26.503 [main] DEBUG org.apache.http.wire -  << "via: 1.1 fly.io[\r][\n]"
17:11:26.503 [main] DEBUG org.apache.http.wire -  << "fly-request-id: 01H054PN2SYV3Z7EA37Y5YBSQJ-sin[\r][\n]"
17:11:26.503 [main] DEBUG org.apache.http.wire -  << "[\r][\n]"
17:11:26.503 [main] DEBUG org.apache.http.impl.conn.DefaultClientConnection - Receiving response: HTTP/1.1 404 Not Found
17:11:26.503 [main] DEBUG org.apache.http.headers - << HTTP/1.1 404 Not Found
17:11:26.503 [main] DEBUG org.apache.http.headers - << date: Thu, 11 May 2023 10:11:28 GMT
17:11:26.503 [main] DEBUG org.apache.http.headers - << content-encoding: gzip
17:11:26.503 [main] DEBUG org.apache.http.headers - << content-type: text/plain; charset=utf-8
17:11:26.503 [main] DEBUG org.apache.http.headers - << transfer-encoding: chunked
17:11:26.503 [main] DEBUG org.apache.http.headers - << server: Fly/3f2597ca (2023-05-03)
17:11:26.503 [main] DEBUG org.apache.http.headers - << via: 1.1 fly.io
17:11:26.503 [main] DEBUG org.apache.http.headers - << fly-request-id: 01H054PN2SYV3Z7EA37Y5YBSQJ-sin
17:11:26.503 [main] DEBUG org.apache.http.impl.client.DefaultHttpClient - Connection can be kept alive indefinitely
17:11:26.503 [main] DEBUG io.restassured.internal.RestAssuredHttpBuilder - Parsing response as: text/plain; charset=utf-8
17:11:26.503 [main] DEBUG org.apache.http.wire -  << "1E[\r][\n]"
17:11:26.503 [main] DEBUG org.apache.http.wire -  << "[0x1f][0x8b][0x8][0x0][0x0][0x0][0x0][0x0][0x4][0xff][0xcb][0xcb]/QH[0xcb]/[0xcd]K[0xe1][0x2][0x0][0xd4]I[0xfa]r[\n]"
17:11:26.503 [main] DEBUG org.apache.http.wire -  << "[0x0][0x0][0x0]"
17:11:26.503 [main] DEBUG org.apache.http.wire -  << "[\r][\n]"
17:11:26.503 [main] DEBUG org.apache.http.wire -  << "0[\r][\n]"
17:11:26.503 [main] DEBUG org.apache.http.wire -  << "[\r][\n]"
17:11:26.503 [main] DEBUG io.restassured.internal.RestAssuredHttpBuilder - Parsed data to instance of: class org.apache.http.conn.EofSensorInputStream
17:11:26.504 [main] DEBUG org.apache.http.impl.conn.BasicClientConnectionManager - Releasing connection org.apache.http.impl.conn.ManagedClientConnectionImpl@6258ea84
17:11:26.504 [main] DEBUG org.apache.http.impl.conn.BasicClientConnectionManager - Connection can be kept alive indefinitely
17:11:26.505 [main] DEBUG net.thucydides.core.steps.StepInterceptor - STEP DONE: I receive valid data for response code 404
  &amp#27;[32mAnd &amp#27;[0m&amp#27;[32mI receive valid data for response code 404&amp#27;[0m     &amp#27;[90m# starter.stepdefinitions.ProductsSteps.receiveValidDataForResponseCode404()&amp#27;[0m
17:11:26.506 [main] INFO  - 
  _____   ___   ___   _____     ___     _     ___   ___   ___   ___  
 |_   _| | __| / __| |_   _|   | _ \   /_\   / __| / __| | __| |   \ 
   | |   | _|  \__ \   | |     |  _/  / _ \  \__ \ \__ \ | _|  | |) |
   |_|   |___| |___/   |_|     |_|   /_/ \_\ |___/ |___/ |___| |___/ 

GET As a user I can't get order list by id
----------------------------------------------------------------------
]]></system-out>
  </testcase>
  <testcase name="POST As a user I can create a new product category" classname="Products Categories" time="0.38">
    <system-out><![CDATA[17:11:26.507 [main] INFO io.cucumber.core.plugin.SerenityReporter - Running feature from file:///C:/KULIAH/SEMESTER%206/MSIB/QA/Tugas/Mini%20Project/API/rest-api/src/test/resources/api/ProductCategories.feature
17:11:26.507 [main] WARN io.cucumber.core.plugin.SerenityReporter - Feature from file:///C:/KULIAH/SEMESTER%206/MSIB/QA/Tugas/Mini%20Project/API/rest-api/src/test/resources/api/ProductCategories.feature is not under the 'features' directory. Requirements report will not be correctly generated!
17:11:26.508 [main] DEBUG net.thucydides.core.steps.StepEventBus - Test suite started for story net.thucydides.core.model.Story@e77624c4
17:11:26.509 [main] INFO  - Test Suite Started: Products Categories

@ProductsCategories @PostProductCategory+
Scenario: POST As a user I can create a new product category &amp#27;[90m# src/test/resources/api/ProductCategories.feature:6&amp#27;[0m
17:11:26.514 [main] INFO io.cucumber.core.plugin.SerenityReporter - Running feature from file:///C:/KULIAH/SEMESTER%206/MSIB/QA/Tugas/Mini%20Project/API/rest-api/src/test/resources/api/ProductCategories.feature
17:11:26.514 [main] WARN io.cucumber.core.plugin.SerenityReporter - Feature from file:///C:/KULIAH/SEMESTER%206/MSIB/QA/Tugas/Mini%20Project/API/rest-api/src/test/resources/api/ProductCategories.feature is not under the 'features' directory. Requirements report will not be correctly generated!
17:11:26.515 [main] INFO  - 
  _____   ___   ___   _____     ___   _____     _     ___   _____   ___   ___  
 |_   _| | __| / __| |_   _|   / __| |_   _|   /_\   | _ \ |_   _| | __| |   \ 
   | |   | _|  \__ \   | |     \__ \   | |    / _ \  |   /   | |   | _|  | |) |
   |_|   |___| |___/   |_|     |___/   |_|   /_/ \_\ |_|_\   |_|   |___| |___/ 

POST As a user I can create a new product category(products-categories;post-as-a-user-i-can-create-a-new-product-category)
--------------------------------------------------------------------------------
17:11:26.549 [main] DEBUG net.thucydides.core.steps.StepInterceptor - STARTING STEP: ProductCategoriesSteps.setPostApiEndpointsNewProductCategories - I set POST endpoints new product category
17:11:26.549 [main] DEBUG net.thucydides.core.steps.StepInterceptor - STEP DONE: I set POST endpoints new product category
  &amp#27;[32mGiven &amp#27;[0m&amp#27;[32mI set POST api endpoints new product category&amp#27;[0m        &amp#27;[90m# starter.stepdefinitions.ProductCategoriesSteps.setPostApiEndpointsNewProductCategories()&amp#27;[0m
17:11:26.555 [main] DEBUG net.thucydides.core.steps.StepInterceptor - STARTING STEP: ProductCategoriesSteps.sendPostHttpRequestNewProductCategory - I send POST HTTP request new product category
17:11:26.556 [main] DEBUG net.thucydides.core.steps.StepInterceptor - STARTING STEP: PostCategory.sendPostHTTPRequest - I set POST endpoints new product category
17:11:26.556 [main] DEBUG net.thucydides.core.steps.StepInterceptor - STEP DONE: I set POST endpoints new product category
17:11:26.564 [main] DEBUG org.apache.http.impl.conn.BasicClientConnectionManager - Get connection for route {s}->https://altashop-api.fly.dev:443
17:11:26.564 [main] DEBUG org.apache.http.impl.conn.DefaultClientConnectionOperator - Connecting to altashop-api.fly.dev:443
17:11:26.740 [main] DEBUG org.apache.http.client.protocol.RequestAddCookies - CookieSpec selected: ignoreCookies
17:11:26.740 [main] DEBUG org.apache.http.client.protocol.RequestAuthCache - Auth cache not set in the context
17:11:26.740 [main] DEBUG org.apache.http.client.protocol.RequestTargetAuthentication - Target auth state: UNCHALLENGED
17:11:26.740 [main] DEBUG org.apache.http.client.protocol.RequestProxyAuthentication - Proxy auth state: UNCHALLENGED
17:11:26.740 [main] DEBUG org.apache.http.impl.client.DefaultHttpClient - Attempt 1 to execute request
17:11:26.740 [main] DEBUG org.apache.http.impl.conn.DefaultClientConnection - Sending request: POST /api/categories HTTP/1.1
17:11:26.740 [main] DEBUG org.apache.http.wire -  >> "POST /api/categories HTTP/1.1[\r][\n]"
17:11:26.740 [main] DEBUG org.apache.http.wire -  >> "Accept: */*[\r][\n]"
17:11:26.740 [main] DEBUG org.apache.http.wire -  >> "Content-Type: application/json[\r][\n]"
17:11:26.740 [main] DEBUG org.apache.http.wire -  >> "Content-Length: 53[\r][\n]"
17:11:26.740 [main] DEBUG org.apache.http.wire -  >> "Host: altashop-api.fly.dev[\r][\n]"
17:11:26.740 [main] DEBUG org.apache.http.wire -  >> "Connection: Keep-Alive[\r][\n]"
17:11:26.740 [main] DEBUG org.apache.http.wire -  >> "User-Agent: Apache-HttpClient/4.5.13 (Java/11.0.12)[\r][\n]"
17:11:26.740 [main] DEBUG org.apache.http.wire -  >> "Accept-Encoding: gzip,deflate[\r][\n]"
17:11:26.740 [main] DEBUG org.apache.http.wire -  >> "[\r][\n]"
17:11:26.740 [main] DEBUG org.apache.http.headers - >> POST /api/categories HTTP/1.1
17:11:26.740 [main] DEBUG org.apache.http.headers - >> Accept: */*
17:11:26.740 [main] DEBUG org.apache.http.headers - >> Content-Type: application/json
17:11:26.740 [main] DEBUG org.apache.http.headers - >> Content-Length: 53
17:11:26.740 [main] DEBUG org.apache.http.headers - >> Host: altashop-api.fly.dev
17:11:26.740 [main] DEBUG org.apache.http.headers - >> Connection: Keep-Alive
17:11:26.740 [main] DEBUG org.apache.http.headers - >> User-Agent: Apache-HttpClient/4.5.13 (Java/11.0.12)
17:11:26.740 [main] DEBUG org.apache.http.headers - >> Accept-Encoding: gzip,deflate
17:11:26.740 [main] DEBUG org.apache.http.wire -  >> "{"name":"gaming","description":"for gaming purposes"}"
17:11:26.845 [main] DEBUG org.apache.http.wire -  << "HTTP/1.1 200 OK[\r][\n]"
17:11:26.845 [main] DEBUG org.apache.http.wire -  << "content-type: application/json[\r][\n]"
17:11:26.845 [main] DEBUG org.apache.http.wire -  << "date: Thu, 11 May 2023 10:11:29 GMT[\r][\n]"
17:11:26.845 [main] DEBUG org.apache.http.wire -  << "content-encoding: gzip[\r][\n]"
17:11:26.845 [main] DEBUG org.apache.http.wire -  << "transfer-encoding: chunked[\r][\n]"
17:11:26.845 [main] DEBUG org.apache.http.wire -  << "server: Fly/3f2597ca (2023-05-03)[\r][\n]"
17:11:26.845 [main] DEBUG org.apache.http.wire -  << "via: 1.1 fly.io[\r][\n]"
17:11:26.845 [main] DEBUG org.apache.http.wire -  << "fly-request-id: 01H054PNGEKFSB84T86FJ4JP5Y-sin[\r][\n]"
17:11:26.845 [main] DEBUG org.apache.http.wire -  << "[\r][\n]"
17:11:26.845 [main] DEBUG org.apache.http.impl.conn.DefaultClientConnection - Receiving response: HTTP/1.1 200 OK
17:11:26.845 [main] DEBUG org.apache.http.headers - << HTTP/1.1 200 OK
17:11:26.845 [main] DEBUG org.apache.http.headers - << content-type: application/json
17:11:26.845 [main] DEBUG org.apache.http.headers - << date: Thu, 11 May 2023 10:11:29 GMT
17:11:26.845 [main] DEBUG org.apache.http.headers - << content-encoding: gzip
17:11:26.845 [main] DEBUG org.apache.http.headers - << transfer-encoding: chunked
17:11:26.845 [main] DEBUG org.apache.http.headers - << server: Fly/3f2597ca (2023-05-03)
17:11:26.845 [main] DEBUG org.apache.http.headers - << via: 1.1 fly.io
17:11:26.845 [main] DEBUG org.apache.http.headers - << fly-request-id: 01H054PNGEKFSB84T86FJ4JP5Y-sin
17:11:26.845 [main] DEBUG org.apache.http.impl.client.DefaultHttpClient - Connection can be kept alive indefinitely
17:11:26.846 [main] DEBUG io.restassured.internal.RestAssuredHttpBuilder - Parsing response as: application/json
17:11:26.846 [main] DEBUG org.apache.http.wire -  << "5A[\r][\n]"
17:11:26.846 [main] DEBUG org.apache.http.wire -  << "[0x1f][0x8b][0x8][0x0][0x0][0x0][0x0][0x0][0x4][0xff][0xab]VJI,IT[0xb2][0xaa]V[0xf2]tQ[0xb2]241[0xb2]0[0xd2]Q[0xf2]K[0xcc]MU[0xb2]RJO[0xcc][0xcd][0xcc]KW[0xd2]QrI-N.[0xca],([0xc9][0xcc][0xcf]S[0xb2]RJ[0xcb]/R[0x80]H)[0x14][0x94][0x16][0x15][0xe4][0x17][0xa7][0x16]+[0xd5][0xd6]r[0x1][0x0] [0xbc][0xb9]?J[0x0][0x0][0x0]"
17:11:26.846 [main] DEBUG org.apache.http.wire -  << "[\r][\n]"
17:11:26.847 [main] DEBUG org.apache.http.wire -  << "0[\r][\n]"
17:11:26.847 [main] DEBUG org.apache.http.wire -  << "[\r][\n]"
17:11:26.847 [main] DEBUG io.restassured.internal.RestAssuredHttpBuilder - Parsed data to instance of: class org.apache.http.conn.EofSensorInputStream
17:11:26.848 [main] DEBUG org.apache.http.impl.conn.BasicClientConnectionManager - Releasing connection org.apache.http.impl.conn.ManagedClientConnectionImpl@580581b4
17:11:26.848 [main] DEBUG org.apache.http.impl.conn.BasicClientConnectionManager - Connection can be kept alive indefinitely
17:11:26.848 [main] DEBUG net.thucydides.core.steps.StepInterceptor - STEP DONE: I send POST HTTP request new product category
  &amp#27;[32mWhen &amp#27;[0m&amp#27;[32mI send POST HTTP request new product category&amp#27;[0m         &amp#27;[90m# starter.stepdefinitions.ProductCategoriesSteps.sendPostHttpRequestNewProductCategory()&amp#27;[0m
17:11:26.858 [main] DEBUG net.thucydides.core.steps.StepInterceptor - STARTING STEP: ProductsSteps.receiveValidHttpResponseCode200 - I receive valid HTTP response code 200
17:11:26.858 [main] DEBUG net.thucydides.core.steps.StepInterceptor - STEP DONE: I receive valid HTTP response code 200
  &amp#27;[32mThen &amp#27;[0m&amp#27;[32mI receive valid HTTP response code 200&amp#27;[0m                &amp#27;[90m# starter.stepdefinitions.ProductsSteps.receiveValidHttpResponseCode200()&amp#27;[0m
17:11:26.859 [main] DEBUG net.thucydides.core.steps.StepInterceptor - STARTING STEP: ProductCategoriesSteps.validateDataNewProductCategory - I receive valid data for new product category
17:11:26.887 [main] DEBUG net.thucydides.core.steps.StepInterceptor - STEP DONE: I receive valid data for new product category
  &amp#27;[32mAnd &amp#27;[0m&amp#27;[32mI receive valid data for new product category&amp#27;[0m          &amp#27;[90m# starter.stepdefinitions.ProductCategoriesSteps.validateDataNewProductCategory()&amp#27;[0m
17:11:26.888 [main] INFO  - 
  _____   ___   ___   _____     ___     _     ___   ___   ___   ___  
 |_   _| | __| / __| |_   _|   | _ \   /_\   / __| / __| | __| |   \ 
   | |   | _|  \__ \   | |     |  _/  / _ \  \__ \ \__ \ | _|  | |) |
   |_|   |___| |___/   |_|     |_|   /_/ \_\ |___/ |___/ |___| |___/ 

POST As a user I can create a new product category
----------------------------------------------------------------------
]]></system-out>
  </testcase>
  <testcase name="POST As a user I can&apos;t create new product category" classname="Products Categories" time="0.503">
    <system-out><![CDATA[
@ProductsCategories @PostProductCategory-
Scenario: POST As a user I can't create new product category      &amp#27;[90m# src/test/resources/api/ProductCategories.feature:12&amp#27;[0m
17:11:26.895 [main] INFO io.cucumber.core.plugin.SerenityReporter - Running feature from file:///C:/KULIAH/SEMESTER%206/MSIB/QA/Tugas/Mini%20Project/API/rest-api/src/test/resources/api/ProductCategories.feature
17:11:26.895 [main] WARN io.cucumber.core.plugin.SerenityReporter - Feature from file:///C:/KULIAH/SEMESTER%206/MSIB/QA/Tugas/Mini%20Project/API/rest-api/src/test/resources/api/ProductCategories.feature is not under the 'features' directory. Requirements report will not be correctly generated!
17:11:26.896 [main] INFO  - 
  _____   ___   ___   _____     ___   _____     _     ___   _____   ___   ___  
 |_   _| | __| / __| |_   _|   / __| |_   _|   /_\   | _ \ |_   _| | __| |   \ 
   | |   | _|  \__ \   | |     \__ \   | |    / _ \  |   /   | |   | _|  | |) |
   |_|   |___| |___/   |_|     |___/   |_|   /_/ \_\ |_|_\   |_|   |___| |___/ 

POST As a user I can't create new product category(products-categories;post-as-a-user-i-can-t-create-new-product-category)
--------------------------------------------------------------------------------
17:11:26.903 [main] DEBUG net.thucydides.core.steps.StepInterceptor - STARTING STEP: ProductCategoriesSteps.setPostApiEndpointsNewProductCategories - I set POST endpoints new product category
17:11:26.903 [main] DEBUG net.thucydides.core.steps.StepInterceptor - STEP DONE: I set POST endpoints new product category
  &amp#27;[32mGiven &amp#27;[0m&amp#27;[32mI set POST api endpoints new product category&amp#27;[0m             &amp#27;[90m# starter.stepdefinitions.ProductCategoriesSteps.setPostApiEndpointsNewProductCategories()&amp#27;[0m
17:11:26.906 [main] DEBUG net.thucydides.core.steps.StepInterceptor - STARTING STEP: ProductCategoriesSteps.sendPostHttpRequestNewProductCategoryInvalid - I send POST HTTP request new product category invalid
17:11:26.907 [main] DEBUG net.thucydides.core.steps.StepInterceptor - STARTING STEP: PostCategory.sendPostHTTPRequestInvalid - I set POST endpoints new product category
17:11:26.907 [main] DEBUG net.thucydides.core.steps.StepInterceptor - STEP DONE: I set POST endpoints new product category
17:11:26.912 [main] DEBUG org.apache.http.impl.conn.BasicClientConnectionManager - Get connection for route {s}->https://altashop-api.fly.dev:443
17:11:26.913 [main] DEBUG org.apache.http.impl.conn.DefaultClientConnectionOperator - Connecting to altashop-api.fly.dev:443
17:11:27.241 [main] DEBUG org.apache.http.client.protocol.RequestAddCookies - CookieSpec selected: ignoreCookies
17:11:27.241 [main] DEBUG org.apache.http.client.protocol.RequestAuthCache - Auth cache not set in the context
17:11:27.241 [main] DEBUG org.apache.http.client.protocol.RequestTargetAuthentication - Target auth state: UNCHALLENGED
17:11:27.241 [main] DEBUG org.apache.http.client.protocol.RequestProxyAuthentication - Proxy auth state: UNCHALLENGED
17:11:27.241 [main] DEBUG org.apache.http.impl.client.DefaultHttpClient - Attempt 1 to execute request
17:11:27.241 [main] DEBUG org.apache.http.impl.conn.DefaultClientConnection - Sending request: POST /api/categories HTTP/1.1
17:11:27.241 [main] DEBUG org.apache.http.wire -  >> "POST /api/categories HTTP/1.1[\r][\n]"
17:11:27.241 [main] DEBUG org.apache.http.wire -  >> "Accept: */*[\r][\n]"
17:11:27.241 [main] DEBUG org.apache.http.wire -  >> "Content-Type: application/json[\r][\n]"
17:11:27.241 [main] DEBUG org.apache.http.wire -  >> "Content-Length: 47[\r][\n]"
17:11:27.241 [main] DEBUG org.apache.http.wire -  >> "Host: altashop-api.fly.dev[\r][\n]"
17:11:27.241 [main] DEBUG org.apache.http.wire -  >> "Connection: Keep-Alive[\r][\n]"
17:11:27.241 [main] DEBUG org.apache.http.wire -  >> "User-Agent: Apache-HttpClient/4.5.13 (Java/11.0.12)[\r][\n]"
17:11:27.241 [main] DEBUG org.apache.http.wire -  >> "Accept-Encoding: gzip,deflate[\r][\n]"
17:11:27.241 [main] DEBUG org.apache.http.wire -  >> "[\r][\n]"
17:11:27.241 [main] DEBUG org.apache.http.headers - >> POST /api/categories HTTP/1.1
17:11:27.241 [main] DEBUG org.apache.http.headers - >> Accept: */*
17:11:27.241 [main] DEBUG org.apache.http.headers - >> Content-Type: application/json
17:11:27.241 [main] DEBUG org.apache.http.headers - >> Content-Length: 47
17:11:27.241 [main] DEBUG org.apache.http.headers - >> Host: altashop-api.fly.dev
17:11:27.241 [main] DEBUG org.apache.http.headers - >> Connection: Keep-Alive
17:11:27.241 [main] DEBUG org.apache.http.headers - >> User-Agent: Apache-HttpClient/4.5.13 (Java/11.0.12)
17:11:27.241 [main] DEBUG org.apache.http.headers - >> Accept-Encoding: gzip,deflate
17:11:27.241 [main] DEBUG org.apache.http.wire -  >> "{"name":"","description":"for gaming purposes"}"
17:11:27.365 [main] DEBUG org.apache.http.wire -  << "HTTP/1.1 500 Internal Server Error[\r][\n]"
17:11:27.365 [main] DEBUG org.apache.http.wire -  << "content-type: application/json[\r][\n]"
17:11:27.365 [main] DEBUG org.apache.http.wire -  << "date: Thu, 11 May 2023 10:11:29 GMT[\r][\n]"
17:11:27.365 [main] DEBUG org.apache.http.wire -  << "content-encoding: gzip[\r][\n]"
17:11:27.365 [main] DEBUG org.apache.http.wire -  << "transfer-encoding: chunked[\r][\n]"
17:11:27.365 [main] DEBUG org.apache.http.wire -  << "server: Fly/3f2597ca (2023-05-03)[\r][\n]"
17:11:27.365 [main] DEBUG org.apache.http.wire -  << "via: 1.1 fly.io[\r][\n]"
17:11:27.365 [main] DEBUG org.apache.http.wire -  << "fly-request-id: 01H054PNZ2AV57TYRY4T260B5Y-sin[\r][\n]"
17:11:27.365 [main] DEBUG org.apache.http.wire -  << "[\r][\n]"
17:11:27.365 [main] DEBUG org.apache.http.impl.conn.DefaultClientConnection - Receiving response: HTTP/1.1 500 Internal Server Error
17:11:27.365 [main] DEBUG org.apache.http.headers - << HTTP/1.1 500 Internal Server Error
17:11:27.365 [main] DEBUG org.apache.http.headers - << content-type: application/json
17:11:27.365 [main] DEBUG org.apache.http.headers - << date: Thu, 11 May 2023 10:11:29 GMT
17:11:27.365 [main] DEBUG org.apache.http.headers - << content-encoding: gzip
17:11:27.365 [main] DEBUG org.apache.http.headers - << transfer-encoding: chunked
17:11:27.365 [main] DEBUG org.apache.http.headers - << server: Fly/3f2597ca (2023-05-03)
17:11:27.365 [main] DEBUG org.apache.http.headers - << via: 1.1 fly.io
17:11:27.365 [main] DEBUG org.apache.http.headers - << fly-request-id: 01H054PNZ2AV57TYRY4T260B5Y-sin
17:11:27.365 [main] DEBUG org.apache.http.impl.client.DefaultHttpClient - Connection can be kept alive indefinitely
17:11:27.365 [main] DEBUG io.restassured.internal.RestAssuredHttpBuilder - Parsing response as: application/json
17:11:27.365 [main] DEBUG org.apache.http.wire -  << "82[\r][\n]"
17:11:27.365 [main] DEBUG org.apache.http.wire -  << "[0x1f][0x8b][0x8][0x0][0x0][0x0][0x0][0x0][0x4][0xff][0xab]VJ-*[0xca]/R[0xb2]Rr[\r][\n]"
17:11:27.365 [main] DEBUG org.apache.http.wire -  << "[0xf2][0xf][0xb2]R[0xc8]K-W([0xca]/WH[0xcb]/R(J[0xcd]I,[0xc9][0xcc][0xcf]S[0x88]QJN,IM[0xcf]/[0xca]L-[0x8e]QR([0xcb][0xcc][0xcf]I,I-VH[0xce]HM[0xce]VH[0xce][0xcf]+.)J[0xcc][0xcc]+AQ[0x18][0x9f][0x97][0x98][0x9b][0x1a][0xf]V[0x12][0xa3][0xa4][0xa0][0x11][0x1c][0xe8][0x13][0x1c][0xe2][0x18][0xe2][0xaa]`dljh[0xa2][0xa9]T[0xcb][0x5][0x0]p%[0xdd]o|[0x0][0x0][0x0]"
17:11:27.365 [main] DEBUG org.apache.http.wire -  << "[\r][\n]"
17:11:27.365 [main] DEBUG org.apache.http.wire -  << "0[\r][\n]"
17:11:27.365 [main] DEBUG org.apache.http.wire -  << "[\r][\n]"
17:11:27.365 [main] DEBUG io.restassured.internal.RestAssuredHttpBuilder - Parsed data to instance of: class org.apache.http.conn.EofSensorInputStream
17:11:27.366 [main] DEBUG org.apache.http.impl.conn.BasicClientConnectionManager - Releasing connection org.apache.http.impl.conn.ManagedClientConnectionImpl@6bd4d24b
17:11:27.366 [main] DEBUG org.apache.http.impl.conn.BasicClientConnectionManager - Connection can be kept alive indefinitely
17:11:27.366 [main] DEBUG net.thucydides.core.steps.StepInterceptor - STEP DONE: I send POST HTTP request new product category invalid
  &amp#27;[32mWhen &amp#27;[0m&amp#27;[32mI send POST HTTP request new product category invalid&amp#27;[0m      &amp#27;[90m# starter.stepdefinitions.ProductCategoriesSteps.sendPostHttpRequestNewProductCategoryInvalid()&amp#27;[0m
17:11:27.378 [main] DEBUG net.thucydides.core.steps.StepInterceptor - STARTING STEP: ProductsSteps.receiveHttpResponseCode500 - I receive valid HTTP response code 500
17:11:27.379 [main] DEBUG net.thucydides.core.steps.StepInterceptor - STEP DONE: I receive valid HTTP response code 500
  &amp#27;[32mThen &amp#27;[0m&amp#27;[32mI receive valid HTTP response code 500&amp#27;[0m                     &amp#27;[90m# starter.stepdefinitions.ProductsSteps.receiveHttpResponseCode500()&amp#27;[0m
17:11:27.381 [main] DEBUG net.thucydides.core.steps.StepInterceptor - STARTING STEP: ProductCategoriesSteps.receiveValidDataForResponseCode500 - I receive valid data for response code 500
17:11:27.391 [main] DEBUG net.thucydides.core.steps.StepInterceptor - STEP DONE: I receive valid data for response code 500
  &amp#27;[32mAnd &amp#27;[0m&amp#27;[32mI receive valid data for response code 500 product category&amp#27;[0m &amp#27;[90m# starter.stepdefinitions.ProductCategoriesSteps.receiveValidDataForResponseCode500()&amp#27;[0m
17:11:27.392 [main] INFO  - 
  _____   ___   ___   _____     ___     _     ___   ___   ___   ___  
 |_   _| | __| / __| |_   _|   | _ \   /_\   / __| / __| | __| |   \ 
   | |   | _|  \__ \   | |     |  _/  / _ \  \__ \ \__ \ | _|  | |) |
   |_|   |___| |___/   |_|     |_|   /_/ \_\ |___/ |___/ |___| |___/ 

POST As a user I can't create new product category
----------------------------------------------------------------------
]]></system-out>
  </testcase>
  <testcase name="GET As a user I can get product category by id" classname="Products Categories" time="1.793">
    <system-out><![CDATA[
@ProductsCategories @GetIdProductCategory+
Scenario: GET As a user I can get product category by id &amp#27;[90m# src/test/resources/api/ProductCategories.feature:19&amp#27;[0m
17:11:27.397 [main] INFO io.cucumber.core.plugin.SerenityReporter - Running feature from file:///C:/KULIAH/SEMESTER%206/MSIB/QA/Tugas/Mini%20Project/API/rest-api/src/test/resources/api/ProductCategories.feature
17:11:27.397 [main] WARN io.cucumber.core.plugin.SerenityReporter - Feature from file:///C:/KULIAH/SEMESTER%206/MSIB/QA/Tugas/Mini%20Project/API/rest-api/src/test/resources/api/ProductCategories.feature is not under the 'features' directory. Requirements report will not be correctly generated!
17:11:27.398 [main] INFO  - 
  _____   ___   ___   _____     ___   _____     _     ___   _____   ___   ___  
 |_   _| | __| / __| |_   _|   / __| |_   _|   /_\   | _ \ |_   _| | __| |   \ 
   | |   | _|  \__ \   | |     \__ \   | |    / _ \  |   /   | |   | _|  | |) |
   |_|   |___| |___/   |_|     |___/   |_|   /_/ \_\ |_|_\   |_|   |___| |___/ 

GET As a user I can get product category by id(products-categories;get-as-a-user-i-can-get-product-category-by-id)
--------------------------------------------------------------------------------
17:11:27.406 [main] DEBUG net.thucydides.core.steps.StepInterceptor - STARTING STEP: ProductCategoriesSteps.setGetApiEndpointsProductCategoryById - I set GET api endpoints product category by id
17:11:27.406 [main] DEBUG net.thucydides.core.steps.StepInterceptor - STEP DONE: I set GET api endpoints product category by id
  &amp#27;[32mGiven &amp#27;[0m&amp#27;[32mI set GET api endpoints product category by id&amp#27;[0m   &amp#27;[90m# starter.stepdefinitions.ProductCategoriesSteps.setGetApiEndpointsProductCategoryById()&amp#27;[0m
17:11:27.407 [main] DEBUG net.thucydides.core.steps.StepInterceptor - STARTING STEP: ProductCategoriesSteps.sendGetHttpRequestProductCategoryById - I send GET HTTP request product category by id
17:11:27.408 [main] DEBUG net.thucydides.core.steps.StepInterceptor - STARTING STEP: GetIdCategory.sendGetHttpRequest - I set GET api endpoints product category by id
17:11:27.408 [main] DEBUG net.thucydides.core.steps.StepInterceptor - STEP DONE: I set GET api endpoints product category by id
17:11:27.413 [main] DEBUG org.apache.http.impl.conn.BasicClientConnectionManager - Get connection for route {s}->https://altashop-api.fly.dev:443
17:11:27.414 [main] DEBUG org.apache.http.impl.conn.DefaultClientConnectionOperator - Connecting to altashop-api.fly.dev:443
17:11:28.968 [main] DEBUG org.apache.http.client.protocol.RequestAddCookies - CookieSpec selected: ignoreCookies
17:11:28.968 [main] DEBUG org.apache.http.client.protocol.RequestAuthCache - Auth cache not set in the context
17:11:28.968 [main] DEBUG org.apache.http.client.protocol.RequestTargetAuthentication - Target auth state: UNCHALLENGED
17:11:28.968 [main] DEBUG org.apache.http.client.protocol.RequestProxyAuthentication - Proxy auth state: UNCHALLENGED
17:11:28.968 [main] DEBUG org.apache.http.impl.client.DefaultHttpClient - Attempt 1 to execute request
17:11:28.968 [main] DEBUG org.apache.http.impl.conn.DefaultClientConnection - Sending request: GET /api/categories/14241 HTTP/1.1
17:11:28.968 [main] DEBUG org.apache.http.wire -  >> "GET /api/categories/14241 HTTP/1.1[\r][\n]"
17:11:28.968 [main] DEBUG org.apache.http.wire -  >> "Accept: */*[\r][\n]"
17:11:28.968 [main] DEBUG org.apache.http.wire -  >> "Host: altashop-api.fly.dev[\r][\n]"
17:11:28.968 [main] DEBUG org.apache.http.wire -  >> "Connection: Keep-Alive[\r][\n]"
17:11:28.968 [main] DEBUG org.apache.http.wire -  >> "User-Agent: Apache-HttpClient/4.5.13 (Java/11.0.12)[\r][\n]"
17:11:28.968 [main] DEBUG org.apache.http.wire -  >> "Accept-Encoding: gzip,deflate[\r][\n]"
17:11:28.968 [main] DEBUG org.apache.http.wire -  >> "[\r][\n]"
17:11:28.968 [main] DEBUG org.apache.http.headers - >> GET /api/categories/14241 HTTP/1.1
17:11:28.968 [main] DEBUG org.apache.http.headers - >> Accept: */*
17:11:28.968 [main] DEBUG org.apache.http.headers - >> Host: altashop-api.fly.dev
17:11:28.968 [main] DEBUG org.apache.http.headers - >> Connection: Keep-Alive
17:11:28.968 [main] DEBUG org.apache.http.headers - >> User-Agent: Apache-HttpClient/4.5.13 (Java/11.0.12)
17:11:28.968 [main] DEBUG org.apache.http.headers - >> Accept-Encoding: gzip,deflate
17:11:29.157 [main] DEBUG org.apache.http.wire -  << "HTTP/1.1 200 OK[\r][\n]"
17:11:29.157 [main] DEBUG org.apache.http.wire -  << "content-type: application/json[\r][\n]"
17:11:29.157 [main] DEBUG org.apache.http.wire -  << "date: Thu, 11 May 2023 10:11:31 GMT[\r][\n]"
17:11:29.157 [main] DEBUG org.apache.http.wire -  << "content-encoding: gzip[\r][\n]"
17:11:29.157 [main] DEBUG org.apache.http.wire -  << "transfer-encoding: chunked[\r][\n]"
17:11:29.157 [main] DEBUG org.apache.http.wire -  << "server: Fly/3f2597ca (2023-05-03)[\r][\n]"
17:11:29.157 [main] DEBUG org.apache.http.wire -  << "via: 1.1 fly.io[\r][\n]"
17:11:29.157 [main] DEBUG org.apache.http.wire -  << "fly-request-id: 01H054PQMZ3T4448WB6GW30NS1-sin[\r][\n]"
17:11:29.157 [main] DEBUG org.apache.http.wire -  << "[\r][\n]"
17:11:29.157 [main] DEBUG org.apache.http.impl.conn.DefaultClientConnection - Receiving response: HTTP/1.1 200 OK
17:11:29.157 [main] DEBUG org.apache.http.headers - << HTTP/1.1 200 OK
17:11:29.157 [main] DEBUG org.apache.http.headers - << content-type: application/json
17:11:29.157 [main] DEBUG org.apache.http.headers - << date: Thu, 11 May 2023 10:11:31 GMT
17:11:29.157 [main] DEBUG org.apache.http.headers - << content-encoding: gzip
17:11:29.157 [main] DEBUG org.apache.http.headers - << transfer-encoding: chunked
17:11:29.157 [main] DEBUG org.apache.http.headers - << server: Fly/3f2597ca (2023-05-03)
17:11:29.157 [main] DEBUG org.apache.http.headers - << via: 1.1 fly.io
17:11:29.157 [main] DEBUG org.apache.http.headers - << fly-request-id: 01H054PQMZ3T4448WB6GW30NS1-sin
17:11:29.157 [main] DEBUG org.apache.http.impl.client.DefaultHttpClient - Connection can be kept alive indefinitely
17:11:29.157 [main] DEBUG io.restassured.internal.RestAssuredHttpBuilder - Parsing response as: application/json
17:11:29.157 [main] DEBUG org.apache.http.wire -  << "5A[\r][\n]"
17:11:29.157 [main] DEBUG org.apache.http.wire -  << "[0x1f][0x8b][0x8][0x0][0x0][0x0][0x0][0x0][0x4][0xff][0xab]VJI,IT[0xb2][0xaa]V[0xf2]tQ[0xb2]24121[0xd4]Q[0xf2]K[0xcc]MU[0xb2]RJO[0xcc][0xcd][0xcc]KW[0xd2]QrI-N.[0xca],([0xc9][0xcc][0xcf]S[0xb2]RJ[0xcb]/R[0x80]H)[0x14][0x94][0x16][0x15][0xe4][0x17][0xa7][0x16]+[0xd5][0xd6]r[0x1][0x0][0xe9]R[0xfb][0xbe]J[0x0][0x0][0x0]"
17:11:29.157 [main] DEBUG org.apache.http.wire -  << "[\r][\n]"
17:11:29.157 [main] DEBUG org.apache.http.wire -  << "0[\r][\n]"
17:11:29.157 [main] DEBUG org.apache.http.wire -  << "[\r][\n]"
17:11:29.157 [main] DEBUG io.restassured.internal.RestAssuredHttpBuilder - Parsed data to instance of: class org.apache.http.conn.EofSensorInputStream
17:11:29.158 [main] DEBUG org.apache.http.impl.conn.BasicClientConnectionManager - Releasing connection org.apache.http.impl.conn.ManagedClientConnectionImpl@4631a6a9
17:11:29.158 [main] DEBUG org.apache.http.impl.conn.BasicClientConnectionManager - Connection can be kept alive indefinitely
17:11:29.158 [main] DEBUG net.thucydides.core.steps.StepInterceptor - STEP DONE: I send GET HTTP request product category by id
  &amp#27;[32mWhen &amp#27;[0m&amp#27;[32mI send GET HTTP request product category by id&amp#27;[0m    &amp#27;[90m# starter.stepdefinitions.ProductCategoriesSteps.sendGetHttpRequestProductCategoryById()&amp#27;[0m
17:11:29.168 [main] DEBUG net.thucydides.core.steps.StepInterceptor - STARTING STEP: ProductsSteps.receiveValidHttpResponseCode200 - I receive valid HTTP response code 200
17:11:29.168 [main] DEBUG net.thucydides.core.steps.StepInterceptor - STEP DONE: I receive valid HTTP response code 200
  &amp#27;[32mThen &amp#27;[0m&amp#27;[32mI receive valid HTTP response code 200&amp#27;[0m            &amp#27;[90m# starter.stepdefinitions.ProductsSteps.receiveValidHttpResponseCode200()&amp#27;[0m
17:11:29.170 [main] DEBUG net.thucydides.core.steps.StepInterceptor - STARTING STEP: ProductCategoriesSteps.receiveValidDataForProductCategoryById - I receive valid data for product category by id
17:11:29.182 [main] DEBUG net.thucydides.core.steps.StepInterceptor - STEP DONE: I receive valid data for product category by id
  &amp#27;[32mAnd &amp#27;[0m&amp#27;[32mI receive valid data for product category by id&amp#27;[0m    &amp#27;[90m# starter.stepdefinitions.ProductCategoriesSteps.receiveValidDataForProductCategoryById()&amp#27;[0m
17:11:29.184 [main] INFO  - 
  _____   ___   ___   _____     ___     _     ___   ___   ___   ___  
 |_   _| | __| / __| |_   _|   | _ \   /_\   / __| / __| | __| |   \ 
   | |   | _|  \__ \   | |     |  _/  / _ \  \__ \ \__ \ | _|  | |) |
   |_|   |___| |___/   |_|     |_|   /_/ \_\ |___/ |___/ |___| |___/ 

GET As a user I can get product category by id
----------------------------------------------------------------------
]]></system-out>
  </testcase>
  <testcase name="GET As a user I can&apos;t get product category by id" classname="Products Categories" time="0.72">
    <system-out><![CDATA[
@ProductsCategories @GetIdProductCategory-
Scenario: GET As a user I can't get product category by id     &amp#27;[90m# src/test/resources/api/ProductCategories.feature:25&amp#27;[0m
17:11:29.190 [main] INFO io.cucumber.core.plugin.SerenityReporter - Running feature from file:///C:/KULIAH/SEMESTER%206/MSIB/QA/Tugas/Mini%20Project/API/rest-api/src/test/resources/api/ProductCategories.feature
17:11:29.190 [main] WARN io.cucumber.core.plugin.SerenityReporter - Feature from file:///C:/KULIAH/SEMESTER%206/MSIB/QA/Tugas/Mini%20Project/API/rest-api/src/test/resources/api/ProductCategories.feature is not under the 'features' directory. Requirements report will not be correctly generated!
17:11:29.191 [main] INFO  - 
  _____   ___   ___   _____     ___   _____     _     ___   _____   ___   ___  
 |_   _| | __| / __| |_   _|   / __| |_   _|   /_\   | _ \ |_   _| | __| |   \ 
   | |   | _|  \__ \   | |     \__ \   | |    / _ \  |   /   | |   | _|  | |) |
   |_|   |___| |___/   |_|     |___/   |_|   /_/ \_\ |_|_\   |_|   |___| |___/ 

GET As a user I can't get product category by id(products-categories;get-as-a-user-i-can-t-get-product-category-by-id)
--------------------------------------------------------------------------------
17:11:29.197 [main] DEBUG net.thucydides.core.steps.StepInterceptor - STARTING STEP: ProductCategoriesSteps.setGetApiEndpointsProductCategoryByIdInvalid - I set GET api endpoints product category by id invalid
17:11:29.197 [main] DEBUG net.thucydides.core.steps.StepInterceptor - STEP DONE: I set GET api endpoints product category by id invalid
  &amp#27;[32mGiven &amp#27;[0m&amp#27;[32mI set GET api endpoints product category by id invalid&amp#27;[0m &amp#27;[90m# starter.stepdefinitions.ProductCategoriesSteps.setGetApiEndpointsProductCategoryByIdInvalid()&amp#27;[0m
17:11:29.198 [main] DEBUG net.thucydides.core.steps.StepInterceptor - STARTING STEP: ProductCategoriesSteps.sendGetHttpRequestProductCategoryByIdInvalid - I send GET HTTP request product category by id invalid
17:11:29.199 [main] DEBUG net.thucydides.core.steps.StepInterceptor - STARTING STEP: GetIdCategory.sendGetHttpRequestInvalid - I set GET api endpoints product category by id invalid
17:11:29.199 [main] DEBUG net.thucydides.core.steps.StepInterceptor - STEP DONE: I set GET api endpoints product category by id invalid
17:11:29.205 [main] DEBUG org.apache.http.impl.conn.BasicClientConnectionManager - Get connection for route {s}->https://altashop-api.fly.dev:443
17:11:29.205 [main] DEBUG org.apache.http.impl.conn.DefaultClientConnectionOperator - Connecting to altashop-api.fly.dev:443
17:11:29.788 [main] DEBUG org.apache.http.client.protocol.RequestAddCookies - CookieSpec selected: ignoreCookies
17:11:29.789 [main] DEBUG org.apache.http.client.protocol.RequestAuthCache - Auth cache not set in the context
17:11:29.789 [main] DEBUG org.apache.http.client.protocol.RequestTargetAuthentication - Target auth state: UNCHALLENGED
17:11:29.789 [main] DEBUG org.apache.http.client.protocol.RequestProxyAuthentication - Proxy auth state: UNCHALLENGED
17:11:29.789 [main] DEBUG org.apache.http.impl.client.DefaultHttpClient - Attempt 1 to execute request
17:11:29.789 [main] DEBUG org.apache.http.impl.conn.DefaultClientConnection - Sending request: GET /api/categories/1 HTTP/1.1
17:11:29.789 [main] DEBUG org.apache.http.wire -  >> "GET /api/categories/1 HTTP/1.1[\r][\n]"
17:11:29.789 [main] DEBUG org.apache.http.wire -  >> "Accept: */*[\r][\n]"
17:11:29.789 [main] DEBUG org.apache.http.wire -  >> "Host: altashop-api.fly.dev[\r][\n]"
17:11:29.789 [main] DEBUG org.apache.http.wire -  >> "Connection: Keep-Alive[\r][\n]"
17:11:29.789 [main] DEBUG org.apache.http.wire -  >> "User-Agent: Apache-HttpClient/4.5.13 (Java/11.0.12)[\r][\n]"
17:11:29.789 [main] DEBUG org.apache.http.wire -  >> "Accept-Encoding: gzip,deflate[\r][\n]"
17:11:29.789 [main] DEBUG org.apache.http.wire -  >> "[\r][\n]"
17:11:29.789 [main] DEBUG org.apache.http.headers - >> GET /api/categories/1 HTTP/1.1
17:11:29.789 [main] DEBUG org.apache.http.headers - >> Accept: */*
17:11:29.789 [main] DEBUG org.apache.http.headers - >> Host: altashop-api.fly.dev
17:11:29.789 [main] DEBUG org.apache.http.headers - >> Connection: Keep-Alive
17:11:29.789 [main] DEBUG org.apache.http.headers - >> User-Agent: Apache-HttpClient/4.5.13 (Java/11.0.12)
17:11:29.789 [main] DEBUG org.apache.http.headers - >> Accept-Encoding: gzip,deflate
17:11:29.880 [main] DEBUG org.apache.http.wire -  << "HTTP/1.1 404 Not Found[\r][\n]"
17:11:29.880 [main] DEBUG org.apache.http.wire -  << "content-type: application/json[\r][\n]"
17:11:29.880 [main] DEBUG org.apache.http.wire -  << "date: Thu, 11 May 2023 10:11:32 GMT[\r][\n]"
17:11:29.880 [main] DEBUG org.apache.http.wire -  << "content-encoding: gzip[\r][\n]"
17:11:29.880 [main] DEBUG org.apache.http.wire -  << "transfer-encoding: chunked[\r][\n]"
17:11:29.880 [main] DEBUG org.apache.http.wire -  << "server: Fly/3f2597ca (2023-05-03)[\r][\n]"
17:11:29.880 [main] DEBUG org.apache.http.wire -  << "via: 1.1 fly.io[\r][\n]"
17:11:29.880 [main] DEBUG org.apache.http.wire -  << "fly-request-id: 01H054PRF7VYBGST9CD8TE6BD0-sin[\r][\n]"
17:11:29.880 [main] DEBUG org.apache.http.wire -  << "[\r][\n]"
17:11:29.880 [main] DEBUG org.apache.http.impl.conn.DefaultClientConnection - Receiving response: HTTP/1.1 404 Not Found
17:11:29.880 [main] DEBUG org.apache.http.headers - << HTTP/1.1 404 Not Found
17:11:29.880 [main] DEBUG org.apache.http.headers - << content-type: application/json
17:11:29.880 [main] DEBUG org.apache.http.headers - << date: Thu, 11 May 2023 10:11:32 GMT
17:11:29.880 [main] DEBUG org.apache.http.headers - << content-encoding: gzip
17:11:29.880 [main] DEBUG org.apache.http.headers - << transfer-encoding: chunked
17:11:29.880 [main] DEBUG org.apache.http.headers - << server: Fly/3f2597ca (2023-05-03)
17:11:29.880 [main] DEBUG org.apache.http.headers - << via: 1.1 fly.io
17:11:29.880 [main] DEBUG org.apache.http.headers - << fly-request-id: 01H054PRF7VYBGST9CD8TE6BD0-sin
17:11:29.880 [main] DEBUG org.apache.http.impl.client.DefaultHttpClient - Connection can be kept alive indefinitely
17:11:29.880 [main] DEBUG io.restassured.internal.RestAssuredHttpBuilder - Parsing response as: application/json
17:11:29.880 [main] DEBUG org.apache.http.wire -  << "31[\r][\n]"
17:11:29.880 [main] DEBUG org.apache.http.wire -  << "[0x1f][0x8b][0x8][0x0][0x0][0x0][0x0][0x0][0x4][0xff][0xab]VJ-*[0xca]/R[0xb2]R*JM[0xce]/JQ[0xc8][0xcb]/QH[0xcb]/[0xcd]KQ[0xaa][0xe5][0x2][0x0]6`[0x14][0x2][0x1d][0x0][0x0][0x0]"
17:11:29.880 [main] DEBUG org.apache.http.wire -  << "[\r][\n]"
17:11:29.880 [main] DEBUG org.apache.http.wire -  << "0[\r][\n]"
17:11:29.880 [main] DEBUG org.apache.http.wire -  << "[\r][\n]"
17:11:29.880 [main] DEBUG io.restassured.internal.RestAssuredHttpBuilder - Parsed data to instance of: class org.apache.http.conn.EofSensorInputStream
17:11:29.881 [main] DEBUG org.apache.http.impl.conn.BasicClientConnectionManager - Releasing connection org.apache.http.impl.conn.ManagedClientConnectionImpl@58968733
17:11:29.881 [main] DEBUG org.apache.http.impl.conn.BasicClientConnectionManager - Connection can be kept alive indefinitely
17:11:29.881 [main] DEBUG net.thucydides.core.steps.StepInterceptor - STEP DONE: I send GET HTTP request product category by id invalid
  &amp#27;[32mWhen &amp#27;[0m&amp#27;[32mI send GET HTTP request product category by id invalid&amp#27;[0m  &amp#27;[90m# starter.stepdefinitions.ProductCategoriesSteps.sendGetHttpRequestProductCategoryByIdInvalid()&amp#27;[0m
17:11:29.892 [main] DEBUG net.thucydides.core.steps.StepInterceptor - STARTING STEP: ProductsSteps.receiveHttpResponseCode404 - I receive valid HTTP response code 404
17:11:29.892 [main] DEBUG net.thucydides.core.steps.StepInterceptor - STEP DONE: I receive valid HTTP response code 404
  &amp#27;[32mThen &amp#27;[0m&amp#27;[32mI receive valid HTTP response code 404&amp#27;[0m                  &amp#27;[90m# starter.stepdefinitions.ProductsSteps.receiveHttpResponseCode404()&amp#27;[0m
17:11:29.895 [main] DEBUG net.thucydides.core.steps.StepInterceptor - STARTING STEP: ProductCategoriesSteps.receiveValidDataForProductCategoryById404 - I receive valid data for product category by id 404
17:11:29.903 [main] DEBUG net.thucydides.core.steps.StepInterceptor - STEP DONE: I receive valid data for product category by id 404
  &amp#27;[32mAnd &amp#27;[0m&amp#27;[32mI receive valid data for product category by id 404&amp#27;[0m      &amp#27;[90m# starter.stepdefinitions.ProductCategoriesSteps.receiveValidDataForProductCategoryById404()&amp#27;[0m
17:11:29.905 [main] INFO  - 
  _____   ___   ___   _____     ___     _     ___   ___   ___   ___  
 |_   _| | __| / __| |_   _|   | _ \   /_\   / __| / __| | __| |   \ 
   | |   | _|  \__ \   | |     |  _/  / _ \  \__ \ \__ \ | _|  | |) |
   |_|   |___| |___/   |_|     |_|   /_/ \_\ |___/ |___/ |___| |___/ 

GET As a user I can't get product category by id
----------------------------------------------------------------------
]]></system-out>
  </testcase>
  <testcase name="GET As a user I can get all products categories" classname="Products Categories" time="0.502">
    <system-out><![CDATA[
@ProductsCategories @GetAllProductsCategories+
Scenario: GET As a user I can get all products categories &amp#27;[90m# src/test/resources/api/ProductCategories.feature:32&amp#27;[0m
17:11:29.912 [main] INFO io.cucumber.core.plugin.SerenityReporter - Running feature from file:///C:/KULIAH/SEMESTER%206/MSIB/QA/Tugas/Mini%20Project/API/rest-api/src/test/resources/api/ProductCategories.feature
17:11:29.912 [main] WARN io.cucumber.core.plugin.SerenityReporter - Feature from file:///C:/KULIAH/SEMESTER%206/MSIB/QA/Tugas/Mini%20Project/API/rest-api/src/test/resources/api/ProductCategories.feature is not under the 'features' directory. Requirements report will not be correctly generated!
17:11:29.913 [main] INFO  - 
  _____   ___   ___   _____     ___   _____     _     ___   _____   ___   ___  
 |_   _| | __| / __| |_   _|   / __| |_   _|   /_\   | _ \ |_   _| | __| |   \ 
   | |   | _|  \__ \   | |     \__ \   | |    / _ \  |   /   | |   | _|  | |) |
   |_|   |___| |___/   |_|     |___/   |_|   /_/ \_\ |_|_\   |_|   |___| |___/ 

GET As a user I can get all products categories(products-categories;get-as-a-user-i-can-get-all-products-categories)
--------------------------------------------------------------------------------
17:11:29.920 [main] DEBUG net.thucydides.core.steps.StepInterceptor - STARTING STEP: ProductCategoriesSteps.setGetApiEndpointsAllProductsCategories - I set GET api endpoints all products categories
17:11:29.920 [main] DEBUG net.thucydides.core.steps.StepInterceptor - STEP DONE: I set GET api endpoints all products categories
  &amp#27;[32mGiven &amp#27;[0m&amp#27;[32mI set GET api endpoints all products categories&amp#27;[0m   &amp#27;[90m# starter.stepdefinitions.ProductCategoriesSteps.setGetApiEndpointsAllProductsCategories()&amp#27;[0m
17:11:29.921 [main] DEBUG net.thucydides.core.steps.StepInterceptor - STARTING STEP: ProductCategoriesSteps.sendGetHttpRequestAllProductsCategories - I send GET HTTP request all products categories
17:11:29.922 [main] DEBUG net.thucydides.core.steps.StepInterceptor - STARTING STEP: GetAllCategories.sendGetHttpRequest - I set GET api endpoints all products categories
17:11:29.922 [main] DEBUG net.thucydides.core.steps.StepInterceptor - STEP DONE: I set GET api endpoints all products categories
17:11:29.927 [main] DEBUG org.apache.http.impl.conn.BasicClientConnectionManager - Get connection for route {s}->https://altashop-api.fly.dev:443
17:11:29.927 [main] DEBUG org.apache.http.impl.conn.DefaultClientConnectionOperator - Connecting to altashop-api.fly.dev:443
17:11:30.277 [main] DEBUG org.apache.http.client.protocol.RequestAddCookies - CookieSpec selected: ignoreCookies
17:11:30.277 [main] DEBUG org.apache.http.client.protocol.RequestAuthCache - Auth cache not set in the context
17:11:30.277 [main] DEBUG org.apache.http.client.protocol.RequestTargetAuthentication - Target auth state: UNCHALLENGED
17:11:30.277 [main] DEBUG org.apache.http.client.protocol.RequestProxyAuthentication - Proxy auth state: UNCHALLENGED
17:11:30.277 [main] DEBUG org.apache.http.impl.client.DefaultHttpClient - Attempt 1 to execute request
17:11:30.277 [main] DEBUG org.apache.http.impl.conn.DefaultClientConnection - Sending request: GET /api/categories HTTP/1.1
17:11:30.277 [main] DEBUG org.apache.http.wire -  >> "GET /api/categories HTTP/1.1[\r][\n]"
17:11:30.277 [main] DEBUG org.apache.http.wire -  >> "Accept: */*[\r][\n]"
17:11:30.277 [main] DEBUG org.apache.http.wire -  >> "Host: altashop-api.fly.dev[\r][\n]"
17:11:30.277 [main] DEBUG org.apache.http.wire -  >> "Connection: Keep-Alive[\r][\n]"
17:11:30.277 [main] DEBUG org.apache.http.wire -  >> "User-Agent: Apache-HttpClient/4.5.13 (Java/11.0.12)[\r][\n]"
17:11:30.277 [main] DEBUG org.apache.http.wire -  >> "Accept-Encoding: gzip,deflate[\r][\n]"
17:11:30.277 [main] DEBUG org.apache.http.wire -  >> "[\r][\n]"
17:11:30.277 [main] DEBUG org.apache.http.headers - >> GET /api/categories HTTP/1.1
17:11:30.277 [main] DEBUG org.apache.http.headers - >> Accept: */*
17:11:30.277 [main] DEBUG org.apache.http.headers - >> Host: altashop-api.fly.dev
17:11:30.277 [main] DEBUG org.apache.http.headers - >> Connection: Keep-Alive
17:11:30.277 [main] DEBUG org.apache.http.headers - >> User-Agent: Apache-HttpClient/4.5.13 (Java/11.0.12)
17:11:30.277 [main] DEBUG org.apache.http.headers - >> Accept-Encoding: gzip,deflate
17:11:30.382 [main] DEBUG org.apache.http.wire -  << "HTTP/1.1 200 OK[\r][\n]"
17:11:30.382 [main] DEBUG org.apache.http.wire -  << "content-type: application/json[\r][\n]"
17:11:30.382 [main] DEBUG org.apache.http.wire -  << "date: Thu, 11 May 2023 10:11:32 GMT[\r][\n]"
17:11:30.382 [main] DEBUG org.apache.http.wire -  << "content-encoding: gzip[\r][\n]"
17:11:30.382 [main] DEBUG org.apache.http.wire -  << "transfer-encoding: chunked[\r][\n]"
17:11:30.382 [main] DEBUG org.apache.http.wire -  << "server: Fly/3f2597ca (2023-05-03)[\r][\n]"
17:11:30.382 [main] DEBUG org.apache.http.wire -  << "via: 1.1 fly.io[\r][\n]"
17:11:30.382 [main] DEBUG org.apache.http.wire -  << "fly-request-id: 01H054PRY8BSYR32KT6HF3J0RQ-sin[\r][\n]"
17:11:30.382 [main] DEBUG org.apache.http.wire -  << "[\r][\n]"
17:11:30.382 [main] DEBUG org.apache.http.impl.conn.DefaultClientConnection - Receiving response: HTTP/1.1 200 OK
17:11:30.382 [main] DEBUG org.apache.http.headers - << HTTP/1.1 200 OK
17:11:30.382 [main] DEBUG org.apache.http.headers - << content-type: application/json
17:11:30.382 [main] DEBUG org.apache.http.headers - << date: Thu, 11 May 2023 10:11:32 GMT
17:11:30.382 [main] DEBUG org.apache.http.headers - << content-encoding: gzip
17:11:30.382 [main] DEBUG org.apache.http.headers - << transfer-encoding: chunked
17:11:30.382 [main] DEBUG org.apache.http.headers - << server: Fly/3f2597ca (2023-05-03)
17:11:30.382 [main] DEBUG org.apache.http.headers - << via: 1.1 fly.io
17:11:30.382 [main] DEBUG org.apache.http.headers - << fly-request-id: 01H054PRY8BSYR32KT6HF3J0RQ-sin
17:11:30.382 [main] DEBUG org.apache.http.impl.client.DefaultHttpClient - Connection can be kept alive indefinitely
17:11:30.382 [main] DEBUG io.restassured.internal.RestAssuredHttpBuilder - Parsing response as: application/json
17:11:30.382 [main] DEBUG org.apache.http.wire -  << "111[\r][\n]"
17:11:30.382 [main] DEBUG org.apache.http.wire -  << "[0x1f][0x8b][0x8][0x0][0x0][0x0][0x0][0x0][0x4][0xff][0xaa]VJI,IT[0xb2][0x8a][0xae]V[0xf2]tQ[0xb2]24121[0xd4]Q[0xf2]K[0xcc]MU[0xb2]RJO[0xcc][0xcd][0xcc]KW[0xd2]QrI-N.[0xca],([0xc9][0xcc][0xcf]S[0xb2]RJ[0xcb]/R[0x80]H)[0x14][0x94][0x16][0x15][0xe4][0x17][0xa7][0x16]+[0xd5][0xea] [0xc]0[0xa6][0xd4][0x0]SJ[\r]0[0x83][0x1b][0x10][0x9c][0x9d][0x99][0x97][0x9c]X[0x94][0x8a][0xe1][0x9][0x98][0x84]BIjQRbf[0xb6]Bi^Ii[0xb6]BnjQbyb[0x89]BybVb[0x6][0x8a][0xaf][0xcc][0xe1]fB[0xfc][0x8e]a"[0xa1]`[0xb1][0xa4][0xd0][0x0]SJ#[0xc6][0x14][0x11]1N[0x89]%[0x89][0xe9][0xf9]E[\n]"
17:11:30.382 [main] DEBUG org.apache.http.wire -  << "[0xe1][0xf9][0xd9][0xa5][0x18][0x1e]qN[0xcd][0xcd][0xcc]I[0xcc]S(N[0xcd]H,Q[0xc8]I[0xad]J,QHJ-J[0xcf][0xac][0xca]D[0xe][0x11]S[0x13]J=[0x84][0x88]&[0xf2][0x82][0xd4][0xd4][0x2][0xee][0x2]w[0xec]I[0xd5][\r]R5E[0xc4][0x9][0xe][0x3][0x90]=lFi[0x4][0x98]!"[0x80]<[0xf][0x9b]Q[0x9a]3[0xcc](M[0xc5]f[0x88][0x10]#[0xcf][0xb][0xe6][0x6][0x14][0xc6][0x99]9"[0x16][0x88][0x88]3sx[0x90][0x3][0x0][0x0][0x0][0xff][0xff]"
17:11:30.382 [main] DEBUG org.apache.http.wire -  << "[\r][\n]"
17:11:30.383 [main] DEBUG org.apache.http.wire -  << "3C[\r][\n]"
17:11:30.383 [main] DEBUG org.apache.http.wire -  << "R[0xc2][0xa1][0x9a]@[0x12]1G[0xa4]r[0x1c][0x6] '[0x11]sJ[0x93]4`[0xe6][0x88][0x8][0xc2]a[0x1d]![0xf7]"[0xf2][0x4][0x99][0x11][0x84][0x88]a[0x1c].@[0xf6][0xb0][0x85][0x11]<:I[0xb1].[0xb6][0x96][0xb][0x0]j[0xfd][0xb3][0xbe]z[0x6][0x0][0x0]"
17:11:30.383 [main] DEBUG org.apache.http.wire -  << "[\r][\n]"
17:11:30.383 [main] DEBUG org.apache.http.wire -  << "0[\r][\n]"
17:11:30.383 [main] DEBUG org.apache.http.wire -  << "[\r][\n]"
17:11:30.383 [main] DEBUG io.restassured.internal.RestAssuredHttpBuilder - Parsed data to instance of: class org.apache.http.conn.EofSensorInputStream
17:11:30.384 [main] DEBUG org.apache.http.impl.conn.BasicClientConnectionManager - Releasing connection org.apache.http.impl.conn.ManagedClientConnectionImpl@4758158f
17:11:30.384 [main] DEBUG org.apache.http.impl.conn.BasicClientConnectionManager - Connection can be kept alive indefinitely
17:11:30.386 [main] DEBUG net.thucydides.core.steps.StepInterceptor - STEP DONE: I send GET HTTP request all products categories
  &amp#27;[32mWhen &amp#27;[0m&amp#27;[32mI send GET HTTP request all products categories&amp#27;[0m    &amp#27;[90m# starter.stepdefinitions.ProductCategoriesSteps.sendGetHttpRequestAllProductsCategories()&amp#27;[0m
17:11:30.400 [main] DEBUG net.thucydides.core.steps.StepInterceptor - STARTING STEP: ProductsSteps.receiveValidHttpResponseCode200 - I receive valid HTTP response code 200
17:11:30.400 [main] DEBUG net.thucydides.core.steps.StepInterceptor - STEP DONE: I receive valid HTTP response code 200
  &amp#27;[32mThen &amp#27;[0m&amp#27;[32mI receive valid HTTP response code 200&amp#27;[0m             &amp#27;[90m# starter.stepdefinitions.ProductsSteps.receiveValidHttpResponseCode200()&amp#27;[0m
17:11:30.402 [main] DEBUG net.thucydides.core.steps.StepInterceptor - STARTING STEP: ProductsSteps.receiveValidDataForResponseCode200 - I receive valid data for response code 200
17:11:30.406 [main] DEBUG net.thucydides.core.steps.StepInterceptor - STEP DONE: I receive valid data for response code 200
  &amp#27;[32mAnd &amp#27;[0m&amp#27;[32mI receive valid data for response code 200&amp#27;[0m          &amp#27;[90m# starter.stepdefinitions.ProductsSteps.receiveValidDataForResponseCode200()&amp#27;[0m
17:11:30.407 [main] INFO  - 
  _____   ___   ___   _____     ___     _     ___   ___   ___   ___  
 |_   _| | __| / __| |_   _|   | _ \   /_\   / __| / __| | __| |   \ 
   | |   | _|  \__ \   | |     |  _/  / _ \  \__ \ \__ \ | _|  | |) |
   |_|   |___| |___/   |_|     |_|   /_/ \_\ |___/ |___/ |___| |___/ 

GET As a user I can get all products categories
----------------------------------------------------------------------
]]></system-out>
  </testcase>
  <testcase name="GET As a user I can&apos;t get all products categories" classname="Products Categories" time="0.984">
    <system-out><![CDATA[
@ProductsCategories @GetAllProductsCategories-
Scenario: GET As a user I can't get all products categories     &amp#27;[90m# src/test/resources/api/ProductCategories.feature:38&amp#27;[0m
17:11:30.414 [main] INFO io.cucumber.core.plugin.SerenityReporter - Running feature from file:///C:/KULIAH/SEMESTER%206/MSIB/QA/Tugas/Mini%20Project/API/rest-api/src/test/resources/api/ProductCategories.feature
17:11:30.414 [main] WARN io.cucumber.core.plugin.SerenityReporter - Feature from file:///C:/KULIAH/SEMESTER%206/MSIB/QA/Tugas/Mini%20Project/API/rest-api/src/test/resources/api/ProductCategories.feature is not under the 'features' directory. Requirements report will not be correctly generated!
17:11:30.416 [main] INFO  - 
  _____   ___   ___   _____     ___   _____     _     ___   _____   ___   ___  
 |_   _| | __| / __| |_   _|   / __| |_   _|   /_\   | _ \ |_   _| | __| |   \ 
   | |   | _|  \__ \   | |     \__ \   | |    / _ \  |   /   | |   | _|  | |) |
   |_|   |___| |___/   |_|     |___/   |_|   /_/ \_\ |_|_\   |_|   |___| |___/ 

GET As a user I can't get all products categories(products-categories;get-as-a-user-i-can-t-get-all-products-categories)
--------------------------------------------------------------------------------
17:11:30.429 [main] DEBUG net.thucydides.core.steps.StepInterceptor - STARTING STEP: ProductCategoriesSteps.setGetApiEndpointsAllProductsCategoriesInvalid - I set GET api endpoints all products categories invalid
17:11:30.429 [main] DEBUG net.thucydides.core.steps.StepInterceptor - STEP DONE: I set GET api endpoints all products categories invalid
  &amp#27;[32mGiven &amp#27;[0m&amp#27;[32mI set GET api endpoints all products categories invalid&amp#27;[0m &amp#27;[90m# starter.stepdefinitions.ProductCategoriesSteps.setGetApiEndpointsAllProductsCategoriesInvalid()&amp#27;[0m
17:11:30.431 [main] DEBUG net.thucydides.core.steps.StepInterceptor - STARTING STEP: ProductCategoriesSteps.sendGetHttpRequestAllProductsCategoriesInvalid - I send GET HTTP request all products categories invalid
17:11:30.432 [main] DEBUG net.thucydides.core.steps.StepInterceptor - STARTING STEP: GetAllCategories.sendGetHttpRequestInvalid - I set GET api endpoints all products categories invalid
17:11:30.432 [main] DEBUG net.thucydides.core.steps.StepInterceptor - STEP DONE: I set GET api endpoints all products categories invalid
17:11:30.439 [main] DEBUG org.apache.http.impl.conn.BasicClientConnectionManager - Get connection for route {s}->https://altashop-api.fly.dev:443
17:11:30.439 [main] DEBUG org.apache.http.impl.conn.DefaultClientConnectionOperator - Connecting to altashop-api.fly.dev:443
17:11:30.706 [main] DEBUG org.apache.http.client.protocol.RequestAddCookies - CookieSpec selected: ignoreCookies
17:11:30.707 [main] DEBUG org.apache.http.client.protocol.RequestAuthCache - Auth cache not set in the context
17:11:30.707 [main] DEBUG org.apache.http.client.protocol.RequestTargetAuthentication - Target auth state: UNCHALLENGED
17:11:30.707 [main] DEBUG org.apache.http.client.protocol.RequestProxyAuthentication - Proxy auth state: UNCHALLENGED
17:11:30.707 [main] DEBUG org.apache.http.impl.client.DefaultHttpClient - Attempt 1 to execute request
17:11:30.707 [main] DEBUG org.apache.http.impl.conn.DefaultClientConnection - Sending request: GET /api/categorie HTTP/1.1
17:11:30.707 [main] DEBUG org.apache.http.wire -  >> "GET /api/categorie HTTP/1.1[\r][\n]"
17:11:30.707 [main] DEBUG org.apache.http.wire -  >> "Accept: */*[\r][\n]"
17:11:30.707 [main] DEBUG org.apache.http.wire -  >> "Host: altashop-api.fly.dev[\r][\n]"
17:11:30.707 [main] DEBUG org.apache.http.wire -  >> "Connection: Keep-Alive[\r][\n]"
17:11:30.707 [main] DEBUG org.apache.http.wire -  >> "User-Agent: Apache-HttpClient/4.5.13 (Java/11.0.12)[\r][\n]"
17:11:30.707 [main] DEBUG org.apache.http.wire -  >> "Accept-Encoding: gzip,deflate[\r][\n]"
17:11:30.707 [main] DEBUG org.apache.http.wire -  >> "[\r][\n]"
17:11:30.707 [main] DEBUG org.apache.http.headers - >> GET /api/categorie HTTP/1.1
17:11:30.707 [main] DEBUG org.apache.http.headers - >> Accept: */*
17:11:30.707 [main] DEBUG org.apache.http.headers - >> Host: altashop-api.fly.dev
17:11:30.707 [main] DEBUG org.apache.http.headers - >> Connection: Keep-Alive
17:11:30.707 [main] DEBUG org.apache.http.headers - >> User-Agent: Apache-HttpClient/4.5.13 (Java/11.0.12)
17:11:30.707 [main] DEBUG org.apache.http.headers - >> Accept-Encoding: gzip,deflate
17:11:30.907 [main] DEBUG org.apache.http.wire -  << "HTTP/1.1 404 Not Found[\r][\n]"
17:11:30.907 [main] DEBUG org.apache.http.wire -  << "date: Thu, 11 May 2023 10:11:33 GMT[\r][\n]"
17:11:30.907 [main] DEBUG org.apache.http.wire -  << "content-encoding: gzip[\r][\n]"
17:11:30.907 [main] DEBUG org.apache.http.wire -  << "content-type: text/plain; charset=utf-8[\r][\n]"
17:11:30.907 [main] DEBUG org.apache.http.wire -  << "transfer-encoding: chunked[\r][\n]"
17:11:30.907 [main] DEBUG org.apache.http.wire -  << "server: Fly/3f2597ca (2023-05-03)[\r][\n]"
17:11:30.907 [main] DEBUG org.apache.http.wire -  << "via: 1.1 fly.io[\r][\n]"
17:11:30.907 [main] DEBUG org.apache.http.wire -  << "fly-request-id: 01H054PSB663GYVWFXJKBHDEVJ-sin[\r][\n]"
17:11:30.907 [main] DEBUG org.apache.http.wire -  << "[\r][\n]"
17:11:30.907 [main] DEBUG org.apache.http.impl.conn.DefaultClientConnection - Receiving response: HTTP/1.1 404 Not Found
17:11:30.907 [main] DEBUG org.apache.http.headers - << HTTP/1.1 404 Not Found
17:11:30.907 [main] DEBUG org.apache.http.headers - << date: Thu, 11 May 2023 10:11:33 GMT
17:11:30.907 [main] DEBUG org.apache.http.headers - << content-encoding: gzip
17:11:30.907 [main] DEBUG org.apache.http.headers - << content-type: text/plain; charset=utf-8
17:11:30.907 [main] DEBUG org.apache.http.headers - << transfer-encoding: chunked
17:11:30.907 [main] DEBUG org.apache.http.headers - << server: Fly/3f2597ca (2023-05-03)
17:11:30.907 [main] DEBUG org.apache.http.headers - << via: 1.1 fly.io
17:11:30.907 [main] DEBUG org.apache.http.headers - << fly-request-id: 01H054PSB663GYVWFXJKBHDEVJ-sin
17:11:30.907 [main] DEBUG org.apache.http.impl.client.DefaultHttpClient - Connection can be kept alive indefinitely
17:11:30.907 [main] DEBUG io.restassured.internal.RestAssuredHttpBuilder - Parsing response as: text/plain; charset=utf-8
17:11:30.907 [main] DEBUG org.apache.http.wire -  << "1E[\r][\n]"
17:11:30.907 [main] DEBUG org.apache.http.wire -  << "[0x1f][0x8b][0x8][0x0][0x0][0x0][0x0][0x0][0x4][0xff][0xcb][0xcb]/QH[0xcb]/[0xcd]K[0xe1][0x2][0x0][0xd4]I[0xfa]r[\n]"
17:11:30.907 [main] DEBUG org.apache.http.wire -  << "[0x0][0x0][0x0]"
17:11:30.907 [main] DEBUG org.apache.http.wire -  << "[\r][\n]"
17:11:30.907 [main] DEBUG org.apache.http.wire -  << "0[\r][\n]"
17:11:30.907 [main] DEBUG org.apache.http.wire -  << "[\r][\n]"
17:11:30.907 [main] DEBUG io.restassured.internal.RestAssuredHttpBuilder - Parsed data to instance of: class org.apache.http.conn.EofSensorInputStream
17:11:30.909 [main] DEBUG org.apache.http.impl.conn.BasicClientConnectionManager - Releasing connection org.apache.http.impl.conn.ManagedClientConnectionImpl@3680cde9
17:11:30.909 [main] DEBUG org.apache.http.impl.conn.BasicClientConnectionManager - Connection can be kept alive indefinitely
17:11:30.909 [main] DEBUG net.thucydides.core.steps.StepInterceptor - STEP DONE: I send GET HTTP request all products categories invalid
  &amp#27;[32mWhen &amp#27;[0m&amp#27;[32mI send GET HTTP request all products categories invalid&amp#27;[0m  &amp#27;[90m# starter.stepdefinitions.ProductCategoriesSteps.sendGetHttpRequestAllProductsCategoriesInvalid()&amp#27;[0m
17:11:30.922 [main] DEBUG net.thucydides.core.steps.StepInterceptor - STARTING STEP: ProductsSteps.receiveHttpResponseCode404 - I receive valid HTTP response code 404
17:11:30.923 [main] DEBUG net.thucydides.core.steps.StepInterceptor - STEP DONE: I receive valid HTTP response code 404
  &amp#27;[32mThen &amp#27;[0m&amp#27;[32mI receive valid HTTP response code 404&amp#27;[0m                   &amp#27;[90m# starter.stepdefinitions.ProductsSteps.receiveHttpResponseCode404()&amp#27;[0m
17:11:30.925 [main] DEBUG net.thucydides.core.steps.StepInterceptor - STARTING STEP: ProductsSteps.receiveValidDataForResponseCode404 - I receive valid data for response code 404
17:11:30.926 [main] DEBUG net.thucydides.core.steps.StepInterceptor - STARTING STEP: GetAllProducts.validateDataInvalidForResponseCode404 - I set GET api endpoints all products invalid
17:11:30.926 [main] DEBUG net.thucydides.core.steps.StepInterceptor - STEP DONE: I set GET api endpoints all products invalid
17:11:30.933 [main] DEBUG org.apache.http.impl.conn.BasicClientConnectionManager - Get connection for route {s}->https://altashop-api.fly.dev:443
17:11:30.933 [main] DEBUG org.apache.http.impl.conn.DefaultClientConnectionOperator - Connecting to altashop-api.fly.dev:443
17:11:31.280 [main] DEBUG org.apache.http.client.protocol.RequestAddCookies - CookieSpec selected: ignoreCookies
17:11:31.280 [main] DEBUG org.apache.http.client.protocol.RequestAuthCache - Auth cache not set in the context
17:11:31.280 [main] DEBUG org.apache.http.client.protocol.RequestTargetAuthentication - Target auth state: UNCHALLENGED
17:11:31.280 [main] DEBUG org.apache.http.client.protocol.RequestProxyAuthentication - Proxy auth state: UNCHALLENGED
17:11:31.280 [main] DEBUG org.apache.http.impl.client.DefaultHttpClient - Attempt 1 to execute request
17:11:31.281 [main] DEBUG org.apache.http.impl.conn.DefaultClientConnection - Sending request: DELETE /api/productss HTTP/1.1
17:11:31.281 [main] DEBUG org.apache.http.wire -  >> "DELETE /api/productss HTTP/1.1[\r][\n]"
17:11:31.281 [main] DEBUG org.apache.http.wire -  >> "Accept: */*[\r][\n]"
17:11:31.281 [main] DEBUG org.apache.http.wire -  >> "Host: altashop-api.fly.dev[\r][\n]"
17:11:31.281 [main] DEBUG org.apache.http.wire -  >> "Connection: Keep-Alive[\r][\n]"
17:11:31.281 [main] DEBUG org.apache.http.wire -  >> "User-Agent: Apache-HttpClient/4.5.13 (Java/11.0.12)[\r][\n]"
17:11:31.281 [main] DEBUG org.apache.http.wire -  >> "Accept-Encoding: gzip,deflate[\r][\n]"
17:11:31.281 [main] DEBUG org.apache.http.wire -  >> "[\r][\n]"
17:11:31.281 [main] DEBUG org.apache.http.headers - >> DELETE /api/productss HTTP/1.1
17:11:31.281 [main] DEBUG org.apache.http.headers - >> Accept: */*
17:11:31.281 [main] DEBUG org.apache.http.headers - >> Host: altashop-api.fly.dev
17:11:31.281 [main] DEBUG org.apache.http.headers - >> Connection: Keep-Alive
17:11:31.281 [main] DEBUG org.apache.http.headers - >> User-Agent: Apache-HttpClient/4.5.13 (Java/11.0.12)
17:11:31.281 [main] DEBUG org.apache.http.headers - >> Accept-Encoding: gzip,deflate
17:11:31.389 [main] DEBUG org.apache.http.wire -  << "HTTP/1.1 404 Not Found[\r][\n]"
17:11:31.389 [main] DEBUG org.apache.http.wire -  << "date: Thu, 11 May 2023 10:11:33 GMT[\r][\n]"
17:11:31.389 [main] DEBUG org.apache.http.wire -  << "content-encoding: gzip[\r][\n]"
17:11:31.389 [main] DEBUG org.apache.http.wire -  << "content-type: text/plain; charset=utf-8[\r][\n]"
17:11:31.389 [main] DEBUG org.apache.http.wire -  << "transfer-encoding: chunked[\r][\n]"
17:11:31.389 [main] DEBUG org.apache.http.wire -  << "server: Fly/3f2597ca (2023-05-03)[\r][\n]"
17:11:31.389 [main] DEBUG org.apache.http.wire -  << "via: 1.1 fly.io[\r][\n]"
17:11:31.389 [main] DEBUG org.apache.http.wire -  << "fly-request-id: 01H054PSXMDNZXH3J1CMEF482E-sin[\r][\n]"
17:11:31.389 [main] DEBUG org.apache.http.wire -  << "[\r][\n]"
17:11:31.389 [main] DEBUG org.apache.http.impl.conn.DefaultClientConnection - Receiving response: HTTP/1.1 404 Not Found
17:11:31.389 [main] DEBUG org.apache.http.headers - << HTTP/1.1 404 Not Found
17:11:31.389 [main] DEBUG org.apache.http.headers - << date: Thu, 11 May 2023 10:11:33 GMT
17:11:31.389 [main] DEBUG org.apache.http.headers - << content-encoding: gzip
17:11:31.389 [main] DEBUG org.apache.http.headers - << content-type: text/plain; charset=utf-8
17:11:31.389 [main] DEBUG org.apache.http.headers - << transfer-encoding: chunked
17:11:31.389 [main] DEBUG org.apache.http.headers - << server: Fly/3f2597ca (2023-05-03)
17:11:31.389 [main] DEBUG org.apache.http.headers - << via: 1.1 fly.io
17:11:31.389 [main] DEBUG org.apache.http.headers - << fly-request-id: 01H054PSXMDNZXH3J1CMEF482E-sin
17:11:31.389 [main] DEBUG org.apache.http.impl.client.DefaultHttpClient - Connection can be kept alive indefinitely
17:11:31.389 [main] DEBUG io.restassured.internal.RestAssuredHttpBuilder - Parsing response as: text/plain; charset=utf-8
17:11:31.389 [main] DEBUG org.apache.http.wire -  << "1E[\r][\n]"
17:11:31.389 [main] DEBUG org.apache.http.wire -  << "[0x1f][0x8b][0x8][0x0][0x0][0x0][0x0][0x0][0x4][0xff][0xcb][0xcb]/QH[0xcb]/[0xcd]K[0xe1][0x2][0x0][0xd4]I[0xfa]r[\n]"
17:11:31.389 [main] DEBUG org.apache.http.wire -  << "[0x0][0x0][0x0]"
17:11:31.389 [main] DEBUG org.apache.http.wire -  << "[\r][\n]"
17:11:31.389 [main] DEBUG org.apache.http.wire -  << "0[\r][\n]"
17:11:31.389 [main] DEBUG org.apache.http.wire -  << "[\r][\n]"
17:11:31.389 [main] DEBUG io.restassured.internal.RestAssuredHttpBuilder - Parsed data to instance of: class org.apache.http.conn.EofSensorInputStream
17:11:31.390 [main] DEBUG org.apache.http.impl.conn.BasicClientConnectionManager - Releasing connection org.apache.http.impl.conn.ManagedClientConnectionImpl@78a4914d
17:11:31.390 [main] DEBUG org.apache.http.impl.conn.BasicClientConnectionManager - Connection can be kept alive indefinitely
17:11:31.390 [main] DEBUG net.thucydides.core.steps.StepInterceptor - STEP DONE: I receive valid data for response code 404
  &amp#27;[32mAnd &amp#27;[0m&amp#27;[32mI receive valid data for response code 404&amp#27;[0m                &amp#27;[90m# starter.stepdefinitions.ProductsSteps.receiveValidDataForResponseCode404()&amp#27;[0m
17:11:31.391 [main] INFO  - 
  _____   ___   ___   _____     ___     _     ___   ___   ___   ___  
 |_   _| | __| / __| |_   _|   | _ \   /_\   / __| / __| | __| |   \ 
   | |   | _|  \__ \   | |     |  _/  / _ \  \__ \ \__ \ | _|  | |) |
   |_|   |___| |___/   |_|     |_|   /_/ \_\ |___/ |___/ |___| |___/ 

GET As a user I can't get all products categories
----------------------------------------------------------------------
]]></system-out>
  </testcase>
  <testcase name="DELETE As a user I can delete product category by id" classname="Products Categories" time="0.479">
    <system-out><![CDATA[
@ProductsCategories @DeleteProductCategory+
Scenario: DELETE As a user I can delete product category by id &amp#27;[90m# src/test/resources/api/ProductCategories.feature:45&amp#27;[0m
17:11:31.398 [main] INFO io.cucumber.core.plugin.SerenityReporter - Running feature from file:///C:/KULIAH/SEMESTER%206/MSIB/QA/Tugas/Mini%20Project/API/rest-api/src/test/resources/api/ProductCategories.feature
17:11:31.398 [main] WARN io.cucumber.core.plugin.SerenityReporter - Feature from file:///C:/KULIAH/SEMESTER%206/MSIB/QA/Tugas/Mini%20Project/API/rest-api/src/test/resources/api/ProductCategories.feature is not under the 'features' directory. Requirements report will not be correctly generated!
17:11:31.399 [main] INFO  - 
  _____   ___   ___   _____     ___   _____     _     ___   _____   ___   ___  
 |_   _| | __| / __| |_   _|   / __| |_   _|   /_\   | _ \ |_   _| | __| |   \ 
   | |   | _|  \__ \   | |     \__ \   | |    / _ \  |   /   | |   | _|  | |) |
   |_|   |___| |___/   |_|     |___/   |_|   /_/ \_\ |_|_\   |_|   |___| |___/ 

DELETE As a user I can delete product category by id(products-categories;delete-as-a-user-i-can-delete-product-category-by-id)
--------------------------------------------------------------------------------
17:11:31.406 [main] DEBUG net.thucydides.core.steps.StepInterceptor - STARTING STEP: ProductCategoriesSteps.setDeleteApiEndpoints - I set DELETE api endpoints delete product category
17:11:31.406 [main] DEBUG net.thucydides.core.steps.StepInterceptor - STEP DONE: I set DELETE api endpoints delete product category
  &amp#27;[32mGiven &amp#27;[0m&amp#27;[32mI set DELETE api endpoints delete product category&amp#27;[0m     &amp#27;[90m# starter.stepdefinitions.ProductCategoriesSteps.setDeleteApiEndpoints()&amp#27;[0m
17:11:31.407 [main] DEBUG net.thucydides.core.steps.StepInterceptor - STARTING STEP: ProductCategoriesSteps.sendDeleteApiEndpoints - I send DELETE HTTP request delete product category
17:11:31.408 [main] DEBUG net.thucydides.core.steps.StepInterceptor - STARTING STEP: DeleteCategories.sendDeleteHttpRequest - I set DELETE api endpoints delete product category
17:11:31.408 [main] DEBUG net.thucydides.core.steps.StepInterceptor - STEP DONE: I set DELETE api endpoints delete product category
17:11:31.412 [main] DEBUG org.apache.http.impl.conn.BasicClientConnectionManager - Get connection for route {s}->https://altashop-api.fly.dev:443
17:11:31.413 [main] DEBUG org.apache.http.impl.conn.DefaultClientConnectionOperator - Connecting to altashop-api.fly.dev:443
17:11:31.664 [main] DEBUG org.apache.http.client.protocol.RequestAddCookies - CookieSpec selected: ignoreCookies
17:11:31.664 [main] DEBUG org.apache.http.client.protocol.RequestAuthCache - Auth cache not set in the context
17:11:31.664 [main] DEBUG org.apache.http.client.protocol.RequestTargetAuthentication - Target auth state: UNCHALLENGED
17:11:31.664 [main] DEBUG org.apache.http.client.protocol.RequestProxyAuthentication - Proxy auth state: UNCHALLENGED
17:11:31.664 [main] DEBUG org.apache.http.impl.client.DefaultHttpClient - Attempt 1 to execute request
17:11:31.664 [main] DEBUG org.apache.http.impl.conn.DefaultClientConnection - Sending request: DELETE /api/categories/1 HTTP/1.1
17:11:31.664 [main] DEBUG org.apache.http.wire -  >> "DELETE /api/categories/1 HTTP/1.1[\r][\n]"
17:11:31.664 [main] DEBUG org.apache.http.wire -  >> "Accept: */*[\r][\n]"
17:11:31.664 [main] DEBUG org.apache.http.wire -  >> "Host: altashop-api.fly.dev[\r][\n]"
17:11:31.664 [main] DEBUG org.apache.http.wire -  >> "Connection: Keep-Alive[\r][\n]"
17:11:31.664 [main] DEBUG org.apache.http.wire -  >> "User-Agent: Apache-HttpClient/4.5.13 (Java/11.0.12)[\r][\n]"
17:11:31.664 [main] DEBUG org.apache.http.wire -  >> "Accept-Encoding: gzip,deflate[\r][\n]"
17:11:31.664 [main] DEBUG org.apache.http.wire -  >> "[\r][\n]"
17:11:31.664 [main] DEBUG org.apache.http.headers - >> DELETE /api/categories/1 HTTP/1.1
17:11:31.664 [main] DEBUG org.apache.http.headers - >> Accept: */*
17:11:31.664 [main] DEBUG org.apache.http.headers - >> Host: altashop-api.fly.dev
17:11:31.664 [main] DEBUG org.apache.http.headers - >> Connection: Keep-Alive
17:11:31.664 [main] DEBUG org.apache.http.headers - >> User-Agent: Apache-HttpClient/4.5.13 (Java/11.0.12)
17:11:31.664 [main] DEBUG org.apache.http.headers - >> Accept-Encoding: gzip,deflate
17:11:31.845 [main] DEBUG org.apache.http.wire -  << "HTTP/1.1 200 OK[\r][\n]"
17:11:31.845 [main] DEBUG org.apache.http.wire -  << "content-type: application/json[\r][\n]"
17:11:31.845 [main] DEBUG org.apache.http.wire -  << "date: Thu, 11 May 2023 10:11:34 GMT[\r][\n]"
17:11:31.845 [main] DEBUG org.apache.http.wire -  << "content-encoding: gzip[\r][\n]"
17:11:31.845 [main] DEBUG org.apache.http.wire -  << "transfer-encoding: chunked[\r][\n]"
17:11:31.845 [main] DEBUG org.apache.http.wire -  << "server: Fly/3f2597ca (2023-05-03)[\r][\n]"
17:11:31.845 [main] DEBUG org.apache.http.wire -  << "via: 1.1 fly.io[\r][\n]"
17:11:31.845 [main] DEBUG org.apache.http.wire -  << "fly-request-id: 01H054PT9QAY5E42E7ESD7NVG2-sin[\r][\n]"
17:11:31.845 [main] DEBUG org.apache.http.wire -  << "[\r][\n]"
17:11:31.845 [main] DEBUG org.apache.http.impl.conn.DefaultClientConnection - Receiving response: HTTP/1.1 200 OK
17:11:31.845 [main] DEBUG org.apache.http.headers - << HTTP/1.1 200 OK
17:11:31.845 [main] DEBUG org.apache.http.headers - << content-type: application/json
17:11:31.845 [main] DEBUG org.apache.http.headers - << date: Thu, 11 May 2023 10:11:34 GMT
17:11:31.845 [main] DEBUG org.apache.http.headers - << content-encoding: gzip
17:11:31.845 [main] DEBUG org.apache.http.headers - << transfer-encoding: chunked
17:11:31.845 [main] DEBUG org.apache.http.headers - << server: Fly/3f2597ca (2023-05-03)
17:11:31.845 [main] DEBUG org.apache.http.headers - << via: 1.1 fly.io
17:11:31.845 [main] DEBUG org.apache.http.headers - << fly-request-id: 01H054PT9QAY5E42E7ESD7NVG2-sin
17:11:31.845 [main] DEBUG org.apache.http.impl.client.DefaultHttpClient - Connection can be kept alive indefinitely
17:11:31.845 [main] DEBUG io.restassured.internal.RestAssuredHttpBuilder - Parsing response as: application/json
17:11:31.845 [main] DEBUG org.apache.http.wire -  << "22[\r][\n]"
17:11:31.845 [main] DEBUG org.apache.http.wire -  << "[0x1f][0x8b][0x8][0x0][0x0][0x0][0x0][0x0][0x4][0xff][0xab]VJI,IT[0xb2][0xca]+[0xcd][0xc9][0xa9][0xe5][0x2][0x0][0xa3][0xab][0x8f]W[0xe][0x0][0x0][0x0]"
17:11:31.845 [main] DEBUG org.apache.http.wire -  << "[\r][\n]"
17:11:31.845 [main] DEBUG org.apache.http.wire -  << "0[\r][\n]"
17:11:31.845 [main] DEBUG org.apache.http.wire -  << "[\r][\n]"
17:11:31.845 [main] DEBUG io.restassured.internal.RestAssuredHttpBuilder - Parsed data to instance of: class org.apache.http.conn.EofSensorInputStream
17:11:31.846 [main] DEBUG org.apache.http.impl.conn.BasicClientConnectionManager - Releasing connection org.apache.http.impl.conn.ManagedClientConnectionImpl@7e2723d2
17:11:31.846 [main] DEBUG org.apache.http.impl.conn.BasicClientConnectionManager - Connection can be kept alive indefinitely
17:11:31.846 [main] DEBUG net.thucydides.core.steps.StepInterceptor - STEP DONE: I send DELETE HTTP request delete product category
  &amp#27;[32mWhen &amp#27;[0m&amp#27;[32mI send DELETE HTTP request delete product category&amp#27;[0m      &amp#27;[90m# starter.stepdefinitions.ProductCategoriesSteps.sendDeleteApiEndpoints()&amp#27;[0m
17:11:31.856 [main] DEBUG net.thucydides.core.steps.StepInterceptor - STARTING STEP: ProductsSteps.receiveValidHttpResponseCode200 - I receive valid HTTP response code 200
17:11:31.857 [main] DEBUG net.thucydides.core.steps.StepInterceptor - STEP DONE: I receive valid HTTP response code 200
  &amp#27;[32mThen &amp#27;[0m&amp#27;[32mI receive valid HTTP response code 200&amp#27;[0m                  &amp#27;[90m# starter.stepdefinitions.ProductsSteps.receiveValidHttpResponseCode200()&amp#27;[0m
17:11:31.859 [main] DEBUG net.thucydides.core.steps.StepInterceptor - STARTING STEP: ProductCategoriesSteps.receiveValidDataForDelete - I receive valid data for delete product category
17:11:31.870 [main] DEBUG net.thucydides.core.steps.StepInterceptor - STEP DONE: I receive valid data for delete product category
  &amp#27;[32mAnd &amp#27;[0m&amp#27;[32mI receive valid data for delete product category&amp#27;[0m         &amp#27;[90m# starter.stepdefinitions.ProductCategoriesSteps.receiveValidDataForDelete()&amp#27;[0m
17:11:31.871 [main] INFO  - 
  _____   ___   ___   _____     ___     _     ___   ___   ___   ___  
 |_   _| | __| / __| |_   _|   | _ \   /_\   / __| / __| | __| |   \ 
   | |   | _|  \__ \   | |     |  _/  / _ \  \__ \ \__ \ | _|  | |) |
   |_|   |___| |___/   |_|     |_|   /_/ \_\ |___/ |___/ |___| |___/ 

DELETE As a user I can delete product category by id
----------------------------------------------------------------------
]]></system-out>
  </testcase>
  <testcase name="DELETE As a user I can&apos;t delete product category by id" classname="Products Categories" time="0.993">
    <system-out><![CDATA[
@ProductsCategories @DeleteProductCategory-
Scenario: DELETE As a user I can't delete product category by id   &amp#27;[90m# src/test/resources/api/ProductCategories.feature:51&amp#27;[0m
17:11:31.877 [main] INFO io.cucumber.core.plugin.SerenityReporter - Running feature from file:///C:/KULIAH/SEMESTER%206/MSIB/QA/Tugas/Mini%20Project/API/rest-api/src/test/resources/api/ProductCategories.feature
17:11:31.877 [main] WARN io.cucumber.core.plugin.SerenityReporter - Feature from file:///C:/KULIAH/SEMESTER%206/MSIB/QA/Tugas/Mini%20Project/API/rest-api/src/test/resources/api/ProductCategories.feature is not under the 'features' directory. Requirements report will not be correctly generated!
17:11:31.878 [main] INFO  - 
  _____   ___   ___   _____     ___   _____     _     ___   _____   ___   ___  
 |_   _| | __| / __| |_   _|   / __| |_   _|   /_\   | _ \ |_   _| | __| |   \ 
   | |   | _|  \__ \   | |     \__ \   | |    / _ \  |   /   | |   | _|  | |) |
   |_|   |___| |___/   |_|     |___/   |_|   /_/ \_\ |_|_\   |_|   |___| |___/ 

DELETE As a user I can't delete product category by id(products-categories;delete-as-a-user-i-can-t-delete-product-category-by-id)
--------------------------------------------------------------------------------
17:11:31.886 [main] DEBUG net.thucydides.core.steps.StepInterceptor - STARTING STEP: ProductCategoriesSteps.setDeleteApiEndpointsInvalid - I set DELETE api endpoints product category invalid
17:11:31.886 [main] DEBUG net.thucydides.core.steps.StepInterceptor - STEP DONE: I set DELETE api endpoints product category invalid
  &amp#27;[32mGiven &amp#27;[0m&amp#27;[32mI set DELETE api endpoints invalid delete product category&amp#27;[0m &amp#27;[90m# starter.stepdefinitions.ProductCategoriesSteps.setDeleteApiEndpointsInvalid()&amp#27;[0m
17:11:31.887 [main] DEBUG net.thucydides.core.steps.StepInterceptor - STARTING STEP: ProductCategoriesSteps.sendDeleteApiEndpointsInvalid - I send DELETE HTTP request product category invalid
17:11:31.888 [main] DEBUG net.thucydides.core.steps.StepInterceptor - STARTING STEP: DeleteCategories.sendDeleteHttpRequestInvalid - I set DELETE api endpoints product category invalid
17:11:31.888 [main] DEBUG net.thucydides.core.steps.StepInterceptor - STEP DONE: I set DELETE api endpoints product category invalid
17:11:31.892 [main] DEBUG org.apache.http.impl.conn.BasicClientConnectionManager - Get connection for route {s}->https://altashop-api.fly.dev:443
17:11:31.893 [main] DEBUG org.apache.http.impl.conn.DefaultClientConnectionOperator - Connecting to altashop-api.fly.dev:443
17:11:32.145 [main] DEBUG org.apache.http.client.protocol.RequestAddCookies - CookieSpec selected: ignoreCookies
17:11:32.145 [main] DEBUG org.apache.http.client.protocol.RequestAuthCache - Auth cache not set in the context
17:11:32.145 [main] DEBUG org.apache.http.client.protocol.RequestTargetAuthentication - Target auth state: UNCHALLENGED
17:11:32.145 [main] DEBUG org.apache.http.client.protocol.RequestProxyAuthentication - Proxy auth state: UNCHALLENGED
17:11:32.145 [main] DEBUG org.apache.http.impl.client.DefaultHttpClient - Attempt 1 to execute request
17:11:32.145 [main] DEBUG org.apache.http.impl.conn.DefaultClientConnection - Sending request: DELETE /api/products/ HTTP/1.1
17:11:32.145 [main] DEBUG org.apache.http.wire -  >> "DELETE /api/products/ HTTP/1.1[\r][\n]"
17:11:32.145 [main] DEBUG org.apache.http.wire -  >> "Accept: */*[\r][\n]"
17:11:32.145 [main] DEBUG org.apache.http.wire -  >> "Host: altashop-api.fly.dev[\r][\n]"
17:11:32.145 [main] DEBUG org.apache.http.wire -  >> "Connection: Keep-Alive[\r][\n]"
17:11:32.145 [main] DEBUG org.apache.http.wire -  >> "User-Agent: Apache-HttpClient/4.5.13 (Java/11.0.12)[\r][\n]"
17:11:32.145 [main] DEBUG org.apache.http.wire -  >> "Accept-Encoding: gzip,deflate[\r][\n]"
17:11:32.145 [main] DEBUG org.apache.http.wire -  >> "[\r][\n]"
17:11:32.145 [main] DEBUG org.apache.http.headers - >> DELETE /api/products/ HTTP/1.1
17:11:32.145 [main] DEBUG org.apache.http.headers - >> Accept: */*
17:11:32.145 [main] DEBUG org.apache.http.headers - >> Host: altashop-api.fly.dev
17:11:32.145 [main] DEBUG org.apache.http.headers - >> Connection: Keep-Alive
17:11:32.145 [main] DEBUG org.apache.http.headers - >> User-Agent: Apache-HttpClient/4.5.13 (Java/11.0.12)
17:11:32.145 [main] DEBUG org.apache.http.headers - >> Accept-Encoding: gzip,deflate
17:11:32.340 [main] DEBUG org.apache.http.wire -  << "HTTP/1.1 405 Method Not Allowed[\r][\n]"
17:11:32.340 [main] DEBUG org.apache.http.wire -  << "date: Thu, 11 May 2023 10:11:34 GMT[\r][\n]"
17:11:32.340 [main] DEBUG org.apache.http.wire -  << "content-encoding: gzip[\r][\n]"
17:11:32.340 [main] DEBUG org.apache.http.wire -  << "content-type: text/plain; charset=utf-8[\r][\n]"
17:11:32.340 [main] DEBUG org.apache.http.wire -  << "transfer-encoding: chunked[\r][\n]"
17:11:32.340 [main] DEBUG org.apache.http.wire -  << "server: Fly/3f2597ca (2023-05-03)[\r][\n]"
17:11:32.340 [main] DEBUG org.apache.http.wire -  << "via: 1.1 fly.io[\r][\n]"
17:11:32.340 [main] DEBUG org.apache.http.wire -  << "fly-request-id: 01H054PTRTT7NT8FCZ9GGVCNZD-sin[\r][\n]"
17:11:32.340 [main] DEBUG org.apache.http.wire -  << "[\r][\n]"
17:11:32.340 [main] DEBUG org.apache.http.impl.conn.DefaultClientConnection - Receiving response: HTTP/1.1 405 Method Not Allowed
17:11:32.340 [main] DEBUG org.apache.http.headers - << HTTP/1.1 405 Method Not Allowed
17:11:32.340 [main] DEBUG org.apache.http.headers - << date: Thu, 11 May 2023 10:11:34 GMT
17:11:32.340 [main] DEBUG org.apache.http.headers - << content-encoding: gzip
17:11:32.340 [main] DEBUG org.apache.http.headers - << content-type: text/plain; charset=utf-8
17:11:32.340 [main] DEBUG org.apache.http.headers - << transfer-encoding: chunked
17:11:32.340 [main] DEBUG org.apache.http.headers - << server: Fly/3f2597ca (2023-05-03)
17:11:32.340 [main] DEBUG org.apache.http.headers - << via: 1.1 fly.io
17:11:32.340 [main] DEBUG org.apache.http.headers - << fly-request-id: 01H054PTRTT7NT8FCZ9GGVCNZD-sin
17:11:32.340 [main] DEBUG org.apache.http.impl.client.DefaultHttpClient - Connection can be kept alive indefinitely
17:11:32.341 [main] DEBUG io.restassured.internal.RestAssuredHttpBuilder - Parsing response as: text/plain; charset=utf-8
17:11:32.341 [main] DEBUG org.apache.http.wire -  << "27[\r][\n]"
17:11:32.341 [main] DEBUG org.apache.http.wire -  << "[0x1f][0x8b][0x8][0x0][0x0][0x0][0x0][0x0][0x4][0xff][0xcb]M-[0xc9][0xc8]OQ[0xc8][0xcb]/QH[0xcc][0xc9][0xc9]/OM[0xe1][0x2][0x0][0xe5]Yf[0xfa][0x13][0x0][0x0][0x0]"
17:11:32.341 [main] DEBUG org.apache.http.wire -  << "[\r][\n]"
17:11:32.341 [main] DEBUG org.apache.http.wire -  << "0[\r][\n]"
17:11:32.341 [main] DEBUG org.apache.http.wire -  << "[\r][\n]"
17:11:32.341 [main] DEBUG io.restassured.internal.RestAssuredHttpBuilder - Parsed data to instance of: class org.apache.http.conn.EofSensorInputStream
17:11:32.341 [main] DEBUG org.apache.http.impl.conn.BasicClientConnectionManager - Releasing connection org.apache.http.impl.conn.ManagedClientConnectionImpl@1604ad0f
17:11:32.341 [main] DEBUG org.apache.http.impl.conn.BasicClientConnectionManager - Connection can be kept alive indefinitely
17:11:32.341 [main] DEBUG net.thucydides.core.steps.StepInterceptor - STEP DONE: I send DELETE HTTP request product category invalid
  &amp#27;[32mWhen &amp#27;[0m&amp#27;[32mI send DELETE HTTP request invalid delete product category&amp#27;[0m  &amp#27;[90m# starter.stepdefinitions.ProductCategoriesSteps.sendDeleteApiEndpointsInvalid()&amp#27;[0m
17:11:32.351 [main] DEBUG net.thucydides.core.steps.StepInterceptor - STARTING STEP: ProductsSteps.receiveHttpResponseCode405 - I receive valid HTTP response code 405
17:11:32.351 [main] DEBUG net.thucydides.core.steps.StepInterceptor - STEP DONE: I receive valid HTTP response code 405
  &amp#27;[32mThen &amp#27;[0m&amp#27;[32mI receive valid HTTP response code 405&amp#27;[0m                      &amp#27;[90m# starter.stepdefinitions.ProductsSteps.receiveHttpResponseCode405()&amp#27;[0m
17:11:32.354 [main] DEBUG net.thucydides.core.steps.StepInterceptor - STARTING STEP: ProductsSteps.receiveValidDataForResponseCode405 - I receive valid data for response code 405
17:11:32.354 [main] DEBUG net.thucydides.core.steps.StepInterceptor - STARTING STEP: DeleteProduct.validateDataInvalidForResponseCode405 - I set DELETE api endpoints invalid delete product
17:11:32.354 [main] DEBUG net.thucydides.core.steps.StepInterceptor - STEP DONE: I set DELETE api endpoints invalid delete product
17:11:32.358 [main] DEBUG org.apache.http.impl.conn.BasicClientConnectionManager - Get connection for route {s}->https://altashop-api.fly.dev:443
17:11:32.358 [main] DEBUG org.apache.http.impl.conn.DefaultClientConnectionOperator - Connecting to altashop-api.fly.dev:443
17:11:32.622 [main] DEBUG org.apache.http.client.protocol.RequestAddCookies - CookieSpec selected: ignoreCookies
17:11:32.622 [main] DEBUG org.apache.http.client.protocol.RequestAuthCache - Auth cache not set in the context
17:11:32.622 [main] DEBUG org.apache.http.client.protocol.RequestTargetAuthentication - Target auth state: UNCHALLENGED
17:11:32.622 [main] DEBUG org.apache.http.client.protocol.RequestProxyAuthentication - Proxy auth state: UNCHALLENGED
17:11:32.622 [main] DEBUG org.apache.http.impl.client.DefaultHttpClient - Attempt 1 to execute request
17:11:32.622 [main] DEBUG org.apache.http.impl.conn.DefaultClientConnection - Sending request: DELETE /api/products/ HTTP/1.1
17:11:32.622 [main] DEBUG org.apache.http.wire -  >> "DELETE /api/products/ HTTP/1.1[\r][\n]"
17:11:32.622 [main] DEBUG org.apache.http.wire -  >> "Accept: */*[\r][\n]"
17:11:32.622 [main] DEBUG org.apache.http.wire -  >> "Host: altashop-api.fly.dev[\r][\n]"
17:11:32.622 [main] DEBUG org.apache.http.wire -  >> "Connection: Keep-Alive[\r][\n]"
17:11:32.622 [main] DEBUG org.apache.http.wire -  >> "User-Agent: Apache-HttpClient/4.5.13 (Java/11.0.12)[\r][\n]"
17:11:32.622 [main] DEBUG org.apache.http.wire -  >> "Accept-Encoding: gzip,deflate[\r][\n]"
17:11:32.622 [main] DEBUG org.apache.http.wire -  >> "[\r][\n]"
17:11:32.622 [main] DEBUG org.apache.http.headers - >> DELETE /api/products/ HTTP/1.1
17:11:32.622 [main] DEBUG org.apache.http.headers - >> Accept: */*
17:11:32.622 [main] DEBUG org.apache.http.headers - >> Host: altashop-api.fly.dev
17:11:32.622 [main] DEBUG org.apache.http.headers - >> Connection: Keep-Alive
17:11:32.622 [main] DEBUG org.apache.http.headers - >> User-Agent: Apache-HttpClient/4.5.13 (Java/11.0.12)
17:11:32.622 [main] DEBUG org.apache.http.headers - >> Accept-Encoding: gzip,deflate
17:11:32.861 [main] DEBUG org.apache.http.wire -  << "HTTP/1.1 405 Method Not Allowed[\r][\n]"
17:11:32.861 [main] DEBUG org.apache.http.wire -  << "date: Thu, 11 May 2023 10:11:35 GMT[\r][\n]"
17:11:32.861 [main] DEBUG org.apache.http.wire -  << "content-encoding: gzip[\r][\n]"
17:11:32.861 [main] DEBUG org.apache.http.wire -  << "content-type: text/plain; charset=utf-8[\r][\n]"
17:11:32.861 [main] DEBUG org.apache.http.wire -  << "transfer-encoding: chunked[\r][\n]"
17:11:32.861 [main] DEBUG org.apache.http.wire -  << "server: Fly/3f2597ca (2023-05-03)[\r][\n]"
17:11:32.861 [main] DEBUG org.apache.http.wire -  << "via: 1.1 fly.io[\r][\n]"
17:11:32.861 [main] DEBUG org.apache.http.wire -  << "fly-request-id: 01H054PV91NVBH11W5D74RDREE-sin[\r][\n]"
17:11:32.861 [main] DEBUG org.apache.http.wire -  << "[\r][\n]"
17:11:32.861 [main] DEBUG org.apache.http.impl.conn.DefaultClientConnection - Receiving response: HTTP/1.1 405 Method Not Allowed
17:11:32.861 [main] DEBUG org.apache.http.headers - << HTTP/1.1 405 Method Not Allowed
17:11:32.861 [main] DEBUG org.apache.http.headers - << date: Thu, 11 May 2023 10:11:35 GMT
17:11:32.861 [main] DEBUG org.apache.http.headers - << content-encoding: gzip
17:11:32.861 [main] DEBUG org.apache.http.headers - << content-type: text/plain; charset=utf-8
17:11:32.861 [main] DEBUG org.apache.http.headers - << transfer-encoding: chunked
17:11:32.861 [main] DEBUG org.apache.http.headers - << server: Fly/3f2597ca (2023-05-03)
17:11:32.861 [main] DEBUG org.apache.http.headers - << via: 1.1 fly.io
17:11:32.861 [main] DEBUG org.apache.http.headers - << fly-request-id: 01H054PV91NVBH11W5D74RDREE-sin
17:11:32.861 [main] DEBUG org.apache.http.impl.client.DefaultHttpClient - Connection can be kept alive indefinitely
17:11:32.861 [main] DEBUG io.restassured.internal.RestAssuredHttpBuilder - Parsing response as: text/plain; charset=utf-8
17:11:32.861 [main] DEBUG org.apache.http.wire -  << "27[\r][\n]"
17:11:32.861 [main] DEBUG org.apache.http.wire -  << "[0x1f][0x8b][0x8][0x0][0x0][0x0][0x0][0x0][0x4][0xff][0xcb]M-[0xc9][0xc8]OQ[0xc8][0xcb]/QH[0xcc][0xc9][0xc9]/OM[0xe1][0x2][0x0][0xe5]Yf[0xfa][0x13][0x0][0x0][0x0]"
17:11:32.861 [main] DEBUG org.apache.http.wire -  << "[\r][\n]"
17:11:32.861 [main] DEBUG org.apache.http.wire -  << "0[\r][\n]"
17:11:32.861 [main] DEBUG org.apache.http.wire -  << "[\r][\n]"
17:11:32.861 [main] DEBUG io.restassured.internal.RestAssuredHttpBuilder - Parsed data to instance of: class org.apache.http.conn.EofSensorInputStream
17:11:32.863 [main] DEBUG org.apache.http.impl.conn.BasicClientConnectionManager - Releasing connection org.apache.http.impl.conn.ManagedClientConnectionImpl@7db373b2
17:11:32.863 [main] DEBUG org.apache.http.impl.conn.BasicClientConnectionManager - Connection can be kept alive indefinitely
17:11:32.863 [main] DEBUG net.thucydides.core.steps.StepInterceptor - STEP DONE: I receive valid data for response code 405
  &amp#27;[32mAnd &amp#27;[0m&amp#27;[32mI receive valid data for response code 405&amp#27;[0m                   &amp#27;[90m# starter.stepdefinitions.ProductsSteps.receiveValidDataForResponseCode405()&amp#27;[0m
17:11:32.865 [main] INFO  - 
  _____   ___   ___   _____     ___     _     ___   ___   ___   ___  
 |_   _| | __| / __| |_   _|   | _ \   /_\   / __| / __| | __| |   \ 
   | |   | _|  \__ \   | |     |  _/  / _ \  \__ \ \__ \ | _|  | |) |
   |_|   |___| |___/   |_|     |_|   /_/ \_\ |___/ |___/ |___| |___/ 

DELETE As a user I can't delete product category by id
----------------------------------------------------------------------
]]></system-out>
  </testcase>
  <testcase name="GET As a user I can get all products" classname="Products" time="7.028">
    <system-out><![CDATA[17:11:32.865 [main] INFO io.cucumber.core.plugin.SerenityReporter - Running feature from file:///C:/KULIAH/SEMESTER%206/MSIB/QA/Tugas/Mini%20Project/API/rest-api/src/test/resources/api/Products.feature
17:11:32.865 [main] WARN io.cucumber.core.plugin.SerenityReporter - Feature from file:///C:/KULIAH/SEMESTER%206/MSIB/QA/Tugas/Mini%20Project/API/rest-api/src/test/resources/api/Products.feature is not under the 'features' directory. Requirements report will not be correctly generated!
17:11:32.866 [main] DEBUG net.thucydides.core.steps.StepEventBus - Test suite started for story net.thucydides.core.model.Story@957e90f2
17:11:32.867 [main] INFO  - Test Suite Started: Products

@Products @GetAllProducts+
Scenario: GET As a user I can get all products   &amp#27;[90m# src/test/resources/api/Products.feature:6&amp#27;[0m
17:11:32.871 [main] INFO io.cucumber.core.plugin.SerenityReporter - Running feature from file:///C:/KULIAH/SEMESTER%206/MSIB/QA/Tugas/Mini%20Project/API/rest-api/src/test/resources/api/Products.feature
17:11:32.871 [main] WARN io.cucumber.core.plugin.SerenityReporter - Feature from file:///C:/KULIAH/SEMESTER%206/MSIB/QA/Tugas/Mini%20Project/API/rest-api/src/test/resources/api/Products.feature is not under the 'features' directory. Requirements report will not be correctly generated!
17:11:32.874 [main] INFO  - 
  _____   ___   ___   _____     ___   _____     _     ___   _____   ___   ___  
 |_   _| | __| / __| |_   _|   / __| |_   _|   /_\   | _ \ |_   _| | __| |   \ 
   | |   | _|  \__ \   | |     \__ \   | |    / _ \  |   /   | |   | _|  | |) |
   |_|   |___| |___/   |_|     |___/   |_|   /_/ \_\ |_|_\   |_|   |___| |___/ 

GET As a user I can get all products(products;get-as-a-user-i-can-get-all-products)
--------------------------------------------------------------------------------
17:11:32.887 [main] DEBUG net.thucydides.core.steps.StepInterceptor - STARTING STEP: ProductsSteps.setGetApiEndpointsAllProducts - I set GET api endpoints all products
17:11:32.887 [main] DEBUG net.thucydides.core.steps.StepInterceptor - STEP DONE: I set GET api endpoints all products
  &amp#27;[32mGiven &amp#27;[0m&amp#27;[32mI set GET api endpoints all products&amp#27;[0m     &amp#27;[90m# starter.stepdefinitions.ProductsSteps.setGetApiEndpointsAllProducts()&amp#27;[0m
17:11:32.889 [main] DEBUG net.thucydides.core.steps.StepInterceptor - STARTING STEP: ProductsSteps.sendGetHttpRequestAllProducts - I send GET HTTP request all products
17:11:32.889 [main] DEBUG net.thucydides.core.steps.StepInterceptor - STARTING STEP: GetAllProducts.sendGetHttpRequest - I set GET api endpoints all products
17:11:32.889 [main] DEBUG net.thucydides.core.steps.StepInterceptor - STEP DONE: I set GET api endpoints all products
17:11:32.892 [main] DEBUG org.apache.http.impl.conn.BasicClientConnectionManager - Get connection for route {s}->https://altashop-api.fly.dev:443
17:11:32.892 [main] DEBUG org.apache.http.impl.conn.DefaultClientConnectionOperator - Connecting to altashop-api.fly.dev:443
17:11:33.325 [main] DEBUG org.apache.http.client.protocol.RequestAddCookies - CookieSpec selected: ignoreCookies
17:11:33.325 [main] DEBUG org.apache.http.client.protocol.RequestAuthCache - Auth cache not set in the context
17:11:33.325 [main] DEBUG org.apache.http.client.protocol.RequestTargetAuthentication - Target auth state: UNCHALLENGED
17:11:33.325 [main] DEBUG org.apache.http.client.protocol.RequestProxyAuthentication - Proxy auth state: UNCHALLENGED
17:11:33.325 [main] DEBUG org.apache.http.impl.client.DefaultHttpClient - Attempt 1 to execute request
17:11:33.326 [main] DEBUG org.apache.http.impl.conn.DefaultClientConnection - Sending request: GET /api/products HTTP/1.1
17:11:33.326 [main] DEBUG org.apache.http.wire -  >> "GET /api/products HTTP/1.1[\r][\n]"
17:11:33.326 [main] DEBUG org.apache.http.wire -  >> "Accept: */*[\r][\n]"
17:11:33.326 [main] DEBUG org.apache.http.wire -  >> "Host: altashop-api.fly.dev[\r][\n]"
17:11:33.326 [main] DEBUG org.apache.http.wire -  >> "Connection: Keep-Alive[\r][\n]"
17:11:33.326 [main] DEBUG org.apache.http.wire -  >> "User-Agent: Apache-HttpClient/4.5.13 (Java/11.0.12)[\r][\n]"
17:11:33.326 [main] DEBUG org.apache.http.wire -  >> "Accept-Encoding: gzip,deflate[\r][\n]"
17:11:33.326 [main] DEBUG org.apache.http.wire -  >> "[\r][\n]"
17:11:33.326 [main] DEBUG org.apache.http.headers - >> GET /api/products HTTP/1.1
17:11:33.326 [main] DEBUG org.apache.http.headers - >> Accept: */*
17:11:33.326 [main] DEBUG org.apache.http.headers - >> Host: altashop-api.fly.dev
17:11:33.326 [main] DEBUG org.apache.http.headers - >> Connection: Keep-Alive
17:11:33.326 [main] DEBUG org.apache.http.headers - >> User-Agent: Apache-HttpClient/4.5.13 (Java/11.0.12)
17:11:33.326 [main] DEBUG org.apache.http.headers - >> Accept-Encoding: gzip,deflate
17:11:37.954 [main] DEBUG org.apache.http.wire -  << "HTTP/1.1 200 OK[\r][\n]"
17:11:37.954 [main] DEBUG org.apache.http.wire -  << "content-type: application/json[\r][\n]"
17:11:37.954 [main] DEBUG org.apache.http.wire -  << "date: Thu, 11 May 2023 10:11:40 GMT[\r][\n]"
17:11:37.954 [main] DEBUG org.apache.http.wire -  << "transfer-encoding: chunked[\r][\n]"
17:11:37.954 [main] DEBUG org.apache.http.wire -  << "content-encoding: gzip[\r][\n]"
17:11:37.954 [main] DEBUG org.apache.http.wire -  << "server: Fly/3f2597ca (2023-05-03)[\r][\n]"
17:11:37.954 [main] DEBUG org.apache.http.wire -  << "via: 1.1 fly.io[\r][\n]"
17:11:37.954 [main] DEBUG org.apache.http.wire -  << "fly-request-id: 01H054PVZJV83M9EES9A36TDDJ-sin[\r][\n]"
17:11:37.954 [main] DEBUG org.apache.http.wire -  << "[\r][\n]"
17:11:37.954 [main] DEBUG org.apache.http.impl.conn.DefaultClientConnection - Receiving response: HTTP/1.1 200 OK
17:11:37.954 [main] DEBUG org.apache.http.headers - << HTTP/1.1 200 OK
17:11:37.954 [main] DEBUG org.apache.http.headers - << content-type: application/json
17:11:37.954 [main] DEBUG org.apache.http.headers - << date: Thu, 11 May 2023 10:11:40 GMT
17:11:37.954 [main] DEBUG org.apache.http.headers - << transfer-encoding: chunked
17:11:37.954 [main] DEBUG org.apache.http.headers - << content-encoding: gzip
17:11:37.954 [main] DEBUG org.apache.http.headers - << server: Fly/3f2597ca (2023-05-03)
17:11:37.954 [main] DEBUG org.apache.http.headers - << via: 1.1 fly.io
17:11:37.954 [main] DEBUG org.apache.http.headers - << fly-request-id: 01H054PVZJV83M9EES9A36TDDJ-sin
17:11:37.954 [main] DEBUG org.apache.http.impl.client.DefaultHttpClient - Connection can be kept alive indefinitely
17:11:37.954 [main] DEBUG io.restassured.internal.RestAssuredHttpBuilder - Parsing response as: application/json
17:11:37.954 [main] DEBUG org.apache.http.wire -  << "815[\r][\n]"
17:11:37.954 [main] DEBUG org.apache.http.wire -  << "[0x1f][0x8b][0x8][0x0][0x0][0x0][0x0][0x0][0x4][0xff][0xaa]VJI,IT[0xb2][0x8a][0xae]V[0xf2]tQ[0xb2]252[0xb1]0[0xd1]Q[0xf2]K[0xcc]MU[0xb2]R[0xf2],*NLQ[0xd2]QrI-N.[0xca],([0xc9][0xcc][0xcf]S[0xb2]R*I,.[0xcf],*N,JL[0xcf][0xcc]p[0xa8]L[0xcc][0xc8][0xcf][0xd7]K[0xce][0xcf]U[0xd2]Q[\n]"
17:11:37.954 [main] DEBUG org.apache.http.wire -  << "([0xca]LNU[0xb2]2564[0xd7]Q[\n]"
17:11:37.954 [main] DEBUG org.apache.http.wire -  << "J,[0xc9][0xcc]K/V[0xb2]2[0xd1]QrN,IM[0xcf]/[0xca]L-V[0xb2][0x8a][0x8e][0xad][0xd5]AXf[\n]"
17:11:37.954 [main] DEBUG org.apache.http.wire -  << "[0xb7],[0xb8][0xb4][0xa8]2[0x11][0xc3][0xb2][0xa2][0x82][0xd2][0xa2][0xf2][0xc4][0xbc][0x92]L[0x87][0x82][0x12][0xbd][0xd4][0x94]R[0x84]-fF&[0x16][0xc4][0xda]b[0x6][0xb7][0xc5]-3/1/931G[0xa1][0xa4](1%[0xb5][0x8][0xd3][0xc2][0xc4][0xdc][0xc4][0x94][0xc4][0xbc][0x8c][0xc4][0xa2][0x94][0xc4][0xbc]D[0x87][0x8c][0xfc][0x92][0xdc][0xc4][0xcc][0x1c]T[0xf]Z[0x18][0x98][0x1a]!Ym[0x80][0xcf][0x83][0xe6]p[0xab]=[0xbc][0x15],L[0xcd][0x14][0xfc]"0[0xec][0xcc][0xcc]K,[0xc8],)-([0xcd])u(H-*[0xcd][0xd5][0xcb][0x4][0x5];48-L,[0x8c][0x89][0xb5][0xcd][0x2]n[0x1b]A[0x8f]f[0x15][0x14]%[0x96]d[0x96]g:[0xa4]cz[0xd0][0xdc][0xd4][0xc8][0x90]X+-[0xe1]V[0x6][0x94]&[0xe5]d[0x16]gd[0xe6][0xa5]+[0x14]e[0xa6]g[0x94][0x14]+[0xe4]&[0xe6]%[0xa6]c[0x9][0xe4][0xdc][0xd2][0x9c][0xca][0xc4][0xbc][0xcc][0x94][0xc4][0xa2][0x92][0xfc][0xbc]|[0xec][0x81]lbahI[0xa4][0x1b],[\r][0xc8]pCNbIiA~^~ybvfnb[0x9e]Ci[0x8a]^^j[0x9]"}[0x19][0x99][0x10][0x9d][0xbe],[\r][0xe1][0xf6]cO[0xc5][0x89]y[0x99][0x5][0xa5]%E[0x89] K2[0xf3][0x90],140&6n-[0x8d][0xe0][0x96][0xe0][0xc8][0x97][0x99]%[0x99][0xa5]%[0x89][0xb9]`[[0xf2][0x8b][0xd2][0x11]^[0xb1]030 *(MML[0x11]Y[0xc5]U[0xc1][0xc2][0xcc][0xd0]P![0xcc]-[0x1c]#[0xc1][0xe6][0x94][0x96][0xa4]%[0xe6][0x19][0x19][0x82]2ez~[0x19][0xc2]&SC[0x13][0xa2][0xfd][0x83](g[0xb0][0x7]Zjiybf1([0xc8]P[0xf2][0xbd][0x85][0x81][0x11][0xd1]V J[0x17][0xe2][0xd3]fAQbqjIe[0xbe][0x85][0x5][0xc8]w[0xb9][0x99]9[0xa8][0x99][0xd1][0xdc][0x12][0xb9]l[0xc3][0x97][0xf5]-[0x11]A[0x89];[0xeb][0xa7]$[0xe6][0x96][0x1a][0x98][0x82]l*N[0xce]@[0xb1][0xc9][0xc4][0xd4][0x10][0xb9]|[0xc3]k[0x13][0xa2][0x90])N[0xcd][0xac]JU[0xc8][0xcc]+IM/J,IMQH,([0xc8][0xc9]LN[0x4][0x95][0xdd][0xc5][0x18][0xf1][0x98][0x94][0x98][0x93]X[0x90]X[0x92]ib[0x88][0xad][0x1c]7[0xb7]06#*[0xd9][0x18][0x99]X"[\n]"
17:11:37.954 [main] DEBUG org.apache.http.wire -  << "[0x1e][0xd2]\[0x90][0x98][0x9e][0x97]Zl[0x0]NH[0xb9][0x95]([0xfe]755'[0xda][0xff][0x88]2[0x8]OHg[0xe6]&[0x16][0x17]g[0xe6]%[0xa6]':$[0x97][0xe9][0xa1]d[0x10]Cc#"[0xb]tSPN[0x82]V[0x8f][0xa9][0x15]%[0xa9]y)[\n]"
17:11:37.954 [main] DEBUG org.apache.http.wire -  << "y[0xa9][0x15]%[0xba][0xe9][0xa9]y[0xa9][0xa0][0xf2]4?O!U[0xb7]$13'[0xb5][0x8]3[0xb8]sJ3[0x8b][0x8d][\r][0xa0]E<z|[0x1b][0x1a][0x1b][0x13][0xe9]_S[0x3]DyC[0xb2][0x1b][0x12][0xf3][0xf2]s[0x13]S[0x8a]2[0x13][0xf3][0x8a]+[0x13][0xb1]V[0xdf]&[0x16][0xa6]D[0x16][0xfe][0xa6][0x6][0x88]2[0x89]`}S[0x90]Z[0x94][0x9b][0x98][0x92][0x99]_U[0xe9]P[0x90][0xa2][0x97][0x9b][0x99][0x83](5,[0xc][0xcd][0x89][0xe]~c[0x2][0xa5]`rFjNqjbnbQJF&[0xc8][0x87][0xc9]e[0xa0]r[0x1d]%i[0x99][0x99][[0x98][0x12][0x97][0xb0]M[\r][0x8][0x95]R[0xc5][0xa0][0xca]#[0xab]4[0xaf]$1;;[0xb1]([0x5][0xdc]NA)[0x12][\r][0x8d][0x8c][0x89]+|[0x8d]L[\r][0x10][0xe5][0x15][0xf6]">;/1[0x17][0x94]~[0xb]R[0xf4][0xd0][0x93][0x8f][0x85][0x91][0x9][0xd1][0xd6] [\n]"
17:11:37.954 [main] DEBUG org.apache.http.wire -  << "&[0xd2]2kqQbVbq"[0xb6][0xb2][0xc2][0xd4][0xd0][0x9c][0xc8]r[0xd1][0xd4][0x0]QZ[0xe1][0xce][0xad]%[0x89][0xc5])[0x99][0xd9][0x16][0xa6][0xe0][0xb4][0x82]Z0[0x98]Y[0x9a][0x12][0xed]SD[0xb1][0x84][0xa7]6KO[0xcc][0xc9][0xcc][0xb0]4[0x82][0xe6]K[0x94][0xca][0xc6][0xcc][0xc8][0x90][0xc8][0xca][0xc6][0xd4][0x0]Q[0x8][0x91][0x9c])a[0xe5][0xb0][0xa5])[0xb6][0xd6][0x98][0x85][0x89][0x11][0xb1][0x1e]6D[0xb4][0x84][0xf0]x[0x18][0xd2][0xfc]*[0xc9]76[0x84][0xfa][0x19][0xb9][0xb9]idjFl[0xe6]0D[0x94]C[0xc4][0xd7][0xaf]y[0x89]Y[0xb9][0xa5])[0x99]y ?c[0xf3][0xad][0x99]1J[0xbb][0xb]O[0xbd]gj[0x88](~[0xf0][0xf8][0xb6][0xac]<[0xb1]8;[0xb3][0x4]g[[0xde][0x82][0xe8][0xc0]E[0x94]=[0xd8][,y[0xd0][0xfc][0x1]i[0xc3][0xa7][0xa4][0x16]'[0xa2][0x14];F[0x16][0x16]D[0xb6]hM[\r][0x11][0xc5][0xe][0xee]<[0x92][0x93][0x9a][0x9e][0x98][0x91]X[0x4].[0xe5]J[0xd1][0x8a]Ts[0x3]3b[0x13][0xae]![0xa2][0xd4]!X[0x88][0xe7]&[0x16][0xa5]'[0xe6]%[0x9a][0x9a][0x83][0xf2]eyj[0x12][0x8a][0xff]L[\r][0x89][0xae]E[\r][0x11]E[0x10][0xc9][0x99]%[0xa7][0xb2]4/3[0xb1][0x8][0xd4]fJ[0xca][0xac]Bq[0x81][0xb9][0xb1][0x11][0x91]-[0x16]SP[0x17][0x15]Z[0x8f][0x93]V[0x8][0x16][0x94]fe[0x9a][0x9a]@[0x9a][0x10]([0x96][0x1b][0x99][0x81][0xfa][0x1][0xf0]n/[0xde][0x84][0x8b]([0x97][0xb0][0x17][0xf4]Y[0x89][0x99][0xc5]F&[0xa0]@[0xc6]h[0x80][0x1a][0x9a][0x10][W[0x82][0xfa]Ody1#1/[0xb1][0xb4]81%[0x11][[0xfe]4[0xb4] [0xda][0x9b][0xa0]b[0xb][0xea][0x0][0xdc][0xa9]8#7[0xb1]4[0x7][0xd4][0xd5][0x86][0xe4][0x1a][0x94]>[0x98][0x89]![0xa8][0xd7]CT[0x90][0x82]:[0xac]P[0xbb][0xf0][0x94][0x5]9[0xa5]%[0x19]i[0x99][0x89][0xe9][0xa5][0xc5]%[0x99]y[0x89][0xa0][0xf0]E[0xb1][0xcf][0xcc][0xd8][0x84][0xd8][0xf4][0x3]J[0xea]P[0xfb][0xb0]GaFbqb^bFbR%[0x8e]*[0xd3][0xcc][0x8c][0xd8][0x6][0xae])[0xa8][0xc7][0x3][0xb5][0x8c]`[0x16][0xcd]J[0xcc][0xcc]I[0xcc][0xcb],O,*[0x6][0x15]zX[0xc6]g[0x8c][0x8d][0x8d][0x89][0xad][0xab][0x8d][0x88])[0x87]JK+[0x13]3[0xf3][0x12]3@]5[0x94]f[0xb5][0xb9][0x89][0x19][0xb1]e[0xab][0x11][0xa2][0x10]"-;[0x96]d&[0x16]%[0x9a][0x83][0xcb]#[0x14][0xbb][0x8d][\r][0x88].[0xd7]Ae[0x6]4t[0x89][0xaf][0xc6]R[0x12]S2Am[0xf9][0x12]=[0xf4]b[0xd0][0xc4][0x92][0xd8]n[0x93][0xa9][0x11][0xa2])D[0x9a][0xaf][0x13]S2[0xf3][0x12]K[0x12]+[0xf3]s[0x12][0xf3]Rp[0xd4]l[0xa6][0xe0][0xfa][0x91][0xb8][0xcc]C[0xa8]<J*[0xce][0xcc][0xc8][0xcf]M[0xca][0xcc]K[0xc7]>XcfjJl[0xd5]f[0x84]h'a[0xaf]E[0xd3][0x13][0xf3]@[0xbe][0x3]7t[0xb1][0x8c]M[0x19][0x9b][0x11]][0x0][0x82][0x1a][0xde]$GlNj~IFbnQf[0x1e][0xd6][0xd2][0xcf][0xd8][0x8c]X[0x8f][0x1a]#ZG[0x4]3mrbQNb[0x6](.A[0xe3]b[0xa0]r)[0xbf][0x8][0xa5]r1[0xb4]$v`[0xc5][0xd4][0x18][0xd1]*[0xc2]^2[0xe5]$[0x16]%[0x16][0xe7]g[0x97]$[0x96]e&[0xe6]a[0x1d][0xff]3"[0xbe][0x1c][0x4][0x8d]_A[0xc3][0x18]{t[0x16][0x97][0xa6]d&[0x96]d[0xa6]e[0x96][0x80]:[0x9d][0x99][0xd8][0xd3][0x8f][0xb9][0x9]h[0xb4][0x84][0xa8][0xb4]j[0x8c]([0x92][0x88][0xcf][0xad][0x85][0xa5][0xa9][0xa9]y9[0xa0][0x92][0xb1]8[0xb1][0x8][0x87][0x1b],[0x8c]A[0xa3][0x18][0xc4][0xb9][0x81][0xdc][0xd2][0xaa] 1/+[0xd3][0xcc][0x0]{ [0x18][0x1b][0x13]]d[0x81]J[0x18]h[0xa8][0x13][0x1f][0x8]9y[0xa5]E[0x89][0x99]y[0x99][0xa0][0xb6]K^j[0x9]J[0xfa]2[0xb1][0x0]5[0x88][0x88][0xf3]<[0xa2][0xd0][0xc2]W[0xd3][0x82]f[0x9]LM[0xb1][0xfb][0xd4][0xd0][0x88][0xf8][0xa0]F[0x14]M[0xd8][0xd3]WaAbNbqIQ&[0xb4]/[0x83]2[0x15]anF[0xf4][0xc8][0x82]1[0xa2]\">H[0xa1]%EAb^r"v[0xaf][0x9a][0x98][0x11]=[0x9a][0x2][0xea][0xc0]C#[0x15][0xbb]W[0xc1]c[0xc8][0x5][0x89]%E[0x99][0xc9][0x99][0xb0][0xc6][0xb]J,[0x1a][0x99][0x19][0x10];[0x86]d[0x82]([0x9d]Hn[0x81][0x17][0xa5][0x16][0x97][0x94][0x9a][0x9b][0x81][0xea]{[0x94][0xde][0xb2][0xb9][0xa9][0xa9][0x9][0x91][0xe3]*[0xa0]2[0x9c][0x80]_[0xc1][0xf3]>[0xf9][0x16][0xe6]8[0xc2][0xd5][0x14]T[0xbe][0x12][0x95]`A%'[0xd4].<[0x9][0xb6]8[0xb3]$[0xb3]8[0xb3][0xa4]47[0xbf](1[0xf]G5gj[0x2]*\[0x89][0xb3][0x14]QL[0xe1]n[0xfb][0x16][0xc2]*p,[0xf5][0x9c][0x91][0x1][0xf1][0x1e]D[0x14]G[0xb8][0xed]*(HL[0xc9]M[0x4][0x17]X[0xda][0x84][0xa6][0x86][0xa0][0x4]A[0x9c][0xcf][0x10]}7[0x82][0xf5]Z[0xe][0xee][0x1]+cs[0xd0]P*q6"J[0x1c][0xe2][0xb3]fQbfFb[0x9e][0x89][0x19][0xd6][0xd1]*sP{[0x93]8[0xbb][0x11][0xe5][0xf]A[0xdf][0x16]$[0x16]e[0x16][0x17]'[0xe6][0xe6][0x17]g[0x16][0x81]2[0x7][0xca]T[0x8f][0x99][0x11][0xd1][0xe3][0xbb]&[0x88][0xa2][0x8]w|f$[0xe6]f[0xe6]&[0x9a][0x1b]C[0x8b]=[0xf4][0xd1]s[0x3]3b[0x7]qA[0xa3]i[0xd0][0xec]A[0xd0][0x87]y[0x5][0xa5]Ey[0x89][0xe5][0x89]%[0x99] [0xff][0xa1][0xc][0xe2][0x9a][0x98][0x13][0xdd]W[0x3][0x95][0x88]P[0x1b]I.{[0xd2][0x13]SJ32[0x12]s2s![0x1d][0xe][0x8c][0x8a][0xcc][0xdc][0x9c][0xd8][0x81][0xf][0xd0]$.[0xd4][0x19]x[0xca][0x85][0xdc]DP[0x7][0xae]([0xb3],3[0xb9]$[0xbf]([0x13]<y[0x80]2^f[0x1][0x1a][0xac]!*-[0x99]"[0x6][0x90][0x90]-[0x4][0x0][0x0][0x0][0xff][0xff]"
17:11:37.954 [main] DEBUG org.apache.http.wire -  << "[\r][\n]"
17:11:37.954 [main] DEBUG org.apache.http.wire -  << "D6B[\r][\n]"
17:11:37.954 [main] DEBUG org.apache.http.wire -  << "B[0x9b]_[0x87][0xce][0xac][0x83][0x9a][0xc1][0x89][0xd0][0xc8]-[0xc8][0xcf]+H-F)[0xea][0xcd][0xcc][0x89][0x1e][0xe0][0x1][0x15][0xca]P[0x92][0x1c][0xdc]9)[0x89]I[0xa5][0xd9][0xd9][0xa9][0xa0]6[0x3]Z[0x93][0xd4][0xc4][0xcc][0x9c][0xd8][0xde][0x9d])[0xa2][0x80][0xc2][0xe3][0xf1][0xf2][0xc4][0xa2][0xac]Ls[0x13]l[0x19][0xd6][0xc2][0x4][0xd4][0xe2]!.[0x90][0x11][0xc5][0x13][0xc9][0xbe][0x85]N[0x89][0x17]$[0x82][0x6][0xf5][0xb1][0xd7];f[0xe6]f[0xc4][0x8e][0xbf][0x98]"[0x8a]-[0x82][0x19][0xb]\[0xb5][0xe7]U[0xe6][0x83]f[0xa2][0xb1][0x14][0xcf]f[0x6]D[0x8f][0x15][0x98]"[\n]"
17:11:37.954 [main] DEBUG org.apache.http.wire -  << ",[0xec][0xcd][0xff][0xec][0xd2][0xe2]rPO[0xa3](3=1[0x17][0xd4][0x1][0xc0][0xba][0xc6][0xc1][0xc8][0x80][0xf8]d[0x8d]([0xae][0xf0][0xc4]njnRi[0x86][0x99][0x1][0xb6][0x84]d[0xe]J[0xa1]DE.h<[0x1][0x9a][0x94][0x89][0xaf][0x9][0xf2]s[0x13][0x8b][0xc],[0xb1][0xf5][0xe6][0xcc][\r]A[0xab]][0x88][0xb3][0x19][0xd1]^"[0xad][0xab][0x9e][0x9c][0x98][0x97]R[0x94][0x98][0x9d][0x98]W[0x92]h[0x8]+[0xac][0xd1][0x87][0xc][0x8c]M@[0x3]-[0xc4][0xb9][0x3][0xd1][0xbb]#9yC[0x8b][0xcd][0xdc][0xc4][0xec][0xd2][0x12]p9[0x86][0xa5]\1[0x1][0xcf]B[0x11][0xe7][0x14]Dq[0x86][0xbd][0xbd]Z[0x94][0x99]R[0x9e][0x98]W[0x9e][0x99][0x92][0x9f][0x92][0xf][0xaa]/[0x12][0x93]Q[0x8b]0[0x13][0xa2][0xc7][0xa1][0xcc][0x88]iM[0x15]$[0x16]%[0xe6]f[0x96]$[0x9a][0x18]`[0x8b]kcc[0xa2][0xdb][0xc6][0xa0][0x9][0x10]h*#[0x98]q3[0x12][0x8b]J[0x12][0xb3][0x13]M[0xcc]A[0xe3][0xd1]h%[0xa4][0x99]1[0xd1][0x93]bf[0x88]R[0xb]{[0xae]-[0xcf][0xcc]K,[0xca][0xcb]O[0xcc][0xc9][0xcd],J[0x4][0xd9][0x85]Z[0xf9]Z[0x80][0xc6]?[0x89][0x8b]5D[0xa9][0x84]=[0xd6][0xca]R[0xd3][0x13][0xcd]-AV[0xa0]'SS[0xe2][0xc7][0x9e][0xcd][0x8][0x95]B[0xb9][0xa5]E[0xc5][0x99]y[0x99]H[0x9d][0xf2][0x82][0x12][0x8c][0x89]ZCK[0xa2][0xc7][0x9a]A[0xc3]2[0xd0]8[0xc3]S[0x8]%[0xa6][0xa4][0x9a]co[0x11][0x12][0xbd][0xe2][0xc9][0x14]T[0xeb]Am[0xc2][0xdd]:+[0x5]Ow[0x97]`[0x1d]A7'>[0xdd][0x9b]#J[0x1d][0x82])1+[0x13]T[0xd0]d$[0x16]U&[0xe6][0x95][0xe4][0x83][0xc6][0x90]P:gf[0x16][0x6][0xc4][0x8e]m[0x83][0xfa][0xcc]P[0x1f][0x92]\[0xc6][0xe4][0x82][0xaa][0x16][0xd0][0x8]S^zz"[0xf6]*[0xd4][0xdc][0x2]4[0x86]CTb[0x5][0xb5][0xe5][0xa0].![0xbe][0xbc][0xcf][0xc9]M,J*[0xcd][0xc3][0xd6][0x8e]05[0xb7] v[0xe8][0xdb][0x1c]Q[0xe4][0x90]V[0xe0][0x17]'[0xe6]$f[0x80]f8SS[0xc0]C-[0x18][0xf3][0x80][0xa6][0x6][0xa0][0x1e])q[0xfe]G4[0x9c]p[0xa7][0xb5][0xec][0xd2][0xe2][0xd2][0xdc][0xfc][0xec][0xc4][0xcc][0xa2][0xc4]2P1[0x8b][0x12][0xed][0xc6][0x96][0x16][0xc4][0xb6]W[0xcc][0x11]e[0x10]i>[0xce])-O-[0x86][0xae][0x9b][0xc2][0x11][0xe7]&F[0xa0]F?q~F[0x14]Pxrr)[0xa8]Z[0xc5]5~iB[0xf4][0x2]M[0xf0]"#h[\n]"
17:11:37.954 [main] DEBUG org.apache.http.wire -  << "[0xc3]^[0xf0][0xe6]$&[0x95]f[0x18][0x1b]aO[0xca][0xc6][0xc4]w$[0xcd][0x11][0xad]$[0xec][0xe5].[0xb4]v[0xce]N,[0xce],[0x82][0xac]G[0xc4]X[0xe3]aFt[0x9b][0x1f]4[0x92][0x8][0xf5][0x16][0x9e]@L/[0xce],[0xc9]/*-[0x6][0x15][0x16]hu[0x97][0x85][0x5]h[0x8e][0x96][0xa8][0x8][0xb3]@[0x14]R[0xd8][0x83]09571/[0x13][0x9e]/@U[0xb]Zw[0xd5][0xcc][0x1c]4YI[0x9c]m[0x88][0x6][0x10][0xee],Q[0x9e][0x98][0x9c][0x98][0x97][0x98][0x92]Z[0xe][0xce][0x81][0xc8][0xdd]5[0xb]cb[0x97][0xd5][0x99][0x82][0x96][0xdd]B[0xc3][0x90]`[0xe1][0xb]^x[0x9]Z[0xd2][0x90][0x9b][0x98][0x7][0x1a][0x8b]L.C]2lb[0x8][0x8a][0xe2]<[0x88](x[0xb0][0x7]'h[0x8a][0xc0][0xc8][0xc][0xda]5D[0x19][0xee]432'v[0xed][0x6]h[0x5][0x14][0xd4]s[0xa4]e[0xf6][0xd4][0x9c][0xb2][0xcc]<[0xb]SPA[0x83][0xde]>02[0xb4]$v[0xfc][0xcf][0x2]Q[0xd6][0xe0]I[0x9f][0x5]E[0x89][0x95][0xf9][0xe9][0x89][0x99][0xd9][0x19][0xc5][0x89]yP[0xf][0xa3],[0xae]25[0x2][\r]$[0x12][0x17][0xac][0x88]b[0x85][0x8c]J-#[0xb5][0x18]4%[0xe][0x1a]t[0xc0][0xd2]=3[0xb4] z[0xb4][0xc5][0x2][0xd1]0[0xc2][0xe3][0xf1][0xf4][0x8c][0xcc][0x94]DH=^[0x9a][0xa2][0x97][0x9c][0x8f][0xd2]n66 [0xba]H[0x7]-8[0x81][0xc6]2[0xc9][0x9e][0x6]/[0xbf][0xcd])[0x5]/[0x9d][0xc1]2>iflI[0xec]L[0x18]y[0xeb][0xb3][0xc1]k[0x8c][0xb][0x8a]@[0xab][0xf1][0xb1].937[0x5][0x8d]\[0x11][0x15][0xf7][0xa0]V$4[0x18][0x8][0xe6][0xe4][0xdc][0xd4]tP_[\r]do[0x11][0xa8]7[0x8e][0xc5][0xeb][0x86][0x6]D[0x8f]F[0x80][0xc6][0xc4][0x88][0xb5][0xb9][0x1c]QBb[0xef][0x92][0x9b][0x83][0x16]~[0x12][0xe7]aD[0xd7][0x8c][0xe4]x[0xcf]HL[0xc9]4[0xb2][0xc4][0xd6]z2![0xbe][0x9][0x9]*[0x8][0xa0][0xfe]&[0xad]x[0xa9]*[0xcd]I[0xcc][0xcc]N,N[0xcc].[0x5][0xf5]s[0xc0][0xbb]!0ZP[0x86][0x96]D[0x8f][0xdf]Z[0x12][0xd3][0x82]J,.)-[0xc9]LJLO[0xc4]\on[0x8]^[0x13]O\[0xa8]#[\n]"
17:11:37.954 [main] DEBUG org.apache.http.wire -  << "5[0x82][0xc9][0xac],[0xb3],3[0xaf][0xb4](%[0x13][0x94][0xcb][0xb1]N[0xc2][0x1a]Z[0x10]=[0xa7][0xe]Z[0x93]NVhC[0x96]R%g[0xe6]A[0xc6][0x3][0xd0]je[0x13][0x3][0xa2][0xbb][0xc][0xa0][0xf9]<[0xa8][0xb][0xb0][0xb7]n*[0x8b]K[0x13][0x8b]J@[0xb3][0x8f]X[0xca]OS3[0xd0]R>[0xe2][0xc2][0x18][0xd1][0x8c][0xc2]][0xfd]W[0xc0]f:KS[0xf4]0[0xd6][0x88][0x19][0x19][0x10]9@[0xc][0xde]5[0x81][0xd7]S[0xe9][0x88]Yt[0xac]9[0xd6][0xd4][0x8]4[0xf2]I[0x8c][0xbf][0xcc]@Y[0x1b]j[0x17][0xf6]Z?91;[0xb5][0xa4][0x0]4[0x92]T[0xc][0x1b][0x16]Fk[0xb2][0x99][0x9b][0x10];[0x8]`[0x86][0xb4]p[0x1b]{t%[0xa6][0xa4][0x96]$[0x16]ef[0x80]&[0xc3][0xb0][0x8d][0xa6][0x98][0x9b][0x82][0xc6][0x19][0x89][0xf3][0x19][0xa2],[0xc2][0xee]3[0xc4][0xee][0xa7]d[0xd0]n!Pc[0x14][0xa5][0xb]cnB[0xec][0xcc][0x89][0x19][0xd2]rm<[0xb5]+t[0x89]TV"[0xa8]][\n]"
17:11:37.954 [main] DEBUG org.apache.http.wire -  << "mV[0xa0][0xb4][0xa3][0x8c]MA[0x15]'q[0xbe]C[0x94]/[0xc4][0xf7]P[0xb][0x11][0xd3]([0x5]%zh[0xc3]b[0xc6]f[0xc4]6[0x15][0xcd]@[0xd9][0x13][0x9a]h[0x8][0x16]8[0x90]F[0x14]t[0x84][0x1b]4[\n]"
17:11:37.954 [main] DEBUG org.apache.http.wire -  << "[0x8b][0xbe][0xb2][0xd0][0xdc][0x82][0xd8][0xe1]83[0xa4]%[0xdc]$W/[0xd9][0x90][0x95][0x85][0xa5])(m[0x1a][0xb]Sb[[0xae][0xe0])n[0xa8][0xa7][0xf1][0xc4]qQbJf[0x9][0xbc][0xcc][0x1]7[0xc7]Q,4[0xb5][0x0][0xad]\!.[0x8a][0x11]E[0xe][0xc9][0xbe][0x85][0x86]wRbvI&xX&[0xb9][0xc]u[0x1b][0xa3][0xb9][0x19][0xb1][0xcd](3[0xa4][0xc5][0xdd][0xd8]3-d [0x0][0xd4][0xb][0xc1][0xde][[0xb5]0[0x0]U[0x14]D[0xf9][0x99][0xac][0xa5][0xdd]I[0xa0][0x85][0x95]&[0x86][0xa0][0xc][0x8c][0xb2][0xac][0xd2][0xd8][0x10]T=[0x10]g/[0xa2]wGZ[0xbb]!;?;[0xdf][0xc4][0x4][0xbb][0xbf][0xcd][0x8c][0x88][0x9d][0xcb]0[0x3]-[0xf7][0x87]&.[0x92][0xe3]:%?/[0x1d]T^f[0x94][0xe6][0x82][0xc6]b@=$[0x8c][0x96][0x8b][0x89][0x9]h[0xcd][0x1f]qA[0x81][0xe8][0x7][0x92][0x16][0x14][0xc5][0xa9][0x5]%[0x99][0x16][0xb0][0xb9][0x6][0xe4][0xce][0xaf][0x89]![0xa8][0x80]$[0xce]vD[0xb9][0x86][0xbb][0x9e][0xcd]J[0xcc],.J[0xcc][0xc8][0x85][0xcc][0x8]c[0xad][0x2][0xcd],L[0x88][0xec][0x13][0x9a][0x81][0x6][0x1c][0xa0]aO|Q[0x9a]S[0x9a][0x9d][0x9b][0x98][0x97][0x97]X[0x2][0x9a]s/H[0xd1]C[0x99]s74'v/[0x81][0x19]h[0xf9][0x13][0xd4]r[0xec][0x99][0xab][0xb8][0xb4][0x18][0xb4][0xf]9;[0xb1][0xb2]4[0xf]W2[0x3][\r][0xd7][0x12][0x17][0xba][0x88]"[0x85]x[0xaf]B[0x6][0x88][0x8c][0xb1][0xed][0x89]124![0xb2][0xe3]o[0x86][0xb4]([0x9b]`[0x9d][0x1]Y[0xbd][0x91][\r]j[0xb8]e[0x83][0xb7][0x95][0xa2][0xf7][0xf8][0xcd][0xcc][0xcc][0x88][0x1c]O5[0x3][0xb5]M[0xa0][0x1]L[0xbc][0x97][0xcb]AK[0xc3]S[0x12][0x8b]2S[0x12]s2A[[0x85][0xb1]4[0x1e][0xcd]-A[0xcb][0xa3][0x89][\n]"
17:11:37.954 [main] DEBUG org.apache.http.wire -  << "v[0x82][0x8b][0xb6][0xa1][0x3][0xe][0xa0][0xdd][0xdf]X[0xdb][0xe4]&[0xa6][0xc4][0x8e]7[0x98][0x81][0x1c][0x5][0xf5]/[0xf6][0x4][0x95][0x9c][0x9a][0x97][0x9e][0x9d]Yd[0x8e]u[0xcf][0x8f][0x19][0xea][0xee]c<[0x9b][0x9][0xcc]@S[0x87]P[0x8b]H+'[0xb2]A[0xbb][0xe4]2[0x13][\r][0xb0]N[0x97][0x99][0x1b][0x80]64[0x11][0x17][0xaa][0xc4][0x14][0x15][0x90][0x11]9p[0xdd]T[0x80][0xb6][0xd3][0xda][0xc4][0xcc][0x88][0xc8]Ukfd-[0xd5][0xce]J,[0x6][0x8d]?B[0xe3][0x16]T;[0xa1]7},,[0x89][0x8f]V[0xc4]0[0x12][0xf6]h-[0x7]M[0x8]B[0xda]8[0xd8][0xb]Ds[0xd0]JC[0xe2][0x2][0x16]1VD|[0x96]IILI,01[0xc5][0xd6]75$v[0xf9][0x9a][0x19][0xc1]U[0xda][0xd0]y[0x9e][0xe4][0xc4][0xf4][0xc4]l[0xec][0xc5][0xa1][0xa9]9[0xa8]L%[0xca][0xa3][0xa0][0x95]n[0xd0]$Lz[0xad][0x9b][0x98]Wj[0x8e]k[0x91][0xa0]![0xb1][0xc3][0xca]f[0xa0][0x99]Z[0xa8][0x13]H[0xcb]E[0xf0][0x95][0xf1][0xa0][0xec][0x94][0x83][0xad][0xaf]dd[0xe][0x1a][0x84] * @[0xab]<[0xa0][0xae] >[0xc6][0xf3][0x12][0x8b]+3S[0x12]32[0x8b]A'9`[0x8b]x3[0x13][0xa2][0xfb][0xa1][0xa0][0xbe][0x7][0xd4][0x5][0xd8][0xd3]7[0xe8][0xdc][0x88][0xbc][0xfc]r[0xf0][0x84]>[0xda]x[0x81][0x99])[0xe8][0xf8][0x0][0xa2]<[0x8a]4?A[0xbc]G[0xc1][0xeb]UJ[0xf2][0xcd],AM+[0xb4][0xce][0xaf][0xa1]%[0xd1][0x9d]D[0xa4][0xf9][\n]"
17:11:37.954 [main] DEBUG org.apache.http.wire -  << "[0xdc]M[0x9b]r[0xc8][0x98]Pb[0x16][0xb8][0xda][0xc1]2[0x8]hnItf[0x2][\r][0xd7]B[0xc3][0x94][0xe4][0xe4]][0x91][0x93][0x98]][0x9c][0x9b][0x9]^r[0x7][0xd9]![0x85][0xe6]qS[0x3][0xa2][0xab]~[0xa4][0x9][\r][0xec]=qh[0x1b]'5'[0x13]TJ[0xa2]W[0xf6][0xe6][0x6] [0x3][0x88][0x8b]^D[0xdb][0x15]w[0x10]'[0xc3]g[0x9f][0xc0][0xa3]|([0xdb]wL[0x88][0x1f]9A[0x9a][0xc9][0xc0][0xee][0xab][0x8a][0xcc][0xe2][0xf2][0xc4][0x8c][0xca]R[0xc8][0xe6]l,k^[0xcc][0xcd]AMO[0xe2]<[0x86][0x18][0xe2]#[0xad][0x98][0x0][0xaf][0xdf]([0xce][0xcc][0x0][0xaf][0x9d][0xc6][0x96]G-,@[0xc3][0xe4][0xc4]9[0x2]Q[0x7][0x11][0x9f]y[0xaa][0xa0][0x1b]1@[0xb3]o[0xe9][0xa8][0x13][\n]"
17:11:37.954 [main] DEBUG org.apache.http.wire -  << "[0x86][0x96][0xa0]\O[0x9c][0xd5][0xe4]TI[0xe9][0x99]y[0x89][0xe6]X[[0x19][0xa6][0xa6]D[0xf7][0xc]-[0x11][0xc3]Hx[0xba][0xfd]%[0x19][0x89][0xc5][0xe0]}w[0xd0]a[0x1d][0xb4][0xb1][0x15][0xb][0xa2][0x7][0x8e][0xcd][0x90]F[0xb0][0x89][0xf]dPS5+1[0xaf][0xb8][0xb4][0x1c][0xb4]X[0x7][4[0x1b][0x99][0x81]J[0x3][0xa2][0xc2][0x1a]Tk@[0x8b][\r][0x82]-uH[0xdf] [0x3][0xb4][0xf0][0xa2][0x18][0x14][0xc3]([0x99][0xc9][0xcc][0x0]T[0xbb][0x11]g'"}[0x93]\T[0x95]d[0x96]d[0xe6]Y[0x82]W[0xf8]a[0xf6]{[0x8d][0x88][0xdd]Y[0x9][0x9e][0xe4][0x80]z[0x9b][0xb4],[0x96][0x97]_[0x96]Y[0x2]^[0xe1][0xe][0xc9]dX[0x9b]_[0x16][0x16][0xa0]`%&,[0xcc][0x91][0x6]I[0xb1][0x17],[0x90]C[\n]"
17:11:37.954 [main] DEBUG org.apache.http.wire -  << "[0xa0][0x9b][0xbe][0xb1][0xf4]L[0xcc]L@[0x13]O[0xc4][0xd9][0x85]H[0xdd][0xd8][0xab]][0xd8][0xba][0x1e][0xd0]P=[0xd6][0x9d]i[0x16][0x86]Dw[0xc5]@3[0xe0][0xd0][0x10]&[0x98][0xb0][0xd2]2[0x8b]r!g[0x85][0xe4][0x80]v[0xf4]`o[0xea][0x99][0x99][0x10]][0x80] [0xed][0xc9][0xc3][0xee][0xd1][0xe2][0xf2][0xcc],[0xf0][0xd4]'[0xd6][0xe][0x98][0xb9][0x11][0xb1][0x93]~f[0xa0][0xea][0x19][0xea]K[0x92][0x93]r[0x1]t[0x9][0x11][0xa4][0xc6]E[0xaf][0x8]-[0xc][0x88][0x1e]V[0x0][\r]2B[0x1d]A|)[0x92]Y[0x94][0x7][0x1a]+[0xb4][0xc0][0xb1]{[0xca][0xdc][0x2]T[0xe5][0x11][0x93][0xac][0xcc]@[0xb][0xad][0xa0][0xd6]c[0xf]m[0xd0][0xd9][0x17][0xf9]y[0xf9][0xd9][0xa5]Ey[0x99][0x89][0xe5][0xa0]Iv[0xf0]A[0x2](C[0xa5][0xc6][0x6][0xa0][0x85][0xeb][0xc4][0xd9]g[\n]"
17:11:37.954 [main] DEBUG org.apache.http.wire -  << "?[0x9e][0x85]x[0xef]&'fT[0xe6][0xe7][0xe5][0x17][0x83][0xe][0x80]+[0xc9][0xcd][0xc4]Vj[0x9a][0x13][0xbd][0x10][0xd0][0xc]45[0xb][0xf5]2i[0xc5][0x7]d[0xf4]4[0x7][0xd4])[0xc6][0x91][0xca]-A[0xcb]P[0x89][0xb][0x7]rj[0xe8][0xe2][0xc4][0xd4][0xb4][0xd2][0x9c][0x9c][0xc4][0xc]P[0xa4]d`[0xeb]I[0x18]Z[0x12][0xdd]S[0x6][0xb5][0x86][0xc9][\n]"
17:11:37.954 [main] DEBUG org.apache.http.wire -  << "[0x86]\[0xd0][0x2][0xc2][0x92]L[0xd0][0xcc] [0xae]33[0xc][0x89][0xaf][0xb5]A}][0xa8]3p7[0x4][0xcb][0xb2][0x12][0xf3]J[0x13][0x8b][0xb0][0x87][0xba][0x11][0xf1][0x83][0xb7]H[0x1b][0xe8][0xf0]4[0x11][0xa0][0xbb][0xd5]SS2[0x8b][0xf3][0xb1][0x96][0xa4]&&[0xa0]y[0x15][0xa2][0xe2][0x19][0xb4]i[\n]"
17:11:37.954 [main] DEBUG org.apache.http.wire -  << "[0xea]=[0xec]UDq"x[0xe3]kvbe[0xe][0xd6][0xb5][0xa0][0x86]FD[0xf][0x8f][0x82][0x86]([0xa0]v[0xe1][0xf1][0x1d]d<[0x14][0xda][0xde][0xc5][0xba][0x6][0xd2][0xc8][0xc]t[0xe2][0x7]q[0xde]C[0xd4]J[0xd8][0xbd][0x7]:I&?/[0xdf][0x8][0xbc]\[0x18][0xad]7hl[0xc]r1q[0xf6] [0xba][0xb][0xc4][0x17][0x1b][0xa0][0x81][0xe7]Ls[0x1c][0x3][0x1d][0xa0][0x8d][0x2][0xc4]Y[0x8d]([0xb1]H+.J[0xd2]KA;[0xa1][0xb0][0x6][0xb1][0xb9]!([0xdd][0x13]g?[0xa2][0xc1]E[0xbc][0xd7][0xe1]c[0xe][0xe0][0xc5]X[0xa0][0xc9]<,[0xbd][0x1a]CKb[0x9b]\f&[0x88][0xe2][0x8a]`[0x83][0xa0][0x0]v[0x9c][0xe][0x96][0x6][0x8f][0xb1])ht[0x99]8#:[0x12][0xd8][0x93]VQ"[0xe8]([0xaf][0xf2][0xcc][0x94]LHO[0x1c][[0xb5]`hD[0xec]f[0x1c]3[0xa4]=u[0xd8]kBp[0x96]10[0xc6]V[0xec][0x9a][0x1b][0x11][0xbb][0xdc][0xc4][0xc][0xd4]:[0x81]fR[0x92][0x1b][0x1d][0xd9][0xa5]y[0xc9][0xa0][0xad][0xf9][0x90][0x89][0x6]H+[0x1e][0xa5]"63#[0xba][0xab][0xf]Zm[0xb]u[0x7][0x9e][0xc2]"%[0x11][0xd4][0xb8]+[0xc9]7[0x3][0xef][0xe5]EYYg[0x2]>![0x87][0xa8][0xa8]D[0xda]GGZ[0x16][0xca][0xcb][0x80]FmA[0x9][0xea][0x81]p[0xc6]FD[0xf]>[0x83][0x9a]&P[0x8f]b[0x8f][0xd7][0xac][0xd2][0x9c][0xcc]D[0xa8]=[0xa5])[0xe8][0x93][0xed][0x16][0x16]D[0x97][0x14][0xa0]MJP[0x9b]pWe[0xd0][0xcd]{[0x5][0xa5][0x90][0x1d][0x92]([0xeb][0x18][0xcc][0xcc]A[0xa3]^[0xc4][0x5])[0xa2]T[0xc2][0xee]+[0xd0][0xb9][0x91][0xc5][0x89][0xe0]]c[0xd8]R[0xac]1[0xd1][0x1b][0x95][0xcd]@CvPoa[0xcf][0x88][0xd0]#[0xa6][0x12]SR[0xb1][0xd9]dhJ[0xf4][0xaa][0x1][0xa4][0xfd]px[0xd2]$|I[\r]x/[0x1c][0x96][0x81]7ScP[0xab][0x96][0xb8]`$T[0xc8]$[0x83][0xc7]N[0xe1];I[0x11]G[0x12][0x9a][0x80][0xcb]D[0xe2],A[0xcc][0xe5]a[0x8f][0xab][0xe4][0xd4][0xe4][0xd4][0x2]C[0xac][0x15][0x95][0xb1][0x11][0xd1]c[0xe4][0xa0]t[0x8a]7[0x9e][0x10]=5[0xd0][0x12][0xf2]\[0xd0][0x8][0x1e]J[0xf2]3[0xb5][0x0]E5Q^[0x2][0xad]f[0x85][0xda][0x85]'[0xa6][0xca]A[0xb][0xd5]3K@[0x83][0xb1][0xe8][0x13]*&[0xc6][0xa0]]2[0xc4][0xd9][0x85][0x98][0xf1][0xc7][0x9d][0xad][0x92][0x91][0x8f][0x81][0xc6][0x18]\0">[0x13][0x83][0x16][0xd0]C}[0x86]=[0xb2][0xa0][0xb]Ns[0x13][0x8b]2[0x13]Sp[0x9c][0x14]blI[0xf4][0x9a][\r]P[0x8f][0x1]j[0x1f][0xf6][0xdc][0x95][0x8f]w[[0xbe][0x89][0x19][0xa8]MK\8[0x12]*2 }<Scl[0x15][0xa9][0x91][0x9][0xd1][0x8b][0xe2][0x90]v[0xaa][0x11][0xdf]`[0x1][\r]b'[0xe6]%[0x9a][0x9b]`+B,[0x88][0xde]{[0x5][0x9e]m[0x86][0x6]'[0xc1][0x86]JrbvQbRfQb9h[0x97]<x[0x19]5[0xd2]![0xe5]FD[0x1f][0xb7]j[0x86][0xb4][0x97][0x8d][0xe4]:[0xbd][\n]"
17:11:37.954 [main] DEBUG org.apache.http.wire -  << "[0xb4][0x0][0x8]t&3[0x96][0xd6][0x92][0x91]%[0xd1][0xc3][0xce]H[0xbb][0xdb][0x8][0xfa][0x1b][0x9e][0xa0]@[0xcb]:3@[0x7][0x85][0x80][0x87][0xd7]QV[0xe4][0x98][0x19][0x13][0xbd][0x12][0x8][0x94][0x91][0xa1]A[0x8e];[0xe6][0x81]Z[0xa4]%[0xa0]s3JS[0xf4][0xb0][0xb4]E[0x8d],@3[D[0xa5]c[0xd0][0x1a][\n]"
17:11:37.954 [main] DEBUG org.apache.http.wire -  << "[0xa8]}x[0xca][0x9e][0xca][0xe2][0xcc][0xdc][0xa4][0xfc][0x1c][0xec][0x1d]8sC[0xd0][0x2]5[0xe2]l#[0xa6][0xf4][0x1][0x9d][0x4][0x9f][0x97][0xe]][0x99][0xc]*W[0x91][0xd7][0xd4][0x98][[0x82][0xea]5[0xe2],Ct[0xa7][0x90][0xb][0x1f][0x0][0x0][0x0][0x0][0xff][0xff]"
17:11:37.954 [main] DEBUG org.apache.http.wire -  << "[\r][\n]"
17:11:37.954 [main] DEBUG org.apache.http.wire -  << "A80[\r][\n]"
17:11:37.954 [main] DEBUG org.apache.http.wire -  << "B[0x1c][0xad][0x9f][0xf][\n]"
17:11:37.955 [main] DEBUG org.apache.http.wire -  << "F<[0xc7]l[0x99][0x1b][0x80][0x86][0xee][0x88][0xb3][0x8b][0x9c].UAQfn"|#[0x17]d[0xf0][0xb]m[0xba][0xc9][0xcc][0x90][0xe8]^[0x5]hE[0x1f][0x11]1[0x99]Z\[0x9c]i[0x8a]c[0x95][0x89][0x19]h[0xa3][0x8]q[0x1e]Ft[0xa4]p[0xa7][0xd3][0xe2][0xcc][0xa2][0xd4][0xf4][0xc4][0xa2][0xe4][0xc4][0x9c][0xcc]b[0xc8][0x92]g[0xe4][0xa8]4[0xb1][0x0]9[0x99]([0xdb]@[0xeb]C[0xa1]~#[0x98]!a[0xa7][0xf6][0xa2]/[0xfd]32%vG[0xb2][0x19]hj[0x8]j[0x1d]n[0xcf][0x81][0xf6] efe[0xe6]%[0x96][0x83]O![0xc6][0x92][\r][0xcd][0x88][0x9f]U[0x3][0x8d]\Cm$[0xe8]Ap[0xd7])/[0x13]:[0xff]\[0x9a][0x82]q$[0x9e][0xa9]![0xa8][0x8f]@T[0xc0]"m[0x98][0xc0][0xed][0xd3][0xac]R[0xd0]Q[0xd2][0xe0][0xad][0xd7]%[0x90][0x1d]^[0xc8][0x87][0xea][0x9b][0x19][0x13]=[0xdb][\r]*[0x5][0xa1][0xbe][0xc4][0x9e]#+2JK[0x12][0xb]R[0xb1]n@16[0x1][0xd5][0x85][0xc4][0xf9][0x8a]PC[0x14]TABfy[0xa1];[0x1f][0xb0]4|-,@{R[0x89][0xb3][0xf][0xd1]&%[0x18]{[0x99]E[0x89][0x16]8[0xb2][0x9f][0xb9][0x1][0xb1]![0x9]>[0xcc][0x7][0x1a][0x92]$W[0x92][0xd0][0xbd][0xd2][0xa9]y)[0x89][0x19][0xa0][0xe2][0x15]e[0xf2][0xca][0xdc][0x90]X_[0x9b][0x83][0x16]7[0x92][0xeb][0x86][0xc4][0xac][0xcc][0xdc][0xcc]<[0xb][0xf0][0xec][0x15]zk[0xd6][0xd0][0x94][0xd8][0x11]3sP[0xbf][0x15][0xea][0x4][0xec][0xed][0xbd][0xa2][0xc4][0x8c][0xc4][0xca][0xd2][0xe4][0xd4][0xdc][0xd4][0x12]\[0xad]K[0x13]b[0x9b][0x5][0xe6]H+[0x82][0x89]o[0x8b][0x81]:[0x8d][0x99][0x96]&[0xa0]f;Z[0xd9]nb[0x1][0xca]}[0xc4]$0s[0xa4][0xf5][0xc1][0xd8]3N[0x19][0xe8][0x8][0x15][0xd0][0xb9][0x9c]%[0x18]G[0x95][0x9b][0x99][0x83][0x6]c[0x88][0xb3][0x6]Qc[0x92]6[0xb4][0x90][0x96][0x9b][\n]"
17:11:37.955 [main] DEBUG org.apache.http.wire -  << ":[0x5][0x15]:[0xb][0x8c]~H[0x90][0xa1][0x5][0xb1][0xbb][0x17][0xcc]A+[0x87][0xa1][0x11]J0'[0x81][0x6][0xac][0x8a]S[0x13]A[0x3][0xe8]y[0xb8]"[0xd7][0x82][0xe8][0x1c][0x5]JsP[0x9b]q[0x97][0x84][0xe0]SU[0xc][0x8d][0xb1][0xf][0x9d][0x1b][0x9b][0x83]&[0xcd][0x89][0xb]h[0xc4][0x8] [0xf6]t[0xb]?<[0x11]t[0xfc][0x4][0x96][0xc6][0xac]1x[0xc2][0x9c]8[0xbb][0x10][0x85]![0xf6][0xb4][0x3]Yt[0x3]=[[0xf][0x87][0xd7]L[0x88][0x1d]7[0x7][0xef],[0x86][0x86]#[0xf1][0x99]$[0x19]f{i[\n]"
17:11:37.955 [main] DEBUG org.apache.http.wire -  << "[0xea]U[0x11][0xc6]f[0xa0][0xa4]O[0x94]?Ac[0xa1]P[0x8b][0xf1][0xb4]d[0x8b]R[0xb3][0x8b][0x13][\r]-[0xb1]u[0x8c][0xcc]L[0x89][0x1d]F6'k[0x9e][0xb1][0xaa]4'-[0x11]6[0x9c][0x9b]\[0x86][0xba]v[0xda][0xd8][0x90][0xd8]9]s[0xd0]x[0xc][0xd4][0xa3][0xc4][0x87]p~AFjNf[0xa2][0x1][0xf8][0xe8]^,m[0x15][0xb][0xb]b[0xf7][0x84][0x99][0x83]F[0xa0][0xa0][0xf6][0x13][0xcc][0xa3]`?[0xc3]Z[0xe]X*Ycc"[0x8b][0x6]c3[0xa4][0xbe]=[0xee][0xc][0x9a][0x93]X[0x9c][0xb][0x9e]`[0x85][0x1d][0xba][0x84][0xad][0xfb]mfA[0xe4]T[0x89][0xb1][0x19][0xa8][0xc9][0x1][0xf5]+[0xf1]a[0x9d]][0x9a]W[0x92][0x91]X[0x94][0x8]]&[0x8f]ua[0x84][0xb1]1[0xc8]h"[0x12][0xb6]1r/[0x1c]O[0xc2]Fn[0xd2]$[0xa6]$[0x96]`[0xf3][0xb8][0x89]1h[0xf5]2q[0x96]"J[\r][0xd2][0xaa][0x82][0xd4][0x9c]L33l[0xd9][0xcb][0xd0][0x10][0xd4][0xad]&[0xce]rD{[0x8a][0xe4][0xd6]M[\n]"
17:11:37.955 [main] DEBUG org.apache.http.wire -  << "h[0xa2][0xa8][0xa8]$[0x1f][0x9b][0xff]M[0x89][0xdd][0x91]c[0xc]>l[\r][0x1a][0xf1]x[0x2][0x1d][0xbc]r[0x1d]>[0x2][0x80][0xbd][0xec]4"[0xf6][0xfc][0x19]c3[0xa4][0xce]8[0xf1][0xa9]-7[0xb1][0xa8]<[0xb1]$[0x11]6[0xb8][0x8f]%[0x93][0x99][0x99][0x10]Y1[0x19][0x83][0xcf]o[0x85]z[0x9b][0xe4][0x90][0xcf][0x80][0xec]_[0xc0][0x16][0xf0]fF[0xa0]Q[0x1d][0xa2][0xe2][0x1e][0xe9][0xc][0x1a][0xec][0xd5]UnbF*[0xe8][0xe8][0x9d][0x14]h[0xc5][0x8f][0xc5][0xc3][0x16][0xc6]D6y[0x8c][0xcd]@[0xad]][0xb2]=[0xc][0xbb][0xd4][0xc][0xda][0xee]A_[0xb8]bB[0xec][0xa1][0xe8][0xc6]f[0xa0][0x9e]0[0xd4][0x19]x[0x92][NbN&[0xa8][0x4][0xbe][0xda][0x7][[0x1e]3"[0xf6][0x80][0x14]c[0xe4][0x15][0xd8][0xd8][0x9b] e[0xb0][0x80][0x6]Mx[0xa2][0xc]m[0x1b][0x9b][0x13]9Ljl[0x86][0xb4][0xf8][0x17][0xbb]-E[0xd0][0xdd][0xa1][0xd8]|chL[0xe4][0xee]-c[0xf0]*?h[0xf8][0x11][0x9f]sR*A[0x93]U[0xe0][0xdb][0xe][0xb1][0xe][0xa3][0x19][0x1a][0x13]{^[0x9d]9[0xd2]]B[0xa4][0x15][0x97][0xa0][0x8d][0xe9][0xa0]i}[0x9c]'[0x3]Z[0x18][0x83]VV[0x11][0x91]u[0x8c][0xcc]A[0xeb]([0xa0][0x81][0x80]'[0x11][0xa5]%[0x16]e[0x94][0xe6][0x81][0xe][0x88][0xb1][0xb4][0xc0][0x96]W[0xcd][0x8d][0x88]_[0xb2]G[0xa8][0x19][[0x9c]Z[0x2]^[0xe7][0x4][0x9f]8G[[\n]"
17:11:37.955 [main] DEBUG org.apache.http.wire -  << "knI[0xec][0x1]Q[0xe6][0xa0][0xc1][0x1b][0xa8][0xe7][0xb0][0x97][0xb][0xf0][0xf3][0xdc]KsA[0xd7][0x95][0x80]Ga[0xd1]z\[0xc6]f[0xc4][0x8e][0xa6][0x99][0x83]ZCP[0xeb]p[0xb7]6@W[0x90]e[0xc0]Zt[0x90][0xf1];[0xf4]C[0x84][0xcc],AG[0x90][0x10][0x15]}[0xa0]~([0xd4]J[0xd2][0xd2]PEAiJ[0x16]l[0xde][0x1e][0xe2][0xc]l-<[0x3][0xd0][0xa6]w[0xa2]\B[0xd6][0xe6]1[0xd0]nT[0xd0][0x15][\r][0xd8][0x2][0xde][0x14][0xdc]h$[0xce]n[0xc4][0x10]1[0x9e]D[0xc][0x9e]m(O[0xcc]K/N44[0x3][0xcd][0xdd][0xa3][0xcc][0xa6][0x1b][0x1b][0x11];[0xf7]f[0x8e][0xb4]o[0x8c][0xe4][\n]"
17:11:37.955 [main] DEBUG org.apache.http.wire -  << "/'1/==5/[0x1d]:[0x89][0x85][0xa3][0xfa]7[0x5][0x95][0x81][0xc4]y[0x1d]1[0x88][0x8c][0xc7][0xeb][0x88][0xeb][0xe4] [0xeb][0x9][0xb0][0x95][0x9c][0xa6]D[0x1f][0x1d][0x2][0xae]0[0xa0][0xa9][0xe]wB/H[0xcc]K[0x7][0x9d]B[0xe][0x9e][[0x5][0x5]7[0xca][0xbe]Os#[0xd0]<[0x1f]q^D[0xc][0x1b]c[0xcf][0xc5][0xa0]kb[0xf3]`[0xb3]8[0xd8][0xaa]v[0xa2][0x87][0xa8][0xcd]A[0x95][0x7][0xd4]g[0xd8][0xeb][0x9e][0x92][0x8c][0xc4][0xa4][0xcc]$[0xac][0xb]_[0xcd]L[0x89][0x1d][0x9]7[0x7][0xad][0x11][0x84]ZC[0xb0];TT[\n]"
17:11:37.955 [main] DEBUG org.apache.http.wire -  << "[0xda][0x1b][0x87]8[0x8e][0x0][0xfd]fD[0xb]s[0xd0][0x12]7[0xe2]B[0x12][0xd1]F[0xc6][0xee][0xbb][0xdc][0xc4][0xbc][0xf4][0xd2][0xbc][0xe2][0xfc][0xbc][0xf4],[0xd0][0x98]2[0xe4][0x18]K[0xb4][0xcb][0xdd][0xc0][0x87]n[0x10]e[0x1f][0xd2]Jb[0x82][0xde][0xcc]M[0xcc][0xc9][0xcc]N[0x4][0xf][0x90][0x83][0x12][0xb][0xca][0x0][0xa3][0x91]9[0xb1][0xb][0xa7][0xcd][0x91][0xf6][0xa9]a[0xf7]"[0xa8][0xf9][0x9d][0x8][0x1a][0x80][0x87]-a[0xc6]2RbhL[0xbc]}[0x88][0xa2][0x87][0xb4][0x2][0x18]23[0x9f][0x91][0x98]V[0x9c][0x1][0x1a]R-[0xd1]C[0xab][0xe6][0x8c][0xcd]Ae;q[0xc1][0x8c][0x98]W&[0xcd][\r][0xe9][0x89]y[0xa9][0x5][0x86][0x86][0xd8][0xb]!C[0xa2]w[0xe6][0x99]#-[0xe8][0xc5]][0x1e]@[0xe][0x99]-(JL[0xc2][0xba][0xcc][0xd2][0xcc][0x9c][0xc8]~[0xa6][0x91]9[0xd2][0xc2]Y[0xd2][0xcb][0xdf][0xd4]|Xg[0xaf]4[0x5]3[0xcc]A[0x7],[0x12][0x17][0xe6][0x88][0xac][0x84][0xa7][0xdc]EZ/\[0x92]_[0x2][0x1a]8G[0xaf][0xeb][0xcd][0x8d][\r][0x88]<[0xeb][0x6][0xdc][0x80][0x86][0x16][0x1a][0xd8][0x93]6d[0x12][0x14]z[0xab][0x15][0xf6]H[0xb5][0x0]_[0x82]H[0x94][0xf]A[0xa5][\n]"
17:11:37.955 [main] DEBUG org.apache.http.wire -  << "[0xd4]:[0xec][0xc5]nYb^jq[0xa2][0x99][0x5]h[0x98][0x1a][0xa5]*52[0x1][0xe5]B[0xe2],Ad[0x1f][0x92][0xa3][0x12][0x94][0x94][0xf2][0xcb][0xf3][0xa1]]:[0xac]#&[0xe6][0xc6]D[0xf6]b[0x8d][0xcc]A[0x7]~B[0xbd]KZ&[0x2]M?[0xe5][0xc2][0xce][0xfb]A[`kD[0xf4][0x5]b[0xe6][0xa0][0xc1]R[0xa8][0xfd][0xd8]c[0xb7][0xb2]<1[0xa7][0xb4]2[0x1f][0xda]oD[0xdb]5eL[0xf4][0xad][0xce][0xe6][0xa0][0x5][0x8a]P[0x8b][0xf0][0xa4]\[0xe8][0x95]o[0xd0][0xdd]RPKQ[0x16]([0x98][0x1a][0x81][0x6][0x15][0x89][0x8b]eD[\r][0x8e][0xbb]|[0x80][0xb4]LJ[0xf2][0x91][0x1b][0xa6]X[0xca]f[0xb][0x3]P[0xbf][0x89]8k[0x11]][\r][0xe2];xY[0xa0]A1[0x1c][0xd7][0xb2][0x99][[0x12]][0xc3][0x83][0xb6][0x9f]@C[0x99]`[0xd5][0x97][0x91][0x98][0x9d][0x99][0xb][0xbd][0xb7][0x11][[0xef][0xca][0xc4][0x80][0xe8][0xe6] h[0xc][0x83]Xk[0x8b]3s[0xca]2[0x13]AMp[0xf0]M{X[0xc2][0xda][0xcc][0x8c][0xd8][0xcd][0xd9][0xe6]H[0xab]jqGqAiqAfIb[0x1e][0xe8][0x16][0x1]h[0x92]B[0x9e][0xdc]73$[0xba][0xf8]%n[0xf1]lFIbnA)[0xce]E(F[0x16][0xa0][0xc3][\n]"
17:11:37.955 [main] DEBUG org.apache.http.wire -  << "[0x88]JJ[0xa0][0xc9]qh[0xb8][0x12][0x9f][0x94][0xca][0x10][0xe7][0xf8]ckp[[0x10][0xbd]T[0xc4][0x1c]i[0x9]-[0xc1][0xd4]T[0x9c]Y[0x9c][0x9d][0x8]?|[0x14][0xa5][0x1d]ebJ[0xec][0xce]F[0xf0]y[0xff]${8[0xf]t[0xbd][0xb2][0x19][0xf8][0xe6]M[0xf4][0xf9]<s[0xf0]M[0xd4][0xc4][0x85]5[0xb9][0xcd][0x19][0xd8]y[0xc3][0xa0][0xf1][0x11]P][0x8b]V[0x18][0x9b][0x9b][0x13][0x1f][0xdd][0x88][0x2][0xb]{a\[0x81][0xb7][0xff]fj[0x2][0x1a]y [0xce][0xb3][0x88]2[0x8a]`[0xcc][0x96][0x16]df[0x1b]b=[0xf6][0xd1][0xd8][0x80][0xd8][0x83][0x8][0xcd]As'$Gl1[0xa2][0x3][0x9][0x1a][0xd9]C[0xaf]|L@u[\n]"
17:11:37.955 [main] DEBUG org.apache.http.wire -  << "q[0xde]E4[0x9b][0x8]z[0x17]4[0x96]X\[0x9e][0x8]j0[0xc2][0x8e][0xe6]*[0xc0]h&[0x13].[0x88]9[0xd2][0xf2]\[0x82]v[0x17]%[0xe6]&[0x9a][0xe2]8[0xab][0x8a][0xf8][0xc3]P[0xcc][0x91]V[0xe9][0x12]_l[0x80][0xcf]P[0x0][\r][0x13]@[0xae][0x82][0xc3]R.[0x1b][0x1a][0x82][0xe6][0xd3][0x88][\n]"
17:11:37.955 [main] DEBUG org.apache.http.wire -  << "p[0xd0][0xee][0xb]ht[0x13][0xf4]t[0x5]|[0x6][0x19][0xd4][0xa4][0xc3]2[0x1c]dh[0x2]j[0x14][0x12]g/bY[0x0][0xc9][\r][0xbb][0xec][0xc4][0xa2][0xe2]D[0xd8][0x6]mpw[0x17]e[0x8f][0x85]![0xf8][0xe0][0x1e][0xe2]\[0x81][0x18][0x1d]![0xad]Q[0x97][Z\[0x92][0x9f][0x96][0x98][0x93]X[0x92][0x99][0x86][0xad][0xec]61[0x4]m=&[0xce][\r][0x88][0xe2][0xc]{Y[0x92][0x8][0xea][0xfa]&[0xc2].[0xa5][0xc2][0x16][0xdd]D[0x9f]4d[0xe][0x9a] [0x84]F7[0x89][0x1e]N,*H,[0xcd]K[0x7][0xf7][0x1e]@[0x1d]p[0xb4]<n[\n]"
17:11:37.955 [main] DEBUG org.apache.http.wire -  << "[0xee]Y[0x13][0xe7]aD[0x91][0x86][0xbb])[0x0][0xba][0x13];[0xaf]$[0xb3]81[0xb7][0xb8]4[0x7][[0xa3][0xc7][0xd8][0x80][0xd8][0x15][0xa2][0xe6][0xa0]y"[0xa8][0xa7][0xb1][0xf7]T[0xd2]!G[0x1b][0x81]R5J}hn@[0xf4]P2h[0x1e][0x12]j[0x7][0xf6]X[0x4]]a[0x3][0xaa][0xfe]@[0xdb][0x82][0xb1][0xa6][0x18]Sbw([0x99]#[0xad][0xe7][0xc5][0xee][0x1f]P[0x97]#=1[0xa7]4/[0xbd][0xc][0xbc][0xf7][0x1b]{_[0xcf][0x10]|T[0x1e]QQ[0x86]4[0x89][0x88][0xc3]F[0xd0]u^[0xd9][0xa0][0xbd]H[0xd8][0xfc]flB[0xf4][0xa4][0x7]e[0x17]W@[0xd2]([0xe8]tul[0xce][0xb0]0'z=[0x4][0xd2][0x8c]!i[0xf9][0x4]<@[0x5][0xda]o[0x3][0xca]#[0x18][0xdb][0x1c][0xcc][0xc][0x88]nbP2[0x89][0x98][0x93]Z[0xc]:[0xfa]5+1[0x1d][0xeb][0xaa]G3[0x13][0xd0][0x8]5q[0x11][0x8f]([0x9c][0xf0]t[0x6]A[0x8d][0x9d][0xcc][0x2][0xd0]%:[0xc5][0xa5][0xc5]E8[0xee][0x8f]07[0x6][0xed]Q$[0xce]VD[0xf3][0x8a][0xf8]j[0xb1][0xa2][0x18][0xb4]^-[0xab]4[0xaf]$1[0x1b][0x14][0xf8][0xc8]=[0x7]s[0xf0]M[0x0][0xc4][0xd9][0x8d]([0x9d][0xf0][0xf8][0xb8][0x18]>CS[0xa2][0x87][0xd6][0x8c]43 r&[0xd3][0xc8][0x1c][0xb4][0xa2][0x1e]o[0xa1][0x1][0x19]LN[0x2][0x8d]G[0x82][0xf][0xef]Co5[0x1b][0x1a][0x83][0xd6][0xf][0x12][0xe7]/D[0xcb][\n]"
17:11:37.955 [main] DEBUG org.apache.http.wire -  << "G[0x1]U[0x90][0x98]gh[0x0]*[0x3][0xd1][0xe7][0x9c]M-A[0xbd]U[0xa2]l[0x1]m[0x8f][0x83][0xfa][0x88][0xb4]|[0x93][0x2][0xee][0xe4]b+[0xe8][0x8d][0xc0][0x13][0xbe][0xc4][0xd9][0x8e][0xb8][0xc6][0x2]w[0xcd][0x2][0xbd]x[0xdb][0xc2][0x2]{[0xa9]hdIt[0xdb][0x1c][0xd4]Y[0x82]z[0x16]OR[0x1]MF[0x83]NTE[0xbf][0xad][0x97][0xe8]&[0x1a][0xe8][0xc8]&[0xa8]5[0xb8]}[0x5]>[0xb9][0xc5][0x2]|[0xac][0x16][0xca]9[0xc8]&[0xa6][0xa0][0xc1]W[0xe2]B[0xf][0xd1][0x18]">[0xd7]AFe[0x12]AGZb[0xe4][0x4][0x13]K[0xd0][0x19]t[0xc4][0xd9][0x8d](g[0x8]6C+a#0X[0xa6]r[0x8c]LA[0x87][0xfe][0x10]g%[0xa2][0x90][0xc1]^[0xa7][0x81][0xac][0x81],[0xe8][0x86].[0x8b][0xc7][0xd2][0xf4]2%z/[0x5][0xf8][0xda]"h4[0x12][0x1f][0xbc]Y[0xd0]C[0xcc]@[0xd9][0x12][0xa5]iB[0xfc][0x6]6s[0xd0]d1[0xd4]b[0xd2][0xf2]$tQw~[0x1e][0xec]bf[0x94]Q\c[0x13][0xd0][0x96][0x6][0xe2][0x82][0x9a]P[0xd9][0x93][0x97]X[0x92][0x98][0x93][0x89][0xe3][0x84])#[0xe2]g:@.[0x82]z[0x95]`2J[0xc9]L[0xcc]K[0xcb],[0x2]][0x15][0x91]_[0x4]>[0xb]"
17:11:37.955 [main] DEBUG org.apache.http.wire -  << "[\r][\n]"
17:11:37.964 [main] DEBUG org.apache.http.wire -  << "393[\r][\n]"
17:11:37.964 [main] DEBUG org.apache.http.wire -  << "[0xf]m[0x86][0x85][0xe8][0xc5]eF[0xe6]H[-H[0xee][0xcd]@[0x87][0xa9][0xf3]2+A[0xd5]5[0xd6]aj[0xb]3[0xa2][0xb]`[0xd0][0xf2]obC[0x0][0x1c][0xbf])[0x99][0xb9][0x89]E[0xa0]c[0xdc]@u&Z[0x8][0x98][[0x82]F[0x3][0x88][0x8a]b[0xd0]8:[0xd4][0xde][0xe0][0xfc][0xbc]J[0x85][0x80]`S[0x8c]kQ[0xb]r[0x12]+[0x15]2[0x12][0x8b][0x15][0xf2][0xf2][0x15]r2s3K[0x8a][0x11][0xbb]u[0x8d][0x88][0xdd][0x8f]i[0xe][0xca][0xe0]P[0x9b][0x88][0xcf]G[0xf0][0xee]rIf"[0xfc]R[\n]"
17:11:37.964 [main] DEBUG org.apache.http.wire -  << "[0x94][0xe4]lA[0xfc]:[0xe][0xd0]Z[0x16][0xa8][0xb]p[0x17][0xc8][0xa0][0xeb]m[0xf3][0xc]-[0xb1]W2[0x86][0xe0][0xf1]P[0xe2][0x2][0x16]QL[0x91][0x9c][0xb4][0xf2][0xa1]GN[0xe1]X[0xc9]nd[0x8]Z[0xdf]L[0x9c]+[0x10][0xad]"[0xec][0xad][0x7]p[0xdb][0x1f]~[0x95]1[0xda][0x1a][0x19][0x13][0x3]P[0x90][0x11]g[0x11]b[0x8d]([0xf6]R[0x19][0xd4][0xaf][0xc9][0xb0]4[0x2][0xa5]V[0xe4][0x16][0x9e][0x5][0xd1][0x97][0xe9][0x9a][0x83]R[0x1a]4[0xfa]H[0xe][0xd1][0xbc][0xc4][0xa4][0xc4]$[0xd0][0xe5]2[0xa5]i[0x90][0x93][0x96][0xd0]|jn@[0xec]ix[0x16][0xa0][0xbb][0xb3][0xa1][0xce] >[0x1d]#]WQ[\n]"
17:11:37.964 [main] DEBUG org.apache.http.wire -  << ">[0xe6][0x9][0x91][0x83][0xcc][\r]Ay[0x9f][0x98]@[0xb6][0x0]-[0xda][0x81]Z[0x8d][0xa7][0xe1][0x92][\r][0xde]x[0x8b][0xf5]t[0x14][0xb]C[0xd0]Q[\n]"
17:11:37.964 [main] DEBUG org.apache.http.wire -  << "[0xc4][0xd9]E[0xc1][0xc][0x1e][0xe8]r[[0xd0]qJy[0xe9][0xd0][0xd9][0x0][0xd4][0x1b]3[0xcd][0x88]][o[0x1][0x9a]C[0x85]z[0x98]`[0xbd][0x0]*[0x8f]K[0x11][0x17]Z[0x80][0x12][0x1a][0x8a][0xb5][0x16][0x16][0xa0][0xd2][0x9e]8[0xbf]#ZT$[0xa7][0xb4][0x14][0xd0])VH[0xf5][0x13][0xd6][0x8a][0xc1][0x88][0xe8]cM,@[0xb3]b[0xd0] [0xc0][0x13][0xe7][0xe0];[0x17]L[0xcd][0xb0][0x97]Z[0x16][0xc6][0xc4]n[0x9c][0x0]/[0x15][0x82][0xda]F|[0xe2][0xce]N[0xcd]M[0x82]of[0xc0][0xd2][0xd8]2#[0xfa]:[0x1d][0xb][0xd0][0xd8][0x10][0xd4]~<[0xbe]MKM[0xca][0x4][0xcd][0xc1][0xe4]W[0xe2]X[0xda]M[0xec][0x92]/[0xb]P[0x9f][0x1]j[0x1f][0xc9]1][\n]"
17:11:37.964 [main] DEBUG org.apache.http.wire -  << "[0xea]>'[0xe6][0x81][0xd7][0xd2][0xa0]w[0xbd][0xcc]L[0x88][0xf]rD#[0x8b][0xb4]f^riybf1[0xb6][0xae][0x97][0xb9]![0xa8]Z'*[0xa9][0x83][0x9c][0x9][\r][0x0][0x82]9,[0xbf]<3[0x9]t[0xfc]0[0x96][0xf6][0xbb][0x5][0xd1][0xb7]d[ [0xdd][0xf3][0x80][0xbd][0xa6][0x0]o[0xfc],[0xce][0xcf],[0xc1]:[0x16]D[0xf4]P[0xb5][0x5]h[0x8e][0x13][0xea]5[0xec]u_1tSFr[0x99][0x1e][0xc6][0x88][0x8f][0x11][0xd1][0xf7][0xca]Y[0x80]*c[0xa8]=x[0xd2]l!t[0x9a][0x1f][0xed][0xf6][0x15]C[0xa2]'[0xaf][0xc0][0xf7][0xc]C[0xed][0xc1][0xdd]|I,J[0x7][0x1d][0xe8][0x7][0xbd]\[0x12]k[0xe1]c[0x1][0xde][0xbc]HT[0xea]@:[0xb5][0x9f][0xb4][0xb4][0x99][0x95]XT[0x9e]ij[0xe]-[0xfe]Q[0x1a]l&[0xe6][0xa0]QI[0xe2][0xac][0xa7]`[0xb2]![0xaf](1#[0x13]ti [0xd6]007!v[0xb0][0xc7][0x2][0xb4]|[0x9][0x1a][0xec][0x4]s[0x8][0xb4][0xdd][0x96][0xf]9F[0xb0][0x0]c![0x92][0xb9]![0xb1]3[0xfe][0x16][0xa0]Qe[0xa8][0xb5][0xc4][0x97][0xc4][0xa0][0xa3][0x3]MqlI41&[0xba][0xfe]3B[0xb4]][0xb1]gQ[0xd0][0x95][0x1f][0x89][0x99]%[0xa0]9C[0xf4][0xa1]-[0xb]#[0xa2][0x9b][0x18]H[0x8b]2I.|+K[0x8b]K[0xd3][0xc0]G[0xef]b[0xaf][0xf3][0x88]o#[ -[0xda][0xc4][0x93][0xd3]a[0x17][0x9b]a[0xc6][0xaa][0xb1]1[0xf1][0x89][0x9]Q[0xd8][0x13][0x1f][0xab][0xa0]a[0xe9][0xca][0xc4][0xc][0xd0]>[0xe9][0xc4][0x12]P[0xbb][0x6][0xad][0xbb]g[0x8][0xbe][0xc2][0x8c][0xa8][0x1c][0x85][0xb4]r[0x93][0xb4][0xc][\r])[0xfa][0xb3][0x12][0xf3]R[0xc1].@[0x19][0xd3]03 [0xba]A[0x7]Z@[0x6]M[0xd5]$Gyv"[0xe8][0x8c][0x8c]<[0x13][0xec];[0x15][0xcc][0x89]n[0xc0][0x83][0xf6]P@[0xdd]@0Cg'[0x82][0xa6][0x98]pu[0x7][0xcd][0xc0][0xd7]q[0x11][0x17][0xf0][0x88]&%[0xf6][0xca][0x8][0xd4][0xef],[0xb2]0[0xc2]V[0x9d][0x9b][0x18][0x82]vs[0x10]g[\r]b<[0xe]OZ[0x6][0x1f]4[0x9a][0x92][0x9][0xde];[0x85][0xa3][0x8f]iaL[0xec][0xdc][0xbf][0x5]h[0xa0][0x12][0x1a][0x9e][0xb8][0xeb][0xa5][0xec][0xc4][0xa2][0xbc]D[0x9c]c[0xc5][0x16]8[0x2][0x12][0x0][0x0][0x0][0xff][0xff]"
17:11:37.964 [main] DEBUG org.apache.http.wire -  << "[\r][\n]"
17:11:37.964 [main] DEBUG org.apache.http.wire -  << "346[\r][\n]"
17:11:37.964 [main] DEBUG org.apache.http.wire -  << "*[0xca]L-V[0xb2][0x8a][0x8e][0xad][0xd5][0xa9]V[0xf2]tQ[0xb2]25[0xb2][0x0]%5[0xa8]mx[0x2][0xd2][0x10][0xeb]qGF[0xa6][0xc4][0xae][0xff][0xb5][0x0][0xe5]h[0xa8]5[0xa4]e[0x94][0xfc][0xaa]J[0xd0]4[0x1e][0x8e][0x83]+L[0x89][0xef][0xec][0x81][0xa6][0xe4][0xa1].[0xc0]^[0x8]'[0x95][0x82][0xc6][0x80][0xf2][0xb2][0x13][0x8b]R[0xb1]v[0xf6][0x8c][0x8d][0x89]=[0xac][0x18][0xbc][0x7][0x16]j[0x17][0xc9][0xd9][0x12][0xbc][0x1][0xf]q[0xce]?[0xd6][0xea][0xd6][0xd0][0x82][0xd8][0x89]D[0xb][0xa4][0xf5][0x9a][0x4]sg[0x5][0xd2][0x19][0x95][0x90][0xbd].(=>[0xe2][0xef][0x12][0x4][0xdf][0x94]En[0x0][0x80]v[0xfd][0x80][0x16][0x16][0x16][0x94]`6#[0xcd][0x88][0xdd]}hd[0x1][0xca]oP'`[0x8f]o[0xd0][0xa9][0xab][0xe0][0xeb][0xbe][0xa0][0x87][0x1d]`[0xaf][0xf8],[0xc][0x89]=[0x14][0xc9][0x2][0xb4][0x1][\n]"
17:11:37.964 [main] DEBUG org.apache.http.wire -  << "j#[0xc9][0xb1]^[0xc][0x9a]8N[0xcc][0x80]^[[0x81][0xdd])[0x86][0x86][0xc4][0x9e][0xb8]`[0x1][0x9a]b[0x84]:[0x85][0xb4][0xec]V[0x9e][0x93]XU[\n]"
17:11:37.964 [main] DEBUG org.apache.http.wire -  << "[0x9a][0x9f][0x87]65Q[0x96][0xb2][0x9a][0x11]}:[0x9d][0x5]h[0xa0][0x16][0xea][0x0][0xec][0xc5]J%[0xf4][0x0]#[0xa8]=[0xe8][0xeb][0xbd]ML@[0xb3]JD[0x95][0xd1]Hk9I[0xe][0xf6][0xb2][0xcc][0xbc][0xe2][0xd4]<[0xd0][0xa1][0xbf][0xe0]Q$[0x94][0xf5]3[0xc6]D[0x9f]yo[0x81][0xb4][0xaa][0x93]d'@[0x17][0xf0][0xa4]'[0xe6][0x82]Nx[0x3][0xad][0xc7]C[0xdd][0x0]d[0x9][0x1a][0xb1] * [0x90][0x16]{bO[0xf1][0xa9][0xb9][0x89][0xc5]HK=[0xb1][0x16]-&[0x86][0xc4]N[0x8a][ -[0xf6][0xc4]]Q[0x15]'[0xe6]f&f[0xc0]7[0x10]bO[0xd9]&[0xc6][0xa0][0xce]%q[0x9e]D[0xf4]a[0x8][0x96]g[0xc9]y[0xa5][0xe9]E[0xf9][0x19][0xf9][0xa0]6[0x1e][0xda][0xcd][0xe3]&F[0xc4].Q[0xb6][0x0][0xb5][0xbf][0xa1]I[0x99][0xe4][0xc8][0xcd]LK40[0x6]5[0xeb][0xd1]&[0xc7]M[0xc]A[0x9b] [0x89][0xf3]0QM[0x10][0xf0].PK[0xac][0x87][0x3][0x18][0x1b][0x12];[0xea][0xc]>V[0x13][0xea]U[0xec][0xb9]6[0x9][0xb1]-[0xbb][0x4][0xe3]l,[0x13][0xa2][0xf7]3X[0x80][0xca]T[0xa8]Ex[0xda]U9[0xd0][0x86][0x15][0xb6][0x81][0xb]C[0xf0]1[0x2][0xc4][0x85] b,[0x1d][0x87][0xaf][0x12][0xb3]3S2[0xf3][0x10][0x13][0x9d][0xa0][0x18][0xc3]([0x91][0x8c][0x89]=[0xb1][0xe]<<[0x7][0xf5][0x1d][0xc1]4[\n]"
17:11:37.964 [main] DEBUG org.apache.http.wire -  << "[0xbe][0x8b][0xc2][0x18]|[0xea]8[0xda][0x18][0xba]1[0xd1]7[0xf4][0x81][0x8b]e[0xa8][0x85][0xc4]w[0x83]`[0xb7][0x14][0x80][0xcf]X[0xc0][0xd6]N6%[0xfa][0x86]O[0xf0][0xe0][0xe][0xd4][0x1][0xd8][0x8b][0x9e][0x9c][0xd2][0xcc]b[0xa4]Q[0xdc][0x82][0x14][0xd4][0xbb]c[0x89]_[0x92]d[0x81][0xb4]R[0x13]w[0xa9][0x3]>[0x8a][0x6][0xba]8[0x11]{[0x91]cL|[0x83][0x1c][0xb4][0x3][0x13][0xaf][0xe7]*[0xa1][0xd3]![0xa0][0xc2][0x1b][0xfd][0xc4]-[0xb][0xe2][0xb][0x1a][0xa4]SX[0x88][0x8f]E[0xc8][0xc1][0x10][0xa5])8V[0x1b]Y[0x98][0x82]Z%De[0x13]3DA[0x83]=[0xe][0xa1][0x9b]\[0x8c][0x8c][0xa0]u6z[0xb7][0xd9][0x10][0xb4][0xea][0x85]([0xab]@u;4DIk[0x9e]d[0xc0]O[0xcf]M.[0x3][0x1d][0xb4][0x8d]Ra[0x9b][0x11][0xbd][0xae][0xcd][0x2]i-[0x9][0xf6]"[0x1]t[0xdb]A^[0xa2][0xa9][0x5][0xa8][0xea]@9[0xa0][0xc1][0xd4][0x2][0x14]M[0xc4][0xf9][0x12][0x11][0xa0][0xd8]-[0x1][0xcd]m[0xe4]ef'[0xa6]d&[0x16]e[0xe1][0x88]@[0x13][0xa2]O2[0xb3][0x0]-[0xd2][0x84][0x86]*[0xf1][0xe9][0xa7][0xa0][0xb4][0xa4][0xd4][0x1c][0xc7][\n]"
17:11:37.964 [main] DEBUG org.apache.http.wire -  << "n3cb7[0x9a]X [0x9d]"I[0xbc][0xdd][0x90][0x5]][0xb0][0xcc][0x83]m[0xd8][0xd8][0x94][0xe8]s[0xbf][0xc0]w[0x8e]A}[0x8f][0xa7]JI[0xcd][0xc9][0xcf]3[0x6][0xef]jGie[0x99][0x1a][0x11][0xdd][0x0][0x1][0x8d][0xfa]A[0xed]![0xde][0xa7]U[0xa5]9[0xe0][0x1e]{f^ni[0x1e][0xf6]][0xd1][0xc6][0xa0][0x9d]mD[0xa5]+[0xd0][0xfc]&[0xd4][0x5][0x4][0xab][0x97][0xcc][0xbc]D[0xd8][0xc1][0xe0]H3I[0x0][0x0][0x0][0x0][0xff][0xff]"
17:11:37.964 [main] DEBUG org.apache.http.wire -  << "[\r][\n]"
17:11:38.016 [main] DEBUG org.apache.http.wire -  << "1927[\r][\n]"
17:11:38.016 [main] DEBUG org.apache.http.wire -  << "R[\n]"
17:11:38.016 [main] DEBUG org.apache.http.wire -  << "([0xca]LNU[0xb2]22[0x6][0xcd][0x1e][0x10]g)[0xa2][0xdd]Er+[0x8]z[0xe]k>[0xf4]Z[0x0][0xd0]"[0x9e][0xa4][0xcc]*[0x94][0xbc]kL[0xf4][0xf1][0xd0][0x16]H[0xb][0x1f][0xf0]DtvqbNbFiJf[0x1e][0xa8]2G/[0x95][\r]M-[0xcd]t[0x94][0x88][0xf3]8[0xa1]\[0x9c][0x9][0x9f][0xb7][0x2][0x1f][0xcf][0x80][0xd6][0xd0][0xb4]0[0x4][0xed][0xa7] [0xce]&B[0xc3][0xc4][0xa0][0xab][0x83]s[0x13][0xf3],[0xc0][0xb3][0xfe](C[0x86][0xc6]fD[0xf][0x8] [0x1d][0x14]JrDf[0xc2][0x1b][0xd4][0xe8][0xd7]S[0x9b][0x82][0x86]W[0x88][0xf3]%[0xa2]5F0[0xf5]&[0x96][0xe4]&f%[0x1a]@[0xfd][0x8b][0x9a]`[0x88]>[0xac][0xd8][0x82][0x92][0x85][0xe][0xa0][0xb8][0x5]-[0xe9][0xc5][0xbd][0x0][0xdf][0x94][0xe8]eY[0x96]HK[0x1d]H[0xab][0xf6][0xc0][0x1b][0xd0][0x8d]-[0xb0][0xb5][0x83]M[0x8d]A[0xab]g[0x89][0x9]yK[0xa4][0xe5][0xe][0xb8][N[0xc5][0xe0]u[0xa1][0x16]8&=L-[0x88][0xed]6Y[0x82]6~[0x10][JA[0xf6]&[0x83][0xd7]Pf[0xe1][0x1a]@[0xb5][0x4][0x8d]d[0x11][0xe7]OD[0x8e][0xc5]S@[0xc0][0x97]Ob[0xed][0x6][0x1b][0x99][0x81][0x9a][0x8][0xc4]Y[0x87][0xc8][0xb6][0xb8][0x83]59[0x15]tq[0xb3][0xb9]![0xb4][0xe9][0x84][0xd6][0xd4]71"[0xb6][0x93]o[0x89]t~[0xc][0xc1][0xec][0x93][0x91][0x98][0x97]h[0x6][0xce]<[0xe8][0xb3]J[0xe6][0x86][0xa0]%[0x82]Dy[0xf][0xb4]c[0xe][0x1a][0x8f][0xd8][0x9b][0x85][0x5][0xa0]M`)[0x89]8[0xae][0x92]7[0x7][0x9f][0xb1]G[0x94]M[0xa0][0x82][0x12][0xaf]M[0xe0]cu[\r]p,X[0xb6]0[0x0][0xed]o![0xce]"D][0x86]'[0x81][0x80]v[0xe1][0x82][0xef]`,K-[0xca][0x7]U"h[0x91]fh[\n]"
17:11:38.016 [main] DEBUG org.apache.http.wire -  << "*J[0x89][0xb3][0x10]1[[0x81]=[0xc]+[0xe1]w[0x85]`[0xeb][0x88][0x91][0x12][0x86][0x88][0xb4]Or[0xe9][0x9e][0x9e][0x98][0x93]Xdi[0x88][0xd5][0x5][0xc6][0xa0][0x1e];q~Ed[0x7][0xd2][\n]"
17:11:38.016 [main] DEBUG org.apache.http.wire -  << "[0xb9]T[0xd0]8?x[0x9d]BA[\n]"
17:11:38.016 [main] DEBUG org.apache.http.wire -  << "[0xc6]I[0xbb][0xe6]f[0xc4].[0xc1][0xb4][0x0]m[0x5][0x80]&[0xa3][0x80][0xd2][0xa4][0x9c][0xcc][0xe2][0x8c][0xcc][0xbc]t[0x85][0xa2][0xcc][0xf4][0x8c][0x92]b[0x85][0xdc][0xc4][0xbc][0xc4][0xf4][0xd4]"[0x8c]5[0x99][0x85][0xa0][0xb3][0x84][0xb1][0xee][0x12]1%[0xfa][0x1c]-[0xf0]1[0x9f]P[0x9b]=[0x8b][0x8a][0x13]S0l[0x81][0xee][0xe6][0x2][0xef][0x1f][0xc4][0xde]-5'~[0x94][0x1][0xe9]<_<[0xa9][0xb8](3[0x1b]t[0xe]>[0xf8][0x9e]k[0xc8][0xe5]D([0xd5][0xa8][0x91][0x9]h[0x83][\r]1[0x11]k[0x81]t[0x8a]/[0xc9]I+931?)[0x15]t# h[0x9c][0x1b][0xd4]OF[0x19]X64%zF[0xe]t[0xda][0xb]4[0x8c]IK^[0xa0][0xa6]K"[0xe8][0xe8][0xd0][0xdc]DPa[0x85]%[0x8d][0x99][0x18][0x80][0x9a][0x96][0xc4][0x85][0x5]b[0x1d]([0xee]2?#[0xbb][0xb4]8[0x17]<[0xc3][0x80]-K[0x99][0x99][0x80]v[0xbd][0x12]g[0x1b][0xa2][0xc9][0x84][0xbd][0xf8][0xa8][0x80]T[0xa0][0xd0][0xca][0x5][0xbd][0xb1]k[0x6]>[0xd6][0x96]([0x9b][0x90][0xe][0xdf][0xc5][0x9e][0x82][0x8b]As[0x8e]9[0x89])[0x89]I[0xa5][0xd9][0xd9]X[0xaf]Q[0xb2]0'[0xba][0xd3][0x8][0xda][0xfa][0x1][0x8d]K[0x82]uYIfQIbebq[0xa2][0x89]9[0xa8],F[0xef]?[0x18][0x81][0x97][0xb3][0x12][0xe7]GDh[0xe2][0xc9]7[0x89])[0x99][0xd9][0x89]E[0x89]H3b[0x98]Wn[0x99][0x1a][0x81][0x96]{[0x11]e)[0xd2][0x86]S[0xec][0x1][0x9b][0x8][[0xf][0x81][0xb1][0x9e][0xd5][0x84][0xe8]>[0x1a]h6[0x16][0x1a][0x9e][0xa4][0xe5][0x8d][0xe2][0xd2][0xc4][0xa2][0x92][0xcc][0xbc][0xcc][0x82][0xc4][0xbc][0x94]Rl[0x89][0xd5][0x90][0xf8][0xde])[0xa8][0x16][0x86]:[0x2]w[0xd6]()M[0x7][0xed]R+(J[0xcc]N,N[0x4]E(z[0xa2]51[0x5][0xed][0xd7] .l[0xc9]Y[0x4][0x2][0x1b][0xfd][0x4][0x95][0x8f] [0xfb][0xd1][H[0xa6][0xc6][0xa0][0x6],Q[0xf6]#[0xed]C[0xc5][0x1e][0xb7])[0x89]E%[0xf9]y[0xf9][0x6][0x16] [0x8b][0xd0]6[0xc][0x9b]X[0x82][0x16][0x85][0x11]g[0xf]b[[0x17][0xf1][0x15][vjfqF[0xa2])[0x8e][0xb]x[0x8d][0xc1][0xab][0xed][0x88][0xb3][0x9d][0x82][0x5][0xcc][0xe9][0xa0][0xed][0xa0][0x89][0xa0]b[0x1f]}T[0xdd][0xc2][0x18][0xb4][0x84][0x85]8[0x7] Zm[0xd8][0x83][0x19]4m[0x9][0xda]V\[0x2]:[0xd8][0x1d][0xcb][0xa2]J[0x13][0x13][0xd0][0xee]d[0xe2][0xec]B4[0xd8][0x88][0xf]j[0xd0][0xb9][0x13]F[0x90]k[0x17]P[0x8f][0x82]31[0x5]5m[0x89][0xb3][0x18][0xd1]~[0xc3][0xee][0xc9][0xac]DPO[0xc2][0x14]k+[0xcd][0xc4][0x9c][0xe8][0xb1]IP[0x19][\r][0xcd][0xa5][0xd8][0xab][0x14][0xd0][0xb5]|[0x86][0xc6][0xd0][0x1a][0x5]=s[0x98][0x80][0x17][0x83][0x12][0xe7]!DM[0x89][0xdd]C[0xe9][0xb0]s[0xc6] +[0xe]P[0xd6]6[0x9a][0x99][0x10][0x9f]9[0x88]+[0xd5][0xb3]R[0xf3][0xd2][\r][0xb1]N[0x93][0x19][0x1a][0x83]F[0xa5][0x89][0xf3][0x13][0xa2][0xc0]![0xb9]%[0x4][0x1e][0xc0]N[0xc9][0x4][0x5]m[0x8a][0x1e][0xda]X[0x91][0x99]9[0xd1][0xde][0x5][\r][0xb5]C[0xe3][0x8f]`[0xd5]Y[0x6]>[0xac][0x0]tz[0x1e]t[0x80][\n]"
17:11:38.016 [main] DEBUG org.apache.http.wire -  << "i[0x4][0xd0][0xdc][0x98][0xd8][0xbd][0xe0][0x16][0xa0][0xa5][0x96]P+[0x89][0xcf][0x13])[0x99][0xe9])[0x89][0x95][0x89][0xc6]&[0xd0][0x94][0x84][0xe6]cS[0x3][0xa2]g[0x9b]A[0x3]\P[0xeb][0xb1][0xa7]XX%[0x96]S[0x9a]S[\n]"
17:11:38.016 [main] DEBUG org.apache.http.wire -  << "[0xbe][0xca][0xf][0xa3][0xac][0x1][0x9f][0x18]@T[0xc][0x83]F9[0xf0]Z[0x96][0x8]:[0x4]?[0xb3]2?'1[0xf][0xd7][0xd4][0x8b][0xb1][0xb1][0xb9]9[0x91]c[0x8c][0xa0][0xaa][0xe]j[0x1d][0x9e]&[0x9][0xe8],c[0xd0]bd[0xc8]E[0xcc][0xd0][0x0]E[0xef][0x94][0x12][0xdd][0x9e][0xb7]4@[0x94][0xa7]$[0xa7][0xe2][0xe2][0x8c][0xc4][0xe2][0xe2][0xc4][0xbc]D[0xac]w{[0x9b]Y[0x12][[0xdc]Y"[0xdd]s[0x83][0xbb][0xb1][0x90][0x99][0x92]XZ[0x9c][0x8]Z{[0x8c]e[0x8][0xdb][0xc4][0x4][0x94].[0x89][0x89]TK[0xa4][0xcd][0x10][0xa4]5[0x8f][0xd2][0x13]K[0xf2]K,p[0x9c][0xff]hjAl4[0x83]wTC[0xa3][0x19]{YX[0x5]:[0xae] #[0xbf]([0x11]<h[0x8d]>[0xbf][0x6][0x9e][0xb5]"[0xce][0xa7][0x88][0x2][\n]"
17:11:38.016 [main] DEBUG org.apache.http.wire -  << "oz*[0xc9]L[0x84][0xde]![0xe]MMX[0xe][0xb3]13[0x2]u[\n]"
17:11:38.016 [main] DEBUG org.apache.http.wire -  << "[0x88][0xb2][0x16][0xa9][0xe7][0x8d][0xdd][0xa0][0x11][0x86][0xbc]t#[0xac][0x8b][0x9][\r][0x89][0xbe][0xab][0xdc][0x12][0xd4][0xea][0x86][0x86]#i[0x11][0x99][0x94][0x98][0x93][0x98][0x9b][\n]"
17:11:38.016 [main] DEBUG org.apache.http.wire -  << "[0xda][0xea][\n]"
17:11:38.016 [main] DEBUG org.apache.http.wire -  << "[0xda][0xfd][0x88]u[0xe0][0xcf][0xc2][0x82][0xd8]2[0xd8][0x12][0xb4][0x84][0x3][0xea][0xc][0x92]3P[0x5](3[0x83][0xe]&[0xc7][0xd2]N13#vr[0xc2][0x12][0xd4]5[0x80]:[0x81][0xb4][0x90]H[0x86][0xb5][0xb1][0xb5][0xf6][0x8d][0x89]^^h[0x89]4[0x8]A|[0xa5]P[0x96][0x99]\[0x92]_[0x94][0x99]hf[0x9]Mv[0x18][0xdb]E[0xcc][0xc][0x88]=4[0xd1][0x12]iX[0x2]{[0xa2][0xcb]J,[0xc9]44[0xc4]:vn[0x2]:"[0x95][0xb8][0xa4][0x8d][0x18][0xd5][0xc2]]P[0x81][0x87][0xce]K[0x12]M[0xb0][0xb7]/[0xcc][0x89][0x9d][0x89][0xb7][0x4][0xdd][0xa4][0xb][0x8d]U[0x82][0x95]{.l[0x1d][0x1d][0x96][0x84]dLBZF4[0x9f]HN[0xcb][0x90]\[\r][0xda]+[0x91]X[0x4][0x9a][0xdb][0xc3]R[0x88][0x98][0x9b][0x80][0xae][0x13]#.[0xa4][0x11]e[0x17]iI[0x1a]^v[0x82]ry^z:[0x8e][0x9]uC[0xa2][0xf7]lZ"[0xed]D"9PJR[0xd3]K3`g{c[0x1f][0xeb]33[0x2][0x1d][0xaf]CT[0xa0][0x80][0xca]$h[0x8a] [0xd9]%i[0xc8][0x7][0xc2]`-[0xf3]L-@[0xc3][0x13][0xc4]9[0x4][0xd1]h >[0xbf][0xc3][0x8b][0xdc][0x82][0xc4][0xd2][0x9c][0xcc]<h[0xa6]G[0xab][0xde],[0x8c]@[0xeb][0x17][0x88]s[0x4][0xa2]wFZ[0x12][0x1][0xcd]'[0xe6][0x82]Zl[0xc5][0x89]EXg[0xe1][\r]MA[0xd3][0xfb][0xc4]9[0x82]PO-%1%[0x13]~[0xb0]1[0xb6][0xe2][0xc7][0xcc][0x4]Ta[0x12]g[0x19][0xa2][0xf8]![0xd1][0xc7][0xc5]%[0xa5][0xa0]3QJ2[0xf3][0xb0]9[0x81][0xf8][0xe3]&-[0x91]v[0x17]a/g[0x93][0x12]A[0xc7][0xf][0xa6]d[0x9a][0x99][0x82][0x86]90[0xc6]s[0xc0]7[0x12][0xe7]YDY[0x84][0xbd][0xa5]_[0x8a][0xb8]\[0x16][0xcb][0x15][0x9d]FD[0x9f][0xe7][0x5]>[0x97][0x5][0x9a][0xad]p[0x97][0xea])[0x99][0x89][0x19]f[0xa6][0xa0][0x85]@[0xe8][0xbb]R[0x8d][\r]A3[0xba]D[0xf9][0x9]i[0xa3][0x10][0xc1]"=5[0xa5]<[0xb1]([0x5][0xfb][0xf5][0xd6][0xe6][0x6][0xa0]U[0xb7][0xc4]Y[0x89][0x18].[0xc2][0x1e]aE[0x89]Y[0x89]%[0x89][0x99]E[0xe5][0x89]X[0xf7];[0x98]Z[0x82]V[0x91][0x13]g[0x15]bl[0x88][0xb0][0xef][0xb2][0xf3][0x91]v[0x95][0xa3]m[0xdf]4[0xb6][0x4]-[0xa5]&[0xce]NDI[0x84][0xa7][0x8d][[0x9c]X[0x0][0x1a]z[0xcb])-O,[0xc2][0x96][0x1][0xc][0x89][0x1e][0x1b][0xb7][0x4][0xb5]H[0xa0][0x89][0x85][0xe4]2[0x18][0xba]y2[0xb1]*1'[0x15]<[0xe][0x86][0xb2][0xa6][0xcc][0x8]\[0xe3][0x13][0xe7]kD[0xa9][0x83][0xc7][0xd7][0x99][0x19][0xc5][0x89]y[0x6][0x6][0xa0][0x1]7[0xb4][0xe1]F#[0x13][0xd0][0xc8][0xf]qV![0xca][0x1c][0x92][0xfd][0xb]:K[0xa5]4%[0x13][0xb6][0x9d][0xa1][0x0][0xf3]"]C[0xf0][0xbd]>[0xc4]9[0x4]1[0x84][0x84][0xc7][0xcf]I[0x89][0x19][0xa0]H[0xce][0x3]/[0x17]I[0xd1]C[0x1f][0xb2]22[0x6][\r][0xd3][0x12]g[0x1f][0xa2][0xfc][0xc1]]*[0xe4]A.&[0x0][0x5]1[0xfa]\[0x84][0xb9][0x19][0xb1]3;[0x96]H[0xbb][0xaf]p[0x14]u%[0xa0][0x13]V[0xb1][0x1e]fkB[0xf4]an[0x96]H[0xbb][0xaf]p[0xfb][0x8]t[0xb4]6[0xf8]lK[0xac][0xf9][0xc4][0x8][0xb4][0xe][0x80][0xa8][0xe0][0x3][0xad][0x4][0x82][0xe6][0x13][0xd2][0xea]*[0xf0]r[0xc0]L[0xd0],0[0xe8]p[0x93][0xbc]tl][0x13]s[0xb][0xd0][0xfc][0x2]q[0xee]@[0x14]J[0xc4]7U[0xc0][0x8b][0xe5]R[0x12]3[0x92]@[0xe7]}co[0xb6][0x99][0x18][0x83]V[0xca][0x12][0xe7][0x4]D[0x19]EZP$[0xa6]d[0x80][0xd7][0x84][0x1a][0xe0][0x18]t01[0x7][0xf5][0x11][0x88]s[0x3][0xa2][0xb1]Dr6[0xae]J[0xcd]I[0xac]LL[0x3][0x1f][0x9e]Y\[0x89]}[0xb4][0xc7][0x98][0xe8][0xf9]>K[0xa4]-Yx2r[0x1][0xf4][0x12]nP[0x8d][0x8b][0xde][0x8a]0$[0xc1]2[\n]"
17:11:38.016 [main] DEBUG org.apache.http.wire -  << "[0x8a]/[0xd0][0x90]t9[0xa8][0x9d][0x8][0xda]E[\n]"
17:11:38.016 [main] DEBUG org.apache.http.wire -  << "[0xea][0xd2]`tP-L[0x89][0xcf][0xf]D[0x15]_[0xc9][0xd0][0xf3][0xc][0xb0]6[0xd0]-L@'[0x9b][0x13][0x17][0xdd][0x88][0xc2][0x8b][0xc4]$[0x7][0x9a][0xa3][0x1]_[0xb7][0x8e]rp[0x9e][0xa1][0x1]h[0x96][0x96]8[0xab][0x11]=7[0x82][0xad][0x0][0xe8][0x4]rNi[0x9][0xf8][0x0]![0xf0][0xc0]4[0xca][0x92][0x0]3[0xa2][0xcf][0xdc][0x0]7[0x19][0xa0][0x5][0xe][0xf6][0x86][0xe]t[0x98][0x16][0xb4][0xc4][0x3][0xc7][0xea]23[0x13][0xd0][0xae]u[0xa2]|[0x89][0xb4][0xcb][0x8a][0xb4][0x0][0x6]_[0xd5][0x9a][0x97]h[0x86]kR[0xc5][0xd8][0x14]tN[0x0]qn@[0x14]m8|[0xc][0xba]}[0xaf][0xa8]$[0x13]t[0xb8][0x1b][0xb4][0xbb][0x85]^![0x1a][0x13]}o[0x98]%([0xf1]A[0x3][0x18]O[0xbe][0x85][0xde][0xf]kb[0x6]n[0xfe][0xa3][0xcd][0x80]Y[0x10];[0xf5]f[0x89][0xb4][0xdd][\n]"
17:11:38.016 [main] DEBUG org.apache.http.wire -  << "[0xbb][0xdf][0x90].[0xbe]HI[0xcc]+[0xc5][0xb5]p[0xde][0xd0][0x80][0xe8][\n]"
17:11:38.016 [main] DEBUG org.apache.http.wire -  << "[0x1f][0xb4][0xad][0x92][0xb0][0xff]@k[0xc1][0x12][0xd3]33@[0xe5][0x12]JR54"v[0xe][0xc5][0x12]t[0x90][0xe][0xd4]&<[0x15]1x[0x9d]CQfnin[0x1]h[0xb5]8db[0xc][0xbd][0x95]a[0x6][0x1e][0x9e] .[0xb9] J [0x82][0x19]3573[0xf]>[[0x83][0xd6]E7"z[0x91]6[0xf8][0xc0]<[0xa8]GI[0xae]u[0xd2][0x12][0x8b][0x12]3@[0x17][0xae]cL[0x90][0x19][0x11]=[0xc1]i[0x9]j[0x82][0x91][0xeb][0x80][0xc4][0xbc]D[0xb]Sl[0xad] cKb[0xa7][0xab],[0x89][0xda][0xa6][0x94][0x9d][0x7]:N[0xbc][0x4][0xeb]P[0x84][0x11][0xd1][0x7]X"[0xdd]p[0x8a]=[0xcb]d[0x94][0xe6]&f[0x16]%"[0x16][0x19]&[0x97][0xa1][0xdf][0xe9]dd[0x6][0xea][0xdf][0x10][0x95][0x9c]@=[0x8]r[0x83][0x16]49[0x97][0x81][0xb4][0xe3][0x3]}[0xfa][0xca][0x98][0xe8]2[0x10]4[0xeb][0x2]u[0x5][0xc1]D[\r][0x1b][0x11]4[0xc7]:[0xc]lfL[0xf4]|[0x15]h[0xad]5[0xd4]R[0xe2][0xdb][0x94][0x95][0xf9][0xe9][0x89][0xf0]#[0x1][0xd1][0xb2][0x94][0xb1][0x9][0xd1]e[0x7]H![0xd4]n[0xd2]*[0x1e][0xf0][0x94]s^I>l[0xca][0x1][0xcb],[0x9a][0xb9][0x11][0xd1][0xe5]3[0xd2][0xcc]3[0xc9]9[0x1b][0xdc][0xb8][0x7]/[0xf1][0xc4][0xe2][0x6][0x13][0xa2][0xcf][0xf8][0xb2][0x4]M[0xf9]A[0x83][0x2]{[0xb7])[0xb1][0xb4]([0xbf]([0xd1][0x4][0xbc][0xad][0x12][0xbd][0xe2]34#z[0x8][0x5][0xb4]"[0x0]j[0xf][0xf6][0x8c][0x95][0x96]YR[0x94][0x99][0x98][0x97]i[\n]"
17:11:38.016 [main] DEBUG org.apache.http.wire -  << "[0x1e][0xf3]B[0xeb]k[0x9b][0x18][0x80]v[0xe][0x12][0x95][0xa5]@[0x8b][0xcd][0xa1][0x16][0xe1][0xa9]a[0x93][0x8a]3KJsA[0xd3][0x83][0xb0][0x83][0x0]QWK[0x80][0xef][0xac]"[0xce]>[\n]"
17:11:38.016 [main] DEBUG org.apache.http.wire -  << ":[0x5][0xd0]CjA[0xdb][0x0]K[0xf4]P[0xda][0x8a][0xe6][0xa6][0xc4].[0xd2][0xb5][0x4][0x1d][0xa5][0x1][0xf5]0[0xc1][0xdc][0xb][0x99]k[0x87][0xac][0x9e]B[0xcf]>[0x6][0xa0][0xde]&q^F[0xf4][0x7]pW[0xbd]E[0x89]i[0x99])[0x6]&[0xd8]z[0x9e][0x86][0xa6][0xc4]n[0x11][0x3]/[0x18][0x86]z[0x8e][0xb4][0x9c][\n]"
17:11:38.016 [main] DEBUG org.apache.http.wire -  << "[0x1a][0xa9][0xcd][0xb3][0x0]o:D[(aN[0xf4]RC[0xf0][0xa5][0xb8]P[0xdb][0xb1]'Z[0xf0][0x85]1[0x89][0x16][0x86][0xa0][0xb1][0xb][0xf4][0xf0]4"z[0x9e][0x6]i[0xc7][0x1f][0xc1][0x18][0xcc][0x87][0xee]t[0x84]6E[0xd1][0x9b]2&[0x86]D[0xaf][0xa4][0x7]m[[0xc0][0xeb][0xb9]l[0xc8]Y[0xf1]P[0x9b][0xd0]r[0xa4][0x5][0xf1][0xdd]f[0xd0]<[0x0][0xd4]"[0xd2][0xe2][0xb0] 1/+[0xb3] [0xb5][0xa8]$[0xb3]<[0x13][0xd4]uDi*[0x9a][0x19][0x13]=[0xbe][0x89][0xb4][0xcb][0xf]{4[0xa6][0x82]N+[0xce]-([0xcd][0x81][0xfa][0x15][0xa3][0x8f]jfJ[0xf4]X[0x9][0xe8]|C[0xa8]o[0x9]Ffzb[0x1e][0x81][0x89][\r]cC[0xd0]b[0x1d][0xa2]r%h[0xc5]5[0xd4]b[0xdc][0xb9]2'1[0xa9]4[0x3]<o[0x93][0x3]^+[0x8a]2xjaIt[0xd5]e[0x89][0x18]<%[0xe8]K[0xe8][0xe6]q[0xc8]M[0x0]([0xc7][0xe0][0x18]Y[0x10][0x9d]G@[0xf3][0xf8]P[0xdf][0x11][0xdf]\(,MM[0xcd]30[0xc2][0xda][0xfe]$~[0xa2][0xe][0x94][0xa3][0xa0]V[0xe3][0xa9]Q[0xe0][0x9b]$[0x93][0x12][0xb3]S[0xc0]'ob[0xa4]"#[0x13][0xa2][0xb7]~[0x80][0x8e][0xc][0x83][0xda][0x89]=[0xc9][0xe6]f[0xe6]$[0x16]'[0x82][0xfa][0xe1]X[0xef]65[0x2]W[0xec][0xc4][0xa5][0x1b][0xc4]X[0x3]v[0xab] [0xfb][0xe2]s[0x12][0x8b][0x12][0x8b][0xa1][0x1d]6[0x94]}[0xf][0xa6][0x16][0xa0][0xf9],"[0xac]26[0x0][0xcd][0xf1]@}[0x85]'$A[0x93])[0xa0]EJE[0xa0]{[0xfb]@[0xf9][0x1e]# [0x8d][\r]@[0x97][0xba][0x10]g%b[0xea][0x6]w[0xae](K-J4[0xc0]q[0xb0][0xb6][0x89])[0x91]W[0xe][0x18][0x1b][0x80][0x96]9C[0xbd]G0S[0xa4]%[0x16]e[0xa6]$[0xa6]$[0xa6][0xa7]b[0xbf][0x8b][0xc8][0x82][0xc8]QIc[0xf0][0xe5][0x94]P[[0xb1][0xb7][0xe0][\n]"
17:11:38.016 [main] DEBUG org.apache.http.wire -  << "[0x91][0xe6][0xe]P[0xb6][0xba][0x9a][0x12];Tcl[0x0][0xda]T[0x2][0xb5][0x4]O[0xcc]![0x86]7[0x8b]A[0x1d]Ohi[0x8a][0x92][0xe5][0xcd][0x8c]A[0x89][0x80][0xb8][0xa8]#[0xa1][0xaf]][0xc][[0xbb][0x91]\[0xa6][0x87]VS[0x99][0x13][0xbb]![0xdd][0xd8][0x0][0xe9][0xcc]][0xe2][0xb][0x19][0x90]Oq[0xef]M11[0x7]-} [0xce][0xbf][0x88][0x8c][0x88]="3[0xf3]R[0x12]3[0x8c][0x8c][0xb1]5[0xa9][0x88]^|jl[0x0][0x9a])[0x87]F%[0xf6][0xfc][0x9e][0x1][0xba][0xc][\r][0xd4][0xc9][0x1]m[0x85]I[0xc9][0xc4][0xd2][0xb6]1$v[0xa9][0xab][0xb1][0x1][0xd9][0xb][0xcc][0xc0];[0x14]sSs@+[0xbb]J[0xd1][0xce]812[0x2][0x8d][0x9][0x10][0x15][0xa8]H+[0xcb][0xb0][0xfb][0xb6][0xaa]4'13;171[0xbb][0xb4][0x4]v[0xa7].J_[0xc0][0xdc][0x0][0xd4][0x80]![0xce]2[0xc4]$[0x5][0xc1][0x2][0x0]|4[0xb5][0x11][0x8e]B[0xc7][0xc2][0x8c][0xc8][0x13]r[0x8c][\r][0xc8]Z6[0x96]\[0x9e]X[0x9c][\r]:[0x19][0xe]r[0xf6][0x7][0xe2][0x18][0x3][0x13][0xf0][0xd2]N[0xe2]<[0x8b]h[0x2]`O[0xae]Y[0xa0][0x91]S#[0x3]l[0xc9][0xd5][0x18]<]G[0x9c]5[0x88][0xce][0x6][0xf6][0x8],H[0x4][0xed][0xb1]4[0xc7]>[0xc5]d[0xc][0xbe]%[0x85]8[0x9b][0x10][0xe5][\r]i[0xed][0xd4][0xe4]D[0xd0][0xe6][0x1b][0xd0][0xb1][0xdf][0xa0][0x89][0x8e][0xa2]L[0xd0][0xa8]-[0xfa][0x8a]i#[0xb]"w[0x7][0x1a][0x83][0xef]h[0xc5][0x9b]A[0xb3]A[[0x8c][0xb2][0x13]M[0xb1][0xce]e[0x1a][0x1a][0x12]9[0xfe]nl[0x0][0xea][0x85]A-"[0xcd][0xc3][0x89]E%[0x89][0xe5][0x89]y[0xa6][0xe6][0xd8]ZV[0xe6][0xa6][0xa0]<GT[0x88][0x83][0x8a]F[0xa8][0x3]pW[0xce]YH]u[0xac]S:F[0xe0]~[0x1a]q[0x16]"Z[0x3][0xd8][0xd3],t}?h[0x5][0x1e][0xf6][0xf4]daDti[0x80][0xb4][0xd2][0xc][0xb7][0xef][0xc0];[0xf5][0xf3]J[0xf2]a;n@[0xa5]-[0xda][0x9]g[0x16][0xe0]s:[0x88][0xf3][0x1f][0xa2][0x0]"-F+ [0x7][0x16]c[0x19]K23%[0xba]y[0x87]t[0x1e]5[0xf6][0xd0][0x5]_[0xf]S[0x92][0x98][0x9c][0x98]][0x94]X[0x9e][0x8][0xe9][0x81][0xa0]y[0xd6][0xdc][0xd0][0xc4][0x88][0xa8][0xa5][0xfe][0xc6][0xe0][0x8b][0xef][0xa0][0xa9][0x7]{[0xc9][0x0]9[0xeb][0x1]<[0x89][0x82][0xde]O64"[0xba][0x80][0x5]e'[0xa8]5[0xc4]7[\n]"
17:11:38.016 [main] DEBUG org.apache.http.wire -  << "2[0x12][0x8b][0xb2][0xf2][0x8d],[0xb1][0xe5][0xf]#C[0xa2]+/[0xd0][0x86].[0xa8][0xd5][0xd8][0x3]4=1/+[0xb1](1[0xf]|[0xf0][0x18]x%^r[0x19][0xc6]z[\r]cc[0xd0][0x98][0x18]Q[0xe9][0x7][0xe9][0x0]b[0xec][0x16]"-[0x80][0x4]y1[0xb1][0x12][0xb3][0x17]iF[0xec][0xba][0x18]c[0xf0][0xca]d[0xa8][0xff]HK[0xae][0x5][0x5]E[0x89][0xa0][0xe5][0x1c][0xa0][0xde][0x1][0xfa][0xa0][0xa4][0xa9][0x91][0xb1])[0x91])[0x8]i[0xcd][0x8][0x9e]V-[0xe8][0xcc][0x1d][0xd0][0xd2][0xbf][0xe2][0xc4][0xa4][0xc4]"P[0xd9][0x8e]6[0xd2]nl[0x0][0x9a]5 *|[0x91]V[0x8f][0x90][0xe6]ah[0x97][0xbd](3[0x5][0xb4][0xc4][0xc][0xcb][0x2]e[0xb][0x13]"G[0xde][0x8d][\r]@[0xa7]@C[0x9d][0xf8][0x4][0x9d][0x9b]X[0x94]T[0x9a][0x97][0x9f]][0x92][0xf]*[0xa1]PN|24 r$[0xc6][0xd8][0x0]t0[0x13][0xd4]j[0xdc]Eb~Nz"l[0x7][0x12][0xf6]B[0xd8][0xd4][0x0][0xb4]?[0x97][0xb8][0x10]G[0xb4]RH[0xb]q[0xd0][0x9][0xc6]U[0xf0]K[0x9e][0xb0]5b[0xcc][0xcd][0x89][0xae][0xd2]A[0xeb][0xd5][0xa1][0xfe]&y[0xa4]?/[0xbf][0xc]~[0xf0]T)x5[0x16][0xa2][0xb9]f[0xc]^[0x8f]D\@ Z7[0xd8][0xb3]v[0x9][0xac]M[0x88][0xbd][0x92]%[0xbe][0xd4]"x`-d[0xbd]Wbqn&h[0x8f])(G![0xdf][0xbb]dj[0xe][0xca][0x96][0xc4][0xf9][0x9][0xd1]c"-r[0x93]A[0x17][0xb7]'f[0x83][0xae]][0x2][0xe5]n[0xd0]Y[0xae][0xd0][0xa2][0x4][0x11][0xb6][0xa6]F[0xa0][0x3][0x12][0x88]r[0x7]([0xfd]C[0xa3][0x17]{M[0x94][0x5][0xce][0xbf][0xe0][0x2][0xba][0x14]c*[0xd6][0xdc][0x9c][0xc8]UP[0xc6][0x6]H+&[0xb0]G"[0xe8][0xb0][0xbd][0x92][0xa2]L[0xd0]F[\r]h[0xef][0x1b][0xa3]x$[0xf6][0xbc]Tc[0xf0][0xfa]X[0xa8][0xb7][0x8]vg@[0xc1][0x98]ZR[0x99]_[0x94][0x8]:[0x3][0x1a][v15[0x1]-[0xe] .<[0x11][0xcd][0x18][0xec][0xe1][0x9][0xce][0x9c][0x95][0xa0][0xfe]E[0x1e][0xf6])_C[0xf0][0xd9]%[0xc4]Y[0x86][0x98][0xc0][0xc1][0x1e][0xa6][0xe0]A~[0xd0][0xad][0xf0][0x99][0xd9]86B[0x98][0x13]?[0x4][0x6][\n]"
17:11:38.016 [main] DEBUG org.apache.http.wire -  << "[0x3]h[0x98][0x12]_[0xf8]B[0x3]7[0x11]t[0xad]^AbI[0x11][0xf8][0xe6]V[0x94]2[0xd8][0xc8][0x8c][0xe8]F7[0xd2][0xc2][0x9][0x82][0xb1][\n]"
17:11:38.016 [main] DEBUG org.apache.http.wire -  << "[0x9f][0xe6][0x86]o[0xbf][0xc0][0xd2]B4%v[0x8c][0xda][0xd8][0x0]4[0xfe][0x9][0xf5]=[0xf6][0x88]-CZ[0xb3]X[0x80][0xb9][0x94][0xc9][0x18][0xbc]u[0x96][0xb8]hE[0xac][0xde][0xc2]nUrjnjI&hqbI&[0xe8][0xaa]$[0xb4]s[0xd8],[0xcc],M[0x88]lF[0x80][0xd6][0xaf]A}E0D[0xe1][0xeb][0xed]q[0xe][0xfd][0x19]Z[0x82][0xd2][0x8]Q~[0x4]U[0xf9]P[0x8b][0xb1]'][0xc8]5[0xa3][0xc6][0xd8][0xef]n[0xb0]$[0xba]Y[0x88]4W[0x8f][0xa7][0x9d][0x4]:[0x5]>[0xd3][0xcc][0x8]T[0x90][0xa2][\r][0xc1][0x99][0x1a][0x11][0xb9]"[0xc2][0xd8][0x0]iN[0x9c]`X[0xe6]WU"[0xb5]G[0xa1][0xe5][0x1d]Z[0xc2][0xcc][0x84][0xe8][0xa1]b[0x82];[0x95]K[0x12][0x8b][0xf3]2s[\r][0xcc][0xb1][0x95]nD[0x9f]rf[0xc][0xbe][0x1][0x1e][0x1a]k[0x4][0xbd]X[0x9c][0x9f][0x93][\n]"
17:11:38.016 [main] DEBUG org.apache.http.wire -  << ":[0xfc][0xa6][0x1c][0xc7][0x85]b[0x86][0xe6][0xa0][0xc5][0x1b]D%[0x16][0xa4]Y0[0xd2]*KH[0xa3][0x13]6[0x88][0x8c][0xde][0x4][0xb1]0[0x7][0xad][0xf]"[0xce][0x5][0x88]b[0x1d]w[0xeb]/[0xbd][0xb8]4%3[0xb1]$[0x13][ [X[0x12]9[0x1b]f[0xc]>[0x8][0x1a][0xc8][0xa4][0xf9][0xb6]$1[0x17]t!cz"[0xd6][0xfb][0xcb][0xc]MA[0xb7][0x1f][0x11][0xe7][D[0xcb][0x13]{[0xe6][0x4][\r][0xaf][0xe6]e[0xe6]d[0xa6]T[0xe2][0xa8]V[0xcc]L[0x89][0xee][0xc9] M[0x8f][0xe1][0x9]Z[0xd0][0xf0]TAbNbqI[0x11][0xe2][0x2]^[0x94][0xc9][0x1c]s[0x3][0xd0]>X"[0xfc]gd[0x9]j[0x82]CC[0x98][0xe4]6-[0xa4]7[0x91][0xe][0xea][0xba][0x82][0x8a][0xb][0xf4][0xde][0xb9][0xa9][0x19]hG=q[0xae]@[0x14][0xf3][0xa4][0xc5]3[0xf8][0x8a][0xba][0xc4]<[0xd0] hA[0x9][0xfa][0x9c][0x81][0x89]!h,[0x83]8[0x7] [0xda][0xa0]$[0x7]C9d[0xd4][0x5]k[0x83][0xdb][0xd4][0x1c][0xb4][0xd1][0x89]('[0x80]VgBc[0x82][0xb4]0HN,H[0x84][0xb6][0x18]A[0xad]p[0xb4][0x15][0xc]f[0xc6]D/[0xba][0x1][0xdd][0x9b][0x6]u[0x1][0xf1][0xad][0x1a][0xe8]~yp*H[0x7][0xf5]*[0xd1][0xfa][0xd5]F[0x16][0xa0][0xc3][0x1c][0x88][0xb][0x1][0xc4]*^[0xc2]E*|[0xe5]O:([0xf8]+Ae[\r][0xa4][0xa9][0x81][0xbe])[0xcd][0xc4][0x84][0xe8]T[0x0][0xda]~[\n]"
17:11:38.016 [main] DEBUG org.apache.http.wire -  << "[\r][0x0][0xdc][0xf9][0xf][0xba]z,[0x13]2[0x95][0x8a]5[0xd6][0x89][0xbf][0xbe][0xc1][0x12][0xd4][0xf9][0x84]ZI[0xd0][0xcf][0x89][0xb9][0xf9]y[0xe9][0x96][0x16][0xa0][0xbc][0x86][0xbe][0xf][0xc0][0xd4][0x90][0xe8]v[0xe](SBm[0xc4]^[0xa2][0x81][0x86]M[0x13][0x8b][0xaa][0x12]S[0xf3][0x12][0x93][0xb0][\r]}[0x11]}[0xa0][0x99][0xb1][0x1][0xd2]q[0x16][0xa4][0xa5][0xe9]$H[0xb1][0x8a][0xcd]zs#[0xa2][0x7]j@[0xa5]<[0xd4][0xab]$[0xe7][0xea][0xbc]D[0xd0][0x9d][0xa7]&[0xb0][0xc5][0xe9][0x18][0xb3][0xd7]f[0xe6]D[0xf][0x0][0x82][0x86]^[0xa1][0xce][0xc0][0xd3][0xf0][0xca][0x81]N[0x93]ai[0x9b][0x1b][0x1a][0x80][0x16][0x17][0x11][0x91][0x87][0x8c][\r]@[0xd3][0xdc]P[0xbb][0xb0][0xc7]nfQ[0x1e][0xa8][0xbf][0xe][0xea][0xe][0xe5][0xa5][0x14]a=[0xe1][0xd1][0x90][0xd8][0x83]Z[0x8c][\r]@[0xa5][0x1b][0xd4]:[0xec][0xed]s[0xd0]$[0x3]b[0xd3]/$[0x87]b[0xcc][0xaa][0x10]?[0xf4][0x6]:z[0x3]j[0x1f][0xf1]ET[0x1][0xe8]^73[0x1c][0xc7][0xa4][0x9a][0x81][0xa7][0xde][0x89][\n]"
17:11:38.016 [main] DEBUG org.apache.http.wire -  << "[P=[0xe][0xb5][0x1c][0xbb]g[0xb3][0xf3]A{9[0x8b][\n]"
17:11:38.016 [main] DEBUG org.apache.http.wire -  << "@[0x85]Qi[\n]"
17:11:38.016 [main] DEBUG org.apache.http.wire -  << "[0xe6]mMF[0xc6][0xa0]ah[0xe2][0xec]BL[0x98][0xe1].[0x8a][0x90][0xce][0xee]H.[0xd3][0xc3]r[0xcc][0x80])[0xb1][0x85][0xaf]1xW[0xb][0xd4]s[0x4][0xb][0xa2][\n]"
17:11:38.016 [main] DEBUG org.apache.http.wire -  << "[0xe8][0x8d][0x81][0xd0][0xc6]:[0x16][0x8b][0x8d][\r][0x89][0xdc]+kl[0x0]:r[0x2]j1[0xf6]P--[0xce][0xcc]K[0xc4]uz[0x1][0xd1][0xd7]Q[0x19][0x83]WF[0xe2][0xb5]([0x1b]4[0x9e][0x4]Z[0xbd][\n]"
17:11:38.016 [main] DEBUG org.apache.http.wire -  << "[0xaa][0xc6][0xb0]x[0xca][0xcc][0x14][0xb4]J[0x93][0xa8][0xe8][0x3]M@[0xed][0xc2][0x9e][\r]Ak[0xa0]-[\r]A[0xf5]5z}efJt[0xf9][0x6]j[0xb3]Cm!>7$[0xa5][0x96]$[0xe6]e&[0x82][0xba][0xb0]%[0x89]y[0xe9][0xa0][0xda][0x4]=C[0x9a][0x1b][0x12][0xb9][0x84][0xcc][0xd8][0x0]T[0x8]B[0x9d][0x80]=[0xf6][\n]"
17:11:38.016 [main] DEBUG org.apache.http.wire -  << "[0xb]J[0x8b][0xf2] [0x87]~b[0xad]+[0x89]>[0xe0][0xd5][0x18][0xbc]z[0x18]j[0x17][0xf6]@[0x5][0x1d][0xa8]j[0x82]c[\n]"
17:11:38.016 [main] DEBUG org.apache.http.wire -  << "[0xd9][0xcc][0x4][0xb4][0x2][0x8c][0xa8][0xc8][0x3][0x1d][0x1a][0x7][0xb5][0x87][0xf8]`[0x85][0x9c]Cg`[0x4][0x8a]R[0x94][0xb5]2[0xe6]f[0xa0][0x15]E[0xc4]Y[0x8c][0xe8]l[0x10][0xcc][0x83]UH[0xb7][0xf3]`[0xa9]2[0xcc][0xc0][0x19][0x9a]8[[0x89])j[0x92][0x90][0xee][0xc9]J.C?[0xa8][0xcd][0xc2][0x4][0xd4]u![0xce]6[0xc4][0x8]6A?[0x96][0x83]zU[0xa0]k[0x8]+AU[0x16][0xb4][0xb4]Ak[0xdf][0x9a][0x9a][0x82][0xa6]#[0x88][0xb3][0x1a][0xd1][0xcb][0xc0][0x9e]VSS2[0x8b][0xf3][0xf3]L[\r][0xa0]6[0xa1]-962"[0xb2]!il[0x0][0xca]>[0xd0][0x14]DZ[0xbb]'/1+[0x17]tGC:h0+[0xb9]L[0xf][0xad]1ma[0x4]:[0xbb][0x9f]([0xcf]"u'pW y[0x99][0x95][0x89][0xe9][0x89][0xd0][0xb6][0x16][0xd6][0xec]ia[0x9][0x9a]M$[0xce]F[0xc4][0xb4]<[0xc1][0x98]-[0xcd]M[0xac]L[0x84][0xee]*[0x5][0x95][0xb6]h[0xfe]45[0x6][0xd5][0xb5][0xc4][0xd9][0x8a][0xe8]4`[0x8f]T[0xe8][0x99][0xaa]Y[0xa9][0xc5][0xc5][0x99][0xc9]X[0xdb];[0xa6][0x86][0xa0][0xc0]"[0xce]6[0xc4][0xe0][0x7][0xc9][0x11][0x9b][0x99]d[0x80][0xf5][0x94]JCb[0xf7]O[0x1b][0x1b] [0xf5][0x16][0x88]/[0x99][0xca]K[0xc1][0x87][0xf2][0x15]e[0x96][0xa4][0xa6]`[0xdd]Yea[0x2]Z[0xc2]A[0x9c][0xff][0x11]%[0x14][0x9e][0xa6]lbJ~^:h[[0x6][0xa8]0D[0xaf]\[0x8c][0xc]A'T[0x11]g[0x1b][0xa2]d[0xc2][0x1e][0xb7][0xd9][0xd0][0xc8][0x5]%![0xb4]r[0xc1][0xc2][0x94][0xc8]1[0x10]c[0x3][0xd0][0xe0][0x1b]4[0xb7][0x12][0x1f][0xaa])[0xe0][0x9d][0xf1][0xa0]C$[0xb1]\[0xcb]i[0x4][0xde][0xcf]A[0x9c][0x1f][0x11]#[0xf]8[0xfc]XZ[0xc][0x1a]7LN,)[0x5][0xcf][[0xa3][0x95]J[0xa6][0xc4]^[0x8e]ll[0x80][0xb4]K[0x8]w[0x91][0x80][0xb8][0x94],91;[0xb5][0x4][[0xf][0xcc][0xd0][0x90][0xc8]u[0xf4][0xc6][0x6]H[0x1b][0x86]H[0xcb]/[0xe9]x6gY[0x98][0x10]=[0xb7][0x8][0x1a][0x1c][0x87]F-[0xc9]=[0xc0]r[0xd0][0x84][\r]h[0xc9][0x0][0xf6][0xe9]kC[0x13][0xd0][0xf2]n[0xa2][0xe2][0x18]4[0xde][0x9]u[0x5][0xc1][0x92][0x11][0xb1][0xfa]6713[0xb7][0x14]t[0xa4]dA[0x89][0x1e][0xea]4[0x11]x[0x9]6q6#[0xf2]+[0xf1]I[0xbb]<3+[0xb1]2[0x11][0xb4]G[0x10][0x94]1z[0xbe][0xe6][0xe0]][0xbb][0xc4]YO[0xa8][0xc6][0x85][\r][0xa6]$[0x16][0x83][0x8e][0xdd]I[0xc1][0xba][\n]"
17:11:38.016 [main] DEBUG org.apache.http.wire -  << "[0xde][0xc4][0x14]T[0xec][0x11]g[0x1f]"3[0xe1])[0x9e]rR[0xd3][0x13][0xcb][0x13][0x8b]3s[0x93][0xf2]s[0xf2][0xc1]'K"[0xcf]\[0x1b][0x99][0x11]][0xf7][0x10][0xdc]|[0x93][\n]"
17:11:38.016 [main] DEBUG org.apache.http.wire -  << "[0x9a][0xf4][0x7][\r]D[0xe7][0x81]J([0xcc][0x1]R[0xd0][0x88][0x1b]Q[0x1e][0x3]-W[0x83][0xa6] [0x92][0xd3]1[0xec][0x8a][0xca][0x92][0xc4]R[0xd0][0xd9][0x2]X[0x1a][0x8b][0x86][0x86][0xc4][0x96][0x95][0x86]Hw[0xe6]`o[0x83][0x83][0xfa][0x15][0xb9]I[0x99]y[0xe9][0xf8][0xf6][0xa2][0x9b][0x19][0x81][0xe6][0x10][0x89][0xf1][0xb9]![0xd2]Bg[0xd2]J[0x90][0xdc][0xcc][0x92][0xa2]D[0xf8][0xb1][0xac][0x5])zhsJ[0xc6]&D[0x1e][0xe4]`[0xc][0x9e]k[0x87][0x86]>[0xf6]2:[0xa7][0xb4]([0xa3][0xb4][0xc8][0x14][0xeb][0x1e]iSC[0xd0]z![0xe2][0xfc]Jn[0xeb][0xa2]8[0xb3]8;[0xd1][0xd2][0xc][0xdb]l[0x8b][0xb9][0x19]h[0xf8][0x89]8[0xeb][0x11]s[0xe8][0xb8][0xeb][0x87][0xa4][0xc4][0xec][0xcc][0xfc][0xbc]|3l[0xb7][0xb8][0x9a][0x82][0x7][0xfc][0x88][0xb3][0xb]Q0[0x91][0x16][0xad][0x88][0x9b][0xe3][0xc0]'v[0x82][0xf2][0x15][0xca]BoSC[0xd0][0x80][0x2]qn [0xd4][0xbc][0x0][0xcd][0x85]&[0x96][0x18][0x9b][0x82][0xfa][0xc8]X[0xc6][0x3]L-[0x89][0x1d][0x96]3[0x4][0xed][0x3][0x81][0xa6] [0x82]5[0x0][0xc4]V[0xd0][0xe9]#[0x98]+[0x4][0xcc]L@[0x19][0x90]8[0xdf]![0xca]B[0x82]V[0xe6] -{[0xc6]R>[0x98][0x99][0x12][0x9d]]A-I[0xa8]G[0xb1]g[0x95]\[0xa4][0x1b]$[\n]"
17:11:38.016 [main] DEBUG org.apache.http.wire -  << "0[0xef][0xcc]54"[0xb6][0xb7]l[0x88]t[0xf3][0x13]iI(=1[0x7][0x94][0x84]a[0x1b]#[0xb1][\r][0xd4]Y[0x10]] "[0xad][0xf]&[0xbe][0x86]M[0x1][0xcd]Y[0xe4]boW[0x98][0x19][0x82][0x86]u[0x88][0x8a]b[0xd0][0xe1][0xb][0xd0][0xc0][0xc6]S[0xdd]AO{IJ[0xcd][0x1]m=[0xc1]VF[0x18][[0x80][0xc6]q[0x89][0xb3][0x92][0x98]2[0x2][0xb4][0xb0][0xa7][0xd8][0x8][0xeb][0xa9][0xaf]f[0x86][0xa0][0xd3][0x12][0x88][0xb3][\n]"
17:11:38.016 [main] DEBUG org.apache.http.wire -  << "QD`[0xaf]j[\n]"
17:11:38.017 [main] DEBUG org.apache.http.wire -  << "[0x8a][0x12]+3K@[0x1b][0xdb][0x8a]*[0x13]Sp[0x9c]dcB[0xec]QA[0xc6][0x86][0xa0][0xa3][0x16][0xa0][0xc1][0x89]=[0xed][0x16][0x13][0x18][0xcb]2#z^[0xd9][0x10]T(C[0xed]"-[0xf1]f'[0x82]F[0xb3]3[0xe0][0xe7]'[0xa0][0xd5]j[0xa6]&DN[0xf7][0x19][0x1b][0x12][0x9c]*[0x80]U[0x9e][0xc5][0x89][0x99]i[0xa0]][0xb5]h[0xcb][0x16][0x8d][0xc0][0x17][0x9][0x12][0x15][0x95][0xa0][0xe4][0x5][0xf5]-[0xf1][0x99][0x4]t[0xc2]yj1h[0xc9][0x16][0xb6]4kh[0x2]Z[\n]"
17:11:38.017 [main] DEBUG org.apache.http.wire -  << "A[0x9c][0xed][0x88][0x81][0x9][0xec][0xf1]Z[0x94]Z[0x5]Z[0xc9]^Z[0x99][0x8f]=K[0x9a][0x1a][0x10][0xb9][0xc3][0xd5][0xd8][0x10]4Z[0x2][0xf5])[0xf6]D[0xb][0xdb][0xa4][0x9c][0x95][0x9a][0x3][0x9d][0xb5]F[0xeb][0xb8][0x9a]Y[0x80][0x1a]{[0xc4]y[0xc][0xd1]^[0xc0]]a[0x83][0xf2][0x7]hv6[0xb3][0x18][0xc7][0x2][0x5][0xb]#"[0xcf][0xc]06[0x4]-[0x0][0xc2][0xeb][0xbb][0xcc][0xa2][0xb4][0xc4]<C[0x1c][0x97][0xab][0x98][0x18][0x83][0xe]N"[0xce]g[0x88][0xbc][0x8f][0xdb]g[0xe9][0x19][0x99][0xa0][0xbb][0x14][0xf2]JpD[0x9b][0x11][0xb1]Wb[0x1a][0x1b][0x1a]#[0x9a][0x2]xJ[0xd2][0xa4][0xbc][0xc4][0xcc][0xbc][0xf4]t[0xd0]%[0x7][0xd0]!Bl[0xad][0x2]bO&06[0x4]5@[0xa1][0xc1][0x89][0xdb][0x97][0xb9]x[0xa7]?[0xcc]L,[0x89][[0xdf][0x6]n[0x16]A-[0xc3][0x9e]2+[0x11][0xc1]YP[0x82]u6[0xc9][0x80][0xc8][0xe3],[0x8c][\r]A[0x1d]t[0xa8]e8[0xb2]\f6[0xe8][0xc][0x18]l[0xc7][0xd5][0x12]{[0x7][0xaf]1[0xb8]a[\r][0xb5][0x85]`[0x13]';5/[0xb1]([0x13]t[0x2][\n]"
17:11:38.017 [main] DEBUG org.apache.http.wire -  << "xA"[0xda][0x80][0xa3][0x89])[0xd1][0xe1][0x8][0xca],PKqGZyb6h?[0x9b][0x91][0x5]4[0x9d][0xa0][0xe5]qS[0xb]P[0x0][0x11][0x95][0x13][0x90]f[0x92][0xf0][0xa4][0xcc][0x1c][0xd8][0xc2].,[0x9b][\n]"
17:11:38.017 [main] DEBUG org.apache.http.wire -  << "L[0x8c][0x88][0x1d][0x9c]7$kS[0x1]hi;t[0xc7][0x15][0xb6][0x82][0xda][0xc8][0x88][0xe8]T[0x3][0x1a][0xc9][0x87][0x6]-[0xc1][0xf8]L[0x82]"
17:11:38.017 [main] DEBUG org.apache.http.wire -  << "[\r][\n]"
17:11:38.021 [main] DEBUG org.apache.http.wire -  << "145[\r][\n]"
17:11:38.021 [main] DEBUG org.apache.http.wire -  << "[0xac]?[0xc7]f[0xa3][0xb1]!hD[0x8f][0xb8][0xd0]%[0xa6][0x9c][0xc9]I[0xcc][0x1]m,[0x87]\D[0x86][0xb2][0xd0][0xca][0xc8][0x82][0xd8][0x9]]C[0xa4][0xcd][0x3][0xd8][0xb3]_E^iQJ&h[0xa6][0x3]GK[0xc6][0x8]\[0xfc][0x12][0xe3]-p[0x81]Nl@[0x16][0x97]g[0xa6][0xe4][0xa7][0xe4][0x83][0xfa]8[0xe8]S[0x91][0xc6][0xa6][0xc4]6E[\r]@[0x93]kP[0x1b][0xb1]{[0xf][0xb4]9[0xb7](3[0xd1][0x8][0xeb][0x10][0xb8][0xa9][0x5][0xd1][0x8b][0xe7]A[0x83]nP[0x8b]pg[0xbf][0xac][0xc4][0xdc][0xc4][0x9c]L[0xa4][0xe9]q,[0xd9][0xc2][0xd0][0x14]T[0x9b][0x11][0x13][0x9c][0x6][0xa0]I[0x17][0xa8][0x9d][0xa4]5[0xd6]@[0xd3]8[0x90][0x5];[0xa8][0x3]xD[0x9f][0xb][0x0]>P[0x1b]j5[0xf6][0x82][0x14]i:[0x17]<[0xec][0x2][0x1a][0xb2]C_[0x1d]dA[0xf4][0x1e][0x17]CP[0xef][0xb][0xaf]}%[0x89][0xe0][0x13][0xd4][0xb1][0x8d][0xb][0x1b][0x13][0xbd][0x8c][0xd5][0x10]i[0x11][0x12][0x19][0xe3]Y[0xd9][0xc5][0x99]%[0x89][0xf0][0xb][0x10][0xb1][0x16][0x1][0x6][0xa0]U[0xd5][0xc4]D[0xae]![0xd9]k[0x94][0xf2]![0xb][0xa5][0xb0]7[0x19][0x8d][0x89][0xbd][0xa9][0xcb][0xd8][0x10]t[0xd5]14[0xc8]I[0xe][0xb][0xd8]|!h28[0x11][0xb4][0xfe][0xbd][0x4][0xb4]q[0x10][0xb1][0xfd][0xc5][0xdc][0x2]T[0xa6][0x12][0x17][0xe][0x88]&[0x10]i[0x89][0x1c]t[0xb6]ufI>x8[0xa6]$[0x17][0xf3][0x8c][0x1f][0x13]b[0xcf][0xf1]46$[0xfb]F[0xa2][0x9c][0xd2][0xf2][0xd4]b#cl[0xa9][0xd2][0xc8][0x8]t[0xcc][\r][0xfe] [0x0][0x0][0x0][0x0][0xff][0xff]"
17:11:38.021 [main] DEBUG org.apache.http.wire -  << "[\r][\n]"
17:11:38.218 [main] DEBUG org.apache.http.wire -  << "580[\r][\n]"
17:11:38.219 [main] DEBUG org.apache.http.wire -  << "[0xf2]tQ[0xb2]256D:9[0x82][0x8c][0x98]([0x1][0x8f]a[0xe7][0x80]z[0x11][0x90]uNh]3[0x13]p[0xb1]L[0x9c]C[0x10]c7x[\n]"
17:11:38.219 [main] DEBUG org.apache.http.wire -  << "9[0xa4][0xc9]/,[0xed]PCC"[0xef][0x8f]06$[0xfb]x[0x7][0xc4][0xb0]QJ"h[0xbf][0x12][0xd6];[0x15][0xcc][0xc]@;[0xf][0x88][0xf2]7h;/4+[0xe0][0xf6]w[0x12][0xac][0xad]S[0x80]e[0xe6][0xcd][0xd8][0x14][0xb4][0x8d][0x8b]([0xcb]@U7[0xd4]2[0xe2];[0xa5]H[0xc3][0xdb]E[0x99][0xb9][0xf0][0xbb];[0xd0]&[0xe5],[0x8c]AS[0x3][0xc4][0xb8][0xc2][0x8]4[0xd0][0x4]u[0x5][0xf6][0x2]>[0x13][0xb4][0xcb]:/=17[0x9]t[0x8d]#[0x96]kz[\r][0xc1][0xc7]s[0x10]g[0x19][0xa2][0xb9][0x83][0xdd]2[0xc8][0xa1][0xcb]e[0x89]y[0xa9][0xc5][0xe0][0xc1]Gt[0x19][0x81][0x9a]1[0xc4]Y[0x85](N[0xb0]7[0x8] [0xcb][0x1d][0xb3][0x12][0xb3][0xb1]N[0xfa][0x18][0x1b][0x82][0x16]o[0x12]g[0x13]"[0xb3][0x90]Vp[0x95]![0xc6][0x92][0xb1][0x17][0xe2][0x86][0xe0]][0xb6]D9[0x82][0xe0][0xb8]gRbzb[0xb1]%[0x8e][0x93]BLL[0x89]].g[0x84]4[0xea][0x89][0xa7]?[0x0]Z[0xde]Y[0x9c]X[0xc][0xda][0x1a][0x5][0xda]j[0x8c]eL[0xd7][0xdc][0x82][0xe8]$[0x8a]4[0xc4][0x89]=[0xd5]T[0x95][0xe6][0x80]NB[0x82][0xb4]][0xb1][0xc][0xea][0x9a][0x99][0x83]:[0x16][0xc4][0x85]#bH[0x83]`[0x17][0x0][0xd4][0xa4][0xcc][0x1]m5+[0x0][0xdd]![0x81][0xad][gn[\n]"
17:11:38.219 [main] DEBUG org.apache.http.wire -  << "[0x8a][0x17][0xe2],F[0xc]l[0x92]\[0xf6][0x17][0x83][0x96]'[0x15][0xe7][0x83][0xb7]2bOIff[0xa0][0xed]e[0xc4]9[0x4][0x91]GIK[0xce][0xc9][0x99][0xc9][0x99][0xb8][0xef][0x5]46[0x1]m[0xca]"[0xce][0x5][0x88][0xac][0x8b]=[0xbe][0x93]`[0xbb]{ [0xf5][0x1c][0xda]>1[0x13]#[0xd0][0x1e],[0xa2]l"8Z[0x6]=[0x16][0x1d][0x12][0xb2]XR[0xb1][0x89][0x9][0xd1][0x5][0x12][0xa8][0xb5][0xf]-hI[0xb][0xd7][0xe2][0xcc][0x9c][0xb2][0xcc]D[0xf0]&[0xf2]L[0xd0][0x81])[0xa0][0x9e][0x12][0xca]![0x86][0x16][0xe0][[0xdf][0x88][0xf1][0xb0][0x19][0xa8][0x9b][0x3]u[0x4][0xc1][0xe4][\r][0x1d][0xb7]O[0xc9][0xcf][0x3][0xef][0xd6]GkM[0x18][0x9a][0x11];[0xcf]e[0x6][0x1a]q'[0xd6][0xd2][0xac][0xc4][0xbc]R[0xd0][0xc9]Q9[0xb9][0x89]X+s[0x13]c[0xe2][0xad]EL[0xfe][0x13]_[0xbf][0xa6][0x81][0xf2]3[0xf4][0xba][0xb][0xc8][0xb1]F([0x1d]n[0xb]cP[0x13][0x91][0xa8][0xa0]F:[0x1e][0x18]OA[0x99]][0x9a]W[0x92][0x1][0xda][0xc1][0x94]X[0x9c][0x91]YT[0x9a][0x92][0x82][0xfd]^(3[0x3][0xd0]8[0xc]Q[0xf6][0x82][0xb2][0x19]4[0xb4][0xb1]W|[0x99][0xb0]S[0xce][\n]"
17:11:38.219 [main] DEBUG org.apache.http.wire -  << "R[0xf4][0xd0][0x97][0x4][0x98][0x13][0xbd][0x9a][0xc7][0xc]ii[0xb][0x1e][0xff][0xc1][0xcf][0x14][0x1]-[0xe7][0xc8]M[0xcc][0x3][0xed][0x19][0xc3][0x92][0x8f][0x8c]-Ag[0xc3][0x11][0xe7]?D[0xf9][0x84][0xbb][0x8d][0x96][0x93]Z[0xc][0xba]~[0xe]r[0x13][0x1e][0xf6]"[0xd1][0x82][0xd8][0xb3][0x1b][0x8d][0xcd]@[0xe5][0x9]4H[0x9][0xe6][0x1a]P[0xfa])HM[0xcc]*[0xcd][0x5]M[0x9][0xa1][0x9f]9fjH[0xec]Z[0x12]3[0xd0][0xdc].[0xd4]R[0xec][0xf1][0x8]>[0xdb][0xcc][0x12][0xb6]X[0x14][0xa5]D03[0x7]-[0xf9]!*8A[0xb5]0[0xd4][0x1a]<[0xd1][0x98][0x91][0x1][0xda][0xf5]W[0x9]:F[0xad][0x0]m[0x8b][0xb3][0x19][0xd1][0xbb]5[0xcc]@[0x13][0xb]P[0xbb][0xb0][0x17][0xec][0x85][0xc8];q[0xb1]&[0x13]b[0xbb][0x93]f[0xa0][0xd9][0x19][0xa8]][0x4][0xe3][0xac][0x8][0xdc]\[0x1][0xcf][0xf4][0x80][0xd7][0x16]#[0xdd][0xc7]llJ[0xec][0x84][0xb7][0x19][0xd2][0x99][0xad][0xd8]}[0x87][0x18][0xbd][0x7]][0x19][0xe]*[0xc6][0xd1][0xd7]&[0x9a]Z[0x82][0x86][0x97][0x88][0x8b]7D{[0x81][0xa0][0xff]@W1[0x15]%f[0x17]'[0x9a]`[0x1d][0xfd]2[0x4][0xef][0xa8]'[0xce]VD[0xe6]#[0xbe]L[0xcd][0xcf][0x80][0x8e][0xd9]`[0x9e]rof[0xc][0x9a][0xf9] [0xce]jD[0xab][0x80][0xa0][0x87][0xb]J[0x8b]A{[0x12][0x8b]2A%y[0x6]hH[\n]"
17:11:38.219 [main] DEBUG org.apache.http.wire -  << "[0xe5][0xc8]J[0xb]S[0xd0][0x2]i[0xe2]lE,[0x17][0xc7]][0xda][0x80]G[0x9f]a[0xbd]a[0xcc][0xa3]9L[0x8c]@+[0xfa][0x89][0xb3][0xe]Qg[0x11][0xf4]d.t[0xeb]#t[0x88][0x1f][0xbd][0x15]dJ[0xec][0xa2]bs[0xd0]Y[0x9a][0xd0][0xac]Br[0xd3]371#[0xb7]4[0x5][0xe9][\n]"
17:11:38.219 [main] DEBUG org.apache.http.wire -  << "[0x10]l[0xa3]a[0xe6][0x16][0xc4]n\1[0x7][0xe5]6[0xa8][Hk%e[0x81][0x16][0xc][0x82][0xe][0xc][0x5][0xdd][0x8][0x82]e[0xb8][0xd5][0xd8][0xc][0xb4]U[0x84][0x98]H0G[0x1a][0x83]$>[0x91][0x83][0x8f]#[0xcb][0xca][0xac]L40[0x84]F[0x8]J[0x89]ld[0x1]:1[0x83]8[0xeb][0x11]y[0x8c][0xb4] [0xc8][0x87][0xae](I.C][0xaf]in[\n]"
17:11:38.219 [main] DEBUG org.apache.http.wire -  << ":[0x2][0x8c]8[0xbb][0x11][0x99][0x8c][0xe4][0xa4][0x90][0x91][0x98][0x7][0xba][0x17][0x1c][0xe7][0xf5][0xeb][0xe6][0xa0]j[0x94]8W 2[0x1d]i![0x90][0x92]X[0x9c][0x8][\r][0x4]H[0xd7][0x0]e'[0x8c][0x99]1[0xe8][0xe4][0x1b][0xe2]\[0x80][0xc8][0x87][0xd8][0xcb]r[0xd0]ETE[0xe6][0xd8][0x8f][0xa5]$[0xba]8[0x5]o[0xce][0x86][0xa6]v<[0x95]orNbU)[0xe8]h?ly[0xcb][0xc2][0x94][0xd8]]![0xe6][0xa0]T@[0xd8][0xb6][0x9c][0xc4][0xdc][0xc4]"[0xec][0xf7]3[[0x80][0xaf]v"*[0x0]A[0xad]t[0xc2]v[0xe5]&[0x16][0xa5]ddV&f$f[0x81][0x7][0xb3][0xb0]T[0xf9][0x86]D[0x1f][0xbc][0xb]>[0xf1][0x9]j'[0xc1][0xc2]3[0xf][0xd1][0xde][0x6][0xad][0x16][0xaa][0xc2][0x16][0xb4][0x86][0xc6][0xc4][0xce][0x1c][0x9a][0x83][0x96]XB[0xad][0xc6][0x9e]^[0xb2][0xc0][0xe7][0x8b]B[0xf]1[0xc7][0xde] 5[0xb6][0x4]M[0xed][0x12][0x15][0xba] [0x85]P[0xeb][0xb0][0xb7][\r]a[0xf7]`[0x98]a[0xbd]`[0xc5][0xc8][0x1c]t[0xba][0x16]q6![0xb6][0xb7][0x10]_[0x16][0x96]'[0xa6][0xa7][0x9a][0x83]o[0xe0]@o[0xe0][0x18]Y[0x10];[0x17]l[0xe]j[0xe9]A[0xfd]H06[0x8b][0x13]s[0x8b]KA[0x8b][0x8][0xa1]G(C2?[0xca][0xba]LsK[0xd0][0xe8]:q~F[0x14][0xc0][0xc4][0xfb][0x19]2[0x19]S[0x94][0x98][0x99][0x91][0x98][0x7]j[0xda][0xa1]u[0x97]M[0xcd][0x89]m[0xd9][0x81][0xaf]%[0x87]z[0x1c]O[0xa1][0x0][0xbe][0x9c][0x11]t[0x89][0x10]h|[\r][0xdb]H[0xb4][0xa9]9h[0xe9]2q[0x1e]F[0x94][0xb7]$[0x97][0xfa][0x5][0x89]E[0x89][0xb9][0x99]%[0x89][0xc6][0xe6][0xa0][0xa5][0xb0]X[0xe6][0x1][0xcc][0x89]n[0xe2][0x81]S%[0xd4][0xe7][0x4][0xa3][0x1c]T[0xdb]d[0x97][0x16][0xc3]"[0x1c]m[0xde][0xc9][0xc2][0x14][0x94]#[0x89][0xf2]<h[0xbc][0x1e]j)[0xee][0x16][0x1e][0xf4][0xfe][0x88][0xe2][0xc][0xd0][0xd6]UP[0xf4]"[0xaf][0xd8]7[0xb6][0x0][0xe5]G[0xe2],Cd'[0x92]C[0xba][0x18]^[\r]`[0x8b]n[0xb][0xb]"
17:11:38.219 [main] DEBUG org.apache.http.wire -  << "[\r][\n]"
17:11:38.220 [main] DEBUG org.apache.http.wire -  << "779[\r][\n]"
17:11:38.220 [main] DEBUG org.apache.http.wire -  << "[0xd0]jL[0xe2][0x1c][0x81][0x18][0xe3][0xc4][0xed][0xe3][0xd2][0x9c][0xca]D[0xd8][0xf9][0x98]X[0x9a]S[0xa6][0xc4]^[0x11]bl[0xe]Z[0xbb][0xb][\r]`[0xe2][0xb3][0x13]l+4[0xf8]|PP[0xca]B[0xcb]OF[0x86][0xc4][0xce][0xaa][0x99][0x83]F>[0xa1][0xf6][0xe3][0xc9]O[0x99]9[0x95][0x89][0xc5]f[0xa6]X[0xeb][0x1][0xa2]w[0xda][0x80][0xcf]d[0x80][0xda]Er[0xfc][0xa6]f%"[0xad][0x80][0xc2][0x1c][0x9b]1$z[0x90][0xde][0x1c][0xb4][0x6][0x13][0xea][0xc][0xdc]1[0xc][0xba][0xff]0[0x1f][0xb4][0x7][0xb2][0x8][0xd7][0x2]6cb[0xef] 3[0x6][0xdf][0x3][0x7][0xb5][0x91][0xb4]&[[0x1][0xfc](![0xec][0xfb]?[0xcd]@[0xd3][0xd3]D%k[0xa4][0xb1]M[0xe2][0xd3]Y[0xe][0xf8][0xec][[0xe8][0xad][0xd4][0xd8][0xeb]eCSb[0x17]K[0x99][0x9b]![0x9a][0xcf][0xa4][0x85][0x2]t[0xfe]</[0xbf],[0xb3][0x4]t[0xaf]!x[0x16][0x1b]m[0xf2][0xcb][0xd0][0x98][0xd8]C[0xc8][0xcc][0x91]NU"X[0x90]f#&Q[0xb1]M_[[0x10]={n[0xe][0xda][0x95]GV[0x1a][0xc8]K,[0xca][0x2]-W+.[0xc5]z'[0xb8][0x19][0xd1][0x8b][0xc][0xcd]A[0xfd]z[0xa8][0x13][0xb0]7[0x8c][0xc0][0xb]D[0x91][0x1a][0xa0][0xa2][0x5][0xad][0xe7]laAtU[\r][0xea]bC[0xad]#-[0xbe][0x13][0x93]*[0x13][0x8b]a[0xb5]7[0xb6]V[0xaf][0x19][0xb1][0x87]0[0x98][0x83][0xf6]p[0x91][0xe5][0x86][0xbc][0xf2][0xc4]d[0xd0][0x9a][\r][0xd0]07[0xea][0xed][0xa0][0xe6][0xc4]^uhl[0xe]J[0x92]P[0xdb][0xf1][0x14][0xae]%[0xa9][0xe9][0xa5][0x19][0xa6]f[0xa0][0xc0]F[[0x89]hH[0xf4]9[0xef][0xe0][0x13]=[0xa0]V[0x91]\[0xb6]&[0x83]F[0xdc]2A[0x1b]*A[0xc7][0x8b]b+[0xe4][0x8d]L[0x89][0xad]P[0xc]A[0x8d]g[0xa8]C[0x8][0xe6].p[0xfd]U[0x99][0x88]o[\r][0xad][0xa1]![0xf1]k?[0x11]S[0xcd][0xc4][0x17]q[0xb0]S7[0xa1][0xb][0x16][0xb][0xd0][0x96][0xd1][0x1b][0x9b][0x13][0xbb][0xdf][0xd0][0x90][0xa8][0xa6]RFbnfnbnb^iN[0xe][0xe8]|[0xf][0xac][0xc5][0xba][0x91]1[0xb1]3[0xb2][0x86][0xa0]>;4[0xb4][0xf1][0xa4][0xb0][0xc4]L[0xd0]}[0xd8][0xa8]{{[0xd0][0x9a][0xc][0xa6][0xe0][0xac]BLUb[0x8][0xba][0x90][0x10]j'[0xf1][0xe1][0x9c][0x91][0x97]X[0x90]YRZP[0x9a]S[\n]"
17:11:38.220 [main] DEBUG org.apache.http.wire -  << "[0x1d][0x1]BK[0xeb]FD[0x1f][0x92]e[0x8]Z[0xa8][0xe]u[0x0][0xf6]r[0xac][0xa2][0x8][0xba]T[0x13]K[0xdb][0xcc][0xd8][0x0][0xb4][0xbb][0x83]8[0x8f]"F[0x91]q7[0x14]@Wp@[0xae]S[0x2]e`[0x94][0x91]T[0x13]bo[0x18]46[0x4][0x9d]G[\n]"
17:11:38.220 [main] DEBUG org.apache.http.wire -  << "[0xf5][0x12]ieevbei^[0x6]hA3[0xf6][0xfa][0xd9][0x94][0xf8]-=[0xa0]18[0xa8][0x1b][0x88][0x8f]W[0xf0][0x19][0x99][0xa0][0xdb][0xb8][0xb0]M[0xf1][0x1b]Z[0x80][0x8a][0x3][0xe2][0x2][0x1b][0xd1][0xcd][0xc2][0x93][0x92]A[0xfb]V[0xc1][0x93][0xbd][0x89][0x99]y[0xe0]K@P[0x96]n[0x9a][0x98][0x80]&Q[0x88][0xb3][0x8e][0xd0][0x18]Vvj^j[0xb1][0xb9][0x11][0xe8]:.[0x8c]M[0xd6]&[0xa6][0xa0][0x9][0x14][0xe2][0xec]A[0x14]J[0x4][0x8b][0xc3]lP[0x9d]W[0x96]Y[0xc][0xbe]R>[0x5][0xd3]{[0xa6][0x96][0xc4][0xce]s[0x1a][0x82][0x16]XB[0xe3][0x92][0xa0][0xb5][0x5]E[0x89])[0x89]y[0x89]Y[0x99][0xb8][0x8e][0x1c]3&[0xfa][0xec]e[0xf0][0xee]8[0xa8][0xbd][0xa4][0xa5][0xe3],[0xf0][0xa6][0xbb][0xc4][0xc]l[0xad],C[0xb][0xd0]5[0xdb]D[0x5]7h[0x18][0x1b]j?[0xc9][0xd5] b[0x6][\n]"
17:11:38.220 [main] DEBUG org.apache.http.wire -  << "|[0xa9][0x1d](;[0xa3][0x17][0x92]D[0xb7][0xb5][0xc][0x91]:[0x19][0xa4][0x5][0x4][0xac][0x1a].[0xcf]L[0xca]/[0xcf][0x87][0x96][0x95]h[0x8d]0S#[0xd0][0x12]][0xe2][0x2][0x4]Q[0x86][0x91][0xe6][0xe][0xd0][0xc9]>[0xb9][0x89]y[0xf0]s[0xe]JS[0xd0]/a67[0x3][0xad]="[0xce][0x15][0xe4][0xc][0x1a]Ag[0xe2][0xb3]@K,[0xb0][0x14][0xe4][0xe6]F[0xa0][0xca][0x8f]8[0xeb][0x11]=[0xf]<eKQb.(#@w[0xe2]c[0xb1][0xd1][0xd4][0x84][0xd8]A#C[0xa4]>[0x6][0xee][0xaa]#[0x5][0xd1][0xe][0xc0][0xd6][0xca]%[0xfa][0x96]![0xf0][0x89][0x1f][0xd0]T[0x8f][0xc7][0x88][0xfe][0x13][0xf8]RLP[0xfa]F[0xbd][0x10][0xd7][0xc][0xb4][0xe9][0x90][0xb8][0x0]E[0x94]j[0xb8][0xbd][0x7][0xed][0xb6][0x99][0x82][0x8f][0xab]F[0xb5][0xc9][0x82][0xe8][0xa8]#[0xbb][0x13][0x1][0xde][0xa8]][0x9e]X[0x92][0x99][0x94][0x98]][0x2][0xda]Q[0x8c][0xbd]~42#[0xb6][0xff]j[0x88][0xd4][0x97] [0xb9]l)JLI[0xcd]C[0x14]0[0xa0][0xb0]G[0xdf][0xcf]an[0xc][0xda][0x88]IT[0xf0]#[0xf5]+H[0xcb][0xd4][0xe0][0xaa][0x13][0xbc]N*/1[0xab][0x1c][0xc7][0x96]Cs3b[0x97][0xf1][0x18]"[0x9d][0xc9][0x8a]'[0xe1][0x95]g&[0x81][0x8e][0xee][0xca][0x87]\#[0x86][0xad]afB[0xec]E[0x10][0xe0]%"[0xd0][0xb4]Nr,[0xe4]%[0x16]'&Y[0x82][0xc7]b[0x91][0x87](M,A[0x9b][0x8b][0x89][0xb]yDAF[0xb0]^[0xad]@[0x9c][0xd6][0x83][0xcd][0xcf][0xa6]F[0xa0]EB[0xc4][0xd9][0x8a]([0xbf]H[0xf6]svbQ^[0xa2]![0xf8]0C[0xf4]![0x13]b[0xf][0xa2][0x86]l[0xd9][0x82][0x6]:[0x9e]x[0xae]J[0x4]mb/JD[0xb4]`[0xb0][0x14][0xa2][0xe6][0xc4][0xd7]][0xa0][0x95][0xe9]P[I[0xf6]v%[0xe2]:[0x10][0xac]},S[0xb][0xd0]i[0xa5][0xc4][0x85]>[0xa2][0xb0]#-[0xb7]U![0xc6][0xa4][0xb1][0x1c]c`aDtk[0xe]i[0xd5][0x1a][0xf1]-sp[0xe7][0xba]8[0x11]45[\n]"
17:11:38.220 [main] DEBUG org.apache.http.wire -  << "Z[0x1][0xb]*r[0xd0][0x9a][0x11]FF[0xa0]"[0x8d][0xa8]0@:[0x9d][\n]"
17:11:38.220 [main] DEBUG org.apache.http.wire -  << "{[0x97][0xab][0xa0]([0x11]t[0x90][0xa4]1[0xd6][0xfb][0xb8]L[0x8c][0x89][0x1d][0xa7]4D:[0x93][0x8a]x[0xaf][0xa6]$[0xe6][0x80]fH!9[0x1b][0xad][0xcd]ffH[0xec]*cCP~[0x84][0xa6]7[0x82][0x99][0x1b]:[0xfa][0x9f][0x9a][0x3][0xda][0xb9][0x8d][0xa5][0xf6]66[0x0][\r][0xf8][0x11][0x17][0xb6][0x88]&[0x1a][0xee][0xca][0x14]z'y6[0xe8],[0xa6][0xc4]<h[0xb3][0x10]-C[0x9b][0x9b][0x82][0x96][0xc5][0x11]g'[0xa2][0x1c][0xc3][0x93][0xa1]!gMA[0xd7][0x9]B[0xa6][\r][0xd1][0xac][0xb4] [0xfa][0x9a](C[0xd0][0x2][0x7]h[0xe8][0xe2][0xf6]&h[0xbb]*hmb[0x6][0xf8][0x80][0xba][0x82][0x12]=[0xf4][0xdd]r[0xc6][0xc4]^[0xf0]l[0xc][0xde]a[0x3][0xb5][0x90][0xf8][0xa4]T[\n]"
17:11:38.220 [main] DEBUG org.apache.http.wire -  << "[0x9d][0xcc][0x82][0x86]0r5ahA[0xf4]X[0x10][0xe8]Tu[0xa8][0xd5]$[0x97]\[0xe0][0x19]w[0xf8][0x1a]-[0xec][0xad][0x16]S[0xf0][0xd1][0xe4][0xc4][0xc5]4[0xa2][0xf4]"[0xd9])[0xa9][0xc5]%[0xe0][0xc6][0x82][0x99]1[0xa8][0xf4]@[0x8f][\n]"
17:11:38.220 [main] DEBUG org.apache.http.wire -  << "3[0xe2][0xe3][0x1e]i[0x1d]%[0xf1]Q[0x1][0xbe][0xe5][0x1b]r[0xd2][0xe][0x96][0xc]fjJt_[0x1f][0xa4][0x10][0x1a][0x1b][0xd8][0xb]/[0xd8]![0xc6][0xd8]w[0xd6][0x1b][0x19][0x83]V[0xc2][0x13][0x15][0xd8][0xa0]a[0x1][0xa8]M[0xd8]W:@{[0xb9][0xa0][\r]Y[0xa0]s[0xa8][0x93][0xcb][0xf4][0xd0][0x9b][0x81][0x86][0xc6][0xa0][0xbe][0x3]q[0xb6]![0xa6]*I[0xab][0x98][0x10]#[0x81][0xb9][0x89][0x19]i[0xa5])[0xd0][0xc4][0x8e]1[0xce]a[0x4][0x9e]+#[0xce]-[0x88]B[0xc][0xbb][0xcf][0xa1][0xbb][0x12]@+[0x9d][0xc1]Gp[0x17]`[0xa9][0x12]![0xc7][0x9e][0x10]g[0x1f][0xa2][0x0]#[0xcd][0xef][0x5][0xa5]%[0x99][0xb0][0xb5][0x81]X[[0x6]ff[0xa0]>[0x7]q[0x8e]@[0xb4][0xcb]HJ[0xd6][0x99]Y[0x89]y[0x6][0x86][0xd8][0xb3][0xb6][0xb9]9[0xa8][0xae]%[0xce]z[0xc4][0x90][0x19][0xc1][0xfa][0xaa]8/[0x11][0xb4][0x5][0x12]{C[0x94][0xe8][0x1d][0xf9][0xa0][0xb9][0x1f][0xbc][0xe9][0x1b][0xb2]][0xbd]$[0xb3][0x4]<z[0x85][0x91][0xa0]L[0x89]o[0xe7]#m[0xeb][0xc6][0x9e][0xa0]R '[0xe3][0xe6]&[0x82]NP[0x85]]+[0x8d]^F[0x11]b[0x95][0x11][0xd2]BO[0xec][0xa5]D18[0xf3][0x82][0xd6][0xcb][0xa2][0xdb]bAt[0x9e]5BZ[0xc2][0x89][0xbb][0x16],At[0xd5][0xb1][0x8d][0x87][0x91][0xb0];[0xc]i[0xb5]&n[0xeb][0xca]AGO[0x19][0x81][0xbb][0x8]h-D3[0x3][0xd0]F[\r]b[0x12]#[0xb8]U[0xf]M[0x1a]$[0xd7]3Y[0xd0][0x1b][0xc2][0xb1]y[0xd6][0xd0][0xc][0xb4][0xa9][0x8e]8' [0xca] [0xec]1XU[0x9c]XP[\n]"
17:11:38.220 [main] DEBUG org.apache.http.wire -  << "[0xba][0xdb][\r]t[0xe0]`f[0xe]b'[0xb6][0xb1][0x11][0xb1][0x93][0x2]F[0xa0][0x96],[0xd4][0x9f][0xc4][0xe7][0xf9][0x12][0xd8][0xa8][0x1e][0xb6][0xfc]gB[0xf4][0xf5][0xbf]F[0xa0]} P[0xcb]I[0xe][0xe4][0xa4][0xc4][0xf4]L[0xfc]sm&[0xc6][0xa0][0xa9][0x1d][0xe2][0x82][0x1a]Q[0xf4][0x10][0x1f][\n]"
17:11:38.220 [main] DEBUG org.apache.http.wire -  << "[0xf9]y[0x99]&[0xc6][0xd8]B[0xc0][0xdc][0x8][0xd4]`"[0xce]b[0xc4][0xb8]=[0xf1][0x16][0x97][0xe6]fB[0xe2][0x1d]K[0xd4][0xc4][0x82][0xd8][0xc5]PF[0xa0]s[0xa6][0xa0][0xa1][0x8f][0xa7][0xd1][0x9c]Z[0x96]h[0x80][0xf5][0xd6]nC#b[0xc7]K[0x8d]@[0xe3][0x8c][0x84]m[0x82]v[0x6][0x8c][0xc1][0x8b][0x9][0x91][[0xaa][0x16]&[0xc4]v-[0xc1][0xc7]!Am"><[0xc1];[0xfe][0xf2]J2![0x87][0x10]ci[0xc4][0x98][0x99][0x11]{6[0x89][0x11][0xe8]RE[0xa8][0x3][0xf0][0x4]*xn[0xc2][0xdc][0x12][0xb4][0xb8][0xc]e[0xd5][0xb2][0xb1]%[0xd1][[0xc][\r][0x11][0xa5][0x3][0xaa]E[0x0][0x0][0x0][0x0][0xff][0xff]"
17:11:38.220 [main] DEBUG org.apache.http.wire -  << "[\r][\n]"
17:11:38.221 [main] DEBUG org.apache.http.wire -  << "7AD[\r][\n]"
17:11:38.221 [main] DEBUG org.apache.http.wire -  << "J-N.[0xca],[0x0][0x8d][0x11]*Y)[0xa5]$[0x16][0x95][0x82][0x86][0x89]R[0xd3]@3[0xb4][0x19][0xa0][0xe9][0x1f][0xf4][0xd3][0x88][0x88]^[0x89]j[0x84]t[0xb0]$[0xf1][0x81][0x9b][0x95][0x98]R[0x94][0x99][0x98][0x7][0x9a][0xb1][0x5][0xd5]5([0xeb]4M[0xc0][0xa7][0x9d][0x10][0x95]Q[0x90]v[0xeb]c[0xaf]?aG[0xec]f[0x83]W[0xed]A[0xba]Z[0x88][0x12][0xd1][0x84][0xe8][0xad]=[0xe0][0xa2][0x13][0x1a][0x83][0xd8][0x8b][0xdd]J[0xd0]:*[0xd0]JL,[0xd9][0xcf][0x18][0xbc]0[0x86]([0x1f]![0x1d][0x9]@r[0xe1]WPZR[\n]"
17:11:38.221 [main] DEBUG org.apache.http.wire -  << "*[0x83][0xc1]'F[0x17][0x94][0xa0]Oe[0x98]Y[0x10][0xbb][0x9][0xc5][0x8]4F[0xe][0xf5]-[0xde]d[0x4]Z[0x3][0x9f][0x7]?j[0x1d]kK[0xd3][0xdc][0x2]T=[0x13][0xe5]w[0xd0][0xd0]0[0xd4]V[0x92][0xfd][0x9e][0x8][0xd9][0xcc][0xf][0xca];([0xd3][0xd3][0xa6][0x86][0xa0][0x2][0x8d]8[0xeb][0x11][0x87][0xf4]a[0x8f][0xe2][0xec][0xc4][0x14][0xd0][0x19][0xd1][0xb8]O[0x9f]1[0x1][\r][0xe6][0x11]g[0x17][0xa2]WC|[0xa6][0xa9][0x2][0x1f][0xf8][0x9e][0x92][0x98][0x81][0xb5]z1[0x1][0xad]~#[0xce]rD[0xb7][0x2]{[0xae][0x1][0xf7]G[0xf3][0x12]![0xd7][0x8][0xa1]g[0x1a]ccb[0xdb][0xee]F[0xa0][0x9d]][0xd0][0x8]%[0xde][0x97]`[0xcb]s[0x13][0xb3]KK[0xb0][0x1e][0xcb]`jH[0xec][0xfa]q#[0xa2][0xe][0xb7][0x3][0x1d][0x1a][0x93][0x9f][0x97]_[0x9c][0x99][0x92]Y[0x8][0x1a][0x0]@[0x1b][0xfb]1#[0xfa]|-#[0xa4][\r][0xf][0xc4][0xfb]6;1+5[0xf][0xa9]%[0x8c]5[0xf][0x19][0x82]G[0xc][0x89][0x8b][[0xc4]H[0x8][0xf6]D[0xc][0xbe][0xc2][\r]>o[0x84]-%Y[0x10][0xbd][0x9d][0xd3][0x8][0xd4][0xaa][0x80]F0[0xc9]96+[0xb1][0xa8]<1%[0xd3][0xcc][0x0][0x94]g[0xd1][0xd6][0xc9][0x98][0x11][0xbd]P[0x7]<[0xbe]L[0xae][0x13]2 kJ[0xb0][0x94][0xd8][0xa6]D[0x1f]$e[0x4]Z[0xc6][0x4]u[0x0][0xf6][0x10]G[0xc]D$[0xe6][0xe5][0xe7]bk[0xfe][0x1b][0x99][0x11];[0xf8]b[0x84][0xb4]'[0x2]{[0xde]-[0x3]-[0xa3][0xb4][0x80]][0x1a][0x87][0xdc]`2![0xfe][0x94][0x16][0x13]D[0x9]A|R[0x6][0x8f][0xc5][0xe7]&[0xe6][0x81][0xd6]pb[0x19][0xcb]2#z[0x1d]/[0xf8][0x88][0x17][0xfc]A[\n]"
17:11:38.221 [main] DEBUG org.apache.http.wire -  << "Z[0xb][0x94][0x98]g[0x82][0xfd][\n]"
17:11:38.221 [main] DEBUG org.apache.http.wire -  << "][0xa2]W[0xc9][0x1a][0x81][0xce]<[0x81]ZD[0xbc]?A;[0x95]@[0xe3][0xc][0x19][0xf9][0xb9][0xa0]S[0xe6]A[0xed][0x17][0xf4][0xbe][0xb2][0x99][0x1][0xf1][0x11][0x8a]h[0xeb][0x13][0x1e][0xdf]@Tr[0xe8][0xdb]j[0xc][0xcd][0x88][0xdd][0x4]f[0x4]Zk[0x8][0xf5]4[0xc9][0x99]6'[0x11]tf[0xac]!8[0xcf][0xa2][0xb4]Q[0x8d][0x8c]Am\[0xa2][0x8a]([0xa4]5[0x84]x[0x1a][0x17]I[0xb0]cj[0xb1][0x8f] [0x99][0x99][0x11]][0xd7][0x82][0xa6][0xe1][0xa1][0xfe][0xc5]=<P[0x90]Z[0x94][0x9b]X[0x92][0x98][0xe]^[0xc][0x8e][0xfd][0xe0][0x9]3#[0xd0][0x11][0x83][0xc4]y[0x11][0xb1][0xc9][0x3]{[0x99][0x90][0x99][0x2][0xda]4[0x3]Z[0x89][0x81][0xad]<01[0x5]-#'[0xce]&DC[0x2][0xb7][0xe7][0xc0];[0x85]2[\r]M[0xb0][0xd9]ed[0x1][0x1a][0xcf]%[0xce].[0xa2]:[0x17][0xd9][0xa0][0x8b]-J[0x12]A[0x9d][\n]"
17:11:38.221 [main] DEBUG org.apache.http.wire -  << "[0xf4]laN[0xf4][0xa5][0xb]FHk[0x5]q[0xfb][0xab][0x12][0xde][0xda][0xc5]R[0x84][0x1b][0x11][0xbd]'[0xc7][0x8]iQ [0xc1]<[0x8][0xda]O^da[\n]"
17:11:38.221 [main] DEBUG org.apache.http.wire -  << "[0xf2][0x1e][0xca]r[0xf]C[0x13]b[0x87][0xb4][0xc1][0x81][0x0]M[0x90]x2@rjnANi[0x1e][0xe8][0x82][0xa1][0x92][0xc4][0xdc]Dp1[0x83][0xba]H[0xdb][0x98][0xe8]cU[0xc1][0x7][0xa0]B[0xad][0xc4][0x91] a[0x17]*b)[0xb9]-[0x88][0xbe]?[0xce][0x8]i[0xa7][\r][0x89]#[0xd6]E[0x89][0xc5][0x89][0xc5]%[0x89][0xd9][0xa9]U[0x99]8[0x96]lX[0x98][0x11][0xbb][0xcf][0x8]ie v[0xef][0x82][0xb3]{JfbNf6[0xf8][0x94]1,[0xbb][0xd6][0xcc][0x88]>![0xd7][0x8]4[0xe][0x0][\r]]|[0x11][\n]"
17:11:38.221 [main] DEBUG org.apache.http.wire -  << "[0xba][0xaf][0x17][0xff]^[0x17]S3b[0xf][0x7]1[0xa2]d[0x11]`jv[0xbe][0x81]%(A[0xe5][0xa5][0x96][0xa0][0x1e]nc[0x8]ZuCTa`[0x86](xH[0x8b]i[0xd0][0xb9](E[0x99]F&[0xa0][0xc6]6[0xca][0x6]yc#b[0xd7][0xd1][0x82]OS [0x1c][0xe0][0x90][0x1][0xd7][0x8c]D#[0xb]l[0xcd]\##b[0x17][0xc4][0x18][0x81]zVP[0xeb][0x88]o&[0xe4][0x81][0xee][0xf7]11[0x5]y[0x13]ex[0xc3][0xd4][0x14][0xd4][0xba]".[0x8c][0x11]S/x[0xd2]U[0x1a]41[0x83]lB[0xa9][0x93]-[0x88][0xaf]F@e[0x17][0xd4][0x87][0xd8][0x9b][0x95][0xf0][0xf9][0xea][0xf4][0xc4][0x94][0xcc][0xbc]tP[0xf1][0x87]>[0xa9]gn[0xe]:I[0x90]8[0x8f]![0x1a]=$7A[0xca]2[0xb3]K[0xf2][0x8b][0xb2]K[0x8b][0xf2][0xc0][0xd3][0xb6][0xd8][0xea]4s3P[0xc7][0x84]8[0x97] [0xfa]K$&[0xe3][0xc4][0xbc]T##l[0xb6][0x1b]Y[0x82]V[0x8c][0x11]e;h[0x12][0xe]o[0xb0][0xe7]$[0x96]d[0xa6]!:[0x10][0xd8][0xac]36[0x1]5[0xe8][0x88][0xb3][0xe]1[0xc2]A[0xb0][0x9e][0xcb][0x5][0xdd][0x9b][0x9c][0x97]h[0x1][0xbe][0xec][0x1b][0xbd][0xb5]i[0x6][0xde][0x9e]@[0x9c][0x9d][0x88][0xa6][0x10][0xee][0x8a][0xbc][0x10]t[0xa8]%[0xf8].X,[0x15][0xb9][0xa9][0x19][0xb1]SwF[0xa0][0x80][0x87][0x86]'i[0xb1][0x9][[0xd5]e[0x88]ui[0x8f][0xa9])hN[0x82]8[0xef]"[0xda]H[0xd8]3Rvbri^:lp[0x5][0x8b]w[0xcd]M[0x88][0x9e]'[0x0][0xed][0x10]#[0xcb][0xbb][0xe0][0xd3][0x8e][0x12]-[\r]A]o[0xb4][0xa5]D[0x86][0xe6][0xa0]S[0x8c][0x88][0xf3]+[0xa2]x[0xc2][0xee]W[0xe8][0x90]hJbQnb[0x16]xC#[0x96]z[0xd6][0xd0][0x12]4LD[0x9c][0x85][0x88][0x9][0x19][0xec][0xd5]z[0x9][0xd2][0x9][0xe6][0xa0]Mm[0x99]9([0xd5][0x9b][0xa1]![0xd1]#[0xa0][0xa0][0xde][0x5]4h[0xf1][0x14][0xbd][0xa0][\r][0xb4][0x89]%[0x99][0xa0][0xa3]Q[0xc1];[0x9d] [0xcb][0x87][0xb0]x[0xd2][0xd4][0xc][0xd4]q'[0xce][0x93][0x88][0x12][0x89][0xf8][0xca][0x6][0x94]Y[0xa1]g@b[0xef]/Y[0x98][0x12]=[0x87][0x80][0xb4][0x10][0x8f]`)[0x1]=!0[0xf]T)[0xa4][0xe2][0xb0][0x99][0xf8][0x3][0x12]A[0x3][0x8b][0xd0]@'[0xb9]Z[0x80]u[0x5][0xb2][0x13]s3AG[0xe8][0x15][0x80][0xcf][0x3]@[0x89]~3S[0xd0]1[0xc3]DE[0x2][0xd2][\n]"
17:11:38.221 [main] DEBUG org.apache.http.wire -  << "=[0xec])[\r]>[0x82]VP[0x9a][0x95][0x89][0xad]yaa[0x6][0xea][0xe7][0x12]g[0x19][0xa2])E[0xb2][0xb7]3[0x11][0x15]aA[0x89][0x1e][0xda][0xcc][0xb6][0x91][0x19]hM[0x12]qn@[0x94][[0x4]#[0x1d]v[0xe0][0x83]!x;'[0xf2][0x10][0x93][0x99][0x99]![0x91][0x97][0x81][0x18][0x81][0xce][0x83][0x82][0xc6]5[0xf1][0xc9][0xbc]817[0x1f]|[0xc6]5[0xf8]n[0xb]l[0xb5][0xa1][0x85][0x19][0xb1]+![0xc1]g[0x84]B]@Ze[0x91][0x98][0x97]i`[0x1]j>[0xa3][0x7][0xb7][0x1][0xd1][0xc5][0xb][0xe8]`l[0xa8][0xdd][0xc4][0xfb]>)1[0xbd][0xb4][0xd8][0xcc][0x8][j3"[0xfa]do[0xf0],4[0xd4]j[0xd2][0xbc]][0x99][0x98][0x97][0x9c]j[0x86]u[0xd6][0x97][0xf8][0xab]n[0x8d]@[0xab]7[0xa1][0xd6][0x13][0xef][0xf3]2[0xd8][0xce][0xd5][0x12][0xf4]{[0xbf][\r][\r]@sUD%qP^[0x80][0xda][0x8c][0xa7]H[0xcf]N[0xac][0xcc]I[0x84][0x9e]VWP[0x82]~[0xfd][0xb5][0x91][0x1][0xd1][0xe5]8[0xd2][0x82]<[0xe2]=[\n]"
17:11:38.221 [main] DEBUG org.apache.http.wire -  << "[0x9e]t[0x86][0xae]"[0x3]U[0xce][0xe8][\r]/Ss[0xd0]t+q[0xde]E4[0xbc][0xf0]x[0xb7],39[0xbb][0xb2]8[0x11]>[0x13][0x9c][0xa2][0x87]2[0xaa]alA[0xf4][0xc2][0x14]P[0xb3][0x1][0x1a][0xbc][0xc4][0xfb][0xb7][\n]"
17:11:38.221 [main] DEBUG org.apache.http.wire -  << "~@4[0xd6][0x89][0xf]s[0x3]P[0x13][0x87]8[0xef]"[\n]"
17:11:38.221 [main] DEBUG org.apache.http.wire -  << "0[0xec]%v6[0xbc][0x8d][0x9]>[0x9f][0xf][0xe9][0x84]G[0xb]sbOy[0x2][0x1f][0xe4][0xf][0xf5]$[0xc9]Eu"l[0xd5]-[0x96]![0x16]cK[0xa2][0xd7] [0x81][0xa6][0xbf][0xa0]N[0xc0][0x13][0xaf])[0x99]y[0x89]fXo#07[0x0]-[0x1]'.L[0x11][0xed]-[0xdc]m[0xf7][0xa2][0xe2][0xc4][0x9c][0xc4][0xc][0xd0][0x95][0xf1][0x18][0x1d]PSc[0xd0]0[0x1e]qV!z[0x84][0xa4][0x95]J[0xd0][0xfb]{[0xf3]-[0x8d]@[0xd6][0xa3][0xf]h[0x98][0x19][0x83][0xce][0x83] [0xce][0x5][0x88]v[0x17]n[0xcf][0x82]Z[0x17]9[0xa0]Sq*[0xf3][0xd3][0xc1]C[0x9c]X[0xda]zf[0x6][0xc4]n-2FZ[0x8e][0x87]'.AM[0xcb][0xf4]T[0xd0]}[0xb6]I[0xa5][0xd9][0xd9][0xa9][0xa0][0xbe]7[0xfa][0xa9][0xbd][0x16][0x96][0xc4][0xe][0xff][0x1b][0x13][0xb5]8[0xf]r[0x8]3tQ|r[0x19][0xb6][0xbb][0xb8][0xc][0xcd][0x88]mQ[0x1a][0x83]V[0x0]@[0x93],i[0x91][0xb][0xe9][0xeb][0xc3]o[0x1a]D[0xab]o[0x8d][0x89]nb[0x19][0x83][0xb6][0x92]B][0x80][0xbd][0xab][0x2]Z8[0x91][0x9d]X[0x8c]u[0xca][0xd9][0xcc][0x98][0xd8][0x95]F[0xc6]d_[0xe5][0x92][0x9b][0x99][0x9c][0x91][0x9a][0x93][0x93][\n]"
17:11:38.221 [main] DEBUG org.apache.http.wire -  << "+[0xfb][0xb1][0x16][0x87][0x16][0xe0][0xab]b[0x88]I[0xcd][0xe0][0xbd](x=[0xc]^[0xe7]Y[0x9a][0x83][0xbd][0xed][\n]"
17:11:38.221 [main] DEBUG org.apache.http.wire -  << ">[0xe0][0x82]8{[0x10]}@[0xdc][0xb9]&7[0xb1](3[0x11]:[0xd1][0xe]j7a,[0x99]54[0x6]u:[0x88][0xb3][0x10]Q&a[0x8f][0xc9][0x9c][0xc4][0xbc][0x92][0xc4]"[0x13][0xac][0x93][0x1d][0xc4][0xaf][0xbd]6[0x6][0x8d]5C[0x3][0x10]O[0xd6][0x4][0xdf][0x11][0x9f][0xb]Z)Q[0x9a][0x97][0xe][0xf2][0x1a][0x0][0x0][0x0][0xff][0xff]"
17:11:38.221 [main] DEBUG org.apache.http.wire -  << "[\r][\n]"
17:11:38.222 [main] DEBUG org.apache.http.wire -  << "A15[\r][\n]"
17:11:38.222 [main] DEBUG org.apache.http.wire -  << "BK[0xa2][0x16][0x96][0xc4][0x8e][0x89][0x19][0x83][0xd6][0xa9]@-[0xc4][0x1d][0x92][0xd0]3[0x1f][0xb2][0x12][0x8b]A7[0xa0]Wd[0xe6][0xe0][0x8d][0x83]D[0x5]#q[0x8b][0xef][0x10][0xcb][0xa7]@[0x83][0x16] [0xff][0xa1][0x17][0xb0][0x16]Do[0xc7]1[0x6]u[0xbe][0xa0][0x1e]$[0xb9][0xee][0x84][0xad]1[0xca][0x5][0xad][0x87]N[0xc9][0x4][0x15][0x81][0x18][0x89][0xc8][0xc][0xbc][0xe0][0x83]8[0xdf][0x13][0xd5]6[0xaa][0x80][0xf5])[0xa1][[0x7][0xd0][0x7]<[\r][0xc1]w[0xa8][0x12]g![0xa2][0x8b]G|[0xe3](+3/[0xb1]<[0xd3][0xc][0xbc][0x95][0x13]=[0xdc][\r][0x8d][0x88][0x9d][0xb6]3FZ[0x13][0x88][0xbd]e[0x4][0x19]'[0x87][0xd7]jX[0x9a]'f[0xe0][0xf9]8[0xe2]|[0x8a]X:[0x80];[0x19][0x83]{2[0xa0][0x1a][0x1b]|[0x9e][0x6]z#[0xd7][0x1c][0xbc][0xe5][0x96]8[0xdb][0x10][0xc5][0xf][0xc1]n+[0xb8][0xc4]3[0xc2]z[0x1c]&[0xf1]K[0xa3][0x8d]A[0xed]oh*[0xc6][0xed][0xbf]*[0xe8][0xc8][0x17][0xd6][0xae][0x1a][0xd1]W[0xb9][0x1a]#-o[0xc4]S[0x6][0x81][0xd7]]T&Z[0x82]gT[0xd0][0xd7]q[0x12][0xbd]Z[0xca][0x18][0xd4]s[0x87]z[0xc]{[0xc1][0x9a]WZ[0x4]:[0x90]$+[0xb1][0x18][0xb4]n[0x7][[0xe7][0xdb][0xcc][0x82][0xe8][0x8a][0x12][0xd4]K[0x87][0xda]FZ[0x93] 1%[0xb3][0xa4]2[0x11]Z[0xe]b[0x1f]q21[0x4][0x5][0x1c]Q[0xe9][0x7][0xd4][0xbb][0x81]:[0x83][0xf8]|[0x9][0xbe][0xd1][0xc0][0x10]v[0xec]>[0xda][0x82]1#[0xf0][0xe1][0xd1][0xc4]Y[0x8e]([0x85]H[0xb][0x83]2[0xd0]]7[0xa0][0xe3]hR[0xf4]P[0x16];[0x12][0xf5][0x94]1[0xe8][0xa8]H[0xa8][0xc7]q'c[0xf0][0xa9]l[0x16]X'9L[0x88]>[[0xd4][0x18][0xd4]2[0x85]ZE0[0x8f][0x82]m4[0x80][0xdd]Y[0x8a][0xd2][0x15]54[0x7][0xdd]"B\[0xc0]"[0xca] [0x92]k[0x1a][0xd8]YY[0xb0][0x9a][0x6]kC[0xcc][0xcc][0x9c][0xd8][0x8d][0xd5][0xc6][0xa0]IF[0xa8][0xef][0xb1][0x97][0xbe][0x89]y[0x99][0xc6][0xb8][0xb6]I[0x11]}[0x86][0xa9]1hk[0x7][0xd4][0x1a][0x92][0xbd][0x9c][0x92]Z[0xe]:[0x18][\r][0xe9]([0x16][0xf4][0x12][0xd9][0xd0][0x18][0xb4]S[0x89][0xb8][0xb0]Gt[0xe4][0xf0][0x94]Y[0xe0]q[0x8e][0xbc][0x92]LH[0x3][0x1f][1iH[0xf4]}[0xb8][0xc6][0xa0][0x11] [0xa8][0xdf][0xb1][0x97]\%[0x99][0xa0][0xc3][0xab]2s@[0x97]W`[0x8d]O[0x13][0xb]b72[0x83][0xcf][0xaf][0x80]Z[0x86][0xc7][0x89]9[0x89][0xb9][0xa0]U7[0xa0][0x3]f@[0x97]R[0x81][0xef][0xcf]A[0x99][0x6]67[0x1][0x95]=D[0x5])[0xd2][0xa9][0xdd][0xc4][0x17]R%[0x19][0x89][0xb9]E[0x99]y[0xa0]#[0x8f][0x92][0xb0][0x17][0x93][0xa6]D[0x8f][0xed][0x18]#[0xdd]\[0x84][0xc7][0xd3][0xa9][0xb9]I[0xa5][0x19][0xc5][0x89][0xe0][0x93][0xa7]A-4[0x14][0xff][0x1a][0x9b][0x83][0xd6]a[0x11][0xe7]_[\n]"
17:11:38.222 [main] DEBUG org.apache.http.wire -  << "[0xb2]/[0xf4]|m#[0x13][0xec]~67&v[0x81][0x5][0xf8][0xcc]b[0xc2][0x11]][0x98]_[0x94]i[0x8e][0xf5][0xcc]X#[0xb][0xd0][0xea]B[0xe2]<L[0xa8]OS[0x2][0x1a][0xbb][0x82][0xac]6,([0xd1]C[0xcf][0x9d]&[0xa6]Dw2[0x90][0xd6](c[0xcf]*[0x99][0xd0]{s@[0x83])([0x8b][0x9][0xcc],@s"[0xc4]y[0x7]1[0x92][0x82]'[0xb5]@o[0xcb][0x0][0x5] ([0xb1][0xa0][0xaf][0x15]3[0x1][0xb7][0xb4][0x88][0xb2][0xf]4[0xd9][0xf][0x8d])[0xe2][0xf3]GVb^[0xaa][0xa9][0x19][0xa8]K[0x93][0x9a]R[0x8a][0xd8][0x12]bl[0x8][0xda][0xfe]I[0x9c][0xb5][0x88][0xd9]t[0xd2][0xaa]oh[0xd5][0x2][0x9a][0xb3][0x3][0xdd][0x1c][0x8f][0xa5][0xbd]mhA[0xec][0x18][0x1d]xh[0x82]d[0xcf][0x83][0xcf][0xfe]*-NL[0x1]/~B[0xef][0xb3][0x9a][0x83][\n]"
17:11:38.222 [main] DEBUG org.apache.http.wire -  << "T[0xe2][0x82][0x0][0xd1][0xad][0xc1]^[0xb9][0x15]Bc[0x19]#[0x9c][\r][0xcd]A[0x13][0x1][0xc4]Y[0x82][0x18][0xd9][0xc5][0xdd]T[0x1][0x1d][0xcd][0x91]_[0x9e][0x9f][[0x9a][0x91][0x98][0x9b][0x9b][0x98][0x2][0x1a];G[0x89]WS[0x3][0xd0][0x82]%[0xe2][0xec]C[0x14]?[0x4][0xdb]+[0xa0]=[0xee][0xb9][0x99]y[0xd0]iPlmbcK[0xd0][0xe8][0x17]q[0x16]#:3[0xd8]3'[0xe4][0xb8][0xb4][0x94][0xc4][0xdc]RPx[0xa2],[0x9e]23[0x4][0xd5][0x12][0xc4]Y[0x83](m[0x8][0xfa][0xf][0xba][\n]"
17:11:38.222 [main] DEBUG org.apache.http.wire -  << "[0xc4][0x4][0xdc][0x7]EK'[0xa6][0xe6][0xc4][0x9e]Xg[0xc]Z[0xd8][0x5]M[0xa4]$[0xb7]N[0x92]s[0x13]A'[0xe5][0x16][0x81];[0xfd]h[0x8d]mC[0x12][\n]"
17:11:38.222 [main] DEBUG org.apache.http.wire -  << "[0x9][0xa2][\n]"
17:11:38.222 [main] DEBUG org.apache.http.wire -  << "%[0xf0]x[0x8e]9[0xd6][0xfd][0x9b]$[0x94][0xe7][0xa0][0x99]_[0xa8]w[0x89][0x8][0xe1][0x8c][0x14][0xd8][0xa5][0x89][0xc9]e[0xa8][0xed]y[0xb]C[0xd0]0[\r]Q[0x91][\n]"
17:11:38.222 [main] DEBUG org.apache.http.wire -  << "[0xaa]\[0x89][0xb5][0x12][0xbc]Q[0x17][0xbc]I,[0xb9]L[0xf]%[0x97][0x18][0x82]G[0xa1][0x88][0xb3][0x10][0xd1]y[0xc1][0x9e]X[0xb][0x90]N[0x2][0xc3]R[0xc4][0x91][0x12][0x9c][0x88]R[0x6]O}[0x92][0x1][0x1a][0x1a][0xca]+[0xc9]OJ[0xcc][0x6][0x1d]=[0x0][0xae][0xc0]P[0xd7][0xcb][0x1a][0x1a][0x80][0x1a][0xe3][0xc4][0xf9][0xe]Q[0xe6][0x10]_[0xa5][0xe4]g[0x97][0xe4]C[0xaf][0x8b][0x4][0xd7]h[0xa8][0xb6][0x1b][0x19][0x81][0x86][0x14][0x89][0xb3][0x1d]Q[0x2][0xe1][0x8][0xdb][0xd2][0xa2]r[0xe8].o[0xac][0xed]Y3c[0xa2][0xc7][0xe6][0x91][0xd6]>[0xe3].]!'h@C[0x18][0xfb][0x90]1[0xd1][0xf7][0xcd][0x19]#[0xdd][0x6]@8w[0xa4][0xa6][0x83][0x87]sAW;[0x81][0xce]u[0x3][0xd7]Wh+[0x96],[0x88][0xef][0x18][0x82][0xe6][0xf9][0xa0][0xb9][0x84][0xe4]r([0x1f][0xb4][0xb5]%[0xb3](5=[0xb1][0x8]k[0xc5][0x0][0x94][0x5][0x89][0x8b]^DQ[0x84];[0xc8][0x8b]R[0xb3][0x8b][0x13][0xa1][0xe7]sc[0x8d]cSS[0xa2]-$[0xbc][0x1c]:1/[0xa5][0xd4][0xd2][0x8]{[0x9b][0xd9][0xd8][0x9c][0xd8][0xd5]o[0xc6]H[0xb][0xa1]I[0xca]6[0x89][0xa0][0x5]i[0xb8]Nf53'[0xf6]"fc[0xd0][0xfa][0xb]h[0xfc][0x92][0xd6]$C[0xde][0x8f][0xc][0xba][0xde]0[0x5][0xd1]"47[0x3][0xd5]^DE,[0xd2]:a[0xdc][0x11][0xb]][0xa6][0x5]*[0xa6][0xc0]G[0x96]aY[0x2]h[0xc][0xee]e[0x12]g%[0xa2][0xcd]@83%[0xe6][0xa5][0x97][0xe6][0x15][0xe7][0xe7][0xa5][0x17]'f[0xa6][0x95][0xe6][0x80][0x1a]Ih[0x15][0xaa][0xa9]9[0xd1][0x1d]}[0xa4]%[0xc3][0x4]mNF[0x1c]T[0x87][0xc5][0xbb][0xa6][0xe0][0xbb]#[0x88][0xf3].bt[0x1]{[0x83][0x13]t[0x1e]gn&[0xe8]HL[0xf0][0xca][0x6][0xec])[0xda][0xc8][0x80][0xe8][0x96][0xb]h[0xfa][0x18][0x9a][0xa2][0xf0][0xd4]=[0xe5][0xd0][0x85]IX[0xb][0x6]c[0xd0][0x9e]n[0xa2]|[0x87][0xb4][0x1c][0x98]`[0x90]B'[\n]"
17:11:38.222 [main] DEBUG org.apache.http.wire -  << "as[0xc3][0xa0][0xea][0xe][0xa5][0xbf]mb[\n]"
17:11:38.222 [main] DEBUG org.apache.http.wire -  << "[0x9a][0x8b]$[0xce]ZDG[0x86][0xe4]R[0xb1][0x0][0xb6][0x92][0x15]k[0x19]ed[0x1][0x9a][0xd5]"[0xce][0x11][0x88][0xf6][0x4][0xc9][0x8e]H[0x87][0xd6]L[0xf9][0xd8][0x1a][0xe0][0xa6]&[0xa0]R[0x81]87 [0x1a][0x1a][0xa4][0x15][0x1f][0xd0]Q[0x87][0xdc][0xcc][0x9c]DlI[0xc0][0xd4][0x84][0xe8][0x12][0xc]4<[0x1]Mo[0xc4][0x97][0xa0][0x90]#[0xec][0xf2][0xb3][0xb1][0xef][0x98]614%rQ[0x9e]1h[0xb5][\r][0xd4]v|[0xa9][0x1d][0xb2]<[\n]"
17:11:38.222 [main] DEBUG org.apache.http.wire -  << "[0xd4]V[0x6][0x1d][[0x8c][0xa5]qghN[0xec]!+[0xc6][0xa0]A][0xa8][0x95][0xd8][0xdb]:Y[0xa9][0xc5][0xc5][0x99][0xc9][0x89][0xd0]([0xce][0x84][0xce][0xc5][0xa1][0xcd]s[0x98][0x1b][0x12]=[0x4][0x2]ZL[0xe][0xb5][0x10][0x8f][0x1f][0xc1][0x93]E[0xe0][0xf8][0xc4][0x9a][0xb0]-[0xcc][0x89]n[0xcc]![0xad]$[0xc6][0xee][0xc1][0xb2][0xcc][0xa2][0xdc][0xc4]<C[0xac][0x9d][0xe][0xb]C[0xd0]r[\r][0xe2][0x12]/1[0xad][0x8a][0xe2][0x12][0xd0][0xb8]$[0xb6]4jb@[0xf4][0xc0][0x7]h[0xae][0x1e][0x1a][0x82][0xd8]}T[0x9e][0x97][0x98][0x95][0xb]^[0x11][0x84][0xa5][0xb4]77$[0xf6][0x84][0x18][0xf0]A[0x3]P[0x8b]H[0xcb][0x8f][0xe9][0x89][0xc5]%[0x99]ff[0xa0]V8J[0xff][0xc6][0x82][0xe8][0xfb][0x17][0x8c]A[0xa3]]P[0xbb][0xb1]{[0x12]r[0x9f][0x9f][0x1][0xf8][0xb8][0x16][0xcc][0xd9]Y[0xd0]4!Q[0xd1][0x6][0x1a][0xe8][0x81][0xda]C[0xb0][0xcc][0x87][0x9c]-l[0x8e]}[0x9][0xa6][0x11][0xb1]g<[0x1b][0x83]n[0x86][0x86]Z[0x89][0xdd]k[0xa0]Q[0x1b][0xc8]l@[\n]"
17:11:38.222 [main] DEBUG org.apache.http.wire -  << "j[0xff][0xd0][0xc][0xbc][0xdd][0x9e]8![0xfa]0[0xd8]k[0xea][0xb2]\xs[0x4][0x9a][0xa7][0x91]W[0x12][0x1b][0x11][0xbd][0x96][0xd6][0x18][0xe9][0xcc]M[0xec][0xde])[0xce]+M/[0xca][0xcf][0xc8][0x7]%[0x7][0xb4]1[0xc][0x13]c[0xa2]{[0xd8][0xa0][0xf9]vh[0xa8][0x91][0x96][0x18][0xb3][0xe0][0xeb]C[0xd0][0x8f][0xd2]04[0x4][0x15][0xe]D[0x5]'[0xd2][0xea]J[0xd2]l//.M,*[0x81]^$[0x81][0xd2]B0'~[0xcd][0x98]%[0xa2];[0x8c][0xa7][0xcc]L[0xcd][0xc9][0xcf]3[0xc5][0xd1][0x89]0[0xb7]$zQ[0x1c][0xe8][0x16][0x1e]h@[0xe3][0xb1][0xac][0x12][0xb4][0x18][0xba]$3[0xf][0xdc]#D_[0xe]ghJ[0xec]>Fc[0xe2][0x96]S[0x82][0xab][0x83][0xc4][0x8c][0xac][0xc4][0xcc][0x1c][0xd0][0xd0][0x1b]rJ5!~%[0x6]h[0xff]8[0xd4]g[0xa4]E"h[0xd9]aJf[0x9e][0x85])[0xf6][0xf6][0xac][0x85]9[0xb1][[\n]"
17:11:38.222 [main] DEBUG org.apache.http.wire -  << "[0x8d]A[0x85]<YN[0x80]\[0xaa][0xb][0x9b][0x1d][0xc5]V[0x83][0x98][0x1b][0x81]&[0xf5][0x89]K[0xcd][0x88][0xba][0x8a][0xb4][0x80][0xc8]H,*N[0xcc]K4[0xc5][0xba][0x8a][0xc3][0xd0][0x94][0xd8][0xcc]l[0x82][0xb4][0xf0][0x92]p[0xa9][0xb][0x1f][0x80][0xc4]\[0xdf]eD[0xf4][0xc2][0x18][0x13]PENV[0xc8]''[0x16][0xe5]$b[0x9f][0x85]77[0x2][0xb5]f[0x88][0x9]r[0x13][0xd0](4[0xd4]z[0xe2][0x1b][0x96]E[0xb8][0xf][0xd4]$~3[0x8d][0x9][0xd2][0xe2]K<[0x19][0x1a][0x9c][0xc5]L[0xb0][0xee]n07[0x2][0x8d][0xa8][0x12][0xe7]MDIE[0xbc]7!w[0xb1]A[0xe6]C[0xb0]6[0xf7][0xcc][0x88][0xbe][0xbb][0xdb][0x4][0xe9][0xe8]D[0x82])[0xb]|[0x7]N^f%[0xa8][0x85][0xb][0xea][0x8c][0xa3]UN[0xe6][0x16][0xa0][0x2][0x83]8o#[0x86][0x1][0x88][0xf7]6[0xe8][0xae][0xf4][0xc]\3[0xa5]fD_[0x94]a[0x2]*[0xd9][0xa1]I[0xb]O[0xfc][0x82][0xaf]GO*M[0xcc]K[0x84][0x9c][0x9e][0x80][0xbe][0x9a][0xce][0xc4][0x9c][0xd8][0xca][0xd0][0x4][0xd4][0xf6][0x86]ZH[0xbc]oA[0xf5][0x85][0xa1][0x5][0xa8][\r][0x80]v[0xd8][0x90][0x85]1[0xf1][0xa9][0x8b][0xdc]r[0xab][0x18][0xda]C[0x4]U[0x1e]([0xf3]6F[0x86][0xa0]N?Qq[0xc]:`[0x5][0xea]k[0x82])[0xb][0xd2]R,(M[0xc9][0xca][0x84]t[0xd6]@[0xe3][0x3](k[0x85]L[0xcc]A)[0x95]8[0x8b][0x11][0xdd]b[0x82][0x16][0xa7][0x96]%[0xc2][0xbc][0x8a][0xad]_h[0x2]j[0xc7][0x10]e)[0xd2][0xaa]!<[0x89]*/1+1[0xd7][0xc2][0x18][0x94]y[0x90][0xeb]dC[0x13]bO1[0x7][0xf7][0xcc][0xa1][0xa1][0x8a][0xbd][0x9d][0x9a][0x99][0x9d]Q[0x9c][0x98][0x97][0x6][0xee][0xa4][0x81][0xcf]+,[0x0][0xad][0xba]B[0xdd]XH[0xf4]!s&[0xa0][0x19][0x8][0xa8]u[0xd8][0x1b][0xab][0xe0][0xd5][0x13][0x89]y[0xa0][0x5]9[0xc5][0xa9]%[0x95]X[0xc7][0x13][0x8c][0xcc]A[0xbb][0xe7][0x88][0xb]F[0xc4]d[0x1f][0xee]![0xc9]rpA[0x4][0xda]5[0x99]\[0xa6][0x87][0xd2]F44[0x2][0xf5][0x83][0x88][0xb2][0x9][0xe9][0xb4]5[0xec]>[0xcb]M[0xcc]N,J44[0x6]eA[0x8c][0xee];[0xb1][0xb][0x7]M[0x90]V0[0xe0]I[0x17][0xa0][0xcb]R[0xcb][0x13][0xf1][0xef].2[0xb2]$6[0xb][0x80][0xf]G[0x87]F[0x1b]i[\r][0x16][0xd0]1[0x9b]IFX[0xcf][0xa9][0xb2][0xb0][0x0][0xa5]qb[0xc2][0xd6][0x18][0xb4][0xda][0xc]j=[0xee]X[0xcc].(-[0x2]]OQ[0x92][0x89]m[0x18][0xcc][0xdc][0xd0][0xd0]TG[0x89]([0xdb][0x90][0x8e][0x16]![0x98][0xdf][0xc1][0x93]n[0x99][0xe0][0xf4][0x3]*[0xdb][0xd0][0xe2][0xd5][0xc4][0x14]t[0x8d]!q[0x96]"[\n]"
17:11:38.222 [main] DEBUG org.apache.http.wire -  << "[0x19][0x92][0xc7][0xff]RS2[0x8d][0xc0][0xfd]p[0xf4][\n]"
17:11:38.222 [main] DEBUG org.apache.http.wire -  << "[0xd4][0x18][0xe4][0x15][0xa2][0xac]G[0xda][0x90][0x89]'Y!.[0xca]MN[0xcc][0xa8][0xc4][0xba]Y[0xc4][0x98][0xf8][0x15][0xff][0xa0]}[0xfe][0xd0]X[0xc5][0x9e]c[0x92]@[0xcb][0xd6]J[0xb0][0x16][0x1][0x86][0xa6]D7[0xb6]A[0xb]-[0xa0][0xd6]`/[0xe1]@[0xf7][\r]f%[0x9a]`mS[0x9b][0x83]W[0x16][0x12][0x15][0x84]H[0xfb]+[0x89][0xaf][0x95][0xa1][0xbb]5[0x8c]@[0x89][0x7][0xe5][0x9a]Cs[0xa2][0xaf][0xa1]3F[0xda]iIZ[0xe6],[0xcb][0xcc][0xcb][0x87][0xd5]VX[0xdb]}[0xa6]DO=[0x81]oM[0x83][0x86]2[0xf1][0xbe]O[0x82][0x8c][0xdc]b[0xeb]M[0x19][0x99][0x83][0xfa]([0xc4][0x4][0xbc][0x9][0xd2][0xc6][\n]"
17:11:38.222 [main] DEBUG org.apache.http.wire -  << "[0xec][0xe9](/[0xb1]"
17:11:38.222 [main] DEBUG org.apache.http.wire -  << "[\r][\n]"
17:11:38.222 [main] DEBUG org.apache.http.wire -  << "2B5[\r][\n]"
17:11:38.222 [main] DEBUG org.apache.http.wire -  << "[0xb8][0x8]|[0xd2][0xaf])[0xd6][0x82][0xc8][0xd0][0x80][0xd8][0x13]DL[0x90][0xf6][0x12][0x90][0x9c]KA[0x87][0x4]@[0xef]7/[0x1]U[0xd8]h[0x99][0xd5][0x88][0xe8]+[0x9]L@%[0x19]4[0xac]Iv[0x5][0xec]Z[0xf9][0xe4][0xc4][0x92]R[0xac][0x13][0xb9]&[0x16][0xa0][0x13][0x1d][0x89][0xb]xD[0xab][0x9b][0xb4][0x84]W[0x95][0x98][0x9a][0x97][0x98][0x4]][0xc5][0x8d]5[0xe5][0x99][0x19][0x12];Ee[0x2][0x1a]j[0x84][0x86][0x6][0xf1])[0xf]z[0xa3]@:[0xe8][0x9a]^[0xf0]5[0x6]h[0x8d]b[0x13][0xf0]}{[0xc4][0x85][0x2][0xa1]9[0xb9]B[0xd0][0xa4]\f[0x9][0x8e]c[0xbd][0x8c]M[0x88][0xbd][0xa0][0xc9][0x4]i[0x8b][0x2][0xc9][0xf1][0x9e][0xb][0x9a][0x1e])[0xcb][0x4]-[0x1][0xc6][0xec][0xc6][0x9b][0x1a][0x80][0x2][0x91]([0xdf][0x82][0x8a]]hh[0x93][0x16][0xe7][0xd9]E[0x89][0x19][0x99][0xb9][0x89][0x19][0xa0][0xa4][0x8f][0xd2][0xc6]2#[0xfa][0xac]m[0xf0][0x92]a[0xa8][0xe5][0xb8][0xdb][0x1][0x19][0x89][0xb9]U[0x89][0x19][0xc8]7[0x9c]'[0x97][0xa1][0xed][0xea]6[0x5][0xad][0x8] [0xce][0xbb][0x88]i9|[0xf5]b"x[0x8b][0x1f][0xf4][0xfe]&l[0xcd][0xf]3[0xa2]g[0x2]M[0x90][0xb6]&[0x10][0x9f][0x9e][0xa1]C[0xbc][0xd9][0x89]9[0xd8]keS[0xe2]#[0x18][0x91][0x9c]I[0x8b][0xe0]$[0xe8]j[0x8d][0xe4]2[0x94][0xce][0x81])[0xd1][0x17][0xcb][0x9a][0x80][0xd6]]B[0xa3][0x97]x[0x9f][0x83][0xb7][0xff][0x18][0xc3][0xb6]L[0xa0][0xaf][\r]63[0x0]M[0xb0][0x11][0x15][0xd5]H[0xc7]o[0xe3][0x89]j[0xd0]6[0xce]DSsP#[0x1e]-[0x15][0x83][0xa6][0x85][0x88][0xb3][0x8]1[0xdf]L[0xbc]7s[0x90]z`Xz[0x96][0xa6][0x96][0xc4][0xce][0xf2][0x9a][0x80][0x8e]f[0x85][0x86]2[0xc1][0xe6]m[0x19][0xb8]e[0x9b][0x97][0x9][0xea]>[0xa3]-;24'v[0xc5][0xa5][0x9]R[0xf3][0x9d][0xe4]r+%[0xb1]8[0xd1][0xcc][0x12][[0xb][0xc1][0xdc][0x9c][0xd8][0x85][0x5]&H[0xeb][0xf7]IK[0xd3][0xc5][0xa0][0xa2][0x1b][0xb2][0x9e][0x2][0xab][0x13]L@[0x93]/[0xc4]E:b>[0x88][0xe4]0@[0xcc][0x14][0xe5][0x94]f[0xe7]b?[0x9d][0xd5][0x94][0xe8][0xfb][0xe4]M@[0xe7]MA[0x13][0x0][0x9e][0x84][0xe][0xde][0xe5]U[0x9c]X[0x94][0x9]:[0xfa][0xe][0x9b][0xe7]M[0xcc][0x89]=[0xb][0xc4][0xc]i[0xc6][\r]{[0x13][0x1c]4[0xe3][0x6]>[0xff][0x12]:[0x15][0x86][0x92][0xb5][0xcc]M@[0x7]#[0x11][0x13][0xca]fH[0xdd][0x18][0xec]M[0xc1][0xd2]b[0xd0]Z+[0xd0]}[0xee][0xa0]z[0x8]}[0xde][0xc4][0x98][0xe8][0x85]1fH[0x9d][0x17][0xdc]U[0x11][0xf8][0x86]7[0x3][0x3]P[0xe3][0x1e][0xad]ghn[0x1]Z[0xe9]@[0x94][0x9f]@+[0x92][0xa0][0xd1][0x85][0xdd]O[0xd0][0x15]U[0x95][0xa5]y8[0x1b][0x19][0xe6][0xe6][0xc4]n[0x9]4G[0x1a][0xad][0xc6][0x1e]W[0xa9][0xb9][0x99]9[0xa0][0x9b][0x11]3[0xcb][0xb1][0xae][0x84]41$[0xf6]([0xf]s[0xd0][\n]"
17:11:38.222 [main] DEBUG org.apache.http.wire -  << "[0x1d][0xbc]>K[0x82]-,[0xc7][0xda]F4[0xb7]$v[0xca][0xd7][0xdc][0x0]1p[0x89][0xdd]S[0x5][0xe5][0x99]y[0x89]E[0xc5][0x99][0xd8][0xef]&7[0xb1]0&n[0xec][0x0][0xbc]+[0x10][0xea]%<[0xc9][0x2]t_g^bRbRb[0x1e]([0x19][0xa2][0xa4]v[0xe2][[0xbe][0xe6]H[0x1d][0x1f][0xe2]+[0x92]2P[0x91][0x6]J([0xa5])zI[0x99]U(u[0xb5][0xb1][0x1][0xb1][0x3]k[0xe6]H[0xa3][0xb1][0xc4][0xdb]][0x9e][0x8][0x0][0x0][0x0][0xff][0xff]"
17:11:38.222 [main] DEBUG org.apache.http.wire -  << "[\r][\n]"
17:11:38.222 [main] DEBUG org.apache.http.wire -  << "F47[\r][\n]"
17:11:38.222 [main] DEBUG org.apache.http.wire -  << "[0xca])[0xad][0xcc]/(JL[0x2][0x9f][0xe7][0x8b]2 K|q[0xe]>g[0x93]` [0x83][0xbc][0x9])[0xb9]sR[0xd3][0x13][0xcb][0xc1][0xa7][0x95] [0x8f][0x91][0x1a]Y[0x80][0xc6]"[0x89][0xc9][0x81][0xe6]H[0xbd]>[0xec]90[0x1d][0xb4][0xb7].[0x1d]:Y[0x84]e[0xcd][0x87][0x19][0x9]v![0xea][0x9][0xe2][0xc3]5[0xa7][0xb4]([0xa3][0xb4][0x8][0xe9][0x18]#[0xf0][0xbe]r[0x8c][0x19][0x6]c[0xe2]c[0x17][0xd1][0xb3][0xc3][0x9d][0x8c]Qwe[0xa1]u[0xa0][0x8c][0x88]n[0x1e][0x80][0x8f]t[0x82]F'[0x9e][0xfa][0x8]t[0x1e]zQi1[0xe8][0xf2]P[0x1c][0xb3][0xc0]f[0xc4][0xe7]RD[0x1b][0x17]{[0x84][0x16][0xa5][0xe6][0xa5]Tb??[0xc8][0xd0][0x90][0xd8][0xb1]us[0xa4][0xfe][0x1a][0x1e][0x8f]U&[0xe6]eZZ`[0xeb]4[0x98]X[0x12]m[0x15]R[0xb7][0xc][0xbb][0x8f][0x92]3[0xf3]R[0x10]k[0x6][0xb0][0xb5] MA[0xed][0x2][0xa2][0xf2][0x3]h[0xe7]&4[0xc2]HkN%![0xdd][0xf4][0x81][0xcd][0x9]D/[0xa2]7[0x7][0xad][0xa1][0x82]:[0x1]w[0x2][0xcd][0xcf][0x85]-[0x9f][0x7][0x95][0xb2][0xc8][0x99][0xdf][0xdc][0x88][0xd8][0xed]P[0xe6]H[0xdd]1<[0x91]XTZ[0xc]Z[0x1f][0x9f]X[0x94][0x98][0x9e][0x89][0xf5]~[0x1a]#[0xb]Pj .x[0x11]s[0xb8][0xb8][0xfd][0x96][0x91][0x99][0x92]X[0x9]Z@[0x9d]_[0x9c][0x9d]X[0x84]-[0xf5][0x98][0x81][0xcb]h[0xe2]lD[0x14]:[0xa4]Eh[\n]"
17:11:38.222 [main] DEBUG org.apache.http.wire -  << "[0xee][0x1]<sC[0xa2][0xcb]W[0x90]Bhd[0x12]_[0xe6][0xe5][0x83][0x6][0xa3][0xf3]+[0xf3][0xb1]5M[\r]-A-~[0xe2][0xbc][0x8e][0x98] [0xc2][0x13][0xbd][0xf0]S&[0xb3]R[0xd3][0x8a][0xb0]6{[0xc][\r][0x88]]&[0xf][0xee][0xb6][0x90][0xec]][0xf0][0xf2][0x80][0xc4][0xf2][0xcc][0xa4][0xcc]b[0xd0][0xa2]S[0xac][\r]"CKP[0xb6] [0xce][0xdb][0x88][0x6][0x11][0xee]4[0x96][0x9b]X[0x4]Zf[0x8d]}[0xfa][0xc6][0x90][0xe8][0xb3][0xe9][0xcc][0x91]z[0x9c][0xc4][0xc7]/[0xf4][0xb4][0xb8]d[0xd0][0x80]%x[0x91][0x13][0xda]x[0xa9][0x19][0xb8][0xf9]C[0x94]g[0x91][0xfa][0x9f]x[0xe2]87[0xb1]([0xa9]4[0xf][0xb4][0x13][0xa3][0x18]v[0xd3]([0xea][0xe2]I[0x13]b[0xe7][0x2][0xcd]A[0xa9][0x8f][0xe4][0x18][0x6]u[0xb8]@;[0xb7]J[0xb1]gg[0xb]C[0xd0]8?q[0xfe]Edg[0xe2][0xc3][0x1b][0xbc]>[0xa1]<1[0x7]t[0xe4]5[0xd6]&[0xc]h[0xa7][0x14]q[0xd6]#[0x1a][0xf]x[0x82];[0x3]21[0x9f][0x9e]X[0x4][0xbf][0xea][0x1c][0xb9][0x84][0xb6]0!v{[0x8f]9[0xc1][0x99][0xd7][0xe4][0xd4][0xdc][0xd4][0x92]LDe[0x80][0xad][0xea]![0xfa]h1s[0xd0][0xf0]8[0xc9][0x91][0x9b][0x7]Yx[0x8c][0xad][0xcd]m[0x6]:[0xb5][0x9b][0xa8][0x80][0x5]MS@m&8r[0x93]Y[0x94]X[0x9e][0x98][0x97][0x9d]X[0x9e]X[0x9][0xce]=[0x18][0xc7]EY[0x10][0x9f]@1[0x1][0xb5][0x17]{[0xef]);[0xb1]([0xb]t[0xbc]#[0xe8][\n]"
17:11:38.222 [main] DEBUG org.apache.http.wire -  << "[0x19]l[0xe5][0xb1][0x99]![0xb1][0x3][0xae][0xe0]=[0xb5]P[0xbb][0xf0]$[0x9e][0x92][0xfc]\[0xd0]5[0xa3]X[0xce][0xb8]6#z[0xb8][0xd1][0x1c]t8#[0xd4]*[0xe2][0xb3]IVbebJ&4[0xf1][0x82]F[0x1][0xd1][0x8b]%[0xa2][0xb7][0xe4][0x9a][0x83]2[0x14][0xd4]~[0xec][0xc1][\n]"
17:11:38.222 [main] DEBUG org.apache.http.wire -  << "[0xda][0xe9][0xc][0xbe][0xdc][0xa0][0x4][0x1c][0x85]([0xa5][0x91][0x91]!h[0x1f]!Q[0xc9][0x6]i[0xd7][0x1f][0x9e] [0xcd][0x82][0xde][[0x83]%s[0x18][0x1b][0x13];Ea[0xe][0x8a]g[0xa8][0x9f][0x88][0xf][0xd3][0xf4][0xcc]<[0xd0][0xe9][[0xe0][0xf3][0x7]1W[0x97][0x18]Z[0x10];[0xd0]h[0x8e][0xb4][0xff][0xe]{[0x88]VB[0xc7]J[0xa0][0xc3]Lh[0x83]2[0xa6][0x86][0xa0][0x11]h[0xa2][0xc2][0x14][0xb4][0xee][0x90]t[0x96][0x82][0xd6]'[0xe4][0xe5]B[0xae]]I.[0xd3]C_7oa[0x9][0xf2][0x1]q[0xe]@ta[0x8][0x96][0x5]U[0xc5][0xd0]}[0x9b]Xnq52$[0xba]][0x8a][0xb4][\n]"
17:11:38.222 [main] DEBUG org.apache.http.wire -  << "[0x1a]{[0x1f][0x3][0xd4][0xe5][0xce],I[0xcc].-.[0xcd][0x5][0xa7]X[0xf4]>![0xd1][0x87][0x15][0x9b]#-K&[0xe8][0xbd]rP[0xd7]0[0xb7][0xa0]4[0x7][0x1a][0xab]([0xf9][0xc4][0x2]<Z@T[0x90][0x82]V[0x1b]B[0xe3][0x14][0xbb][0xff]R[0xc1][0x8d]0l[0xb6][0x18][0x9a][0x13][0xdb]6[0xb0][0x0]MkCm[0xc1][0x93][0x1b]Ssr[0x13][0xb1]_[0xaf]an[0x0][0x1a][0xe4]$[0xc6]C[0x16]HKnI[0x1e]s[0x86][0x9d]+k[0x8c][0xf5][0xf2][0x18]s[0x13][0x13]C[0xe2]F[0xc4][0xc0][0xd7][0x9f]B[0xfd][0x8b]=O&%[0xe6]%'[0x16][0xc1][0xd6]![0x80][0xe7][0xea]P[0x6][0xa5][0xcc][0x89]>[0xb6][0xde][0x2]i[0xec][0x92]d[0xf][0x83]N[0xb4][0xcf][0x4]5w[0x13]K[0xb0]6[0xf0][0x8d][0x88]^[0x3]k[0x81]4[0xae][0x89]'[0x8a]agu[0x80][0xe]8[0x4][0x8f][0xd7][0xa0][0x9c]7cbH[0xec][0xe2],[0xb][0x90]Bh[0x8][0xe3]n[0xcb][0x83][0xaa],[0xd0][0xd2][0xf1][0xc]h[0xf2]Enk[0x99][0x83][0xcf]u&&I[0x99][0x80]F\[0xa1]v[0xe1][0xf1]Z[0x15][0xe8][0xe4]H[0xd0]uV[0xd8][0x1a][0x3]&[0x6]D/v#[0xeb]d[0x9b][0xcc][0xe2][0xdc][0xc4][0xcc][0x1c]3[0x3]lv[0x9b][0x13]}[0xc7][0x12]8[0x81]C}J|M[0x6][0xda][0xd5][0x9c][0x92][0x99][0x7][0xab][0xb4]![0xf7]a[0xa0][0xc]s[0x1a][0x12]}[0xbb]3[0xf8]~o[0xa8][0xb][0xb0][0xe7][0x9c]4h&[0xcd][0xc4]> flL[0xec][0x4][0x8d][0x9]R[0x9b][0x96][0xb4][0x1][0x0]h[0x17][0x11]4[0xd1][0x1][0x1a]S[0x6][0x9f][0x18][0x9f][0x8e][0xd8]<nbI[0xf4][0x82]W[0x90][[0xa1][0xbe][0xc5]^[0xfa][0xc2][0x17]0@F[Am/[0xb4][0xfa][0xc5][0xc][0xdc][0xd3]$*[0x1d][0x83]6[0x8c]@m#[0xb9][0xa4][0x0][0xdd][0xdc][0x9a][0x9]*.[0x12]A[0xfb][0xac]ACK(K[0x9a][0xcd][0xcc][0x89][0x1d][0x87][0x4][0xdf][0xc][0x2]u[0x5]i[0xc1][0xe];?.71#[0x5][0xeb]rGc[0xf0]R%[0xe2][0x82][0x2]1[0x2]B|B[0x7][0x1d][0x1f][0x85]k[0xe9][0xbc])[0xd1][0x5][0xb6][0x9]h[0xcc][0x4][0x1a][0x0][0x4][0xab]y[0xd0][0x2]v[0xd0][0x86][0xa7][0x9c][0xd2][0xc][0xd0]a[0xc3][0x5])z[0x18]}[0x1a]3#b/[0x8e][0x4]_[0x1a][0x5][0xb5][0x19]w[0xa1][0x99][0x94]QZ[0x92]X[0x9c][0x9f]Y[0x82][0xb5],1[0x1]u<[0x89][\n]"
17:11:38.222 [main] DEBUG org.apache.http.wire -  << "b[0xd0][0x2]{[0xa8]e[0xd8]s2[0xe8][0xac][0xbc][0xf2]L[0x3]#P[0xa2]FY[0x6]hfAl[0x93][0x14][0xdc]_[0x86]Z[0x82][0xa7]h.[0x3]/`([0xc9][0x5]/zBi)[0x99][0x18][0x10][0xbd][0x82][0x1][0xb4][0xbb][0x19]j[0x15][0xee][0xc0][0x3][0x85][0x1d][0xe8][0xb6][0xc8][0xbc][0xf4][0x94][0xcc][0xc4]<[0xf0][0xfc][0xb][0x96][0xd3][0xe2][0xcd][0x8d]@[0xa3]3[0xc4][0x85]"b[0x89],[0x1e][0xf][0x82].r[0xcc]--*[0xc9]44[0xc7]^,[0x12][0x1][0x9d][0x9]h[\r][0x1a][0xd4][0x9f][0xd8][0xcb][0xa4][0xa2][0xc4][0x94][0xd4]<s[0x1c]{[0xfe][0x8c][\r]@gD[0x10][0xe7]5[0xc4][0x88][\r]v[0x8b]RR[0xcb]2[0x8d][0xc1][0xab]N[0xd0][0xfa],[0x16]f[0xa0]f9q[0x96] [0xc6]e[0x8]f6[0xd0][0xe0]jb[0x1e][0xe8]x[0xaf][0x9c][0xd2][0x9c]R[0xac][0xb3][0xa2]f[0xe0]=[0xc2][0xc4][0xd9][0x8c](bH.mK[0x10][0xf7]+`[0x1d][0xf4]45'[0xb6])j[0x82][0xd4][0x11]&[0x18][0x0][0xa0]k[0xd8]3[0xb3]![0xdb][0xed]@[0xab]_[0xd0][0xba][0xf9]&[0xc6][0xa0][0xc1][0x18][0xe2]<[0x8f][0x18]j%[0xd9][0xf3][0x89])E[0x99][0x89]y[0xa0]m[0x17][0x90][0x12][0x1f][0xeb]ZhS[0xa2][0xf7][0x96][0x9a] u[0xcf][0x9][0x86]@vb^fNbIi[0x1]h[0xbc][0x19][0xcb][0xa8][0x80][0x85]1[0xa8][0xc3]DT[0x10][0x80]z[0xb5][0xd0]|[0x84]'[0xe7][0x82][0x16][0x9a]d[0xe4][0x17]%[0xe6][0xe5]U[0x82][0xe][0x1b][0x2][0xad][0x9a]@)[0xa0]L-[0x88]]Y`[0x2]Z[0xf7][0xe][0xb5][0x10]w[0x1][0x5]>[0x5][0x10]z[0xae]B>[0xf6][0xb2][0xc2][0xd8][0xc]4HD[0x9c][0x1f][0x11][0xa5][0x13][0xc1][0xa0]-/[0xcd][0x81]d.[0xd0][0x8a]A[0xac][0xab]p[\r][0x8d][0x88][0xf7]+b[0xba][0x8]{[0xd9]Q[0x9e][0x99][0x97][0x92][0x8][I[0x81]eh[0xd7][0xc2][0x9c][0xd8]][\n]"
17:11:38.222 [main] DEBUG org.apache.http.wire -  << "&H'[0xfc][0x10][0xf4]d.[0xe8][0x80][0xc][0xd0]zS,V[0x9a][0x18][0x18][0x9a][0x11][0xd7]4[0x1][0xd5][0xe8][0xd0][0xa8]$9[0xfb]T$[0xe6]%[0xe6]%B[0xd7][0x19][0x97][0xa6][0xa0][0xed][0xed][0x1][0x97][0x7][0xc4][0xc5]-[0xa2][0xfc]"[0xe8]m[0xd8][0x16]aX+5[0x5][0xe3][0xbc]RcKb[0xd7][0xfe][0x98][0x80][0x8e][0xe5][0x85]z[0x9e][0xf8][0xb6]Y[0x9][0xa8][0xf0][0x6][0xcd][0x8c]A[0xba][0x1f]([0xdd]JS[0xf0][0xf8][0x3]q[0x9e]F[0x94][[0x84]=]PZR[0x84]u[0xe5][0xa9]![0xf1][0xf5];h' [0xd4][0xb3]$[0xc7]t>[0xe8][0xc4][0xf9][0xa2][0x92]|Pk[0x1c][0xb9]kkhD[0xec][0x94][0x18]x[0x19]6[0xd4]z[0x1c][0xf9]([0xb1]8;[0xb3]$1%[0xb1][0xa8][0x14][0xd2][0x9c]A[[0x11]ibAtU[0xc][0xda][0x9e][0xf][0xb5][0x8b]`[0xd8][0xc2][0xcf][0xbe][0x5][\r][0xaf][0x81][0x1a]R[0xd8][0xf2][0x13][0xd1][0xc7][0xb6][0x9a][0x80]f[0x1b][0xa0]V[0x13][0x9f][0xa4]R[0x12]s2s[0x13][0xf3]L[0xb0].[0xc4]45[0x6][0xb5][0x7][0x89]JS[0xa0][0x84][0xf][0xb5][0x1c]OEP[0x9a][0x82][0xf7][0xe4]7[0x13][0xe2][0xb7][0x1b]"[0x1d][0xe8][0x83]=NA[0x17]7&[0x96][0x80][0xae][0x8a][0x82]d[0x16][0xf4][0x15]Q[0xe6][0xe6][0xa0]A4[0xe2][0xfc][0x86]h^[0xe1][0xf1][0x1b]d[0xc2]<[0xaf]$35[0x1b][0xc7][0x86][0x0]SCb[0xc7][0x12]M[0x90]F[0xa1][0xb1]{[0xf]|[0x8]Xn*[0xf8][0xe4]o,U[0xb8][0x91][0x11]h[0xd3][0x12]q[0xbe]#a[0xbc][0x19][0xb4][0xbc][\r][0xb4]4!#3[0x7]rJ?Z[0xe3][0xc9][0xc8][0x8]t\;q[0xd6]"[\n]"
17:11:38.222 [main] DEBUG org.apache.http.wire -  << "![0xec]>[0x4][0xcd]Z[0x14]C[0x2][0x15]['[0xcd][0xc4][0x80][0xe8][0xd6]![0xa8][0xf7]C8m[0x82][0xf6]0[0x94]'[0xe6]AV[0xb2][0x81][0x1a][0x86]([0x8b][0xf7]H([0xed]@kZ[0xa1][0xd6][0x91]\[0xda][0x15]%[0xe6]&[0xa6]$[0xe6][0x81]o$[0x4]u[0x19][0xd1][0xc2][0xd7][0xd8][0x18][0x94][0xc9][0x89][\n]"
17:11:38.222 [main] DEBUG org.apache.http.wire -  << "_PR[0x83][0xba][0x82]`A[0x94][0x9c][0x9a][[0x90]S[0x9a][0x97]m[0x81][0xf5][0x90][0x2]3#P[0xf9]M[0x9c][0xa5][0x88][0xa6][0x12][0xee][0xd6]YyfJ~J~f[0x11][0xd6]&[0xaf][0xb1]%h[0x8c][0x95]8[0xcb][0x10][0xcd]#[0x82]>[0x84]l>[0x86][0xee]c[0x80][0x14][0x8]([0x83]w&[0xa6][0xa0][0x6][0x10]q[0xd6][0x12][0xea][0xd1][0xa5]'[0xe6]e[0x81][0xe6][0xbe][0x8d][0xcc]Au[0x16][0xfa]L[0x90]9[0xf1][0x1b]6@K[0xd0][0xa1]Q[0x88][0xa7][0xdc][0x1][0x97][0xe0][0x99]y[0xd0][0x1b]{A[0x89][0x6][0xb9][0x9a]4'[0xfa][0xc4]E[0x13][0xd0][0xec][0x3][0xd4]:[0xe2][0xeb][0x8f][0xa2][0xd2][0x94][0xcc]rH[0xf5][0x89]-[0x97][0x9a][0x1a][0x83][0x96][0x94][0x11][0x17][0xae]$[0x94]C[0xe0][0xbd][0x3]&[0xa0]~[0x4][0xfa][0xb6][0x10][0x13]CP[0xf6]#[0xce]BB%[0x10][0xe8][0xfa][0x8][0xb][0xac]gR[0x99]Y[0x82][0xc6]U[0x89][0xb2][0x5]T[0xe]CC[0x95]`*-[0xcd])K4[0xc6]Z[0x13][0x1b][0x1a][0x80][0xb6][0x6][0x12]g!b[0x13][\n]"
17:11:38.222 [main] DEBUG org.apache.http.wire -  << "[0xc9][0xc5]OIbnAiR~N~^Ifb[0x11][0x8e]j[0xcc][0xd8][0x0]4[0x87]G[0x9c][[0x10][0x9b][0xac][0x8]z[0x1e][0xb2]J'[0xbf] #5'[0x13][0x87][0xcd][0xe6]&Do[0xc][0x1][0x8d]NC[0x83][0x1d]{[0xf5][0x92][0x97]X\[0x99][0x99][0x98][0x91][0x9c][0x98][0x93]Y\[0x2][0x1e][0xc3]B[0xce]6[0xa6]D[0xef][0x17]0[0x1]5[\r][0xa1]6[0x11][0xf4]cjJfZiV&[0x8e][0x89](C[0xa2]g[0xa9]M[0x90][0x8e][0x92]"9[0x92][0xb][0xc0]#[0xe]E%[0xb0][0x13][0x7]Q[0xba][0x11]fD[0xef][0xa6]7[0x1][0xa5][0x2][0xa8][0xc7]I[0x1b][0xe3][0x86][0xee][0x17][0x4][\r]C`[[0xde]H[0xfc][0x82]J[0x13][0xd0]8[0x5]YN[0xc8][0x81][0xde][0xf9][0x84][0xcd]~[0x13][0xb][0xd0][0x8c][0x5]q[0xe9][0x1b]Qf[0x91][0x1c][\r][0xb0][0xc3][0xd3][0xca]3[0x8b][0xf3]J[0xa1]5[0x5]b~[0xc5][0x18][0xbc][0xfb][0x95]8G [0xca]1[0xdc][0x95]ne~qj[0x1a][0xf2][0xd6]I[0xd0]a[0xc0]y%[0x8][0xb][0x8d][0x8c][0x88]-8M[0x91]&[0xba]q[0xc]zg[0x16][0x83][0xb7][0x97]A[0xee][0xb3]C[0xaf][0x1][\r]M[0x89][0x9d]F1[0x5]5[0xd1][0xa1][0xf1][0x8b][0xdb]kI[0x89][0xe9][0x89][0xc5][0x90]n*[0x96][0x96][0xb0])[0xd1][0xcb][0x4]L[0x91]N[0x92][0xc2][0xee]/[0xf8]a[0xbf][0xc5][0x99][0xd8][0xcf][0xa2]03[0x0][\r]j[0x10][0x13]k[0xa6]H3[0xda][0xd8]-[0xab][0xc8]I[0xac]*[0x5]5[0xb8][0xb1][0xd5][0xab][0xc6]F[0xa0][0x95][0x88][0xc4]Y[0x84]h&[0xe1][0xe][0xc3][0xc4][0xca]RcK[0xec]#efD[0x9f][0xfb]`[0x8a]4_M[0xb0]([0x4]/[0xc7],[0x7][0xb5][0x93]@=[0xb5]TP][0x8e]2[0xd9]fn[0x0]Jf[0xc4][0xf9][0x10][0xd1]?[0xc3]^[0xd6]gB[0x1b]~X[0x92][0x87]9[0xd1]{[0xdd]L[0x91]N[0x83][0xc2][0x1e]c[0xf0][0xfe]<h[0xd9][0x13][0xa8][0x7][0x81][0xde][0xe7]4&[0xfa][0x10]jS[0xa4][0x93][0xa0]H/Y[0xa0]W[0xae][0x1a]XB[0x97][0x4][0xa0]\7fl@l[0xb][0xdb][0x14]is[0x15][0xc1][0xf8][0xcc][0x87][0xdd]\[0x7][0xbe][0xeb][0x1]e[0x9d][0x87][0x19][0xd1]CS[0xe0]s[0xee][0xa0][0x19][0x9e][0xf8]6(x[0xf1]NniQ1h[0xa2][0x1a][0xeb]T[0x82][0x91])h[0x86][0x80][0xa8][0xc4][0x84][0xb4][0xf5][\n]"
17:11:38.222 [main] DEBUG org.apache.http.wire -  << "O[0xa3][0xbb][0xa0](1#[0xb1][0x12]|[[0x9]J[0xe0][0x9a][0x9b][0x11][0xbb][0x4][0xc2][0x14]i[0x9f][0x15][0xee]|[0x9][0xd9][0xff]c[0x80][0xf5]t[0xb]#[0xa2][0x97]&[0x81][0xaf]Q[0x82][0x6]+[0x1e]O[0xa5][0x82][0xe][0xaa][0x87][0x9f]p[0x8b]>[0xe3]of[0x0][0x9a]c .[0xc][0x89])r`[0xc7]w[0x16]'[0xe6][0x80][0xf6]p[0x81][0x17][0xca][0xa0][0xb7][0xe6]-L[0x88]=[0xfd][0xd8][0x14][0xd4]>[0x86]z[0x91]`Z-[0xc6][0xb3][0xcb][0xd1][0xcc][0x14][0xd4][0xa0]#[0xce][0x9b][0x88]r[0x87][0xf8][0xc4][\n]"
17:11:38.222 [main] DEBUG org.apache.http.wire -  << "[0x19][0xd1][0xc8][0x3][0xdd][0xdc][0x96][0x92][0x99][\r]nxb[0xcc]v[0x9b][0x80][0xa7]|[0x89]s[0x3]b[0x0][0x1b]_**[0xc9]H[0xcb][0x84]7[0xfb][0xb0][0xc]3[0x1a][0x9a][0x11][0xbb][0x83][0xcc][0x14][0xb4][0xdf][0x14][0x1a][0xd0]x[0xd2]R[0x1a][0xe4]J[0x1f]P[0xb1][0x8e][0xd2][0xd1]67'[0xb6]Ch[\n]"
17:11:38.222 [main] DEBUG org.apache.http.wire -  << "Z[0xbe][0x8][0xb5][0x8]{[0xb1][0xe]Y_f[0x8][0xee]f#7[0xde][0xcd][0x8c]@[0xfb][0xfa][0x88][\n]"
17:11:38.222 [main] DEBUG org.apache.http.wire -  << ">[0xa4][0xdd]U[0x4]S[\r]b[0x8b][0x13]b[0x1a][0xb][0xfd]r/C3[0xd0][0xb9][0xfa][0xc4]Y[0x8d][0xe8][0xa7][0x91][0xd6]|[0x86]-/36[0xc1][0xd6]2[0xb0][0x0][0xef]k"[0xce][0x5][0x88][0xde][0x19][0xf1][0xe9]7[0xb]4[0x7][0x1][0x99][0xe3][0x2][0x8d]5[0xa0]Wq[0xa6]D[0xef][0xbf]2E[0xda]E0[0xec]A':[0xa6]gf$[0xe6][0x82];[0x87][0xa5])z(k)[0x8c][0xc0][0x97]Z[0x13][0xe7]gb[0x8a]&[0xf0][0xdd][0x82][0x88][0x1b][0xe][0xb1]V)[0xe6]D[0x9f][0xa0]d[\n]"
17:11:38.222 [main] DEBUG org.apache.http.wire -  << ":#[0x1f][0x9a][0x90]I[0x8b]i[0xc8][0x81]'[0x5]E[0xa0]!A[0xac][0xa3]e[0xe6][0xe0]y;[0xe2]<[0x8e][0xe8]%[0x90][0xdc][0xa0]([0x85]7[0xd6][0xa0][\r][\n]"
17:11:38.222 [main] DEBUG org.apache.http.wire -  << "[0xd4],Mt[0xc9][0x14]i[0xbf][0x10][0xf6],[0x9d][0x9d][0x98][0x95][0x9a]g[\n]"
17:11:38.222 [main] DEBUG org.apache.http.wire -  << "[0xce][0xd1](v[0x18][0x9b][0x82][0xb6][0xe5][0x13][0xe5]Q[0xd0][0xaa][0x13]hh[0xe3].[0x11][0xa1][0xeb][0xf8]R[0xd3]q[0x8c]4[0x98][0x19][0x82]z[0xd8][0xc4][0xd9][0x87]HQx[0xca][0xc3]r[0xd8][0xf5][0x91]X[0xda][0xa0][0xc6]F[0xa0][0x14]B[0x9c]e[0x88][0xc1]G[0x92]c[0x11]|L[0x95][0xb1][0x19]4[\n]"
17:11:38.222 [main] DEBUG org.apache.http.wire -  << "[0xb1][0xad][0xd8][0xb1] vN[0x1c][0xbc][0xa3][0x14][0x1a][0xc8][0xf8]<[0x9d][0x9][0xda]T[0x91][0x91]X[0xc][0xda][0x8][0x94][0x82]~[0x85][0xbc][0xb9]1[0xa8]{G[0x9c][0xb7][0x11][0xb5][0x1c][0xc9][0xde][0x6]_[0xc9][\r]Z^[0x6][0xf5]8[0xfa][0xe6]i#[0x13]bO+4E:[0xa2][0x11]{[0xf][0x0]|[0xea]TI[0xbe][0x9][0xf8]4V[0x94][0x4]l[0x6]>[0x9c][0x9e]8[0xcf]"r*[0xee][0x4][0xc][0x19][0xd0]6[0xb4][0x4][0x95][0xc1]([0xfd]&3[0xf0]Zi[0xa2],[0x2][0xf5]U[0xa1][0x91]HZ[0xb9][0x4][0xbd][0xfb][0xb0][0x1c][0xdc];-H[0xc1][0xd8][0xed]`D[0xf4]|[0xa9])h![0x15][0xd4][\r]x[0x12]R^bAfIiAiNivi^I[0x6]hh[0x12]K>2"[0xfa][0xdc]I[0xf0])[0xea]Pkq[0x87]q%lw[0x5]d[0xc2][0x0][0xb3]qJ[0xec] [0xb0])h[0xd6][0x6]j[0x1d][0xf6]r[0xf][0xb6][0xac][0x1a]r[0xc]x[0x9][0x8e]E+[0x86][0x6][0xa0]iV[0xa2][0xe2][0x16][0xa4][0x10]j#[0xc1][0xca][0x15]|BF^>[0xb4]U[0x83]%`[0xcd][0x8d]@m1[0xe2][0xec]E[0x14]P[0xc4][0xb7])[0xe0]U-xV[0x13][0xeb][0x98][0x1c][0xf1][0x99][0x14]t,[0x14][0xd4][0xe7][0xa4][0xa5][0xea][0xc4]<[0xd0][0xc2][0xf6][0xe2]L[0xd0]6[0x97]\[0xc8][\n]"
17:11:38.222 [main] DEBUG org.apache.http.wire -  << "`,-e[0xb][0xa2][0xaf][0x82]7E[0x9a][0xc4][0xc5][0x9d][0xc8][0xc0][0xe7]m[0xa6]d[0x9a]C[0x8e][0xfa]E[0x1e][0x91]#~_[0xa8])[0xd2][0xc]'[0xf1][0xa1][0xe][0x9a]8[0xca][0xcf][0xcb]7[0xb4][0xc4][0x16][0xe0][0x16][0xc6]D[0xd7][0x5][0xa0]qCh[0x80]c/[0x15][0x13][0xf3]@[0xdb][0xc0][0xa0][0x19][0x18]Z[\n]"
17:11:38.222 [main] DEBUG org.apache.http.wire -  << "[0xa3][0xb7][0x1b][\r]M[0x89][0xae]p[0x91]f6I[0x8b]`[0xc8]9:[0x6]&[0xd8][0xfc]kbB[0xec]R[0x7][0xf0][0xe8]%[0xd4][0xbf][0xc4][0x7]v[0x9]dS,h[0x9c][0x17]K[0xcd]K[0xfc]^-S[0xa4][0x13][0x97][0x8]flP'[0x13][0xb4][0x9][0xa5][0x4][0xb5][0xb9]ln[0xc][0x1a]{ *;[0x83]z[0x85]$[0xfb][0xb5][0x0][0xb1]![0x17]K[0x6]24[0x5][0x19]J[0x9c][0xed][0x88][0xe]6[0x9e][0xca]![0x19]VLc)[0xb9][0x8c][0xc]@[0xdd]U[0xe2],C[0xb4]1[0xb0][0x97][0xd1])H[0x7][0xb5][0x15][0x80][0x96][0x9c][0xa1][0xc]r[0x19][0x9b][0x12];K[0xe]n[0xca]B[0x3][0x95][0xb4][0x4][0x9c][0x99]W[0x92][0x98][0x7]Z}][0x90][0x8a]uI[0x96][0x91][0x11]hC/q[0xbe]E42[0x88]O[0xc4][0xe0][0x81][0xb6][0xc4][0x8c][0xcc][0xe4][0xc][0xf0])?X[0x12][0xb2][0x9][0xd1]KGMI[0x99][0x18]ME[0xa4][0xa8][0xd2][0x14]=[0x94][0x9]+[0xb][0xb][0xa2][0xb][0xe][0xd0]6{h[0xb8][0x13][0xef]g[0xd8][0x1d][0x19]Y[0x89][0xa0][0xdd][0x9d]X[0x83][0xdd][0xc4][0x90][0xd8]5[0x8f][0xa6]Hw[0xed]`/+[0xa1][0x1d][0x93][0xe2][0xfc][0x9c][0xd4][0xc][0xd0][0x10]2zk[0xd5][0x8c][0xe8]s[0xcb]M[0x9]N[0x81]B[0x1a][0x1b][0x89][0xd8][0xa7][0xb8][0xcd]M@{[0x1b][0x88]JK[0xa0][0x1]3h[0xb8][0x92][0x96][0x9e]s[0x8b]3[0x8b][0x12]3K[0xb0][0xcf];[0x18][0x83]o[0xf6] [0xce][0x1][0x88]F[0x7][0xee][0x8a][0xb6][0xa8]$#1[0xb7](3[0xf][[0xe9]o[0xc]n[0x87][0xa2][0xd8][0x5][0x0][0x0][0x0][0xff][0xff]"
17:11:38.222 [main] DEBUG org.apache.http.wire -  << "[\r][\n]"
17:11:38.222 [main] DEBUG org.apache.http.wire -  << "E04[\r][\n]"
17:11:38.223 [main] DEBUG org.apache.http.wire -  << "J,IM[0xcf]/[0xca]L-V[0xb2][0x8a][0x8e][0xad][0xd5][0xa9]V[0xf2]tQ[0xb2]256E[0x9a][0xf5]$X[0xfe][0x82][0x97][0x9a]'%[0xe6][0x80][0xce][0xa2]-)[0xc2][0xba][0x9d][0xc7][0xc2][0x2][0xb4][0x92][0x8d]8[0x9b][0x11][0x5][0x14][0xc9][0x9d] [0xc8])[0xa6][0x99]f[0xa6]X[0x87][0x8c][0xc0][0x17]][0x10][0xe7][0x6][0xc4][0x84]'[0x9e][0x12]9'13'[0x11]t[0xc2] |v[0x1d][0x9c]iQ[0xca]Ks[0xf0].8[0xe2],%[0xaf][0xac][0x2][0xad][0x8d]N[0xcc][0xcb]LJ[0xcd][0xc1]~y[0xa1][0x99]1[0xb1][0x1d]?3[0xd0]T[0x14]4[0x85][0xe3][0xf1]6[0xe8][0xf0][0xc1]Dc[0xb][0xd0][0x98]'[0xfa][0xb8][0xa0][0x91][0x99][0x89]9q[0xcb][0xa2][0xcd][0x8]N[0xc]&fe[0xe6]&[0x82][0x97][0x2][0xc3][0x86][0xe1][0xd0][0x86][0xc3]L[\r][0x89][0x9d][0x84]0C[0x9a][0xb1][0xc3]^[0xe9]A[0x8e]>[0x3][0xc5]%[0xf6][0x94][0x3][0xca][0xe][0xc4]D[0xa2][0x19][0xd2][0xec][0x19]i[0x85]DRjIb^f[0xa2][0xb9]![0xb4][0xe5][0x88][0xb2],[0xcf][0xdc][0x80][0xd8][0x5][0x87]fH3j[0xd8][0xbd][\n]"
17:11:38.223 [main] DEBUG org.apache.http.wire -  << "[0xe9]R#[0x86][0xba]J1[0xae][0xc3]0$[0xfa][0xd2]B3[0xa4]i$[0xec][0x5]}2[0xe8][0x9c][0xfd]<[0xc8]X[0x1]x[0xee][0x3]=[0xc9][0x18][0x13]}|[0x88][0x19]h[0x92][0x4][0x9a]<[0xb1]{-[0xbf][0xb8][0x14]t>[0x2][0xf6][0xed][0xcf][0xc6][0xa0][0x85]_D[0xc5]![0xd2][0x1c][0xb][0xf1][0x15](|]%x[0x8d]5[0xb6]:[0xcd][0xc2][0x2]4[\n]"
17:11:38.223 [main] DEBUG org.apache.http.wire -  << "@[0x9c][0xb][0x10]e [0xf6]`M+[0xce][0xcc]KL[0xc7]ZM[0x9b][0x19][0x10]{[0xdc][0x84][0x19][0xa8][0xbb][0xb][\r]P[0x92][0x8b]ZH2[0xca][0xcb][0x84][0xac]g[0x2][0xf9][0x17][0xed]*b[0xb]Kb[0x9b][0xdf]f[0xa0][0xb9][0x12][0xa8];[0x88][0xf][0xf0][0xd4]2[0xd0][0x99][0x1b][0xb0]k[0xe][0xd1][0x96][0xb2][0x1b][0x99][0x12]{[0x81][0xba][0x19][0xd2]@*[0xc1][0x9a][0xe]t[0xc2]fAb[0x9]h[0xf9]*[0xec]*f[0xd0][0xc8][0x14][0xca].[0x1f]ccb[0xf][0xbd]3[0x3]-n[0x80][0xfa][0x1b]{[0x82][0x6]o[0xcf][0x83][0xef]MN[0xd1][0xc3][0xd2][0x14]55[0x0][0xc5]"Q[0xa9][\n]"
17:11:38.223 [main] DEBUG org.apache.http.wire -  << "[0xe4].[0xa8]u[0x4]}[0x9a][0x9d]X[0x94][0x9a]gf[0x1][0xea][0xc8][0xa1]m[0xd8]31[0x1]5[0x84][0x88][0xb3][0x10][0xd1][0xb1][0xc1][0xdd]`I[0x86]eZ[0xc8]a8[0x88][0xa5]:[0x16][0xe0][0x19][0x5][0xe2],B[0xe4][0x17][0xd2]J][0xf0][0xf5].[0xb0][0x99][0x7][0xac][0x13] f[0x86][0xa0][0x6]&q[0xae]@[0xb4][0x1a][0xb0][0xe7]Z[0xf0]Ea[0xf0]V[0x3][0xa8][0x2]E[[0xf8]la[0xe][0x1a][0xac]$[0xca]2[0xa4][0xa3][0x5][0xb0][0xa7][0x1d][0xd0][0x9d][0x83]9[0x89][0xa0][0x1b][0xf]A{[0x98][0xc0][0xc7][0xd2] ml73[0x4][0xd5]T[0xc4][0xd9]D[0xee][0xc]^FqfIi.hC\:[0xc8][0xaf](s[0x97][0xe6][0xc4][0xae][0xce][0x0][0xaf]4[0x80][0xa6]Z[0xe2][0xb][0x87][0x82][0xa2][0xc4][0xca][0xfc][0xf4]D[0xc8][0xa9][0x86][0xd8][0x1b][0xde]f[0x96][0xc4][0x1e][\n]"
17:11:38.223 [main] DEBUG org.apache.http.wire -  << "d[0x6][0x1a][0x0][0x85]:[0x1]O[0xbb][0x8]4[0xee][0x92]X[0x94][0x1]Z^[0x90][0x9][0xca]7[0x18]}[0x1a][0xe2][0xcb]$[0xd0][0xca]<[0xa8][0x85][0xd8]#7[0x7][0xdc]GN75[0x5][0x15]?h[0xa7][0x8]X[0x10]}[\n]"
17:11:38.223 [main] DEBUG org.apache.http.wire -  << "%[0xb8][0xb5][0x6][0xb5][0x7]w[0x6]M,[0xce][0xcd][0x4][0xed][0x86]0[0x4][0x9f][0x3][0x8d]f[0x99][0xa9][0x1][0xb1]3[0xc1]fH{[0xe5][0xf1][0x84]"[0xb8][0x1d]k[0x81]}[0xf0][0xca][0x12][0xd4][0xb5]%.[0xcd][0x92][0xd3][0x96]F$WPW[0xa6][0x8]{[0xb2]1[0xb2][0x0]M[0xe8][0x12][0xe5][0x8]P[0xcf][0x12][0x1a][0xba][0xa4][0x95]J[0x99]E[0xe5][0x89]y[0xa0]b[0x1f][0xdc][0xbb][0x0][0xd5][0xad](s[0x1f][0xc6][0x96][0xc4][0x1e][0x9d]e[0x6][0x1a]([0x81]:[0x81][0xe4][0x1a][0xbe][0x4][0xbe][0xd3][0x1e]21[0x80]V[0xf][0x98][0x1a][0x11]][0xbf][0x83][0xc6][0x1c][0xa1][0xae][0xc0][0x13][0xf3][0xe0][0xb3] 2@[0x8d]}[0xd0][0x89][0xb2] _[0xa3][0x8e][0x80][0x18][0x13][0xbb]*[0xda][0xc][0xb4][0x1d][0x14]j[0x1f][0xf1]EFnbQybI"l [0x4][?[0xc0][0xdc][0x1c]t[0xfd]*qq[0x8f][0x98].[0xc5]^[0x17] [0xd6][0xa0][0xa7][0x83]V[0x6][0xa6][0x83][0xfc][0x8b]^b[0x18][[0x10]{[0xca][0xab][0x19][0xd2][0xe]e[0x82]u;[0xe8]r[0xb5]D[0xd0][0xb1][0x94][0xe0][0xdb]T[0xb0][0xc]'[0x9a][0x9a][0x81]f[0x17][0x88][0xf2]'[0xc8][0x81][0xd0][0xa0][0xc6]][0x82][0x14][0xc3][0xcf]y[0xc1]b[0x99][0x89]9hy31[0x96][0x99]#[0xcd]/[0x91][0x9c][0x9a][0xb3]Rs2K[0x12]-[\r][0xb0][0xe7]js#bc[0xd6][0x1c]i[0xca][0x9]{[0xcc][0x82][0x8f][0xe0][0x4][0xad]1[0x3][0x95][0xcd]h[0xed]R[0xb]#b/[0xc9]4[0x7][\r][0x98]@C[0x96][0xf8]D[0xc][0x1e][0xba][0x4]7j[0xa0][0xdd]H4[0xfb][0x8d][0xc][0x89][0x9d][0xef]0[0x7]%[0x1][0xa8][0xfd][0xd8][0xfd][0x9][0xba][0xc7][0x17]{9mB[0xec][0x18][0xb1]9h[0x93]8[0xd4][0x12][0x92]c4[0xa7][0xb4]<[0xb1][0xc8][0xcc][0x10][0x94]qP:[0xcb]&D[0xcf][0xef][0x9b]#M(a[0xf7]#d[0xeb]uvb[0x11][0xae][0xdb][0x8f],,[0x89]m[0xb1][0x99]#M a[0xaf][0xd4]A[0xeb][0xf5][0xf2][0xf2][0xcb][0xb1][0x9e][0x8]ldIt[0xc4]!M[0x1c][0x11],[\n]"
17:11:38.223 [main] DEBUG org.apache.http.wire -  << "[0xb2][0x12][0xd3]AG>'V[0x95][0xe6]d'[0x16][0xe5]%f[0x82][0xcf][0xf3]G[0x9f][0x2]63[0x3][0xed][0xe3]&*[0x8b][0x82][0xd6][0xbc]C#[0x94][0xf8]T[0x9b][0x9a][0x2]:[0x14][0xd8][0xcc][0x1c][0xd4]J[0xc4]X%h[0x4][0xbe][0x92][0x97][0x18][0xcb]M[0x91][0xce]a&95[0x15]$[0xe6]$[0x16][0x97][0x14][0xc1][0x8f][0xcc][0xc0]2[0xa5]C[0xfc][0xb9]@[0xa6][0xa0][0xe1][0x1a]h0[0x90]V[0xf5][0x97]An1[0xc6]b[0xbb][0x89])[0xb1][0xfd]zSPE[0x9][0xb5][0x1d]w[0xa1][0xc]Y[0xda][0xb]?[0x94][\n]"
17:11:38.223 [main] DEBUG org.apache.http.wire -  << "Z^[0xa0]5[0xef][0x8c]HX[0xf4]d[0xa0][0xa3][0x4][0xb5][0x14]O%[0xf]i[0x1e][0x9b][0xc0]F[0xb9]0G[0x83]@[0x15][0x19]Q[0x91][\r][\n]"
17:11:38.223 [main] DEBUG org.apache.http.wire -  << "[\r][0xa8]}[0xa4][0x5]1xKTJb[0x6]x+!h#<x\[\n]"
17:11:38.223 [main] DEBUG org.apache.http.wire -  << "[0xbd][0xee]52&z[0xb6][0x3][0xa9]+[0x86][0xbd][0x14][0x1][0xdd][0xe][0x93][0x92]Y[0x80][0xfd]&HsC[0xd0]0[0x0]Q^[0x6]m[0x5]&[0xcb][0xcb]9[0xe0][0xb5][0xf][0xa0][0xdb]A0[0x8f]'[0xb4]02 [0xf2]([0xb]S[0xd0]x+[0xd4]~[0x92][0xf3][0x17][0xe8]X[0xa3][0xca][0xc4][0xc][0xc8][0xc5][0xc6][0xa0][0x9a][0x11][0xcb]X[0x86]1[0xf8][0xa6]%[0xe2][0x82][0x2][0xb1][0x5][0x97][0xf8]r&[0x9][0xb6]x[0x1f]}v[0xcd][0x94][0xe8][0x16][0xb5])R[0xd7][0x8c][0xb4]d[0x97][0x9c][0x9a][0x97][0x9e][0x9d][0x98][0x83]h[0xe0]b[0xc9][0xe3][0xa6][0xa6][0xc4][0xf6]IM[0x91][0xe][0x80]#>[0x0][0xb2][0x12]+S[0xf3][0xd2][0xe1]+[0xa4][0xb1][0xb4][0xc6]L[0xc1]gF[0x11][0x17][0x5][0x88][0xd1][0x1d][0xec][0xc9]>[0x1d]v[0x94][0x8][0xa8]\GY&fb[0x6]*[0xaa][0x89][0xb3][0x5]1[0xb4][0x83][0xbd][0xd6],[0x84]7.![0x3]H([0xd3]/[0xc6]f[0xa0][0xdb]S[0x89][0xb3][0x8]1zC[0xb0][0xda][0x84][0xed]Y[0xc2]}[0x9d][0x95][0x9][0xf1]{`@[0x7]1[0x91][0x9b][0xab][0x92][0x13][0xcb]AUg[0xbe]9[0xd6][0x19]/[0x13]C[0xa2][0x97][0x93]"[0xf5]U[0xf1][0x94][0xde][0xc9]x[0xf6][0x13][0x1a][0x13]}[0xe0][0xa7])R[0xaf][0x94][0xf8][0xb4][0x9b][0x9a]S[0x9a][0x1]Z?VRZ[0x82][0xe3][0xbc]H[0xb][0x3]P[0xc5]GTd#[0xf5]H[0x9]F6|R[0x1e]<&[\n]"
17:11:38.223 [main] DEBUG org.apache.http.wire -  << "*[0xba][0xd0]k-[0xb][0xa2]Gv[0xc0][0xf7])C#[0x9b][0xa0][0xc5][0xa0]~Z&[0xf2][0x1d][0xf0]XJ[0xc]sc[0xa2][0xb7][0xfc] [0x1d][0x6][0x87][0xbb]U[0x90][0x1]=[0x18][0x2]K[0xd1]`d[0x9]J[0xa9][0xc4][0x5]/b[0xa6][0x1a]Oj[0xca][0x5]5[0xab][0xf3][0x12]A[0xc3][0xc][0xa0]#[0xba][\n]"
17:11:38.223 [main] DEBUG org.apache.http.wire -  << "J0[0xf]D46[0x6][0xb5][0xa4][0x88][0xb3][0x13]Q[0x1c][0x11][0x9f][0xa8]@[0x83],[0x99]%[0x89]I[0x89]9[0x99][0xa0][0xeb][0xd3][0xb1][0xf8][0xda][0xd0][0x98][0xd8][0xf1]_S[0xd0][0xa8][0xc]4nI[0xab][0x1a]2 gE[0x80][0x92][0x16]Z[0xfb][0xcb][0xc2][0x18]4jF[0x9c][0xff][0x11][0xe5][0x17][0xf6][0x82][0xb2][0x18]t[0x2]NVi^Ib6t[0xb2][\n]"
17:11:38.223 [main] DEBUG org.apache.http.wire -  << "[0xdb][0x18][0x87][0x19][0xf1][0x1b]IM[0x11][0x83]l[0xa4][0xf9]7%1[0xa9]4;;5-1[0xb3]*1[0x3]{[0x87][0xdc][0xcc][0x2][0x14][0x9a]Dy[0x1c][0xb4]_[0xb][0x1a][0xec][0xd8]=^[0x95][0x98][0x93][0x9][0xea][0x8f]C[0xf6]$[0x81][0xfa][0x8b]([0x13]6f[0xc6][0xc4][0xce][0x15][0x99][0x82][0x1a][0xa7]P[0xab][0xb0]Wy[0x89][0xe9]y[0xa9][0xe0][0x8b]t[0xb0][0xdf]Ml[0xe][0xbe]"[0x94]8_[0x91][0xb3]k[0x5]>[0xab][0xb]:[0xed][0xa8][0x8][0xe4]S[0x94][0x81]CCK[0xd0][0xa0][0x2]q[0xd6]#[0xda]W[0xa4][0xc5]-l[0xc2][0x17][0xbc]3:[0xf]GImH[0xf4]=m[0xa6][0xa0]kA[0xa1]ANr[0x9b][0xb3]*5'[0x11]tg[0x14][0xf8][0xd4]zPh[0xa0][0xe5].S[0x3]b'A[0xc0][0xe7][0xa6]@[0x9d][0x81][0xbb][0xf0][0x4][0x9d][0xe5]S[0x92][0x98]X\[0xe][0x9a]q[0xc1]R[0x96][0x98][0x1b][0x13];X`[\n]"
17:11:38.223 [main] DEBUG org.apache.http.wire -  << "[0xea]pC[0xed]#[0xd9][0xdb][0xc5][0x89][0xd9][0x89][0x16]f [0xff]bic[0x1b][0x1a][0x83][0x8c]&.[\r] [0xf2]7[0x9e]R[0x1c][0xe2]][0xc4]A[0x8f][0xa0][0xa9][0x8f]$[0xb4]{[0xf9]LM[0x88][0x9d][0xee][0x1]//$[0xd7][0xe3][0xe9][0x89][0xc5][0xe0][0xd6][0x1][0xe8][0x6]_[0xe4]%[0xc6]&D[0x1f]s[0x1]nC[0xad]'X?[0x83][0x7][0xdb][0x12]3[0xb2]R[0x8b][0x8b]3[0x93][0x13]A[0xe1][0x8d]6[0xda]fj[0x6]Z[0x1b]MTX[0x83][0x86][0x5][0xa1][0xf6]b/Y2 7[0x82]B[0x17][0xcd][0x16]c#[0xa2][yH[0xc3]m[0xa4][0xe5]j[0xb0]W3[0x93][0xc0]GZ`[Yf[0xe][0x9e][0xc3]'[0xc6][0xa7]f[0xa0][0xdd]0P[0x9f]b/[0xae]3[0xf3][0x12]MM[0xb1][0xd7][\n]"
17:11:38.223 [main] DEBUG org.apache.http.wire -  << "&&[0xa0]:[0x87]8k[0x10][0xe5]'[0xc9][0x19](;5/[0xb1]([0xd3][0xd2][0x10][[0xfd]hdL[0xf4]|;([0xcd]C}[0x8a]#N![\r] [0x13][0x3][0xe8][0xe0][0xb][0xda][\n]"
17:11:38.223 [main] DEBUG org.apache.http.wire -  << "[\n]"
17:11:38.223 [main] DEBUG org.apache.http.wire -  << "c[0x13]b{If[0xa0].<[0xd4]*[0x92]}[0xb]i[0xf1][0xe1]Yoka[0x1]Z#A\[0xa8][0x13]Ud[0x80].[0xd0][0xcc]/[0xcf]O[0xcc]KO/J[0xcc][0xcc][0x3][0xcf][0x96]b+[0xaa][0xc][0x89][0x9d][0x19]03D[0xc]>[0x91][0xec][0xd0]I[0xe8]([0xcd]l,%[0xb7][0x89][0x5][0xb1][0xfd]H3[0xd0][0xac][0x18]4*[0xb0][0xc7]ziAf64[0x4][0xb0]e%3s[0xe2][0xad]BL2[0xe1])[0xa0][0xb3]`[0xb],[0xb0][0xae]o0&[0xfa][0x8e]F3[0xd0][0x80][0x18][0xd4]g[0xb8][0xeb]@[0xe8][0x9e]s[0xd0][0x90]9h[0xdf]7V;M[0xc1][0x97]j[0x10][0x95][0xa0]@[0xeb][0xda][0xa1]v[0xe2][0xf1]bqbn~qf[0x11]l[0xf1]2x[0xb1][0x3][0xca]8[0x80][0xa1]9[0xb1][0xed]h3[0xa4][0xbd][0xd2]xlLL[0xaa]L,N4[0xc2]QN[0x19][[0x80][0x96]4[0x11][0xe5]A[0xd0][0xf1][0x9e]P[0xf][0xe2][0xe]T[0xd8]![0xbf][0xc9]9[0xa0]=aX[0xba][0x81][0x16][0x6][0xc4][0xf6]R[0xcc]@[0xd3][0xd7]P[0xb]I[0xab][0x3]r@[0xf9]55/[0x1d][0xb6][0xa4][0x4][0x8b]3L[0x88]>[0xbf][0xcb][0xc][0xb4]([0x15][0xea][0xc]<[0xc1]\[0x92][0x98][0x9b]ia[\n]"
17:11:38.223 [main] DEBUG org.apache.http.wire -  << "[0x1a]?B[0x99][0xe2]![0xfe][0xb0][0x16]3[0xd0][0x9e]S[0xa8]=[0xb8][0xc3][0x17]:[0xf7][0xb];[0xab][0x1]k[0xb6]4!:[[0x82]Jm[0xa8][0x95]x[0xbc][0x96][0x93][0x9a][0x9b][0x94][0x98]an[0x6][0xea][0xf5][0xa1]l[0xf3][0xb6][0x0][0xaf][0xb]#.[0xf1][0x10][0x1a][0x1c][0xcb]N[0xcc]I4[0xc7]z[0xb6][0x9b][0x89]9[0xe8][0x1c] [0xe2]lA[0xf4],[0xb1][0x97]h[0xa0][0xed][0xaf][0xc6]f[0xa0][0xa6][0x9][0xf2][0x1a][0x1f][0x13]c[0xd0][0xb2][[0xe2]l@T[0x1b][0xd8][0xdb][0x4])[0x99][0x89][0x19]Y[0x89]y[0xa0][0xab][0x5][0xb1][0x94][0xce]F[0xc6]D7[0xb][0x8c][0x11][0x15][0x5][0xc1][0xf6]]Yjzb1h[0x92]1[0xf][0xe3]X^3[0xb][0xd0][0x80][0x19]Q~C[0x9a][0xa7] ~\"[0xb3]([0xd1][0xc][0xeb])[0x95][0xc4][0xef]W0C[0xda][0x85]N[0xbc][0xc5][0xb9][0xc5][0x99][0xb9][0xe0][0x93][0xf1]@y[0xe]}[0x1e][0xd0][0xc2][0x9c][0xe8][0xc5]>H[0xf7][0xec][0x90]U![0x83]7&[0xc2][0xe][0xbb])[0xc5]rU[0x86]1[0xd1][0x3]_fHC[0xe5][0x4][0xe3][0xbc]4[0xa7][0x12][0xb4][0x8d][0xa1]4[0x7]T[0xda][0x81]R4[0xfa]X[0x9f][0x91][0x11][0xb1]C[0xf4]f[0xa0]a[0x5][0xc2][0xe5][0x0]x[0xdf]xbFAi[0x16][0xec][0xa4]:[0x94][0xd1][0x9][0xb]s[0xa2][0x1b]_[0xa0][0x19]b[0xa8]}[0x9e]E[0xc5][0x89])J:J.[0xa9][0xc5][0xc9]E[0x99][0x5]%[0x99][0xf9]yJVJ[0xe9][0x89]%[0xf9]%[0xb9][0x89][0xf0][0xa5][0xab]X[0xb2][0x92][0x9][0xd1]7[0xcf][0x9a][0x11][0xbc][0xfe][0xf]|[0x8e]X[0xe]x[0x86][0x19]{s[0xde][0xcc][0x80][0xd8][0xc1]K3[0xd0]h[0x10][0xd4]o$[0xa7][0xa7]rH[0xb7]0;[0xb1]([0x17][0xb2]C[0x1f]m%[0x93]1[0xd1][0x9b]@[0xcd]@[0xee][0x85]:[0x3]O[0xd1]^[0x9c][0x98]]Z[0x94]X[0x94][0x98][0x95]X[0x82]u[0x89][0xb6][0xa9][0x5][0xa8])ET[0xe9][0x1]*[0xd8][0xa0][0x16][0xe2][0xae][0xbe][0xc0][0xf7][0x93][0xe0][0xbf]Z[0xd7][0xd4][0x98][0xd8]YF3[0xa4][0xf1]4[0x12][0xca][\r]P[0xc6][0xc9][0xcb][0x4][0x1d][0x1e][0x83][0xad][0xf6]44[0x6]u=[0x89][0xf2]1[0xd2][0xd5][0x7][0x4]s+[0xf8][0x6][0xf7][0x92][0xc4][0xbc]tlv[0x1a][0x11]}O[0x17]x[0xc1]$4[0x94]Ik[0x13][0xa5]T[0x95][0xe6]$[0xe2]l[0xe7]Z[0x80][0xf][0xfa]"[0xc6][0xd7][0xe6][0xa0][0xcd][0xa2]P[0x17][0x10][0xf4]u[\n]"
17:11:38.224 [main] DEBUG org.apache.http.wire -  << "t[0xd4][0x1a][0xd4]r@)+[0x8c][0x8c]AkL[0x88][0xb3][0xf]1Z[0x8e][0xbd]N[0x87]4pa[0xa7][0xd2][0x17]`[0x1c]kab[0x9][0xea][0xc8][0x13]g[0x17][0xa2][0x95]B[0xd0]o[0xc9][0xa0])[0x9e][0xd4][0x92][0xca]|[0x90][0xe7][0xd0][0xf2][0xa9][0xa1][0x11]h[0x5];qV"[0x9a],[0x4][0xad]L[0x1][0x97][0xb]%[0xf9]fX[0xef][0xb0]74[0x2][0xcd][0x9b][0x10]g)[0xa2][0x15][0x83][0xa7]p(I,[0xce][0xcb][0xcc][0xb5]4[0x2]U[0xb0][0x18]gF[0x9a][0x10][0xdb]o0G[0xda]W[0x8a][0xc7]2P[0xaf][0x1e]r[0x87][0x11][0xa4][0x97][0x8f][0xbd][0x1c]6[0xb7] v[0x1c][0xd4][0x1c][0xb4][0x2][0x97][0xd8]t[\n]"
17:11:38.224 [main] DEBUG org.apache.http.wire -  << "=[0xb][0x6]|1s[0x12][0xf8]>_[0x90][0x9f]Q[0xda][0xba][0xe6]D[0x1f]on[0x8e][0xb4][0xa7][0x14]{[0xed][0x6][0x19][0xde][0x7]_[0xe5][0x8b][0xdd][0x9b][0xa6][0x6][0xa0][0xd6][0x1f]QQ[0x9][0xea]MA[0xbd][0x89]'t!a[0x9a]W[0x9a]^[0x94][0x9f][0x91][0xf][0x1a][0xff]C[0x1f][0xc0]![0xba]+o[0xe][0xda][0xdd][0xb][0xb5][0x10]w9[0x9f][0x5][0x9e][0xc6]0[0xc5]q/[0x94]1[0xf1][0xb])A[0x8b][0x1d][0xa1][0xb6]a[0xcf][0xfd]U[0x89][0xb9][0x99]E[0x89][0xc6][0x6][0xa0]\[0x88][0xd2][0xf3]27 >[0x85]"[0xb2][0x3][0x9][0xf5][0x8][0xf4]PGCKPZA9t[0xd0][0xcc][0x4]4[0x18]@L[0xf4]Y [\r][0x87][0x91]V[0x9e][0xe7][0x80].\I[0x7][0x95][0xaf][0x90][0xa5][0xd7][0xa5])z(%[0xac][0x89][0x99]1[0x91][0x8b]e[0xc0]Y[\n]"
17:11:38.224 [main] DEBUG org.apache.http.wire -  << "[0x1a][0xc6][0xd8][0xd3]+[0xac][0xa4][0x3][0x1d][0xfa][0x95][0x1][\n]"
17:11:38.224 [main] DEBUG org.apache.http.wire -  << "h[0x94]%[0x12][0x16][0x6][0xc4]n[0xa5][0xb4]@[0xda][0xf2]G[0xb0][0xb0]K[0x85][0xac]h[0xc4][0x9e]A[0xc][0x8d][0x89][0xbd][0x11][0xce][0x2][0xe9][0xcc]L[0xe2]#7=1/[0xbd]8[0x11]>[0x9f][0x8e][0xad][0xd2][0xb6][0xb0] v[0xcc][0xcf][0x2]i[0xcc][0x8f][0xb4]H[0xce]-[0xcd]*-[0xca]HL[0xca]L[0xc2]1=ef[\n]"
17:11:38.224 [main] DEBUG org.apache.http.wire -  << "[0xda][0xf1]ATJC[0xda][0x0]Ir[0xbb][0x14]t[0x98]}%hg[0x5]([0xa9][0xa3][0xd5]u&D[0xdf][0x4]h[0x81]4[0xe0]HZ8[0x80][0xf6]m'[0xc2]Os[0xc5][0x9e]$L-@K%[0x88][0xb][\n]"
17:11:38.224 [main] DEBUG org.apache.http.wire -  << "[0xc4][0x94]![0xf6][0x4]_[0x94][0x98][0x99][0x91][0x98]g[0x82]u[0xcd][0xb0][0x91][0x9]h[0x15][0x1d]q[0xf6][0x10]5[0xea][0x9][0x1d]a[0x5][0xef][0x8a][0x86][0xec]_@[0x1e][0x9b]04[0x2][0xa5][0x1e][0xe2][0xac]C[0xac]e >[0xa5]#[0xb6][0x92][0x80]j[0x87][0xc4][0xc][0x1c][0xe7][0xaf][0x99][0x18][0x80][0xd6][0xcf][0x13][0xe7][0xc]B[\r][0xb6][0xd4][0xf4]DK[0xac][0x7][0xa8][0x9a][0x98][0x80]R[0x8]q[0x96] Zj[0xc4][0xfb][0xb5] [0xb5][0xa8]$[0xb3]<[0x13][0xb4]/239[0x13]|d[0x6][0xfa][0xc0][0x81]![0xd1][0x17][0x9]X[0x80][0xca]xh[0xb1]I[0xb0]0[0x3][0xcf]J[0xc1][0x7][0xed] [0xb1][0x8c]n[0xb5][0x5]x[0x93][0x13]q[0xbe]GTX[0xa4]e[0xa4][0x92][0xc4][0xe2][0xf2][0xcc]"[0xd0][0x94]k[0x9][0xca][0xa8][0xb3][0x85][0x1][0xb1]#`[0x16]H[0xa3][0xce][0x4][0xbd][0x9d][0x9d]X[0x9e]X[0x9][0xbb][0x15][0xac][0xa0][0x4][0xfd][0xc0]93#P[0xa7][0x91]([0x1f][0x83][0xea]rh`[0xe3]i[0xe6][0xe4][0x15]'[0x16][0x94][0x80]V[0xe8]`[0x19]/05'v[[0xb5][0x5][0xd2]H7a/[0x96][0x16]C[0xce][0xa6]*[0xc9][0x4]-[0xbd][0xc7]f[0xb1][0x5]h[0x98][0x95]8_"[\n]"
17:11:38.224 [main] DEBUG org.apache.http.wire -  << "&[0x92][0xcb][0xe8][0xc4][0xbc][0xd2][0xa2][0x94]LP)[0x9d][0x9][0xaa][0xa2]Q[0x1a]$[0x86]F[0xa0][0xf5] [0xc4]9[0x1]Qf[0x11][0xf4]{q"
17:11:38.224 [main] DEBUG org.apache.http.wire -  << "[\r][\n]"
17:11:38.224 [main] DEBUG org.apache.http.wire -  << "7B[\r][\n]"
17:11:38.224 [main] DEBUG org.apache.http.wire -  << ""[0xf8][0x94][0xf7][0x92][0xcc][0x12][0xc8]j|[0xf4][0x95][0xc9][0xc6]D[0xef]#[0xb7]@[0x1a][0xfc][0xc6]^$[0xa7]'[0x82][0xc6][0xb9][0x8c]p[0x9c][0x89]n[0x2][0xde]rO[0x9c][0x7][0x11][0xc5][0x13][0x9e][0x94][0x4][0xba]m9[0xb3]$[0x1f])L[0xc1][0xa7][0xf] [0xed]K5"z[0xcb][0x93][0x5]he[0x18]4[0xf1]b[0xf7]\ybJ[0xa6][0x81][0x5][0xa8]][0x8e][0xb2][\n]"
17:11:38.224 [main] DEBUG org.apache.http.wire -  << "[0xc6][0x1c]|[0xf6][0x4]q[0xbe]Bt#[0xf1][0xf8][\n]"
17:11:38.224 [main] DEBUG org.apache.http.wire -  << "[0xda][0xcf][0x1]-[0xa8]/[0xca]J[0x84][0xce][0xe5][0xa2][0xc7][0x9a][0xb9][0x1][0xca][0xb6]i[0x0][0x0][0x0][0x0][0xff][0xff]"
17:11:38.224 [main] DEBUG org.apache.http.wire -  << "[\r][\n]"
17:11:38.224 [main] DEBUG org.apache.http.wire -  << "1C12[\r][\n]"
17:11:38.224 [main] DEBUG org.apache.http.wire -  << "2[0xc0]}[0xf6][\n]"
17:11:38.224 [main] DEBUG org.apache.http.wire -  << "[0xf8][0xc6]\[0xa8][0xc7]HN[0xaf][0xd0][0x95]l[0xa0]~[0x1f][0xf8][0xde]_[0xac][0xf3]o[0x86][0xc6][0xc4][0xae][0x18][0xb0][0x0][0xf5][0x98][0xa0]n![0xad]L[0x4]M[0xec]&B[0xc7]6[0xc1][0xe3][0xa8][0x95](E[0xa3][0xb9])[0xb1][0xe3]Q[0x16]d[\r][0xa0]#[0xdd][0x1][0x1]?K[0x11][0xdb][0x8d][0xcb]&D[0xaf]L[0xb1]@[0x1a]O[0xc7][0x93][0x18][0xc0]wLe#[0x9d][0x1e][0x8c]~m[0xa3][0x5][0xd1][0xb3][0xda][0xe0]iwh[0xe0][0x93][0x9c][0x10]R2[0xd3]S[0x12]+[0x13][0xe1]k[0xbd]![0xb5]#[0xda][0x2](c[0x13][0xd0]Y[0x17]De[0x5]PtA[0xdd]B[0xb0][0x4][0xcb]HL+[0xce]H[0xcc]01[0x3]5lQ6q[0x1a]Y[0x10];[0xf]k[0x1][0x1a][0xeb][0x81]Z[0x88]={[0x17]'[0x96]T&[0x1a][0x1b][0xe2]h[0xb7][0x12]}'[0xa8][0x5][0xa8]G[0x7][0xb5][0x88][0xb4]$[0x9e][0x9b]X[0x94]X[0xc][0xbf]a[0x16]kN36[0x7][0xdd][0x94]H\[0x0]#[0xda]^$G6[0xa2]@[0x5][\r][0xc3]BK [0xb4][0xb3][0x5][0xc][0xcd]A[0xcb][0xae][0x89]s[\n]"
17:11:38.224 [main] DEBUG org.apache.http.wire -  << "[0xa2][0xd8][0xc3]><[0x0]^[0x9]m[0xc]>[0x1d][0x2]c[0xbf][0x96][0x99][0x1]h[0xbe][0x85]8{[0xc8]mpA[0xce]60[0x2][0x9f]?[0x8b]2[0x9e]db[0x9][0xca][0xa5]DY[0xe][0xea]o@[0xa3][0x9d]`[0x82][0x86].{[0x87][0xf4]_A[0xa5][0x19][0xfa][0x2]7C#[0xd0][0x84][0x17]q[0xf6]"[0x8e]S hofQ.[0xe8][0x90][0x93][0xec][0xc4]b[0xf0][0x9][0xfa]h}DS[0xb][0xd0][0xe2]H[0xe2],E[0xac][0x86]"1[0x8d][0x83][0xef]^[0x84][0x9e][0xa3][0x80]e[0xc6][0xdf][0xd4][0x98][0xe8][0x1e][0xc][0xa8]O[\r][\r]p<[0xe5]'[0xf4][0x96][0xb5][0xa2][0xd4][0xbc][0x94]JP[0x8b][0xb]=[0xa4]-,A[0xf9][0x95]8O#[0x1a]][0xa4]y[0xba][0xc]z[0xf2]/[0xb6][0x1][\n]"
17:11:38.224 [main] DEBUG org.apache.http.wire -  << "cs[0xa2][0x8b]LP>[0x80]z[0x18]{[0x9][0x96][0x99]S[0x9c][0x8];[0xd5][0x11]R>[0xa3][0xc5][0xb0][0x11][0xb8][0xf2]#[0xce][0xb3]D5[0xc0]@K[0xc0]A[0xb7][0xca][0x15][0xc1][0xe6][0x1a][0xd1]*[0x4]C[0xa2]/[0xd4][0xb4][0x0][\r]OA}[0x87]{[0xc4][0x12][0xb4]d$1)[0xb1]2[0xd1][0x8]<[0x9e][0x87]1[0x99][\n]"
17:11:38.224 [main] DEBUG org.apache.http.wire -  << "[0xde]MM[0x9c][0xff][0x8][0x95]I[0xd0]5@E[0x99])[0xe5][0xa0]Y>[0xf0][0xa6]>[0xf4][0xe0][0xb4][0x4]-[0xb3]$[0xce]:D[0xd1]D0[0x97][0xc2][0x8e][0xc3][0xc6][0xba][0xce][0xc2][0x10][0xdc][0x9c]#[0xca]N[0xd0][0x92][0x2]h[0x88][0x92]\[0x3][0x80][0x1a][0x1c][0xf9][0x95][0xf9][0xa9][0xa0][0x19]N[0xd0][0xf2]W[0xd0][0xe4]o@Qfr[0xaa][0x92][0x95][0xa9][0x1]hb[0x98]8[0x17] [0xca]&[0xdc]q[0x9a][0x97]X[0x92][0x98][0x93][0x9]O[0xb8]X[\n]"
17:11:38.224 [main] DEBUG org.apache.http.wire -  << "[0x5][0xb]3[0xa2][0xc7][0x11]A[0xa3]KP?[0x93][0x96]GS[0xcb][0x12][\r][0xc1][0xb][0x83][0xd0][0xe2][0xd8][0x90][0xe8][0x9b] -[0xc8]<&"#[0xb5][0x18]t[0xa1][0x13]l[0xeb]4[0xa8]:@[0x9f][0xc7]13#v[0xd2][0xc8][0x2][0xa4][0x10][0x1a][0x0]xJE[0xd0][0x11][0x11][0x89]%[0x89][0x96][0xc6][0xd8][0x8a]$3s[0xd0]t[0x5]q[0x11]L[0xce]`V[0x15][0xac][0x19][0x8f]-[0xaa]M[0x89][0x8f]jD[0x9]EZT[0x83][0xf7]AA[0xeb][0x5]P[0x8b][0x12][0xa3][0xc9]aN[0xf4][0xa9][0xca][0xe0]]%[0xd0][0xe0]&=[0x8f][0x15]g[0x96][0xe4][0x17][0x95][0x16]coq[0x1a][[0x80][0xb6][0xe7][0x12][0x17][0xb][0x88][0xb2][0x8c]`[0xe1][0x92]]Z\[0x9a][0xb]*>[0xb1][0x4][0xbe][0x89][0x11][0xb1]k[0xd2],@CBP[0xe3][0xce][0xd9][0x19][0x90])[0xb4]<[0xf8][0x9d][0x89]h[0xb5][0x83])[0xd1][0x17][0x90]X -" [0xe8]E[0xd8][0xea][0xc6][0xfc]l\'[0xc2][0x9b][0x9a][0x81][0xca][0x9][0xa2][0xc2][0x16]4$C[0xd0][0xa3][0xd0]E[0xaa][0xa9][0xb9][0x89][0xc5][0xa0][0xe1][0x1][0x8c][0x4]eA|s[0xe]i[0xb9][0x2][0x9e][0xfc][0x9b][0x94][0x98][0x9d][0x99][0x95][0x98]gj[0x81]#[0xed][0x80][0x8f][0xce]'[0xce][0x88][0xc1],[0xdc][0x11][0x99][0x97][Z\[0x92][0x9f][0x86]u[0xf1][0x89][0xb9][0x11][0xe8][0x4][0x13][0xe2][0xec]B4[0xa0][0xf0][0xf8][\r]v[0xad]2[0xf4]$[0xc0][0xe4]2=[0xf4]6[0x9b][0xa9][0x5][0xb1]7[0x15]Y[0x80][0xee]'[0x86]F[0x1f][0xc9][0xf9][0x13]z[0xe8][0x97][0x9][0xd6][0xbd][0xb0][0xa6]F[0xc4][0xee][0xc5][0xb0][0x0]m[0xd2][0x81][0xba][0x1][0x8f][0xb7][0x8b]R[0xf2][0xf3][0xd2]A[0x87][0x9b]A[0xbb][([0xd3][0xa4]&[0x96][0x86]D[0x1e][0x84][\n]"
17:11:38.224 [main] DEBUG org.apache.http.wire -  << "[0x1e][0xcc][0x83][0xda]F[0xfc][0x98]{jQfv[0x6][0xe8]^[0x8a][0xc4][0xbc][0xe2][0xca][0xc4][0xc]l[0xb5][0x82][0xa9][0x9][0xa8][0x7]M\<#[0xca]#[0xd2]J[0xe6][0x9c][0xd4]|K3[0x1c]I[0xda][0x9c]x[0xeb][0x11]m-[0xe2]C[0x0][0xd4][0xfe]([0x7][0x1d][0x16][0x85][0xb4][0x9e][\r]k[0x17][0xdc][0xcc][0x12]t[0x9f][0x9]Q[0xe1][0x0]:[0xb6][0x6][0x1a][0x15][0xa4][0x85][0x3]x&[0xad]<3/[0x5]k[0x8e]3[0x2][0x9f]?K[0x9c][0xb][0x88]i[0x80]A[0xbb][0xc][0xe0][0xd3]j[0xb1]z[0xd9][0x84][0xe8][0xc3]b,@[0xc3][0x13]P/[0x13],[0xa7][0xf3][0xc1]uQ>4[0xbd]c[0x14][0x9a]&[0xc4][0x8f][0xc8]#[0x1d][0xe4][0x84][0xbd]gT\[0x9a][0x2][0xba]>[0x18][0xb4][0xb2][0xaa][0x0]m[\n]"
17:11:38.224 [main] DEBUG org.apache.http.wire -  << "[0xde][0xd4][0x4]T[0xc4][0x13][0x17][0x9a][0x88][0xf2][0x8b][0xa0][0xe7][0xca]![0x8b]9[0xb0]'fss[0xd0][0xb4][0x14]qv[0x92][0xd3][0xc2][0x82]-[0x5][0x80][0x1f][0xca][0x5][0xba][0xfa][0xb][0xa9][0x9]ofHtq[0x82]tl[0x13]A?[0x97]"N[0xc1][0xd2][0xba]04[0x7]-`%[0xce][0xd3][0x88][0x2][0x4]w[0xa5][0x94][0x9b][0x98][0x7]YV[0x9b][0x94][0x98]QZ[0x9e]YT[0x99][0x8]j:[0xa3]w[0x9][0x89]?[0x80][0xc2][0x2][0xb4][0xa4][0x10][0x9a]v[0xf1][0x94][0xd3]y[0x89]I[0x89]I[0x89]y[0x90]I3[0xec][0xd1]kJ|[0x95][0x88]tb[0x14][0xf6][0x94][0xb]_[0xdd][0x0][0xde][\n]"
17:11:38.224 [main] DEBUG org.apache.http.wire -  << "[0xc]j][0xa0][0xfb][0xd0][0xd0][0x18]t[0xce]6Q[0xe1][\n]"
17:11:38.224 [main] DEBUG org.apache.http.wire -  << "Z[0xce]G[0xd8][0x87][0x90][0xe5][0xad]i[0x89]E[0x19][0xa5]yy[0x99][0xa0][0xa1][0xa2][0x14]=[0xf4]=[0x82][0xc6]Dg[0x1a][0xa4][0xe3][0xa3]p[0xc7]%[0xe8]R[0x95][0xdc][0xc4][0xbc][0x82][0xa2]D[0xf0][0x81]U[0xd8]R[0x8f]%[0xc8] [0xe2]|[0x89]h[0xd2][0x10]L[0xb2][0x99]9[0x95][0x89][0xc5][0x96][0xc6]8[0xe2][0xd1][0x80][0xd8]=[\r][0x16]H[0xf7][0x8b]`[0x8f]GXVLI[0xcc]+[0xcd][0xc2]Z[0xac][0x1b][0x9a][0x12][0xdd][0xe0]GZ[0xdd]IZ[0xc5][0x2][0x1a]?)[0xca]L[0x4]m([0x6][0xad][0xe8][0xc6]^[0xcf][0x13]=[0x3]k[0x81][0xe8][0x81][0x91][0xdc][0xb8][0x82][0x9c][0xf7][0x8c](0[0xb0]L[0xc9]Z[0x98][0x83]V[0x5][0x11][0x15][0xe5][0xa0][0xb6][0x18]4a[0x93][0x16] U[0x88][0xa1]n[0xd0][0xe8] [0xea][0x9a][0xe][0xa2][0xc7]9[0x90][0x16]O[0x12][0xdf][0xe2][0x0][0xed]EB[0xac][0xc]+(A[0xbb][0xa0][0xc3][0x0]4[0x9c]@[0x94][0xe7][0x91]V2[0xe2])[0xb7]J[0x12]s[0x93]@[0x83][0xbf][0x95][0xf9][0xe9][0xf9][0xd8][0xe2][0x9d][0xf8][0x1b]A,@[0xc3][0x3][0xd0][0xd0]&9[0xde]3[\n]"
17:11:38.224 [main] DEBUG org.apache.http.wire -  << "J[0x8b]@[0xfb][0xe7]A}[0xc2][0x12][0x8c][0x96][0xbd][0xb9][0x19]h)!q[0xbe]F$>|[0xe5]J[0x11][0xa8][0x9f]db[0x8a][0xcd][0xc7][0x86][0x16][0xa0]-[0x7][0xc4]Y[0x86][0x98]L!-}[0x81][0xaf][0xd1][0xc3]~[0xe5][0xa8][0x89]9hY!q[0xd6][0x13]S[0x1f][0x82]OHH[0xc9][0xcc][0xcb],[0xce]M[0xcc][0xcc][0xc1]^[0xa2][0x19][0x9b][0x80]F[0xcd][0x89][0xb3][0x13][0xd1][0x8a]&X[0x8a][0x96]g[0x16][0xa5]$[0xe2][0x9f][0xb9]2[0xb1] [0xf6][0xce][0x3]KPuFn[0xf2][0xaa][0x82]N[0x9e][0x83]*J[0x94]Yz3[0xf0][0xfd]A[0xc4][0xf8][0xdc][0x12]T[0xe8]C[0xed]'>7W[0x80]Vz&[0x9a][0x98][0x82],F[0xaf][0xa1]M[0x8d]A%%qv[0x93]Rw[0x15][0x81][\n]"
17:11:38.224 [main] DEBUG org.apache.http.wire -  << "r[0xd0][0xb8]![0xc8]R[0x94]u[0xa5][0xa6]D[0xdf]Mb[0x89][0xb4][0xab][0x9c]x[0xdf][0xe6]&[0xe6][0x15][0x83]n[0xe]/[0x86]\[0xc5][0x8c]>^il[0x8]:[0xb7][0x91]8[0xf]#[0xda][0xb7][0xa4][0xe5],[0xc8][0xc5]B[0x10][0x87]`[0xcb][0xdd][0xe6]F[0xa0]=>[0xc4][0xb9][0x1]Q[0x94]`[0xaf][0xbc][0xb3][0xcb]Ks@}C[0xf8]4[0x7][0xfa][0x88][0x84][0x5][0xd1][0xad][0x13]K[0xd0][0xd2]xh[0xea][0xc2]]nA[0xf]w[0x83][0x9c]F[0x8a][0xd6][0xf6]23 [0xb6]%dI[0xca]J^[0xe8][0xa8]YfF"h[0xd1][0x9][0x96][0x16][0x98][0x85]1[0xb1][0xd3][0x83][0x96][0xa0]z[0x1b][0xea]G[0x92]+[0x8][0xf0][0x99]3[0x89][0x6][0x6][0xd8][0xe2][0xd4][0x94][0xe8]E/[0x96][0xa0][0xf5][0x98]P'`[0x9f]sN[0x82][0xae][0x8b][0xc2]v([0x83]9x_[0x2]Qi[0x7]i[0xc1].[0xf1][0xd9]'%?%[0xdf][0x18][0xeb][0xb0][0x92]9[0xf8][0xa8]O[0xe2]lF[0xf4]F[0x89][0xb7][0x19]|8[0x1][0xa4][0x81][0x8f]-[0x80][0x8d][\r][0x89]]Oa[0x9][0xda]r[0x6][\r]`[0xdc][0xe9][0x18]\1X[0x80]/&FY[0xea]fbF[0xec][0x8a]![0xf0][0xc0][0x17][0xd4][0x1e][0xe2][0xbd]Y[0x9][0xba]&[0xc6][0xcc][0x2]k[0xdc][0x1a][0x80][0xfa]\[0xc4][0x85]0[0xa2][\n]"
17:11:38.224 [main] DEBUG org.apache.http.wire -  << "[0xc4]^.[0xe4]&[0x82][0xca][0x85][0xc4][0xa2][0xd2][0x14][0xac]w[0xc4][0x98]X[0x82][0xf6][0xf7][0x11]e[0x15][0xd2]zM[0xd2][0x8a]A[0xf0][0x82]F[0xd0][0xd9][0x1][0xb0][0xe][0x6][0xa8].@[0x1b]g73#[0xba]8FZ[0xc1]I|h[0xc3]W[0xec][0xe6][0xa5][0x94]BGs0[0x96][0xab][0x99][0x12];[0xaf]o[0x89][0xb4][0xae][0x13]Os[0x16]~[0xed]Ei[\n]"
17:11:38.224 [main] DEBUG org.apache.http.wire -  << "x-[0x3]J[0xf2]25![0xba][0xb1][0x81]t|[0x1][0xf6]8N[0x81][\r][0xa6][0xe0][0xf0][0x99][0x99]!h[0xf4][0x89][0xb8]HF[0xe4]X<>[0x3]7[0xd4][0xb3]A[0x97]7[0x81]&[0xa7][0xd0]k[0x1a]3[0xf0][0xfa]|[0xe2][0xac]#[0xb7]j-[0x80]o[0xda][0xc6][0xbc][0xb0][0xd1][0x94][0xe8][0x9b][0xf4],A[0xb]j[0xa1]9[0x97][0xe4]Z[0x0]t[0x4][0x80][0xb9][0x11]4[0xc8][0xd1][0x93][0xb3])[0xe8][0xe6]&[0xe2][0x82][0x0][0xd1]p[0xc6][0x1e][0xbb][0xe0][0xf6]9[0xf6]-[0x4][0xa6]F[0x96][0x96][0xc4]]]]><![CDATA[>f[0x89][0xb4][0xaa][0x11]O[0xc4][0xc2][0x93]lnb[0xe]x[0xac][\n]"
17:11:38.224 [main] DEBUG org.apache.http.wire -  << "[0xa3][0xd9]D[0xf4][0xb1][0xb1][0xe0]eI[0xe4][0x86]mNbvqb^[0xa2][0x1][0xb8][0xad][0x8a][0x91][0xbe][0xc][0x88][0xf7]5[0xa2][0xad][0x8a][0xbd][0x8a][0x85][0x9f]M[[0x9e]Y[0x4]^[0xc7][0x8f]6[0xb7]nbJ[0xec][0xd4][0x11]x[0x91][0xe][0xd4][0xbf][0xb8]k[0x1b][0xf0]Yq)[0x99][0xb0]M[0xa6]X[0x86][0x14][0x8c]M@K[0x98][0x89]J:[0xa0]Q~[0xa8][0x8d][0xd8]}W[0x9e][0x99][0x92][0x9][0xa9]IK[0xf2]s[0xb1][0xde]Rhd[0xe]Z[0xe5]H[0x9c]m[0x88][0xaa][0x86][0xe4][0xbc][0x92][0x7]^[0x94][0x9][0x9e]e-[0xd1]C[0xcb]+[0xc6]D/[0xb9][0xb6][0x4][0x8d]>A=[0x8c];[0x88]A-[0x17][0xa4][0xb3][0xd9][0xb0]N[0x17][0x98][0x12]}$[0x9c]%[0xd2][0x9][0xd0]x2[0xe]t[0xa3][0x8f][0x11][0xb6][0x16][0xb][0xf1][0x1b][0xd1][0xc1]{F[0xa0][0x1e]$[0xd8][0xa3][0x5][0x9d]ygf[0x82]m@[0xd9][0xd8][0x18][0xb4]R[0x89][0xa8]HE:[0xdb][0x99][0xf8][0xca]4[0x11][0xba][0xf0][0x8]d7J[0xa5]fb@t[0xdb][0xc]i[0xa5][0x18]i[0xad][0x9][0xc8][0xa8][0x9c]1[0x8e][0xf5][0xfb]f[0xe0][0x13][0xf1][0x89][0xf3]:[0xa2]KErz[0x6][0xdf]Ed`[0x2]-[0xfc][0xd1][0xb]ICs[0xd0]Z[0x0][0xe2][0x1c][0x81]([0xfd][0xb1]ga[0xd0][0xfe][0x81][0xd2][0x94]L[0xd0][0x81]i[0xe0][0xab]6[0x91].[0xb]3[0x4]M[0xc4][0x13]e[0xb]h[0x10][0x9][0x9a][0xac]H[0xb][0xec][0xd4][0x9c][0xcc][0xe2]DC[0x1c]S[0xf8]f[0xe0][0x13][0x8d][0x88]s[0x0]bp[\n]"
17:11:38.224 [main] DEBUG org.apache.http.wire -  << "w[0xc6][0xcd]J,[0xc9]41B[0x1f][0xe3]42[0x4][0xf5]_[0x88][0xb3][0x5][0x11][0x98][0x4]s[0xf]x[0xfe][0xb2]837?[0xf][0xd4][0x84]AY[0xb1]mL|[0xd3][0x8c][0xa8]5&[0xd0][0xa5][0x95][0xa5][0xa0]{v[0xb0][0x8f]y[0x19][0x12]}[0x17][0x8b]%hR[0x3][0x1a][0x95]8[0x12]LiqIf6[0xa8][0xea]L.[0xd3]C[0xd9]_kj[0xc]ZyETH[0x82]Z[0xc2]P[[0x8][0x86]$[0xe4][0xd0][0xf][0xd0]dSr"[0xb6][0xde][0x8c][0x85]![0xc8][0xcd][0xc4]Y[0x8b][0xc8][0x92][0xa4][0xa5]S[0xc4][0xd5]B[0xc5][0xa9]%[0x95][0xe0][0xd6]6Z-cf[0xe][0x1a][0xb3]#[0xce][0x15][0x88][0xc4][0x8a]=[0x88][0xd3]J[0xb3]@S[0xb5][0xe0][0xd1]L[0xec][0x11]jn[0x8][0xea]-[0x11]g[0x1b]"[0xd1][0x92]\[0xc][0xe5]&[0x16]U&[0xa6]d[0x82]W[0xc0]c[0xad][0xe7][0x8c]-[0x89][0xdd][0x8e]g[0x9]:[0xe7][0x8][0x1a][0xe5][0xa4][0x85]}Jfnb1[0xbe][0xbd][0xc5][0xa6]F [0xb3][0x89][\n]"
17:11:38.224 [main] DEBUG org.apache.http.wire -  << "[0xc][0xa4][0xe5][0x8][0xc4]WG[0xb0]Q[0xdd][0xcc][0xa4][0xd2]<h[0x89][0x8c][0xe5]hE[0xb]S[0xa2]+E[0xd0]qG[0xd0][0xa0][0xc0]S[0xe5]'[0x81]f+[0xf2][0xd2]-[0xc]A[0xd5] [0xda][0xce][0x3][0xb][0x3][0xa2][0xbb][0xb3]H[0xcb][0x11]p[0x17][0x8d][0xf0]I[0xa8][0xec][0xc4][0xe2]L[0x1c][0xab]_[0xcc][0x8d]@3|[0xc4][0x5]3[0xa2]Y[0x8c][0xdb]N[0xf8][0xb4].t[0xb1]/[0xb6][0xbc]mN[0xf4][0x81]g[0xe0]s[0x98][0xa1][0x81]Jr:[0xaf][0x80]-C[0x84],[0x19]G[0x19]G6[0xb3] v2[0xd0][0x12]i[\n]"
17:11:38.224 [main] DEBUG org.apache.http.wire -  << "[0x8e][0xf8][0xd4][0x5]9[0xb2]=[0x13]z[0x16]-[0xd6]\fj[0x1][0xda]YA\[0xc8]#r;[0xc1][0x82][0x15][0xb1][0xa3]:[0x1b][0xb4][0xee][0x9][0x9a][0xb4]1[0x16][0xa1][0x18][0x9b][0x82][0x86]#[0x88][0xb3][0x9d][0x82]&<8[0x15][0x80][0xee][0xbe][0x5][0x95]8[0xd8]K=C[0x13]b[0xd7],Z[0x82][0x6][0xb8][0xa0][0xa9][0x1]O[0x16][0xcb]M[0xcc]K[0xcc]0[0x0]_[0xc2][0x88]2[0xed]I[0xfc][0x0][0x3][0xd2]r[0x2][0x92]S[0x1d][0xb4][0x98][0x87][0x9d][0xa5][0xe][0xca][0xe6]X[0xca][0x15]C[0xa2]W[0xd9][0x81][0x7][0xe0][0xa1][0x9e]&[0x18][0xf9][0xa5][0xe5][0x89][0x99][0xc5]9[0x89]I[0xa5]XW[0xba][0x91]0{[0x1]*[0x88][0xa0][0x96][0x92][0x1c][0x2][0xd9][0x89][0x99]E[0x89]e[0xe5][0x99][0xe0]+[0x87][0xb1][0xf4]U[\r][0xc1][0xb7][0x99][0x11][0x95][0xf4]@e[0x13][0xd4][0x19][0x4][0xfd][0x9e][\r][0xcd]l[0x5]%[0xa8]G[0x91]X[0x98][0x80][0xc6][0xfe][0x88][0xb3][0xe][0xd1][0x92] >[0xab][0xa7]f[0xe7][0x97]'&'[0xe6]A[0x7][0x2][0x90][0xf6][0xe8][0x1a][0x12]}[0x4][0x9e]%[0xa8]4[0x82]z[0x94][0xe4][0xf0]NA[0xac]FN.[0xc3][0xe8]'[0x13][0xbd][0xda][0xda][0x12][0xb4]F[0x9a]\7[0xc0].z[0x1][0x8d][0x87]`[0x89]r#[0xb]b[0xa7][0xbf]-[0x91]&[0xfd][0xb1][0xb7][0xa3][0x12][0xc1][0xa7][0x19]`[0xeb]2[0x9b][0x98][0x12]=,[0x8d]4[0xd3][0x8f][0xbb].K[0x1]7Ra[0xd7]`a[0xab][0xc9]L[0x89][0xbe][0xd0][0xc4][0x12]4p[0xb][\r]][0xec][0xfe][0x2][0xcd]w[0x16]%[0xa6]'B[0x7][0x9d][0xa1][0x5]7[0xda][0x1c][0x99][0xa9][0x1][0xd1][0xdd]7[0xd0][0xf9]0P[0xb][0xb1][0xf][0x11][0x96][0x81][0x9b][0xa2]yXGx[0xcc][0x8d][0x89][0xbd][0x1][0xc1][0x12]4[0xac][0x6][0xb5][0x87][0xe4][0xa4][0x9b]_P[0x9a][0x97][0xe][0x9e][0x18][0x3][0xed][0x14][0x1][0x95][0x95]([0xab][0x83][0x8d][0xc0]G[0xf6][0x10][0x91]uM[0xc]@[0x87][0xac]A]A[0xb0][0xa4][0x80]^hf[\n]"
17:11:38.224 [main] DEBUG org.apache.http.wire -  << ">Z[0xc]}[0x9c][0xd0][0xd8][0x4]4[0x1]D[0x9c][0x9d][0x88][0xe2][0x2]{[0x8]'[0xe6][0xa6][0xe6]d[0x82]6w[0x83][0x86]%q\[0xe0]aaL[0xe4][0xac][0xa7][0x89][0x1][0xd2][0xac]'[0x9e][0xea]/[0xbb][0xb4]([0xf][0xbc][0x12]*[0x19]4[0xde][0x0][0xea][0xa7][0xa2][0x8c][0xb6][0x18][0x1b][0x81][0xfa][0xf5]D[0xf9][0xf]i[0xaa][0x91][0xe4][0x98][0x5]_[0xcf][0x7][0xa9][0x9]@}s[0xb4][0x1]R#[0x13][0x3]c[0xa2][0x86][0xa0]M[0xc]@[0xfd]xh[0xc4][0x92][0xd6][0xc3][0x80][0x1c][0xa7]V[\n]"
17:11:38.224 [main] DEBUG org.apache.http.wire -  << "Z[0xbe][0x80]8[0x9a][0x2]kK[0xcc][0xc4][0x82][0xd8]r[0x3][0xdc]j[0x84][0xba][0x6]O[0x14][0x80][0xfa][0xee][0xf9][0xa0]-[0x8b]y[0x89][0xe9][0xe0][0xfb][0xe]P[0xf6][0xde][0x9a][0x19][0x80]J{"b[0xc0][0xd8][0x2]4[0x99][0x8][0xb5][0xe]{[\n]"
17:11:38.224 [main] DEBUG org.apache.http.wire -  << "[0x3][0x9f][0x80][0x1][0xda][0xf7][0x83]u[0xe5][0x9d][0x91][0x11][0xe8]L[0x0][0xe2]lB4[0xf2]H[0xb]f[0xd0][0xf9]A[0x89][0xd0]]u[0xd0]2[0xb]u}[0x8a][0x5][0x91]Qml[0x81]tf[0x1e][0xc9][0xe9]-%1%[0xb1][0xc0][0xd8][0x12][0x94][0xd6][0xd0][0x7][0xd6][0xcc][0x88]>[0x99][0xd0][0x2]t[0xf4][0x4]4[0xbc][0xf1]Do^bIqfQ^bVf[0x12][0xa8][0xc8]B[0xe9]X[0x18][0x19][0x83][0x1a][0xa9]D[0x5]9[0xd2]Qv[0xd8]k[0x4][0xd0][0xe2][0xd1][0xfc][0xbc]|[0xb][0xac][0xfb]%[0xcd]-[0x89][0x9e]c@*[0x1b]I[0x8b][0xdb][0xc4][0x94][0x8c]L[0xd0][0xaa][0x9][0x94][0x12][0x1a][0xa3]+a[\n]"
17:11:38.224 [main] DEBUG org.apache.http.wire -  << "[0xae][0xb3][0x89][0xf1][0xb2][0xa5]!b{5[0xc1]R:5'[0x17]t[\r]q[0x1][0xda][0x0][0xa6][0x99]9[0xd1][0xcd]9[0xd0]l[0x1a]46I[0xf3]w[0x12][0xd2]^[0x9][0xf0][0xb1][0x14](Gr[0x98][0x82][0xbd]A[0x9c][0x11]3[0x95][0x4][0xfd][0x9b][0x91][0x98][0x9b][0x99][0x9b][0x8][[0xad][0x82][0xad]}cdDt[0x8f][0x11][0xb4][0xc][0x1f][0xea]u[0xec]i+[0xa7][0xb4]([0xa3][0xb4][0xc8][0xcc][0x12][0xab]=[0xe6][0xc4][0xae][0xa2][0xb7]D:[[0x86][0xb4] [0x6][\r]k[0x82]6f[0xa4][0xe6][0xe4]d[0x16][0x83]*)[0xb4][0x91]7C[0xf0][0xb9][0x80]D[0x5][0xb2][0x11][0xa2][0xe8]"[0xbe][0xd5][0xe]n[0xda]%&V%[0xe6][0xa4]b-:M[0xcc]@s[0x9f]D[0xd9][0xf]*c[0xf1][0x87]ufN&[0xf4][0xe6]2,[0xcb][0x8f][0x8c]-@[0xf9][0x93]8[0x9b][0x10][0xf3][0xec][0xd8][0xab][0x83]B[0xe8][0x96][0x17]l[0xb1]jl@[0xf4]2'[0xd0][0x8e]$[0xa8][0x8f][0xf0][0x14][0x83]Y[0x99][0xc5][0xe0][0x16]d[\n]"
17:11:38.224 [main] DEBUG org.apache.http.wire -  << "[0xae][0xd3][0x1][\r][0x89][0x9f][0x93]D[0xc][0x9e][0xe2]n[0x8e][0x97]$[0x96][0xa6]ef[0x83][0xad][0xcc][0x83]m[0xcb]G[0xa9]j[0x8c][0xc]A3[0xf3]D[0x85]$(#A}HZ[0xba]MN[0xcc][0xc9],.A[0xb4][0xe9][0xb0]D[0xa8][0x91][0x19][0xb1][0x7][0x88]X[0x82][0x6][0x17][0xa1][0xce][0xc0][0x1e][0xa1][0xa0][\r][0x98][0x89][0xb9][0x89][0xc5][0xa5][0xc9]X[0x9b][0xe9][0xa6]&[0xa0][0xa1][\n]"
17:11:38.224 [main] DEBUG org.apache.http.wire -  << "[0xe2]|[0x8c][0xc8]%[0xa4][0xf9]8[0x1f]v[0xef] [0x96]~[0x9d][0x99]!hE[0x1c]Q[0xf6]#m[0xda][0xc7][0xee]U[0xd0]d[0xb3])xE[0x15]j[0xa4][0x1a][0x9b][0x11][0xb9]C[0xd0][0x12][0x14][0xec][0xd0][0xd0][0xc4][0x93]l[0x13][0x13][0xd3]A[0x93][0x1d]yX[0xb3][0xbd][0x85][0x1][0xb1][0xb7][0x16]Y[0x82]F[0xad][0xa0][0xb6]a/b!g[0x86]YZ`m[0x15][0x19][0x81]f[0x88][0x89][0xb]8[0xc4][0xb0]+[0xc1]:[0x4][0x9e][0xff]!C[0x9e]h[0x9d]Gc[0x13][0xd0]T8q[0x96]"J[0x1a][0x82][0x96][0x16]$[0xe6]%'[0x1a]`[0xad]I,[0x88]_[0xd2][0x9][0xda][0x93][0x0][\r]N[0xec][0xe9][0xa3][0x2][0xba]o[0xb6][0xa0]D[0xf]}[0x11][0x96][0x89][0x5][0xb1][0x17][0x9a]Z[0x82][0xe6]X[0xa1][0xd6]`[0x8f][0xb5][0x1c][0xe8])[0xf8][0xd8][0x8a]Ps#P[0xbd]JT[0x0][0x82][0xba][0xe9]P{Hn[0xcb][0xc2][0x97][0x97][0x80][0xce][0xab][0x7][0xb5]hQ:pf[0xe0][0x3][0xb6][0x88]s[0x4]"[0x16]Iv[0x4][0xe2][0xa6][0xfb][0xac][0xc4][0x92][0xdc][0xcc][0xec]|l[0xe3][0x1f][0x86][0x16]DO[0xd2] mX&[0xbe][0x96][0x86][0x9d][0x95]i[0x80][0xf5][0xc8]qS[0xf0]:`[0xa2]B[0x2][0xd4]V[0x86]F[0x7][0x9e][0xa2][0x1][0xba]M+[0x1b]4A[0x86]}[0xb0][0xda][0xc4][0x0][0xd4]%#[0xce]J[0xc4][0xe8][0x0][0x1e]+[0xb]A[0x8b][0x96]2Kp[0x9c]{jl[0xc][0xea][0x13][0x11]e[0x1d][0xd2][0xd6])<[0xd6][0x81][0xef]7[0xcf][0xcb][0xcf]I,[0xc9]L[0x83][0x96]K[0xe8][0x3] [0xe6]D_eo[0x9][\n]"
17:11:38.224 [main] DEBUG org.apache.http.wire -  << "[0xb]h[0xa8][0x12]SJ[0xa4][0xa7][0x16][0x97][0x94][0x9a][0x99]A[0xed]E[0x19][0xe9]13[0x4]M[0x9f][0x11][0xe5]Q[0xa4]=Ix<[\n]"
17:11:38.225 [main] DEBUG org.apache.http.wire -  << ":[0xf9]*%3[0xcf][0xc8][0x0][0xd4]CC[0x99][0xa8]77&[0xba][0xe8][0x5][0x5]>[0xd4]$[0xe7][0x1f][0xd0] S>[0x81]C[0x83][0xcd]M[0x89]n[0xfa]![0xf5]L[0xb1][0x97][[0xc9][0xa0][0xe3][0xb1][0xd3]3q[0x8c]2[0x99][0x10][0xdf]kB[0xea][0x96][0xe2]n[0x8b]%[0xc1]/[0x13][0xc7][0xd2]*07[0x0][0xc5][0x11]q[0x91]I[0xc2][0xcc]VfR)[0xe4][0x84]Q[0xc8]-C([0x17]W[0x12][0xbb]s[0xdc][0xc4][0x0]4[0xa1][0xf][0x8d]S[0xd2][0xda]A[0xc5]HG%[0x82][0xd6]"[0xa3]t[0xfb][0xcd][\r]Ai[0x85][0x8]/[0x9b][0x80][0xb7]^B[0x1d][0x80][0xbd][0xa2]+[0xce],J[0xcc],[0xc9]/[0x80][0x9f][0xce][0x84][0x92]|[0x8d][0xc]A[0xb][0xf8][0x88][0xb3][0x9][0xd1]r[0xc0][0x93]S[0xaa][0xa0][0xb3][0x17][0x5]%zh[0xa3]tf[0xc6][0xa0][0xb9]O[0xe2][0xac]B[0xd4]4[0xb8][0x13][\r][0xb4]x-[0x2]m[0xd6][0xc4]Q[0xe0][0x19][0x19][0x11][0xb9]w[0xcc][0x4]|d04[0x1c][0xf1][0xf8][0xe]rP=[0xf6][0x85][0xb0]&[0xc4]n[\n]"
17:11:38.225 [main] DEBUG org.apache.http.wire -  << "0[0x1][0xdf][0xb][0xb5][0x8c][0xf4][0x92] [0x13]t[0xc0]d[0x9]h[0x94].[0xb5][0x1c][0xeb]b[0x17]SC[0xd0][0xd6],[0xe2][0x2][0x1a][0xd1][0x8c][0xc7]^[0xe]$[0xa6]e[0x16][0xa5][0x83][0xe]K/[0xc2]Zc[0x1b][0x1b][0x11]9[0x1c]gb[0x80]4XC[0xb2][0x9f][0xb3][0x13][0x8b][0xf2][0x12][0x8d][0xb1][0xb6][0x9]ML[0x88]NUH[0x3]8[0x4][0xeb][0x97][0xb4][0xd4][0xa4]LK[0x13][0xec][0xb5][0xb6][0xa1])[0x91]E[0xbe][0x89][0x1][0xe8][0x0][0x16][0xb2]#:[0x11][0xb4]Y?[0xaf]$[0xdf][0xd4][0x4][c[0xc9][0xc4][0x1c][0xb4]n[0x92][0xa8]X[0x6][0x1d][0x9d][0x7]u[0x5][0xf6]X.[0x85]^O[0x80][0xad][0xf4]5$:[0xb][0x81]f:[0xa0][0xd6][0xe0][0xce][0xb5][0xa0][0xc5]#E[0x89]y[0xa6][0xc6][0xf0]z[0x1b]e4[0xcc][0x82][0x84][0xa1]|D/[0x9f]`tBW0[0xa6][0x80].[0x19][0xcb][0xcc][0x6][0x95][0xb7][0xe8][0xc3][0xba][0x86]F[0xa0]&%q[0xc1][0x89][0xa8]ep[0xfb][0xb3]<1[0x1b]t[0xea][0x9f]9[0xf8]~>[0xb4][0x92][0xd0][0x84][0xd8][0x8d][0x8e]&[0xe0][0xfe]#4LI[0xab]_r[0xa1]+[0x7]@[0x83]ah[0xb][0x83][0x8c]-@[0xb3][0xa2]Dy[0x15][0xb4][0x82][0xc]j=n[0xaf][0x82].([0xce][0xcb][0x4]/f[0x4][0x85],zw[0xca][0x88][0xd8][0xa3][0xf8]L[0xc0][0x97][0x9c]@[0xad]#[0xcd][0xb7]y[0x89][0xb9][0x89][0xe9][0x90]Sw[0xf3]`GA[0xa3][0xcc][0x92][0x98][0x82]/[0x88]%[0xce][0xcf][0x88]Qe[0x12][0xba][0x16]%[0x89]E[0x99][0x19][0xe0]s[0x89][0xb0]d"3#"{[0x94]&[0x6][0x4]7[0xda]df[0x14]'[0xe6][0xc1][0x96][0x9b][0x81][0xba]s[0xe8])[0xd9][0x98][0xd8])[0x12][0x13][0x3][0x90][0xab][0xa0][0xe1][0x8d][0xa7][0xd2][0x83]m[0x99][0x2][0x8f][0xdb][0x83]'[0xa0][0xd0][0x1b][0xf9][0xc6][0xc4][0x9e]Pfb[0x80]4[0xbc]Jr5P[0x94][0x98][0x92]YR[0x99]X[0x90][0x98][0x93]X\R[0x84]u/[0x99]1[0xf8]&s[0xa2][0xe2][0x19]td-[0xd4][0xf3]$[0xbb][0x4]~[0xa8][\n]"
17:11:38.225 [main] DEBUG org.apache.http.wire -  << "h[0xc6][0xc][0xab]CL[0x88]o[0xc2][0x81]n[0x1a][0x84]:[0x4]w&K,[0xce]M[0xcc][0xb3][0x0][0xdf][0xc][0x84]6[0xe]cf`N[0xec][0xec]'[0xe8][0xc]W[0xa8]M[0xa4][0xe5][0xaf]$[0xd0][0xc9][0xe6][0x90][0x1b][0xad][0xb0][0xd5]EF[0xc4][0xde][0xf4]nb[0x0]jnB[0x9d]@[0xb0][0xd4].[0xce],[0xc9]4[0xb2][0x4][0x95])[0xe8]i[0xdc][0xcc][0x94][0xe8]&[0xe][0xe8][0x84]`[0xa8][0x85]x[0xd2]8t[0x97]+[0xf4][0xd8][0x91][0xd2][0x14]=[0xf4];[0xa5][0x8c]Ak[0x98][0x88]JWH[0x83][0xc1]x,[0x84],V-N[0xcc])NL[0xca][0xcc][0x1][0xe7]*[0xf4][0x82][0xd3][0xcc][0x98][0xc8]sSM[0xc0][0xd7]yA=[0x89];[0x9][0x81][0x17][0xe7]&[0x16][0xa5]d[0x80][0x97]ob;[0x97][0xdd][0x88][0xd8]-[0x90]&[0xe0][[0xfe][0xa0]V[0xe2][0xf1]&[0xf4]D)[0xd0]A|[0x89])X[0x7][0x9d]I([0x1b]A[0x87]2@[0xad][0xc4][0xed]K[0xd0][0xd6]][0xf0]5[0xa6]0;[0xb1]N[0xd2][[0x18][0x13][0xd9][0xa9]41[0x0]5[0xb3][0xa0][0xb6]bo=A[0xae][0x96]30[0xc0][0x96]3[0x8c][\r][0x89][0x9c]_4[0x1][0x9f][0xdf][\r][0xb5][0x87][0xf8]z'[0x9]|[0x93]Dz[0xa2][0x85]%[0xb4]=[0x85][0xd6][0xd4]0[0x5][0xdf][0xd7]D\[0xba]E[0x8c]0[0x11][0xcc][0x99][0xc9][0xa0][0x9][0xaf]b[0xac][0xbd][0xf]cc[0xa2][0x1b]RH[0xf3][0x15][0xc4][0xfb][0x18]z[0xdf][0x3][0xca]*5[0x94][0x11]McS[0xd0][0xe0]/q^F[0xb4][0xe4][0xf0][0xa4][0xe1][0xe4][0xd4][0xdc][0xd4][0x92]L[0xe8]AeX&pM@;0[0x88][0xb3][0xf][0xd1][0xdd]"[0xc1][0xc3][0x99][0xe0]M[0x88]X[0x93][0xb1]1[0xb1][0x87][0xa3][0x98][0x18] [0xcd][0x98][0xe0][0xf1]+,=AZsX[0xa6][0xa3][0xcc][0x88]_D[0x85]4[0x81][0x82];[0xbb]&%f[0x97]d[0x82]:[0x98][0xb8]z[f[0xc4][0xae]Q31 8[0x87][0x2][0xda][0xa3]\RZ[0x92][0x99][0x7]:[0xd8]7[0x15][~5[0x3]o[0xa1]$*2A[0x7][0xf]A[0xf3]+[0xf6][0x91][0x17][0xf8][0xd2])P_=[0x13]4r[0x88]^[0x8d][0x19][0x9b][0x81]Z`[0xc4][0xd9][0x86][0x18][0x12]![0x98];[0xb3] [0xb1][0x97]\[0x86]9[0xb5]aI[0xe4][0xe1]r&[0xe0][0xd3][0xab][0xf1]z/[0xf]\q[0x19][0x1b][0x83][0xda][0xa0]h=[0xc]C[0xe2]G[0x95]@[0xcb][0xc7][0xa0][0xd6][0xe0]I[0x96]Y[0x89][0xc5][0xa0]ke[0x8c][0xcd][0xb0][0xc5][0x99][0x89][0x19][0x91][0xd3][0x86]&[0x6][0xa0][0xb3]N[0xa0][0xb6][0x91][0xdc][0xe6][0xcb][0x0][0xb5][0x81]p[0xdf][0xee]baJ[0xf4][0xca];[0xd0][0xfa]0[0xa8]+[0x8][0xc6]e>t[\r][0xb6][0x9]$33[0xd0][0xd4]:Q[0xc9][0xc7][0x8][0x91]|Hl[0xf9][0x95][0xa6]d[0xc2][0xef]8[0xc6]R[0x1e][0x18][0x9b][0x82][0x1a][0x95][0xc4][0xb9][0x1][0xb1]|[0x5]wy[0x90][0x5][0xeb][0xb7]b[0xe9]F[0x19]Z[0x80]N[0xe1]![0xce].De[0x86]'Y[0xc1][0x7][0xd4][0xd3]S[0xf3][0xb0][0xdf][0x19]mb[0xc][0x1a]<![0xce]J[0xc4]x[0x4][0xf1][0x85];[0xe4][0x14]*cS[0x1c][0xb5][0xb7][0x11]h[0x9d]/Q[0xb6][0x83][0xd6][0x97][0x10][0x9b][0xa6] S[0x9f][0xe0][0xde][0x14][0xf6][0x11].Hc[0x84]8{[0x11]G[0xa7][0xe2][0x9][0xe8][0xb2][0xd2][0xca][0xc4][0xcc][0xbc][0xc4][0xc][0xa8]7[0xd1][0x1a][0xd7][0xe6]f[0xc4][0xf7]`[0x10][0xe9][0x18][0x8f]u[0x85][0xb0][0x15][0x84]X[0x12][0x91][0xb9])[0x91];[0x10]M[0xc]@[0xb9][0xb][0x1a][0xa6][0xc4][0xc7]h>[0xbc][0xd8][0xc7]VV[0x99][0x1b][0x13][0x1f][0xa3][0x88][0xf4][0x84];[0xbb][0xe4]BOv[0xc2][0xde]:02[0xb3] r],h[0xe2][0x15][0xea]U[0x82]ERVb[0x11]h}unbJ"x[0xe3]*[0xca][0x2][0xb][0x13]#"[0x97]<[0x98][0x18][0x80][0xe6][0xe8][0x88][0xb5]3[0xa7][0xb4]$-1[0xf][0xb1][0x1b][0x9]T[0x9b][0xa2]5uM[0xc][0x88][0xdc][0x83]db[0x80][0xb4][0xdf][0x8d][0xa0]o[0xf3][0x8b]A[0xad][0x93]b[0xf0]E[0xc3]([Y-[0xc][0x89][0xf7])[0xa2][0xe4][0xc3][0x93]jK[0x12][0xf3]J[0x8a]23[0x12][0x8b]![0xeb][0xbb][0xb1][0xa4]][0x13]b[0xaf][0xeb]41@:[0x90][0x96][0xf8][0xb4][0xb][0xe9][0xfe][0x82][0xb7][0xfd]@s*Z[0xc5]ndAt[0x97][0x14]4,[0xf][0x8d]][0xd2]j[0x1c]H[0xcb][0xbe]21/[0x19]k[0xb][0xcd][0x82][0xf8][0xb6][0x5][0xc8][0xad]d9[0xa1][0x0]|7[0xb9][0x5][0xd6][0xd6][0x6][0x9][0xfd][0x1b][0xa4][0x93]rq[0xb5][0x10][0x8b][0xc1][0x87]i[0x17]e[0x82][0x8e][0x1a][0xc5]V[0xc5][0x9b][0x13]{[0x8c][0x82][0x9][0xf8][0xbc]&[0xb2]|[[0x5][[0xe6][0x87]5[0xc5][0x11][0xb9]s[0xc3][0xc4][0x0][0xb4]v[0xc]j?[0xee][0xf2]*-1[0xb3]*1[0xc3][0xd2][0xc]4[0xa8][0x83]Q[0xb][0x10][0xdd]%[0x7][0xb5][0xb4][0xa0]V[0x91][0x96][0xb6]r3K[0x8a][0x12][0x91]g^[0xb1][0xb4]h[0xcc][0xc0]w[0x9e][0x13]U[0xf9]!m([0xc3][0x93][0xaf]Ak[0xda][0xf3][0xcb][0xf3][0xf3][0xf2][0xcb]p,m47[0x4]m[0x96]"[0xce]FD[0xa5]@r[0x3][0xb6] 1[0xf][0xbc]f"9[0xb1]([0x7]k[0xd7][0xdd][0xc8][0x8c][0xe8][0x89]-R[0xd6]j@&[0x97] [0x9d] ,I[0xcc][0xdc][0x98][0xc8][0xdd]\&[0x6][0xa0]Yqh[0xbc][0x13]_[0xa8]A[0xdb][0x2][0xe0][0xe1][0xa0]<\W][0x98][0x13]{[0x3][0x93][0x89][0x1]h[0xf2][0x4][0xea][0x8][0xec][0xe3]A[0x90]#[0x17][0xcd][0x8d]AS/([0xcb]R[0x8c][0xc]A[0xcd]p[0xa2][0xe2][0x99][0xa8][0x1d]e[0x85][0xb0]3P[0xb0][0x84][0xaa][0x9][0xf8][0xee][0x11][0xe2][0xec]B[0xb4][0xa9]pg[0xdc][0xe2][0xc4][0x1c][0xd0]zrsp[0xce]E[0xa9][0xf1][0x8d][0x89][0xdd][0xb5]fb[0x80][0xb4][0x89][0xc]{[0xd0]e&[0xe6][0x19][0x9a][0x83]:[0x94]([mM[0x89][0x1e]CC[0xda]=F[0xb0]b/[0x6][0x8d][0x6]$[0x16]co[0xf7][[0x18][0x10]y&[0x91][0x89]![0xd2][0x12][0x10][0xec][0xa5]<[0xe4][0xb4][0x18][0xa4][0xe3][0x80][\n]"
17:11:38.225 [main] DEBUG org.apache.http.wire -  << "R[0xf4]P&[0xa7]L,[0x89][0xed]d[0x18]"m[0xda][0xc2][0x1d]W[0xa0]%[0xa9][0xa0][0x85]`[0xb9][0x99][0xe5][0x89][0x90][0x3][0x84][0xd1][0x7][0x1e][0xcc][0xc0]+[0x17][0x89]I[0x1d][0x86]H[0xdb][0xb6]p[0xc4]YQ"R[0xbb][0xc][0xb2]T[0x14][0xad]h'[0xfa][0x94][0x16][0x13]C[0xa4]e[0x2]x[0x8a][0xd4]tP[0xdb]3[0xdd][0xd8][0x0][0xda]JA[0xb3][0xce][0x18]|F=q[0xbe]C,j[0xc1][0x1d][0x9e][0xd0][0x8],[0x6][\r][0x1d]aix[0x9a][0x9b][0x82][0xe]+%[0xce]:DV#[0xad][0xe2]*[0xcd][0x4][0x9f]b[0x8b][0xc5]v33P[0xa2]'[0xce]v[\n]"
17:11:38.225 [main] DEBUG org.apache.http.wire -  << "*[0x8f][0x92][0x8c][0xc4][0xdc][0xa2][0xcc][0xbc][0xc4][0xdc][0xfc][0xbc]t[0x90]+[0xd0]S[0x94][0x85][0x11]h<[0x8c]8g F]I[0xae][0xc3]@[0xc1][0x0]?P[0xc]{[0xe7][0xd5][0xd8][0x10]4[0x87]J[0x94]K[0x90][0xa6][0xb7]IvIQbZf[\n]"
17:11:38.225 [main] DEBUG org.apache.http.wire -  << "[0xec][0x8a]n[0xac][0xdd]/SS"O[0xa2]21[0x4][0xf5]\[0xf0][0xd6])[0x90][0xb9]W[0xc4]*ZP[0x19][0x89][0xd6][0xff]1[0xb3][0x4][0x15][0xaf][0xc4][0xf9][0x1b][0x91][0xc]q[0xa7][0xfa][0x14][0xc8]0[0x1][0xa8][0xa5][0x86]~R[0xb3][0xb9][0x1][0x91]'5[0x9b][0x80]7m[0xe0][0xf5]Ybqni^&[0xf4][0x8e][0x13],[0xcd]1#c[0xd0][0xc5]@[0xc4]y[0xb]1[0xe8][0x83][0xdb][[0x5][0xb9][0xa0][0xa3]j[0xb0][0xef]S66[0x7][\r][0x10][0x12]g[0x17]"/[0xe1]-[0xa7]r[0x12][0x8b]LM![0xb1][0x85][0xb4][0x97][0xdf][0xc2][0xc][0xd4][0x94]![0xce]"[0xc4][0x9c][0x1][0x1e][0x8b]Ra[0xa7][0xf9]a[0x9]AcbO[0x8b]71D[0x1a]E[0xc2][0x1d][0x82][0xa9]9e[0x99]y[0xf0][0xa1]3[0xec][0x99][0xd0][0x82][0xd8]F[0x81][0xa9][0x9]([0xc8][0xa1])[0x84][0xe4]L[0x8]n[0xca][0xc2][0x17][0xb8]cw[0x8a][0xb9][0x11][0x91][0xa3][0x86][0xa6]&H[0x3][0xb3][0xd8][0xeb][0xba]T|C[0xa1]&[0xe6][0xa0][0xfd]kDD[0xaa])x[0xc6][0x8][0xea]g[0xec]m[0x86][0xc4][0x92][0xdc][0xc4],[0xd0][0xf6][0xbd][0x12]p[\r][0x8e][0xb6]k[0xd1][0xc8][0x14][0xb4]x[0x81]([0x9b][0x90]v([0x10]l[0x11][0x81]VG[0x15][0x97][0x16]a[0x1b][0xb7]25[0x0]M[0xbe][0x12]g#bD[0x10]w[0x1a][0xaa],[0xcd][0xcb][0xcc]K,[0xc8],)-([0xcd][0x81][0x9d][0x86][0x8b][0xb1][0x17][0xd4][0xdc][0x82][0xc8][0xba][0xcd][0xd4][0x84][0x92][0x1d][0x12][0xf0][0x11][0xbb][0xb4][0xc4][0x92][0x8c]|[0xd0]0%[0x96][0x6][0xb5][0xb1][0x11][0x91][0xc7]X[0x99][0x9a][0x80]&@[0xa1][0xb1]Kr[0x8a][0xae]*[0xcd]I[0xcc][0xcc][0x6][0xad]p[0xc9][0x5][0x8d];aO[0xd2][0x16]f[0xa0]V[0x19]q[0xb1][0x81]([0x13]Ikq[0x14][0x97][0x82][0x6][0xbe]2[0xb][0x12]Sr[0xb1].p1[0xb4][0x0]-[0xe5] [0xce][\r][0x88][0xb2][0x92][0xf8]n[fQ&[0xe8][0xf4]Ucl[0xa9][0xd1][0xc4][0x12]4[0xbc]E[0x9c][0xdd][0x88][0xc6][0x6][0xf6],]PZ[0x92]ij[0x0][0xaa][0xe5][0xd0][0xd7]_[0x18][0x1b][0x81][0xda][0x7][0xc4][0xd9][0x82]([0xa4]I[0x8e][0xf1][0xc][0xd8]i'[0xa0]Z[0x2]e&[0xdb][0xd0][0x4]4[0x85]J[0x94][0x3][0x90][0xe]-#[0x98][0xcd]A][0x83][0xcc][0x92][0xc4][0xdc][0xd2][0xac][0xd2]"h[0x3][0x1a][0xa5][0xbb]E[0xbc][0xb7][0x91]FpI[0xf6]v6[0xf2]0[0xc][0x96][0xfc]fB[0xec][0xb5]#[0xa6]&H[0xc3][0xb9][0xa4][0xa5]q[0xa4][0xbb][0xfc][0x92]A[0xab][0xdc][0x12][0xb3][0x13]A[0xf3]@[0x5]%z(=\S[0xf0][0xd8][0x1a]q[0xf1][0x80][0xe8]O[0x90][0x1c]"[0x95][0xf9][0xc5][0xa9]i[0xd8][0xf7]&[0x19][0x99][0x80][0x6]\[0x88]q[0x81])[0xd2][0xb8]kriNIfYbI[0xaa]BzN~Rb[0x8e]B[0xaa]nr~nnjQr[0xaa][0x92][0x8e][0x92]KjqrQfAIf~[0x9e][0x92][0x95][0x12]8([0xa0][0xdb][0xc5][0xb1]^|cf[0xe]j[0xa4][0xe2]tB[0xb5][0x92][0xa7][0x8b][0x92][0x95][0xa1][0x89][0x11]hS [0xb4][0xf0]KO[0xcc][0xcd][0xcc][0x3][0xb5]zP[0xad]J[0xcb]/R[0x80]H)[0x14][0x94][0x16][0x15][0xe4][0x17][0xa7][0x16]+[0xd5][0xc6][0xd6][0xea]@[0x8c]055E[0x1a][0xb7][0xcd]/J[0xce]H-.)[0x2]y[0x2]B[0xa5]g&+$&[0x83]\[0xad][0x9b]Y[0x92][0x9a][[0x8c][0xe1][0x93][0x2][0xd0]Ae&X[0xb7]x[0x99][0x18][0xe1][0xdd]![0x3]q[0x0][0x95][0xfc][0x80]([0x11]2[0x12][0x8b][0xf2]R[0x8b][0x8b][0x15]R[0xf3]JR[0x8b][\n]"
17:11:38.225 [main] DEBUG org.apache.http.wire -  << "[0x8a]2[0x8b]S[0x15][0x8a]+[0x8b][0xb1][0xba][0x1d][0x1a][0x1][0x99][0xa0][0xdd][0xab]X[0xb]>[0x13][0xbc][0xf3][0xf7][0xd4][0xf4][0x0][0xe8][0xe0][0x9]h<:[0xa6]`I/[0x5][0xa9]E[0xb9][0x89][0xb8]v[0x9a][0x99][0x18][0x83]v[0x18][0xd1]%[0xb1] [\r];;g$[0x16]e[0x96]T*[0xa4][0x95][0xe6][0xa5][0x14]%f[0x16][0xa7][0x16]a$[0x8e][0x9c][0xc4][0xdc][0xc4][0xa2][0xc][0xf0][0x16][\n]"
17:11:38.225 [main] DEBUG org.apache.http.wire -  << "[0xd0]X [0x96][0xdd][0x9f][0x16]&x[0x17][0xbc]S5[0x88][0x11]+[0x8d]][0x12][0x8b]J[0xf2][0xf3][0xf2]1[0xdc][[0xe]J[0xcc][0x6][0x86][0xa0][0xaa][0x1][0xa5][0x8c]6[0x0][0xb5]1[0xe8][0x13][0xbe][0x88][0x12][0xcd][0xa3]2[0xa5](?=5?'?=[0xb3][0xb8][0x4][0xc3][0xad][0xa0][0xe3][0x89][0xf2]R[0x12]a[0xc3][0xcc] 7[0xa3][0xc][0x1a][0x1b][0x83]v[0x15][0xd2][0xc7][0xd1][0x88][0x16][0x7][0x19]%HqbNnb[0x1e]tf[0x15]rb[0x8][0xca]&[0x5][0x13]S[0xd0]![\r][0xf4][0xf1][0x8][0xa2][0xf9][0xe2][0xc])[0xba]3[0x13]s[0xf4][0x8b]R[0x8b]3SR[0xf3]J2[0x13]s[0x14][0x8a]K[0x8b][0xca]R+[0xf3]1[0x93]z1tw&[0xb6]r[0xc4][0xd0][0x0][0xef]6x[0xaa]&rDA[0xe8][0x95][0x98][0x99][0x83][0x91]j[0xa0][0xb3]#[0x90]a[0x0][0xd0][0x90]9[0xfa][0xe2]r[0x13][0xb][0xd0][0x2]i[0xba][0x84]6h[0x2][\n]"
17:11:38.225 [main] DEBUG org.apache.http.wire -  << "Z[0xe6][0xe5][0x17][0x94]d[0xe6]fV[0xa5]*[0xe4][0x97][0x96][0xe8][0xe6][0xa7][0xe9][0x96]d[0xa4][0xea]&[0xe5]W($[0x16]%gd[0x96][0xa4]&[0x97][0x94][0x16][0xa5]b[0xd6]=%E[0x99][0x86]8N[0x5][0xb7][0x0][0x9f]nK[0x1f]o[0xc0]{`[0x0][0x0][0x0][0x0][0xff][0xff]"
17:11:38.225 [main] DEBUG org.apache.http.wire -  << "[\r][\n]"
17:11:38.225 [main] DEBUG org.apache.http.wire -  << "373[\r][\n]"
17:11:38.226 [main] DEBUG org.apache.http.wire -  << "R"[0xa2]H[0x84][0xde][0xdf][0xc]ZWYY[\n]"
17:11:38.226 [main] DEBUG org.apache.http.wire -  << "j[0x7][0xa3][0x8d]+Y[0xe0][0x1f]`[0xa4]fZA[0x9a]Z[0x89][\n]"
17:11:38.226 [main] DEBUG org.apache.http.wire -  << "Q0[0xb5]01T[0xf0]t[0x8d][0xc0]H2[0x15][0xb0]M[0xf5][0xa5])zXN[0xc3]41[0xc0][0xdb];[0xa2][0xaa][0x83][0x11][0x85]cjnA~yj[0x91]Bnfqqf~[0x9e]nrQfIf2([0x83]&g[0x80]n<[0xc7][0xf0][0x5][0xe4]87c[0xf0][0x84][\n]"
17:11:38.226 [main] DEBUG org.apache.http.wire -  << "[0x16]_[0x18][0xe3][0x1f][0xf7][0xa2][0xaa]/[0x10][0xc3][0x81][0xce][0x19][0x99][0xa9]i[\n]"
17:11:38.226 [main] DEBUG org.apache.http.wire -  << "![0xa9][0xc9][0x19]y[0xa0]b[0xbe]R[0xc1]?--3[0x19]KE[\n]"
17:11:38.226 [main] DEBUG org.apache.http.wire -  << "[0xcd][0xb6][0xa0][0xb]H[0xb0][0xaf][0xeb]67[0xc6]{.[0x19]U[0xdd][0x8f]X^[0x11][0xa8][0x0]J4[0xe1][0xc1][0xa1][0x18][0xc1][\r][0x1b][0xb9]IJL[0xcf][0xac][0xc4]:[0xfd]ij[0x2][0xda]!H[0x9f][0x1c][0x8a][0xe8][0x95]{f'b[0xb8]5?[0xbb]$[0x1f]~P$[0x96][0x11]=[0xb]s[0xba][0xb5]cAc[0xca][0xd0]"[0xd1]K[0xc1][0xcc][0xc2][0xc4]@![0xdc][0x7][0xc3][0xbd]y[0xd0]e[0xfe][0xa0][0xe2][0xbb]89[0x3][0xa5][0xb2]42[0xa6][0x9f][[0xc9][0xaf],[0x93][0x13][0xd3][0x13][0xb3]![0xed][0xc2][0x12]l[0x15][0xa6]1x[0xb5][0x12]}[0xd2][0x6][0xa2][0xc2]tR052T[0xf0][0xf][0xc7][0x8]p[0xf0][0xa1][0xa5][0x90][0xe]<[0x96][0xe4]ad[0x80]w[0xdc][0x80][0x8a]Y[0xcf][0xc]i[0xf2]347[0x13][0xc3][0x9d][0xa0][0x85][0xd6][0x89][0xc5][0xa5][0xe5][0x89]Ey[0xb0][0xb][0xcc][0xd1][0xe6][0xea][0xc][0xc1]'[0x12][0xd3]!`M[0xc]@[0xcb][0xf4][0xa1]I[0x99][0xe4][0xbe]yVbnf[0x8e][0x99]1[0xb6][0x99]/CC[0xd0][0xf8][0x3]N[0x1f] :[0xb6]&[0x6]H[0x83][0xb1][0xd8][0x7][0xa3]rR[0x8b]A[0x1b][0x9]s[0x13]3[0xd2]JS[0xb0][0xa5]C[0xb][0x12],C[0xb4][0x2][0xb0][0x8f]1CN[0xd3][0x6][0xed])KA[0xcd][0xb1][0x96]D[0xaf][0x90]D[0x1a]u[0xc5]39[0x91][0x6][0x9a][0x90][0x6][0xad][0xba][0xc7][0xb6][0xc2][0xc9][0xd8][0xc]d[0x8]q[0xc1][0x87][0xa8]mq[0x8f],[0xa7]$[0x16][0x81].F[0x0][0x1d]u[0x95]Y[0xe];[0xd8][0xb][0xa5][0x1f]bJ[0xec]Ud&[0xe0]3[0xce][0xa0]I[0x6]{[0x84]A[0xf][0xf0]2[0xc3]z[0xf][0xa3][0xb9][0x9][0x91][0x13][0x2]&[0xe0][0xee][0x1c][0xd4]"[0xec][0x91][0x5]Z[0xac][0x0][0xba]V"[0x15]<[0x1][0x8b]u[0xbe][0xd1][0xdc][0xc][0xb4][0xdd][0x9c][0xb8][0x90]D[0xd4]?[0xc4][0x8f][0xc8]&%[0xa6]W&[0x82][0xfa][0xa2])[0xa8][0xc3]cf[0x96][0xc6][0xc4][0x9d][0xa9]e[0x2][0xee]u@[0xbd]Ix[0x98][0xb2]4[0xa7][0xb4][0x4]i[0x8e][0x0][0xcb][0x18][0xa1][0x5]x%'q>F[0xd4][\r][0xd8][0x3][0xb8]*15/1[0x9][0xd6]g[0xc2][0x1a][0xc0]f&FfD[0xae][0xa7]E[0x1a][0x8f]%[0xb9][0xac][0x1][0xdf][0xca][0x8]m[0x8e]c)[0xdd][0xcd][0x89][0xbd][0xf2][0xda][0x4][0xbc]1[0x14][0x1a][0xdc][0xd8]=[\r][0xee][0xab][0x17]%[0xe6][0xc1][0x96]g[0xa3]_[0xd7]bb[0x2][0xba]#[0x89][0xa8][0x0]F:[0x13][0x89]d[0x1f][0xa7]$&g[0xe6][0x99][0x19]b+[0x1e][0x8c]L@[0xa3][0x81]D[0xb9][0x0][0xb4]C[0x13][0xea][[0xe2][0x13]uaijj[0x9e][0xa9][0x11][0xf6]y[0x16]C[0xb][0xd0][0x12]p[0xe2],G[0xb4]A[0xb1][0x7]u>[0xf4][0x8]{,1jh[0x9][0xda][0x9c]E[0x9c]5[0x88][0x8c][0x8b][0xa7][0xc0][0x5][0xad][0xb5]K[0xc4]ue[0x92]9[0xf8][0xf0]p[0xe2]lC4E[0x88][0xf]Q[0xd0]![0xb]E[0xc6][0x6]8B[0xd4][0x14][0x14]KDY[0x8e][0xd4][0x19]'mT[0x1f]z[0xb7]uNbq9[0xd6][0x1d][0xa7]FfD^[0x6]db[0x80]tz[0x11][0x89]n[0x0][0x1f],[0x99][0x92][0x99][0x7][0x1a][0x5]CY[0xec]eaF[0xf4][0x8a]Z[0xd0]V[0x1]h[0x82]&9KAVQg'[0x16][0xa5][0x82][0xd7][0xe8][0xa3][0xad][0xe3][0xb6] vb[0xd5][0xc4][0x0][0xb4]8[0x93]\GT[0x95][0x83][0x96][0x86][0xc1][0xe]d@[0xdb][0xb7]nA[0xec][0xf9][0x9a]&[0x86][0xa0][0x1e][0x4][0xd4][\r]xR=[0xa4]g[0x7][0x1d]B[0xc7]z\[0x8d][0x19]x[0xb1][0x1e]1[0xa9][0xcf][0x10][0xb4][0xbf][0x1c]j%[0xc1][0x9a][\n]"
17:11:38.226 [main] DEBUG org.apache.http.wire -  << "[0xdc]d+-.[0xc9]O[0xc3]q[0xe][0x91][0x85]1[0xb1]"
17:11:38.226 [main] DEBUG org.apache.http.wire -  << "[\r][\n]"
17:11:38.226 [main] DEBUG org.apache.http.wire -  << "CD[\r][\n]"
17:11:38.226 [main] DEBUG org.apache.http.wire -  << "[0x19][0xdc][0x10]t[0x9e][0xe][0xd4]^[0xec][0xe5]H[0x15][0xf2]t![0xfa]*,Ss[0xd0][0xc2]Q[0xe2]<[0x88][0xe8][0xf4][0xe3][0x9]S[0xd0][0xe4]K&x[0xa8]?[0x5][0xbc][0x83][0x11]}%[0x10][0xd1]G2[0x9a][0x18][0x82][0xa6][0xcf][0xf1][0xfa],=[0x11]tb[\n]"
17:11:38.226 [main] DEBUG org.apache.http.wire -  << "[0xe4][0xf6]5[0xf4]^[0xa4]![0xd1]k@[0xc1][0xe7][0xd5]@[0xed]![0xbe][0xd0]JN[0xcd]M[0xcc][0xcb][0x84]_=[0x8a][0xad]&2![0xfa][0xd8][0x1f]C[0xd0]z@[0xa8][0x13][0x8]&[0x1e][0xd0][0xb2][0xda]<K[0xf0][0x95]sh[0x19][0x84][0xf8]s[0x9c][0xc0][0xe7][0xa6]B-$[0xad][0x9c][0x2][0xcd]zf&[0xe6]e[0x82].w[0x2][0x15]Uh[0xe7]&[0x9b][0x98][0x11]y[0xca][0xaf][0x9][0xf8][0x86]<[0xa8][0x13][0x88][0xf][0xf6][0xa2][0xcc][0x94][0xf2][0xc4]<C[0x13][0x90][0xd5][0x98][0xab]?[0x8c][0xf1][0xce][0xc4] u[0xac][0xc]A[0xeb]g[0xa1][0x96][0x93]\R[0x96][0xa4][0xa6]d[0xe2][0xaa]+[0x8d][0x8d][0xf1]7[0xa9][0x1][0x0][0x0][0x0][0xff][0xff]"
17:11:38.226 [main] DEBUG org.apache.http.wire -  << "[\r][\n]"
17:11:38.226 [main] DEBUG org.apache.http.wire -  << "353[\r][\n]"
17:11:38.226 [main] DEBUG org.apache.http.wire -  << "[0x82]OZ[0x9a][0x18]"[0x9d]~[0x84]'?Uf[0x97][0x16][0xe7][0x82][0x8f]'[0xc0]U?[0x12][0xdb][0xc4][0x4][0xef]>[0x82][0xfa][0x19][0x8f][0x85][0x19][0x89][0xa0][0xb3]q[0x8a]@[0xd7][0x92]am[0xd3][0x1a]Y[0x10][0xbb][0xf7][0xe]|[0x92][0x1]a[0xb][0x93][0x13]3*[0xf3][0x8d][0xb1][0xb6][0xe5],[0x8c]@;b[0x88]*[0x9d]@K8[0xa1]va/[0x6][0x8b][0xf3][0x12]3[0xf3][0xd2][0xd3][0xf3]s[0x12][0xf3][0xb0][0xf5][0x93]MLA[0xf3][0x97][0xc4]Y[0x85][0xe8][0x19][0x90][0x9c]v[0x8a]3[0x8b][0xb3][0x13]!Gy[0x80][0x92]0Z-knB[0xf4][0xd2]E[0xd0][0x84][0x12][0xd4][0xbf]x"[0xb3]<[0xb1]8;[0xb3]$[0x11]z[0x14][0x1][0x96][0xe][0x11][0xd1][0x97][0x13][0x98][0x18][0x82]V[0x90]Am$XFeA[0x97][0x8c][0x80]f[0x7]P[0x8e][0xf][0xb4]0'z[0x1d]#h[0x12][0x7]j[0x1f][0xe9][0xc1][0x9c]X[0x0][0x9a][0x1d][0x85][0xf5][0x81]A[0xc3][0x8c](m*Cc[0x90]o[0x88][0x8a]m[0xd0][0xb2]~[0xa8]3H+)A[0x95]<[0xf8][0x80][0xa7][0xec][0xc4][0xa2]b[0xf0][0xbd][0xd4]h#YFf[0xa0][0xf1][0x9][0xe2][0x1c]A[0xa8][0xb3][0x90][0x93][0x98][0x97][0x95]Xdi[0x81][0xe1]S3bOz61[0x4][0xed][0xcb][0x86][0xfa][0x14][0xfb][0xd8][0x5][0xe8]B[0x8][0xd0][0xed]f[0xc5][0x95][0x99][0x89][0x19][0xa0][0x91]-4[0xf][0x99][0x1a][0x12]][0xf8][0x83][0x6][0x0][0xa0]v[0x11]_[0xf8][0x17]'[0xa6][0xa6][0x95][0xe6][0xe4]$f[0xa4][0x80][0xb7][0xdb][0x95][0x80][0xf][0xe2]D][0x0]e[0x89]w[0x19][0x1]r[0xf1][0xb]Z[0x8c][0x6]u[0x1]i[0xf1][\n]"
17:11:38.226 [main] DEBUG org.apache.http.wire -  << ":[0xd5]([0x3][0xda]e[0xc0]^&[0x9b][0x10]{3[0xaa][0x89]![0xd2]aC[0xc4][0x87][0x3][0xe8][0xda]o#p[0x3][0x0][0xe5][0x10]P3[0xe2][0x17]##[0x1d]9D[0xaa][0xe7]s[0x93]r[0x12][0xf3][0xd2]-[0xb0].[0x97]15[0x1][0xad][0x7]&*E#[0xad][0xfa][0xc1]=4[0x97][0x94][0x97]XT[0x0]^[0xcf][0x8a]v[0xa9][0x9a][0x91][0x19][0xe8]([0x18][0xe2],B[0xac][0x99] [0xcd][0xab]e[0xb0][0x11]A[0xac][0xd5][0xa0]1[0xf8]|J[0xe2]\@[0xcc](d[0xe]l[0x95]9v[0xdb],[0x88][0xce]YH[0xa7][0xf][0x91][0xe6][0xdf]d[0xd0][0xb9][0xa8]E[0x89][0x99][0xd8]W[0xba][[0x98][0x81][0xe][0xde] [0xce][0xbf][0x84][\n]"
17:11:38.226 [main] DEBUG org.apache.http.wire -  << "[0xab]|[0xd8][0xcd][0x98]X[0xfd]jJ[0xec][0xba]Y[0x13]C[0xd0][0xda]&h[0x1e]&[0xb9][0x8a][0x0]mJ[0xcf]4[0xc6][0x9a][0x8c][0x8d][0x8c][0xf0][0xce]D"[0x97]"[0xa0]d[0x8]u[0x1][0xc1]J[0xb1][0xaa]4'-[0x11]qi[0x5][0x96][0xda][0x98][0xf8]c[0xd1][0xc0]G[0xc7][0x12]k1h[0x84];+1[0xcf][0x14]|2[0x1a]Z[0x99]mB[0xec][0x11][0xea]&[0x86]&[0x88][0xc1][0x1d][0xec]M,P[0xdf]=[0xbf][0xa8][0xb4][0x18][0xba]F[0x14]u[0xf3];[0xb1][0x87]2[0x9b][0x18][0x82][0xba][0xbe]P[0xaf][0x91][0x96][0x82]S[0xf3]R[0x12]3@[0xb][0xc5][0x13][0xb1].I[0xb7]0[0xc1][0xbb][0x86][0x5]9ZA[0xd3]aP'`[0xf7]*[0xf8],[0x8c]J[0xd0][0x11][0xb3][0x5][0xa0][0xa3][0xdf]r[0x91]n8[0xc7]?}[0x89]b[0xb][0xa2]h"[0x98]x[\n]"
17:11:38.226 [main] DEBUG org.apache.http.wire -  << "J[0x8b][0xf2][0xc0][0xdd][0x0][0xe4][0xba][0xf]%[0x84][0x8d][0x88]>[0xa1][0xcc][0x10][0xb4][0xf3][\n]"
17:11:38.226 [main] DEBUG org.apache.http.wire -  << "[0xea]=[0xe2]k[0x9d]4[0xf8][0x8][0x15][0xf6]lkI[0xe4][0xae][0x9][0x13]C[0xd0]l[0x11][0xd4]z<m[0xd7][0xb2][0xd4][0xa2]D[0xc8]:k[0x94]*[0xde][0xd4][0x1c]4[0xe2]ATA[0x4]:[0xd6][0xb]j[0xf][0xc9][0xc5]Cvqj[0x9][0xf8][0x1a];P[0x13][0x16][0xa5][0xed]haHt[0x17][0xf]TdB[0x1d][0x80]=[0x19]e%V[0xa6][0xe6][0xa5][0x9b][0x9b]a[0x1b]>0[0x6]o[0xfa] [0xce][0xa3][0x88][0xd5]kx[0x2][0x14]tB;[0xfe][0x86][0x8b][0xb1]%[0xb1]'T[0x18]"[0xed]|!9l3`[0xe5]?[0x96]"[0xd0][0xc4][0x94][0xf8]d[0x84]([0x8f][0xb0][0xb7]W[0xc1][0x93][0xde]I[0x89][0x19][0xa5]E[0x89][0xd9][0xc5]X[0xef][15[0x2][0x15]6D[0x85]1[0xd2]T,[0xf1]y[0x6][0xb4]#"[0xbf]8[0x1f]T[0xd7][0x80]{[0x0][0xf0][0xa5]j[0x0][0x0][0x0][0x0][0xff][0xff]"
17:11:38.226 [main] DEBUG org.apache.http.wire -  << "[\r][\n]"
17:11:38.226 [main] DEBUG org.apache.http.wire -  << "125[\r][\n]"
17:11:38.226 [main] DEBUG org.apache.http.wire -  << "[\n]"
17:11:38.226 [main] DEBUG org.apache.http.wire -  << "([0xca]LNU[0xb2]25'r[0x97][0x8c][0x9][0xf8]>zhZ[0xc2][0xee][0xdb][0xb2]\Pc[0xa9]4/[0x1d][b2[0x3][0xf][0xb7][0x10][0xe7]QD[0xa9][0x84]#[0xd1]B[0xcf][0xbe][0x4][0xf5][0x0][0xb0][0xac]C22[0x7][0xe5];[0xe2][0xac]B[0xb4][0x8c]H+[0xe9][0xcb]A]*C[0xb]P[0x17][0x1a][0xa5][0x9]lA[0xec][0x1e][0x13][0x13]pW[0x5][0x1a][0x9e][0xa4][0xd9][\r][0x9e][0x2]+.)[0xb5][0xc0]:daf[\n]"
17:11:38.226 [main] DEBUG org.apache.http.wire -  << "[0xea][0xda][0x10][0xe7]{B[0xed]$[0xc8]I[0xfc][0x95][0x89][0xd8][d[0x86][0x6][0xc4][0xce][0xb][0x18][0x82]F[0x15][0xa0]~[0xc5][0xdd][0xd8]N[0xcf][0x4]5[0xec]M[0xb0]NL[0x1b]Z[0x80]VM[0x13][0xe7]+DY[0x84]=[0x9d][0xe6]&f[0xa6]$[0x1a][0x1a][0x83][0xca]U[0xf4][\r]4f[0xe0][0xd1]l[0xe2][0xac]A[0xc][0xc2][0xe0])[0xf2][0xd2][0x13][0x8b][0xc0][0xb3]K[0xa0][0xd1][0xac][0x82][0x14]=[0xf4]Ab[0xb]s"wI[0x98][0x18]"[0x9d]w[0x84];[0x8]K[0xb]2[0xb3][\r][\r]A[0xf9][0x2]u[0xd0][0x3][0xbc][0xc7][0x82](o!M[0x3][0xe3][0xb6][0x6]|[0xd4][\r]b\[0x10][0xcb][0x4][0xa1][0x19][0xd1]Gd[0x80]/>[0x81][0xa6][\r][0x92][0xb][0xf2][0xe2][0xcc][0xdc][0xfc]<[0xf8][0xf9]CX[0xdc]an[0x6]Z[0xa1]I[0x9c][0xcf][0x11][0xc5][0xe]n[0x9f][0xc3][0xe6]jJJ[0xd3]AC[0xff][0x98]%[0x1d][0x0][0x0][0x0][0xff][0xff]"
17:11:38.226 [main] DEBUG org.apache.http.wire -  << "[\r][\n]"
17:11:38.226 [main] DEBUG org.apache.http.wire -  << "22F[\r][\n]"
17:11:38.226 [main] DEBUG org.apache.http.wire -  << "R[0xb2]2[0x4]_[0x92]J[0x9c][0x95][0x88][0xe2][0x7]{R-[0xce][0xcc]M[0xca][0xcf][0xc9][0xcf]K,[0xca],[0x6][0xa5]W[0xd4]v[0x0][0xd1][0xe7][0xe9][0x1b]"Mu[0xe3][0xf6][0x1b]d[0x2][0xdf][0xd4][0x18][0x9b][0xa7][0x8c]LA[0x3][0xd6][0xc4]y[\n]"
17:11:38.226 [main] DEBUG org.apache.http.wire -  << "Q[0xaa]`[0xf7]TR^bVn)x[0xa6]1E[0xf]m[0x0][0xd2][0xd0][0x92][0xe8]&2hC[0x1d]4[0xdd]`[0xaf]&[0x12][0xc1][0xe3]^y[0x89]&X[0xaf]a [0xfa][0xee][0x19][0x13]C[0xa4][\r]J[0xd8]}[0x94][0x1]][0x91][0x8c]-[0xe4][0xcc][0xcd]A[0xe]%.[0xe4][0x10][0xed][0x9][0xec]>[0x82][0xd6][0xe6][0xa0][0x1]k[0xd8][0x14]%[0xda][0xf4][0x87][0xa9]%[0xb1][0x7][0xe2][0x18][0x82]V)@[0xc3][0x8f][0xb4][0xfa]'931?)5'[0x7]|[0xeb]mb[0x1e][0xa8]s[0x87]}[0x18][0xca][0x9c][0xe8]sm[\r]A[0xa5];Y[0x8e][0xa9]J[0xcc][0xcd],J[0x4]][0xce][0x0][0xba][0xbe][0x5][0xb4]u[0xb][0xda][0xb2]1"~[0xc4][0x2][0xe9]p&[0xec][0xe1][0x9e]Q[0x9a][0x9b][0x98]Y[0x94]h[0x88][0xb5][0xc2]51"z[0x14][0x15]4[0xf4][0xc][0xf5]%v[0x8b][0xc0][0xbd][0xba][0xf2][0xd2][0x1c]h[0xa8]bi[0x9e][0x1a][0x11]?[0xc6][0x6]*[0xf9][0xa0][0xb6][0xe1][0xa9][0xa1][0xf2][0x12]K[0x12]s2[0x13]M[0xc1][0x87][0xd8][0xa0][0xcf][0xce]Z[0x98][0x11][0xdd][0x18][0x6][0x8d]{Bm#-9[0x15][0xa7][0x16][0x94]dZ`=[0x8b][0xda][0xdc][0x1c][0x94].[0x88][0xca];[0x94][0xac]<[0x0]m[0x1c]N[0xc1]5[0x11]nH[0xe4][0x86]n[0x13]C[0xa4][0x85][0xc7][0xa4]4[0xd0][0xb3][0x13]-LA56[0x96][0x96][0xac][0xb9]%[0xe8][0xf6]o[0xe2][0xfc][0x8f]h[0x8e][0x10][0xec][0xca]C[0xa6]rR[0xd3][0x13][0xcb][0xb1]vJ[0xcc][0xcc][0x89]O[0xd1][0x88]"[0x8b][0xe4][0xca][0x1b]r[0x82]Fv*[0xa8]v[0xc3]Vr[0x1a][0x9a][0x11][0xbb][0x18][0xd1][0x8]iQ/[0x9e][0xa4][0xe]>[0xb9]9?/[0xdf][0x12]kb32"[0xde]:[0xc4]BU[0x92]}][0x94]Y[0x95][0x9d]Y[0x9c][0x98][0x93][0x98][0x1][0xae][0x2][0xb1][0xb4]Y,,[0x89][0xed][0xbf][0x18][0x91][0xb2][0xe6][0x3]>[0xba][0x9a][0x9d][0x9a][0x9b][0x84]};[0x1]xV[0x9e][0x98][0xe4][0x6][0xbe]D[0x9][0x9a][0xdb][0xb1][0x97]dy[0x95][0xf9][0xa0][0xeb][0x1f]L[0xb1]Mu[0x1a][0x9a][0x12][0x1f][0xd2][0xc4][0xad][0xf9][0xc8]+[0x85][0x8c][0x1b]c)0-L@[0x1d]g[0xe2]<[0x85]h[0xb9]`[0xf7]T[0x1][0xe8][0x10][0xf9][0x92]DP[0xaf][0xf]Kn5[0xc2][0xbf][0x4]i[0xe0][\r]|[0xc9][0x17]4[0xf8][0x8][0xe6][0xd6]T[0xd0][0xd6]P[0x3][0xb]P[0x11][0x81][0xde]}0"[0xf6][0x92]h[0x13]#[0xa4][0x5][0x1e](I[0x16][0x0][0x0][0x0][0xff][0xff]"
17:11:38.226 [main] DEBUG org.apache.http.wire -  << "[\r][\n]"
17:11:38.226 [main] DEBUG org.apache.http.wire -  << "68A[\r][\n]"
17:11:38.226 [main] DEBUG org.apache.http.wire -  << "J[0xcd]K-J[0x4][0xed]MVH[0xd5]-I[0xcc][0xcc]I-[0xc2][0xdc]#[0x96][0x95][0x8][0xea][0x99]e[0xa6]d[0xa6][0x83].[0xf2][0xc2][0x96]U[0x8d][0xc][0x88][0xad]'[0x8c]@;V[0xa0]^[0xc7][0xdd][0x14]-Gd[0x10][0xc8][0xf1]\[0xe8][0x15][0x93]![0xd1][0xed]z#[0xd0]][0xde]P[0xb][0x89]/[0x96]s[0xe1][0x93][0xa7][0xa0][0xc8]F[0x1b][0xb2]64[0xc2][0xbb]-[0x14]9[0xa2]A7@C-'[0xad]V[0xcc]H[0x4][0x9f][0xa9][\n]"
17:11:38.227 [main] DEBUG org.apache.http.wire -  << "[0xba][0x6]*[0xb3][0x4][0xeb][0xd2]0#S[0xd0] 1Q[0x9][0x1b][0xb4]B[0x3][0xea][\n]"
17:11:38.227 [main] DEBUG org.apache.http.wire -  << "[0xe2][0x83][0x0]z[][0xe][0xf8][0x1e][0x17][0xec]N0[0xb5]$v([0xd4][0x8]i[0xb9][0x0][0xf6]6tjV[0xa2][0x89][0x5][0xa8][0x8f][0x83][0xb1][0xaa][0xc6][0xd0][0x4][0xb4][0xb0][0x92]([0x8f]"M[0xd9][0x13][0xef]Q[0xd0]q[0x8b][0x90][0x6]W[0x6][0xe8][0xc6][0xf][0xf0]x:[0xca][0xf6][0x2]3[0xa2][0xcf][0xe9]5B[0x9a][0xac]'[0x98][0xb1]a[0xfd][0xd6]b[0xd0][0x85][0x2][0xd0])[0xb][0x94]e[0xff][0xe6]D[0xf]E[0x1a][0x91]5[0x8d][0x9b][0x4][0x1a][0x90][0x5]][0x99][0x99]\[0xa6][0x87]2[0xc4]mL|[0xbc]"M[0xe4][0x92]\[0xae][0x80][0xf][0x8a]/[0xc9],H[0xcc][0xcb][0xc2][0xba][0xed][0xc1][0xc8][0x8][0xd4]o%*[0xe2]A[0xbd][0x1e]h[\n]"
17:11:38.227 [main] DEBUG org.apache.http.wire -  << "'[0x18][0xee][0x5][0xb9][0xf8]V>[0x1a][0x9b][0x82]N,$[0xce]RD}A|j[0xab][0x84][0x1c]V[0x9c]\[0x6][0xda][0x92][0x80][0x92][0xcc]L[0x89][0x9e][0xb5]7[0x2][0xe5]|[0xa8]w[0xb1][0xe7][0xa6][0xe2][0xc4][0xcc][0xb4][0xd2][0x9c][0xbc][0xc4][0x92][0xe2][0xcc]"[0xec][0x9d]33[0xf0]E[0x9c]D[0xf9][0x13][0xe9][0x96][\n]"
17:11:38.227 [main] DEBUG org.apache.http.wire -  << "[0xe2][0xfd][0x99][0x98][0x93][0x98][0x9b][0x94][0x98][0x97]hl[0x8e][0xdd]~#3P[0x93][0x9d]8[0xfb][0x11][0xe1][0x8c][0xbd]^N[0x6]]tP[0x90][\n]"
17:11:38.227 [main] DEBUG org.apache.http.wire -  << "[0xeb][0x13][0xa3][0x8c][0x92][0x18][[0xe0]=[0x5][0x4][0xb9][0xb0]&8[R\[0x9a]XT[0x92][0x99][0x97][0x9][0x9a]*[0xcf][0xcf][0xcb][0x7][0xad]uA[0x1b][0xbf]05$v[0xfc][0xc2][0x8]is[0x17][0xc1]$[0xb][0xbd]b[0x0][0xb4]J[0x1e]t[0x85]&[0x96]F[0xa3]9x[0xe5]7Q[0xc1][0x9]ZK[0xe]M<[0xb8]k[0xe0]R[0xf8][0xa2]],[0x96][0x99][0x1a][0x83][0x8e]@#[0xca]2[0xd0]Z=[0xa8]e[0xa4]U[0x80][0xa0][0x3]E[0x10][0xad][0x0],[\r];[0x13]SPiO[0x9c]#[0x10][0xad]H[0xdc]>N,-[0xca]/J[0x4][0x9d][0xd0][0x99][0xa2][0x87][0xb6][0xae][0xd5][0xd0][0x8]4D@[0x9c]U[0x88][0xd1]g[0x82][0xb1][0x9a][\r][0x9b][0x86]J.C=^[0xd5][0xdc][0x84][0xd8]Y[0x19]#[0xa4]Q[0x1c][0xdc]^[0x3][0xed]y[0x6]ur[0xf3]@g[0xab][0xa6][0x16][0x95][0xe6]b[0x94]=f[0x96][0xc4][0xee]r[0x0][0xaf][0x88][0x84][0xc6]([0xde][0xbe]VNf[\n]"
17:11:38.227 [main] DEBUG org.apache.http.wire -  << "[0xe8][0xd0][0xbd][0x12][0xf0][0x84]<[0xd6][0x19][ssP[0x1e] *XAk#[0x9][[0x9a][0x7]:{[0xc4][0xc2][0x10][0xd4][0x8a]@)[0x3][0xcc][0x8d][0x88][0x9d]15[0x2][\r]8@-"[0xb9]>K[0x1][0x9f]y[0x9][0xba]i[0x0][0xd4]hD[0x99][0x1b]7%>|AI[\r][0xea][0x2][0x82])[0x8]t[0x6]R"hZ>[0xa7][0xb4][0x12]|[0xde]?[0xf2][0x91]+f[0xe0][0xcb]\[0x89][0xb]^[0xc4]@4[0xee]TT[0x9c][0x98]S[0x9e]h[0xe][0xbe]P[0x1c][0xed][0xc0][0x5]#sb[0xaf]m[0x0][0xb7][0x9c][0xa1][0xbe]#9|A[0xd5]I9l[0xf1]*[0xd6][0x14][0x5][0xb9]/[0x87]8/#[0xf6]%[0x91]V0[0xc1][0xa6][0xdf][0xc0][0x8b]=[0xb0][0xf5][0xca],[0xc0][0xc7]{[0x11][0xe7][0x8]DiArh@[0xe])[0x87][0x9c][0x4][0x8]J[0xf1]([0xe9][0xcd][0xc2][0x9c][0xd8][0x3][0xda][0x8d]@3P[0xd0][0x18]![0x98][0xde]`[0xdb]b[0x8b]R[0x8b][0xc1][0xcb][0xe2][0xb0][0x14][0xcb]f$[0xf8][0x1e]1xDZ[0x14][0x80][0xda][0xe9][0x90][0xb9]IP[0x15][0x8c][0xd2]t54#va-[0xf8][0xfc]t[0xa8][0xc7]I[0xe][0xfc],[0xf8][0xa5]}[0xd8][7[0x16][0x96][0xc4].D4B[0x1a][0x14]&-[0x14]@+a3[0xf2][0x12][0x93][0x12][0x93][0xb0][0xaf]('[0xfe]~'#[0xa4][0xa1]b[0xec]-,P[0x8b][0x7]t[0xba][0xa3][0x81][0x5][0xb6][0x1][0x1d][0xc8][0x92])[0xa2]R<h[0xb7][0xf]4[0xd0][0x9][0xa6]6[0xf0]I[0x8e][0xe6]X[0x7][0xdd]M[\r]@=k[0xe2]lDT[0xfe][0xc4][0xb7]^[0xe1][0xd7][0xa5][0xa6]'[0x96][0xe4][0x97]`[0x8f]c#[0xa2][0x97]s[0x19]![0xed][0xca]#[0xe8]kp%f[0x8]>@[0xb]}[0xb5][0x86][0x19][0xd1]+[0x8c][0x91]FDIN[0xdc][0x90][0xeb][0x91][\r][0xb1][0x1e]diaH[0xe4][0x11][0x93]&[0xc6]H[0x83][0x93][0xa4]%[0xec]D[0xf0]P%|[0xf1][0x13][0xca][0xc9][0x86]f[0xe0]#[0x9][0x88][0x89]xc[0xd0][0xd8][0x4][0xb1]I[\r]<[0xe7]RY[0x9a][0x3][0xba][0xd8][0xf][0xfb][0xe1][0xa1][0xe0]c[0xe5][0x89][0xb3][0x17][0xd1]]![0xcd][0xdf][0x5]E[0x89][0xd9][0xf9][0xc5][0x89][0xa0]M[0x3][0xe0][0x83][0xdb]!C_h[0x83]O&D/s3F[0x1a][0xf3]#[0x98][0xea][0xb2]`G[0x89][0x14][0xa0][0xed][0x95]7[0xb1][0x4][0x1d]pO[0x9c][0xc7][0xc9]-[0xcf]K2[0x13][0x8b]@[0xb3][0x89][0xd0]}FXj[0x15]SK[0xd0][0xe2]O[0xa2]\[0x1]:J[0x9][0x1a][0xed][0xd8][0xcb]2[0xc8]I[0xc5][0xb0]}[0xf3]X[0xba]7&&[0xa0]V q[0x96]!f[0x2][0xf0]4[0x86]3rA[0xe3]K[0xc5][0x89]E[0xe0][0x1d][0x89]h[0x11]ja[0x2][0x1a][0xbc] [0xce]6[0xc4][0x12][0x5][0xe2][0x8b][0xb2][0xec][0xc4]"[0xd0]R[0x5][0xd8][0x9]TX[0xfc]khN[0xec]rc[0xf0][0xe6]2h[0xe0][0xe2]n([0x82]..[0xc9]M[0xcc][0x3][0x1d][0xf0]][0x8e][0xbd]j26[0x0]-g![0xce][0xcf][0x88][0xdc][0x84]}[0xa8]#1%[0xd5][0x12][0xdc]([0xc5][0x18]8$[0xfe][0x9a]EcP[0xa1][0x6][0xf5][0x17][0xc1][0xac]R[0x2]k[0x1]b[0xab][\n]"
17:11:38.227 [main] DEBUG org.apache.http.wire -  << "M[\r]@[0xb9][0x8e]([0x9f]![0x8d][0xca][0xe2][0xe]K[0xc8][0xa2]([0xd0][0x10]e~e>[0xf6]z[0xc8][0xdc][0xc][0xb4][0x9c][0x96]8+[0x11][0xb3][0x84]x[0x92]k[0x12]x[0xe4]&[0x1d]R[0xe7]g[0x82][0x9a]X([0xbd])Csb[0xcf][0xd2]7[0x6]5[0x82][0xa0][0xc1][0x8a]#[0xf2]*Ka[0x5]O)[0xf8][0xc8]p[0x94][0x11]13s[0xd0]&[0x19][0xa2]|[0x86]4[0xbe][0x8c][0xc7]g[0xa0][0xf9][0x9b]b[0xc8][0xba][0x10]P[0x17][\r][0xc5][F[0xa6][0xc4][0xce][0xf4][0x1a][0x83][0x6][0x1e][0xa0][0xde]"[0xad][0x84]/NL[0x2]]I[0x1]=X[0x1]k[0x17][0xc6][0xc2][0x84][0xd8][0x1b]V[0x8d][0x91][0xf6]K[0xe1]N@[0xd0][0xa1]#[0xd0][0xe5][0xf][0xd8]fnL,A[0xd5]4qA[0x8c]H<[0x4][0xf3]H1R[0x15][0x8e][0xd5][0x9b][0xc4]_5a[0x8c]4[0xb6]MrS[0x6][0xb4] [0xce][0xdc][0x12][0x94][0x84][0xd1]g[0x90][0xcc][0x8d][0x8d],[0x89];[0x1a][0xc5][0x98][0xa8][0xad]BY[0xc5][0xa0]R6[0xab]4[0xaf]$1[0x1b]{>55[0x7]e[0x7][0xa2][0x82][0x1a]4[0xfc][0x3]M`${9[0xa7]4[0xa7]4[0xc3][0xd0][0x8][d[0x9b][0x81]WM[0x13][0xe7][0x2]D[0xb1]K|US[0x94][0x9a][0x97]Ri[0x8a]u[0xce][0xd7][0xdc][0x10][0xd4][0xc7] [0xce]jr{[0xe6][0xa0][0xac]U[0x94][0x8][0xb9][0xe5][0x11]k[0xa2]36%va[0x3][0xf8][0x12];h[0xc]`oE[0xa4][0xe4][0xe7][0xa5][0xe7][0x17]%[0xe6][0x81]*;[0xd0]X0V[0xb]AGC[0x13][0x9b][0xc8][0x10][0xb9][0xb]O[0x1]V[0x2][0xb9][0xd4]&[0x13][0xb4][0x9e][0xb4]4E[0xf][0xbd][0x83]`J[0xf4]<[0xac]![0xd2][0x88][0x1a][0xc9]I,)1;%[0x11]6[0x16][0x80][0xad][0x16]41[0x0]-[0xcf]'&[0xb6][\r]A[0xe3][0x8e][0xd0][0x80]&[0xad],MJLO,[0x86]N[0x93]bM[0xec]&[0xa0][0x91]4[0xe2][0xdc][0x80][0xe8]"[0x12],[0xd9][0xf2]![0xf5][0x15][0xe8],f,[0xed]T[0x13][0xf0]U[\n]"
17:11:38.227 [main] DEBUG org.apache.http.wire -  << "[0xc4]Y[0x8a][0xc8]a[0xb8]K[0xef][0xe4][0xc4][0xec][0xd4][0x92][0xb4][0xcc]"[0xd0][0xd1][0xbe][0x95][0x89][0x19][0xd8][0xfc]i[0xe]^[0x8c]A[0x9c][0x95][0x84]s[0x16][0x0][0x0][0x0][0xff][0xff]"
17:11:38.227 [main] DEBUG org.apache.http.wire -  << "[\r][\n]"
17:11:38.228 [main] DEBUG org.apache.http.wire -  << "CED[\r][\n]"
17:11:38.228 [main] DEBUG org.apache.http.wire -  << "[0x2]-[0x5][0xc0]\[0x1][0x0]Yb[0x87][0xc5][0xbf][0x16][0x6][0xa0][0xc5][0x91][0xc4]Y[0x8e][0x18][0xeb][0xc2][0xed][0xdf][0xec][0xc4][0xe4][0xd2][0xbc]th[0xfd][0x98]\[0x86][0xb1]`[0xda][0x18]|~[0x1f]q[0xf6]!2[0x14][0xf6][0x1c]\[0x9c][0x98][0x98][0x92]X[0x82]w#[0xad]1[0xf1][0x17]e[0x81][0xc6][0xdb][0xa0][0xe9][0x98]`[0x1a]*(-(-1[0xc5]^D[0x13]=-f[0x8][0x9a][0x15][0x87][0xda][0x88][0xa7][0xc4][0xc8][0xc3][0xbf]k[0xca][0x1c]|[0x19]Q[0x1][0x8a]4tCr[0x89][0x1][0x1a][0xb1]3[0xb0][0xc4]VT[0x98][0x9b][0x83][0xee]d [0xce][0x1][0x88][0x1c]C|[0x9d][0x4]:[0xbd]"[0xcf][0xd4][0x18]{[0x95]laN[0xec][0x85]WF[0xa0]Yahh[0x93]VN[0x95][0xe6][0x94]%[0xc2]j[0xa5][0x82][0x14][0xcc][0xb][0xee]-@)[0x87][0x18][0xff][0x1b][0x81].[0x8d][0x87]:[0x81]x[0xff]'[0xc3]:~[0xc9]ezh[0x8b][0x85][\r]M[0x89][0xbd][0xdd][0xd1][0x8][0xa9]S[0x8d][0xbd]![0x9f]U[0x9a][0x9b][0x98][0x92]ib[0x82]=[0x9c][0xcd][0x8c]A[0xfb][\n]"
17:11:38.228 [main] DEBUG org.apache.http.wire -  << "[0x88][0xf2]$h[0xc5]#[0xd4][0x93][0xb8][0x8b][0x89]b[0xe8]&K[0xac][0x95][0xae]1[0xd1][0x9b]8[0x8c]@C[0x1b]P[0xcb][0xb0]{[0xb]qY[0x16][0xe4][0x92]Ll%[0xb0][0xa1][0x1][0xa8]C@[0x9c][0xef]H[0xa8]i`[0x8b][0xff][0xf3][0xf2][0xcb]`3[0xdb][0xe8][0x8d]XCK[0xd0][0x9c]5q6#2[0xf][0x8e][0xe2]0[0xb3](5[0x1d]tX8[0xe8][0x84][0x1d][0xac][0xeb][0x3][0x8d]-@{[0xbb][0x89][0xb3][0x8d][0xdc][0x9a][0x6]2[0x6][0x97]h[0xe][0xbe][0x81][0xc]m[0xa4][0xc4][0x94][0xf8]u[0x83][0x86][0x88][0xc2][0x9f][0xe4][0xb2][0xaa]83[0xa7],3[0xb1]$1[0xb7][0xa0][0x14][0xbc][0xf9][0x2][[0xef][0xc1][0xcc][0x0][0xd4]+!.([0x10][0xa3]b8[0xd3][0x18][0xe8][0x2][0xa5]r[0xd0][0xe2]#,U[0xac][0x89]9[0xa8][0xff]A[0x94]UH[0xa3][0x18][0xd8][0xe3][0x18]ttS[0x91]1[0xd6][0xdd][0x9e]FD[0xef][0xb0]2[0x2]]n[\n]"
17:11:38.228 [main] DEBUG org.apache.http.wire -  << "[0xcd]5[0x84][0xab][0xba][0xc4][0x94][0xdc]D[0xd0][0xc8]WJfnb[0x15]h[0xba][0xc]m[0xc5][0x84][0x99]1[0xd1]s[0x87][0xa0][0x85][0x1c]P{[0xb1]{[0xf]Z[0xd4][0x15]'f[0x97][0x16][0xc1][0xb2][0xc][0xc6][0xf9]_[0xa6][0xa0][0x5][0x81][0xc4][0x5]'bV[0x94][0xa0]?![0xe3]4[0xb9][0x89][0xa0][0xb5][0xfb][0x89][0xa0][0x14][0x83]n[0xaf][0x91]9[0xb1][0x1d]m#P[0xa9][0xc][0xf5]'[0xee]"[0xb0][0x10][0xa9][0x87]][0x8a]6fkaB[0xf4]|7h%.[0xd4].[0xec][0xa9]3?/[0x13]W[0xed]il@lw[0xca][0x8]4[0xa6][0x1][0xb5][0x6]O[[0x5][0xb6]".7[0xb1](=1[0xf][0xeb][0xda]tc[0xb][0xd0]F[0x3][0xe2][0xa2][0xf][0x91][0xf1]p[0x7]#[0xe8]^VD![0x8f][0xad]t'p[\r][0x2][0xf2][0x2]"P[0xff][0x1e][0xea]K[0xe2]+[0xe8][0xec][0xc4][0xbc][0xcc]D[0xd8][0xea][0xc][0xac][0x15][0x9a][0xa1])[0xb1][0x87]o[0x18][0x81]&?[0xa1].[0xc0][0x13][0xce][0x85][0xe0][0xe9][0xe][0xf0][0xc6][0x1d],[0x5][0x8e][0x11][0xd1][0x1d][\n]"
17:11:38.228 [main] DEBUG org.apache.http.wire -  << "#[0xd0]a[0xa3]P[0xeb]p[0x7]1h[0xe8])[0x5]z[0xae]"[0x16][0xeb][0xcc][0x8c]AcwD[0xc5]([0xd2][0x80][0x17]im0[0xd0]5;[0x16][0xe0][0xeb][0xad][0xd1][0xb3][0xa5][0x85]9hn[0x8e]8[0xdb][0x11][0x1d][0x18][0xe2]c7#1[0xad]8#1[0x3][0xd6][0x0][0xc4][0x1a][0xbf]F[0x86]D[0xaf]'[0x6][0x8d][0x87]B[0x3][0x9c]`[0x91][0x94]XT[0x2][0xba][0x1f]1[0x5]\[0xfc]bK[0xd9][0x86][0x96][0xc4][0xe][0xe4]"[0xdf][0x91]EZ[0xc8][0xe7]&V&[0xe2][0xbd]s[0xd6][0x8c][0xe8][0xab][0xa4][0x8d][0x90]F[0xc5]p[0x94][0xff][0x99]E)[0x89][0x6][0xe6][0xa0]Z[0x6]eQ[0x80][0x89][0x9][0xb1][0xbd]T#P[0xb][0x7][0x1a][0xc0]x2[0x10][0xfc][0x10][0x95][0xd4][0xdc][0x82][0x9c][0xd2]l[0xe8][0xe2]][0xf4][0xd6][0x99]9[0xf8][0xfa]w[0xa2][0xd2][0x16][0xd2]A2[0x4][0xe3][0x15][0xe9][0x1a][0xba][0xf2][0xcc][0xbc][0x14][0xac]M5#[0xa2][0xf]r3B:A[0x86][0xe4][0xa6][0x12]t[0x8d]8x[0xdb][0x1a][0xf6][0x96][0xbf]9[0xfe][0x9b][0x87][0x90]KOPW[0xc][0x1a][0xf4][0x4][0xc3] [\r]rZ,[0xb6][0xe][0xa5][0x89][0x9][0xe8][0x0]X[0xe2]B[0x1d]QC[0x10][0x9f][0xa3][0xe1][0xf7][0xc8]f'[0x96]'V[0xc2][0x9a][0x19][0xe8]#q&[0xa6][0xa0][0xde][0x1a]Q[0xae][0x0][0x9d][0x0][0x1][0xf5]7[0xf1][0xae]H[0x3]7[0x94][0x8b]@[0xb][0xfa]R[0xf4]P[0x96][0xfe][0x18][0x83][0xf][0xca]#[0xce]fD[0x3][0x7]{[0xe5]_[0xe]*C,[0xcd][0xc0]s%)[0x88]S#[0xcc][0x8d][0x89][0xae][0x90][0x90][0x8e]Z[0xc1]nE[0x1]d[0x1d][0x13][0xf6][0xd4]cb[0x0][0xea][0xe][0x12][0xe7][0x17]D[0xe9]L0[0xf5]d%[0xe6][0xa5][0x96]d$B[0xae]G[0xc7]6!j[0x4][0xea]?[0x10]g-[0xa2][0xa3]A|[0xe4][0x95][0x83][0x86][0xf3]Jq-[0xcc]6#v@[0xc4][0x8][0xb4][0xb3][0x9][0x9a]rH+[0x95][0xd3]A[0xf3]P[0xa0]-[0xbc][0xd0][0xf1]d[0xec][0xb5][0x3][0xb1][0x87][0x99][0x1a][0x81][0xee]C[0x80][0xba][0x83][0xe4]"[0x4][0xd1][0xf8]JO[0xcc][0xc9][0x4][0x8d][0xa4][0x97][0x82][0xe]4B[0x99][0x7]42[0x1][0x9d]UJT|[0x80]Z[0xa4]P[0xa7][0x10]L[0x6][0xf9][0xe0]5[0x0][0xc5][0x99][0x19][0xa0][0xf4][0x8d][0xb6][0xa4][0xd1][0xcc][0xd4][0xc2][0x84][0xb8][0x91]{#P^[0x80]ZI|[0x12][0x80]l[0xb6][0x7][0x1d][0xa4][0x7][0xaa][0xad][0xd0]K[0xf][0xb][0xa2]o[0xdb]6[0x2]][0xab][0x7][0xb5][0x1d]{[0x6][0x83][0x1d]Y[0x0][0xda][0xec][0x91][0x1][0xea][0x99][0xa0][0x1c]Xb[0x8e][0xff][0x82]I[0xe4][0xf2][0x19][0xe9][0x10][0xf][0x82]A[0xb][0xdd]b[0x1][0xab][0xf9][0xb]J[0xf4]Pv[0xb6][0x98]Z[0x12][0xdd][0xe6][0x3][0xad][0xa7][0x87][0xfa][0xf]{[0xa5][0x9f][0x95][0x9f][0x97]o[0x8][0xde]A[0x8b]^[0xff][0x9a][0x18][0x80][0x9a][0xc3][0xc4]%[0x1b]D6&[0xe8][0xb7][0xca][0xbc][0xfc][0xb2][0xcc][0x12]H[0xab][\n]"
17:11:38.228 [main] DEBUG org.apache.http.wire -  << "[0xfd][0xe2]UC[0xb][0xe2][0xad]$[0xa7][0xf2][0xc9]+-J[0xc9][0xac]L[0xcc]+[0xc9][0xcc][0xaf][0xaa][0x4]E&[0xc6][0xa2][0x7]#[0xf0]b>[0xa2]<[\r][0x1a][0x93][0x83][0x6]-i[0xc5]G[0x6]d[0x1e][0x1d][0x94]r[0xd1][0xb2][0x8d]![0xf8]rt[0xe2]lG,[0x9d][0xc1][0x1e][0xb1][0xc9][0xf8]j[0x6]#sb[0xef][0xb0]1[0x2])[0x84]z[0x13]w'[0x5]V[0x9d][0x16][0x97][0x16]a[0xbf]k[0xcb][0xcc][0x80][0xd8][0xa3][0xa9][0x8c]@[0xc7][0xe2]@-$-\[0x93]@[0x9b]f[0x12][0xf3]J[0x8a]2[0x8d][0xc0][[0xe1][0xd0][0x86]J[0x8c][0x8d][0x88][0xae][\r]AgN@[0x9d]@r[0x89]\PZ\[0x0]N[0xdf][0xa0][0xe9][0x11]P[0x1c][0xa3],[0xc0]32%[0xba][0xd3][0x0]*A[0xa1][0x8e] [0x98][0xa9]@[0x9d][0xd1][0xdc][0xcc]<[0x3]S[0xec][\r][0x1]SsP9GT[0xba][0x2]m+[0x82][0xda]J[0xb2][0xd7]sAkC[0x90][0x8e]H[0x84][0xac][0xc0]C/W[0x8c][0xc][0x88]])b[0x84]t&[0x0][0x9e][0xee]D[0x1e]l[0xa8][0x17][0xb4][0x8e][0x1b][0xcb][0xce]bS[0xf0][0xec][0x3]q[0xbe]G[0x14]d[0xd8]s[0x15][0xb8][0xce][0xcb][0x83][0x9e][0x8][0x6][0xf1][0x1f]Z[0x1e]62"[0xf6][0x4])#P8@[0xc3][0x1a]{[0xe5][0x3]*(J[0x12]3[0x12][0x8b][0xb2][0xc0][0xdb][0x13]Pze[0xe6]f[0xc4]N[0x12][0x83]O4[0x84][0xda][0x13]P[0x9a][0x94][0x93]Y[0x9c][0x91][0x99][0x97][0xae]P[0x94][0x99][0x9e]QR[0xac][0x0]Z[0x7][0x9d][0x8e][0xe5][0xc2][0xbf][0x14][0xd0]VSlM[0x1b]S3[0xd0]>Mb[0xc2][0xd3][0x18][0xb4][0xaf][0x19]j3[0xc9][0xa9])5'[0xb3]8[0xd1][0xd8][0x18][0xd4][0xba]@OB[0xc6][0x6]D[0xaf]g[0x4][0xb5][0xc2][0xa0].[0xc0]]|%[0x16][0xe7][0x82][0x96][0xae][0x82][0xe]6-[0xcd][0x5]-KH[0x7]e\[0x94]:[0xd7][0xc4][0x92][0xd8]F[0xad]1[0xd2]\[0x17][0xf6]D[0x94]X[0x9c]YT[0x9e][0x98][0x92][0x8]*[0xa6][0xd0][0xae][0x1e]73&:l[0x91][0xb6][0x82]cO=[0x89]E[0xc5][0x99][0x5][0x89]%[0xa0][0xb6][0x12][0xa4][0xad][0x8e]u[0xf8][0xc4][0xd4][0x4][0xd4]i'*6A[0xcd]H[0x82]a[0x9][0xda][0xf1][0xc]jS[0x98][0x81][0xea]W[0xf4][0xf1]"[0xe2]oT2[0x6][0x8d]3C-#[0xad][0x1a][0x0][0xed]-[0xc8][0x4][0xad][0x2]N,.[0x1][0x9f][0xda][0x87][0x12][0x8f][0xe6]D[0xf7][0xf][0x8c]A[0x11][0xe]u[0x1][0xc9][0x89]7371[0x17]6[0x1e][0x8b][0xbd]L67[0x0][0xb5][0xfb][0x89][0xb]wD[[0x87]d[0x87][0x80]n[0x3][0x0]][0xfc]V[0x94][0x8];[0xd7][0x15][0xa3][0xcd]cb[0x6][0x1a][0x17]#[0xca]%Hs[0x17][0xb8]sSrb:[0xe8][0xae][0xf0]<<Cg[0xe6][0x96]F[0xc4]u[0xf][0x8c][0x91]f-[0xf0]U[0x1][0xf0][0x86][0x1d][0xf4]@[0x1e]l[0x89][0xcf][0xd0][0x2]4[0xc3]C[0x9c]?[0x11]]{[0xdc][0xfe][0x4][\r]~[0xe7][0xa5][0x1b]a[0xdd]aah[0x9][0x1a]n#[0xce].[0xc4][0xa4]&i[0x9]=[0x17][0xda][0x5][0xc7]2*ll[0x1][0xea]n[0x10]g=bf[0x93]`3[0xa3][0x14]:[0xe][0x8d][0xb5][0xe2]33!>[0x19]!F[0x1b][0x88][0xaf][0x90][0xa0][0x5][0xb]d[0x83]"[0xda][0x16]S##b[0xf]X[0x3][0xaf][$7W[0xe7][0x81][0xdb][0xb7]%[0xb9]X[0xaf][0x99]24!vS[\r][0xf8][0xf6][0x2][0xa8][0x1b][0x88][0xf7]qbnfb[0x6][0xb4]?[0x9a][0x9][0xaa][0x16]Q[0x6][0xae]LL@[0xad]V[0xa2][0xa2][0x1c]T[0xc5]@[0xad][0xc7]^AU[0xc0]Gh[0xb1][\r][0x11][0x9a][0x82]o/$[0xce]&[0x12][0x12][0x17][0xe8][0xc0][0xf6]b[0xd0][0x95][0x87]8[0xca]KS[0xd0][0x1d]![0xc4][0xd9][0x8a]H^[0xa4][0x97][0x97][0x95][0xa0]+FR[0xb0][0xce][0x9e][0x99][0x19][0x80]v[0xfb][0x11][0xe5][0x4][0xa4][0x83][0x1d]H[0xcb][0xd4][0xa9]E[0x99][0xd9][0xa0]3/[0xf3]2[0xb3][0xb1][0xb5][0xbd],[0xc][0x89][0xde]l[0x0][0xda][0x17][0x1][0x8d]e[0xec][0xed][0x83]B[0xd8][0x9][0xf9]X[\n]"
17:11:38.228 [main] DEBUG org.apache.http.wire -  << "[0x10]3C[0xd0]![0x9][0xc4]y[0x15]Q~a[0xb7]'[0x1f]v[0x9b][0x8][0x8e][0xeb][0xbb][0x89][0xde][0x1e]n[0xc]r[0x13][0xd4]K$GlvbJf[0x11]t[0xdc][0x1b]R~aT[0x84][0xa6]F[0xc4]vR[0x8d][0x91][0x6]f[0x89][0xcf][0xc1][0x99]E[0x89][0x96]8[0x96][0xf8][0x18][0x19][0x10]{j[0x95]1H!4[0x10][0xf0][0xd4][0x88]e[0xf8][0xba][0xff][0xa6]F[0xa0]S[0xc][0x88][0x8a]][0xd0]Q[0x5]P[0xdb][0xb0][0x97][0x15][0x90]*!%1[0xaf][0x14]T[0xe7][0xa2][0x8c][0x8e][0x19][0x9a][0x11][0xdb][0xed]4[0x6][0xb5][0x85][0xf0]Z[0x93][0x4];=[0x2]k[0xae]0[0x6]5L[0x88][0xf2][0xf][0xd2][0x8]'[0xee][0x9a][0x1d]t"e[0x9][0xf8]6[0xd9][0x12]=[0x94][0xa3]`[0x8d][0xc1][0x9b][0x17][0x88][0xb3][0x8][0x91]-[0x8][0xd6][0xab]Y[0x89][0xd9][0x89][0xa0]C8[0x8a][0xf3]3q[0xec][0x96]41"[0xba]r[0x1][0x85]94(I[0xce]$Y[0x90][0x9][0xc7]"[0xd8][0x81]2h}[[0xb]K[0xd0][0xc6]H[0xe2][0xbc][0x8f]X[0xc2]D[0xd0][0xfb][0xc9][0xa9][0xb9][0xa9]%[0x99]&[0x6][0xd0][0x89]@[0x94]j[0xcd][0x9c][0xe8]m[0xf8][0xc6]Hc[0x9d][0xb8][0xa3]61[0x7]t[0xe2][0xa5][0x99]%[0xa8][0x83][0x87]Q[0x0]X[0x10]}[0xdb][0xe]x[0xd9][\r]4[0x94][0x9][0xfa]/775=1[0xaf]$[0xb1][0x8][0xeb]d[0xa3]1[0xf1][[0x4][0xcd][0x10][0x1d][0x1][0xdc]>L[0x1][\r]U[0x83][0xce]%[0x82][0x94]r[0xe8]}g[0xb][0x13][0xa2][0xeb]Q[0xa4][0x11]N[0xec]%{f[0x11][0xe8][0x9c][0xad][0x92][0xfc][0xe2]|Ps[0x4][0xbd]Mf[0xe]r.Q[0x89][0x5]4e[0x3][\r]L[0xd2]j[0xcb][0xfc][0xec][0x12]P[0xa7][0x1d]|H[0x6][0x96]Z[0xcc][0x90][0xe8][0xd5][0xa1][0xc6]H[0xc3][0x9c][0xc4][0x17][0xe8][0xb0][0x93]M[0xb1][0xe][0x93][0x98][0x18][0x12][0x1f][0xd0][0x88][0xee][0x6][0xc1][0xc4][0x4][0xc9],H[0xb3][0xd8]X[0xb]D[0x3]P[0x5]E\[0xd8]#[0xca])[0xe2]=[0x9e][0x83]t[0xb3][0xf][0xfa][0xb1]z[0xa6][0xc4][0xb7][0x92][0x90][0x86]z[0x9][0xfa];5;[0xd1][0xd8][0xc][s[0xd4][0xcc][0x84][0xd8]5([0xc6][0xa0][0x16]24[0x9d][0xe1][0xce]?[0xa0][0xa1][0x83][0xd4][0x92][0xca][0xfc][0xe4][0xc4]t\{[0x91][0xc][0x89]>[0xfd][0xc9][0x18][0xb4]t[0x2]j%[0xf6]<[0x4]>[0xc6][0xb][0xb4][0xbc]/[0xbb][0xb4][0x4]k[0xab][0xd3][0x2][0xbc][0x9b][0x86][0xb8][0xb8]D[0xc]_[0x12][0x1f][0x97][0xf9][0x5][0x89]yH[0xd7]nC[0xe6]dP&[0x10]-[0xc0][0x1b]<[0x89]s[0x1][0xa2][0x84]"[0x18][0xa3][0x5][0xa0][0xf3]W2[0x13][0xf3][0x8a]A[3[\n]"
17:11:38.228 [main] DEBUG org.apache.http.wire -  << "R[0xf4][0xb0][0xc][0xdd][0x1a][0x9a][0x12][0xbb][0xec][0xcf][0x98][0x92][0x1d]9[0xe5][0x89][0xe5][0x89]y[0xa6]8[0xae]06[0xb1][0x4][0x9d][0x12]D[0x94][0xef]A[0x1b][0x9f][0xf1]Fv9d8[0x6][0xd4]R[0xc2][0x98][0xb4]4%v[0xe1][0x85]1hg[0xe][0xd4][0x1a][0x92]k[0xf8]Rx;[\n]"
17:11:38.228 [main] DEBUG org.apache.http.wire -  << "[0xeb]h[0xa0][0x99][0x19]h[0xcc][0x9d]8[0xcf]"[\n]"
17:11:38.228 [main] DEBUG org.apache.http.wire -  << "-<[0xed]P[0xc4]l[0x1f]8[0xa1][0x83]6[0xfe]`[0xd9]yeA[0xfc][0xd6]2[0xa4]i[0x11][0x92]=[0xf]>=[0xd6][0x8][0xfb][0x81][0xe6][0xe6]Do[0x3][0x6]-7[0x83][0x6]?[0xc1]4[0xe][0xba]k[0xd4][0x10]k[0xa9]e[0x4]Z[0xb0]C\@[0x93][0xd0][0x94][0x2][0xdf]hk[0x82]u[0x89][0xb2][0xb9])h[0xc4][0x98]8[0x1b][0x11][0xe5][0x8][0xf6]F?[0xf4]lx[0xb][0x13]h[0x93][\r][0xbd][0xea][0xb7]$vU[0xb2]1[0xd2][0xf9]-[0xc4][0x17]Y[0x95][0x90]N[0x7]([0x1b][0xa1][0xb5]PM[0xcc][0x88][0xbd][0xc0][0xde][0x18]iC[0xe]i[0x8d][0xe]XK=1%3;[0x11]4[0xe7][0x84][0xb6][0xd0][0xde][0x90][0xe8];D[0x8c]A[0xab]q[0xa1]I[0x9]O[0x1e]*[0x0][0xed][0x80][0xc9],A[0xec][0x19][0xc4][0xb2][0xd9][0xdb][0xd8][0x82][0xe8][0x11]0[0xa4])>[0x82][0xe9][0xb7][0x4]r[0xcc]4[0xa8]y[0x87][0xda][0xb5][0xb3]$z[0xf6][0x9]T[0xac]A[0xfd]H[0xd0]:[0xd0]Y[0xb9]i[0x99][0xa0][0xe5][0xcb]%[0xf9]E[0xe0][0x13][0x2][0xb1]T[\n]"
17:11:38.228 [main] DEBUG org.apache.http.wire -  << "&[0x86][0xa0][0x2][0x90][0xa8][0x84]Lp[0x86][\r]vMTV~6[0xd6]cbM[0x8c]Ak[0xb][0x89][0xb1][0xcb][0x4][0xd4]5[0x82][0xfa][0x13]{M[0x9f]][0x9a]W[0x92][0x1][0x8a][0xca][0xd2][0x1c][0xf0][0xa5]0[0x5]%[0xd8][0xaa]<3[0xa2]O[0xf]5A[0xda]CZ[\n]"
17:11:38.228 [main] DEBUG org.apache.http.wire -  << "F[0x14][0xca][0xa0][0xb5]\[0xd8][0x1a][0x90][0xc6][0xa6][0xa0][0xd5][0xc2]D[0xf9][0x1b][0xb4]X[0x1e][0xea]o[0xd2]\Q[0x90][0x98][0x93]X\R[0x94]YPZT[0xe]:[0x1d][0x9][0xfb][0xb8][0x9f][0x91]9[0xb1]GB[0x98][0x80]r[0x0][0xd4]%xrSFbq^[0xa2][0x1][0xf8][0xcc][0xb][0x94][0x9]US[0xa2][0xf]L7[0x1][0xcd]#[0x10][0xb6][0x8]4[0xed][0x92][0x97][0x89]g<[0xd1][0xc2][0x80][0xd8][0xbd])&H[0xd3] [0x4]3Q.h[0xd9]a^[0xa6])[0xd6][0xab][0x80]L[0x8d]A[0x8d]n[0xa2]"[0x16]4[0xe2][0x0][0xf5]%A;[0xb]@g[0x7][0x82][0xef][0x8d]/[0xc1]u[0x15][0x80]%[0xb1]K:M[0x90]vU[0x10][0xb4][0xb8][0x4]li[\n]"
17:11:38.228 [main] DEBUG org.apache.http.wire -  << "[0xd6][0x11]yc#b[0xb])[0x13][0xa4]!q[0x92][[0x15][0xd0]{ErJ[0xcb]S[0x8b]A[0x5]%[0xca][0xb9][0x18][0xe6][0x96][0xc4]Nu[0x99][0x80][0x1a] [0xd0][0xf0][0xc6]^[0x80][0x80][0xe2][0xb5][0x1c][0xd4]X[0x87]][0x0][0x3][0x1e][0x9d]Bi[0xaa][0x9b][0x1a][0x82][0xb6][0xbf][0x10][0x15][0xbd][0xa0][0x1e]"[0xd4]:[0xd2][0xbd][0x8c]Xw[0x88][0xb5]qc[0xe][0x9a]v'[0xce][0x15]$[0xcc][0x10][0x14]'[0xa6]d[0xe6]%[0xc2][0xe][0xc6])[0xc5][0xb8][0xfe][0xc6][0xc2][0x80][0xd8]I7[0x13][0xd0][0xc6]?r=[0x9f]R[0x0]Z[0xb1]][0x0][0x99]\F[0xab][0xfb][0x8d][0x8d]@[0x83]&[0xc4][0xf9][0x1c][0xd1][0xc8][0xc2][0xdd][0x19][0x5]_=gb[\n]"
17:11:38.228 [main] DEBUG org.apache.http.wire -  << "je`[0x8c]V[0x19][0x13][0xbd][0xd9][0xd9][0x4]4[0xdc][0xb][0xf5].[0x9e][0x92]13[0xa7]2[0xb1][0xd8][0xd2][0x2][0xda][0xa6]C[0xa9][0xef]-LA[0xc5]<Q[0xfe]B[0x1a][0xca][0xc5]cWeNj1[0xe8][0x94]x[0xd0]8[0x1c][0xfa]*[0x1]cK[0xa2][0x3][0x11]i8[0x17]WK5/[0xd3][0xc2][0x4][[0x15]gJ[0xf4][0xd6]i[0x13][0xa4]5[0xaa][0xf8][0xb]$[0x0][0x0][0x0][0x0][0xff][0xff]"
17:11:38.228 [main] DEBUG org.apache.http.wire -  << "[\r][\n]"
17:11:38.244 [main] DEBUG org.apache.http.wire -  << "515[\r][\n]"
17:11:38.244 [main] DEBUG org.apache.http.wire -  << "R[0xb2]R[0xca]H,[0xce][0xcc]56[0x2][0xf9][0xb][0xf9]8Qc[0xf0][0x8][0x13]q[0x1][0x88][0xe8]C[0x93][0x9e]1K[0x93]3[\r]LA[\r]c[0xf4][0x84]i[0x2]:[0x87][0x9a]([0xfb][0xcd])[0xb0][0x1f][0xb4][0xf0]")[0xbf]<[0x1f][[0x80][0x1b][0x99][0x80]V[0xc6][0x10][0xe5][0x4][0x82][0x1d][0xe9][0xfc][0x9c][0xcc][0xb2]L[0xf0][0xfd][0xa2][0xe0][0x3]yQ[0x7][0xe9][\r][0x88][0xed][0x3][0x98] u&[0xb1]'[0x9f][0xe2][0xc4][0x9c]\[0xd0][0xdd][0xec]y[0xa5][0x89]E[0xd0]|[0x81][0xd2]h04[0x3][0xed]Z#[0xce]O[0x88][0x92][0x8e][0xe4]hE[0x9c]a[0x1]Z[0x96][0x85][0xcd]![0xe6][0xc4]7[0x93]@3[0x88][0xd0][0xc2][0x80]d[0x87][0x14][0x81][0xea]ypc[\r][0xcb][0xc2][0x13]K[0xa2][0xb][0x9][0xd0][0xae]}[0xa8][0x1b][0x8][0xe6][0xa8]l[0xd0][0xb1][0xe1][0xd9][0x89][0xd0]f"[0xf8]D-[0xb4][0xc4]mD[0xf4][0x9e]u[0xf0]e[0x8]P[0x8b]q[0x97][0xba][0xa0]*[0xa6][0xa8]$?%[0x11][0xb4][0xe3]7[0xf]T[0xa7]c[0xe9][0x86][0x98][0x9a][0x82]&y[0x89][0x8a]z[0xa4]N.iM[0xe4]*<W[0xa3][0x19]Y[0x80]V[0xd7][0x11]g?[0xe2][0xe4];[0xdc][0x9e][0xce][0x2][0x9d][0xdf]h[0x4]^[0xb6][0x85]\p[0x99]X[0x80]N[0x82]$[0xce][0x1a][0xc4][0x88][0x10][0xf6][0x6]LQjU[0xa2]%[0xb8]hD[0x99][0xe3][0xb1] z[0x13][0x9b][0x9]R[0x87][0x99][0xf8][0xe1][0x82][0xf4]b[0xc8][0xe6]|h[0xbe]A[0x1b]203[0x0]M?[0x10][0xe7]A[0xc4]H[0xc][0xf1][0xb6][0x83]j9[0xd8][0x6]F,[0x99][0xc6][0x88][0xe8][0xa3][0xe7][0xc1];[0xb3][0xa0]i[0x17]{i[0x95][0x5]][0x11][0x84][0xcd][0x1a]K[0xd0]![0x14][0xc4][0xf8][0xd2][0x14][0xa9]#[0x8b][0xdd][0x9a][0x12]P[0x3][0x8][0xb4][0xc3][0x18]2[0xc3][0x84][0x16][0x9e][0xa6]Do7[0x1][0xf][0xee]B=[0x84][0xa7][0xa9]P[0x8][0xbb][0x9f][0x8]b[0x1d][0xfa][0xc0][0xa9][0x11]x[0xc7]7q>C$P[0x92]K>[0xf0][0xca][0xdf][0xe2][0xcc][0xc]Pi[0x4][0x1e][0xf5]AYVhJ[0xf4][0xba][0xc]SP[0xd3][0x18][0xea]ib[0x8a]>[0xd0][0xb9]h[0xd0][0x8d][0x82][0xa0][0x82][0x8]9k[0x9a][0x11][0xbd][0xc][0x16]|[0x10][0xf][0xd4]R[0xdc]%@:(^3A[\r][0xdb][0xe4]2lC[0x13][0xc4][0x1f][0xac][0xf][0xde][0xbe][0x7][0xb5][0x8f][0xf8][0x9c][0x92][0x9b][0x99][0x9c][0x91][0x9a][0x93][0x93]j[0x86][0xfd][0xc]4Kb[0xcf][0x9]1[0x5]-[0xf4][0x87][0xda][0x8e][0xbd] [0x2][0xdf]|j[0x89][0xbd][0x83]lIlq`[0xc]Z[0x84][0xc][0xb5][0x86][0xf4][0xe4]T[0x9e][0x99][0x92][0x9f][0x92][0xf]-[0x92]P[0xda][0xda][0xc6]D_[0x9a]g[0x8c][0xb4][0xf9][0x91][0xb4][0x8a][0x5]tXnbq"[0xe4].[0xcc][0xca][0xc4][0x8c][0xfc]|[0xd4];l,[0xcc]@[0xdd]Cb2[0x95]1[0xa8]][0x9][\r][0x5]<[0x99][0x18][0xb6][0xc4][0xda][0xd8][0x12][0xea]e[0xf4]iCcK[0xd0][0x89][0x9e][0xc4][0xd9][0x88][0xc8][0xc6][0x4]sP9h:[0xf][0xbc][0x12][0x18]Rz[0xa0]T<&[0x6][0xa0]~?qv[0x92]S[0xf4][0x17][0x95][0x82]&[0xf6][0x8a][\n]"
17:11:38.245 [main] DEBUG org.apache.http.wire -  << "[0x12]A[0xd7]zc[0x9]ec[0xa2]K[\r]c[0xd0]H[0x6]4[0x94][0xb1]'[0xe9][0xa2][0xc4][0x8c][0xcc][0xdc][0xc4][0x8c][0x94][0xcc][0xa2],\[0xbb]jM[\r][0x88][0x9e][0x1][0x0]]-[0x81][0xd7][0xba][0xe2][0x8c][0xc4][0xec][0xcc]\l[0xcd]|[0xb]C[0xa2][0xe7][0xec][0x90]v`[0x92][0x9c][0x81][0x92][0x13]KJ[0x8b]@[0xa7]x[0x80].[0x16]-[0xc0][0xbc]t[0x84][0xe8][0xcb]/[0x8d][0x89][0xeb][0x1c][0x83]wa@6d@[0xba]W[0xb9][0x88][0x1d][0xbd]fD[0xf][0x1d][0x82]/[0xb9][0x83][0x6],[0xee][0x82][0x18]~s[0xb]hSg[0x6][0xf6]qQC[0xb][0xd0]8>Qi[0x17][0xa9][0xb1]MZ)Q[0x6][0xf2]o1x[0x11]=j[0xaf][0xc7][0x0][0x14]fD[0xd9]M[0xdc]1kI[0xa9]9[0xa0][0xbd][0xf8][0xb0][0xfd][0xb4]X[0xa7]&M[0xc][0x88][0xed]>[0x1a][0x83][0x86][0xdc][0xa0][0x81]Lr[0xba]J[0x7][0xed][0x98][0x80][0x16][0x8f][0xa0]a[0x17][0xb4][0xa9]-3[0xa2]O}0[0x6]-K[0x80][0xba][0x82][0xf8]:[0xb0]*15/1[0x9][0x92][0xb9][\n]"
17:11:38.245 [main] DEBUG org.apache.http.wire -  << "RP[0xf7]}Z[0x98][0x12][0xbd][0xfe][0x14]4[0x8b][0xb][0xb5][0x9b][0xe4][0x10][0xc8]M[0x84][0x94]X[0xe0][0x15][0x93][0xa0] @k[0xe0][0x99][0x9b][0x80][0xa6][0xce][0x88][0x89]}[0x13][0x3][0xc4].E[0xd2]R^6[0xe8]L[0x17]P[0xab][0x19]r"[0x10][0xd6][0x4]an@[0xec]N+[0x13]P[0x89][0x4][\r][0xe][0xec]M[0xda]D[0xd8]p[0x14]v[0x9b][0xc0][0x87]g[0x10][0xe7]cD[0xdd][0x84][0xbd][0x9c]N[0xc9][0x0][0x9d]f[0xe][0x9e][0x0][0xc2][0xd2]L[0xb7] z1[0xac][0x9][0xa8][0xf7][0x7][0xf5][0x13][0xf1][0xc9][0xb][0xd4][0xc2]K[0xcc]KLI[0x4][0x9d][0x89][0x89][0xbd]`1[0x1][0xcf][0xc9][0x12][0xe7]Y[0xc4][0x90][0x6]v[0xcf]f[0x82]6[0x1f]U[0x96][0x82][0x6][0xc3][0xd0][0xba][0xec][0xe6][0x96][0xa0][0xec]A[0x9c]-[0x88][0xaa][0x17]{[0xe4]A[0x8e][0xb3][0xcb][0xc8][0xcc]I[0x81][0x9c][0x1d]U[0x89]2$nb[0xc][0x9a]'#[0xce]&[0xc4][0xc2]q<M[0x19][0xd8][0x12][0xfc][0xb2][0xcc][0xec][0x92][0xfc]"l[0xe3][0xdf][0xc6][0xa6]DO[0xb2][0x80][0xca]4[0x92]c[0x11]|[0x10][0xb6]9[0xae][0xab][0xe1][0xc0]w[0xd2][0x10][0xe7]_[0xc4]H[0x1f][0xc1][0x86]Trj^zvf[0x11][0xe4][0xfe]=[0xf0]-[0x8f]H[0x15][0xa0]9[0xd1]Wk[0x98][0x80][0xba][0xa1]P[0xf]c[0x8f][0xcd],[0xe8][0xdd]4Xs[0xa2][0x11][0xd1][0x7]X[0x99] u[0x2]p[0xd7][0xb4][0x89]y[0x99]%[0x89][0xd0][0x83][0xcf][0xb0]g[0x7][0xe2][0xaf][0x86]3[0x1][0xb5][0xae][0xa0]^#>G[0x16]g[0x80]O[0xb0][0x2][0x8d][0xa9][0x15]c[0x9d][0x82]6$[0xfa]J p[0xc7][0x9b]d[0x7][0x14]%[0xa6][0xa4][0xe6][0x81]Z[0xc9][0xe0][0xbd][0x17][0x5])z([0x9d][0x11][0xb]#[0xa2]G[0xb9][0x90]v[0xec][0x11][0xef][0xfd][0xe4][0xcc][0x92][0xa2]Dc#[0xec]aodN[0xf4][0x80]"[0xd2]f=[0xec]E[0x11][0xe4][0x88]9S[0xf0][0xbc]/F[0xdf][0xc3][0x10][0xd4][0xde]%*[0xcb][0x80]v[0x8][0x90][0x1c][0xc4][0xe5][0x89][0xc9][0x89][0xa0][0x95]_[0xd9][0xa0]%[0xc0][0x98][0xf3]VF&[0xc4][0xae][0x5]2[0x1][0xad]s[0x87]Z[0x8f]=[0xf7][0xe4]A2h)Z4[0x1a][0x1b][0x13][0xdb][0xab][0x5]/[0xf][0x86]Z[0x81]=$s[0xb]@w[0x1e][0x97]c"
17:11:38.245 [main] DEBUG org.apache.http.wire -  << "[\r][\n]"
17:11:38.245 [main] DEBUG org.apache.http.wire -  << "28A[\r][\n]"
17:11:38.245 [main] DEBUG org.apache.http.wire -  << "[0xbd][0xe8][0x85][0x14]{[0xc8]Yx[\n]"
17:11:38.245 [main] DEBUG org.apache.http.wire -  << "[0x9e][0xed]-I[0x84][0x9e]&[\n]"
17:11:38.245 [main] DEBUG org.apache.http.wire -  << "[0xe9][0xd2]aL[0x8c][0x99][0x9a][0x81][0xf2]>Q[0xd1][0x9][0xea]sB=[0x8b]=<3S[0x12][\r][0xcc]@[0x8d] [0x94][0x6][0xb0][0x5][0xf1][0x13][0x9c]Hg[0xf7][0x11][0x9f]+@W[0xe][0x82][0xcf]T[0x0][0xdd]9[0x88][0xb5] 41#z[0xae][0x13]tR?[0xd4][0x8f][0x4]Kyh3[0x8]q[0x94][0x2][0xb6][0xea][0xcd][0xd4][0x10][0xd4][0xe7]'*|A[0xb3]#P[0xbb][0xb1][0x87]o1h[0xbb]nbyb[0x9][0xd6][0xe4]d[0x1][0x1e]c![0xce]&DS[0x13]O[0xdd][\r]:o>%3[0xcf][0x4][0xeb][0xed]Lf[0xc6][0xa0]=S[0xc4][0xd9][0x86][0x18]Q'>V[0x93][0xc1][0xab][0xf3]@[0xc7]yb[0xb]UC[0xb]b;U&[0xa0][0x81]0h[0xa8]b[0xcf][0xa2][0x89]E[0xa0][0x6]&h[0x97]y[0x1e]6[0xab][0x8c],@{%[0x88][0xf3]([0xa2][0x89]G0[0xf1]d[0x97][0xe6]%'[0x16]%[0xe2][0xdb]ydd[0x6]:[0xf4][0x90]8[0x9b][0x11][0xcd]>[0x92][0xbb]0[0xf0]S[0xc6][0xc0][0xf5];[0xa8][0xf9][0x89][0xb2]([0xc3][0x94][0xe8][0xad][0x9]&[0xa0].[0x6]4[0xa8][0xf1]$[0xab][0xc4][0xac][0xd4][0xbc]t|[0x9b]C-[0xc][0x89]^O[0x5][0xda]E[0xb][0xb5][0x11]{[0x96])(-[0xc9][0x84][0xb6]Aa[0xe3][0x87][0x18]E[0xa0][0x99][0x5][0xf1][0xf6]![0x1a][0x81][0xd8][0x13]S[0x5]4B![0xa5]-Zg[0xd0][0xcc][0x1c]49NT[0x84][0x82][0x1a][0x12]P[0x8f][0x91][0xd6][0x19][0x84]5N[0x8a][0x12]A[0xe3][0xc3][0xd8][0x9b][\n]"
17:11:38.245 [main] DEBUG org.apache.http.wire -  << "&&[0xa0][0xa5][0x0][0xc4][0xb9][0x3]QR[0x90][0xe6][0x8e][0xe2][0xc4][0xdc][0xfc][0xe2][0xcc][0xa2][0xbc][0xcc][0xca][0xc4]t[0xac][y[0xcc]MA[0xeb][0xb4][0x88]s[0x4][0xa2][0x0][0xc1][0xdd]:[0x5][0x95]V[0xa0][0x86]![0xb4][0x17][0x85]e[0x4][0xd1][0xc2][0x10]4#F[0x9c][0x8d][0x84]z[0xa6][0xd0][0xb9][0xc6][0xe4][0xcc][0xc4][0xfc]$[0xd0][0xe9]f[0xa0]a.[0x94]I[0xe]cK[0xd0]D&q[0x96]!*w[0xec][0x89]8%1%[0xd3][0xc8][0x0][[0xe1]db[0x0]j[0xe4][0x10]g[0xb][0xa2]p[0xc2][0x9e]t[0xab]@g[0x87][0xe6]$[0x96][0x94][0x16][0x80][0x8e]F[0xc3][0xd2][0xdf]64[0x4][0xa5]J[0xe2],[0xa3][0xa0]<*[0xc9][0xcc]M*[0xcd])O,[0xce][0xce],[0xc1][0x9a]rL[0xc1][0xfb][0xd2][0x89]s[0x7][0xa2][0x93]JZ[0xf2]-[0xcb],[0xcb]43[0xc2][0x16][0xe4]F[0x16][0xa0]^[0x19]q[0xb6][0x13][0xb3]j[0xa9][0xa4][0xa0][0xb4][0x8]t[0xaf].[0xe8]|E[0xf0][0xfa][0xc],[0xd3][0xe7][0xe6][0x6]D[0x8f]"![0xcd][0xb3][0xe0])[0x83]Sa[0x83]vX[0xdb]K[0x86]F[0xa0]f[0x10]Q^D[0x9a]T![0xbe]n[0x7][0xdf][0xae][0x9b]i[0x82]u[0x87][0x12][0xf1]g[0xc7][0x98] [0xed]p[0xc6][0x9e][0xa2][0xd3]`[0xf7][0x8a]a)[0xc][0x8c][0xcd][0x89]_[0xfc][0x87](~[0xb0][0xe7]O[0xe8]![0xd2][0xe5][0x99]I[0x99][0xc5][0xa0][0xbc]S[\n]"
17:11:38.245 [main] DEBUG org.apache.http.wire -  << ":'[0x13]e\[0xc5][0xcc][0x10][0xd4][0x17]".D[0xc9]M[0xb2][0x90][[0xc5]M[0x8c][0xa0]sFX[0x92][0x91][0x85]9[0xb6][0xb5]b[0x0][0x0][0x0][0x0][0xff][0xff]"
17:11:38.245 [main] DEBUG org.apache.http.wire -  << "[\r][\n]"
17:11:38.278 [main] DEBUG org.apache.http.wire -  << "11D[\r][\n]"
17:11:38.278 [main] DEBUG org.apache.http.wire -  << "J[0xcf]/[0xca]L-V[0xb2][0x8a]F:[0x81][0xcf][0x4][0xd4][0xc7]#[0xab][0xfe][0x1][0x9d][0xae][0x95][0x95][0x8]j4[0x16][0x80]B![0x1d]1[0xf0]oN|[0xaa][0xa2]d[0xae][0x3]r=[0x4][0xd2]}[0xe7]X[0x2][0xc2][0xc8][0x12][0xb4]^[0x97][0xa8][0xe8]@[0xda]![0x8c][0xbb][0xee][0xc9][0x1]-{*[0x82][0xdd][0xef][0x82]%[0xb5][0x99][0x9a][0x81].[0x1f]"[0xce]BD[0xd1]IZ[0x91][0x5]:9 7[0x13][0xd4];[0xc8],[0xca][0x3][0xd5][0x84][0xd0][0x84][0x80]v[0xb4][0x9b][0x85]%[0xd1][0x1d]>P[0xc3][0x17][0x9a][0x8][0x88][0xcf][0xdc]i[0xb0][0x93][0xe9][0xb1][0x9f]``h[\n]"
17:11:38.278 [main] DEBUG org.apache.http.wire -  << "[0x8a]\[0xe2]B[0x2]Q|[0xe2])[0xca][0xc0][0xab]>[0xcd][0xb1]^[0xf8]b[\n]"
17:11:38.278 [main] DEBUG org.apache.http.wire -  << "[0xbe][0x15][0x90]([0xbb]@[0x19][0x3][0xea]U[0xd2]B[0x1d][0xb1][0xb8]7'[0xb1]$3[\r][[0x8d]aL[0xf4]f"[0x13][0xd0][0xc0][0x3][0xd4][0x19][0xd8][0x8b][0xb4][0xcc][0x8c][0xe2][0xc4]<CCPs[0x3]ev[0xd6][0xd4][0xc]4[0x8f]C[0x9c]W[0x11][0xc5][0x19][0xc9]}[0x85]t[0xd0][0x0][0x9c]%[0xd6]%[0xa2][0x16]&[0xa0]a%[0xe2]\[0x80]h][0xe1][0x89]X[0xf0][0x99]f[0x16][0xe0]1([0xf4]e,[0xc6]D[0xdf]}eb[0x8e]h\[0x91][0xec][0xdb][0xe2][0xcc][0x12][0xe8][0x11]g)[0x89]y[0xa0]c^[0x8a]p[0xac][0xd7]75[0x7][0xed][0x96]E[0xf3];[0x0][0x0][0x0][0xff][0xff]"
17:11:38.278 [main] DEBUG org.apache.http.wire -  << "[\r][\n]"
17:11:38.278 [main] DEBUG org.apache.http.wire -  << "11C[\r][\n]"
17:11:38.278 [main] DEBUG org.apache.http.wire -  << "[0xc2]^[0xb0][0x82][0x6][0xbb][0xa1]1L[0xb0][0x8f][0x8]mC[0xa7]'[0x82][0xd6][0xb5]@s3[0xda][0x14][0x9b][0x89]9hP[0x9c]8[0x9b][0x11][0x5][0xb][0xc9]![0x1]9E[0x18]t[0x8e]1[0xd6]m[0xb7][0xa6]D[0x1f][0xed][\n]"
17:11:38.278 [main] DEBUG org.apache.http.wire -  << ">[0x1e][0x1d][0xea]<q[0x9f][0x9c][0x98]][0x94][0x98]T[0x9a][0x98][0x97]h[0x88][0xb5][0x95]`l[0xe]:[0xd9][0x83]8o#J[0x11][0xec][0xb5]wirF&[0xf2][0xf1][0xf5]X[0x9b]D[0xa6][0x86][0x6][0xa6][0xc4][0x9d][0xc2]e[0x82][0xb4][0xb9][0x96]`[0xc]C[0xd6][0xa0][0xe5][0x82][0xe][0xcf][0x7]ei[0xb4][[0x93],[0x88][0xbe][0xdb][0xe]|[0x1][0x1d]4XI[0x8e]\D[0x11][0x6]Z[0xc4][0x9]j[0xc0]`i[0xfc][[0x98][0x83][0xfc]ET[0x88][0x83][0xaa]:[0xa8][[0xf0]DqQfJyb[0x1e][0xe8][0xe2]u[0xc8][0xf9][0xb6][0xa5][0xa0][0x9]\[0x94]F[0x93]9[0xd1][0x97][0x5][0x9b][0x80][0xe][\n]"
17:11:38.278 [main] DEBUG org.apache.http.wire -  << "[0x85]ZIZ[0xf1][0x9d][0x98][0x9b][0x9]k$[0x16]`^rhhNt[0x99][0x6][0x9a]m[0x86][0xba][0x0][0x8f][0xa7][0xd3][0xa0]'[0x9e]B33J[0x11]nfFt[0xc7][0x2]4[0x1d][0x8][0xb5][0x8c]`[0x12][0x83][0xb6]J@K[0x10][0xb1]5L[0x88]>[0xc3][0xd7][0x4]i[0x9a][0x1c]{[0xdd][0x94][0x9c][0x99][0x9c]i[0x86]5[0xbb][0x1a][0x81][0x8f][0x0]!*[0xf1][0x10][0xdc][0x85][0x98][0xc][0x0][0x0][0x0][0xff][0xff]"
17:11:38.278 [main] DEBUG org.apache.http.wire -  << "[\r][\n]"
17:11:38.278 [main] DEBUG org.apache.http.wire -  << "112[\r][\n]"
17:11:38.278 [main] DEBUG org.apache.http.wire -  << "[0x82][0xcc][0xad][0x19][0xe3][0xba]g[0xcd][0x2][0xd4]%![0xc6]*S[0xa4][0x9]w[0xdc]M;Ho[0xd4][0xd0][0xc][0xfb]H[0x8a][0xa1])[0xb1][0x97]3[0x99]"MA[0x93][0x96]D[0xe1][0x83][0xbe][0x90][0x81][0x6][0xac][0xc5][0x93][0x89]9h[0x93][0xe]q[0xbe]F[0x8c][0x3][0x90]\R[0x80]6U[0xe5][0x95][0xe4][bmm[0x99][0x98][0x82][0xce]o [0xce][\r][0x88]2[0x19]Of[0xa9][0x84]N[0xc0][0xc3]3[0xb]J[0xe9]`h[0xe]Z[0xaa]C[0x94]u[0xa0]|[0x5][0xcd].x[0xac][0x83]v[0x89][0x93][0x13][0xcb]K[0xb3][0xb1]5[0xe3]L[0xcd][0x88][0x1d][0xb0]2[0x5]M[0xa2]C-[0xc4]^[0xe7][0xa4]f'Z[0xe0]H[0xc0]f[0x16][0xe6][0xc6][0xc4][0xd5]4[0xa6][0xc4][0xed][0xe1][0x4][0x8d][0x8][0x82][0x16][0xf5][0x81][0xb2]'[0xf6]Tln[0xe][0xea]J[0x13][0x17][0x94][0x88][0x98][0xc3][0x9d]g [0xeb]r[0xc][\r][0xe1][0x11][0x87][0xd4][0xb]4%z[0xb3][0xac])[0xd2][0xce]Q[0xe2][0xbb][0x1f][0xe0][0xe2]!1[0x7][0xf9][0xb8][0xc],[0xc5][0x9e][0x91]9([0xf3][0x13][0xe5]cPO[0x11][0x1a][0x97][0x4][0xcb]Z[0xd0]z[0xe7][0xcc][0xec]D[0xf8] [0x1a][0x16][0x9b][0xcd][0x89][0x9e][0xbf]4[0x5][0x8d][0xfe]Cm&9[0xa7][0xa6][0xa4][0x96]g[0x1a][0x1b][0x80][0x16]A[0xa3][0xb7][0x9d][0xcd][0xcc]@S[0xef]X[0xbc][0xe][0x0][0x0][0x0][0xff][0xff]"
17:11:38.279 [main] DEBUG org.apache.http.wire -  << "[\r][\n]"
17:11:38.279 [main] DEBUG org.apache.http.wire -  << "127[\r][\n]"
17:11:38.279 [main] DEBUG org.apache.http.wire -  << "[0xc2][0x18][0x4][0x0][0xc7][0x14][0xd4][0x1][0xa4][0x15]Y[0x19][0xa0][0xcd] [0xa5][0xa0]F[0x15][0xb6]E[0x8f][0xa6]F[0xa0][0x99].[0xa2]\[0x0]:[0x99][0x13][0xea][0x2][0xdc][0xc9][\r][0x16][0xdc][0xe0]+[0xe][\n]"
17:11:38.279 [main] DEBUG org.apache.http.wire -  << "J[0xf4][0xd0][0x9a][0xc8][0xa6][0x86][0xc4][0xce][0x18][0x9b][0x82][0xe]a[0x82]ZGr[0x88]g[0xa0]4e[0x90][0x97][0x9e][0x9b][0x98][0x83]fN[0x89][0xf2]/R7[0x14]{[0x1d][0x9b][0x91][0x98][[0x95][0x98]af[0x8c]-\[0x8d]L[0x88][0x1d]d2E[0xea]gb/[0xa0]*S[0x8b][0x8b]3!+[0xeb]J1o[0x12]5#z[0x1f][0x86])YgEe%[0xa6]'[0x16]%[0xa6]'".[0xf][0x83][0xcc][0xa7][0xa0][0xcc]+[0x9b][0x81][0xef][0x4]#.X[0x11][0x1d]N[0xec][0xc1][\n]"
17:11:38.279 [main] DEBUG org.apache.http.wire -  << "[0xba]`'9[0xd1][0x8]|o[0x17][0xda][0xe2]+[0xe2][0x7]$M)[0xe9]k[0x82]fk[0x8a]SAN(([0xc1][0xb8][0x8b][0xd8][0xdc][0x1c]43N[0x9c]W[0x11][0xd5];[0xc1][0xe2]*[0x17]v[0xaa][0x0]h[0xd2][0xf]m[0x98][0xc8][0xc4][0x94][0xd8][0xf9]]SP[0xdf][0x17][0x9a]kpg[0xd2][0xd4][0xec]D[0x13]c[0xd0][0xda][0x0][0x8c][0xf2][0xc8][0x94][0xd8][0x13]*[0xc0][0xed][0xb][0xa8]E[0xd8][0xa3]1[0x19][0xd4]b[0x0]o[0xca][0xc0][0xd2][0x83]14#v[0xae][0xc4][0x14]t[0x88][0x11][0xd4]"[0xdc]>[0x2]-X76[0x7]y[0x9]cF[0xd1][0xc4][0x12][0xd4][0xda][0x83][0xc6][0x17][0x0][0x0][0x0][0xff][0xff]"
17:11:38.279 [main] DEBUG org.apache.http.wire -  << "[\r][\n]"
17:11:38.279 [main] DEBUG org.apache.http.wire -  << "114[\r][\n]"
17:11:38.279 [main] DEBUG org.apache.http.wire -  << "R[0xb2]2[0xd0]Q[0xc2]5[0x1e]`[0x8a][0xb4][0x81][0x94]`|[0x81][0xd6][0xee][0x95]$"[0x1f]g[0x6][0xc9][0x16][0xe8]{[0x82][0xcd]M[0x88]N.[0xa0]N[0x1d][0xd4][0xa7][0xc4][0xd7][0xb1]I[0x89][0xe9][0x95][0xe0][0x94][\n]"
17:11:38.279 [main] DEBUG org.apache.http.wire -  << "[0x9e][0xaf]@K8[0x16][0xe6][0xc4]N|[0x99]"[0xed]\%[0xad]~[0x81][0xec]4-[0x82]\O[0x82][0xbd]Mcd[0x1]j[0x84][0x11][0x15][0x5][0xa0][0xf4][0x7][\r][0x3][0xec][0x85]!h[0xa3].[0xf8][0x88]K,[0xa9][0xca][0xcc][0x14][0xb4][0xdb][0x80]8{[0x10][0xa5][0x10][0xf1]a[\r]:[0xe5][0x5]6[0x98][0x8d][0xa5]9aFlh[0x9b][0x82][0xe7]|[0xa1][0xde]$[0x98][0xd2][0xaa]Js@[0x17][0xc5][0x82]f[0xc1][0xb0][0xd5]4[0xa6][0xc4][0x9e][0xd8]mJ[0xd2]v[0xf0][0xcc][0x94][0xc4][0xa4][0xd2][0xec][0xec]T[0xd0]P[0x8][0xda][0xd4][0xb9][0x9][0xf8]*X"[0x82][0xd9][0x14]y[0xc4][0x8f][0xa0]?s[0x12][0x8b][0x12][0x8b]M[0xb0][0x9e]Jnj[0x8]*[0xd7][0x88][0xb3][0x11]Q[0xe6][0x12][0x1f][0xb1][0x90]Q=h@cO[0xc3]f[0xc4]^~f[\n]"
17:11:38.279 [main] DEBUG org.apache.http.wire -  << ">[0xcf][0x1a][0x1a][0xb9][0xa4]e[0xa5][0xb2][0xc4][0xbc][0xd4][0xe2]Dc[0xd8][0xe1]TX&K[0xcc]-@[0xcd]"[0xe2][0x2][0x2]1wE|@[0x80][0xfa]'%[0xa5]%[0x99][0xa9])[0x98][0x7]u[[0x18][0xe2][0xee]s[0x1][0x0][0x0][0x0][0xff][0xff]"
17:11:38.279 [main] DEBUG org.apache.http.wire -  << "[\r][\n]"
17:11:38.279 [main] DEBUG org.apache.http.wire -  << "11B[\r][\n]"
17:11:38.279 [main] DEBUG org.apache.http.wire -  << "B[0x99][0xb1]25A*[0xb3]I[0xb][0x1][0xd8][0x11]U[0x99][0xd9][0x99]y[0xd0][0x1e][0xb]z[0xb][0x12]|[0x1f]:q![0x80]X Bz[0xb][0x12][0xdc][0xb6]KL)[0x82][0x9d][0xf3][0x97]\[0xa6][0x87]~"[0xa9]98C[0x11][0xe5][0x14][0xa4][0xa2][0x1d]O[0xaf][0xb7][0xc][0xb4][0x12][0x7][0xc7][0x98][0x9f][0x9][0xb1][0xf7]?[0x98][0x9a] [0x15][0xe5][0xc4][0xc7]|zb^zqbQ[0x6][0xe8]`[0xd4]D[0xf0][0xd5]h([0xcd]fK[0x90][0xa1][0xc4]y[0x95][0x9c][0x92][0xb5][0x4][0xdc]K[0xc1][0x91][0xf3],[0x89]\[0xa9]cj[0x82]t[0xc2][0x1d][0xc9]1[0x9e][0xc]][0x9a][0x94][0x9]j[0x80][0xa1][0xc][0x6][0x9a]X[0x12]y.[0x83][0xa9][0x9]%G[0x14]d[0x83][0xf6]6@7.A[0xda][0x12](70[0x19][0x1a][0x81]6[0xe0][0x12][0x17][0x5][0x88][0x81][0x1][0x82][0xa5].h[0x97]w[0x6][0xe8][0xea][0x98][0xc4][0x92]\[0xd8][0xfe];[0xb4]V[0x84][0xa1]![0xa8][0xdf]M[0x9c][0xcd][0x88],[0x87][0xbd]U[0x98]V[0x9a][0x95][0x99]X[0x92]Y[0x9]J[0xe5]X[0xaa]P#c[0xd0][0x98]#QV[0x81][0xe6][0xd8][0xa0][0xa5],v[0xab][0x92][0xcb]3S2![0x83][0xfa][0xa0](E[0xeb]J[0x98]Y[0x10][0xb9][0x80][0xc6][0x14][0xbc]k[0x8]j[0x13][0xf1][0xf9])[0x7][0xb4][0xc5]/5/[0xdd][0xd2][0x1c][0xdb][0xf8][0x95][0x9][0x91]-[0x15][0x0][0x0][0x0][0x0][0xff][0xff]"
17:11:38.279 [main] DEBUG org.apache.http.wire -  << "[\r][\n]"
17:11:38.279 [main] DEBUG org.apache.http.wire -  << "24F[\r][\n]"
17:11:38.280 [main] DEBUG org.apache.http.wire -  << "25%<[0xd4][0xb]:R$[0xd1][0x18]|[0xd4][0xe][0xca]bA##P[0xcf][0x92][0x98][0xb0]D[0xde]9[0x8f][0xbb][0x8d]][0x2]Z[0xef][0xf];V[0xf][0xeb][0xa9][0xa7]f[0xa6]D.[0xea]2E[0x1e][0xef][0xc5][0x1e]{)[0xa0][[0x80][0x8a][0x12]3[0xf2][0x12][0x11][0x87]Fa[0xb4][0xed][0xcd],@5[\r]Q^D[0x1a]w$[0xb9]h[0xc8]+M[0x7][0xad]d[0x83][0xb5]q[0xb1][0xa4][cb[0xf][0xe0]6E[0xde][0xe3][0x8d];[0xac][0xc1]g[0x86][0xa4][0xc0]VKb]blL[0xec]F$SS[0xd0][0xc4][0x9][0xc9][0x9]8[0xb1][0xa0]([0x11]|"[0xe][0x16][0xef]Z[0x18][0x11]9nej[\n]"
17:11:38.280 [main] DEBUG org.apache.http.wire -  << "[0x1a][0x6][0x81][0xda][0x8d][0xa7][0xe6]C[0xac]{[0x5]_1[0x85][0xe3]zc[0x13]K"[0xb7][0x8e][0x9a][0x82][0xd7]3B[0xad][0xc5][0xde][0x8f][0x80][0x1e][0xad][0x91][0x9a][0x8d]uY[0x9b][0xa1]%h[0xc0][0x8f][0xa8][0x84][0x5][0x1a]O[0x82][0xda][0x84][0xc7][0x83][0xe0][0x9]tP[0xf5][0x9e][0x8][0xba][0x85][0xa5]4[0x5]e[0xf8][0xdc][0xdc][0x94][0xc8][0xde][0xb0][0xa9])[0xd2][0x11]s[0xd8][0xf3]M[0x19]h~:[0x17]~n{A[0x8a][0x1e]J[0xa1]`fB[0xe4]iv[0x90][0xb1]a[0xa8][0xc7][0x8][0xd6]")[0xa0][0x8],I[0xcc]K[0xc7]^[0x85][[0x98][0x10][[0xac][0x83][0x8f] [0x85][0xda][0x8a]'8s[0x13]3R[0x8b][0xcb][0x13][0x8b][0x12][0xcb]2[0x93]K[0xf2][0x8b]2[0xc1][0xfb][0xe7][0xd0]w[0xc7]X[0x98][0x12][0xb9]K[0xde][0xd4][0x14][0xb4]'[0x1]j+[0xc9][0xa5]C:[0xa8][0xed]R[0x99]X[0x92]i[0x86][0xe3][0x16]CCbo[0x80]15[0x5][0x8d][0x8e]B[0xdd]A0[0xcc]3[0xf3]J[0x12][0xf3][0xcc]`[0x9d][0x5][0x8c][0xa1][0x1c]3[0xd0][0xea]C[0xa2]R0H![0xb1][0x96][0xe6]g[0x97]$[0x96]e&[0xe6]e[0x16]e[0xe6][0x81][J([0xb]m-[0xc]@-0[0xa2],[0x5][0xcd][0xc]B-[0xc5]][0xc]B[0xd6][0x8f]!N[0xfd][0xc4][0x9e][0xba]L[0xcd]@'[0xbf][0x10]g+b[0x9]5[0xf1]U9[0xa4]whn[0x8e][0xb5][0xf7]mbL[0xdc][0x8d]`[0xa6][0xa6][0xa0][0xbd]'P[0x1f][0x93][0xd6])[0x2][0xdd]^[0x5]^[0x8b]u[0xba][0xd1][0x9c][0xd8][0xcb]JLM[0x91][0xe]j$9[0x95][0x97][0xe6]&[0xc2]n[0xa1][0xc1][0xee][0xc][0xb]P-C\$P[0xb0][0xf8]%[0x1f]~[0x8e][0x17][0xe6]v4CK[0xd0][0x91][0xbd][0xc4]9[0x1][0xd1]9[0xc6]^=[0x80][0x16][0xf0]e[0x96]$[0xa6][0x83]Nn[0x4]_[0xaa][0x88][0xde][0xf9]#z[0x85][0x80][0xa9])[0xd2][0xfa]M[0xdc]I[0x1d][0x94][0xc8][0x8b][0x13]S[0xd3]Jsr[0x12]3[0xb0][0xa5]4[0x13]#P[0x96]![0xca]w[0xa0]U}[0xd0][0x94]F[0xb0][0x14][0x1][0xef][0x0][0xb1]4[0x4][0xb5][0x90]SSJ[0x11]+D-[0xcc][0x89]N[0xd8][0xa0][0xed]?P[0xeb][0x0][0x0][0x0][0x0][0xff][0xff]"
17:11:38.280 [main] DEBUG org.apache.http.wire -  << "[\r][\n]"
17:11:38.280 [main] DEBUG org.apache.http.wire -  << "169[\r][\n]"
17:11:38.280 [main] DEBUG org.apache.http.wire -  << "rI,*[0xc9][0xcf][0xcb]W[0xd2]QrI-N.[0xca],([0x81][0x1c].[0x8]>[0xdd]#1[0xbd][0xb4][0xb8]$3/[0x11]{.6[0xb2][0x0]-[0x1c][0xc1][0xe9][0xbf]j%O[0x17]%+C[0x13]#[0xd0][0xd1][0xb3]P[0xdb][0xd2][0x13]s3[0xf3]@[0xf3][0x99][0xa8][0x96][0xa5][0xe5][0x17])@[0xa4][0x14][\n]"
17:11:38.280 [main] DEBUG org.apache.http.wire -  << "J[0x8b][\n]"
17:11:38.280 [main] DEBUG org.apache.http.wire -  << "[0xf2][0x8b]S[0x8b][0x95]j[0x11][0xb]jMM[0x91]g[0xb2]*S[0x8a][0xf2][0xd3]S[0xf3]s[0xf2][0xd3]3[0x8b]K0[0xdc][\r];<)[0xa7][0xb4]([0xa3][0xb4][0x8][[0xb4]X[0x18][0xe1][0xbd][0xd3][0x9a][0xaa][0xce]F$Z[0xdf][0xd2][0xe2][0xd4][0xd2]\[0xfd][0xf4][0xc4][0x9c][0x9c][0xd4][0xa2]J[0x85][0xe4][0xd2][0xa2][0xc4][0x92][0xfc]"[0xc][0xe7]'[0x81]:!E[0x99][0xa0][[0x2][0xb0][0xb9][0xdd][0xd0][0x1c][0xef]x)U[0xdd][0x8e][0xd4]%--)-J-V([0x1]m[0xe0][0xc5]t3[0xa2][0x86][0xc9]/[0xce]M[0xcc][0x3][0x8d][0xe9][0x97][0xa7]&[0xa1][0xb4][0x97][0x8c]M[0xf1]NZR[0xd5][0xdd][0x88][0xe][0xad][0x7][0xfe][0xa4][0x92][0x93][0x99][0x3]j[0xaf][0xa7][0xc0][0x6][0x8c]0[0xef][0xb3]'[0xb0][0x86][0x8a][0x9a][0xce]F[0x9a][0xbb]L[0xcd]-[0xc8]/O-R[0xc8][0xcd],.[0xce][0xcc][0xcf][0xd3]M.[0xca],[0xc9]LN[0xcc]Q(N[0xce]H[0xcd]M,[0xc6]H4[0x90]U6[0xa0][0x9][0xeb][0x14]=[0xcc][0x1e][0x97]9[0xde]6[0x15]U[0xfd][0x80][0xa8][0xab][0x9d][0x12][0xb3]3[0xb1][0x16]+[0xa0]![0x93][0xbc]D[0xb]p[0xf1][0x85][0xd2][0xce]5[0xb6][0x4]m[0x80][0xa3]Ki[0x82]4[0xab][0xea][0xed][0xab]`jn[0xa6][0xe0][0x19][0x85][0x11][0xa8][0xb9][0xa0][0xc1][0xed][0xe2][0xd2][0x14][0xd0][0xe0][0x7][0xb6][0xac]hf[0x8c]wt[0x7][0x0][0x0][0x0][0xff][0xff]"
17:11:38.280 [main] DEBUG org.apache.http.wire -  << "[\r][\n]"
17:11:38.280 [main] DEBUG org.apache.http.wire -  << "37C[\r][\n]"
17:11:38.280 [main] DEBUG org.apache.http.wire -  << "[0xa2]j[0xb8]"[0x6][0xe8][0x9c]3[0x12][0x8b]2K*[0x15][0xd2]J[0xf3]R[0x8a][0x12]3[0x8b][0xb1]\[0xa7][0x9c][0x9e][0x98][0x97][0x92]i[0x84][0xf5]*[0x8][0xb]3[0xbc][0xad]z[0xaa][0xba][0x19][0xb1]r8[0xa4](13[0xf]t[0xf]tb^[0x8a]BJjYjN~Anj^[0x89]B~ZZf2[0x16][0x1f][0x80]nW[0x7][0xed]r[0x81][0xf7][0x19]@S[0x1a][0xe8]}[0x5][0x13]s[0xbc][0x8b][0xc7][0xa8][0xea][0x17]D[0xf3][0xc7]5/=3/5[0xb5]H[0x7]t[0x9b]uiZbrIi[0x11][0xb6][0x1a][0xad][0x8]q[0xbd][0x19][0xc6][0x92][\n]"
17:11:38.280 [main] DEBUG org.apache.http.wire -  << "sC[0xbc]mn[0xea][0xb9][0xdc][0x4][0xbc]t[0x1e]Z[0xf5][0x12]lW[0x80]o[0xb8]J[0xcc]I[0xcc](M[0x1][\r][0xe5]c[0xae][0xe7]45[0x7]][0xcb][0x8c]3[0x87]"[0xea]k[0x13][0xf0][0x11][0xce]P{[0xb1][0xb7][0xd6]Ja[0xc3][0xd6][0xd8][0xae]h[0xb1] r[0xda][0xc2][0xc4][0x14][0xe4] [0xa8]=$[0xb7][0x8f]A[0xf9]$[0xb5]<[0x11][0xb1]~[0x17][0xeb][0xb0][0x9f]!h[0xb5](q~FT[0xf6][0xd8];[0xfa]y[0xf0][0xeb][0xd2]JP[0x8f][0xc0]35[0x3][0xcd]6[0x10]g[0x9][0xa2]v#[0x18][0xa1][0x19][0x89]E[0xc5][0x89]y[0x89]F8V_[0x1a][0x99][0x11][0xbb]-[0xe]<[0xd8][0x1][\r]f[0xd2]:B[0xe0][0x8b]K@[0xe7][0xc5][0xa5]$V[0x82]7[0xd5]`?[0xee][0xd1][0x88][0xe8]c[0xb8][0x91][0x87][0x89][0x88][0xef][0xf][0x96]g[0x16][0xa5]$[0x9a][0x1b][0x82][0x16]t[0xa1][\r]*[0x1b][0x1b][0xe0]m[0xc3]"[0xa7]i[0xd0][0x1d]k[0xd0]@[0xc0][0x1e][0xbf][0xa0][0xa5][0xa6][0x99][0x6]X[0xf7][0xfb][[0x80]G[0xf4][0x88][0x8a]a[0xd0][0xc6]:[0xa8]5[0xc4]{[0x10]rc/b/$[0x96][0xa9]v[0x12][0x16]`"[\r][0x90][0x91][0x9c][0xab][0xc0][0xe3][0xa0]y%[0x99][0xe0][0x83][0x83]@}[0x14][0x94][0x3][0xb3]M[0x8d]A[0xab]|[0x88][0xb][0x7]Dv"[0x98][0xd2][0xb3][0xe0][0x17][0xa0]C[0xa6]a[0xd0]"[0xd9][0xc2][0x94][0xd8]#&MAK?[0xa0][0xa1][0x8f][0xbd][0xe0][0x2][0x8d][0xb1][0x96][0x82][0x1b][0xe9][0xa0]J[\r][0xe4]A[0xb4][0xb9][0x17][0xb]c[0x90][0x19][0xc4]y[0x11][0x91][0x99][0xb1][0xa7]([0xd0]z[0xf7]DK[0xf0][\r][0x92][0xe8]-j#sb[0xaf][0x8b][0x1]7[0xbd][0xa1]~[0xc2][0xdd][0x9b]-(-)[0xb5]4[0x7]U[0xb4][0x18]-H[0xa2]g[0xd3]LLA=+[0xa8]U[0xd8]}[0x94][\n]"
17:11:38.280 [main] DEBUG org.apache.http.wire -  << "[0xed][0xa6]c+kMMA=E[0xa2]B[0xe][0xd4][0xd3][0x85][0xda][0x83]=[0x9a][0xca][0x13]sJ+[0xf3][0x8b]K[0x8b][0x13]q[0x9e]kbhI[0xec]>~S[0xa4]S0H+[0xff][0xc0]7[0x91][0x81][0xae][0x92](I[0xcc][0x81][0xc]ybY"`f@[0xe4][0xd0][0xb5][0x9]xx[0x14][0xea]o[0x82][0x99][0x2][0xb4]";[0xbf]8[0xb1][0xb4]213/1[0x3][[0x80][0x1b][0x1a][0x10]9@a[0x82]<[0xc8]Kr[0x91][0x90]_P[0x9a][0x97]na[0x89]}[0x10][0xc1][0x14][0xbc][0xe][0x9b][0xb8]HG[0xf4]HI[0x8b][0x5][0xf0][0xf5]8%[0xf9][0x90][0x19]7[0x94][0x89]b[0xb][0x13][0xd0][0x1d][0x12][0xc4][0xd9][0x8e][0xc8][0xac][0xd8][0x93][0x1c]h'L~^>|[0xfa]+[0xb9]L[0xf][0xad][0x1c]21#zU[0x15]h[0xaa][0x13][0x1a][0xd1][0xc4][0xd7][0x2])[0xa9]e[0xa0][0xc5]Vy[0xa0][[0x11][0xb0][0xe][0xf9][0x19][0x19][0x13][0x9d][0xe4]AY[0x11][0xea][0x0][0xec]9[0xb9](13#1[0xcf][0x4][0xc7]-[0xd3][0xa6][0xc4]N,BVJBm"[0xde][0xab][0xa0]e/[0xa0]S[0xc4]@k][0xb]@G[0xfa]$[0x97][0xa1][0x9e]`iD[0xf4][0xe9][0x99][0xc8]S[0x9][0xa4][0xa6][0xab][0xbc][0x94][0xd4][0xf2]D3cP5[0x80][0xde]?14&z[0x15][0xa3][0x9][0xa2][0xaf][0x84][0xbb][0x80].[0xcf]K,)[0xce],[0x2][0x8d][0xae][0xa0]-[0xb0]1[0x2][0xd7]ZD%b[0xd0][0xb2][0x8]hX[0x93][0xe6][0xd5]r[0xc8]9?[0xd0][0x15]>([0x1d]w#s[0xd0][0x14][0x17]q[0xd6]#u[0xa4][0x14],[0xcc][0xc][\r][0x15][0xc2][0xdc][0xc2]1z[0xde][0x19][0xa9][0xc5][0xa0][0xf5][0x82][0xa0][0x93][0xa9]@[0x85]7[0x96][0xb6][0x8c][0x5][0xf1][0x1b]vL[0x10][0xcd][0x8][0xec][0xd9]6[0x13]qTRA[0x89][0x1e]F5k[0x0][0x1a], [0xce]s[0x88][0xe2][0x9][0xc9]&[0x0][0x0][0x0][0x0][0xff][0xff]"
17:11:38.280 [main] DEBUG org.apache.http.wire -  << "[\r][\n]"
17:11:38.280 [main] DEBUG org.apache.http.wire -  << "8EF[\r][\n]"
17:11:38.280 [main] DEBUG org.apache.http.wire -  << "B[0x1a]R[0xcd]N[0xcd]K,[0xca][0x84][0x1d][0xcd][0x81]5[0x83][0x1a][0x9b][0x12][0xb9]r[0xc6][0xc4][0x94][0x94]9[0xa0][0xec][0xd2][0xe2]r[0xd0]Y[0xa0]E[0x99][0x90][0xe3]8K[0xb0][0xde][0x9a]bl[0x6][0x1a][0x17]&[0xca][0xaf][0xa0]z[0x3][0x9a][0x8e][0x88][0xcf][0xb3]9[0x89]9[0x99]%[0x89][0x16]X[0xb7]?[0x19]Z[0x10][0xbb]%[0xd5][0x14][0xb4][0xdb][0x6]j7[0x9e][0xf9]F[0xc8]a[0x87][0xd0][0xa3][0xcf][0xb1]L[0x88][0x1b][0x81][0x17]^[0x13][0xe7]Y[0xc4][0x96]o<[0x16]&[0x81]&Ts[0x93]2[0xf3][0xd2][0xb1]U[0xb5]f[0xc6][0xa0][0x89]B[0xe2][0xac]C[0x8c][0xf6]`/yA[0xd7][0xe8][0x1a][0x81]O[0x8a]C[0xdb][0xf1]jdNt[0xeb][0x1a][0xd4] [0x86][0x6]"[0xc1][0x86]D9[0xa8][0x19][\n]"
17:11:38.280 [main] DEBUG org.apache.http.wire -  << ":M[0x6]k[0x92]5$[0xfa][0xd2]ZSP[0x14]C-[0xc5][0xee][0xb3][0xf2]\P*[0xc5]ul[0x99][0x85][0x11][0xd1][0xd5]'h?[0x1f][0xd4]&[0xe2][0xd3]g2h=[0xab][0xa1]%[0xa8][0x84]E[0x99]X17[0x0][0xad]q&.[0xee][0x10][0xa5][\r][0x9e][0xa4][0x82]X[0xc1]U[0x94]Y[0xc]jr[0xa3][0xb4]IL[0xc0]+[0xbb][0x89][0xb3][0xe]Q[0xe4][0x10][0xef]M[0xd0][0x8]bebF1[0xa8][0xfa][0x84][0x96][0xe7][0xe8]K[0xe0][0x8d][0x88]>C[0xc]y[0xaa][0x8c][0xb4][0x1a][0x5]t[0x17]3hJ[0x1a]z[0xe] [0xb6]!V[0x13][0xf0][0xad]ID[0x85][0x4][0xd2][0x4][0x1a]i[0xce]HO[0xcc]K-[0x0][0x95][0x8f][0xf9][0x95][0xf9][0xd8][[0xa8]f[0xa6][0xc4][0x9e][0xe7]c[\n]"
17:11:38.280 [main] DEBUG org.apache.http.wire -  << "*?[0xa1][0xc9][0xe]{[0x15][0x0]][0x90][0x4][0xa9][0x9][0xb0]y[0xd9][0xc2][0x10]tQ[0x14]q^F[0x14]K[0xd8]s[0x13][0xb4][0xf7][0x3][0xb5][0xac][0x0][0xcb][0xdc][0x80][0xb1]9[0xe8][0x8]8[0xe2]lC[0x94]J[0xd8][0xbd][0x86]8[0xee]!1%[0x15]{H[0x9a]Z[0x80][0x6]7[0x88][0xb3][0xe][0xd1]$"X>[0x81][0x9a][0xbd]&[0x16][0xa0][0xc1][0x1d][0xf4]tlb[0x4][0xea]([0x12]g!b[0x15]:[0xee]6X&h/AnAi[0xe][0xc8]2[0x94][0xed]T[0xa6][0xe6][0xa0][0xa6][0x15]q6[0x11]UF@[0x16]R[0xe0][0xec]5[0x81]/[0x6]%[0xce]:D[0x19][0x81]=[0x99]$[0xc3]&9 c'(KX[0x8d]M[0x89]=[0xb8][0xc1][0x14][0x94]n[0xa1]i[0x1f]w[0x0]V[0xe4][0xa6][0xe6]$[0xe6][0x81]/[0xd6]B-[0xf3][0xcc][0x88]n[0xf7][0x80][0xc6][0xce][0xa1][0xf6]`[0xf7][0xf]xUn[0x1e][0xbc][0x8c][0xc5]V[0x1b][0x9b][0x1b][0x12][0xdd][0xaa][0x3][\r][0xf]B[0xad]#[0x98][0x10][0xb3][0x12][0x8b][0xcb][0x13]S@[0xbb][0xf8]!A[0x89][0xd6][0xfd]32[0xc0];c[0x81]<[0xd6][0x88][0xb4]*[0x99][0xf8][0x82]=[0x11]v[0xc5]06/[0x9b][0x10]}V7[0xf8][0xe8]b[0xbd][0xc]9[0x1e][0xb7]<[0x13][0xd6]X[0xc7][0xda]D0'[0xfa][0xbc]QS[0xd0][0xae]t[0xa8][0xdd][0xb8]S[0x11][0xe4][0xda][0xd9]DCp[0x9e]GI[0xaf]&[0xc6]D[0xae][0xcb]31E[0xba].[0x2]{[0x81]VY[0x9c]XPZR[0x4][0xbe][0x81][0x9][0xbd]sga[0x89]wR[0x15]9*A[0xfb][0xb9][0xa0]>[0xc2][0x9e]^[0xe1][0xa7][0xf4][0x97][0x83][0xc6][0xeb][0xb1][0xc5][0x9d][0x91][0x5][0xd1]g[0x3] [0xad][0xb1][0xc6][0xee][0xab]d[0xd0]"4P1VTZ[0x8c][0xcd].[0x13]S[0xd0][0xe8]/Q%[0xb]h[0xfa][0x0][0xea]3[0xd2][0xea][0xdc]T[0xe8][0xd9][0xca][0xa0][0x96][0x16][0xca]j4c[0xa2][0xaf][0xb0][0x5][0xf]/@-'[0x98]/[0xcb][0x13][0xb3]Ak,[\r][0xcd][0xa1][0xcd][0x1d][0x8c][0x95]wD_ek[\n]"
17:11:38.280 [main] DEBUG org.apache.http.wire -  << "[0x9a][\r]"[0xd6][0xda][0xfc][0xa4][0xd2][0x14][0xf0]&;[0xd8][0xd9][0xa9]h[0xcd]uS[0xe2][0xc7][0xfd]@[0xab]h[0x89][0xb5][0x16]~[0xaa]&[0xe8][0x8][0x1][0xac][0xab][0xbe][0x8d][0x8d][0x89]n[0xd0]"[0x1d][[0x82][0xa7]A[0x9b][0x5]Zl]Y[0x8a][0xad]Ac[0x8]^[0xc3]F\zB[0xd4]T$[0x8f]1[0x96]d$[0xe6][0x16]e[0xe6][0xe5][0xa4][0xe6]&[0x81][0xf6][0xc2]`[0x9c][0x86]cbB[0xe4][0x8e][0x8][0x13]S[0xd0][0x14]94[0xac][0xb1]g[0xd8]Th%[0x86]ek[0xb7][0xb9]9h[0xdc][0x8c][0x18][0xdf][0x82]W@B[0xad]![0xbe][0x88][0x7][\r]g[0xe7][0x17][0xe7][0xa7][0xe6][0x16][0xe4][0x94]fc[0xb]n[0xb]cPK[0x98]8[0x7] Vk[0x90][0x98]}[0xcb][0x13]3*[0xc1][0x93][0xc4][0x98]+[0xfa]L[0xc]@G[0xf9][0x10]g?[0xa2][0xfd]J|[0x0][0x14][0x81][0x97][0x18][0x19][b[0xf3][0xbb])[0xd1][0xfd]C3[0xd0]E[0x93][0xd0][0xc0][0xc7][0x93][0xac][0xa1][\r][0xa3][0xc4]LP_[0x5][0xd4]OC[0xd9]`e[\n]"
17:11:38.280 [main] DEBUG org.apache.http.wire -  << "[0xca][0x1b][0xc4][0xf9][0x14][0xd1][0x98][0xc5]][0xa9][0xc1],+[0xce]-[0xcd][0xc3][0xba]}[0xc0][0xd4][0x90][0xd8][0xb1]j3P[0xa3][\r][0xea]=[0xec]I8#1/[0xd1][0xc2][0x4]k[0xf9]oL[0xe4][0xd2]\[0x13]3[0xd0][0xfa][0x17][0xa8]-$[0xe7][0xd7]\[0xd0][0xc2][0xc2]l[0xd0][0xd0])[0xa4][0xa9][0x84]eZ[0xc4][0xd8][0x98][0xc8]-[0xa4]&f[0x6][0x88]&5[0x89]I[0x19][0xb1][0xc4][0x4][0xcb][0x18][0x91][0xa1][0x9][0xa8]9B\[0x14]#[0xca].[0xec][0xf5].l[0xc0][0xda][0xd4][0x1c]4X[0x8c]6ghl[0x1][0x1a][0xcd]#[0xce]"[0xc4]4[0x4][0xf6][0xa8][0xcd]M[0xcc]H+M1[0xc1]z[0xfa][0xae]!x[0xbb][0x1b]Q[0xf6] [0xed][0xbe][0xc1][0xee][0xa1][0xdc][0x94][0xfc][0xbc]t[0xd0]64h[0xa5][0x8a]2&llJl[0xc7][0x12]|[0x81][0x2]4[0x15][0x91][0x16]w[0x99]I[0xa5]y[0x19][0xa0]3[0x95][0xb0][0x1f][0xe8]oF[0xec][0x6]H[0xc8][0xac][0xc][0xd4][0x9][0xd8][0xfd]Z[0x99][0x9f][0x3][0x1a][0x98][0x2][0xe5][0x1a][0xac]y[0xc6][0xc][0xd4][0xc8]#.X[0x11][0xdd]h[0xec][0xd1][0x7]=[0xc9][0x2][0xb4][0xad]6=1[0x7]t[0x9b][0x1f][0xe8]L[0x96][0xcc][0x1c][0x94][0xe5][0x94][0x16][0xe6][0xa0][0xc3][0x8b][0x88][0xb3][0x10]Q[0xf6]`[0xf7][[0x1][0xe2][0xc6]gP[0xca]D_5ml`fA[0xdc][0x81]Jf 7A[0x83][0x11][0xbb][0xdf]@3d[0xa0]U x[0x87][0xc0][0xcd][0x8c]A[0x1b][0x90][0x88][0xf3][0x1b]b:[0x1]w[0xb9]Z[0x94][0x98][0x92]YR[0x99]h[0xc][0xce]w[0xe8][0xc3][0xfb][0xa6][0x6][0xc4][0x9e]dd[0x86]t[0xe7][0xc]i[0xe9][0xb4][0xa2]<[0xb1][0x18]4z[0x8a][0xa5][0x80]15 [0xf6][0xec]|3[0xd0]Z}h[0xe0]b[0x8f][0xc7][0xc2][0xd2][0xd4][0xd4]<s[0xac][0xf7][0x99][0x1a][0x9b][0x13];pj[0x6][\n]"
17:11:38.280 [main] DEBUG org.apache.http.wire -  << "{[0xa8]5[0x4][0x9b][0xd5]I[0x89]9[0x99]Y[0x89]y[0xd0][0x8a][0xb][[0xc6]06&v[0xfc][0x5]|[0xba][0x8][0xd4]b[0xe2][[0x3][0xf9][0xf0][0xeb][0xb][0xb1][0xf]8[0x99][0x10]}d3[0xf8]t2[0xa8][0xfd][0xd8][0x13]/(G[0x16][0xe7]g[0x96]d[0x82]6[0x98][0x83]w/[0xa1][0x1d][0xb2]`f[0x9][0x1a][0xfe]#*[0xe1]"-%"[0x18][0xca][0xa9]9[0xf9]y[0xa6][0xe0][0xa3]u[0xb0][0xd4][0x91]&[0xe6][0xa0][0x13]P[0x88][0xb3][0x13]Q[0x10][0x10][0xb4][0xb3][0x14][0xd4]s[0x1]-[0xe5][0xc6][0xb2][0x87][0x9e][0xf8]K[0xa2][0xcc]@Mnh[0x98][0xe2][0xce][0x9f][0x5])[0xa0][0xf3];3[0xb3]A[0x85][0xf][0xda][0x80][0x89][0xb1][0x5][0x91]{[0xd8]M[0xcc]@[0x9d]V[0xa8]U[0xd8][0xa3][0xf]r[0xb3]Dqj[0x1][0xf6][0xda][0xc2][0x94][0xd8][0x13]2L[0xc0][0x17]pB[0xad][0xc2][0x9e][0x13][0xe1][0x93][0x18][0xa9][0xb9]I[0xa5]X[0x17]^[0x98]Y[0x10];[0x1b]d[0x6]ZL[0x4][0xb5][0x8d]`[0xb4][0x81]:[0xb9][0xc5][0xa5]E[0xa0][0x96]*[0xca][0xe8][0x1a][0xf1][0xf7][0xc7][0x9b][0x81][0x86][0xba][0xa1][0xd6]a[0xf7]\[0x1e]lT[0x4]Kqfl@[0xe4]VE[0x13]3[0xd0]v[0x0][0xa8]=[0xd8][0xe3][0xb]zE[0x4]h[0x7][\n]"
17:11:38.280 [main] DEBUG org.apache.http.wire -  << "h[0xb0][0x15]e[0x15][0x99][0x91]!h[0xfa][0x8a][0xa8]T[0x8f][0xb4] [0x9]w[0x12][0xcc][0x81][0x15]a[0xa0][0xcb]]3s[0x10][j[0x8c][0x8c]A[0x1d][0x5][0xe2],B[0xf4]fH[0xab][0x1e][0xc0]M[0x98]l[0xd0][0xde]][0xf0][0x89]oX[0x7][0xd0],[0x88]>[0xcb][0xd5][0xc]i[0xa9][0x12]n[0xf]C[0x97][0xbe][0x9a][0x1a]a[0xeb]F[0x99][0x19][0x11];[0x94]m[0x6][0x1a][0x4][0x83][0xc6]"[0xc1][0xc4][0x99]S[0x9a]S[\n]"
17:11:38.280 [main] DEBUG org.apache.http.wire -  << "*Cs3[0xb1]YjA[0xf4][0x9d][0xcc][0xe0]k}[0xa0][0x96]bO[0xa2][0xe0][0xab]l[0xcd][0xb1][0x1e][0xa5]jjFt[0xf7][0x18]T3C[0xad]![0xbe]B[0xca],[0xca]M[0x4][0xef]@[0xca][0x83][0x8d][0xf9][0xa0]$\[0xb][0x3][0xd0]R[0xf][0xe2][0xd2][0x13][0xa2]KC0h[0xf3][0x8b][0xb3][0x13][0x8b] +[0xde][0xa0][0x8d]q[0x94][0xec]od[0x9]:[0x8a][0x9e]8[[0x11][0xdd][0x18][0x92][0xbb]t[0xe0][0xc1]R[0xf0][0xdc]-[0xd6]4lfA[0xec][0x91]hf[0xa0]arh[0xd0][0x13][0xf4]{[0x1e]h[0x8b]6[0xe8]l[0x8a][0x2][0xac]C]D[0x1f][0xc2]bb[0x86][0xb4][0xe4][\n]"
17:11:38.280 [main] DEBUG org.apache.http.wire -  << "w[0xce][0x1][0xcd][0xbd][0x83][0x87]?[0xf2]2[0xa1]A[0x8d]>[0x98]hj[0x4][0x9a]2 *[0xb4]AcEP[0x92][0x1c][0xda][0xa0][0x8e]+h[0xb][0x8][0xbe][0x5][0x1d]&[0xc4][0xf7]K@q[0x3]u[\n]"
17:11:38.280 [main] DEBUG org.apache.http.wire -  << "[0xc1] [0x87].[0xdd][0x7][0x7][0x3][0xf6]v[0x97][0x91][0x9][0xd1][0xe5]&%[0xfb][0xb8][0x93][0x13][0xcb]3[0x8b][0x13]S2-[0xc0][0xeb]VQ&[0x2][0xcc][0xcc]Ac[0x2][0xc4][0xc5][0x2][0xa2]aDZ[0xc9][\r][0xb9]k1;[0xb1]2[0x7]|o5[0xda][0xaa],3sb[0xd7][0x99][0x81][0xca][b[0x3][0x1f]t[0xd6]bebiqb[\n]"
17:11:38.280 [main] DEBUG org.apache.http.wire -  << "[0x8e][0xb3]_L[0x8d][0x88][0xdc]Skb[0x6]ZA[0xc][0xb5][0x97][0xe4][0xf4][0x97][0x82][0xd8][0xe0][0x92][0x82]q[0xce][0x92][0xb1][0x19][0xd1][0xed][0x1b][0xa4][0xf5]Y[0xc4][0x17][0xb3]e[0xa9]E[0xf9][0xc5][0x99][0xb9]I[0xf9]9[0xf9][0xe0][0xed][0x86][0x18][0x9d]V3[0xa2][0xcb]Y[0x90]C[0xa1]a@[0xbc][0xfd][0xa0]3J[0x12][0xc1][0x3]uXV[0xa7][0x19][[0x10];[0xbc][0xe][0xde][0xf1][0xf][0xb5][0x1d][0xcf]8$[0xf4][0x16][0xcc][0xbc][0xc4][0xa2][0xac]L[0xec][0x19][0xce][0xdc][0x18]t[0xef]4Q[0xc9][0x1d]i[0xe9][0x16][0x1e]+s[0x13][0x8b]R22+A[0x97]Z[0xa5]dfc[0xbd][0xb6][0xc0][0xd0][0x0]4[0xe5]K[0x9c][0x9d][0x88][0xa1]f[0xec][0xad]=[0xd0][0xf5]c[0xf9]y[0xf9][0x86][0xb0][0xeb]w[0xd0]#[0xd4][0xc4][0x8c][0xc8]sjL[0xcc][0x90]6[0xed][0x13].[0xc9]Js[0x13]3[0x8b]@[0xb9])[0x17]4kP[0xa2][0x87][0xa5][0x8b]ehB[0xf4][0x88]6[0xd2]n}[0xec]-[0x93]d[0xc4]D)[0xfa][0x8d][0xeb][0xc6][0xe0]y[0x7][0xe2]B[0x13]Q`[0xe1][0x89][0xc1][0x8a][0xc4][0xbc][0xc4][0xbc][0xc4][0x82][0xd2][0x94],[0xd8][0x91]J[0x90][0x91]V[0x94]e[0xb][0xc6][0xc6][0xa6][0xe6]D[0x8e][0xee] -[0xde][0xc2]]=[0xe6]%[0x16][0x17][0x81][0xf7][0xc3][0xc3][0xaa]'[0xec][0xc9][0xd5][0x82][0xf8][0xfe][0xf][0xd2]J.[0xec]I'[0x13]\[0xf]A[0x8e][0xb6]@il[0x99][0x1a][0x82]&C[0x89][0xb]QDc[0xb][0xb7][0xdf][0xf2]A[0xad]W[0xd0][0x8][0x0][0xb6][0xf6][0xab]9[0xd1]K[[0xcc]@;[0xb8][0x9][0xe7][0xf9]$p[0xbf][0x0]t[0xad]Y[\n]"
17:11:38.280 [main] DEBUG org.apache.http.wire -  << "[0xfa][0x91][0xcc]&FD[0xd7],H[0x7][0x19][0x10]_[0xba]A[0xaf] [0xaa][0xcc]OOt[0xc8][0x0][0x0][0x0][0x0][0xff][0xff]"
17:11:38.280 [main] DEBUG org.apache.http.wire -  << "[\r][\n]"
17:11:38.281 [main] DEBUG org.apache.http.wire -  << "22E[\r][\n]"
17:11:38.281 [main] DEBUG org.apache.http.wire -  << "[0xca]/[0xc9]M[0xcc][0xcc]A[0xdd][0xaf]fd[0x1][0xea]V[0x11][0x15][0xb2][0xa0][0xe6]6a[0xcf]&B[0xd7]6c[0xb5][0xcd][0xd8][0x88][0xe8][0xb2][\r]4[0x0][0x3][0xb5][\r]w<[0x82]oG)O[0xcc][0x1][\r][0x9]b[0xb5][0xd0][0x8c][0xe8][0xc9]}3[0xd0][0x8c][0xc][0xd4]B<Y[0x11]~[0xb6]5[0xee][0xb3][0x14][0xcc]-@K>[0x88][0xb]R[0xc4][0x10]2[0x1e];A[0xeb]_,[0x10]g[0xc8][0xa3][0xc][0x1f][0x1b][0x19][0x10]=[0xaf][0x81]t[0x81][0x17][0xe1][0xd2][0x14]R-[0x82][0x6]r[0x92]2[0xab]Pl46[0x5]]kB[0x94][0xf7]@[0x3]Z[0xd0] [0xc5]^[0x88][0x82][0x86][0x4]L[0xc][0xb0][0xa7]L[0x13][0x13][0xa2]S&hh[0x9]j[0xf][0xee][0xb4]R[0x0][0xbe]<[0xc8][0xdc][0x8]4[0xa4][0x82]RpZ[0x18][0x81][0xae]""[0xca]C[0xa0][0xea][0x3]j[0x11][0xc9][0xad][0xac][0xfc][0xe2][0xd2][0xf2][0xc4]"xg[0x12]=X[\r][0xcd][0x89]w[0x5]b[0xde][0x88][0x94][0x92][0xa0][0xa8] [0xb1]4/[0x1d][0xd2][0xc6][0xc5]2[0xe2]cd[0x2]*[0x9f][0x89][\n]"
17:11:38.281 [main] DEBUG org.apache.http.wire -  << "[0x6]Pa[0xc][\r][0x6][0xd2][0x9a][0xd9]Y[0x89][0xa0]S%2-[0xc]@[0x91][0x80]R[0xc2][0x1b][0x9b][0x81]*%[0xe2]lGd[0x1a][0xe2][0xbd]_[0xc][0x1b][0x6][0x85][0xd4][0x9c][0xe8][0xab][0xb][0xcd][0x88][0xbe] [\r][0xdc]z[0x81]z[0x9e]`6[0x82][0xac][0xa5][0xc8][0xcc][0x6][0xdd]U[0x6][0x1a][0xfa][0xc2][0xd6]&[0xb1]$:[0x99]#-X!9[0xf5][0x81]Ze[0xa0][0xdb][0x8][0xb1][0xae][0xd8]77[0x7]-[0x94] .[0xf0][0x11][0xf3]4[0x4]}[0x9f][0x9d][0x98][0x9b][0x99][0x92][0x99][0x97][0x95][0x98]W[0x9a][0x88][0xf5][0xf8][0x16][0x13][0xb][0xa2][0x7][0xff]@[0x1d]!h[0xa8]co;[0x80][0xce][0xc9][0xcf]K[0x7]7 @{[0xde]1o[0x9e]41[0x7]-7$[0xce][0x93][0x88][0xc][0x86][0xbb]<[0xc9][0x2][0x97]'[0x89]y[0xe0]Sjq[0xb4][0xe5][0x8d][0x8d]A[0xc3]j[0xc4][0xd8]i[0xe][0xea]eC=HZ[0x9e][0x82][0xac][0x9][0x86]][0xfd][0x0][0x1d][0xc9][0xc0][0x92][0xd0][0x8c][0xc0][0x87][0xf7][0x10][0xe7][0x16][0xc4][0x2]Z[0x92][0x13]Zf1[0xa8][0x91][0x1][0x9f]P[0xc6]Z+[0x1b][0x12]}k[0x82]9[0xd2][0xc2][0x4][0x82][0xe9][0xad],3[0xbb]$[0xbf][0x8]:[0xda][0xc][\r][0x8][0x94][0xd5][0xff][0x86][0xa6][0xc4][0xf6]%[0xc1]C[0xe][0xd0][0xe8] 9[0x8][0xd2][0x13]SJ3[0xcc][0xc1][0xf7][0xf5][0xa1][0x94]q[0x86][0xc6][0xc4][0x1e][0x86][0x0][0xbe][0xcb][0xe]j=i[0xa9]!/[0xb1][0xb8]231[0x3][0xb4]1[0x0][0xdb],[0x9e][0x85][0x5](#[0x11][0x97][0x8][0x88][0xc9][0x4]9[0xa0][0x86]tA*[0xd6]c[0x1c][0xcd],@[0xab][\n]"
17:11:38.281 [main] DEBUG org.apache.http.wire -  << "[0x89][0xb2][0xb]i[0x85][0x2]R,[0x3][0x0][0x0][0x0][0xff][0xff]"
17:11:38.281 [main] DEBUG org.apache.http.wire -  << "[\r][\n]"
17:11:38.285 [main] DEBUG org.apache.http.wire -  << "22B[\r][\n]"
17:11:38.285 [main] DEBUG org.apache.http.wire -  << "[0xc2]~DQninAi^[0xa6][0x81][0x5][0xf6]f[0x83][0x99]![0x91][0x7][0xaf][0x9a][0x98][0x83][0xae][0xff][0x84][0x6]2[0xf1][0x15]IAbiNf[0x1e][0xee]y`[0xb][0xa2]/[0xb8][0x5][0xcf][0xe4]B[0xed]'[0xe8][0xeb]2x[0xc9][0x86]e[0x94][0xc2][0xd4][0x82][0xd8]m{[0xe6][0xa0][0xa3]C[0xa1]v[0x12][0xef]g[0xd0]h^:|[0x94][0x6]K[0xe3][0xc1][0x94][0xe8][0x99]~sCD[0x97][0x97][0xb4][0xa4][\r]^Sk[\n]"
17:11:38.285 [main] DEBUG org.apache.http.wire -  << "[0x1b]V@[0xc9][0xd8][0xe6]f[0xa0]3[0x97][0x88]Kj[0x88][0xb2][\r]w[0xd9][0xe][0x99][0x18][0x6][0xdd]8[0x0]Z[0xe1][0x8e][0xb5][0xc]#~_[0x8d]9[0xd2][0xdc])[0xf6]fpni[0x11]hY[0x1][0xae]#,[0xcd][0xcc]A[0xf9][0x83]([0xdf]!M1[0x12][0x1f][0xbd])[0xe5][0x99][0x6][0xe0][0x16][0x19][0xca][0xb0][0xab][0x11]x[0xce][0x97]8[[0x11]E[0x5]iQ[\n]"
17:11:38.285 [main] DEBUG org.apache.http.wire -  << "j[0x95][0xa4]d[0xe6][0x19][0x98]a[0xeb][0x87][[0x98][0x13];[0x5]i[0x8e]4[0x10]F[0xbc][0xb7]Ss3s,a'x[0xa2]$'CK[0xd0][0xaa];[0xa2][0xbc][0x8e]4DE[0xbc][0xcd][0xe0][0x3]5[0xe0][\r]R[0x8c]C[0x85][0x8c][0xcc]A#[0xa9]DY[0xf]:l[0x6][0x9a][0x9d]I[0xae][0xa6][0xc0]s[0xdb]9[0x89][0xc9][0x89][0x5][0xb0][0xe1]g[0xf4][0xa1]:Sp=D[0x9c]C[0x8][\r][0xb][0x96]$[0x16][0xa7]dfC[0xa6][0xee][0xb1][0xd5][0xcd][0xc6][0xc4][0xde][0xdf]ab[0xe][0x1a][0xab][0x84]z[0x1a]w[0x16].-O[0x4][0x9d][0xb9][0x96][0x9b][0x9f][0x87]-m[0x99][0x1b][0x12][0xbb][0x8c][0xc6][0x1c]4ZI[0xd0]6P[0xd9][0x94]Y[0x92]h[0x9][0xde]>[0x8e]R[0xe9][0x9b][0x83][0xb]<[0xa2][0xc2][0x90][0x92][0xf6]=[0xe8][0xc0][0x9a][0xc4][0x92][0xf2]L[0xf0][0xa1][0xd1][0x5]%z([0xe9][0xd9][0xc8][0x4][0xb4][0x9e][0x8b]87 [0xda][0xf7]xF$[0xf2][0xc1][0x87]a[0x94][0xe0]h[0xf5][0x1a][0x9a][0x82]:[0x88][0xc4]Y[0x87][0x18][0xad]#9[0xfd]B[0x97]a[0xe6][0xa7][0xa5]&[0xe1]r[0x88]%[0xa8][0xc3]N[0x9c]C[0x10][0xb3][0xa5][0x4][0xeb][0xe2][0xbc][0xc4][0x9c][0xc4]"hJ[0xc6]R[0x1b][0x1b]Y[0x82][\n]"
17:11:38.285 [main] DEBUG org.apache.http.wire -  << "[0x5]bl[0xb5]DZ[0xa2][0x81];%'[0xe6][0x81]n[0xe5]M[0xc2]1[0x80]gl[0x0]J[0xa0][0xc4][0xd8]f[0x86]t[0x8d] [0xf6]>TqfJf[0xa1]1[0xd6][0xe3][0xe6]L[0x8c]@[0xab][0x11][0x88][0xb2][0x6][0xb4][0xfd][0xb][0x9a]aH[0x8e][0xd3][0xdc][0xc4]<[0xd0][0x98]s^zUjNb%x.[0xe]}[0xa0][0xc4][0xd4][0x1c][0xb4][0xdd][0x87]8[0x97] [0x12]3[0xee][0xe0][0x5][0xaf]d[0xb4]0[0x83][0x96]I([0xb3][0xed]&[0x16]FfD[0xe][0xa9][0x83][0xa6][0xe5][0x1][0x0][0x0][0x0][0xff][0xff]"
17:11:38.285 [main] DEBUG org.apache.http.wire -  << "[\r][\n]"
17:11:38.285 [main] DEBUG org.apache.http.wire -  << "259[\r][\n]"
17:11:38.285 [main] DEBUG org.apache.http.wire -  << "[0x82]z[0x1a]O[0xbe][0x1][0x9f][0xa8][0x94][0x92]i[0x89][0xa3][0xed]jlN[0xf4]l[0x13]h%'[0xd4]>[0xe2][0xeb][0x9d]R[0xc8]\#[0x96]4kaLt[0xe7][0x18]t[0x7][0xe][0xd4]f[0x92][0xa3]7[0x13]4 [0x92][0x7]>@[0xc][0xeb][0xba]x3b[0xaf]S2[0x1]7[0xf8][0xa0][0xce] [0x98]a[0xcb]3[0x93]2[0x8b][0xf3][0xf3][0xf2][0x93]A[0xbd]u[0xf0]z?[0x94][0xad]Jf[0xc4][0x1e][0x90][0xe]Y[0x81][0x0][0xb5][0x15]{[0x16][0xca][0xce]+-[0x82][0xec][0x14][0x2][0xdf][0xe1][0x83]6[0x91]lB[0xf4])=f[0xe6][0x88]EH[0xd8][0x1b][0x8d][0xd0][0x8d]_[0xd9][0x89][0xb9][0x89][0xd0]#[0xd8]QG5[0x89]_)[0x2][0xba]f[0x15][0xea])[0xd2][0x9a]o9[0xa9][0xf9][0xd0]b[0x10]k[0x13][0xd9][0xc4][0x0]4[0x88]OTN[0x5][0x1d]v[0x0]u[0x2][0x9][0xc9][0x19]4[0x98]h[0x2][0xeb]g[0xa3][0xc]R[0x9b][0x12]}[0xf8][0x86][0x19]h[0xd8][0x15]j5[0xc1][0x84][0x4]J?[0xa0][0xf3][0xd7]![0x83][0xa8][0xe8][0xc7][0xfb][0x9b][0x13]}[0x8e][0x97][0x19]h;[0x4][0xd4]R[0xdc]%Sb^~.x[0x5]Rq&[0xd6][0xa5][0x87]&[0x16][0xa0][0xd5][0x6][0xc4][0x85]/[0xa2]x[0xc2][0x9e]n[0xf3][0x12]s[0x13][0xd3]A[0xf5]Zb1[0xf6]~[0xb5]9x[0xb1][0x16]q[0x96]![0xea]R[0xe2]#[0x13]6[0x80][0x95][0x9d]X\Z[0xc][0xd9][0xa9][0x89]1Hk[0x0]*{[0x88]r[0x2]R[0xbb][0x18][0xbb][0x8b][0x12]s[0x13][0xe1]][0xea][0x2][0xb4]C[0x1c][\r]MAs%[0xc4]Y[0x84][0xc8][0xa6][0xa4][0xe5][0x9d][0xac][0xd2][0x9c]Lpu[0x0]:[0x17][0x7][0xc7][0x82]'CPo[0x9d]8g [0xc6][0xc4][0xb1][0xfb][0x17][0xec][0xd7][0xbc]L[0xd0]9[0xc9][0xa0][0xb1]w[0xb4][0xf5][0xce][0xc6][0xe0][0x96][0x8]q6![0xba][0xef]$[0x17][0xff]`[0xff][0xa6]dZX[0x80]v[0x8b]b[0x19][0xa2]47&z[\n]"
17:11:38.285 [main] DEBUG org.apache.http.wire -  << "[0x2]T]A3[0x10]i[0xe1][0x9e][0xc][0xda][0xa3][[0x94]h[0x8e][0xe3][0xd2]ic[0xf0][0x8d][0xb0][0xc4][0x85][0x4][0xa2]uA|2[0xcf]NL[0xc9],[0xaa],[0xcd][0xc9][0x4][0x1f]f[0x87][0xa5]&63[0x3][0xad][0xdf]"[0xce][0x1][0x88]LM[0xb0][0xe4][0xca][0x84][\r]f[0x14][0x94][0xa0][0x14][0x94][0xc6][0x16][0xa0][0x95][0xe]DY[0x7]jvA[0x83][0x9c][0xa0]u[0x19][0x99][0xa0]J[0xbe]$-[0xb1]([0xa3]4//[0xb3][0x18][0xeb][0xaa][0x13]c[0x13][0x3]b[0xf7][0xa3][0x80]6[0xe5]@[0xed]&>[0xac][0xa1][0x97]([0x16][0xa4][0x16]e'[0x16][0xe3]h>[0x1b][0x19][0xe2]=[0xaa][0x1a]i[0xf7][0xb7][0x19]h[0x8f] [0xc9]nHO[0xcc]M[0x2][0xdd]Fe[0x4]>[0x8b][0x6]}[0xef][0xb9][0x91])[0xb1]K[0xdb][0xcc]A[[0xf9][0xa0][0xb6][0x93][0x96][0xe0][0xab][0xa0][0xfd]|P[0x9e]C[0xef][0xe0][0x1b][0x99][0x80]VJ[0x12][0x13][0xfb][0xe0]k[0xc2][0xa1][0xf6][0xe3][0xae][0xb1]r2S*[0x13]A[0x17]6[0xe5]g[0xc0][0x16][0xcd]"
17:11:38.285 [main] DEBUG org.apache.http.wire -  << "[\r][\n]"
17:11:38.285 [main] DEBUG org.apache.http.wire -  << "F5[\r][\n]"
17:11:38.285 [main] DEBUG org.apache.http.wire -  << "bl[0xd3]1!v[0xfa][0xd8][0x1c][0xb4]V[0x0]j%[0x9e]6u*(C[0x83][0x8e][0xa4][0x5]7[0xb8]0|hIl[0x91]b[0xe]Z[0x89][0x1][0xb5][0x8e][0xe4][0x92]-[0x5]r[0xf5][0x82]%xs[0x7][0xba][0x97]-[0xc]@+#[0x89][\n]"
17:11:38.285 [main] DEBUG org.apache.http.wire -  << "e[0xa4]C[0x90][0x9][0xe6][0xb1][0xe2][0xd2][0xe4]L[0xc8]"$[0x1c]S[0x8b][0xa6][0x16]D[0xa7].[0xa4][0x1d]Q$[0xfb][0x1d]:[0xaf][0x9d][0x9b]X[0x94][0x9e][0x98][0x87]5[0xa3][0x9b][[0x80][0xf2][0xe]q[0x1][0x80]h;`[0xaf][0xc8][0xd2]3A[0xd9][0xc9][0x4][0xc7]A[0xc8][0xc4][0x9f];j[0x8e][0xb4]=[0x8a][0xf8]"[0x5][0xbe]I[0xa9][0x8]|d"[0xb6])[0x16]sC[0xd0][0x8]7Q[0x9e]E[0xea][0x90][0x93][0x96][0xa7]a[0x15][0x8]x[0xf9].VG[0x10]{![0x8c][0x89]9[0xe8][0x94][\r]h[0xb2][0xc7][0xde][0xd1][0xc8][0x81][0x9e][0xbc][0x86][0xb5][0x8d]oJ[0xfc]X%h[0xf2][0xb]j[0x11]i[0xbe]MJ[0x4]E9[0xf8][0xe4][0xcf][0x94][0xc4][0x1c]\[0x5][0xb9][0x1][0xe8]b[0x11][0xe2][0x82][0x1d][0xd1]X">[0xe6][0xcb][0xf2]J[0xc1]g[0xdf][0x83][0x8a]Q,M[0x17]C[0x13]P[0xf5][0x8][0xb1][0x1e][0x0][0x0][0x0][0xff][0xff]"
17:11:38.285 [main] DEBUG org.apache.http.wire -  << "[\r][\n]"
17:11:38.285 [main] DEBUG org.apache.http.wire -  << "126[\r][\n]"
17:11:38.285 [main] DEBUG org.apache.http.wire -  << "[0xc2][0xd1][0xb5]9[0xe8][0xe0]$h8`O[0xe2][0xa0][0xd3][0xe7]@[0xd7]yA[0xae][0xb8][0xc7]6|ia[\n]"
17:11:38.285 [main] DEBUG org.apache.http.wire -  << "[0x9a][0x17]%[0xce]6D+[0x85]`[0x89][0x92][0x4][0xee]m[0xe4][0xe5][0x83]Z[0x88][0x18][0x85][0x98])h[0x86][0x9a]8+[0x11][0xed][0x12]<[0xe5]v[0x16],@KA'<[0x94]!v[0xea][0x90]0[0xea][0x8c][0xb4][0xf5][0x8]w[0xa5]TZ[0x9c][0x98][0x9b][0x8][0x9a][0xa7][0xcc][0x5]w[0xfd][0xd1]k[0x8][0xb]SP[0xc1]O[0x94][0xc7]@+5[0xa0]1G|[0xc2][0x81]L[0x9e][0xc1][0x7][0xb6][0xb0]E[0xa7][0x11][0xd1]G&[0x81][0xef][0x5][0x82]:[0x81]`tfd[0xe6][0xa4]$[0x82]F\*KA[0xa9][0x16]m[0xa3][0xba][0xa1][0x1][0xe8]$[0x12][0xe2][0xfc][0x8d][0xc8]0d[0xd4][0xe]E[0xa0][0xfb]FA[0x9b][0xbb][0xf3]J[0xf2]A[0xee][0xc0][0x92]{L[0xc0][0xeb][0xe6][0x89]s[0xb][0xa2][0xff][0x81]'q[0xa5]%[0x96]d[0xe4][0xe7]%f[0x18][0x82][0xe7][0xb5][0xd0][0xe]k1[0x6]7f[0x88][0xb3][\r]1[HZ[0x99][0x95][0x7][0xaf])@k[0xe8][0xd0]6CZX[0x82][0x86][0xef][0x88]s[0x0]"[0xfb][0x92][0x1c][0xf4][0xe5][0x99]y)[0x89][0xe0][0xf3][0xcd]![0x97][0x10][0x15][0x94][0xe8][0xa1][0xc]o[0x1a][0x1b][0x80][0x86]][0x88]s[0x6]"K[0x13][0x9f][0xf2]S[0xb3][0x12][0x11]m[0xb3]R[0x8c][0xb5][0xaf]F[0xc4][0xd7]Q[0xa0][0x13][0x8][0xfc][0x12][0x1][0x0][0x0][0x0][0xff][0xff]"
17:11:38.285 [main] DEBUG org.apache.http.wire -  << "[\r][\n]"
17:11:38.286 [main] DEBUG org.apache.http.wire -  << "240[\r][\n]"
17:11:38.286 [main] DEBUG org.apache.http.wire -  << "[0xca]MU[0xb2]R"[0x98][0xea][0x93][0x12]3J[0x8b][0x12][0xb3][0x8b][0x13]M[0xb1]o[0x1b]3"vP[\n]"
17:11:38.286 [main] DEBUG org.apache.http.wire -  << "|)[0x9][0xd4]V[0xd2]"[0x1f][0xb6]b:[\r][0xe7][0xcc][0x84][0xb1][0x1][0xb1][0xc3][0xe9][0xe6][0xa0][0x16]:[0xd4][0x15]$[0xa7][0x80][0x94][0xcc][0x2][0xc4][0xc1]W[0xe8][0x5][0x9f][0xb1]%[0xb1][0xa3][0x1c][0xe0][0x93]p[0xa0]n[0xc0]^e[0x81][0xee]/[0xce][0x82][0xc][0xa8][0xe4]a[0xdd][0x14]hd@[0xec][0xa4][0x88]9[0xa8][0xff][0xb][0xb5][0x8c]d[0xf][0x83][0x97][0xe7][0x82]&[0x86]@[0xf7][0xa8]c+j[0xcd][0xcc][0x89]=[0x9e][0xc3][0x1c][0xd4]h[0x87][0xba][0x3][0xbb][0xa7][0x8b]3K +[0xd6]A[0xb][0xce][0xb0]u[0xe5][\r]@qGT[0xfe][0x2][0xad]K[0x82][0xda][0x85][0xbb]"KN[0xcc][0x0][0xdf][0xbc]a[0x84][0xf5]@[0x10]sC[0xa2]g[0x8d]A[0xc3][0x86]P[0xdb][0xb0][0xfb],[0x19]T][0x82][0xd7][0xc7]cY[0xeb]af[0x2][0x1a]2%[0xce][[0x88][0xd2][0x8b][0xf8]b#=[0xbd]4[0xf][0xd4][0x9d][0x2][0xb5]B[0xd0][\n]"
17:11:38.286 [main] DEBUG org.apache.http.wire -  << "NcS[0xd0]>'[0xe2][0xac]F[0x94]X[0x4][0x8b][0x8c][0x82]R[0xf0][0x86][0xc7][0xac][0xc4][0x12][0xac][0xdd][0x17]33[0xa2][0x17]M[0x91][0xb5][0x5][0x9]|[0xb3][\n]"
17:11:38.286 [main] DEBUG org.apache.http.wire -  << "da2[0xca][0xc9]+&$[0x4]4b[0x5][0x6]A[0xdf][0xe6]$V[0x95][0x82].rLILO[0xcd][0xc1][0x96]G[0x8c][0x88][0x1e][\r]4G:[0xc0][0x19]{J[0x2][0xef]i[0xcc][0xca]43[0xc4]>[0xaa]ldIt[0xe3][0xb]4N[0x85]7[0xd1][0x82];C[0xe0],[0x82]un[0xc9][0xd0][0x84][0xe8]~[0x19]hU*[0xd4]*[0xec]][0xa2][0xa2][0xd4][0xe2][0x92]RS[0xb]l[0x81]gfH[0xf4][0xaa]7[0xd0][0x8a]g[0xa8]5[0xd8][0x3][0xf]z[0xc9]PjNN&[0xd6][0x3][0xfe][0x8c][0xcd][0x89][0x9e]h[0x7][0x8d][0x82]@[0xed][0xc2]W[0xc0]@6a[0x1a]c[0xbd][0xf8][0xc6][0x1c]|*[0xc]Q[0x99][0xf][0xb4][0x13][0x9]j[0x1b][0x9e]FZ[0x15],%b[0x9b]{%~K[0x1a][0xf8][0x1e]E[0xa8]m$[0x94]2[0x90]B&1[0xa9][0x12]46XP[0xa2][0x87][0xde]H4&z[0xf0][0x4]ig[0xe][0xc1][0xcc][0x7]:~[0xc]tT2[0xa8][0x8f][0x7]9a[0x1c]K[0xc5]a[0xe]^[0xf6]JTH#m[0xca][0xc1][0x91]T[0x13]3[0x12]+KKA[0xab][0xb0][0xc1]g[0xb5]"[0x9f]{faH[0xb4][0x1f]A[0x8d]&h[0x18][0xe3][0x89][0xd1][0xbc][0xc4]"[0xd0][\r][0xe][0xa0]=[0x9d][0xa0][0xd2][0x1b]}[0xb8][0xd3][0x8c][0xf8]n+[0xd2]n[0x1c][0xdc][0xe9][0xb5]8[0xb3](1[0xb3][0x4]|[0x1a][0x1]4[0x9][0xa1],[0xbd]14#v:[0xdd][0x1c]t[0x97][0x6][0xd4]{[0x4][0xa3][0xb0]$1[0xaf][0xa4]([0x13]TC[0xc2]Nu[0xc2][0xba]][0xdd][0xc2][0x18][0x0][0x0][0x0][0xff][0xff]"
17:11:38.286 [main] DEBUG org.apache.http.wire -  << "[\r][\n]"
17:11:38.287 [main] DEBUG org.apache.http.wire -  << "68E[\r][\n]"
17:11:38.287 [main] DEBUG org.apache.http.wire -  << ""zD[0x0]i[0xc5][0x4][0xf1][0x9][0x18]tT2h[0xc3]<[0xec]NsT[0xaf][0x13][0xbf][0x1e][0x13][0xd4][0x8][0x84]z[0x9d][0xb4]Vn[\n]"
17:11:38.287 [main] DEBUG org.apache.http.wire -  << "[0xb8][0xd2][0x4][0xf5][0xe8]0[0xae][0x19]26[0x6][0xe5][0x9][0xe2][0x12]0[0xa2][0x89]@rk//13/=[0x1d]t[0xa0]WFb[0x11][0xe8][0xd8]ZP[0xa2]CY[0xc4]hi[0x0][0x1a]7'[0xce]![0x88][0x6][0x3]i[0xe1]P^[0x9a][0x93][0x98]g[0x8e][0xe3][0xf2][0x14]s#b[0xcf]{5[0x7][0xf5][0x9][0xa1][0x11]ArH[0x94]d[0x96]d[0xe6]A[0xe7][0xe2]A[0xf7][0xdb][0xe7][0x81]n[0xd3][\r]([0xca]LNU[0xb2]2[0xb2] [0xba]a[0x8][0x9a]_[0x85]:[0x81][0xb4]0[0xc8]K[0xcc]J[0xcc][0xc5][0xde].53[0x1][0x8d]0[0x12][0x15][0x5][0xa0]E[0xbc]P[0xeb]I[0xe][0x1][0xf0]q@[0x86]&[0xa0][0xe4][0x88][0xb6][0xe8][0xc2][0xd4][0xc][0x14][0xb2][0xc4]9[0x0][0xb1][0x8a][0x11]o)W[0x90]YRZP[0x9a]S[\n]"
17:11:38.287 [main] DEBUG org.apache.http.wire -  << "[0x1a][0xd5](O[0xc4][0xba][0xc2][0xd0][0xcc][0x92][0xe8][0xb2][0x95][0xe0]R[0x8f][0xdc][0xc4][0x8c][0xdc][0xd2][0x14]3cl[0xed][\r][0x13]C[0xd0][0xd8]=q[0xbe]C[0xc][0xe3][0x90][0x16][0xbb][0xd0][0x96]UI&d^[0x1e]%[0x87][0x19]Y[0x82]:[0xe7][0xc4][0xd9][0x8f][0x18][0xba]!9z+@[[0x5][0xc1]{.[0xb][0xc0]g[0x14] [0x86][0xb][\r][0xcd]A[0x8b][0x9e][0x89]s[0x0]b4[0x7]{[0x83][0xb][0xe9][0xe2][0x8f][0x82][0x14][0xd4][0xc1][0x12]s[0xa2]o[0xe6]1GZ[0xdc][0x81][0xbd]N[0x86][0x1c]:[0x9b][0x9e][0x98]T[0x94][0x99][0x9a][0x93][0x3][0x1e][0x95][0xc4]2(fa`lB[0xdc][0xea]3sP[0x19][0x3][0xcd]8[0xd8]=[0x96]Y[0x96][0x98]gd[0x8a]-[0xfd][0x98][0x19][0x11][0xbd]_[0xc2][0x1c]17[0x83][0xdd]_[0xa9][0xb0][0x81][0xf][0x1c][0x8d]}C[0xe2]3"[0x9][0xfd][0x99][0xe2][0xc4][0x9c][0xcc][0xdc][0xc4][0xc]Sp[0xde]G[0xeb]0Z[0xe0][0xbf][0x9f][0x15]iz[0x17][0xbc][0xf4][0xe][0x1a][0x86]$[0xa7][0xce][0xc]P*1[0xf][0xd4][0xb8][0x3]OS@[0x6]:1[0xab]EsP'[0x86][0xa8][0xa4][\n]"
17:11:38.287 [main] DEBUG org.apache.http.wire -  << "[0x9a]$[0x85][0xba][0x86][0xb4][0xbc][0x9a][0x98][0x93][0x9b]Y[0x4]>[0x8c][0xb5]D[0xf]}[0x1][0x8d][0xb1])[0xd1][0x1b][0x9][0x90][0xd6]W[0x90][0x1c][0x1a][0x95]y[0xf9]e[0x99]%[0x89][0xe0][0xf3][0x83][\n]"
17:11:38.287 [main] DEBUG org.apache.http.wire -  << "RP[0x97]"[0x9b][0x1a][0x10][0xdd]e[0x1][0x9d][0xbd]CV[0x10][0x80]g[0xc7][0x8c]q[0xcc][0x10]Z[0x18][0x12][0xbb][0xe8][0x0]|P[0x17][0xd4][0x1][0xb8][0xdb][0xa0][0x90][0xcb][0xb4][0xca][0xc1][0xb7][0xbc]c[0x1b],1[0x0][0xe5]M[0xe2][0xa2][0x1c][0x91][0xbd][0xb0]gb[0xf0][0xf8][0xf]t![0xf][0xb6][0xac]lj[0x9][0xea][\r][0x10]g[0x17][0x9][0xf9]++[0xb1][0xa8]<[0xd3][0x2]|s%[0xca][0xb2]IcCP[0xa7][0x80]([0xeb]@-ahH[0x12][0xdf][0xc0][0x85][0xae]l[0x84]-[0xc][0xc3]^[0xa6][0x90][0xb0][0x95][0x10]i[\r][0x9][0xf6][0xf0]M[0x5]-[0x13]IM[0x3]-@[0xce][0x0][0xb5]#P[0xd6]S[0x1a]Z[0x80][0xb2]$q[0xbe]E[0xac][0x9]#9[0xef][0xe4][0x94]f[0x16][0x83][0xba][0x16][0xa0]=u[0xe8][0xe7][0x8a][0x10]9[0x9c]9h[0xc][0x2][0x1a][0xe0][0xd8][0xfd][\n]"
17:11:38.287 [main] DEBUG org.apache.http.wire -  << "=d[0xbd][0xb4] [0x13][0xeb][0xd9][0xe3]f$[0xec]Z@$%[0xec]V[0x15]$[0xe6][0xa5][0xa7][0x16]%[0xe6]A[0xca][0xc8][0x12][0xf0][0xec]"Zg[0xdb][0xc4][0x84][0xd8]QY[0xb][0xd0],$[0xd4]g[0x4]{jE[0x89][0xa0]#x[0x11][0xa3][0xc][0xa8]K[0x9f][0x8c]L@[0x87][0x93][0x11][0x13][0xa3][0x16][0xa0][0xd9]V[0xa8][0xa5]x[0xda][0x85][0xe0][0x8c][0x2].|[0x8a]pm[0x8d]0[0xb1][0x4][0x8d]-[0x11]g'[0xa2]?B|[0x9e][0x81][0x85]5[0xe2]"<[0xac][0xb3][0xf6][0xe6]&[0xa0][0xbd][0x8f][0xc4]9[0x3][0x11][0xbd]x[0xbc][0xe]^D[0x9f][0x97][0x9]>g[0x4][0xb2][0xc3][0x1e][0xad]"6![0xfa][0x88]u[0xb][0xd0][0xce][0x1c]h`[0xe3])v[0xf3]2[\r][0xb1][0x8e][0xbf]Y[0x18][0x13][[0xc7]Y[0x80][0xc6][0x3][0xa1][0x16]ao[0xcf][0x80][0xda][0x9c][0xc6][0xe0][0xc5][0x8a][0x18]U[0xb9][0xa1]%h[0xb7][0xe]Q![0x8][0xda]{[0x3][0xb5][0x6][0xb7]J[0x12]s[0x93][0x12][0xb][0x12]K[0x8a]2[0x93]3[0xb1][0xe]B[[0x18][0x12]{[0xbc][0xb1][0x5][0xd2]""<Q[0x6][0xda]][0x9b]g[0x86]u[0xe7][0x9d][0xb1][0x9][0xb1][\r]5[0xb]P[0xe7][0x3][0xea]9[0xec]a[0x8][0xea]4X[0x82]owAO[0x11]D[0xdf][0xef][0x2][0x9e]'[0x84]ZBr[0x81][\n]"
17:11:38.287 [main] DEBUG org.apache.http.wire -  << "ik[0x97][0x16]Wb[0x1d][0x14]61[0x5]u[0xbe][0x88][0x8b]FDF[0xc0][0x1d][0x8d][0xf9][0xf8][0xd6][0xca][0x18]Z[0x80][0xe]D![0xca]2[0xa4][0x95]A$[0xfb][0x18][0xde][0xaf][0x80]^[0x1a][0x6]Z[0x1d][0x86]Rq[0x9b]Z[0x82]v[0xd0][0x11][0xe7][0xe]D[0x87][0x18]{[0xf4][0xe6]&[0xe6]df[0x83][0xca]v[0xd0][0xb8][0x1f][0xc8]&[0xf4]6[0xa7][0xb9][0x19]h0[0x98]8[0xcb]([0xa8]7s[0x8b]3[0xf3][0x12][0xd3][0xb1][0xee]C'[0xfe][0xaa]2[0xb][0xa4][0xc3][0x9c][0xf1][0xe4][0x9c][0x14]P[0x87]#3[0xcf][0x0][0xbc][0xa4][0x13]e[0xa3][0x9d][0x9][0xf8][0xba][0x6][0xe2]<[0x8b][0xe8][0xc][0x13]_[0xbc][0xa7]@Z[0x9b][0xa6][0x16][0xd0][0xe1]N[0xf4])][0xb]cb7[0xbc]Y mJ[0xc6][0xe3]U[0xc8][0x8e][0x99][0xec][0xc4][0xbc][0x92]D[0xf0][0x86]J[0xa8][0xbd][0xc8][0x83][0xc8][0xa6]D[0xdf][0xbb][0xc][0xde]M[0x5][0xcd][0xc7][0xd8]SS[0x19][0xe8][0xd0][0xd5]<P/[0xb2][0xb8]<[0xb1][0x8][0xc7]J/S[0x3]b{Q[0xe0]m[0xf1]P[0xb][0xb1][0xb7]M[0xa0]kU[0xd3]3[0xb1]/\45[0x0][\r][0xc][0x13][0x17][0x9f][0xc4][0x14][0xf][0xa9][0xb0][0xe3][0xf2][0x93][0xcb]PG[0x17][0xcc][0x88]>[0xdd][0xdc][0x2]i[0xcd][0x13][0xc9]EC[0x16][0xec]vD,[0x93][0xe][0xa6][0xa6][0xc4][0xe][0x13][0x82][0x97][0x8c]C[0x83][0x15]O[0xda])N[0xcc][0xcd]/[0xce],[0xca][0x6]][0x85][0x95][0x87]5g[0x1a][0x19][0x12];:[0xb][0xbe]R[0x16]j%[0xc9][0xbe].NL[0xcb],)[0xca]LO,[0x6][0x9d][0xc1][0x96]ZT[0x9a][0xb]:[0xe5][0x12]1[0x82]dl[0x2]j.[0x13][0x15][0xcb]H[0xd3]h$;#91=[0xb5][0xc8][0xd8][0x18]TH[0xa2][0x8c][0xa0][0x99][0x1a][0x11][0xdd][0xf8][0x5][0x8d][0xaa]CC[0x81][0xb4]Q[0x1][0xd0][0xe9]8[0xc6]&[0xa0][0xa5]H[0xe8][0xeb][0xfa][0xcc][0x8d][0x88]][0x9b][0xb][0xbe][0xf9][0x8d],[0xdb]s[0xc0][0xc7]>[0x95][0xe4]C[0xa7][0x87][0xb0]-X%~[0xa9][0x5](KB[0x9d]A[0xb0][0x7][0x90][0x98][0x95][0x99][0x9b]X[0x2]o[0x93]'[0x97][0xe9][0xa1][0xcf]I[0x19]Y[0x82][0xda]gDE>[0xd2]L[0x9][0xf1]EvzAiQ^b9[0xe8]^s[0xf0]6#[0x94][0xdd][0x17][0xe6]D[0x1f][0x80]d[0x81][0xb4][0xc1][0x94][0xb4][0xa8]/N,[0xa9]LD[0x1a][0x91][0xc1]2HalfaJ[0xdc]H[0xa3][0x5][0xa8]aHl[0xe0][0x83][0xf6]X[0xa5]$[0xe6][0xa5]'[0xe6][0xa5]c[0xdf][0x0]bj[0xe][0x9a][0x2]'.[0xec][0x11][0xc5]+[0xf1]a[0xf][0xba]|[0x1c]40[0x83]\u[0xa1][0xaf][0x82]4&v[0xff][0x87][0x5]h[0xd5][0xb][0xd4][0xeb][0xc4];[0x1]4C[0x90]W[0x92]ob[0xc][0xca]{[0xe8][0x13][0x13][0x96][0xa0]J[0x98]([0xef]#[\r])[0x93]\[0xee][0xc0]v[0xbf][0x82][0x8e]W[0xce]K[0x4][0x15]?([0xab]L[0xcc][\r][0x88].[0xf7]ACY[0xd0][0x10][0xc0]S[0xee]C[0xd6][0x82][0xc1][0x8f]aJ[0xc1][0xb8][0x88][0xdd][0x8c][0xe8][0xbb][0x5][0xc0][\r]f[0xa8][0x8d][0xc4][0x87]yZ&h'BI~Q>[0xf4]Z[0x13][0xec]CG[0xe6]F[0xc4][0x9e][0x9a][0x3][0x1e][0xfa][0x81]:[0x83][0xb4][0xcc]W[0x1]^[0x90][0x6][0x19][0x9][0x5]W<(cJ[0xa6][0x16][0xa0][0xf5]3D%[0x0]P[0x8b][0x1d][0xea][0x2][0x92][0x13]@fv[0xa2][0xb9]9[0xd6]B[0xd7][0x84][0xd8]9*[0xb]P[0x1][0x1][0xb5][0x1f]O[0xd4]C[0x96]Zg[0xe6][0x14]c[0xad][0xee][0xcd]-[0x88][0xce]kHc[0xbf][0xd8][[0x8a][0x19][0x90]V[0x85]![0xd6]9[\r]c[0x13][0xd0][0xe6][0xe][0xe2][0xc2][0x15]1[0xca]BZ[0xcc][0xe6]d$&e&a][0xeb]hb[0xc][0xe9][0xaa][0x3][0x0][0x0][0x0][0xff][0xff]"
17:11:38.287 [main] DEBUG org.apache.http.wire -  << "[\r][\n]"
17:11:38.304 [main] DEBUG org.apache.http.wire -  << "D20[\r][\n]"
17:11:38.304 [main] DEBUG org.apache.http.wire -  << "*![0xb8][0x17][0xc0][0x2][0xd4]\[0x87][0x6]+[0xc9][0xd1][0x9a][\r][0x9a][0xf3]62[0x7]eh[0xf4]J[0xdd][0xd8][0x84][0xd8][0xa3]s,@[0xc7][0x87]B]@[0xb0]6-(-[0xc9][0xb4][0x4][0xaf][0xa8]F+[0xc9][0xcc],@[0x5][0x14]Q>F[0x1a][\n]"
17:11:38.304 [main] DEBUG org.apache.http.wire -  << "&[0xc7][0xc7]y[0xa0][0xb][0x98]JsA[0x97][0x95][0xa5]c[0x1b][0x3]76[0x6][0xdd][0xae]D[0x9c]K[0x10]}[[0x82]>[0x7][0x1d][0xc1]jb[\n]"
17:11:38.304 [main] DEBUG org.apache.http.wire -  << "Z^[0x80][0xd2][0x93]6$[0xfa]p|[0xb][0xd0][0xb4][0x7]4[0x9c][0xb1][0xa7]hx;!5[0xa7][0xc][0xd4][0x1d][0xc1]>p[0x7]>'[0x90]8[0xef]!f{[0xf1][0xe4][0xd8]4[0xe4][0xba][0x11][0xbd][0xef]n[0x4][0xbe][0xb2][0x86]8[0xdb][0x10]S[0xab][0xa4][0xe5][0xa3]$[0xd0][0xc][0xa8])[0xb8]i[0x8a]e[0xe][0xd4][0xd4][0x0][0xb4]V[0x95]8[0x17] [0x16][0x92][0xe0][0x1e][0x9f][0xc9][0x80][0x8e][0xcf]`[0xe9][0xff]X[0x18][0x10]]:[0x81]Z[0xcc][0xd0][0xb8]$[0x98]r[0xaa][0xc0]C[0xb2][0xc5]%[0xa5][0xd0][0xae]3[0xda][0xce]kS[0x3][0xa2][0xab][0x0][0xd0]"T[0xa8][0xad][0xc4][0xd7][0x85][0xa5]%[0x89][0xb9][0x99][0xa5][0xa0][0x83][0x12][0xb0]W[0x82][0xa6][0x6][0xc4][0xe]H[[0x82][\n]"
17:11:38.304 [main] DEBUG org.apache.http.wire -  << "5[0xa8][0xfd]x[0x2][0xb8][0xb4][0x4]t[0x8e]@i^zAQbv>[0xf6][0x8a][0xc0][0x4][0xbc][0x8d][0x85][0x98]X[0x5][0x1f][0xc4][0x5][0xb5][0x94]`P[0x97][0x83]f[0x18]p-[0xc4]14[0x7]-n![0xce]ND[0x9d]@|@[0x83][0xd6][0xbc]A7[0x1c]c+[0x97]L-A[0x5]-q[0xd6]#[0xe6][0x1]KR[0x8b]2[0x95]t[0x94]\R[0x8b][0x93][0x8b]2[0xb]J2[0xf3][0xf3][0x94][0xac][0x94][0x92]@[0xbb]*[0x14][0x8a]A[0x3][0xc6]H[0xf7][0x1b][0x11][0xdd][0x95][0xb6][0x4]U[\r][0xd0] [0xc5]S0[0x80][0xe7][0x19]S2[0xf3]2[0x12]s3s[0xb1]V[0xe7]f[0x86][0xa0][0xee](Q^[0x2][0xcd]6@[0xad]$[0xb9][0xd0][0x7][0xaf] [0xce]K4[0xc4]z,[0x91][0xa9]%[0xb1]}gKJ[0x86]T3[0xb2]K[0x8b][0xf2][0xa0][0x9b]h[0xc0][0xcd]8[0x94]Q?#[0x3][0xd0][0xb8]!Q[0x1][0x81][0xb4][0x7][0x12]O[0xd8][0xa7][0x83][0xae]T[0xcd]O[0xc3]:[0xf]`N[0xf4][0x1][0x5][0x96]H[0x1b][\r][0x89]O[0xc7][0xd9][0x89]E[0xb9][0x89][0x86]8[0xcf][0xe4][0x6][0xf5][0xff][0x88][0xf3])[0xa2]B[0xc0]>[0xf4][0x96][0x92][0x98]W[0x9a][0x95]XPZ\[0x0]])[0x0][0xe]X[0xb4][0xee][0x99][0xb1][0x19][0xa8][0xcf]A[0x9c][0x85][0x88]lCr[0x1a]+N-[0x1][0xc7].[0xe8]L>[0xac][0xb9][0xd7][0x4]4[0xe8]@[0x8c]3,@#Z[0xd0][0xa4]N|[0xa0][0x83][0xca][0xca][0xc4][0xe2][0xc4][0x92][0xcc][0xa2][0x12][0xf0][0x99]W([0x1d]43K[0xa2]G[0xd0][0x91][0x8a]h[0x82][0xa5]eQbfq[0xa2][0xa5][0x9]6[0xef]Z[0x18][0x81][0x6][0x19][0x89][0xf3].b[0xcc][0x1e]w[0xa5][0x0][0xde][0xe0][0x0]>[0x99]6%1[0x3][0x9b][0x85]&[0xe0][0xeb][0xc7][0x88][0xb3][0x10]1n[0x8e][0xbd][0x1d][0x95][0xc][0x1d][0xd3][0xc5][0xd6][0xe1][0xb1] [0xfa]:[0x0][0xb][0xd0][0x9][0x90][0xd0]x[0xc4]nOf^"[0xe8][0x94][0xdd][0xca][0xc4][0xc]P[0xb3][0x10]e[0xf5][0xad][0x85][0x1][0xd1][0x13]=[0xa0][0xc5](Pk[0x8][0xc6]XYf^>b2[0x1b][0x9c]]P[0x7][0x12]-[0x89]n,[0x81][0xe6]H[0xa1][0xd6]b[0xf7][0x1d][0xf8][0xa8][0x96][0xbc][0x92][0xcc][0x8c]T[0xd0][0x1][0xd7][0xe0][0xc1][0xb][0xb4][0x8b]kM[0xcc][0x89][0xdd]=h[0x81]T[0xfc][0x93][0xd6]8L[0x5][0xcd][0xc0]BV[0xfd][0x95][0xe8][0xa1]d[\n]"
17:11:38.304 [main] DEBUG org.apache.http.wire -  << "#sb[0xd7][0xba]X[0x80][0xe][0xd1][0x81][0xfa][0x95]`[0x10][0xa7]f[0xe7][0x9b][0x1a][0x80][0xd6]~[0xa0][0x95]C[0xa6]D_[0x9d]k[0x1]Z[0x8d][0x8][0xb5][0x8e]4[0xcf]B/[0xb3][0x0][\r][0x96][0x99][0x9b][0x82][0xdc][0x80]<[0xcb]bL[0xf4]=[0x89][0xe0][0xb]=[0xc8]r@ZiVfbI&[0xe8][0x90][0xfe][0xcc]<P[0x94][0xa3][0xd4]r[0x86][0xc6][0xc4][0xee][0xe0][0xb3][0x0][0xdd][0x14][0xb]u[0x1][0xc1][0x10]O,[0x6]m[0xd5][0x3]m[0xf1][0xcf][0x5][0xaf][0xab][0xc7][0xde]L52[0x1][0xdd][0xf1]@T[0x1][0x1][0xda]X[0x9][0xb5][0x9c][0xf8][0x2][0x18]4/[0x2][0xba][0x16][0xba]([0xb3]817[0x13]{!efB[0xec]JI[0xb][0xd0][0xc2]M[0xa8][0x1b]H[0xae][0x8b]2[0x12][0x8b]K[0x12]-[0xb1][0x8f]k[0x80][0xaf][0x84]$.[0x14][0x10][0xd5]/[0xc1](HJ[0xcc]KN,[0x82][0xed][0xba]+HA[0xbd]![0xc6][0xcc][0x10]4[0xe9]A[0x9c][0xa5][0x88].[0x18][0xf6]:?[0x1d]z@)[0xd6][0xbe][0xad][0x99])([0xd8][0x88][0xb3][0x8][0xd1]B'9|[0x93][0x13]KJ[0x8b]2[0x8b]@[0xe3][0xc2][0xd8][0xd3][0x9a][0xb1][0x9]h[0xf4][0x89]8w [0xda][0x1c][0xd8]=[0x9c][0x9b][0x98][0x99][[0x9a][0x97][0x98]al[0x82][0xad]:27[0x2][0xad]I#[0xce]&[0xc4][0xf8]7[0xee]z[0x16]|[0x12]`J&t[0x1f]@A[0x9]h[0x9a][0xb]u[0xbe][0x81][0xf8]$[0xc][0xda][0xba][\n]"
17:11:38.304 [main] DEBUG org.apache.http.wire -  << "M[0xc2][0xd8][0xbd][0x6]ZR[0xc][0xda][0x2][0xba][0xb0][0x11][w[0xda][0x88][0xe8]dC[0xc9][0xdd][0x89][0x19][0xa0][0xb9][0xf8][0xc4][0xc][0xd0][0xe6][0x8f][0x14][0xf0][0xfe]&[0xf4][0xf9][0x1d]sSb7[0x1][0x81]/[0xb5][0x84]z[0x99]`[0x9e][0xc9]J,[0xc9]4[0xc6][0xda]x2[0xb2]$[0xf6][0xfa][0x1f][0xb][0xa4][0x1d][0xc6]$'ch[0x93][0x11]Z?c[0xcd]P&[0xa6][0xa0][0xed][0xa8]D%/[0xa4][0xfd][0xc7][0x4][0xbd][0x9e][\r][0x1a]N[0x0]Mh[0x81]G6[0x8a][0x12][0xc1][0xd7][0xf6][0xa1][0x7][0xbb][0x99]%[0xb1][\r]w[0xf0]![0x86][0xd0]`'[0xad][0xc2],[0x82]l@[0xc2][0x92][0xf8][0x8c][0xc0][0xa7]:[0x12][0xe7]sD[0x99]E|u[0x81]t[0x15][0x1b]xV[0x17][[0xe6]66![0xb6]W[0x8][0xde][0x9f][0x3][\r][0x1][0xec]y-[0x15][0xde][0xec][0xc3][0x1a][0xd1]f&DO$[0x81]R[0x4][0xd4]*[0xec][\r][0xbf][0xc4][0x94][0x8c]L[0xd0][0xc0][0xb2][0xa9]![0xa8][0x9][0x82][0xb6]N[0xd3][0x8c][0xe8]#[0xd9]-@[0xfd]r[0xa8]E[0xd8][0xfd][0x94][0x97]X[0x9c][0x91]YT[0x9a][0x92][0x92][0x99][0x97][0x94][0x9a][0x3]:[0xaa][0x2]GqlDt[0xbb][0x3][0xe9][0x18]x[0xdc][0x85]dQfv[0xa2][0xa9]9v[0xbb]L[0x88][0xbe]S[0x18]<s[0x3][0xf5][0x1f][0x9e][0x9e]|yIbnA)[0xe4]r[0xcb]R[0xb4][0x8a][0xd5][0xd8][0x0]4[0xa3]HT"[0x5][0x85][0x0][0xd4]2[0xdc][0x1e][0xcb][0xcf]M[0x4][0xdd][0xa0][0x8b][0xdd]g[0xa6]&[0xa0][0xcd]U[0xc4]Y[0x86][0xe8]a[0xe1][0xf1]YVbjnb[0x9e][0x89])v[0xeb]L[0x88]_[[0xb][0xea][0xdc]B[0xfd][0x86]=[0xa1][0x80]k[0xb5]J[0xd0].[0xbf][0x14][0xec][0xe3]P[0xa6][0xa0][0x91]Q[0xe2][0xbc][0x86][0xa8][0xaf]q[0x87]#[0xb8][0x81]`f[0x4][0x9a]WA[0x9b][0xe6]04$z[0xb0][0x16][0xd4];[0x81][0xfa][\n]"
17:11:38.304 [main] DEBUG org.apache.http.wire -  << "{>+[0xcd]M,[0xb2][0xc0][0xda][0xca][0xb3]0%z^[0x92][0xa8]][0xb2]U[0xa0][0x9b]?M[0xb1]^[0xfc]d[0x6][0x1e]_%*[0xe8][0x90][0xf6][0xa8][0xe2][0xe][0xba][0xe2][0xc4][0xec][0xd2][0xa2]D[0x13][0x9c][0x9b][0xfd]A}#[0xe2]lC[0x94][0xca]x[0xd2] [0xe4][0xaa][0xc1][0xec][0xc4][0xca]Rp[0x1d][0x84][0xb1]H[0xd7][0xcc][0x94][0xe8]D[0xf]R[0x8][0x8d]/[0xd2]*![0x90][0xe5][0x89]I[0x89]I[0x89]y[0xd8]*[0x1]s[0x3][0xa2][A[0xa0][0xce][0x5]Y.[0x0][0xef][0xce]3[0xb0][0xc0]f[0xbd][0xa9][0x11][0xa8][0xa3]OT[0x88][0x83][0xd6][0xc1]B[0xad][0xc7][0x13][0xe2][0x90][0xf5][0x80][0x86][0x96][0xd8][0x6]q[0xcc][0x88][0xde]nm[0x81]t[0xe2]4[0xc9][\r][0x1f][0xf0][0x19][0x93][0xa0]kt[0x13]s[0xc1]cehU[0x94][0xb1]%[0xd1]Cu[0xa0][0xf1][0xb][0xc2]^[0xce]C[0xac][0xa5]/M[0xd1]C[0x1b][0x17]04 z[0xf5][0x10][0xd2][0xee]9<[0x1]\[0x0];[0x82][\r][0xcb]2[0x1d]#c[0xd0][0xd2]x[0xa2]b[0x93][0xe0][0xf9][0xc7][0x19][0x89]i[0xc5][0x19][0x89][0x19][0x90][0x1c][0x4][0xaa][0xe9]QFW[0xcc][0x88]>$[0xc9][0x2][0xd4]/[0x87][0x6]"[0xf1][0xed][0xa7][0xa4][0xc4][0xac][0xa2][0xc4][0xf4][0xcc]<[0xd8]N[0x17][0xf0]mm[0xe9][0x88][0x15]yfFDG"[0xa8]u[0xf][0xb5][0x1f]{A[0x9b][0x92][0x98][Z[0x9c]Y[0x2][0x9b]3[0xc6][0x16][0xae]D[0x9f][0x84]f[0x1][0xba]k[0x1]j[0x1b][0xf1][0xbe]-[0x5][0xcf][0xa5]@[0xae][0xb5][0xc5]2[0xc7]if[0x2][0xf2][0x3]Q[0xd1][\n]"
17:11:38.304 [main] DEBUG org.apache.http.wire -  << "[0xba][0xa6][0xf]j=[0xf6][0xba][0x12][0xb4][0xe2])?/[0x1f][0xda]+[0xc2]^7[0x9b][0x82][0xaf][0xcb]![0xc6]>K[0xa4][0xc1]l[0x82][0xdd][0x2][0xd4]S-[0xd0][0xf][0xf5]3[0x6][0x9b]E[0x9c][0xa5][0x88]!e[0xe2][0xc3][0xb8][0xaa]4';[0xb1][0x8]t @e)[0xe8][0xbe][0xc][0xac][0xa5][0xa1][0x99][0x11][0x91][0xd7]9X[0x92][0xb2][0xcb][0xa8][0x4]z[0xc1]ar[0x19][0xda][0xc0][0x89]%[0xb1]K[0x11][0xc0][0x87][0xe0]@[0xe3][0x95][0x4]/[0xc3][\n]"
17:11:38.304 [main] DEBUG org.apache.http.wire -  << "A,[0x1d] C[0x13][0xd0]0[0x18]q[0xc1][0x8d][0xa8]j[0xb1][0xa7][0xa9]lp[0x5][0x83]}L[0xcc][0xd0][0x0]4[0xc9]D[0x94]=[0xa0][0x9a][0x88]d?&[0x82]oW[0x4][0xed][0xab]M[0x3][0x9d][0xa5][0x6][0xd9]Z[0x84]V[0x6][0x1b][0x19][0x82][0xae]Q![0xce][\r][0x88][0xa4]E0=[0xa7][0x82][0xbb][0xb7][0xe0][0x89][0xfb][0x14][0xbd]$[0xb4]Kp-,[0x89]]ad[0x89]4[0xfc]L|[0xdc][0x82]6R[0xc1]n[0x8d]N.[0x3][0x8d][0xe3] [\n]"
17:11:38.304 [main] DEBUG org.apache.http.wire -  << "G#K[0xd0][0x80][0x9]q[0xfe]E4[0xe5]Ik[0xd5][0xa4][0x83][0x6]C[0xe1][0xe7][0xa8]A[0xb6][0xdc][0xa3][0x8c]$Y[0x98][0x80][0xea]3[0xe2][0x1c][0x81][0x18][0x8a]$>[0x0]2[0xc0];[0x1d]J@[0x1b][0xbb][0xd3]JS@3,[0x18][0xad];[0xe2][0xb7][0xb1]X"[0xed][0x88]"-[0x1c]@g,[0xc3][0xba][0x1e]X[0xb2][0x99][0xa9][0x11][0xb1]ghZ"m[0x94]"[0xb9][0xc9][0x93][0x9b]X[0x94]T[0x9a][0x97]Z[0x86]cC[0x84][0xb1])[0xe8][0xc8]<[0xe2][0xe2][0x2][0xd1][0x1][0xc2][0x9e][0xd9][0x13][0x8b][0xd2][0xf3][0xf3][0xf2][0xc1][0xb7]I[0x81][0x86]x[0xb0][0xb5][0xf3][0x8c][0xcc]@[0x1b][0xe7][0x88][0xb3][0xe]1jI0[0xbf][0x81][0xfa][0xe5]F[0xb0][0x8d]-(3[0xf][0xc6]D/[0x90][0xb7][0x4][0x1d]5[0x2]-d[0xb0][0xb7][0x6][0xaa][0x8a][0xa1][0x7]"&[0x97][0xe9][0xa1],[0xe5]2'[0xfa]p[0x2]K[0xd0][0xb8][0xe][0xd4][0x12][0xd2]R[0x13][0xa4][0xa2]H[0xc9]O[0x1][0xef][0x81]E[0x1f]2[0xb3]0$v[0xc8][0xcc][0xd2][0x8]Qf[0x93][0x9c][0x98][0x8a]2S[0xca][0x13][0xf3][0xc]MA[0xfd][[0x8c]b[0xcd][0x2]4[0x10]HT[0xd4][0x82][0xfa][0xa8][0xd0]@ [0x18][0xb5][0xa0][0x83][0x12][0xa1][0x9b]0[0xb0][0xd5][0xcb][0xc6][0xe0][0x9]#[0xa2]l[0x5][0xcd]K[0x13]kkFbf[0x11][0xf8][0xbc]DhY[0x2]>|[0x16]=[0xd0][\r][0xcd][0x89]^[0xc4][0x82]4[0xab][0x85][0xbb][0x7]\[0xe][0x9e][0xe6][0x86][0xcc][0x9]ci[0xeb][0x19][0x81]W4[0x13][0xe7]UD[0xd9][0x8d][0xa7][0xbf][0x0][0x9b]`[0x80]-[0xf2][0xc6][0x96]a-[0x8c]@[0xcd]V[0xe2],[0xa5][0xa0][0xac][0xce]O[0xcd][0xc6][0xba]b[0xc5][0xc4][0x10]4[0xce]M[0x94][0xf5]H[0x93][0xe][0xd8][0xb3]/[0xa8][0xc3][0x0]9u[0xb][0xbc]T[0x3][0xeb]h[0xa8][0xb1][0x5]h[0x1c][0x90]8[0xfb][0x10]K@qG)[0xe4]Ri[0xec][0xc7][0x9a][0x9a][[0x80][0x9c]L[0x9c]][0x88][0xf5][0x98]$[0xe7]Y[0xc8]u[0xb3][0xa0][0xfb]y[0xb2][0xb1]e s[0xf0]j[0x5][0xa2]\[0x1][\n]"
17:11:38.304 [main] DEBUG org.apache.http.wire -  << "[0x1a]h[0x6][0xc2]^[0x1]T$[0xe6]%[0xe6][0x81][0xe6][0x1f]K[0xd1]N[0xee]06 v[0x98][0xcd][0x12]i[0xac][0x88][0xf8][0x1a][0x1f]2%[0x97][0x9d][0x98][0x95][\n]"
17:11:38.304 [main] DEBUG org.apache.http.wire -  << "[0x1e][0xcc]Ak[0xe4][0x99][0x80]7[0x1][0x13][0xe5]E[0xa4]m:[0xd8][0xbd][0x88]4z[0x9f][0x98][0x9]j[[0x82][0xfa][0xbf][0xe8]E[0xa1][0x91][0x9][0xd1][0xde][0x5][0xad][0xec][0x83][0x86])[0xee]T[0x94][0x4][0xdb][0xfc][0x84][0xad][0x19]aJtO[0x1]i[0xf9]4iuOAQbJfAIbIbqyf[0x11][0xb6][0xc2][0xdf][0xc8][0x18][0xd4]L"*[0x88]AAC[0xd0][0xc7][0xb9][0xf0][0x89]"[0xe8][0xd2]W[0x8c][0x16][0x9c][0x89][0x19][0xc8];D[0xd8]h[\n]"
17:11:38.304 [main] DEBUG org.apache.http.wire -  << "[0xee]"Cm[0xc4]S[0x1a][0xa6][0x83]N<G[0xcc][0xe5]c+[0xc]M[0xc][0x89][0xed]m["[0x1d][0xf7][0x8e][0xc7][0xce]2[0xf0][0x88][\r][0xe8][0x8a][0xae][0x82][0x14][0x8c][0x13]w[0xcc][0xcc]A[0x8d][0x5]"|hb[0x9][0xea][0xb0]A}H|[0xa6][0xc9][0x82][0x1e][0xef][0x9e]\[0xa6][0x87][0xa5][0xb6]1'[0xbe][0xd3]m[0x8c]hQ`[0xcf]4i[0x5][0x89]9[0x89][0xc5]%E[0x99][0xd8]2[0x8b][0x85]![0xb1][0x13]P[0x96][0xa0]E[0xd6]Pob/[0xe2]+`)[0x15][0xc7][0xe8][0x5]x!'q![0x8a]h[0xec][0x12]l[0xa2]d$[0xe6]%Z[0x98]b+\-[0x8c][0x88]=[0xa2][0xd6][0x12]t[0x9e][0x8][0xd4]o[0x4]-L-H-*[0xc9],[0xc7]z*[0x81][0xb1]!(1[0x10][0xe5]GP[0xcb][0x1f]j%[0x9e]4[\n]"
17:11:38.304 [main] DEBUG org.apache.http.wire -  << "m[0x1]e&[0x83][0xe6]l[0xb0]ZiH[0xf4][0xa2][0x7]KP[0x13][0x11]j%A_f[0xa7]f[0x82][0x86][0x19]KK[0x12]A[0x7][0xda][0xa0][0xf][0xf3][0x99][0x9b][0x10][0xdd][0x93][0x5][0xad]l[0x83]Z[0x8a]=}[0x16][0xe6]&[0xe6][0xa5][0x97][0xe6][0x15][0xe7][0xe7][0xa5][0x83][0x96].[0xa1]oe0[0xb5][0x0][\r]p[0x13][0x17][0xa4][0x88][0xac]@|F[0xcc][0x87]-[0x85][0x80][0xc]Q`[0xc9][0x8c]Ff[0xc4][0x1e][0x94]g[0x9][0xda][0x90][0x87][0xd7][0xb3][0x15]E[0x89][0xb8][0xe][0xab]62[0x2]M[\n]"
17:11:38.304 [main] DEBUG org.apache.http.wire -  << "[0x11][0xe7]QD[0xfe][0xc0][0x9e][0x15][0xf3][0xa1]+[0xc2][0xb0][0xe7]DCK[0xa2][0xfb][0x81]H[0x93][0xc1]$[0xb7]}[0x8a][0xcb][0x13][0x93]A[0xf7][\n]"
17:11:38.304 [main] DEBUG org.apache.http.wire -  << "A[0x2][0x16][0xed][0x10][0x11]s#[0xd0][0x10]%Q[0xbe][0x5]M[0xdd]A[0x3][0x95][0xc4][0x9a]3[0xb5](71%3[0xa7][0xb4]<[0x15][0xc7][0xdd][0x88]FF[0xa0][0xbe][0x1]q[0xae]@[0x8c]@aO[0xc7][0xb9][0x89]E)[0x19][0x99][0x95][0x89][0x19][0xa0]-[0xdb]y[0xe9][0xa0][0xd2][0x16]e[0x91][0xa7][0x5][0xd1][0x7][0xcf]X[0x82][0x8e]I[0x80][0xfa][0x98][0xf8][0x84][0xc][0xdd][0xb4][0x9b][0x9a][0x2][0xba]1[0x15]d;ZC[0xcc][0x94][0xe8];[0x95][0xc1]G[0x1d]A[0xed][0xc7][0xee][0xd7][0xfc][0xbc]L[0xd8]b[0xdd][0x82][0x12]l[0x15][0x98][0x5][0xf8][0xe4]%[0xe2][0x2][0x16][0xd1]s[0xc1][0x9e][0x98][0xc1][0xa7]v$[0xe6][0xc1]N`[0x80]$'[0xb4][0xdd]8[0x16]&D[0xf]%[0x82][0xe6][0xf5][0xa0][0x9e]#-9[0x81][0xf6][0xc2][0xa7]d"[0xc6][0xab][0xa1][0x8d]#[0x94][0x8d][0xa1]F&D[0xf7]J[0x91][0xa6][0xcf]q7>3[0xc0]g[0xd4][0xa6]$[0xe2][0xa8][0xbd][0x89][0xbe][0x9f][0xcc][0xd2][0x14]Qd`[0x8f][0xd2][0x94][0xcc][0xc4][0xc][0xa4]8E[0xcb][0xae]f[0x6][0xa0][0x19][0xc][0xe2][0xe2][0x13]1tD|[0xe2][0xcd][0x82]][0xd0][0x8a][0xad][0xe5]ga[0xe][0x1a][0x83]#[0xca]r[0xa4][0xd9]{[0x82]U\y&[0xf8]l3[0xf0][0xf9]7X[0xfb][0xa3][0xa6]FDG&[0xe8]@=h[0xa2][0xc2][0x1d][0x99][0xd9][0x89]y[0x99][0x89][0x6]X[0xf][0xbf]2[0x3][0xef][0xcf]'[0xce][0x8b][0x88][0x82][0x88][0xf8][0xf0][0xcd]Cl[0xd7][0xc0][0xea]U#sP[0x9b][0x99]8[0xfb][0x11][0xdd]a<[\r][0x17][0xf8][0xbe][0x1b]H[0xee][0xc5]^[0x11][0x99][0x10][0xdf]B[0x3][0xdd][0x11]F0[0x80]sJ[0x8b]2J[0x8b]`[0x15]:[0xb6][0x9]C#[0xd0]f"[0xe2][0xbc]I[0xc1]J[0xd5][0xe2][0xcc][0xdc][0xc4][0xbc][0xac][0xd2][0xbc][0x92]D[0xd0][0xad][0xa1][0xd9][0xa0][0x3]q [0xa5][0x16][0xca]\[0xad][0xb1]![0xa8]mD[0x9c]c[0x10][0xb9][0x17]w[0xf2][0x2][0x9f]D[0x96][0x95][0x98][0x94][0x98][0x83]=[0xb4][0xcd]L@[0xfd]][0xe2][0xec]C[0xe4]a[0xec][0xa5][0x5][0xb4][0xb2][0x1]_[0xef][0x96][0x9a][0x97][0x8e][0xad][0xf9]m[0x8][0xbe][0x87][0x85]([0xeb][0x90][0xd6]p[0xe0][0xf6][0x1e][0xb4]p[0x82][0x9d]J[0x93]\[0x86]q<[0x81][0x9][0xd1]k6,[0x91][0xd6]l`[0xf7]`i[0xe][0xe8][0xb6][lI[0xc8][0x84][0xe8][0x99][0x3]P[0xc3][0x15][0x9a]f[0xb1][[0x2]>[0xfc][0xbc]8[0xd1][0xcc][0x12]4M[0x82]>[0xc0]idA[0xf4][0xc][0x1d][0xd2][0xaa][0xc][0xe2][0x8b][0x84],[0xc4][0x15]O[0xd8][0x8b][0x4]3[0xa2]K][0xa4][0xf5][0x18][0xa4]U[0xa9][0x99]Ei[0x89]y[0xb0][0xf1][0x15]H[0x16]A[[0xb9]edAt[0xab][0x18][0xb4]([0xf][0x1a][0xdc][0xb8]SQ>[0xec]l5[0xf4]E}&H[0xdd]S[0x0][0x0][0x0][0x0][0xff][0xff]"
17:11:38.304 [main] DEBUG org.apache.http.wire -  << "[\r][\n]"
17:11:38.305 [main] DEBUG org.apache.http.wire -  << "331[\r][\n]"
17:11:38.305 [main] DEBUG org.apache.http.wire -  << "[0xc2][0xf][0xa0]%h[0xcb]<[0xd4]"[0xec][0xf1]ZR[0x9a][0xe]*[0x1]L[0xb0][0xde][0xc6]a[0x4]>/[0x9e][0xb8]|[0x81]([0x83][0xb0][[0x94][0x92][0x98][0x92]X`[0xe]>[0xe1][0x15][0xfd]D1ss[0xd0][0xbc]-q[0xd6] J[0x17][0x92][0x1b][0xf9][0x90]u([0xa0][0xc3]22A[0xbd]7[0xb4]f[0x83][0x85][0x1][0xa8][0x95]C[0x9c]#[0x10]E[0xe]ii([0x17]<p[0xf][0xda][0x9f][0x86]%[0xb7][0x9a][0x98][0x13]{P[0x86]%[0xd2][0xca][0x1b][0xe2]3[0x11]l[0xb7]Uvb[0x11]h[0xc6][0x13]{[0xc1]kn[0x4]Z[0x95]@T( -[0xca]!-[0x14] [0x3][0xcd]9[0xa0]1[0xe0]t[0xd0][0x18]!zr[0xb0]0[0x3]- &[0xce][\r][0xe4]40r[0x13]A[0xd7][0xb1][0x14]e[0xa6][0xe6]&[0x16]ck[0xc3][0x99][0x1a][0x82][0xf6][0x92][0x11]g?Q[\r][0xc][0xf0][0xd2][0x9c][0x94][0xcc][0xbc][0xdc][0xd2][0xac][0xd2]"l[0xf5][0xf][0x9]#xHg[0xb4]`[0xef][0x82][0xe4][0x96][0xe6]e[0x1a]Zb[0x8f]]##[0xa2][0xab]U[0xa4][0xb3]X[0x8][0xb6]N[0x93]S[0xf3][0xd2][0xb3]3[0x8b][0xa0][0xbb][0x5]@[0x15][0x4][0xca][0xd4][0xaa][0xa9])[0xa8]kN\x"[0x86]E[0xb0][0xfb][0xe][0xbc]n[0xd6][0x12][0xc7][0xbd][0xea][0x16][0xa6][0xa0]4I[0x9c]E[0x84][0x8a][0xab][0xdc][0xc4][0x9c]Ds[0xac]{/,[0xcc]A[0x13][0x84][0xc4][0xd9][0x82]([0xad]H[0xcb]"U[0xa5]9[0x89][0xa0]#/K[0x8b]J[0xb1][0xdf][0x9e]eAt[0xcd][0xe][0xda][0xfd][0x3][0xad][0x1]H.1[0x93]s[0x12][0x8b][0x12][0xcd]L[0xa1][0xbd]G[0xf4][0xe1].[0x13]#[0xd0][0x18][0x12]Q[0x1][0x81]t0[0x9][0xf1][0x5]V[0x5][0xe2][0x8c]%P1[0x81]>ybn[0x0][0x1a][0x97]$[0xce]zD6%[0x98][0x98]a[0xb7]zb_7mlF|[0xc0]#[0xe6]V[0x89][0xf7]3([0xf7][0x1a]`[0xbd]S[0xd2][0x8c][0xf8][0xb5][0x3][0xa0]S[0x83][0xa1]QN[0xd0][0xbb]9[0xb0]&[\r][0xd6][0x86][0x95][0x9][0xf1]S[0xc9][0xa0]p[0x81]ZJr:[0xcb][0xc9]H[0xcc][0xce][0xcc][0xc5]^f[0x19][0x82]O[0x82]$.[0x9a][0x9]e[0xea][0xe4][0xc4][0xf4][0xc4][0xec][0x8c][0xcc][0x14][0xd0]M[0xee][0x90]3[0xc2]Q[0xee]*5[0xb2] [0xf6][0xe6]?K[0xd0][0x10][0x3][0xd4][0xb7][0x4][0x83][0x18]V[0xdf]d[0xa7][0xe6]&%B[0xf3][0x12][0xfa][0x82]bb/X1[0x5][0xdf]5[0x4][0xb5][0x19]{C[0xab][0x4]6[0xfa][0x84][0xbe]<[0xd2][0xcc][0x14]4[0x1]CDH[0x9a][0x1a] [0xed][0xf1]'![0xed]&[0x82]7[0x8a]%[0xa6][0x16]a?[0xef][0xdd][0xd8][0x8c][0xc8][0xf2][0xc2][0xd4][0xc0][0x0]Q[0xaf][0xe3][0xe9][0xb8]C.[0xa6][0xcf][0x3][0xed][0xdd].[0xca][0xc2]zJ[0x96][0xa1])[0xc8]'[0xc4]y[0x19]QF[0x10][0xef]e[0xe8][0xaa][0xc5][0xdc][0xc4][0xa2]D[0xac][0x97][0xe7][0x19][0x1a][0x82][0xa6][0xa9][0x89][0xb3][0x1f]Q\[0x90]VW[0x80][0xb6][0xff]$[0x81][0xef]wA[0xeb][0x8f][0x98][0x10][0xbb][0x11][0xd3][0xd4][0x0][0xe9] [0x2][0x92]3/x[0x97][0xa2][0x5][0xf6][0xcc]ka[0x0][0xaa]~[0x88][0xf3]?[0xa2][0xea][0xc7][0x9e][0xae][0xcb][0x91][0x86]*[0xb0]5[0xdb][0x8c]M@[0xeb][0xe][0x88][0xb3][0xb]QP[0x90][0xec]][0xd0][0xe1]`[0xb9]fXoG55'>[0x83]!Z[0x6][0xb8];[0x80][0x19][0xb0])5P[0xf5][0x87]6DnbJ[0xe4][0xf0][0x90])[0xf8] Dh[0x89]AZ[0xca][0xca][0x4][0xcd][0x92][0x82][0xa7]E[0xc0][0xd7]![0xa1][0xad][0xcd]$[0xf2][0x94][0x16]S[0x3]P[0xe7][0xe]j?[0xc1][0xb2]2/[0xb1]81)'1[0xbb]87[0x13][0xbc]4[0x10]t[0xa3]3[0xda][0x99][0x10]F[0xa6]D[0xae][\n]"
17:11:38.305 [main] DEBUG org.apache.http.wire -  << "55[0x0][0xb5][0xe3][0xa1]6cOS[0xc9][0xe0][0xa3][0xab][0xb0][0xa7]][0xa2]W[0x93][0x9b][0x1a][0x80][0xb6]L@[0xed][0xc1][0xde]l[0x5]o[0x1f][0xb2][0x0][0x1f][0xfa][0x80]2[0xd1]bnF[0xe4][0xe4][0xa4][0xa9][0x1][0xd2][0x12]_[0xec]v`[0xac][0x8d][0xc7]2?[0x88][0xd8][[0x9][0x0][0x0][0x0][0xff][0xff]"
17:11:38.305 [main] DEBUG org.apache.http.wire -  << "[\r][\n]"
17:11:38.305 [main] DEBUG org.apache.http.wire -  << "24C[\r][\n]"
17:11:38.305 [main] DEBUG org.apache.http.wire -  << ""0r`j[0x0][0x9a]w[0x83][0xfa][0x9]{[0xd8][0xc1][0xb7][0xac][0xa4][0x80]'[\n]"
17:11:38.305 [main] DEBUG org.apache.http.wire -  << "A[0xcd]~[0xe4][0xc3]$[0xcc][0x89]]Al[\n]"
17:11:38.305 [main] DEBUG org.apache.http.wire -  << "[0xde][0xde][0x2][0xb5][\n]"
17:11:38.305 [main] DEBUG org.apache.http.wire -  << "[0xbb][0xd7][0xc0][0xf5]J[0xa6])[0x8e]}[0x80][0xc6]f[0xa0][0x3]N[0x88][0xca][0xf8][0xa0][0xc5]'P[0x9b][0xb0]{*[0xb1][0x8]4[0x97][0xc][0xbe][0xeb][0x9][0xe4]![0x94][0x13]W[0x8c],A[0xd3]{[0xc4][0xd9][0x83](`[0x88][0xaf]L[0xc0][0xb7][0xcb]A[0xf7]WbI[0xf7]$[0xe4]x[0xd0]J[0x1f][0xa8]7[0x9][0xe6]8[0xd0]J[0x96][0xfc][0xca]|[0xd0][0xf2]I,[0xc5][0x8c][0xa9]1[0x91][0xb][0x13]L[\r]@[0x8b][0xd5][0xa1][0x96][0x12][0xef]g[0xf0][0x1]A[0x90][0xe3]9[0xb0][0xe7]B[0xb]bw[0xba][0x9b][0x1a][0x80][\n]"
17:11:38.305 [main] DEBUG org.apache.http.wire -  << "D[0xa8][0x3][0x8][0xfa][0xba],1[0xaf]2[0xd1][0x4]vN6J[0xc9]fD[0xec][0xe4][0xa3][0xa9][0x1][0xd2]J`[0x92][0xeb][0x91][0xaa][0xd4][0x9c][0x94][0xc4][0xbc][0xc4]\[0xd0][0x85][0x2]X[0xdb][0xde][0x86][0xc4][0x97]sH'~[0x91]V[0xc2][0xc3][0x9a][0xa6][0xa0]y[0x8][0xf0][0xa9][0xbd]h[0xed]R#[0xf0][0x91][0xd0]D%y[0xd0][0x1a]$h[0xe8]c[0xcf]ZY[0xc5][0x99]%[0xf9]E[0xa5][0xd8][0xdb]I[0xe0]+w[0x88][0xb3][0x7][0xd1]N"9[0xcc]K[0x8b][0x13]S[0x12][0x93]3[0x93][0xc1][0xe3](M3K[0xd0][0xc0]>q[0xe]@L[0x2][0x93][0x16][0xd8]H[0x9b][0xd1]A[0xab],[0x8b][0xa0]][0x1][0xf4]n[0xb5]!xN[0x9b]8[0xa7] [0xda]L[0xb8][[0x11][0x5][0xa9]E[0xa0];[0xa7]`[0xa3]3X[0xd3][0x9a][0xb9][0x1]h[0x2][0x80]8;[0x11]E[0x1b][0xf6]x[0xce][0x1][0xad][0xe1]J[0x84]_q[0x5]>B[\n]"
17:11:38.305 [main] DEBUG org.apache.http.wire -  << "[0xad]eJ[0xf4][0xce][0x16]S[0x3][0xd0]n^h[0xb2][0xc2][0xed]EP-[0x9e][0x8][0xda]N[0x82]u[0xd9][0x91][0x11][0xb1][0x17]?[0x99][0x1a][0x80]f[0xe6][0xa1][0xb6][0xe1][0xe9]w[0xe4][0xa4][0x16][0x83][0xce]j[0x5]o`(A[0xc4]"b[0xf7][0x8c][0xa9])[0xa8][0xb]NTp[0x82][0xc6][0x92][0xa0]6[0x92][0x96][0x9a]@[0xc7]N[0xa7]d[0xe6][0xc1]o.[0xc3][0xb2]0[0xd0][0xc2][0x2][0xd4]0![0xce][0x19][0x88]E[0xca][0xc4][0x17][0xde]U[0xa0]p[0xcf][0xc4]^n[0x9b][0x9b][0x80][0xce][0x13] [0xce]nDg[0x8f]x[0xbb]3AG[0x18][0x95][0xe2][0xba][0x2][0xcb][0x9c][0xd8]{[0xd8]M[\r]@[0xab][0xe0][0xa0][0x11][0x80][0xbd][0xf1][0x91][0xe][0xba][0x98][0xa4][0xc8][0xd2][0xc][0x1a][0xd1][0xe8][0xc3]Pf[0xc6][0xa0][0x96][0x12]q[0x1e]E[0x14]][0xb8][0xd3]2[0xe4].[0xa1][0xe4]D[0xc8]-[0xe9][0xa0]*[0x19]K;[0xce][0xd0][0x9c][0xc8]-[0xc1][0xa6][0x6][0xc6][0x88][0xe2][\n]"
17:11:38.305 [main] DEBUG org.apache.http.wire -  << "[0xb7][0xa5][0xa0][0x88]L,N[0xcc]I[0xcc](M[0xc9][0xcc][0x83][0xfa][0x14]}\[0xde][0xd4][0x82][0xe8][0xce][0x1c][0xa8][0x1f][0x4][\r]T[0x82]U1[0xf8]r[0x1f][0xb0][0x3][0xb0][\r][0x8d][0x1b][0x1a][0x83][0xd6][0x1][0x7]%[0x2][0x0][0x0][0x0][0xff][0xff]"
17:11:38.305 [main] DEBUG org.apache.http.wire -  << "[\r][\n]"
17:11:38.305 [main] DEBUG org.apache.http.wire -  << "27A[\r][\n]"
17:11:38.305 [main] DEBUG org.apache.http.wire -  << ""[0xa2][0xc5][0x8a][0xb4][0xea][0x93][0xe4][0x9a][0x1]t[0xbf]w[0x89][0xa9]9[0xd4][0xe7]hSCf[0xe6]D[0xae][0xaa]35[0x0])$[0xd6][0xe3][0xd9][0x89][0xa0]Ug[0x86][0x6][0xa0]8F?\[0xdb][0xd0][0x0][0xd4]T%[0xce][0xdb][0x88][0xd9]([0x92][0xbd]][0x9c]Y[0x94][0x9a][0x9e][0x8]:[0xa9][\n]"
17:11:38.305 [main] DEBUG org.apache.http.wire -  << "k[0x8f][0x9a][0xf8][0x96][0x10]h[0x87][0x2][0xd4][0xdf][0xd8]k[0x85][0xac][0xc4]t[0xd0][0xd5]c[0x99][0xe0]][0xc3][0xd0]`F[0x99]%04[0x4][0x8d] [0x12][0xe5]cP[0x9f][0x9]j[0x19][0xee]$][0x4]IR[0x90][0x99]Z[0xb4][0x8]5[0x4][0x9f]OK[0x9c]][0x88][0xc2][0x9]O[0x8d][0x0][0xdb][0xc6]Y[0x0]Z[0xc6]W[0x2]nI[0xa1]Uyf[0xa6][0xa0]#q[0x89][0xb3][0x12][0x91]c[0x89]/[0xf]aG[0xea][0xc0]\[0x2][0x9a][0xe1]DOT[0xe6]fD[0x8f][0x86][0x81][0x6]B[0xa1]ALZ[0xb5][0x4][0xda][0x82][0x95][0x97][0x8][0xee][0x11][0x82][0x83][0x1][0xa5][0xbb]kH[0xec][0x86]NS[0xf0]}[0x11]P[0x7]`OPI[0x89][0xd9][0xa0][0x81]?[0xf8][0xf9]>[0xd0]4[0x85][0xa5][0xb0]4[0x3][0xf7]e[0x89][0xb]zb[0x86]e[0xc0][0xd3]x[0x6][0xe0]+[0xfb][0x90];[0xbc][0x16][0xe6][0xc4]'`D[0x96][0xc5][0x93][0xa8][0xc0][0xbb]S3[0xc1]{[0x90][0xd0][0xb7][0xe7][0x9a][0x19][0x81][0x86][0x3][0x88][0xf2][0x12]hP[0xc][0x1a][0x90]$[0x17][0xf][0x10][0x17][0x14][0x80]:[0xc5][0xd0][0xe0]E[0xf6][0xb0][0x11][0xb1][0x17][0x0]@[0xce][0x1f][0x87]:[0x2][0x8f][0x87][0xf3][0x90][0xe]2[0x2][0xdf]c[0x93][0x8b]hR[0x19][0x1b][0x81][0x16][0xbe][0x13][0xe7]cD[0x96][0xc5]]<[0xe4]&[0x96][0x82]f[0xa0]!7[0x19][0x83]J`[0x94][0xb5][0x91][0xc6]F[0xa0][0x1a][0x8c]8[0xdb][0x10][0xe3][0xc6][0x4][0xab][0xba][0xec][0xfc][0xec][0x92][0xc4][0xb2][0xcc][0xc4]<[0xf0])r(Y[0xc3][0xd4][0x0]t[0xf9][0xe]q6"[0x9a][0x11][0xd8][,[0xc9][0xb9][0x89]y[0xa0][0xb]fA+{![0xcd][0xef]L[0xa4]C[0xbc]M[0xc][0x88][0xbc][0x10][0xc7][0x14][0xac][0x10][0x1a]m[0xd8]3a[0x1e][0xac][0x15][0x86]e[0x89][0x93][0x19][0xf8][0xee]K[0xe2]|DL?[0x6]:QU[0x9c][0x98][\[0x9a][0x83][0xad][0xa9]`[0x2][0x9e][0x95]![0xce]BD'[0x6]Oz[0xac][0xcc][0x7][0x9d]r[0x91][0x7][0x9e].[0xca][0x84]f[0x0],[0xe5][0x8b][0x91]%[0xd1]M[0x14][0xa4][0xa5][0xad][0xd8][0xa3][0xae][0x0]t[0xba]Dz:[0xe8] *[0xec][0xed]jcS"[0xf7]Y[0x9a][0x1a][0x80]V[0x84]Bc[0x8f][0xb4]2[0x1c][0xb4][0x1][0xb2]8?[0xb3]$5[0x17][0xd4][0x16][0xc4][0xba]h[0xda][0x1c][0xbc][0xf0][0x9b][0xa8][0xb0]FZ[0xe7]J[0x9a]3r[0x13]AW[0xec]$"u[0x9b][0xb1][0xc5][0xba])[0x9].A[0xc4]:[0xf6][0xd0][0x7][\r]<'[0x82][0x8e]\[0x86][0xc][0x0]bY[0xa4]cdD[0xe4]U[0x6][0x90][0xc3]|[0xa1][0xc1][0x8f][0xdd]6[0xd0]J$[0xd0])[0xe8][0xd8]6[0xeb][0x11][0xbb][[0xd9][0xd4][0x0]t[0xe3][0x0][0xd4][0x1a][0x82][0xe5]OVf^JQ"[0xbc][0xcb][0x88][0xc5][0x86][0xc6]D[0xee][0xa3]55[0x0][\r][0x98]@-&[0xb9]bI"
17:11:38.305 [main] DEBUG org.apache.http.wire -  << "[\r][\n]"
17:11:38.305 [main] DEBUG org.apache.http.wire -  << "20A[\r][\n]"
17:11:38.305 [main] DEBUG org.apache.http.wire -  << "I-[0xcf]4[0xc5][0xba][0xe4][0xcc][0x8c][0xd8]-[0x91][0xa6][0x6]Hk[0xdb][0xb0][0x7]p[\n]"
17:11:38.305 [main] DEBUG org.apache.http.wire -  << "|e/[0xb6][0xd6][0xad])[0xf1]cN[0xa0]=[0xf3]P[0xaf][0x92][0x96][0x84]S[0x11][0x5]~A[0x89][0x1e][0xea][0x88][0x93][0x19][0x91]k&M[\r][0x90][0x96]{[0x11][0x8c][0xe2]TH[0x3][0x1b][0xfb]([0x8f]9[0xa8][0xfc]!*[0xd3][0x82][0x16][0xd2]@}[0x8c]=l[0xd3] [0xab][0xb8][0xb0][0x5][0xac][0x5][0xb1][0x97][0xee][0x9a][0x1a] [0xad]f"[0xe8]3[0xc8][0xbc]}IjN.[0xb8]a[0x89][0xde][0xf]7[0xb2][0x0][0x8d][0x82][0x12][0xe7]9Du[0x83][0xdd]s9[0xe0].[0xbf][0xa1]1hk[\n]"
17:11:38.305 [main] DEBUG org.apache.http.wire -  << "J-maA[0xf4][0xc0][0xe][0xe8][0x80]Vh[0x8][0x12][0xdf][0x8a][0xcf][0x5][0xb5][0xb8]R23[0x8b][0xf2][0x12][0xf3]J[0xf2]A[0xcd][0x12][0x8c][0xa5][0xb6][0x6][0xa0][0xad]q[0xc4]y[0x13][0xd1][0x98][0xc5]^{[0xe7][0x17][0x80]V[0xb4][0x82]G[0xa0][0xb1][0x14][0x5][0xa6]FD[0xf7][0x16]@[0xab][0xca][0xa0]~%[0xb9]([0x80][0xe]O[0x1a]c[0xdd]k`D|&[0x1][0xed][0xf2][0x85][0xba][0x1]O[0x95][0x9e][0x9f][0x93][0x9e]h[0x8c][0xf5][0x9e]23[0x13]"O[0x86]6[0x5][0xcf]iC[0xad][0xc2][0xd7][0xc0][0x4][0xcf]Z%f'[0xe6]f"[0xc6]TPZ[0x99][0xe6][0xc4]n[0x16]15@Z@[0x85][0xc7]w[0x5][0xd9][0xa5][0xc5][0xa5][0xb9]X[0xf][0xfe]07%[0xf2][0xba][0x0]S[0x3][0xd0]E[0xa5]P[0xef][0x91][0x1c][0x9b][0xf0]%[0x19]%[0x89][0xc5])[0x99]X[0xf][0x12]01[0x6][0x8d][0xe9][0x12][0x95][0x82]AM[0x1d][0xa8]KH+w[0xa1][0x13][0xd7][0xe0][0x19]5P.B[0x9b][0xd6]05 r[0xa5][0xb6][0xa9][0x1]([0xbf]C[0x9d][0x80]'[0xe0]A=$CC[0xac][0x85]![0xb1]w[0xf2][0x98][0x82][0xf][0x88][0x83]Z[0x85][0xbd]X*N[0xcc]KO/J[0xcc][0xcc][0xc3]:[0xcc]ma[\n]"
17:11:38.305 [main] DEBUG org.apache.http.wire -  << "[0xaa][0x10][0x89][0xb]WDC[0x88][0xf8][0xb2][0x9][0xb6][0x18]![0x3][0xd4]}[0x81][0xc][0xab]`i[0xc][0x9b][0x10]{|[0xbc])[0xf8][0xa8][0x7][0xa8][0x9][0x16][0xfe]y[0x89]Y[0x99]I[0xd0]{[0xb5] #[0xdd][0x88][0xae][0xa1][0x19][0xb1]7[0x88][0x99][0x82]w[0x86]A[0xad][0xc4][0x9d]s![0xb7]|g%f[0x16][0x83][0xca][0xcc][0x2][0x98][0xd8]QP[0xf0]mIP[0xdb][0xb0][0x17][0xc0][0x90][0xe3](`[0x17][0xf1]`[0xad][0xb3][0x8d][0x89][0x9e][0x99]1[0x4][0x15][0xd7]P[0xeb][0xb0][0xa7][0x9f][0xec]R[0xd0][0x19][0xfc][0x89]y[0xa5]E)[0x99][0xa0]Ck[0xc0][0xd3]`[0xd0]8[0x4][0x0][0x0][0x0][0xff][0xff]"
17:11:38.305 [main] DEBUG org.apache.http.wire -  << "[\r][\n]"
17:11:38.305 [main] DEBUG org.apache.http.wire -  << "C1[\r][\n]"
17:11:38.306 [main] DEBUG org.apache.http.wire -  << "B[0xee][0xd8][0x9b][0x11][0xbb][0xe][0xce][0xd4][0x10]i[0xa1][0x16]i94[0xaf][0xa0](1)[0xbf]<[0x1f][[0x9e]1%[0xf6][0xae]dSC[0xd0]ju[0xa8][0x9f][0x89]O[0xc9]9H[0x1b]#[0xb1][0xdc][0xd6]klF[0xe4]N[SC[0xd0][0xe4]8[0xd4]z[0xec]1[0x9c]XYZ[0x9c][0x8]:[0x86][0x12][0xeb][0x95]4[0xa6][0x16]D[0x9e][0x13]aj[0x88][0xb4]B[0xb]w[0xca][0x85][0x1d][0xd0]S[0x92]Y[0x2][0x1e]a@[0xdb]yjf[0x9]jo[0x11]SB[0x18][0x1a] [0x9a]H[0xa4][0xc5]kzniN%[0xa8][0x84][0xc0][0xd2][0xa2]07[0x0][0x85][0x17]q[0xf6]#J([0x92][0xeb] X[0xf7][0x15]v#4([0x17][0xa3][\r][0x0][0x9b]Y[0x12][0xdb][0xcd]1[0x4][0xad]-[0x81]F1[0xde][\n]"
17:11:38.306 [main] DEBUG org.apache.http.wire -  << "[0xa0][0x4][0xd4]b37[0xc6][0x96][0x9e]ML@[0x8d]A[0xe2][0xfc][0x8d][0x18][0x19]$-[0xdc][0xc1]W,[0x82]60[0x82]"
17:11:38.306 [main] DEBUG org.apache.http.wire -  << "[\r][\n]"
17:11:38.306 [main] DEBUG org.apache.http.wire -  << "4AB[\r][\n]"
17:11:38.306 [main] DEBUG org.apache.http.wire -  << "[0xae]J(M[0xd1][0xc3]8[0x7][0xc5][0xd0][0x98][0xe8][0xc8]GZH[0x81][0xc7][0xcb]Y[0x89][0x99]9[0x89]y[0xa0]M[0xc6][0x89][0x99][0xd9][0x19]XOe[0xb2][0xb0]$v[0x91][0x98]!%K)[0x92][0x13][0x8b]J[0x93][0x8c][0xcd]A[0xb]v0[0xe6][0xac][0xcc][0x88].[0xad]A[0xdd][0x7]hD[0x13][0xac][0x8e][0x8a][0x8a][0x13][0xb]J@![0x8d]%[0x95][0x1b][0x1b][0x82][0xe6]t[0x89][0x8a]m[0x82]k&[0xa0]c^[0xa0][0x81]([0xd0][0x80]>[0xfa]R[0x1][0x13]3P[0xcb][0x9b]8[0xab][0x10][0x83][0x86]x[0xe2][0x14][0xb4]6[0xa2]8[0xb3](1[0xb3][0x4][0xfb][0xe8][0x93][0xb9]![0x91]{[0x94]L[0xc1][0x87][0xb5]@[0x83][0x13]{[0xd1][0x8][0xba][0x9b][\r][0xba][0xf2][0x7]R[0xa3][0xa3][0xd4]A[0x16][0x16][0xa0][0x89]Y[0xe2][0xbc]FnYU[0xe];u[0x11]K,[0x9a][0x1b][0x11][0xdb][0x9a]2D:[0xa5][0x8e][0xb4]<[0xb][0xad][0xf8]sA[0xe7]`[0x82][0xaf]oF?[0xe][0xcb][0xd4][0x90][0xe8][0x82][0x3][0xd4][0xa6][0x86][0x6]7[0x89][0x8e][0x0][0xcd][0xbf][0xc2][0x8a]LPQ[0x89][0xde][0xe0]1[0xb7][0x0][0xed][0x99]$.&[0x10][0xa5][0x17][0xf6][0x16]H:[0xa8][0xf1]h[0x8a][0xb5][0xab]gjB[0xec][0xb0]48A[0xfd]J0[0xa7][0xe6]"[0xdd][0x11][0x8e][0xa5][0xa9]cj[0x1]*[0xec][0x88][0xf2][0x1c]h[0xd7]9[0xd4]V<9[0x8]v[0x99]Xqfn>[0xf8]~+[0xb4][0xae][0x87][0x89][0x11]h[0x7],q[0x16]"[0xb2],Ao[0xa6][0x96]V&[0x82].[0x8b][0xc3]6Bjb[0x6][0xda][0xcc]E[0x9c][0x95][0x88][0xac]D|s*[0xaf][0x12]t+[0x84][0xa9])[0xa8][0x84]B[0x9d][0xd2]5'[0xb6][0xcf]i[0x88]4wO[0xd0][0xaf]H[0x3][0xc2][0x89][0x95][0xa5][0xd8][0xb]*[0xb]K[0xa2][0xdb]pHS[0xf6][0xc4][0xfb][0xb9][0xb8][0xa0](1[0xf][0xd4]|[0xc5][0xda]h[0xb7]0[0x0][0x8d][0x9f][0x11][0x17][0xe2][0x84][0xb2]LJb[0x11][0xa8][0xa6][0x81][0x9d][0xc3][0x8c][0xd5]>##b[0x9b]3[0xe0]S8[0xa0][0xa9][0x18]w;[0x12][0xb2],[0x11]t[0x94]G[0x16][0xe8][0xe6][0x1d][0xf0][0x1c][0x12][0xca]A[0xa6][0x86][0x86]D[0xcf]V[0x81][0x86][0xab][0xa0][0x16][0x92]V0[0x95]g[0xa6]T&"[0xca]F,[0xa3][0xe4]&F[0xa0]}[0xd4][0xc4][0x4][0xb3][0x1][0xd2][0xa1][0x17][0xd8]K&[0xf0][0xd6] [0xec][0xbb][0xa0]M[\r]@[[0xf0][0x89][0xb3][0x6]1[0xf5][0x88][0xdd][0x9a][0xa2][0xc4][0x92][0xcc][0xc][0xe8]([\r][0x16][0x1f]Y[0x18][0x13][0xb9][0xf5][0xd5][0xd4][0x0]tx=Y[0xe1]Z[0x96][0x9a][0x9e]ha[0x82]=[0xdb][0x18][0x13]{[0xfa][0xbf][0xa9][0x1]hc[0xb][0xd4]~[0xdc][0x9][0xa9]49#[0xb3]$[0xd1][0xdc][0xc]T4[0xa0]$ ss[0xd0])[0x19][0xc4][0x85])b9[0x4][0x9e]r[0x17]t[0xc3]7[0xbe][0x8b][0xdf][0xcc][0xc1][0x97][0xe9][0x10]g![0xa2][0x10]$X[0x16][0xa5]'[0x82][0xb6]) [0x8e]'[0x80][0x8c][0x8b][0xa0][0xaf][0xfd] [0xf6][0x16]KHJ[0x83][0x86]*[0x1e][0xcf][0x96][0xc2][0x8f][0x3][0xc4][0x92][0x86]L[0xcc]A33D[0xf9][0x14][0xb4][0xe8][0x13]j[0x1b][0xf1]E_YfYfZf[0x11]h[0xa1]:[0xe8]^R,.02[0x6][0xad][0x5]'[0xce][0x5][0xa4][0xcc][0x9e][0xa7][0xe6]&[0xe6][0x80][0x16]^f[0xe4][0x83].[0x4][0xc3]^[0x12][0x1a][[0x18][0xeb][0x10][0xb7]\[0xc][0xd4][0xaa][0x81]z[0x9e][0xb4][0x82])7[0x15][0xb2]$01[0xab]4'[0x13]|=[0x8]Fg[0xcb][0xd8][0x10][0xb4][0x80][0x86][0xb8][0x10]@$o[0xd2][0x9c]QPZPZ[0x2][0xdd]([0xc]j[0xb7][0xa1]NT[0x18][0x81][0xbc]G[0x9c][0x3][0x10][0xd3][0x4][0xb8]32d[0xad]Ziqb.[0xf6]3[0xfa][0x8d][0xc1][0xe7][0xc9][0x11]g[0x1f][0xa2][0xc6][0xc3]m_yfq^)RE[0xf][0x1a][0xc4][0xc5][0xd2]|[0xb3] ~[0xea][0x1d]4[0xd2]BVtg[0x83][0x16][0xc7][0x83][0xfa]z[0xc9]eh3x[0xc6][0xc4][0xcf][0xe0]![0x92]9[0xf1][0x19][\r]|HN[0x9][0xe8] &P[0xf1][0x89]>[0xdf]enAl[0xdf][0xcf][0x0][0xd4][0xfc][0x83]z[0x1d]O[0xa1][0x2][0x1d][0x90]KM[0xc1][0xb1][0xa2][0xd7][0xc2][0xd4][0xd2][0x9c][0xb8][0xac]e[0x88][0xb4][0xe3][0x8b][0xe4][0xd1][0x1b][0xf0]2n[0xc8]\[0x1f]h[\n]"
17:11:38.306 [main] DEBUG org.apache.http.wire -  << ",[0xb9][0xc][0xf3]^[0x4][0x13][0xd0][0x98][0xc]1i[\r]|[0x90][0x3][0xd4][0xe7][0xa4]e.[0xd0][0x8d]K[0x99][0x89]E[0xd8][0x2][0xde][0xd8][0x94][0xe8]A[\r][0xd0][0xf2]k[0xa8][0xf5][0xc4]G;hY@&dd[0x18][k[0xde][0x9c][0xd8][0xb3][0x17]M[\r]Ak[0xc4][0xa0][0xd6][0xe3][0x89][0xf7][0xac][0xd4][0xe2][0xe2][0xcc][0xe4]D[0xf8][0x99][0x80][0xd8]F[0xb0][0x8c]LA[0xa3]#[0xc4][0x5]9[0xa2][0xd7]B[0xbc][0x9f]![0xa7]a[0x19]`][0x11]`B[0xf4][0x2][0xf]C[0xd0][0xa2]h[0xa8][0x87]q[0x17]-[0x5][0xa5]%[0xa5][0xe6][0x6][0xa0][0xc1]"[0x94][0xf9]x[0x13][0xe2];[0xfc][0xa0][0xa5][0xb9]Pk[0xf0][0x84]k~U%[0xe8][0x0]|p[0xe3][0x19]m[0xf3][0xa6]9[0xd1][<[0xc0][0xfb][0xc2][0xa1]vaoQ[0x16]C[0x96][0xf0]f'[0x16][0x95]db?[0x1b][0xdd][0xd0][0x98][0xe8][0xbe][0x10])[0x1b][0xc7][0xf2][0x12][0xb]2KJ[0xb]JAK[0xa7][0xb3]3A[0x8b]^S[0xf4][0xd0][0x6][0x9c]M[0x89][0xde][0x81]l[0x8]j1@[0xfd][0x89];[0xea][0x8a][0x13][0x93][0x12][0x8b][0xc0][0xc5]"[0xa8]>@[0xeb]Y[0x1b][0x9b][0x80][0xa2][0x9f][0xa8]4[\n]"
17:11:38.306 [main] DEBUG org.apache.http.wire -  << "[\n]"
17:11:38.306 [main] DEBUG org.apache.http.wire -  << "[0xf][0x82][0x96][0xe5]&[0x16][0x15]$[0x96][0xe6][0xa5][0x83][\n]"
17:11:38.306 [main] DEBUG org.apache.http.wire -  << "D,[0x3]D[0xc6][0xc6][0xc4]V[0xf1][0xe0][0x83]v[0x9]Z[0x97]YT[0x9c][0x98]b[0x86]uh[0xc4][0xc4][0x94][0xe8]Q7[0xa4][0xd5][0xfe][0x4][0xdb][0xae]9[0xa5][0xa0]h3[0xc0]~k[0xb0][0x19][0xd1]=XP[0xd7][0x13][0xea];[0x82]V&[0xa7]&[0xa7][0x16] [0xd6][0xc4][0xa0][0xd7][0xa8]$[0xc][0x94][0x83][0x2][0x1f]d+[0x0][0x0][0x0][0xff][0xff]"
17:11:38.306 [main] DEBUG org.apache.http.wire -  << "[\r][\n]"
17:11:38.408 [main] DEBUG org.apache.http.wire -  << "557[\r][\n]"
17:11:38.408 [main] DEBUG org.apache.http.wire -  << "R[0xb2]R"[0xad]d[0x87][0xdb][0x9e][0x94][0x98][0x9d][0x9][0xaa][0xd6][0xb1][0xb6]#[0xcd]I[0xf0]?1[0xed][0xa7][0xb2][0xcc][0xe4][0xec][0xca][0xe2][0xd2][0x14][0xd0][0xdd][0xe7][0xa0][0xb4][0x8b]>Nma[0xe][0xea]O[0x11][0x95]x[0x91][0x16][0xf4][0x12]_[0xc0]f@[0xae]w[0xc1]V[0xa1][0x98][0x1a][0x11]][0xb6][0x83][0xb6][0xf4]@[0x3][0x1d][0xfb][0x98].d[0x86][0x16]|{[0x1e][0x8e][0xe][0xa6][0x11]h[0xa0][0x92]8"[0xda]L[0xd8]-[0x3]-[0xd2][0xcb][0xb3][0xc4][0xba][0x13][0xdf][0x84][0xf8][0xcc][0x89]t[0xc6]*[0xc1][0xe4][0x9b][0x95][0x8]:+[0xcd][0x18][0xeb]5[0x97][0x16][0x6]D[0xb7]J@[0xab][0xb0][0xa0][0xc1]H|[0xc][0x96][0xc2][0xd6][0xd4]c[0x1e][0x0]oB[0xfc][0x1c]1[0xd2][0x9a]P[0x92][f[0xc9][0x89][0x95][0xa0][0xe3][0xfd][0x8b][0x12][0x8b]SK*[0xf3][0xb1][0xc7][0xaf]![0xf1][0x8d]#[0xa4]u[0xa1][0xc4][0x87]B[0x12]d[0x81][0x9]v[0xcb][0xcd][0x8d][0x88][0xdd][0xa0]m[0x88]4[0x1e][0x84]=q[0x81][0xe]1/.[0x5][0xdf]a[0x80][0xb2][0x9][0xdc][0xd4][0x94][0xd8]F[0xbf]!h[0x8d][0x9]4[0x9a]I[0xe][0xeb][0xe2][0xc4][0xec]Dh[0x1b][0xb0] E[0xf][0xe5],NS[0x3]b[0xbb]v[0x86]HcD[0x4][0xd3]6d[0x14][0xd7][0x4][0xc7][0xa5][0xc5][0xe6][0xc4][0x9e][0x4]hj[0x8]*[0xc8][0xa0][0xde]&>^A+o!G>[0x14]eVeg[0x82][0x8a]H[0x94][0xa5]R&[0xc4][0xde]cljH[0xf0]j[0x8e]*[0xc4][0xb2]P,[0xf5][0xba][0xb9][0x9]h,[0x9a][0xa8][0x12][\n]"
17:11:38.408 [main] DEBUG org.apache.http.wire -  << "4[0x84][0x5][0xf5])[0xc9][0x11][0xc][0xbb]l;#[0xb5][0x8][0xc7][0x10]6[0xd1][0xd7][0xbe][0x98][0x82]O[0x86][0x82]:[0x84][0xb4][0xca][0x10][0xd2][0xa1]/[0xcb][0xcc][0xcf]I-[0x1][0x8d]![0xa0][0xb5]S[0xcd],@M][0xe2][0xc2][0x2][0xd1][0xab][0xc7][0xde]N[0x5][0xed]W[0xcd]J[0xcc]+[0xce][0xcc][0x85][0xdf]T[0x8d]>[0x9d]iL[0xf4]VJC[0xd0]$[\n]"
17:11:38.408 [main] DEBUG org.apache.http.wire -  << "[0xd4][0xc7][0xd8][0xf3]oRbFi9[0xe8]n&[0xc4][0x5]!X+z[0xb][0xb][0xa2][0xe7][0xf9][0x90]F[0x10]p7Q[0xe1][0xd6][0xa5][0x80]o[0x1b]/M[0xc1]v[0xe4][0xb8][0x89][0x9][0xd1]S[0xc4][0xa0]I{[0xa8]GINc[0xe9][0x89])[0x89]y[0xe9][0x19][0x89]E[0xa0][0xa3][0xde][0xb1]u[0xeb][0xcc][\r]A[0xab][0xc7][0x89][0x8a]_[0xa4]1[0x4][0xe2]su[0x15]l6[0xc][0x94][0xb6]P[\n]"
17:11:38.408 [main] DEBUG org.apache.http.wire -  << "1s[0x13]P%H[0x9c][0xcd]$[0xc][0xc7][0x82]n[0x13]L,.I[0x4][0xdd][0xc7][\n]"
17:11:38.408 [main] DEBUG org.apache.http.wire -  << "[0xb2][0x13]m [0xd6][0xd0][0x18][0xb4][0x8e][0x92]8[[0x11][0xb]PH[0xcb]Ry[0xb0][0xcb][0xdf][0xb0]&7[0x13][0xa2][0xc7]'[\r][0x91][0x16][0xb4]bO[0xe2]H]v[0xac]v[0x99][0x13][0xbd][0xef][0xdd][0x10][0xb4]H[0x2][0x9a][0xca]H[0xf3]-t[0xa5][0xb2]%[0xd6][0x93][0x12][0x8d]L@[0xcb][0x88][0x88][\n]"
17:11:38.408 [main] DEBUG org.apache.http.wire -  << "nP[0xbc]@[0x1d][0x80];o[0x15]'[0xe6][0x80][0xae][0x83][0xc7]z<[0x9e][0x5][0xf8][0x98]#[0xe2][0xec]B4,I[0xce]Re[0xb0]V[0x18][0xb6]n[0xbd][0xb1][0x9]h[0x1b],qn@[0x8c][0x92][0x10][0xae][0x99]K[0xd3][0x8b][0xf2]3[0xf2][0xf3]s[0x13][0x8b]@[0xa3][0x16][0xe8]][0x7][0x13][0xf0][0xe4][0x16]q[0xb6]"[0xc6][0x9a]I[0xf6]9[0xe8]x[0xf0]"[0x3][0x1c][0xb7][0xae][[0x18][0x82][0x86][0xba][0x88]s[0x3]";[0x93][0x96][0xd4][0xc0]k[0x7][0xf2][0xf2][0xcb]2K[0x12]a[0x8b]%P[0x8a][0x14]#S[0xa2][0x17][0x10][0x80][0x6]2[0xa1][0xa9][\r][0xcf][0x0]NbnbNf[0xa2][0x1][0xd6][0xa4]mN[0xf4][0x94][0xe]x[0x15]=[0xd4]2[0xdc]I[0xbb]<3%[0x13][0xb2][0x18][0x6]v)F[0x9][0xca]r[0x18][0x13]c[0xd0][0xa6]gb[0x2][0x18]|[0x80]/[0xd4]>[0x92]#9/[0xb1](%[0x13]1[0x9b][0x85][0xa5]ydAt[0x1a][0x7][0x1f][0x98][0xf]u[0x8][0xc1]4^[0x90][0x8][0x9a]PB[0xec][[0xc4]Z[0xa0][0x99][0x1a][0x12][0xbb][0xf9][0xca][0x8]i[0xb9]$[0xf6][0xc2][0xb3][0xb0]455/[0x5]4[0xbf][0x9c][0x99][0x8d][0xbd]7ah[0x9]Z[0xdc]JT[0x90]#[0x8d]w[0xe3][0x8e]bP-[0x9c]W[0x92]Y[0x9e]XT[0xc][0x9e]4Bo[0xfd][0x18][0x99][0x13];[0xf7]kD[0xf0]\[0xb3]<P{[0x1a]4&[0x7]9G[\n]"
17:11:38.408 [main] DEBUG org.apache.http.wire -  << "[0xb1]V[0xda][0xdc][0x4]4[0xe7]G[0x9c][0xa7][0x10]s[0xd9][0xb8]=[0x95]SZ[0x92][0x96][0x98]gd[0xc]*[0x98]P[0xfa]I[0xe6][0x96][0xa0].[0x16]q[0x16]![0xca]c[0xd2]J[0x84][0xdc][0xd2][0x8c][0xc4][0xdc][0xdc][0xc4][0x14]#[0x1c][0xb3][0xd9][0x86][0xe6][0xa0][0xc5][0x7][0xc4][0xb9][0x1]Q[0x1e]co[0xbe]BW[0xe2][0x95][0xe6]&VbkI[0x99][0x11]{[0x84][0xb9][0xa9][0x11]h[0x94][0x12][0x9a]-[0xf0][0x14]>[0xd0]C<[0x93][0x13]3*[0xc1][0xfb][0x80]Pf[0xf7][0xcc]-A[0x15]6q[0x1e]C[0x14][0xb7]xl+[0xcd][0xcd]4[0xc7]q[0xa8][0xb2][0xa9]%[0xb1]#[0x81]F[0xa0]C[0xf8][0xa1]>#[0xbe][0x8d][0x98][0x91]X[0x9c][0x99]k[0x86][0xf5]V4C[0xf0][0xaa]g[0xe2][0xbc][0x89][0x18][0x84][0xc3][0x9e][0xdf]A[0x19][0x2][0xd2][0xc1][0xcc]/[0xce]N[0x4][0xf7][0xeb][0x91][0x97][0xbc][0x1b][0x1b][0x12][0xef]KDO[0x7]w[0xbe][0x0][0xdf][0xab][0x9d][0x9d]h[0x8]^[0x94][0x8a][0xbe][0xa2][0xce][0xc8][0xd4][0x82][0xb8];[0xe2]M[0xc1]w[0x80]@[0x83][0x14]O[0xf4][0x81][0x86][0xe0]K`[0xb7][0x5]`)[0xb4][0xcd][0x8c][0x88]=2[0xd1][0x88][0x92]u[0xb8][0xe5][0xe0][0xed]k%[0xe0]m[0x5][0xe8][0x83][0xf3]$[0xb8][0x80][0x98]r[0x7]~VM^fNb.to6[0xca][\n]"
17:11:38.408 [main] DEBUG org.apache.http.wire -  << "[0x13]c3[0xd0][0xc0]4Q[0x89][0x87][0xe0]2\[0xf4][0xa6][0x7]h[0xbd]j%J[0xfd]ln[0x2][0x9a][0xc0] [0xce]6DQ[0x83]=[0xa9][0xc2]G[0xa8]s@[0x7][0x6]g`[0x1b][0xb3]5$[0xf6][0xe]eSCP[0x93][0x14][0x9a][0x82][0xb0][[0x7][0x9d]P[0xc1]Z[0xe3]Z[0x98][0x10]{[0xea][0x82]![0xa8]}[0x2][0xb5][0x7]w[0xb6][0x80][0xaf][0xde][0x80][0x8c]%b[0xaf]x[0xcd][0x88]=/[0xde][0xd4][0x10]t[0x2]8[0xd4]R[0xec][0x9e][0x3]/[0xc3]4[0xb4][0x4][0x8d]'[0xa1][0xa5]H[0xb][0xf0][0x18][0x2]11f[0x8][0xaa]E[0xa0][0xb6][0x90][0xdc][0xa2][0x82][0x1c][0xe7][0x94][0xb]jh`[0xf7][0xad][0x91][0x11][0xa8]kM[0x9c];(h[0xbe][0x17][0x94][0x96][0x14]%[0x82][0xf7]f[0x80][0xc2][0x2]e[0x99][0xa6][0xb1][0x19][0xb1][0x87]][0x18][0x82][0xe]p[0x86][0x86][0x4][0x9e][0xe2][0xa8] [0xb1]4'3[0xcf][0x18][0xc7]P[0xa2][0xb1])h`[0x94]8[0xf]#[0x8a]Z[0x82]-[0xc8]|HHc[0xcb]-&[0x86][0xc4][0x9e][0xbd]c[0x8][0x1a]@[0x86]z[0x10]{;[0xa0][0x0][0xbe]{[0x1e]k[0x86]1'[0xf6][0x98][0x1f][0x0][0x0][0x0][0x0][0xff][0xff]"
17:11:38.408 [main] DEBUG org.apache.http.wire -  << "[\r][\n]"
17:11:38.408 [main] DEBUG org.apache.http.wire -  << "10E[\r][\n]"
17:11:38.409 [main] DEBUG org.apache.http.wire -  << "[0x82][0xb4]e[0xf1]Z[0x95][0x6][0x8e]3[0xec][0xa9][0xc6][0xcc][0x90][0xd8]uN[0x86][0xa0]^[0x11][0xd4][0x1e][0xe2]k[0xe5][0xc4][0xf4][0xbc][0xd4]b##h[0xc1][0x8a][0x92]\[0x8c][0x8c]A[0xeb][\n]"
17:11:38.409 [main] DEBUG org.apache.http.wire -  << "[0x88][0x8a]?[0xd0][0x8d]*P[0xab]Ik[0xd9]%V[0x96][0x1a][0x83][0xf][0xe7]D_[0xf5]bfF[0xec]ik[0xe0][0x15][0xaa]P[0xcb]q[0x17]H[0x99][0xc5][0xd0][0xcb]9[0x92]SsSK[0xc0][0xf7][0xce]"7[0xb][0xcc]L[0x88][0xde][0x85][0x0]Zt[0x7][0xb5][0xe]{Q[0x94][\n]"
17:11:38.409 [main] DEBUG org.apache.http.wire -  << "9[0x90][\n]"
17:11:38.409 [main] DEBUG org.apache.http.wire -  << "[0xfd]~R#p[0x7][0x91][0xa8][0xe0][0x4]-C[0x85]ZA0;[0xa4][0xe0]^djl[0x1][0x9a]z![0xce]FD]L|[0xda][0x1]-U[0xce],[0xcf][0xcc]N[0xcd]K[0xc5]z[0xd8][0xa7][0x19]xO[0x15]q[0xf6]#[0xea]J[0xec][0xd9][0xb1][0x4]iq[0x16]z3[0xcb][0x18]|[0xdd]1q[0xf6]PP[0xb2][0x82][0xce][0xf2][0xcc]60[0xc0][0xb6]T[0xc8][0xc2][0x82][0xe8][0xb2][0x1d]4[\n]"
17:11:38.409 [main] DEBUG org.apache.http.wire -  << "[\r][0x8d][[0xd2][0xb2]J:h[0xcc][0x13]<![0x97]\[0xa6][0x87][0xd2][0x2]24[0x1][\r]![0x12][0xe7][0xc4]h'[0xf1][0xf1][0x9c][0x8f][0xf7]HQ3[0x3][0xd0]([0xb]q[0xb6]#[0x1a][0xef][0xa4][0xf9]=;1/[0xb3][0x18]~[0xd4](8g[0x1][0x0][0x0][0x0][0xff][0xff]"
17:11:38.409 [main] DEBUG org.apache.http.wire -  << "[\r][\n]"
17:11:38.409 [main] DEBUG org.apache.http.wire -  << "10D[\r][\n]"
17:11:38.409 [main] DEBUG org.apache.http.wire -  << "Bi[0x95][0x19][0x81][0x17][0x80][0x11][0xe7][0x6]DUCr[0x1d][0xf];s[\r]|[0x98]1[0xf6][0xf2][0xda][0xd0][0x2][0xd4]T![0xca]%[0xa4][0x9c][0xf6][0x91][0xe][0x9f]n[0xc0]V[0xef][0x19][0x81]7a[0x11]g)[0xe2][0xfc]O<[0x15]{[0x16]hH[0xc][0xbe][0xfc][0x15][0x9b][0x95][0x16]$[0xf8][0x13][0xd1][0xed][0xc7]^`[0x82][0xb6]Gef#[0x8e][0xab][0xc1]Z[0xe1][0x1a][0x81][0xcb]y[0xe2][0xfc][0x88]Hf$G1[0xb8]?W[0x92][0x99][0x9b]X[0x4]:[0xc5][0x18][0x9b][0xcf][0xcd][0xc0][0x13][0x8f][0xc4]9[0x4][0x91][0xd6][0x88][0xcf]m[0xe0][0xd3]fA[0x8b][0xcd][0x13]S2[0xc1][0xd7]4bYxmf[0x4][0xba][0x97][0x84](7[0x80][0x8e][0xac][0x82][0x96]7[0xd8]K[0xd6][0xf4][0xc4][0xbc][0xf4][0xe2]D#C[0xd0][0xc8][0xe][0xda][0xb4][0xa0][0x5][0x9][0xd6] [0xbc][0x8a]=[0x92][0xa1][0xeb][0xd6]L[0xcc]A[0xd3]5[0xe8][0x7][0x16][0x12]}5[0xaf])[0xf8][0x8a]f[0xa8][0x88][0xf]S[0xe8][0x91][0x6][0xf9][0xc9][0x89][0x5][0x89][0xd8][0xe2][0xd4][0x82][0xe8][0xb6][0xb9][0x11]h[0xac][0x10]j?[0x9e][0xc][0x4][0x9f]y[0xce][0xcc][0xce](N[0xcc][0xc3]f[0xa7][0x11][0xd1]'0[0x19][0x81]fW[0xa0]v[0x12][0xef][0xe7][0x12][0xd8]=p[0xd0][0xb6][0x1d][0xc6]0[0xa4])[0xa8][\r][0x8c][0x91][0x86][0x0][0x0][0x0][0x0][0xff][0xff]"
17:11:38.409 [main] DEBUG org.apache.http.wire -  << "[\r][\n]"
17:11:38.409 [main] DEBUG org.apache.http.wire -  << "250[\r][\n]"
17:11:38.409 [main] DEBUG org.apache.http.wire -  << "[0xca]/[0xca]L-V[0xb2][0x8a][0x8e][0xad][0xd5][0xa9]V[0xf2]t[0x1][0xb5]`[0x8d]@[0xab][0xd2][0xa0][0xf6][0x13]l[0x8f]@[0xe]U[0x0][0xdb][0x8d]s[0x81][0xb1][0x9]h[0xb2][0x93]8[0x9b][0x11]Y[0x19]w[0xdb][0xae][0x2]t[0xc3]\"hkczbNi^:[0xb6]q;s3[0xd0][0xd9]N[0xc4][0xd9][0x89]H[0xca][0x4]}[0xb][0xf6]g^IffRQbFf.([0xf][0xa1][0xb7]d[0x8d][0x8d]A[0xd1]G[0x94][0xcd]H[0x1b]L[0xf1][0xa4]-[0xd0]Q|[0xa0])[0xc1][0xa4]R[0xe8][0xbe][0xc3]2[0xa4]a_[0xa2]w[0x1d][0x82][0xd7]gA#[0x15]{[0xc1][0x0][0xbf][0xe6][0x19]z%([0xa8]?[0x89]2:id[0xe]ZFJ[0x94][0xcf]@[0xd3][0xe0]P[0xcb][0xf0][0xf8][0xc]4v[0x97]Y[0x92][0x8][0xae]}2[0xb1]n47[0xb4] z[0xb4][0x19]i[0xed]'v[0xff][0xa5]$[0xa6]d[0x12][0xb8]j[0xc6][0xc2][0x18][0xb4][0x12][0x8e]8[0x1f]"Z[0x96][0x4]SM[\n]"
17:11:38.409 [main] DEBUG org.apache.http.wire -  << "[0xf4]`q[0x1c]9[0xd3][0xd8][0xc]4[0xab]A[0x9c][0xad][0x88]Q_[0xec][0x9e]L[0x84][0xf6][0x96][0x93][0xcb][0xf4]P[0x86][0xed][\r][0xcd]@[0xe3]E[0xc4][0xd9][0x81][0xc8][0xf]$W[0xa7][0xd9][0xe0][0xe9][0x1e]s[0x1c][0xe3][0xf6]&[0x6][0xa0]H"[0xca][0x11] [0xd7]B[0x13][0x10][0xf1]E [0xf4][0xca][0x8b][0xe4][0xcc][0xbc][0x94]J[0xac]E0x[0x14][0x94]8[0xfb][0x11][0xed]&[0xd2][0x9a][0xae]9[0x99]9[0x99][0x96]f[0xd8][0x1b][0x8b][0x16]FD'/P[0xab][0x12][0xea][0xec][0x11][\r][0x9a]*[0x85][0xfa][0x17][0xd4]CAY[0xf2]na[0xe][\n]"
17:11:38.409 [main] DEBUG org.apache.http.wire -  << ">[0xe2][0xfc]I[0xa8][0xb1][0x6]Z[0xe9]aa[0x2][0xaa][0xc4][0xd1][0xc6][0xd9][0xcc][0x89][0x1e][0xcd]3B[0x1a]g#>2A3[0xc2]f[0x16] [0xbf][0xa1]t~,,A[0xab][0xb3][0x88][0xf3][0x1b]"[0x8b]bo[0xa3]$%[0x82][0xce][0xcd][0xc9]KLJLJ[0xcc][0x3][0x95][0xe5][0xc8]C[0x4]&[0x16][0xa0]K[0x3][0x88][0xb3][0x8][0x91]+q[0xd7]Z[0xa9])[0xe5][0x89]E)[0xb0][0xed][0xc5][0x18][0x7][0xff][0x9a][0x82][0x6][0xab][0x89][0xb3][\r][0xd1][0xa7][0xc3]S[0xb6][0x82][0x7]H[0x8d][0xc][0xa1]E[0xe][0xda]1)[0x16]&D[0x17][0xab][0xa0]+>[0xa1][0x9][0x11][0xb7][0xdf]@[0xdd][0x15][0xd0][0xf9]d[0xe8][0xb3][0x92][0xc6]&DO}"-[0xd7][0xc5]mOrbyi[0xb6][0x81][0x11](5[0xa2][0xf5][0x8]M[\r][0x89][0xed][0x91][0x1b][0x81][0xbc][0xe][0xf5][0x11][0x89]Y[0xbb][0xb4]$#-[0x13]2[0xda][0x83]~[0x8c][0xb1][0x99][0x19][0xb1][[0x96][0x8d][0x90][0x16]obO[0x96][0x95][0x90][0xb][0x8d][0xb1]6k,@[0xb][0xe4][0x88]J&H[0xcb]5I[0xf3]fIjJJ[0xa5][0x11][0x8e];[0x99][0x8c][0xc0][0xfb][0x83][0x89]s[0x0]"[0xfb][0xe1][0x8e][0xd1]<P[0xed][0xf][0xdd][0xea][0x2][0x8a]V[0x94][0xc5][0xa1][0xe6][0xa6][0x98][\r]G[0x0][0x0][0x0][0x0][0xff][0xff]"
17:11:38.409 [main] DEBUG org.apache.http.wire -  << "[\r][\n]"
17:11:38.409 [main] DEBUG org.apache.http.wire -  << "67B[\r][\n]"
17:11:38.409 [main] DEBUG org.apache.http.wire -  << "[0xc2][0xd1]d[0x5][0x15][\n]"
17:11:38.409 [main] DEBUG org.apache.http.wire -  << "[0xd0]H%[0xb9][0xd2]*K/[0xcd][0x3]m[0xc6][0xc7]^h[0x1b][0x12][0xbd][0xfc][0xc4][0x8][0xb4]w[0x1e][0xea][0x8][0x82]m[0x2][0xd0][0xf1][0xdf][0xb9][0x89]y[0xa9][0xd9][0x89][0xd8][0xad]5%[0xfa][0xf2]+#[0xd0][0xb6]5[0xa8][0xb5]$[0xfb][0x1d][0xb1][0xe1][0xb7]8[0xb1][0xa4][0x12]v[0x8b]%z[0xbf][0x90][0xe8][0x83][0xb3][0x8c]@[0xeb][0xe][0xa1]n![0x18][0x4][0xd9][0xa0]Q[0x7]P[0xd8][0x97]'[0xe6]aK[0xec][0xc6][0xa6][0xa0]%[0xbf]D[0xa5]5[0xa4]AZ[0xdc]i[\r]>[0xb7][0x98][0x93][0x8][0xde]R[0x85]eB[0xd5][0xdc][0x4]4[0xd7]M[0x9c][0x95][0x88][0x9a][0x13]{[\r][\r][0xbb][0x83][0x9]v[0x82]?[0xb4](F[[0xba]hniD[0xec][0x9c]1hy84lI[0xcb][0xd1][0xe0][0xeb][0x91][0xc0][0xe7][0xea]'[0xa6][0x80]'q[0xd1][0x97][0x9a]Y[0x98][0x81][0xda][0x1b][0xc4]y[0x1b][0x91][0xab][0xb1]{[0x1b]4g[0x9d]aa[0x6][0xea]= W[0xa7][0x86]D/[0xbf][0x6][0xef][0xd7][0x83][0xfa][0x13]O[0x5][0x7][0xd9][0xe5]db[0x1][0xb2][0x8][0xbd][0xaf]kaL[0xec][0xcc][0x17]x [0x0]j[0x19][0xc1][0x4][0xb]>[0x82]7[0xd1][0x18][0xdc][0x1a]B[0x1f][0xd2]0"z[0xfb][0xa6][0x11][0xe8][0xec][0x1f][0xa8][0x95][0xd8][0x83][0xb0]*5'[0xb1][0x12]t[0xba]B[0x1][0xf8]~FDw[0xcf][0xd4][0x8]tX[\r]Q[0xf1][0x4][0xda]D[0xc][0xb5][0x84][0xe4]B[0x1]|[0x1c]efbyb[0x1e][0xe8][0xfc]Kh[0xba]EkB@.I#[0xca])[0xa0][0xd1]jr[0x9d][0x92][0xe];[0xfa][0xe][[0x1]aB[0xfc][0xe2][0x1c][0xd0][0xba][0x1a][0xa8][0x1b]H[0xcb];[0xa0][0xcd]HE[0xa6][0x96][0xd8][0xac]7%[0xfa]\z#[0xa4]e[0xb0]D[0xa4]2[0xd0][0xf2][0xf6][0xbc][0x92]|[0x13][0xac][0x8b]g[0x8c][0x89]>[0xef][0xcd][0x8][0xe9][0xc0]W[0xe2][0xdb][0xdd][0xa0][0xde]>[0xf8][0x1c][0x8a][0xbc]|l[0x9d](c[0xb][0x90][0xb1][0xc4]E<b[0x96][0x87]x[0xfb][0xb3]@[0x3];[0x5][0xa9][0xe0][0xa5]th[0xf5][0x90][0x91][0x19][0xb1][0xab][0x16][0x8c][0x90][0x8e]w%9[0xf9][0xa7][0xc3]v[0x88][0x82][0x1a]$[0xe8][0x93]OfF[0xa0][0xad][0x98][0xc4]y[0x1f][0xd1]-[0xc0][0x9e][0xcf][0xc1][0x17]G[0x1b][0x81]o[0xf]E[0xe9][0xbf][0x19][0x19][0x11][0xdd][0x19][0x0][0xcd][0xc5]@[0xd3]5[0xc9][0xfe]L[0x81][0x9e][0xf4][0x87]-m[0x9b][0x1b][0x83][0x6]>[0x89][0xf3]&b[0xcc][0xe][0xbb]7A'[0xdb]&[0xc2][0xea]y,[0x95][0xae][0x9][0xd1][0x8b]^[0xc0][0xe3][0xd3][0xe4]z[0x17]z[0xe]B.h[0xa7]q68y[0xa1]W[0x83][0x86]D[0xaf][0xdf]260[0xd0]Q[0x82]:[0x84]`[0x86][0x86][0xae]F-JL[0xc3]z[0x97][0xb5][0xb1][0x9][0xe8]8db[0x82][0xda][0x98][0xe0]I[0xb0][0xe0]c[0x95]r[0x12][0xc1][0xb3][0x1a]8[[0x96]F[0xc4]vl[0xc1]i[0x0][0xea]K[0xe2]30x[0x83][[0x19]|[0x2][0x1e]k[0x19][0x2][0x1e][0x8d]$[0xce][0xcb][0x88]f[0x16][0xc1][0x80][0x6][0x1f]1Q[0xe]Yn[0x8d][0xcd]Z[0x13]S[0xd0][0xb1][0xb2][0xc4]Y[0x8b]([0xba]H[0xce]W[0xd9][0x89][0xa0][0xa3][0x16][0xf3][0xcc][0xcc][0xb0]e,[0xb]3[0xd0]J<b[0xdc]`dD[0xa8][0xa9][0x5]9[0xbc][0xc5][0x18][0xc7]h[0x9b][0x11][0xd8][0x0][0xe2]lB[0x94]T$[0xfb][0x16][0xb4]i4[0xd1][0x8][0xdc][0xde]C/+M-[0x89][0xdd]=[0x0]N[0x92][0xd0][0x94][0x86][0xa7][0xcd]WYPZ[0x94][0x7]>[0x99][0x9]T4[0xa3][0x8c][0xb][0x99][0x1a][0x13][0xdd]4[0x2])[0x84][0xda]E[0xb2]o[0xc1][0xf7][0xcb][0x1a][0x1a]`[0xef][0xb3][0x19][0x13]}+[0xbd][0x11]h[0xf9][0x9][0xd4][\r]x[0xfc][[0x9c][0x98][0x97]R[0x4][0xbe]V[0x8]s[0xe][0xdc][0xc]|[0xb6][0x1e]Q[0xd1][0xb]:[0x0][0x1f]j[0x19][0xc9][0x1e].[0x7][0x15][0x97][0xc5][0x99][0x19][0xf9]%[0x89]y[0xe9][0xa0]12[0xf4]H61[0x5][0xf5]K[0x88]s[0x7]b[0xe4][0x8a]`^N[0x1]-[0x1](O,[0x82][0xcd]|`[0x99][0x15]51'z[0xf5]+[0xd2]Y[0x80][0xa4]5[0xff][0x8a]S[0x12][0x93]J[0xb3][0xb3]SA[0xe9][\r][0xbd][0x97]ad[0x1][0xea]y[0x13][0xe5]s[0xd0]0[0x18]4[0x6][0x88]/Hs@~[0xc7][0x95][0xd6],[0x8c][0x88][0xdd][0xce]j[0x84]t[0xb0][0x0][0xf6][0x1]'[0xd0][0xe6][0x10][0xd0])[0xc7][0x90]c[0xf5][0xb1]N[0xc7][0x9b][0x80][0xf][0x9d]![0xca][0xaf][0xa0]iF[0xa8]_I[0xb][0xeb][0x8c][0xc4][0xb4][0xe2][0x8c][0xc4][0xc]C[0xf0][0x19].[0xe8][0xd3]j&D[0xdf][0x8c][0x9][0x1e]d[0x87]:[0x0][0xbb]3@[0x1e]6[0x4]/[0x1e]E[0xeb][0x8d][0x1b][[0x12][0xbd][0x82][0xdb][0x14]Q1[0x91][0x9c][0xa9]@G[0x87][0x83][0xa6][0xf5]@[0xf7][0x9c]bI[0xd8][0x86][0xc4][0x97]e[0xa0][0x8d]3P[0xbf][0x12][0xcc]RE[0x89][0x19][0x89][0x95][0xa5][0xb9][0xa5]y8[0xe][0x82]22&v[0x95][0x81][0x11][0xd2][0xda]C[0xec]m[0xbe][0xd4][0x9c][0xfc]<sSPy[0x81][0x11][0x91][0xc6][0xa0]]5[0xc4][0xa5]$Dy[0x81][0xa7][0x90]L[0x85][0x17][0x92][0x90]C[0xfa]P[0x86][0x10]M[0x8c]A[0xbd]m[0xe2]lC[0xb4]cI[0x8e][0xd0][0x2][0xe8]T&[0xb6][0x1a][0xdf][0xcc][0x88][0xf8]4[0x85][0x98]z#[0x18][0x9b]e[0xa0][0x1b][0x19]K[0x8a]p[0xc4][0xa5][0xa1][0x1][0xd1]e#h[0xd1] 4[0x9]a[0x8f][0xcb][0xb4]<[0xc8]FE[0xec][0x95][0x1e][0x9][0x9b][0x1e]@[0xeb][0x83][0xa1]6[0xe1][0x1e][0xa5][0xab]B,[0xfc][0xc2][0xd2]W05!z[0x9c][0x1f]iU%[0x9e][0xd4][0x3][0xb7]-;[0x13][0x94][0x8e][0xb0][0xce]B[0x13][0xc6][0xa4][0x11]h[0x17][0x16][0xd4][0x8b][0xd8][0xcb][0x9e]\P][0x9a][0x9b][0x94][0x99][0x97][0x8e][0xad][0x85]jn[0x9][0xaa][0xab][0x89]J[0xae][0xa0][0xf5][\r]P[0x9b]HN[0xae][0xd0]J[\r][0xba][0xc2][0x10][0xeb][0x12][0x19]s[0xa2][0xef][0xa3][0x3][0xef][0x0][0x81][0xba][0x4][0xbb][0x9f][0x8b][0x12]SR[0xf3],[0xc0][0xa5][0x1][0xca][0xa4][0xb4][0xb1])[0xd1][0xf3][0xa1][0xa0][0x3][0x87][0xa1]v[0xe0]N:[0xa0][0x8e]V[0x11]l[0xd1][0x1e]h[0xe6][0x10]m[0xfc][0xc0][0xd4][0x18]T[0x15][0x12][0x15][0xba]H[0x8b][0xf5]p[0xdb][0x7]>[0xf4][0xd5][0xd8][0xc][0xd4]6[0xc0]<)[0xd2][0x92][0xe8]f[0x11]h[0x87][0x12][0xd4]ox[0x12]*h[0xad]K[0x6][0xe4]0|[0x94][0x86][0xaf][0xa1]![0xd1][0x93]$H[0x7][0x1d][0xe0][0xb1][0xa8][0x4][0xba][0xa1][0x11]4[0xb0][0x8a][0xb2][0x11][0xd7][0xc4][0x4]4[0xa7]D\[0xf0]!*G[0xec]eJ^nbFj1[0xa8]}[0x87]-[0x1b][0x18][0x92]0[0xce][0x89][0xe8][0xa8][0x11][0xdf][0xb2][0x2]-.N,[0xc9][0xcd][0x84]t[0xa0][0xb0][0xb9][0xc0][0x82][0xe8][0xc3][0xd1][0xc1][0xa5];4[0xfa]Hk[0xef][0x14]'[0x82][0x6][0x17][0xc1][0x8d][0x11]P[0xeb][0xb][0x14][0xde]([0xeb]mL[0x8d][0x89][0xdd][0xde]`d[0x81][0xa8][0xbb][0xb0]gA[0xd0][0x92][0xde][0xfc][0xe2]DK[0x13]P[0x95][0x8c]2[0xd8]dj[0xe][0xaa][0xcc][0x89][0x89]Uc[0xd0][0xa8][0x14][0xd4][0xa7][0xd8]mI[0xcb][0x4][0xdd][0xec]X[0x92]_[0x4][0xda][0xd3][0xe]:[0xe1][0x12][0xe4]'[0xb4]&[0x96][0xa9][0x1]h[0x97]+q[0xf6]!:[0xc0][0xc4][0xc7]-h[0x95]zbnbUb[0xe][0xf8]RD[0x1c][0x95][0x96][0x19]hP[0x9a]8G [0xfa][0xc6][0xd8]=[\r][0xcd].[0xc9][0x89][0x19][0xa0]c[0x94][0xb0][0xdb]gbD[0xec][0x81]+[0xc6][0xa0][0xc1][0x19]h [0x93]\[0xae][0x17][0xc3][0x8e][0x8d]E_[0xfe]cB[0xf4]Y`[0xc6]HK[0xb7][0xb0][0xfb]7'5=1#[0xb1][0xb8][0x18]t[0xa1]&[0xa8][0xe8]C[0x9f][0x9]13!v[0xb][0xb][0xb8][0x99][0xb][0xf5]+[0xf1][0x11]\[0x9e][0x98]SZ[0x99]o`[0x8e][0xb5][0xad]e[0x9][0x9a][0x83]%*^AK[0x91][0xa0]vc[0xf7]g[0x5]l[0xc8][0x12][0xd2][0xac]D[0xd9]+caN[0xec][0xac][0x9d]1RO[0x1f]wM[0x2][0xdd]`[0x99][0x91][0x99][0xb][0x9a]u[0xc1][0x9e][0x86][0xcc],[0x88]m[0xca][0x1a][0x83][0x1a][0x11]P[0xbf][0x91]V$e[0x80]6[0xb1][0xe7][0x95][0xe4][0x17]g[0x96][0x94][0xe6][0x82]NcN[0xc7][0xee][0x16]#[0xa2][0xef][0xb]1[0x6][\r][0x97]C[0xdd]B|[0x1c][0x17][0xc1][0x96]6a4[0x1][0x1][0x0][0x0][0x0][0xff][0xff]"
17:11:38.409 [main] DEBUG org.apache.http.wire -  << "[\r][\n]"
17:11:38.409 [main] DEBUG org.apache.http.wire -  << "84D[\r][\n]"
17:11:38.409 [main] DEBUG org.apache.http.wire -  << "R[0xb2]25"[0xf6]>n[0xf0], [0xe9]v'f[0xe4]f[0x9a][0x18][0x82][0x92]6[0x96][0x93][0x89][\r][0x8d]A[\r]/[0xe2]R[0x18][0xa2]5[0x8f][0xa7][0xba]MN[0xcc].JL[0x2][0x9f][0x9]fn[0x80]-M[[0x98][0x81]V[0x8c][0x10]e#[0xd2]^M[0x82][0xfd][0x87][0x82][0xd2][0x94],[0xe8][0xd1][0x14]U[0xa5]9i[0xe0][0x1]q[0xb4]%^F[0xc6][0xc4].L[0x4][0xaf]m[0x86][0x86]4[0xf6][0xdc][0x94][0x87]t7[0x17]$C[0xa1]w[0xc][0x89]?h[0xcf][0x18]iA[0x19][0x9e][0x90][0x5][0xdd]dZl[0x9]>[0xa3][0x1e][0xa5][0xc6]34':[\n]"
17:11:38.409 [main] DEBUG org.apache.http.wire -  << "[0x91][0xf6]Eb[0xf7][0x16]xj=39#[0x11]T[0xaf][0xa2][0xfb][0xc8][0xdc][0x2]4[0xed]H\[0xcc]!*p[0x92]K}[0xc8][0xd1]y[0x99]9[0xc5]X[0xef]O[0xb5]0[0x4][0xcd][0x85][0x11][0xe5][0x8][0xb2]Gn[0xf2][0x12][0xb3][0xca]Aw[0xf][0xa0][0x1f]igl[0x2]jr[0x12]g7bG[0x1a][0xee]b2[0x15]tJ[0xf][0xc8][0x9b][0xe0]Sz0[0xda][0xdc][0xe6]& [0x1f][0x10]g[0x1d][0xa2]i[0x81]'[0x5][0xa5][0x16][0x97][0x80][0xa7][0xc1]M-[0xb0][0x17][0x83]&[0x86]D[0x17]E[0xa0]<[0x8c]7[0x83][0x94][0xc1]N[0x8e][0xc3][0xd6][0x1c]53#v[0xe9][0xb5]1[0xa8][0x8d][0xe][0xb5][0x88][0xf8][0xf2]61/?[0xb7][0x18][0xd4][0x8]-[0xc6]q[0xfe][0xa3][0xb9])[0xb1][0xbb][0xee][0x8d]A[0x8b]v[0xa0][0xe][0xc0][0x9e]g[0xb2][0xc0][0x85][0x1d][0xd6]M[0x12][0xa6]D[0xf][0xd7][0x18]#[0xad][0xf8]"[0xad][0x8e]K[0x7][0x95][0xb]%X;[0xfa][0x16][0xc6][0xa0][0xe5][0x8e]D% [0xa4][0xd1][0x5][0xec][0xbe][0x4][0xb7][0x7]M[0xc][0xb0][0xc5][0xa6][0xa9][0x9][0xb1][0x83]3[0xc6][0xa0][0xe5]~[0xd0][0xc0][0xc4][0x93]N[0x91][0xfa][0x10][0xe0][0x9c][0x81][0xda]m3[0x3]5)[0x89][0xf3][0x14]q[0xb9]"7[0xb1][0xd8][0x2][0xab][0xc7][0xcc]MA[0xf3][0xa2][0xc4]Y[0x85]hV[0x13][0xac][0xaa][\n]"
17:11:38.409 [main] DEBUG org.apache.http.wire -  << "[0xe1]''`[0xcf][0x86][0xc4][0x9f][0x10][0x5][0xae][0xbc][0xa1][0xe1][0x89][0xbd]c[\n]"
17:11:38.409 [main] DEBUG org.apache.http.wire -  << "[0xdf][0x8e][0x95]_[0x90][0x91][\n]"
17:11:38.409 [main] DEBUG org.apache.http.wire -  << "[0xba][0x6][0x2][0xcb][0xf8][0xac][0x5][0xd1][0xd7][0xcc][0x1a][0x83]"[0x1a]j[0x1f]i[0xa9][0x14][0xb6][0x85])57[0xa9]4[0x3]T[0xb9][0xa0][0xc]kZ[0x98][0x10][0xbb]W[0xdb][0x18]i[0xe4][0x4][0x97][0x8f]SR[0xf3][0xcc][0xb0][0x9e][0x16]mb[0x0][0xca][0xcc]D[0xc5]'[0xd2][0x80][0x9]vk[0xa0][0x7][0xed][0xa4][0x80]w[0x8]`[0x1f]r2[0x6]uc[0x89][0xb3][\r]Q[[0xe0][0xc9][0x16][0x88]Vl[0x12]h[0x19];[0xa8]E[0x87]2[0xfe]dF[0xf4]~[0x4]c[0xd0][0xa8]#4[0x1e]qe[0xf7][0xa2][0xd2]$[0xc4][0xd1][0xe9][0xd8][0xb2][0xbd][0x11][0xd8][0x14][0xe2][0xfc][0x87][0x18][0xf9]&[0x98];R[0x12][0x8b][0x13]![0xcd]U[0xb4]%Z[0x86][0xa6][0xc4].[0x97]1[0x6][0xb5]S[0xa0][0xde]#[0xb9][0xf9][0x1][0xdf]7[0x9a][0x96]X[0x84][0xfd][0x12][0x11]33S[0xb][0xe2]n[0x98][0x0][0x9f][0xe3][0x8]u[0x8][0x9e][0x88]-[0x0][0x9f][0xd7]\PZ\[0x0]92[0xe][[0x1e]%z[0x1b][0x96]1h=[0x13][0xd4]N[0xdc]M[0x8f][0xf2][0xc4][0xf4]T[0xf0][0xb2][\n]"
17:11:38.409 [main] DEBUG org.apache.http.wire -  << "[0xd0]a[0x2]%[0xa8][0x1b][0xb2][0x8d][0xcd][0x89][0x1d][0xc7]4[0x6]-[0xf5][0x80][0xda]EZy[0x90][0x95][0x91][0x8][0xed]q[0xa3][0x1e] gdI[0xec]<[0xa0]1%k[0x85][0x8a]`[0xd3]UXg[0x7][0x89][0xbf][0xd4][0x11]<[0xc5][0x4][\r][0x0][0xec][0xe5]DFfNJ[0xa2][0x1][0xd6][0xab][0xdc]-[0xcc][0x89][0x1d][0xbf]5[0x1][0xd5]Cx[0xad][0x1]7Y![0x7]q$[0x97][0xe9][0xa1][0x8f]a[0x98][[0x10][0xdb][0xb0]3AZ[0x93][0x83][0xbd]d[0x80]W^[0xb9][0x99]9[0x89][0xa0]2[0x8][0xa3][0x9b]`[0xe][0xaa][0xe5][0x89])[0x17]L@[0x8b][0xb2][0xa0][0xde]"9[0x9f]f$[0xc2][0xd6][0x15]b[0x1d]:[0xb1] zk[0x81][0x9]h[0x15][\r][0xd4][0x15]x2iQ~qnb[0x1e]l5[0x1f][0x96][0x8e][0xbc]1[0xd1]W[0xd7][0x9b][0x80][0xee][0x17][0x86][0xda][0x88]=[0xd5]@[0x17]w[0x99]ZBW[0xab]"/=63[0x4][0xd5][0xc2][0xc4][0x85]/[0xa2][0x1][0x84]=2SS2![0xdd][0xad][0xbc][0x12][0xac][0x8b][0xb9][0xcc][0x88][0x1e]76!e[0x97]mvjUf[0xa2][0x5][0xd6]kT,[0x8c]AU/q[0xbe]C[0xc]H[0xe0].[0xe8]@[0x93]B%[0xa5]%[0x99][0xa0]+[0x18][0xb1][0x94][0xab]fF[0xa0])g[0xa2][0xac][0x3][0xcd][0xf3]B#[0x8d][0xe4][0xc4][0x9a][0xb][0xda][0x1f][0x1][0xba][0xcb]<[0x1f]4[0x8f][0x83][0x9e]cL[0x89][0xbe]p[0xda][0x4]4[0xd8][0xc]u[0x4][0xf1][0xdd][0xa1][0xb4][0xac][0xc4][0xbc]R[0xc8]arX[0x86][0x80]L[0xcd]@+[0xb3][0x88][0x9][0x2][0xf0][0xf8][0x9][0xd4]v[0xec][0xe9][0xa9]$[0xb1]4-1[0xcf][0xcc][0x10][{[0xc1][0x2][0xbc][0xf9][0x9d]8{[0x10][0xad]i[0xec][0xf9]#[0x1f]z[0xee] [0xf6][0x6][0xb4]1[0xd1][0xb7]b[0x18]#[0xa5]Z[0xec]>[0x82]l[0x8]OJ[0xcc][0x2][0xdd][0x8e][0x9e][0x87][0xdd]>[0x13]3bog5[0x6]][0xbe][0x0][\r]A[0x92][0x13][0x11][0xb8]*).-O,[0xca][0xcb][0x87][0x96][0xb]h#\&D[0x1f]f[0x2][0x9e][0x8b][0x81]:[0x84]`[0x93],;?;[0xbf]8[0x15]2v[0x80]-f[0xcd][0xcc][0x88][0x9e][0xe]@[0xca]D[0xb8][0xf3]l[0xe]xg[0x9a])[0xd6][0xe1]Css[0xd0][0x9c]4Q[0xa9][0x8])[0xaf][0x90][0xd6]8[0x1][0xd7][0xa3][0xc5][0x99])[0x99][0x85][0xd8][0x6]0[0xcd][0xc][0x88][0xdd][0x11][0xf][0xbe][0xa5][0x12][0x1a][0xc8][0xd8][0xd3]qjNYf[0x9e]%[0xf8]JZ[0xb4]N.[0xa8][0x85]N[0x9c]/[0x11]s[0x93]$[0xfa][0xb2](1)[0xbf]<[0x1f][0x9c][0xaa]p[0xa4]kKb[0x1b]([0xe0][0x13][0xf1][0xa1]>%9][0x97][0x83]&[0x9][0x8c]M[0xb1][0x85][0xb5]9[0xd1][0xfb][0xf3][0x8c][0x91][0xce]+%[0x98][0xa0]3s[0x13]Ks[0x12][0xf3]p[0xec]U32[0x5]-[0x86]".[0xf0][0x11][0x5][0x15][0xf1][0xc5]18y[0x81][0xc7]7[0xb1][0xb4]"[0x8c][0x88]^[0x7]i[0xc][0xda][0xdb][0x5][\r]s<[0xed][0x96],[0xdc][0xb][0x88]MM@[0xfb][0xdb][0x88][0xf3](b@[0x17]{J[0xce]M,*O,I45[0x82][0x97]L[0xc8][0xe7]:[0x80]O[0xe4]#[0xce]"D[0xa5]N0[0x1a][0xcb]a[0xcb][0x94][0x92][0xcb][0xf4]0FO[\r][0x89][0xbe][0xea][0xd1][0x18]TzC[0x3][0x12][0xbb][0xe7][0xa0][0x9d][0x95][0xc4][0x92]\[0x1c]I[0xc6][0xc4][0x84][0xe8]Qi[0xd0]zi[0xa8]exb-[0xb3][0x8][0xd4]>[0xc2][0xd2]`16!vo[0x9b]1[0xe8][0xbe]$[0xa8]M[0xb8][0xcb]Z[0xc8][0x15][0x86]%[0xa9]y%[0xa9]y[0xe9][0xa0][0xf9]m[0xb4]*[0xc5][0xd8][0x1c]d[0xc]QQ[0x7][0xba]q[0x6]j[0x1f][0xc1][0xa8][0xcb][0x1][0xf5]vA'?Cv[0x8e][0xa3][0x1c][0x87]e[0xc][0x1e]f"[0xce]J[0xc4][0xc0][0x2][0xf1][0xf9]/%31[0xcf][0x1c][0xc7][0x9a]gSc[0xe2]#[0x12][0x91]%[0xb0]7[0x1d][0xb2]K[0xf3]J2[0x12][0x8b][0x12][0xcd]p[0xd8]enD[0xf4](8[0xa8]S[0xc][\r]Z[0xd2][\n]"
17:11:38.409 [main] DEBUG org.apache.http.wire -  << "[0xf9][0xe2][0xc4][0xa4][0xa2]LScle[0xab][0x5][0xd1][0x87][0xad][0x18]#[0xad]7&[0xb9]t[0xcf],[0xce]M[0xcc][0xcc][0x81][0x8e][0xff][0x81]O.D[0x19][0xb4]22%[0xf6]p[0x7]c[0x90]Bh [0x10][0x1f][0xd9][0x90]}[0x95][0xd0][0x11][0xe5]b[0xd0]M[0xc0][0x90][0xe9]:[0x94][0xa5])[0xe6][0x6][0xc4][0xf6][0x2][0x8c]A[0xb9][0xf][0xea][0x8][0x1c]e[0x5][0xf4][0xc8][0x12][0x88]5h[0xfb][0xfa][\r]-[0x88][0x1e][0xc3]2A[0xf4][0xdd]H[0xe]sP[0xe6]J,([0x2]][0x83]U[0x2][0x9e][0x9]E[0xee]?[0x1a][0x1a][0x12][0xbb][0x94][0xb]|;[0x19][0xd4][0xb3][0xc4][0x87]xVb^j[0x89])[0xd6][0x1]X#K[0xd0]>N[0xa2]r6h[0xe6][0x2]j5[0x9e]b[0xb2][0xa0]([0xb1]2?=1+1[0x13][0xeb][0x11][0x8e][0x16]&[0xc4].i[0x7]/[0xa5][0x83][0xda]Grp[0xa7][0x80][0xe6][0xf1]J@[0x17][0xa2]B[0xc6][0xef][0xb0][0xe]*[0x99][0x98][0x80][0x96]1[0x10][0xe5]wP[0xf3][0x3][0xea][0x16]<~[0x87][0x9c]M[0xc]9[0xd3][0x1e]eB[0xd8][0xc8][0x12]4\D[0x9c]M[0xe4],7[0xcb]L[0xcc][0x3][0xa5]-P[0xfb][0x9]K[0x3][0xc6][0xd0][0x80][0xd8][0xa3]O[0x8d][0x91][0xe][0xc9] [0xad]T[0xcb][0xcc]N[0x4]7[0xa2][0xb0]7[M[0xcd][0x89][0x9e][0xdc]C:[0xf9][0x15]OHg[0xa7]f[0x16]g$ZZb[0xb7][0xce][0xc2][0x2]T:[0x13][0x17][0xdc][0x88]*[0x83][0xf4]D[0x96]Z[0x96][0x99][0x97]X\[0x99][0x99][0x92][0x98][0x81][0xdd]![0xe6][0xe0]m|[0xc4]9[0x4][0xd1][0xca][0xc2]^w[0x81]r[0x94][0x5][0xac]-[0x87]R`[0x9b][0x13][0xdf][0xd9]%[0xb8][0x14][0x1b][0xba][0xb9][\r][0xb6]L[0x7][[0xdf][0xd2][0xd4][0x2]t[0x85]&Q[0x9e]B:[0x9][0x5]Od[0xe6][0x94]f[0x94][0xe6][0xa5][0x9b][0xe3][0x88]LS[0xb][0xa2][0xbb]<H[0xcb][0xbf]q[0xd4][0x4][0x89]I[0x99]I[0x99][0xe9][0x89][0xb9]I9[0xa0][0xcd]FX[0x1a]s[0xe6]D_[0x97]b[0xc]Z[0x8][0x6]-[0x13][0x88]/[0x8a][0xa1][0xa3][0xdc][0xe0][0xf5][0xa1][0xa0][0xa1]Z[0xd4]b[0xc2][0xc]4[0xf0]I\[0xc8]"[0xd2]-[0xf6][0xe4]R^[0x90]Z[0x94][0x9b]X[0x82][0xa3]ulaN[0xf4][0x8][0x13][0xa8]C[0x2][0xf5]&[0xf6]@[0xcd][0x87][0xb6][0xc5][0xb1][0xb5]hL[0x88]/[0xf8][0x88]:a#[0xad]4[0xb]t[0x11]*<y&[0x97][0xe9][0xa1]L[[0x1a][0x9a][0x10]][0xd4][0x81][0x6]-[0xa0][0xfe]"9[0xe7]'A[0x97][0xd3]a[0xcb][0x1e]ffD[0xd7]p[0xa0]Z[0x1f][0xea][0x4][0xec]A[[0x92][0x96]X[0x94][0x99][0x82]#[0xe][0xcd]M[0x89][0x8e]C[0xa4][0x5][0xe0][0xd8]SK[0x5]|[0xbd]%[0x96]<aa[0x2]Z[BT[0xb2][0x4]-[0xcc][0xc4][0xeb][0xa3][0xbc][0xc4][0x9c][0xc4]"[0xd0][0x9e][0xbb][0x14][0xc8][0x81]Xhkw[0x8d][\r]@[0x13][0x10][0xc4]Y[0x85][0xa8](q[0xf7][0xa5]@[0xd7][0xb9][0x81]VY[0x16][0x95][0xe0]XvbF[0xf4][0xc9]3[0xc6][0xa0]M6x[0xfd][0x96][0x92][0x9f][0x97][0xe]Z[0xd2][0x98][0x9f]][0x92][0xf][0xca][0xdb][0xc8]M<[0x13][0xe2][0xd7]3[0x82][0xe6][0xa8][0xa1][0xf6][0xe0])43a[0xb][0x18][0xb]J@[0x7][0xf1][0xa1]t[0xd7][0xcc][0x89][0xbe][0x93][0xc4][0x18][0xd4][0xfa][0x83]ZF|![0x6]jkd[0x16][0x94]$V[0xe6][0x17][0xa7]"
17:11:38.409 [main] DEBUG org.apache.http.wire -  << "[\r][\n]"
17:11:38.410 [main] DEBUG org.apache.http.wire -  << "489[\r][\n]"
17:11:38.410 [main] DEBUG org.apache.http.wire -  << "[0xa6]a[0xcb][0x3][0x86][0xa6]DW[0x11][0xa0]e[0xd2]P[0x7][0x10][0xec][0xa2][0xa6]f[0xe7][0x9b][0x99]a[0x1b][0xcd]06[0x6]]OKT[0xb2][0x1]u&[0xa1][0xf6][0x11][0xef][0xe1][0x94][0xfc]<[0xd0]z`[0xf4][0xd3]R[0xcc][\r]@[0x83][0xd5][0xc4]Y[0x8b][0x18][0x96][0xc2][0x9e][0x3]AG[0x15]e&[0x1a][0xe0][0xe8][0x98][0x9a][0x80][0xe7][0x1b][0x89][0xb3][0x89]P[0xcd][0x90][[\n]"
17:11:38.410 [main] DEBUG org.apache.http.wire -  << ":[0x8a]8[0xd1][0xd8][0x2][[0x81]mh[0x8]J[0x11][0xc4]X[0x4][0xbe][0xa2][0x8f][0xe4][0x90]L,[0xaa]L[0xcc][0xcb],O[0xcc][0xcb][0xc4][0x9e]n@[0xa7][0x99][0x13]g;Ao&[0xe6][0xa5][0x97][0xe6][0x15][0xe7][0xe7][0xa5][0x83],[0xc3][0xda][0x1]03$[0xb6][0xef]g[0x2][0xda]g[0xe][0xf5],i[\r][0xe3][0xbc]R[0xd0][0xe9][0x14][0x99][0xa0]CO[0x12]+[0xb1][0xae]J1[0x1][0xef][0xe9]"[0xca][0xd3][0xa0]59d[0xb9][0xa2][0x12]VaA[0xfa][0xc0][0xe8]#J[0x86]FD[0x1e][0x11][0x5][0xae]^[0xa1]. [0xb9][0xd6][0x4]-[0x91])[0x1][0xb5][0x98][0x13][0x13]S[0x12]K@[0xd3]nh[0xdb][0xa7][0xcc][0x8d]@[0xfd][0xf][0xe2]B[0x2][0x91][0x9f]p[0x97][0xfe][0xe0]K[0xe3][0xa1]g[0xdd]aM[0x0]&D[0x1f][0x1c][0xc]>[0xb6][0xb][0xea]q<[0xa5]r[0x19]l[0xa8][0x1][0xed]\%[0xb]S[0xd0][0x99][0x0]D[0xf9][0xc]t[0xcd]9[0xd4]"[0x92]C[0xb8][0xc][0xbc]s[0xa2][0x8]4[0x9c][0x6][0x1e]X[0xc1][0xea]iSC[0xe2][0xdd][0x82][0xe8][0x94][0x10]_X[0x16]'f[0x97][0x16]%[0x1a]X[0x80][0xaa]@l[0x93][0x9b][0xa6][0xa0][0x5][0xfb]D[0x5][0x5][0xd2]N[0x11][0x82]u[0x3]lW[0x1e][0xe4][0xbc].[0xb4]A[0x1e]3sb[0xd7][0xed][0x9a][0x80][0xc2][0x6][0x1a][0xfc][0x4][0xed]L[0x85]][0xbd][0x8][0xf2]*[0xc6]p7[0xf1]W[[0x9a] m[0x15][0xc1][0xde][0x10][0xac],[0x5]]WURZ[0x90][0x8f][0xfd][0xcc]$#Kb[0xf7][0xe8][0x81][0xef]%[0x81]z[0x10]w[0xce]I[0xc9]O[0xc9]72[0x6]eQ[0xc]o[0x99][0x19][0x82][0xce][0x9a]".[0xfe][0x10]M4[0xec][0x95]^^iQJ&h[0x12]>[0x13][0xb4][0xd7][0x18][0xd7][0xec][0x8f][0x99][0x9][0xa8]ID[0x9c][0x8d][0x88]!:<[0xb9][0x14]4[0xd3][0x83]2[0xfe]X[0xa2][0x87][0xbe][0x0][0xc0][0xc4][0x92][0xe8]%[0x1d][0xa0][0x93][0xe0][0xa0][0x1]Jr&[0xc1][0xba][0xc8][0xd5][0x98][0xf8]UH[0xa0]q[0xe][0xa8][0xdd][0xd8]C8[0x5][0xb4][0xcc]![0x17][0xfb][0x81][0xf1]f[0x96][0xa0][0xe]3q[0xe1]J[0xa8][0xb6][0x5][0xed][0xe0]N[0xcc]H4[0xc4]z[0xa2][0x98][0xa1]1[0xb1]g[0x97][0x82]o[\r][0x83]z[0x8]{N(IM[0xc9]4[0x3]_[0x8e][0x87][0x1e]e[0xa6][0x96][0xa0][0xa9]l[0xa2][0xbc][0x83]4nM0[0x93][0x83][0x8e][0xda][0xc9],[0x1][0xed][0x83][0xc7][0xd6]52[0x3]M[0xf9][0x11]g'[0xe2][0xc0]g[0xec]>+O,[0xca][0xca]4[0xc4]:[0xe9]jB[0xf4][0x1a]<[0xf0]\[0x14]4[0x0]Ik[0xa8]$fe[0xe6]f[0xe6][0x19]b][0x2]dd[0xe]j[0xff][0x10][0xe7]M[0xc4][0xe4]7[0xc9][0xd5][0x17]xj[0x4]6n[0x81]%[0xb4][0x8d][0xc1][0x5]%q[0xce]@[0x14]=[0xa4][0x5]CRbnRb^:|[0xaf][0x4][0xd6]*[0xd4][0xcc][0x4][0xb4]:[0x9f]8[0x87] [0xe6][0xc3][0xb0][0xe7]P[0xd0][0xa1][0x0][0xa0][0x13]x2[0x8b]r[0xc1]{|[0xb0]T[0x99][0x16][0xc4]W_H[0xe7][0xc0]`Oe[0x95][0xa0]][0xa4][0xc5][0x99][0xb9]I[0xf9]9[0xf9][0xe0]#[0xa9]Q[0xb6][0x1d][0x1a][0x1b][0x83][0x96]h[0x10][0xe7]1D[0xdb][0x80]`[0x1e][0xca]H[0xcc][0xce][0xcc][0xcd]I[0xcc][0x1]M/BZ[0xa0][0xc8]}cSs[0xd0][0xb0]$Q[0x96][0x82][0x86][0x2][0xa1][0xa9][0x9b][0xf8][0xb2]6[0x11][0xd6]1[0xc7][0xd6][0xe5]0%[0xbe]l[0x2][0xb5]![0xa0][0x96][0x93][0x96][0xa6][0xd2][0x10][0xe7][0xfd][0x81]wO[0xa0][0xb5]NLM[0x88]^[0xb][0x8a][0xb4][0xa4][0x2]O[0xfd][0x6]Z[0x7][\n]"
17:11:38.410 [main] DEBUG org.apache.http.wire -  << "[0xce]F)[0x99][0xa0][0xf9]c[0x94][0x89]5[0xb]K[0xa2][0xbb]X[0xa0][0xb9]P[0xa8]I[0xce][0xca][0xe0]C[0xac][0xc1];[0xf][0xcb][0xc1][0xd7][0xc1]`[0xeb]k[0x9a][0x13][0xbd][0xaa][0x3]|G&[0xd4])[0xd8]sQ[0x12]x >1[0x3][0xe4]_[0xf4][0x3][0xa4][0xcc][0xc0][0x9b]\[0x88]J_[0x4][0xd7][0x1d][0x80]:s[0xa0]Z[0xe]K[0xe9]daF[0xec]M[0x9e]&H+[0xe]HKI[0xa5][0xd0][0x1]Pl[0xc1]ih[0x6][0x1a]O$[0xce][0x9b][0x88][0xdd][\r][0xd8]K[0x89][0xe4][0xc4][0x9c][0xcc][0xe2][0x12][0xf0][0x15]([0xa0][0x93]2[0xb1]L*[0x99]Z[0x80].[0x17]![0xce]6D[0x95]@[0x9a]o[0xb3]KA[0xc7][0xe7]'[0x82][0xe]R[0x2][0xe7][0x1b][0xf4]E[0xd4][0xc6]&D[0xf]V [0xad][0x84] [0xbe][0xe0][0x0][0x1f]RZ[0x9c][0x99][0x1]Yh[0xc][0x1d]xB[0x19]o6!~[0x19]7h[0xb0][0x16][0x9a][0x84]I[0xce]M[0xd0]X[0x7]w[0xe2]S[0xb0].[0xb]62[0x0]m[0xcd]%.:[0x10]]g[0xd2][0xa2]#%[0xb1][0xa8]4/[0xd1][0xc4][0x4][0x1a][0x10]X**3[0xa2]W[0xf8][0x98][0x80]R[0xf]48Hs[0x5][0xe2][0xec]`[0xd0]1[0x88][0xe0][0xe5][0x3]%z(K[0xf5][0xc]M[0x89]^[0xee][0x8e]4[0xa5]O|[0xb2][0x80][0xaf][0xb7]O[0xcd][0x81]T[0xd9]([0x93]8[0x16]D[0x9f]kc[0x2][0x1a]$[0x85][0x86][0x1][0xc9]I[0xa2][\n]"
17:11:38.410 [main] DEBUG org.apache.http.wire -  << "V[0xc0]c[0xc9][0x9b]&[0xa6][0xa0][0xed]6D%[0x6]"'[0xb6][0xcb]3A=B[0xec][0x93][0x9c]FD[0x1f])d[0x2]Z[0xd3][0x1][0xf5]0i[0x91]^[0x0]nA[0x80][0xfa][0xa3]hu[0xa7][0x89][0x11]hY[0x2]q^E[0xf4][\r][0xf1][0x85]6[0x0][0x0][0x0][0xff][0xff]"
17:11:38.410 [main] DEBUG org.apache.http.wire -  << "[\r][\n]"
17:11:38.412 [main] DEBUG org.apache.http.wire -  << "A0B[\r][\n]"
17:11:38.412 [main] DEBUG org.apache.http.wire -  << "[0xca]I-*V[0xd2]QrI-N.[0xca],([0xc9][0xcc][0xcf]S[0xb2]R[0xca][0x86][0xdd] [0x0]9[0xf7][0x2]e[0xb4][0xdd][0xc4][0x10][0xb4]#[0x96]('[0x80]:[0xe9]d[0xf9][0xbf]<191/[0x11]z9[0x14][0xd6]S[0x93][0xcd][0x88]>[0xcb][0xde][0xc]iCIT[0x88][0x82][0xa9][0x85][0x89][0xa1][0x82][0xa7]k[0x4][0x86][0x9f]S[0xf3][0x12][0xb3]rKS2[0xf3][0xa0][0xf9][0x1d]-[0xe4][0xcd][\r]@[0xa3][0x91]8[0xbd][\r][0xb9][0xeb][0xcb][0xd0][0xc4][0x8]T.A[0xfd][0x9c][0x9e][0x98][0x9b][0x99][0x97][0x8e]aQZ~[0x91][0x2]DJ[0xa1][0xa0][0xb4][0xa8] [0xbf]8[0xb5]X[0xa9][0x16][0xe9][0xba]03[0xd0][0x9c][0x10][0xd4][0x8][0xb7][0xd2][0x92][0xd2][0xa2][0xd4]b[0x85][0x12][0xd0][0x91]OE[0x18]FAoz*N[0xcc][0xcd]/[0xce],[0xc2][0x9e]^[0xcd]-A[0xdd]?[0xfa]8[0x1c]Q[0xf3][0xf9][0x95][0xa6][0x83][0x8e][0xc7][0xc3]p1[0xf4][0xf2][0xf5][0xd4][0xdc][0xc4]bP[0xdb][0x5][0xa5][0xad]fl[0x8c][0xb7]aH[0xd5] FtS[0xc0][0x5]a[0xb2]BF~iq[0xaa]Bnb^bz*f@'[0xa7][0xe6][0x16][0xe4][0x94][0xe6]e[X`kT[0x13][0xb8]@[0x95][0xaa][0xe]G[0x8c]L$[0x97][0xe6][0x94]d[0x96]%[0x96][0xa4]*[0xa4][0xe7][0xe4]'%[0xe6]([0xa4][0xea]&[0xe7][0xe7][0xe6][0xa6][0x16]%[0xa7]b[0x4];d[0x8f]Mrbvj[0x9][0xb6][0xb6][0x94][0x85]![0xde][0x83])[0xa8][0xea][0x1]D?[0xca]+13[0x7][0xc3][0xa5]y[0x19][0x89]y)[0x89][0xa0]Y[0x13]l[0xe]52[0xc0][0xbb][0xb2][0x88][0x9a][0xe][0x5][0x8d][0xae]@s[0xa1][0xb][0xe8]6[0x93][0xbc]|[0xc][0xb7]V"n[0xfb][0x0][0x95][0xd5][0xe8]#4[0x16][0xa6][0xa0]Z[0x9f].9[0xf][0xd4][0x8d][0x85]:[0xd6]1[0x5]3[0xfa][0xa1]klA[0xeb][0xf1]J[0xb0]%`Cs[0xd0]QT[0xf4]q)[0xa2]-[0x9e][0x9a][[0x90]_[0x9e]Z[0xa4][0x90][0x9b]Y\[0x9c][0x99][0x9f][0xa7][0x9b]\[0x94]Y[0x92][0x99][0x9c][0x98][0xa3]P[0x9c][0x9c][0x1]* 0[0xc2][0x1b]Z[0xce]%[0xa5][0xe6][0xe4]`[0x9d]Z2[0x5][0x8f][0xa7][0xd1][0xc7][0x1b][0x88][0xa2][0xce]9#35M!$59#/?'?[0xbd]R[0xc1]?--3[0x19]K![0x2]jHA[0x9b][0xb6]8[0x8a]j[0x3][0xd0][0x14][0x0]}[0xdc][0x8f][0x18]0[0xf2][0x1]51S[0xb1]TTy[0x89])[0x99]y[0xa9]&f[0xa0][0xdd][0xf2]h[0xb][0x17][0xc][0x8d]Ak[0x9d][0xe8][0xe3]RD;[0x86][0x94][0x12][0xaf][0x18][0xd4][0x84][0xca]I[0xcc]I[0xcc][0xcc][0x81][0xac][0x89]L.[0xd3]C[0xef])[[0x98][0x81][0xe][0x93][0xa2][0x8f]/[0x10][0xbd][0x10]gH![0x9d][0x99][0x98][0xa3]_[0x94]Z[0x9c][0x99][0x92][0x9a]W[0x92][0x9]J[0xf4][0xa5]Ee[0xa9][0x95][0xf9][0x98]uOf1[0xbe][0xb5][0x86][0xe6][0xf8]/[0x12][0xa6]j[0x89][0x88][0xa8]4[0xf3][0x8b][0x92]3R[0x8b]K[0x8a]@[0xb5][0xf][0x84]J[0xcf]LVHL[0x6][0xb5][0x1f]u3KRs1[0xdb][0x94][0xc9][0x89]E[0xa5]I[0xd0][0xf3][0xf4]A[0xa5]%[0xfa][0xe9][0xcf]f[0xf8][0xf][0xaf][0xa4][0xaa]G[0x10][0x95]hFbQ^jq[0xb1][0x2]h[0xfb]AQAQfq[0xaa]Bqe1V[0xf][0xa4][0xe6][0xe4]d[0x16][0x1b]Y[0x82]&[0xbf]P[0x9a]-F[0xf8][0xef][0x1b][0xa0][0xaa][0xc3][0x11][0x95]'[0xae]:)=71[0xaf][0xb8][0x14]G[[0xd0][0xc4][0x18][0xef]b-j:[0x15]ih)J[0xc1][0xd8][0xc8][0xc0]D[0xc1][0xcd][0x1b][0xa3]@/G[0xbe]?[0xb4][0x0]u#[0xbe][0xa9][0x9][0xe8][0x1c][0x1][0xba]dN[0xa4][0xf1])o_[0x5]Ss3[0x5][0xcf](L[0xb7]f[0x16][0xa5]$Z[0xc2]V[0xa4][0xa2]/)0[0x2][0x9d]lE[0x1f][0xc7]"*P[0xd7][0xbc][0xf4][0xcc][0xbc][0xd4][0xd4]"[0x1d]P[0xbb][0xb5]4-1[0xb9][0xa4][0xb4][0x8][[0x8f][0xa3]$[0xb1]([0x13][0x9c][0xf3]@[0x97]\bkVY[0x98][0xe3]][0x1a]N[0xd5]tAF[0xc5][0x9][0x1a]P[0x6][0x9f][0x5][0x89]e[0x18][0xd2][0xd0][0x8c]nM[0x17][0xa4]A[0xb5]@[0x5]P72<8[0x14]#[0x99][0x94]A[0xda]Zy%[0xf9][0xa0]j[0x13][0xbd]Ihb[0x82]w[0xa3]*U[0x3][0x1a]Qo[0xa6][0xa4][0xe6]d[0x96][0xa5][0x16])[0xe4][0xe7][0xa5][0xea][0x96][0xe4][0xeb][0xe6][0xe7][0xa5]*[0xa4][0xea][0x16][0xa7][0x16][0x95]e&[0xa7]b)[0xa8]S[0xf3][0xd2][0xb3][0x13]s[0x8c][0xb1][0xde][0xd1]db[0x88][0xf7][0x4]2[0xaa]z[0x0]QJc[0xed])[0x94]C[0xd7][0x1a]ak[0xd0][0x1a][0x83][0xef][0xdc][0xa6]O~D[0x94][0xc9][0xf8][0x86][0x17]*[0x11][0xfd][0x1a][0xc8][0x94][0x10]Z[0x9]bb[0x1][0x1a]9[0xa0][0x8b][0x8b]A[0x8d]Lhg!47[0x13]#[0x5]C[0xd7]nA[0xd6]C[0xa0][0x8c]4[0x1a][0x19][0x81]Vn[0xd0][0xc7][0x8d][0x88][0xe9]c[0x2]c [0x88]C[0x89]@GM[0xe1]8[0xbe][0xdd][0xd4][0xc][0xef][0xc1]K[0xd4]L[0xb6][0xa0] [0x82][0x86].[0xc9][0x1d][0x1c][0xf0][0x9][0xbb][0x6][0xb0][0x11]g[0xf4][0xeb][0x94]L[0xf0][0xdf][0xc9]JUO[0x90]QJ[0xa7][0xe6][0x94]f[0x80][0xa7][0x10]@[0x87][0x3][0xa4][0xa0][0x8e]Q[0x1b][0x1b][0xe2]][0xd3]BU[0xa7]#z6[0xb8]K[0xe9][0xd4][0x9c]L[0x13][0xec]{[0x12][0xf1][0xdf][0xc6]FU[0x87]"[\n]"
17:11:38.412 [main] DEBUG org.apache.http.wire -  << "h[0xa7][0xc4][0xec][0xcc]|,[0x3][0xc])[0x88][0xfb]y[0x92][0xcb]P[0xcf]H24[0xc4]{[0xb9][0x4]5[0x1d][\n]"
17:11:38.412 [main] DEBUG org.apache.http.wire -  << "j[0xda]@S[0xb4]sFbQfI[0xa5]BZi^JQbf1[0x96]^.[0xe2][0xcc][0xae]lH[0xb3][0x3]4[0xce][0x87]e[0xf2][0xc4][0x4][0xbc][0xeb][0x99].[0x85][0x9][0xe8]4)[0xa8][0x7][0xc8][0xe8][0xb8][0x80]OX[0xcb][0xca][0x84][0x1f][0xcb][0x5][0x1d][0x1f]F[0xe9][0x3][0x18]Z[0xd2]mt[0x18]i[\n]"
17:11:38.412 [main] DEBUG org.apache.http.wire -  << "[0x3]W[0x1f] 9[0xbf]([0xf]t[0xd6]^niqI~[0x1a][0xd6][0xa1][0x12]cS[0xbc][0xa3][0xf8][0xd4]L>[0xa0][0x91][0x2]h[0xe8]'[0xa6][0xa7][0x17][0xa5][0xa6][0x83]:[0x8d][0xd0]![0xcb][0xdc][0xd4][0x92][0x8c][0xfc][0x14][0xd0][0xb0]I&[0x96][0x96][0x8][0xf8][0xfe][0x1c][0xd8]JG[0xac][0xd5]<x7,][0xd2][0x10]h[0xed][0x18][0xd4][0x17][0x9e][0xd9][0x89][0x18][0x95]&[0xf8][0x6][0x1a][0xe8][0xda][0xdb][0x82][0x14]=[0xb4][0xc9][0x3][0x13]3[0xbc]+}[0xa9][0x1a][0xda][0x88][0x92][0x1b][0xf7][0xc0][0xe][0xe4][0xfe][0x91][0x8c]T[0xd0]mX[0xa0][0xbe]8[0xf2][0xf2][0x14]#3[0xba]5D@I[0x10][0x1a][0xa6][0xb0]~xf^Ij[0x11]h[0x1c][0xa1][0xc][0xd4]FM*-[0xce][0x4]u[0xcf]1[0x82];9[0xb1][0xa4][0xb4][0x8]4n[0x95][0x8][0x9e][0x17],[0x1][0x9f][0x3][0x86][0x16][0xe8][0x86][0xf8][0x17][0xfe]R5[0xd0][0x11]E9)cT[0xf0]"[0x5]t[0x93]=h[0xb9]|A[0x89][0x1e][0xca][0xe4][0xaa])[0xfe][0xad][0xac]T[0xf5][0x2]b[0x80][0xca]M[0xc1][0xd4][0xdc][0xc2]P!$[0x12]#[0xd8][0xc1]#[0xaf][0xd0]=}[0xa0]b[0x1d]}@[0xcd][0xc8][0x0][0xb4]b[0x89]>[0xf9][0x11]1[0x18][0x85]{|[0x1][0xbe]~[0x4][0xcb][0xac][0xb1][0x85][0x5][0xde][0x85][0xbd]T[\r][DO&[0xbf][0xa0]$37[0xb3]*U![0xbf][0xb4]D7?M[0xb7]$#U7)[0xbf]B![0xb1](9#[0xb3]$[0x15][0xd4][0x83][0xc7]R[0x10]V[0xe4][0x96][0xe6][0x80][0xa7]D[0xb0].[0xcf]3[0x7][0xcf][0x18][0xd2]'[0xd4][0x11][0x9d][0x1d][0xac]}[0xb2][0x12][0xd0]r[0xc2][0xb2][0xcc][0xec][0x92][0xfc]"P[0xf7][0x17]-G[0x9a]X[0x80][0x8e]k[0xa4][0x8b]C[0x91][0xb6]W[0xe2][0x9a][0x8a][0xcc]N[0x5]][0xc7][0xc][0x9f][0xf5]-M[0xd1]C[0x1b][0xe4]63[0x3][0xed]y[0xa5][0x8f]s[0x11][0xdd][0x1d]G[0x5]S[0x13]K[0x5]O?[0xcc][0xcc]W[0x9a][0x2][0x1a][0xc5]IM[0xc9],[0xce][0xcf][0x3][0x8d]B[0xa2][0xf5] [0x8d]LA[0xa7]d[0xd0][0xc7][0xb9][0x88]1([0xdc]m[0xec][0x9c][0xcc][0x9c]LSCP[0xf5][0x82][0xb6][0xef][0xc5][0xd8][0x10]4%O[0x1f][0x87]"jC[0xa2][0xe6]yA[0xcd][0xdb][0xca][0xc4][0xc][0xd0][0xe6]sl[0xed][\r]3[0xfc]wES[0xb3][0xcc][0x0]-n[0x83][0xd6][0x8d][0xb8][0x9a]y[0x95][0xf9]y[0xf9]&[0xe0][0xf1]h[0x94][0xb][0x8c][0x8c]-[0xe9][0xd6][0xd7][0x2][0xad]s[0x87]:[0xd2]K[0xc1][0xcc][0xc2][0xc4]@![0xdc][0x7]#[0xdd][0xa6]$[0xa6]dZ[0xc0][0xfa][0xb4][0xc8]-[\r]s[0xf0][0xf1]d[0xf4]I[0x7][0xc4][0xd4]ni%[0x89][0xb9][0x5][0xa5][0x90][0x95][0xc2][0xa0][0xd2] 3[0x7]u[0xe1][0x8b]1h[0x85](}[0x9c][0x8b][0xa8][0xdc][0xc8][0xab]0[0xf2]s2[0xcb][0x12][0xcd]1[0x8f]u3[0xb4][0xb0]0[0xc1]sr0U[0x13]0[0xa2][0xd2][0xc3]]AC[0xce][0x85][0xcc])[0xcd][0x81][0x9c][0xc9][0x8d][0xd2][0xa7][0xb2]0[0xa6][0xdb]P#[0xd2][0x99][0xde]N[\n]"
17:11:38.412 [main] DEBUG org.apache.http.wire -  << "[0xa6]F[0x86][\n]"
17:11:38.412 [main] DEBUG org.apache.http.wire -  << "[0xfe][0xe1][0x18][0xc9][0x18]zb[.[0xa8][0x9d][0x86]e[0x1c][0xda][0xc4][0x14]4<L[0x97][0xd4][0x1]:[0x9f][0x14][0x9a][0xeb]H[0x1e]aJM[0x4]_[0x80][0xb][0xde].[0x87][0xc5][0x17][0xc6]f[0xa0]Ez[0xf4][0xf1][0x5][0xa2][0xca][0xc3]7nZ[0xc][0xbb]T[0x1d]K[0x13][0xce][0xc8][0x8]t[0x9a]%}\[0x8b][0xa8][0xf1][0xa2]RsR0;[0x80]E[0xa9]y)[0x95]&8[0xee][0xb5]0[0xb3][0xa4][[0x8d][0x87]t$[0x1])][0x91]r[0xd0]q[0x84])[0xa0][0xc1][0x9d][0xcc]<[0xec]W9[0x98][0x80].[0x89][0xa1]OX#F[0xf0][0xd2]S[0xf3]R[0xc1][0x93][0xcc]I[0xa9][0xc5][0xe0][0xf6]rRQjj[0x8a]Bq~N)h[0xaa][0x19]s[0xf2]")1;3[0x11][0xd4]N**H,[0x5][0x9d]'[0x7]^I[0x8d][0xd6][0xb0]3[0xb7][0x0]U\[0xf4][0xf1][0xb][0xa2]g[0xe8][0xe6][0xad]`bib[0xa8][0x10][0x81]YEV[0x15]'[0xe6]$f@[0x16][0x1f][0xa2][0x9d][0x85]nn[\n]"
17:11:38.412 [main] DEBUG org.apache.http.wire -  << ":[0xb9][0x83]>nET[0x92][0xa4][0xae]Q([0xc9],[0xc9][0x4]M;[0x83][0x9a]$[0xd8][0x1a]N[0xa6]F[0xa0]9V[0xfa][0xf8][0x2]Qw[0x92]8[0xdc][0x94][0x95][0x8][0xba][0xbf][0xb0][0x18][0xb4]k[0x7][0xfd][0xa0][0x15][0x13]:[0xa6][0x18]D[0xbd][0x89]mv[0x6]t[0x9c]tbqIbzb[\n]"
17:11:38.412 [main] DEBUG org.apache.http.wire -  << "[0xa4][0xce]D[0x99][0xa1]15[0x4][0xed][0xa7][0xa6]O8#[0xba][0x82][0xd8][0x96][0x9c][0x95]!&[0x9c]KS0V[0xde][0x18][0xe1][0xdf][0xda]F[0xcd]v[0x8][0xd2][0x89][0x1b]8[0xeb][0xf6][0xd2][0x82][0xcc]l[0xe8][0x9a]o,[0xd5][0x8c][0xa1][0x19][0xdd][0x2][0x15][0xb4][0x90][0x1d]Z[0xb5][0x7]%f[0xe6]aV3[0xe9][0xa0]eM[0xb9]X[0xe7][0xf0]M,[0xf1]][\n]"
17:11:38.412 [main] DEBUG org.apache.http.wire -  << "A[0xd5] ET[0x86]d[0x8c][0xa7][0xa7]"/[0xfa][0xc0]>[0xa0]a[0x88][0xf7]`(*z[0xc5][0x4]ij[0x80][0xe4]U[0xf2][0xb9][0x89][0xb9][0x89]y[0x16][0xc6][0xd8][0xd7][0xf2][0x99][0x98][0xe1]][0xcc][0x8c][0xb4][0xde][0xdb][0x4][0xe9][0xa4][0x1d][0x82][[0xb][0xb3]K[0x8b]Ks[0xf3]K[0x12][0x8b]S2[0xb3][0xb1][l[0x88][0xbf][0xfb][0x87]l1R[0xd6][0xc0][0xbe]/*-5)[0x13]4[0xb2][0x9d][0x9e][0x99][0x81][0xad]T73[0x6][0xdd]#[0x80][0xb3][0xb4]A[0xb1][\n]"
17:11:38.412 [main] DEBUG org.apache.http.wire -  << "[0xd1][0xda]#9[0x9c][0x13]a[0xbb][0x11]JA[0x3][0xeb][0xa0][0x5][0xf5][0x1]E[0xe0][0x9b][0xb][\r][0xcd][0xf0][0x8e]'[0xa1][0xd8][0x8f]hS[0xe0][0xd9]I[0x8][0xbd][0xeb]4;571[0x7][[0x1e]31[0x7]m8%[0xce][0xc3][0x88][0x8a][0x9f][0xb4][0xbd][0x1f]E[0x89]i[0x99][0xb0]][0xec][0xa5])zhw[0xd0][0x98][0x98][0x82][0x1a]x[0xc4][0xb9][0x0]Q[0x9d][0x93][0x1e][0xe4][0xa0]s[0x10] '[0x1c]b)[0x10][0x8d][0xc0][0xe7][0xb1][0x12][0xe7][0x8]Dm[0x86][0xfb][0xf8][0x85][0xaa][0xc4][0xdc][0xcc][0xa2]D3C[0xd0][0x90]2[0xca][0xf8][0xb7][0xb9]9h[0xc7]?q[0x16]![0xaa]#[0x82][0x99](571[0xaf]4[0x7]|&[0x1e][0x16][0xdf][0x19]Z[0xe2][0xed][0xc9]![0xa5]*S[0xa4][0x9d][0x1a][0xe0][0xe1][0xa5][0xe2][0x8c][0xcc][0xbc]t[0x85][0xa2][0xcc][0xf4][0x8c][0x92]b[0xd0][0x9a],[0xac]{[0x9][0xa0][0x7][0xe8][0x83]B7[0x13]4:[0x86]r[0xb8][0xa1][0x11][0xd1]7[0xa6][0x99][0x82][0xca]Hh][0x81]'I[0xa7]A[0xef]&[0x87][0xce]Z[0xa2]/H2$[0xfa][0xfa][0x9]SP^[0x87][0xda][0x87][0xbd][0xb4]H[0x82]YU[0x9a][0x82]:Wmn[0x4]:U[0x8f][0x98]h4[0x5][0xed]C[0xc0]k[0x9]|[0xc2][0x7]k[0xef][0x15]t%[0xf]q[0xf6] 2[0x7][0xc1][0xe4]R[0x91]]Z[0xc][0xba]G[0xb6][0x4][0xc7][0xe2][0x12]#[0xb][0xd0][0x9c],q[0xd6]"[0x1a][0xa7]D&[0x18][0x0][0x0][0x0][0x0][0xff][0xff]"
17:11:38.412 [main] DEBUG org.apache.http.wire -  << "[\r][\n]"
17:11:38.413 [main] DEBUG org.apache.http.wire -  << "11A[\r][\n]"
17:11:38.413 [main] DEBUG org.apache.http.wire -  << "R[0xb2]R[0xca][0x1][0xdd][0xb8][0x0]k[0xf7]a+[0x96]L[0xc1];l[0x89]s[0x0]"?b[0xdf]Y[0xc]Y[0xbe]V[0x92][0xc][0xda][0xa7][0x8f][0xb5]#hn[0x80]w[\r])J[0xf6] !O[0x96]g[0x16][0xe7][0x95][0x9a]`=O[0xc3][0xc4][0x80][0xd8][0xbb][0x8]LA[0xe7]6@[0x93][0xf][0x9e]<[0x1][0xda]L[0x95]g[0x82][0xe3][0x0]NsS[0xbc]s[0xb5][0xc8][0xfe][0x3][0xcd][0xf9]Cm#>6A[0x17][0xf8][0x14][0xe7]g[0x96]d[0x83][0xce][0xe9]*MA[0x19]b4"[0xfa]|[\r]S[0xd0][0xc1][0x8f]P[0xbb]I[0xab]_R[0x12][0xd3]Ss[0xcc][0xb0]^malA[0xec][0xf1][0x1e][0xa6]H;[0xf3]I[0xae]\[\n]"
17:11:38.413 [main] DEBUG org.apache.http.wire -  << "@i[0xb]t[0x6][0x4][0xf6][0x6][0x8c]9[0xfe]m3([0x11][0x80][0xc8][0xc5]x[0xa2];[0xb3]8[0xb3]$[0xbf][0xa8][0xb4][0x18]4g[0x82][0xbe][0xea][0xdc][0xc2][0x0][0xb4]Q[0x99][0xa8][0xac][0x3][\n]"
17:11:38.413 [main] DEBUG org.apache.http.wire -  << "[0x1b]2C<71/3;)1[0x1d][0xfb][0x89]h[0xc6][0x86]xgM[0x91]=[0x8c][0xb4][0xaa][0x9a][0xe4]`[0x7][0xdd][0xaa][[0x90]ZT[0x92]Y[0x8e]y[0x8][0xba][0xa9][0x5][0xde][0x5][0xc0](N@[0xb4][0xe4][0xf0][0x84]9[0xb4][0x92][0xcb]-[0xcd]*-[0x82]V=[0xa8][0xf5][0x9c]%[0xb1][0x87]l[0x9a][0x82][0xd6][0xf7][0x92][0x15][0xee][0xa0][0x83])q[0xf6][0xea][0x0][0x0][0x0][0x0][0xff][0xff]"
17:11:38.413 [main] DEBUG org.apache.http.wire -  << "[\r][\n]"
17:11:38.413 [main] DEBUG org.apache.http.wire -  << "2F8[\r][\n]"
17:11:38.413 [main] DEBUG org.apache.http.wire -  << "[0xb2]2![0xfa][\n]"
17:11:38.413 [main] DEBUG org.apache.http.wire -  << "X[0xf0][0xc8].[0xd4][0x5][0xd8]k[0xbe][0xaa][0xc4][0x8c][0xa2]D[0xe8]-[0xac]X{4[0x16][0x96][0xa0][0xeb]U[0x89]Jf[0xa0][0xf4][0x8][0xb5][0x8c][0xe4]([0x86][0xac][0xfd]O,[0xce][0xc9][0xcc]J[0xcc][0x3][0xb5]-[0xb0][0xac][0xbb]2"[0xbe][0xc6][0x7]u{[0xa1]N[0xc1][0xee][0xef],[0xd0][0x9d][0x1b])[0xa0]3[0xee] [0xa7]B[0x83][0xee]+NQ[0xd2]Q[0x82][0xb6][0xcf]-L[0x89]O[0xd8][0x88][0xaa][0x2]O[0xaa]JO[0xcc]+I,*[0xce][0xcc][0xc8][0xcf]M[0xca][0xcc]K[0x7]M1[0xa3]/A03%[0xf6][0xba][0x8]S[0xa4]u[0xb0][0xe4][0x84]4[0xa4][0x5][0x9][0xea][0x1e]a[0xed][0x1c][0x19][0x12]}b[0x4][0xf8][0xb0]<h8c[0xaf][0x94][0xcb]`= [0xac][0x89][0xcb][0xd8][0x18]tT[0xb]Q[0x89][0xb]iq*[0xee][0xe6]8l[0xe3]5[0xf8]4[0x15][0xe4][0x9];#[0xb]#"[0xf]N4[0x5]m[0xac][0x82]z[0x89][0xb4][0xea])[0xb1]87[0x13]tq[0xb2]9tb[0x13][0xa5]~45[0x2][0xcd][0xeb][0x13][0xe7]SD[0x87][0x8f][0xe4][0xc8][0x85][0x1c][0xdd]c[0x8c][0xe3]pR3#[0xd0][0x15][0xc][0xc4]9[0x2][0xd1][0x9][0xc4][0x9e][0x81]@;3[0xa0][0xd7]'c[0x8d]ZCsbG[0x11][0xc0][0x93][0xff][0xd0][0x10]'[0xd9][0xc3][0x99]Ey[0xa0]076[0x4][0xe5](P[0xd7][0xf]%[0xd4][0xcd][0x8c]A[0x93][0xd1][0xc4]y[0x98][0xa8]l\\[0x9a]XT[0x92][0x99][0x97][0x9][0xb9][0xe0][0x14]K[0x17][0xcc][0x2][0xff]X[0x16]ru[0x4][0xda][0xdc]N[0xbe][0xb7][0x8b][0x13]SrR[0x8b]A[0xb1][0x0][0xf2]9[0xda]:[0x5]s#b[0xef][0xd9]2[0x5]-[0x99][0x83][0xba][0x2]G[0xe][0x86][0xec][0xc0][0xc6][0xde][0xe2]1[0xb2][0x4][0x1d][0xaa]GT[0x0][0x83][0x92][0x1e][0xd4]"[0xdc][0x19]8[0xbb][0xb4]([0xf]|[0xcf]z[0x1][0xf8]r`[0xec][0x96][0x9a][0x13][0xdf][0xd3][0x4][0xcd][0xfc]@-%-3[0x83]N[0xe6]L4[0xc1][0xba][0x91][0xc4][0xdc][0x94][0xd8];lM[0x91]N-[0xc1][0x1e][0xb8][0xa0][0xe3]"[\r][0x8d]@[0xf5][0x1d][0xca]`[0xb8][0x91][0x1][0xde][0xf5];([0xa9][0x8][0xd1][0x90]$[0xbe]%[0xf]>}[0x1]~r[0x1a][0xfa][0xda]=C[0x3][0xbc][0x13]7([0xb6][0x93][0xd3]+,N[0xcc]-.[0xcd][0x81][0x9e][0xa7][0x80]#[0x8a][0x89]>^[0xdc][0x14][0xe9][0xa8][0x12][0xec]a[0x9c][0xe][0xbe]"[0x18][0x96]Y[0xb0][0xe4]Y[0x13][0x13][0xd0]:q[0xa2][0x12][0xb1])[0xa2]X$-=[0x15][0xe4]%[0xe6]&[0xa6]c[0xed][0x96][0x1a][0x9a][0xe3]][0x9d][0x81][0x1c][0xdc][0xa0][0x84]GVrN[0x7][0x1d]M[0x80][0xeb]2%[0x13]Sb/[0xfd]0EZK[0x8c]s[0xb5]WbQ[0x9][0xa8]H[0x86]w[0x95] [0x9b][0x86]P[0xd2][0xb7][0x85]![0xa8][0x13][0x88]3[0xc4][0xa9]8Ln[\n]"
17:11:38.413 [main] DEBUG org.apache.http.wire -  << "j[0xac]C[0x83][0xc][0xf7]b[0x8e]d[0xc8]i[0xd7][0xa0]Q<,[0xed]NSC[0xd0][0xba][0x5][0xfa][0xb8][0x16]Q[0xf7][0xe3]^[0xcb][\n]"
17:11:38.413 [main] DEBUG org.apache.http.wire -  << ":[0xea]#[0xc3][0xd8][0x14][0xda]9AYybb[0x8]j[0x1a][0xd2][0xc7][0xa9][0x88][0xac]@[0xc6]TJenbQJF&[0xf8]T([0x8c][0xe5][0x8b]&[0x16][0xa0]X[0xa3][0x8b]/@[0xd3][0xe9][0xd0][0xe4][0x81]3A[0x83][0xef][0x0])[0xc9][0xcd][0x4][0xf5][0x19][0xc0][0xe3][0x9e][0x18][0xdb][0x9b],[0xf1][0xe],Q39[0x83][0x16]AA[0xdd]K[0xec][0x1e][0xda][0xcc][0x94]DhC[\r][0xcb][0xc0][0xa3][0x85][0x5]h$[0x98].A[\r][0x1a][\n]"
17:11:38.413 [main] DEBUG org.apache.http.wire -  << "[0x83]:[0x1d][0xfb]B[0x94]D[0xa4]CI[0xd0][0xb6]T[0x1b][0x9a][0x80][0xfa][0xd2][0xf4]q&[0xa2]B%e[0x19]JAb^V&[0x9e]s[0xdf][0xcc]M[0xf0][0x9e]EF[0x1a][0x1][0x0][0x0][0x0][0xff][0xff]"
17:11:38.413 [main] DEBUG org.apache.http.wire -  << "[\r][\n]"
17:11:38.426 [main] DEBUG org.apache.http.wire -  << "25A[\r][\n]"
17:11:38.426 [main] DEBUG org.apache.http.wire -  << "[0xca]K[0xc7]u[\n]"
17:11:38.426 [main] DEBUG org.apache.http.wire -  << "[0x13][0xa2][0x10][0xc1][0x1e][0xd0][0x85][0xe5][0x89][0x19][0xa0][0x96][0x7]hX[0x9][0xe5][0x94]<sK[0xd0][0x5]$[0xf4][0x8]f3[0xa4][0xe1]r[0x8f][0xca][0x94][0xa2][0xfc][0xf4]T[0xf0]^[0x9a][0xe2][0x12][0x8c][0xe5]k`[0xc7][0xa6]d[0xe6][0x15][0x80][0xb6][0x82]C[0xb]=[0xd4][0xda][0x84]~[0xb]|@[0xcd]jh[0x1a]&u[0xa1][0x9]x[0x83]aqf[0x6]x[0x3][0x8][0xf6]V[0x8f][0x11][0xfe][0x83]![0xa9][0x99]F@[0xdd]a[0xa8]GHI[0xe5][0x90][0xbb][0x8]q[0xcc]&X[0x18][0x80][0xda][0xbb]tI=[0xa0][0xe3][0x89][0xa0][0xce][0xc7][0xb3]8)[0xb1]8[0x17][0xb4][0x82][0xd7][0xc][0xd4][0xbe]F[0x19][0xc3]3[0xb1][0xa4][0xdb][0xa2][0x1e]P[0xff][0x8][0xea]R[0xec][0xeb]"[0x90][0xd6][0x14]@[0xaf][0xae][0x7]9[0x17][0xa5]V73[0xc4];LB[0xcd]t[0x1][0x9a][0xb5][0x84]:[0x17][0xe7][0x9a][0x93][0xb2][0xcc][0xe4][0xec]JC#[0xec]i[0xd8][0xd8][0xc]4[0x93]A[0x97]D[0x0][0xda]4[0x0]u+[0xb6][0x8d]m[0xa5][0x5]E[0x89][0xd9][0x89][0xc5]X7[0x11][0x9a][0xe1]osS5D[0x11][0x3][0xb][0xf8]V[0x8b]B[0xd2][0xaa][0x81][0x19][0xb6][0xd5][\n]"
17:11:38.426 [main] DEBUG org.apache.http.wire -  << "FFF[0x96]tZ[0xfb][0x8c]4([0x81][0xbb][0xb9][0xc]>[0xc2]7%1#;[0xb1][0x8]W[0xf0][0xd2][0xab]U[0x1][0xde][0xf2][0x7]M[0x4][0xe4]-8/[0xc9][0x4][0x1d][0xf7]W\[0x9c][0x98][0x7]:[0x94][0x18][0xbc][0xe8][0x12]eS[0x82]![0xfd][0x8e]OD[0x1a]"[0x9]W[0xb0]400S[0xf0][0x9][0xc1]<[0xce][0x5][0xd4][0x9a][0xcb][0x6]-[0xf5]+H[0xd1][0xc3][0xda][[0x1]-[0xc5][0xa2]K[0x6][0x4]u[0x1b][0xa1]a[0x8f][0xb3][0xf1][0xc][0xbe]G[0xc][0xd1][0xbd][0xc2]8[0x19][0x18][0xff][\r]X[0xd4][0xcc][0x88]HcA[0x4]Z[0x1c][0x19][0xf8]J[0xe]cP[0x1b][0x80]>[0xc1][0x8b][0xe8]a[0xe1][0xde][0xa3][0x92][0x99][0x97][0x92][0x98]Q[0x9e][0x9][0xbf][0xe0][0x4]}[0xfd][0xa7][0xb9]![0xfd][0x92][0x3][0xa2][0xe5][0x8c][0xeb]X[0x80][0x8c][0xd4]"P[0xb1][0x9c][0x2][0xba][0x0][0xb5][0xa0][0x4]cq[0xa5][0xb1]![0xde]+g[0xa8][0x9a][0x1a][0x10][0xcb][0x9][0xb0][0xee][0x7],[0xce]L[0xc9],[0x4]][0x96][0x91][0x9f][0x81][0xeb]F:SP~[0xa5]OJ@[0xd4]![0xe4][0x15]ri[0xb0]m[0x98][0xa5]X[0xcb][0xc][0x13][0x3][0xd0][0x82]:[0xba]x[0x5]4[0xaf][0x6]-3[0x88][0xed][0xc0]B[0xb7][0xed][0x82].[0xd6][0xc9][0x85][0xb6][0xff][0xd1]'[0xc3][0x8d][\r]@[0xd7][0x1][0xd1][0xc7][0x3][0x88]Yd[0xec][0xbd]+[0xd0]28cs[0xd0]X[0x12][0xca][0x8d][\r][0x86][0xe6]t;[0xf6][0x2]iH[0x94][0xe4]m[0x8][0xa0][0xfb][0x89][0xf3][0xf2][0xcb][0xc1]g@a[0xcc][0xa7][0x98][0x82][0xaf]W[0xa3]O0[0x13]S[0xf8]AN[[0x86][0xcc][0xad][0x82][0xa6]A[0x90][0xa7][0xfc],[0xc]A[0x83][0x95][0xf4]q+[0x11][0x5]_"[0xfc][0xb2][0xaf][0x92][0xc4][0x9c][0xcc]DP[0xf2]@[0xdf][0xdb]A[0xe6][0xc9]O[0x0][0x0][0x0][0x0][0xff][0xff]"
17:11:38.426 [main] DEBUG org.apache.http.wire -  << "[\r][\n]"
17:11:38.426 [main] DEBUG org.apache.http.wire -  << "269[\r][\n]"
17:11:38.426 [main] DEBUG org.apache.http.wire -  << "[0x2]-+E=[0x4];[0x8d][0xd0]9[0xcd]Hw7[0xe3]n[0xe5][0xc1].[0x8f]L[0xce]I,[0xc2][0xb8][0x9][0xdd][0xc8][0x18][0xef][0xb2][0x0]j[0x96][0xd4]H[0x83][0xde][0x4][0xe]T[0xca][0xab]L[0xcc]K[0x4]]<Y[0xa2][0x87]>!F[0xbf][0xb2][0x1a]t[0xc1]%[0xb4][0x80][0xc3]Z[0xb1][0x14][0xe5][0xe5][0x97]e[0x96]@N[0xf6][0x84][0xc][0x8d][0xa3][0xc][0xc1][0x18]Z[0xe0][0xbd][0xf6][0x83][0x9a][0x1][0xb][0xba][0xcc][0x5][0xea]R\;[0xcd][0x93][0x13][0xd3][0x13][0xb3][0xe1][0x87]=`[[0xc1]gn[0xe]jW[0xd1]%[0x9b][0x81]NU[0x84][0xba][0x97][0xe4][0xc1][0x17][0xc8][0xe5]P[0xd8]<`jB[0xb7]1/[0xd0][0x9a]o[0xa8][0x7][0x8][0xb4]@Kr[0x12][0xf1][0xdc]!g[0x81][0xf7][0xca]3j&[0x11][0xa4]KX[0xb1]Wv[0xd9][0xe0]![0xcf][0x92]LD[0xbd][0x8c]XDcl[0xc]Z[0x11]D[0x9f][0xa4][0x81]([0x81][0xb1]m=[0x82][0xef][0xe8]II[0xcc][0xc9][0xcc][0xc5]qM[0xb3][0x99]9[0xdd]v[0x9f][0x83][0x16][0xfb]B[0x13][0x2]y[0xed]9X[0xd9][0xc][0xba]Y#[0x17][0xc7]@[0x8c][0x9]h|[0x84]>[0xa1][0x8f]hK[0xc3]N[0xc3]![0xe2]T[0xda][0xb4][0x82][0xd2][0xe2][0x2]P?[0x16][0xeb][0xfa][0x11][0xb]#[0xbc][0xb3][0xa2]TM[0xe4][0x88][0xd6]5[0xee]~[0x16]h3/l[0xdc][0x3]{[0x80][[0x98][0xe1][0xbd]d[0x98][0x8a].6[0x7][0x1d]%[0xf]M?[0xc4]7[0xa2][0x93]2[0x93]2A[0xbb][0xa7][0x8b]2[0xb1][0xdf][0xe9]kB[0xb7][0x19][\n]"
17:11:38.426 [main] DEBUG org.apache.http.wire -  << "s[0xd0][0x9e]b[0xa8][0xfb][0xf1][0x8d][0x89][0x15]$[0xa6][0xe4][0x82]+JP[0x11][0xb2]h[0xe]}[0xfc][0xc0][0xc2][0x1c][0xb4][0x9e][0x97][0x1e][0xa9][0xdc][0x1c]4[0xa4][0x5]u4[0x9e]1[0xe7][0xdc][0xd2][0x92][0xcc]DSc[0xd0][0xd4][\n]"
17:11:38.426 [main] DEBUG org.apache.http.wire -  << "[0xda])'f[0x6][0xa0][\n]"
17:11:38.426 [main] DEBUG org.apache.http.wire -  << "[0x8c]>NE[0x1c][0x1e][0x82]{[0x1a][0xb9]2[0x17]~[0xf1]2[0xc8][0xb5]X[0x86][0x92][0xcc]M[0xf0][0xee]'[0xa1]j[0x8a]F[0xcc]Y[0xe1]>[0x97][0xa5][0x4]r[0xe8][0x2][0xb6]!RSCP[0xe5]J[0x9f][0xc0]E[0xf4]LH[0xdc][0xa6][[0xe]?[0x11].[0xb9]L[0xf][0xa3]sef[0x80]w3[0x6]UC[0x1b]Q][0xe2]n[0xff]'g&[0xe6][0x83][0x8f][0xcd][0x82][0x1f]4[0x84]6)kfF[0xaf]u[0x11][0xe6][0xa0][0x92][0x15][0x96][0xf7][0x8]],[0x93]W[0x9a]X[0x94]S[0x9a][\r][0xba]K[0x15][0xcb][0x84][0xb7][0xb9][0x5][0xbd][0xe6]R[0xcc]AG<@[0x1d]MB[0xb5][0x8]nP[0xe5][0x95][0xe4]W[0xe6][0xe7][0x80][0x16][0xed][0x80]:[0x8a]([0xb3][0x9d][0xc6][0xc6][0xa0][0xc5][0xcd][0xf4]I[0xe9][0x88][0x8a][0xd1][0xb7][0xb4]8[0xb5]4W?=1''[0xb5][0xa8]R![0xb9][0xb4]([0xb1][0x4][0xcb][0x89][0xff][0x89]y[0x99]%[0x88]E[0xb8]X+v#c[0xbc][0xb][0xf6][0xa9][0x99][0xcc][0x91][0xee][0x16][0x81]E[0x0][0x91][0xa7][0xf4][0x81]g6[0xf2][0x12]![[0x8a]@'bcII[0xc6][0xf8]w{P[0xd5]#[0x88]m[0xcb][0xb8][0xab][0x1e][0x0][0x0][0x0][0x0][0xff][0xff]"
17:11:38.426 [main] DEBUG org.apache.http.wire -  << "[\r][\n]"
17:11:38.426 [main] DEBUG org.apache.http.wire -  << "2A0[\r][\n]"
17:11:38.426 [main] DEBUG org.apache.http.wire -  << "R[0x82][0xec]|[0xca][0x6][0xad]4[0x7][0xed][0x1b][0xc9]-([0xcd][0xc1]VTZ[0x18][0x83]&[0xe9][0x92][0x80][0x90][0xb6][0x19][0x91]v[0x92]7[0xe8][0xd0]8[0xb][0xf0][0xb5][0xd6][0xa8][0xf3][0xb6][0x6][0xf4][0x1a]r5[0x7]-P[0x83]f^[0xdc][0x15]R^e~nb^[0x11][0xe4]fl[0xd0][0xb4]-F[0xf3][0x4][0xff]e_TM#[0x88]j[0x9][0xb2]41[0x1d]z[0xb7]REAjQfj[0x1e][0xb6][0x3][0xd3]3JsA[0x9b]?[0xc][0xc0][0xc7]-[0xa1][0x8f][0xa9][0x9a][0x1a][0xd1][0xeb][0xc4]ws[0x90]E[0xd0][0xc0]v[0xc4]u[0x88]\^bRb[0x12](mCG[0xcf][0xd0]ZW[0xa6]Ft+[0x16][0x91][0xb6]Sa;?[0xa2][0xa0]([0xb1]2?=[0xd1][0x14][0xeb]F53[0xb][0xb]s[0xfa]L[0xe5][0x82]g[0xb8][0xa1][0x81][0x1a]P\[0x99][0x9c][0x1]]_[0xa3][0xa3][0x90][0x9f][0x9c]\Z[0x90][0x8]:[0x85]&[0x11][0xf3][0x16][0xab][0xfc]<[0xf0][0x15][0xef][0xa0]k[0xb4]![0xa3]Sh#i[0x16][0x16][0xa0][0xc1]C[0xfa][0x94][0x1e][0x88][0xea][0x7]w[0xbf][0xac][0xaa]4'13;1=1'[0x13]|[0xa7],[0xda][0xae]s#[0x3]z[0x9d][0x95]i[0x8e][0xb4][0xc3]-[0x4]t[0xfb],h[0x81]Vb^[0x8a]BJjYjN~Anj^[0x89]B>[0x8e][0xb][0x96][0xb2]A[0xdd]K[0xd0][0xb6][0xca][0x2][0x8c]}[0xf3][0x86][0xe6][0xa0][0x1]P[0xba][0x4]8hQ[0xc]4[0xc5][0x10][0xdb][0xad]L[0xcb],)[0x2]m[0x88][0xb4][0xb4][0xc4]V[0xd5][0x18]Z[0xd2][0xcf][0xed][0x88]*[0x12][0xdb]b[0x90][0xd4][0xe2][0xd4][0x12][0xf0][0xc6][0x2]l[0xce][0xb4]0[0x4][\r][0xda][0xd2]'[0x88][0x11]=3R[0xc7]0sK[0x8b]J2A[0x13]K[0xd0]5[\n]"
17:11:38.426 [main] DEBUG org.apache.http.wire -  << "(;][0xcc][\r][0xe8][0x17][0xd2][0x88][0xae][0x1a][0xce]s[0x9a][0xcb]3[0x93][0xf2][0xcb][0xf3][0x13]Kr[0x13][0xb3][0xb0][0xae][0xbf]14[0x4][\r]a[0xd0]'[0xc4][0x11][0xf5]"[0xee][0xbe]N[0x5][0xa8][0xc1][0x4][0xda]h[0x8b][0xb5][0xc9]jn[0xc]Z[0xbb]J[0x1f][0xd7]"6T[0x10]};[9[0xd2][0xf4]?[0xe6][0xb9][0x1b]F[0xa6][0xa0][0xd1][0x16][0xfa]8[0x1e]1[0xe][0x88]u[0xea][0x3][0xb6][0xe3][0x4]|d[0x1b]t[0xc4][0x18][0xa3][0x1b]llA[0xaf][0x5]d[0xe6][0xa0]UU[0xd0][0xf2][0xe][0xfb][0xda][0xbc][0xdc][0xd4][0x9c][0xc4][0xbc]L[0xd0][0xfc]3[0x8e]1cS[0xb][0xd0]P.][0x2][0x17][0xb4][0xb0][0x1f][0xea]X|cfY[0x89][0xe9][0x89]E[0xa0][0xea][0x10]~}\i[0x8a][0x1e][0xca]jB#Kc:[0xad]&3[0x7]M[0xca]C[0xdd][0x8c]gAS[\n]"
17:11:38.426 [main] DEBUG org.apache.http.wire -  << "hclQb[0x86][0x85][0x5][0xb6][0xf9][0x19]cKz[\r][0x4][0x9b]#[0xed]1[0xc5]V[0x87][0x14][0xc1][0xf6][0xb2][0x82][0xd7][0xd8][0xa0][0x14][0xbf][0x86][0x86][0xa0][0xd1]A[0xfa][0xa4][0x3]D[\r][0x82]{l[0xf]t[0x98]`~^>[0xe8][0xe8][0x8d][0xd4][0x92]J[0xf0]d>[0xca] [0x82][0xb9]%[0xe8][0xe0]P[0xfa][0xb8][0x17]Q][0x90][0xbc][0x18][0xa1][0xa0]4+[0xd3][0xdc][0x2]4[0x4][0x82]~[0xfa][0x8b][0xb1][0x11]hj[0x8a]>[0x1e]@T [0xb8][0xef]X+N[0xcc])O4[0xb0][0x80][0x16]j[0x18][0xae]5[0x7]-{[0xa1][0x8f]k[0xcd][0x0][0x0][0x0][0x0][0xff][0xff]"
17:11:38.426 [main] DEBUG org.apache.http.wire -  << "[\r][\n]"
17:11:38.427 [main] DEBUG org.apache.http.wire -  << "30D[\r][\n]"
17:11:38.427 [main] DEBUG org.apache.http.wire -  << "[0xd2]Q[0x82]f9[0x12]G'SA+[0xc9][0xc0][0xa3]O)[0xe0]c[0x16][0x90][0x17]S[0x98][0x19][0xd3]k[0x15][0x19][0xf8][0xdc]$[0xa8][0x7]p[0xd7][0xd7][0x89][0xc5][0x99]y[0xa0][0xed]t[0xc9]e[0xa8][0xd7][0xe][0x98][0x19][0x82][0xf2]0][0x2][0x1a][0xb4]g[0x10][0xea]N[0x12][0x3]:/[0xb1]83[0x17]q[0xd9][0xc][0x8e][0xd9]$s[0xd0][0xe1]j[0xf4][0xf1][0x9][0xa2][0xda][0xc6][0xb9][0xe6];71'3[0xdb][0xcc][0x4][[0xeb][0xd9][0xd4][0x88]n=B[0xd0][0x16][0x1a]h[0x98][0x93][0xb2]k[0xa1] 1/9[0xd1][0xd2][0x4]4@[0x83]6j`A[0xb7]S[0xa5][0xc1]%[0x0][0xd4][0xed][0xc4]v[0xae]2[0xc0][0xb3][0xd5]y[0xa0]C3[0x8b]!K[0x86][0xd0]:[0xe3][0x86][0xe6]t[0x9b]R[0x2][0x8d][0x9a]C[0x9d]O[0xc6]v?[0xd0][0x9a][0x17]S[0x13]l[0xd5][0xbb][0xa1]![0xbd]vv[0x99]#[0x9d][0x98]H`[0xf9]EybqIiIfIbiZb[0x1e][0xb6]4odD[0xb7][0xe9]&[0xd0][0xa4][0x10]4[0xe0][0xf1][0xb5][0xfb]RR[0xcb]2!G,b/O[0xc][0xc1][0xe7].[0xd1][0xa5]<AZ~H`[0xc1]VAf"[0xec]P)li[0xc3][0xc2][0x84]n[0x83]eH[0x1b][0xbb]q[0xae]][0x6][0xed]v[0xc8]+[0xc9]/(-*O[0xcc]+[0xc9][0x4]-8D[0x1f]m[0xb2]07[0xa6][0xd3][0xe8][0x1e][0xe8][0xa8]/h[0xb2] [0xe2]j[0xb3][0xdc][0xcc][0x1c][0xd0]i[0x6]X6[0xbf][0x9b][0xd3][0xed][0xda]8sP5[0x1]u2[0xce]Q^[0xf0][0xc9][0x4][0x88][0xad][0xe3])z(kh[0xcd][0xc][0xcc][\r][0xe9][0x15][0xbe]DT[0x8a][0xd9][0xf0][0xc4][0x8b]u[0xd8][0xc0][0xd4][0x12]T[0xe2][0xd0]'[0xcb]![0x86]JI[0xa9][0x18][0xa1][0xf7]s[0x97]$[0x16][0x97]g[0x16]a[0xcb][0x81]F[0xf4][0x1b][0x19]CZ[0x8d]Hl[0xfd][0x98]_U[0x99]^[0x9a][0x97]XT[0x92][0xf]Z[0xc0][0x80][0xd1][0xe8]6[0x5]M?[0xd1]%[0xf8][0x91].[0x8a][0xc3]WF[0x17][0x15]'[0xa6][0xa6][0x81][0xe]_[0xca][0x80]4E[0xca][0x10]k[0xe5][0x8c],[0xe8]V[\r][0x82][0xee][0x13][0x85]e[0xc3][0x94]T[0x8c][0xed][0xb6]%[0xa0]N#[0xa8][0xf6][0xc3][0x96][0x1e][0xcc][\r][0xe8]6[0x98][0x4]Z_[0xc]u&[0xb6]%}[0xa0]M[EY[0x89][0x88][0x9d]E(c[0x1c]&[0xf4][0x1b]D[0x2][0x9d][0xd4][0x2]u'[0xd1]#v[0x89])[0x99][0x89]EY[0x89]%[0x19][0x89][0xb9]E[0x99]X[0x1b][0x18][0x16][0xf4][0x1b][0xf5][0x0][0x9d]][0x0][0xf5][0x0][0x9][0xf3]D[0xd9][0x89][0xe9][0xa5][0xc5]%8[0xae]\03[0xa3][0xdb][0xb0][0x18][0xe8]|V[0xa8][0xeb]I[0xbe]R[0xa4]$17[0xd3][0xc][0xeb]e[0xaa]f[0xc6][0xe6][0xf4][0x9a][0xa6][0x3][0xd5]hP[0xf][0x90]:#[0x0]jUCV[0x92]'%[0xe6][0xe0][0x18][0xa1][0xb4][0xc0][0x14][0x14]5g[0xa0]A[0xb][0xd7][0xa1]>[0xc1][0xb5][0x9e][0xbc]$3[0xb1]([0x11]t[0x11][\r][0xf8]>wl[0xcd][0x11][0xba]]}h[0xe][0x8a]a[0xa8]sa[0xab]C[0x88]X[0xb5][\n]"
17:11:38.427 [main] DEBUG org.apache.http.wire -  << "[0xad]p@76'[0x96]@[0x9a][0x80][0xb9][0x88]b[0xdc][0x9c]n[0xdb]"[0xcc]Ak[0xc0][0xd1][0x9c]O[0xe4][0xe2][0x96][0xdc][0xc4][0xa2][0xe2][0xd2][0x94][0xcc][0xc][0xc4][0x96][0x14][0xd0][0x8][0x1b]ZS[0xd6][0xd8][0x10][0xb4][0xc7][0x9e].[0xb5]'h([0x12][0xea][0x13][0x9c][0xed]B[0xf0][0x1]F[0xb0][0x93] [0xb0][0xf5][0xc8][0x8c][\r]A[[0xd7][0xe9][0xe2]^[0xd0][0xaa]7[0xa8]{q[0xf][0x8][0x82][0xc6][0xe1][\r][0x8d]@[0x9][0x4]}][0x85][0xa1])[0xdd][0xe6][0xbe]@;[0x1b][0xa0].%[0xa1]h[0xaf][0x82][0x1d][0xcd][0x85]%[0x1a][[0xd0][0xeb][0x8c][0x7]s[0xd0]q[0xf1]P[0xc7][0x13][0xe8][0xae]W[0xc0][0x17]fC[0x96],[0xa0][0xc]u[0x1b][0x99][0x83][0xfa]vTL[0x18][0x0][0x0][0x0][0x0][0xff][0xff]"
17:11:38.427 [main] DEBUG org.apache.http.wire -  << "[\r][\n]"
17:11:38.427 [main] DEBUG org.apache.http.wire -  << "2A5[\r][\n]"
17:11:38.427 [main] DEBUG org.apache.http.wire -  << "[0x2][0xcd][0xeb][0x17][0x94][0x16][0x15][0xe4][0x17][0xa7][0x16]+[0xd5]"[0x1d][0xcf]e[0x8e]t8[0xf][0xee][0xa1][0xcb][0xac]D[0xd0]![0xee][0x88][0xe3][0x8f][0xb0][0xad],[0xa3][0xdf]JP[0xd0][0xf8][0x11]4[0x90][0xc1][0xc7][0xc7]%+d[0xe4][0x97][0x16][0xa7][0xe2]<[0x2]>[0x7][0xb6]%[0x16]K[0xda][0xb0]0[0x5][0xd5][0x0]t[0x9]i[0xd0][0xe8][0xb][0xd4][0xd9][0xd8][0x1a][0x87][0xc5][0xf9]9[0xa9][0x19][0xd0]-?X[0x1c]jH[0xb7][0xcb]^[0xcd]A[0xb3][0x14]P[0x87][0x92]8J[0x9c]V[0x9a][0x95][0x99]X[0x92]Y[0x0]>[0xbd][0xe][[0x89]gj[0x8]2[0x9c]>[0xc1][0x8d][0x98]T[0xc0]S[0xe2]A[0xc7][0xe4][0xb1][0xf6][0x85][0xcd][0xc][0xe8]6[0x9c][\r]jzB[0x83][0x1c]V[0xaf][0x13]Y1[0xe6]@[0xd6]{[0x96][0x80]z[0x93][0xe8]g|[0x19][0x9a][0x81][0x96][0xf3][0xd2]'[0xb4][0x11]C[0xf][0xc4][0xf6][0x84]3[0xe1][0xcb][[0xb0][0x15]'Ft+[0xb3]A[[0x9c][0xa1]aOjc6[0xb5],[0xd1][0x18][0xc7]%t&[0x6]t[0x9a]}27Cj[0x14][0x96][0xe6][0xe5][0xa4]&[0x16]g([0x94][0xe7][0x17][0xe5][0xa4][0xe8]&[0xe7]$[0x16][0x17]+[0x80][0xee][0xf7][0xce][0xcf][0xd3][0xcd],I[0xcd][0xc5][0xbc][0xc1]-5)E71'[0xbb][0xbc][0xc8][0xc][0xc7][0xcd]:f[0xe0][0x85][0x8e]tHC[0xe6]fH[0xad]C[0xb7][0xc4][0xa2][0xc4][0xc][0x8c]n~aFIb^qRQ[0xa5]CbNEbNJ%[0xea]"[0x1][0xb]K[0xd0]9[0xc8][0xf4]q*b[0xec][0xea][0xc6][0x8a][0x1b][0xcb]o,[0xbb][0xb1]S[0xe1][0xc6][0xba][0x1b][0xdb]n,[0xbf][0xb1]Q[0xe1]f[0xc7][0xcd][0xc6][0x1b][0xcb]o6[0xdf]l[0xbf][0xb1][0x12][0xc3][0xf]9[0x89]9[0x85]9[0xb9][0xe5]y[0x95][0xd8][0x87][0xbc]M-[0xf1][0x1e]AL[0xcd][0xae][0x8f][0xa1][0x1]|[0xd6][0x95][0xe4]^([0xb8]U[0x9b][0x97][0x99][0x98][0x3][0xba][0x81]:[0xf]G7[0xce][0xc4][0xcc][0x80]^[0x8b]6@[0xab][0xc3][0xa1]y[0x98][0xc0][0xf0]}[\n]"
17:11:38.427 [main] DEBUG org.apache.http.wire -  << "[0xe8][0x1a][0xa9][0xcc][0xec][0xa2][0xc4][0x94][0xcc]l[0xac][0xcb][0xbc][0xcc][0xc1][0xc7][0xb][0xd3]![0x15][0x99][0x9a][0x83]6;B][0x8d]u[0xed]QjQ&h[0xaf]*[0xf2][0xdd][0x8a][0xe8][0x3][0x86]&[0x6][0xf4]:}[0xc4][0x1c][0xb4][0x2][0x7][0xea]Z"wV[0xe4][0x82][0xe][0xec]K,[0x2]UMhw[0x93][[0x18][0xd1][0xeb][0xa0][0x3]s[0xe4][0xd3][0xa1]B[0x14]L-L[0xc][0x15]<]#[0xb0][0xe4][0xcb][0xa2][0xc4]b3[0xb]l[0x8d][0x16][0x13][0xb][0xba]U[0xa3]H'[[0xe3]Y|[0x94][0x8]?r[0x1a][0x14][0xb4]h[0x9d]`#c[0xd0][0xca]t[0xba][0xa4]_[0xd0][0xc6][0x6]h[0x8a][0xc0][0xb3][0xc5][0xa3][0x18]48[0xb][0x9a][0xf][0x6]9[0x16][0xa3]ciI[0xb7].;[0xd2][0xc9]O[0x4][0xfa]f[0xa9][0x88][0xd3][0x3][\n]"
17:11:38.427 [main] DEBUG org.apache.http.wire -  << "J[0xf4]Pvs[0x18][0xd3][0xaf][0x9b][0x3]:[0xa3][0x0][0x1a][0xba][0xa4][0xb6]KJRS2AcV)8[0xef][0xa5]0[0xb4][0xa0][=[0x3]j[0xc8]A[0xfd]A[0xa0]lN[0xcd][0xc9][0xc9],60[0xc7]^3[0x9a][0x9b][0xd0][0xad][0xa7][0x6][0xba][0x95][0x19][0xea]b[0xdc]}[0xe2][0xbc][0xc4][0xe2][0xc4]$[0xd0]dZAj"h[0xc8][0x4][0xf5]*5[0x3][0xba]M[0xaa][0x82][\n]"
17:11:38.427 [main] DEBUG org.apache.http.wire -  << "R[0xa8]c[0x9]$[0xeb][0xc4][0xdc]D[0x0][0x0][0x0][0x0][0xff][0xff]"
17:11:38.427 [main] DEBUG org.apache.http.wire -  << "[\r][\n]"
17:11:38.427 [main] DEBUG org.apache.http.wire -  << "45[\r][\n]"
17:11:38.427 [main] DEBUG org.apache.http.wire -  << "*J*[0xc5]:ton[0xc]j|[0xd1][0xa5][0xd0][0x0][0x1d][0x93][0xc]u/[0xb6][0x5][0x8b][0xc5][0xa9]%[0x95][0x89]H[0xd7]fc[0xe9][\n]"
17:11:38.427 [main] DEBUG org.apache.http.wire -  << "[[0x98][0xd2]m[0xe9][0xbb][0x19]b! [0xee][0x85][0x8b][0xd0]&[0x5][0xe8][0xc6][0x1f][0xe8]Z:[0xf4]R[0xce][0xc4][0x88]n[0xc1][0xb][0xba][0xb2][0x3]O[0xf0]"
17:11:38.427 [main] DEBUG org.apache.http.wire -  << "[\r][\n]"
17:11:38.427 [main] DEBUG org.apache.http.wire -  << "1FE[\r][\n]"
17:11:38.427 [main] DEBUG org.apache.http.wire -  << "[0xa6][0xe4][0xe7][0xa5][0xe7][0x17]%[0xe6][0x81]j[0xe6][0x12][0xac][0xed][0x1f][0xb][0x13][0xd0][0xf8][\n]"
17:11:38.427 [main] DEBUG org.apache.http.wire -  << "][0x92][0x2][0xe8][0xc8]~[0xa8][[0x9]$][0xc8])[0xc5][0xf0]#;P&[0xd8]-[0xc0]w[0x16][0xd1][0xc7][0xc1][0x88]u[0xac][0xb8][0xc7][0x14]ra[0x85][0x2][0xb6][0xa4]kN[0xb7][0xa4][0xb][0xba]E[0x4][0x1a][0xb8]D,[0xb6][0x80][0xd5][0xd1][0x89]9[0xa0][0xcb]![0xb1][0x97][0xc0][0xa6][0x86][0x86][0xf4]j[0xcf]#[0x1d]qN[0xe2][0x10][0x14][0xe4][0xd8][0xf0][0xcc][0xa4]"[0xe8][0xce]$[0xd4]s1[0xcd]AM[0x16][0xba]$[0x15][0xb][0xc4][0xde][0x1e]<m#[0xe8][0x6][0xc1][0x9c][0xc4][0xbc][0xac][0xc4]"[0xd0][0x4];[0xfa]fLs[0xfc][0xb7][0xc1]P[0xb3]?[0x8][0xda]/[0x2]M0$[0x8e]A[0x15]%f[0x16]'[0x9a][0x1b]bO5[0xe6][0x16]t;[0xed][0x2]4\[0x7][0xf5][0x1][0xa9]-[0xa6][0xe2][0xc4][0x9c][0xdc][0xc4]<cCl[0xb][0x8][0x8c]M@[0xab][0xc3][0xe8][0x93]j[0x10][ipMG"6[0xce]@[0x97][0xfa][0x15][0xa0][0xdd][0xff]ihI[0xb7][0x2][0x1c]t[0xf8][0x10]4[0xc0]q[0xce][0x82][0xa5]e[0x16][0x81][0xe][0xbb][0xcb]/[0xca][0xcf]N[0xcd],[0xce][0xc0]z[0x9d][0x88][0xa9]![0xa8][0xda][0xa2]O[0x8]#Fn[0x8][0xb4]Fs[0xe1][0xe3][0x93][0xa5][0x18][0xb7]=[0x98][0x1a][0xd1]m[0xcd]6[0xe8][0x94]Kh[0x18][0xc3][0xb2]%[0x11]S[0xbe][0xa0][0xfb]n[0x13][0xc1]kq[0xb1][0xa5]h[0xb]3z[0xdd]^n[0xe][0x1a][0x5][0x85]:[0x9f][0xe4][0xad][0x14]I[0x90][0xd9][0xde][0x92]|l~06[0x3]m^[0xa5]K[0x9a][0x1]m[0xc7][0x85][0xfa][0x1][0xd7]B[0xcb]BpX'f`w)h[0x83][0x3]=\j[0x1][0x9a][0xa5][0x85][0xba][0x94][0x88]J[0x1f]\nC[0xd7][\r]c/[0xbc][0x8d][0xcc]A[0xe7]Q[0xd0][0xc7][0xe9][0x88]3J[0xc9]X[0xac][0x9d][0x9a][0x9e]hn[0x82][0xdd][0xf][0x16][0xc6]x[0xef]([0xa4]b[0x15][\n]"
17:11:38.427 [main] DEBUG org.apache.http.wire -  << "[0xbe][0x97][0x4][0x1e][0xfc][0x99][0xa9]i[\n]"
17:11:38.427 [main] DEBUG org.apache.http.wire -  << "![0xa9][0xc9][0x19]y[0xa0]M[0xec][0x95][\n]"
17:11:38.427 [main] DEBUG org.apache.http.wire -  << "[0xfe]8[0xb6]Q[0x83][0x96]5$[0x96]dB[0xa6]XA[0x1d]I[0xf4]!>[0xb]#P[0xbd]F[0x9f]8@[0xb4]oq[0xee][0xaa][0xc8]K,)[0xce],[0x82][0x1e]6[0x2]Z[0x84][0x81][0xde][0xd9]1[0xb6][0x4][0x8d]k[0xd2][0xc7][0xbd][0x88][0xee][0x19][0xce]m[0xbd][0x90][0xeb][0x87][\r][0xb0][\r][0xec][0x19][0x19][0x80][0x96][0xf7][0xd2][0xc7][0xa5][0xc4]l[0xc8][0xca][0xcf][0xcb][0xb4][0xc0][0xba]'[0xdd][0xc8][0x92][0xca]I[0x18][0x0][0x0][0x0][0xff][0xff]"
17:11:38.428 [main] DEBUG org.apache.http.wire -  << "[\r][\n]"
17:11:38.428 [main] DEBUG org.apache.http.wire -  << "242[\r][\n]"
17:11:38.428 [main] DEBUG org.apache.http.wire -  << "[0xc2][0xb9][0x1e][0xc0][0x2]tR84[0x9][0xc3][0xaa][0x1b]"g"[0x93]JS[0xc0][0x87][0x8a][0xe4]C[0xb6][0xca]b[0x9d]R[0xb5][0xc0][\r][0x1e]U[0xf3]"[0xa2])[0x85]g([0xb5]([0xb1]$/[0xd1][0xc4][0x0][0xd4][0xf4]F[0xdb]fcb[0x2]ZdH[0x9f][0xc4][0x81][0x98]<%[0xfa][0x18][0x94][0xa4][0xc4][0x9c][0xcc][0x94][0xcc]<[0x13][0xac]'v[0x18][[0x98]X[0xd0]g[0xcd][0xb9][0x5]h[0x8a][0x7][0x9a]^p[0x8f][0x90][0x94][0x95][0x82][0x96]-b[0xab][0x1b][0x8d][0x8c][0xe9][0xd5][0x90][0xb2]@[0x9a][0xef][0xc2]:[0xdb][0x2]^[0x1e]W[0x9e]X[0x92][0x99][0x99][0x6][0x1e][0xd0]C=[0xe2][0x16][0xbc]v[0x8d].[0xa9][0x1]T[0xe3]BC[0x14][0xfb][0xe][0xef][0xe4][0xc4][0xca][0xc4][0x94][0xcc][0xca][0xd2][0x9c]L[0xd0][0xc5][0x9e][0xa0][0xa4][0x8b][0xba][0x8e][0xd8][0xc0][0xd2][0x94]N[0x91][0xf][0xda][0xf5][0xe]u*[0x81][0x1][0x9c]T[0xf8][0xb9][0x88][0xd8]R[0x81][0xb9])[0xa8][0x99]H[0x9f][0xd0]ETq[0xb8][0x87]p@{xM[0xb1]^kbH[0xbf][0xca][0x18][0xe9]4'<[0x5]XVf^by&[0xbe]e,&t;T[0x1c][0xdc][0xd3][0x87][0xa6][0x7][0x12]+[0xf][0xf8].[0x83]l[0xd0][0xb8][\r][0x96][0x5]![0xa6][0x6][0xa0][0xf0][0xa0]O[0x12]A[0xac][0x1c][0xc2]3[0xfc][0xf]:[0xce][0x16]t%[0x4][0xd6]z[0xce][0x14][0xbc][0x88][0x8a]>[0xae]E[0xd4]s[0xa4][0x9d]W[0x6][0xb9][0xac]=[0x13][0xb4]1[0xc]:3[0x87]X[0x13]lj[0x8][0x9a][0xed][0xa5][0x8f][0xfb][0x11][0x95][0x1f][0xce]1[0x4][0xd8][0xf6][0xb5][0xfc]<[0x1c][0xd7]x[0x99][0xd1][0xed]rN[0xb][0xd0][0x18](4[0x8d]c/[0x9e][0xa1]K[0x95]Mq-[0xc][0xb2][0xb0][0xa0][0xd3]([0xaa][0x5][0xa8][0x83][0xc]u*[0x9]Ki[0x91][0x8a]j[0xec]i[0xdb][0x88]^[0xe3]K[0x16]H[0x87];[0x11][0xa8]_2@;[0xaa][0xa0]G[0xad]b)=[0xcc][0xc0][0xc7][0xf][0xd3]%=[0x83]Z[0xea][0xd0]@'[0xef][0x9c]l[0xe8][0xad][0xbf][0xa0]V[0x8]tip[\n]"
17:11:38.428 [main] DEBUG org.apache.http.wire -  << ""c[0x9a][0x9b][0x80]6[0x8f][0xd0][0xc7]#[0x88][0x9a][0x92][0xe4][0xf5]A[0xb9][0xb0][0xbb][[0xb0][0xc4][0x85][0x85][0x5][0xbd][0xa6][0xfc]-@G[0x1]C[0xe3][0x2][0xdb][0x92][0xdb]L[0xd8][0xe5]u[0xc9]e[0xe8][0x97]/[0x98][0x18][0x81]&[0xa7][0xe8][0x13][0xce][0x88][0xae]!Q[0xcb][0x99][0x93][0x13][0xd3]S[0x8b]LMAe6J[0x13][0xd5][0xcc][0x1c][0xb4][0xc2][0x81]>NF[0xd4][0x90].[0xa0][0x8c][0x97][0x97][0x8f][0xb1][0x9e]&[0xbf] #5'3[0xd1][0xd2][0x14][{[0xcf][0xc2][0x84]^kT[0xc0]i[\r][0x9a][0x4]p[0x8d][0xdd][0x95][0xa4][0xa6][0xa4]T[0x1a][0x9a]b[0x1b]!07[0xa0][0xd7]B|[0xb][0xd0]Q[0x90]P[0x87]b[0xed][0x9e][0x80]f[0xe8]@[0xe7][0xe2]$%[0xe6]%[0x96]c[0x1d]E7![0xfd][0xf8]y[0x0][0x0][0x0][0x0][0xff][0xff]"
17:11:38.428 [main] DEBUG org.apache.http.wire -  << "[\r][\n]"
17:11:38.428 [main] DEBUG org.apache.http.wire -  << "3DB[\r][\n]"
17:11:38.428 [main] DEBUG org.apache.http.wire -  << "[0x82][0xc][0x5]`D[0x1e][0xa1][0xcb]X,[0x90]N[0xa1]"r-XAjQnbI"t[0xe] [0xb9]L[0xf]e[0xc3][0x83][0x5][0xdd]v[0xc2]X [0x9d]IE[0xa0]N[0x81]&a[0xc8][0x2]k[0xd0][0x81][0xba]X[0xab]CC[0xb][0xd0][0xe6]T[0xba]d;[0xa4][0xa3][0xa9]p6[0x95]@[0xbd]X[0xf0][0xed][0x80][0x95][0xa5]8[0x86]C[\r][0xe8]V[0x83][0x80][0xba][0xf6][0xd0]$[0x8d][0xbb]![0x9d][0x2][0xbe]d6/[0x1f][0xd4][0x8f]-N[0xce]@9[0xa2][0xca][0xc8][0x1c]tb[\r]}[0xc2][0x16]Q[0xdb][0x91]|[0x12]f[0xe][0xa2]s[0x8b]e[0xce][0xdf][0x84]~[0x83]1[0xa0]S[0xaa][0xa1][0x1]NTU[0x92][0x2][0xba][0x89][0xaf]<3+[0xb1][0x12][0xe3][0xb2]$S3z[0xed]D[0xb7][0x0][0xad]`[0x85][0xba][0x9a][0xc0][0x94]\VbI[0xa6][0x99]%[0xf6]tmbD[0xaf]YZ[0xb][0xd0]t[0xe][0xd4][0xc1]$[0xb7][0x8c][0xf2]K[0x12][0x8b]23@Kp@c[0xe7]([0xab][0x13]L[0xcc][0xe8][0xb5]:[0xc1][0x2][0xb4][0xef][0x10][0xea][0x3][0x2][0x85]`qjAI[0xa6])[0x8e]073[0x2]-[0x90][0xa2]O[0xfe]$[0xa2][0x9b]X[0x9e]X[0xc][0xba]d41%[0xb3][0xa4][0x12]k[\r]ifF[0xaf][0xb5][0x8][0x16][0xa0][0xfe]34[0x84]I[0xe8]{AO[0xeb]+[0xce][0xcc][0xcd][0xcf][0xc3][0x9e][0xcc][\r]MA#[0xae]t[0x9]r[0xe4][0x95][0xd3][\n]"
17:11:38.428 [main] DEBUG org.apache.http.wire -  << "[0xc6]F[0x6]&[\n]"
17:11:38.428 [main] DEBUG org.apache.http.wire -  << "n[0xde][0x18]M[0x85][0xcc][0xdc][0xc4][0xdc][0xdc][0xc4][0x8c][0xd4][0xbc][0x94]"[0xf0][0x5]qh[0xa3][0xe8][0xa6][0x86][0xa0][0xfa][0x96]>[0xce]EL [0xe2]j[0x94][0x16]#-,[0x84][0xf4][0xad]P2[0xa0][0x19][0xfd]f'@9[0x1d][0x9a]<p[0xf][0x9b][0xe7]$[0xe6][0xa5][0xa7][0xa7][0xe6][0xa5][0x9b][0x9a]aO[0xb][0xa6]&[0xa0][0xb5][0xb5][0xf4][0x9]\D[0xf5][0x88]m[0xd5]f[0x1a]h[0xbf][0xe][0xfc][0xf6][0x87][0x14][0x94]J[0xdc][0x4]|[0x13][0x6]}\[0x89][0x98][0xf]$[0xb2]Y[0x9a][0x6]mV[0x83][0xeb]?[0x94][0xc4]`n[0x2][0x9a]L[0xa7][0x8f][0xb3][0x11]=@[0x92][0xeb][0x13][0xf8]5a[0x89][0xe0][0x8b][0x92][0xb0]ubL[0x8d][0xe8][0xb5][0xe8][0xd0][0x2]i[0xe5]4y[0x83][0x1f])[0x89]E[0xa5]y[0x89][0x5]E[0x89][0xe0][0xfb]<[0xb1]6[0xb8][0x8d][0xe8][0xd7]'[0x3][0xb5]>[0xa1][0xb9][0x94][0xe4][0xc5]+[0x19][0x89]EY[0xf9]i[0x99]E[0xb9][0x89]y[0xa0][0x1b][0xac]@[0xb5]=[0xc6][0xb9][0xc1]&[0x86]t[0xeb][0xb2][0x83]&[0x4][0xa1]^[0xc1][0xd9]w([0x7][0x1d]j[[0x92]hd[0x6][[0xc6]\[0x89][0x92][0x91][\r][0xcd]A[0xe7][0xba][0xd1]'G Via[0x1b][0xb8][0xc9].-[0xce]M[0x4]M[0xd5][0xa5][0x94]gb[0x1b]_01[0x0]5[0xd1][0xe8][0xe2]R[0xd0]![0xa9][0xd0]p[0x85]My[0x10][0xb1]<[0xb][0xb2][0x12]?#1%[0x13][0xd4][0xed]AY[0xce]ldF[0xaf]S[0x95][0xc0][0xb7][\n]"
17:11:38.428 [main] DEBUG org.apache.http.wire -  << "A[0xdd][0x8e]kl[0x4]|[0xfb]SQb[0x1e]([0x15][0x97][0x16]aO[0x17]F[0x6][0xa0][0xed]w[0xf4][0x9]m[0xc4][0xaa]Z[0x92]{i[0xd9][0x89][0xb9][0xa0][0x19]s[0xbc][0xa7][0x18][0x98][0x9a][0x81][0xba]P[0xf4][0xf1][\n]"
17:11:38.428 [main] DEBUG org.apache.http.wire -  << "[0xa2]F[0xc5][0xb3]@8[0xb7][0xb4][0xb8]$?-1[0xb5][0x18]z[0x13]@A[0x8a][0x1e][0xfa][0xfa] 3[0xfa][0x95][0x87][0xa0][0x1e][0x16]4[0xc1][0x10]Y[0xbf]V[0xc1]/[0x5][0x5]/SE)OL,A[0xe7]P[0xd1]'[0xb0][0x11]5,[0xae]u[0xb5][0xf9][0xd9]%[0x89][0xe6][0x6][0xa0]b[0x1a][0xa5][0x19]`lH[0xb7][0x81]`[0xa4][0xe3][0x11][0xc9][0xab]<![0xf3][0x1f][0xd9][0xa0][0x13]X[0xb1]7[0x18][0x8d][0xc1][0xc7][0xc7][0xd3]'[0xc4][0x11][0xd3][0x92][0x4]z[0x98][0xe9][0x89]9[0xa5]E[0x86][0xb0]:[0x7][0xfd][0xc][0x3][0xb]C[0xd0]Au[0xf4]q2[0xa2][0x8b]I[0xf4]2[0x9c][0xf2][0xbc][0xc4]\[0xf8][0xa1][0xce]([0xa9][0xdb][0xcc][0x8]t[0xa8][0x3]][0x1c][0xe][\n]"
17:11:38.428 [main] DEBUG org.apache.http.wire -  << "!h[0xb6]$[0xe5]$[0xc5][0x92][0xe2][0xc4][0x9c][0xc4][0x8c][0xd2][0x14][0xec][0xa7][0xb9][0x19][0x83][0x97][0x82][0xd1][0xc7][0xfd][0x88][0xa2][0x90][0xa8]a[0xab][0x12][0xf8]a[0x9b][0xd8][0xee]$[0xb4]02[0xa0][0xd3][0x81][0xa6][0xe0][0x91]_h[0xc0][0xe3]*V[0x92][0x13][0xb][0x12]s[0xe0][0xf7][0x1a]$[0x97][0xe9][0xa1][0x8f]q[0x9a][0x1b][0xd1]m[0xed][0xb][0xd2][0xf1][0x84][0x4][0xf2]$l[0xe9]{FfN[\n]"
17:11:38.428 [main] DEBUG org.apache.http.wire -  << "[0x8e][0xdd][0xfd][0x16]f[0xa0][0xd3]/[0xe9][0x93]>[0x10][0x19][0x93][0x88]U[0xcd]I[0x89][0xe9][0x89][0xc5][0xa0][0xbb]Q[0xc0][0x97][0xc9][0xc1][0xba][0xf9][0xa8]y[0xd3][0x92]n[0xa3][0x12][0xa0][0xc1]vh[0x12][0xc1]v[0xf1]VQbFfnb[0x6]x[0x19]"[0xf6]2[0xdb][0xcc][0xc]43D[0x97]p[0x6]m[0xc2][0x80][0xba][0x95][0x84][0xb6]lJqfF~nRf^:[0xb4]y[0x88]6[0x4]dnJ[0xfd]Q[\n]"
17:11:38.428 [main] DEBUG org.apache.http.wire -  << "[0x0][0x0][0x0][0x0][0xff][0xff]"
17:11:38.428 [main] DEBUG org.apache.http.wire -  << "[\r][\n]"
17:11:38.428 [main] DEBUG org.apache.http.wire -  << "C9[\r][\n]"
17:11:38.428 [main] DEBUG org.apache.http.wire -  << "R[0xc0]z[0x98][0x95][0x5][0x5][0xe7][0x12]&[0x16][0xe7]&[0xa6]dBv[0x8f]a[0xeb]R[0x18]Y[0x80]Z[0xfa][0xf4][0x89][0x6]D#[0x17][0xd7]@V[0x12]t[0xcf])h[0xbd]8[0xf2][0x9d][0x7][0xe6]F[0xa0][0xc1]t[0xfa][0xb8][0x12]Qh[0xe3]i[0xbf][0xc2]G[0xbb][0xa1]gB[0x15][0x94][0xe8][0xa1][0x1d][0x5]A[0xbf][0xf3][0x91]-[0x90][0xb6]D[0xe2][0xbe][0x1f]1[0xa7]4[0xb3][0x18][0xbe][0xef][0xa4] [0x5][0xb4][0xfd][0x1f][0xb5][0xec][0x0][0xdf][0xf6]@[0x9f] FL[0xb3][0x13][0xdd] )J[0xcd]K[0xa9][0x84]N[0xe9]`[0x1d]>11[0xa0][0xd7][0x9][0xcf][0x16]H[0x7][0x13][0x91][0xd7][0xa0][0xcd])-[0xc9]H[0xcb][0xb4]0[0x5]%s[0xf4]n[0x8f][0xb1][0x1]h[0xe7];}[0xe2][0x1]1[0x1a][0x81]g%&|P[0x2]t[0x8c]"[0xc8][0xc5][0x18][0xc3]=[0x86]&[0x6]&tZ[0x99][0x8b]t[0xde]#[0xae][0xae]}qiybQ^~&r[0x5][0xf][0x0][0x0][0x0][0xff][0xff]"
17:11:38.428 [main] DEBUG org.apache.http.wire -  << "[\r][\n]"
17:11:38.428 [main] DEBUG org.apache.http.wire -  << "5AB[\r][\n]"
17:11:38.428 [main] DEBUG org.apache.http.wire -  << "[0xca]G:[0x17][0xd4][0xcc][0x8][0xb4][0xf5][0x8c].[0x1][0x8c][0xb4][0xf5][0x14]g[0x89][0x97][0x98][0x9e]Y[0x99][0x8][0xbd]-[0xa0]21#?[0x1f][0xd5][0xb5][0x86]f[0xf4][0xba]r[0xc9][0x2][0xb4][0x1d][0x7]ZM[0xe2][0xdc]u[0x92][0x97][0x98]U[0x9e]h[0x84]cG[0x92][0xa9]![0xa8][0xa2][0xa2]O[0xc8]"[0xba]a[0xb8][0xef][0xa3],[0xce],[0xce]N4[0xb2][0xc4]V[0xed][0x99][0x9a][0xd3]-[0x97]!m&%u[0xf7].t[0x9]A[0x6][0xe4]jXl[0xfe]07[0xa4][0xdb][0x8a]#[0xd0][0xf2]Nh[0xf2][0xc0]9[0xd2][\n]"
17:11:38.428 [main] DEBUG org.apache.http.wire -  << ":[0xfb]871[0xaf][0xa4]([0x13][0xba][0x3][0x1c][0xdb][0xb8][0xbd][0xb1])[0xe8][0xc8]H[0xba]$[0x13]PN[0x87][0xba][0x99][0xa8][0x1e][0x18][0xac][0x3][0x96][0x98][0x97][0x9f][0x8b][0xbd][0xd9]jh[0x9][0xba][0xff][0x9c]>[0x8e]GL[0xfc][0x11]X?[0x90][0x98][0x95][0x9a][0x97][0xe][0xbf].[0xaa]D[0xaf] ?[0xaf] [0xb5][0x18][0xa5]z72[0x3][0xc5][0x1f]}[0xdc][0x8d]h[0xe7][0xc1][0x9a][0xdb]Dn[0xb5][0xaa]@[0xf4][0xdc][0xb1],[0xb0]4[0xa5][0xdb]m[0xe5][0xe0]{8[0xa0][0xe9][0x86][0xd8]c[0x1f]A[0xa3][0xe3]y[0xe9][0x16][0x6][0xd8][0x93][0x8d][0x91][0x11]h[0xfd],}[0x82][0x1f]1Y[0x88]}!wf^Ib[0x1e][0xb8]h)[0xce][0xcc][0x0]U[0xe8]X[0x92][0x8b][0xa1]%[0xbd]Nv[0xb1][0x0][0xed][0xea][0x81][0x86]5[0x81][0xde]{bqiQe~[0x1e][0xf8][0x86][0x9][0xd4][0xd3][0xab],A[0x86][0xd0]'t[0x11]mWl38[0xe5]%[0x89][0xb9][0x5][0xa5]I[0xf9]9[0xf9]X[0xcf]#[0xb2]0[0xa7][0xd7]-:[0xe0][0xcb]0[0xa1][0xc1][0x8a][0xa7][0x1f][0x93][0xe]>[0xa1]#1[0xcf][0x0][0xc7][0xaa]~3K[0xba][\r][0x13][0x83][0xb6][0xee]C[0x1d][0x1c][0x95][0x9a][0x93][0x92][0x88][0xb1]$[0x3][0xba]n[0x11][0xb6][0xb1][0xbb] [0x5][0xbd][0xcb]el[0x0][0x1a]1[0xa4]G2[0xb0][0x4][0xcd][0xa1]C[0x1d][0x8b]sGqV^b[0x11][0xe8]nolu[0xa0][0xb9][0x11][0xbd][0x16][0x8b][[0x82]n[0x9][0x81]:[0x95][0xbc][0xde][\n]"
17:11:38.428 [main] DEBUG org.apache.http.wire -  << "[0xbc][0xaf][0x9b][0xe][0x9e][0x9b][0x4]-[0xd0][0xc6]Rb[0xd0][0xef][0xe2]fK[0xd0][0xfd][0x9e]P[0x1f][0x11][0xdd][0x4][0x9f][0xec][0x99][0x92][0x99][0x7][0xda]P[0x1][0xda][0xde][0x84][0xa5][0xa9]mb[0x6]j[0xaf][0xd3]'[0xf9] [0x6][0x19][0x88][0xad]_@[0xdb]o2K[0xf2][0xa1]w[0xac]C[0x87][0xa4][0xd0][0xce]H43[0x4]m[0xb2][0xa4][0x8f][0xf][0x10]3O[0xa4][0x8c][0xcd]Co9*[0xce]I[0xcc]M-[0xc1][0xd6][0xa0]5[0x5][0xd7][0x7][0xf4][0xf1][0x2][0xa2]([0xc7][0xb6][0xf6]'[0x5][0xba]h[\r][0x9b]+[0xcd][0x8d][0xe8][0xb5][0x89][0x1a][0xdc][0xdc][0x84]&v[0xec][0xc5]b"h[0x83]zn"[0x8e]uu[0xe6][0x86][0xa0]s[0xa0][0xe9][0x13][0x9e][0x88][0xe1]l[0x9c][0xfd][0xc7][0xb2][0xc4][0xbc][0xd4][0xe2]DS3[0xd0][0xf2][0x0][0xe4][0x1]>S[0xb][0xd0][0xd1]Xtq&([0x8b]@[0x3][0x94][0xbc][0xf2][0x10][0x9a].@W[0x7][0x80][0xbc][0x81]v[0xf][0xa4][0xb1][0x1][0xbd][0xe6][0xf],[0x91][0xf6][0xc1][0xf9]*[0x18][0x18][0x1a]+[0xf8][0x7]`T[0x9a][0xe5][0x90]13[0xd0][0x1d]y[0x5])[0x18][0x93]4[0x16]t[0x1b]W[0x5][0x9f][0x87][\n]"
17:11:38.428 [main] DEBUG org.apache.http.wire -  << "[\r][0xf6][0xb0][0xcc][0xbc][0xe2][0xd4]<[0xc][0xa7][0xc2][0x96][[0xa6]d[0xa6][0xa7][0x80]Vnc[0x1d][0xe6]3[0xb2][0xa0]W[0x87][0xd7][0x12]4?[0x1]u[0xb1]OfJ%f[0x83][0xa4][0x14][0xbe][0x8][0x0]Ko[0xc5][0xc8][0x18][0xb4][0x18][0x99].)[0x1a]i[0xd7][\n]"
17:11:38.428 [main] DEBUG org.apache.http.wire -  << "l[0x9d]]Yfqf~^bQ[0xa5]BbQrFfIjrIiQ*[0xe6]9[0xe9][0xb9][0x89][0x19][0xb9][0xa5])[0xc5][0x89]y%[0xf9][0xc5][0xe0][0xab][0xa9][0xd1]O=12[0x5]-[0x8e][0xa0][0x8b]7[0x8c][0x11][0x7]w[0xbb]$[0xa6]db[0xa4][0x8f][0x14]p[0x1d][0x8e]k[0xab][0xac][0x91]%([0x18][0xe8][0xe3]PD[0xc7]<H[0xc1][0xc2][0xd8]P[0xc1][0xd9]/[0x1c][0xc3][0xb5][0xe0]{P[0x12]3J[0x12][0x8b][0xf3]2sA[0xbd],[0x94][0xd5]P&&[0xa0][0xb]J[0xe8][0xe3]ZDw[0xdc]+[0xb1][0xa8][0x1c]3[0x19][0x17][0x83][0x16]V$f[0xc0][0xa7][0x16][0xb1][0xe6];C3[0xfa][0x5]/[0xa2]q[0x14][0x2][0xda][0xc2][0x86][0x11][0xb4][0x90];f[0x12]3[0xb0]w[0xb5]M[0xcc]@[0xab]5[0xe9][0x13][0xb4][0x88][0xae][0xb6]K~[\n]"
17:11:38.428 [main] DEBUG org.apache.http.wire -  << "[0xe6]f[0xc1][0x8c][0xc4][0xa4][0xcc][0xa4][0xcc][0xc]P{[0xb3][0x14][0xd4][IGlx5[0xb2][0xa4][0xd7]>[0x14]K[0xd0][0xd4][0x19][0xb4][0x1c]KJ[0xcd]K[0xce][0xc8]M,[0xca]VH[0xad](I[0xcd]+[0xce]L[0xca]IU(H[0x4][0x9d][0x1a][0x9f][0x8e][0xe5][0x16][0x85]2pk[0x19]t<i[0x9][0xc6][0xf2],[0x13]#z[0x9d][0x1e]n[0x9]*H[0xa1][0x1e][0x88]H[0xcc]K[0xcc][0xc3]L[0xc2][0x89][0xa5]E[0xf9]E[0x89][0x16][0x96][0xa0]eN[0x18][0xd3][0x13]F[0x86][0xa0][0xf3]<[0xe8][0x93] [0x10]M w[0x5][0xd0]a[0x9][\n]"
17:11:38.428 [main] DEBUG org.apache.http.wire -  << "[0xae]>~[0x18][0xe9]7;[0xb5]*3[0xd1][0x1c][0xb6]2[0x8]eY[0x96]9[0xdd][0xf6][0x15]X"[0xed][0xe4][0xf0]-[0xcd][0x0][0xed]v[0x0][0xed][0xc7]vI-N.[0xca],([0xc9][0xcc][0xcf]S[0xb2]R[0x2]][\r]gb[0x84][0xad][0x3]kf[0xe][0xaa][0x1e][0xe9][0x12][0xa8]H[0xfb]5[0xb0][0xd6][0xb][0x99]y[0x89]fF[0xa0]^)[0xda][0xc][0xac][0xb1])[0xdd][0xda][0x94]H[0xab][0x90]][0x15][0x8c][\r][0x8c][\r][0x15][0x9c][0xa2]0[0xa2][0x1d]~[0xfa]zb.h[0xb]1[0xb6]~[0x85][0x91][0x1]h[0x3][0x5]]B[0x15]tD[0x18]4S[0xb9]+[0x80]ZU[\n]"
17:11:38.428 [main] DEBUG org.apache.http.wire -  << "[0x9e][0xfe][0xa1][0x18]n.H,[0xca],6[0xc7]z[0xd7][0xbc][0x91][0x1][0xbd]6[0x1d]Y[0x82]Z[0xd4]P[0xb7][0x96][0x83][0x1a]3I[0xf9][0x89]E)[\n]"
17:11:38.428 [main] DEBUG org.apache.http.wire -  << "[0xc9][0xf9]99[0x89]I[0xf9]E[0x89]%[0x99]e[0xa9][\n]"
17:11:38.428 [main] DEBUG org.apache.http.wire -  << "[0xb9][0xa9]%E[0x99][0xc9][0x98]-[0x9c][0xca][0xfc][0xf4]D[0xe8][0xfd]M[0xa0]4[0x82][0xd6]c61[0x1][0xdd]xG[0x97][0x0][0x7]M8A=Q[0x92]X[0x94][0x9e]Z[0xa2][0xe0]d[0xe4][0xac][0x90][0xaa][0x9b][0x9c][0x9f][0x9b][0x9b]Z[0x94][0x8c]y[0xfb]k&[0xe2]HTl9[0xd0][0xc8][0x84]N[0xb3]m[0xe6]fH[0xb3][0xae]o6[0xb6][0xbc][0x99]=[0x1]#[0x9d]defT[0xa6]f%[0xe6][0xa5];[0xe4]%[0x96][0xa4][0xa2]NaZ[0x98][0x80][0x16][0xe0][0xd0]![0x8c][0xcd][0xcd][0x90].[0xd9]sI,IT(N[0xce]L[0xcd]+[0xc9],.[0xc1][0xe2][0xe0][0xca][0xd4][0xfc][0xbc][0xf4],[0xac][0xfb][0xe9][0xc][0x8d][0xc][0xe9]s[0xe5][0xa8][0xb9][0x19]h[0x91][0x1c]4Ux[0x6]+[0x98][0x1a][0x99]+[0x84][0xb9][0x87]`[0xb8]6%31/57[0xbf](5[0xb1][0xd4][0xa1]$[0xb3]891'S/[0xad][0x8][0xd1][0x9a]04[0xa7]Sk[0xc2][0xdc][0xc]4[0xd2][0xe]u[0xf0][0x9b][0xed]+[0xde]L[0xdd][0xfb]f[0xc1][0x84]7sg([0x18]Z[0x19]*[0xbc]^[0xbe][0xe4]m[0xd7][0x8e][0xd7][0xcb][0xd6][0xbe][0xe9]Z[0x82][0xe1][0x87][0x82][0xa2]DP^,[0xcd])[0xc3][0xb1][0xf2][0xce][0xc4][0x90]f[0xe5]5[0x0][0x0][0x0][0xff][0xff]"
17:11:38.428 [main] DEBUG org.apache.http.wire -  << "[\r][\n]"
17:11:38.428 [main] DEBUG org.apache.http.wire -  << "553[\r][\n]"
17:11:38.428 [main] DEBUG org.apache.http.wire -  << "B[0xbd][0x1d][0xd0][0x1c]|L,[0xd4][0x13][0x88]&QZQf2[0xa8][0xde][0xcb]I[0x5][0xdd].UP[0x90][0x93][0x99][0x9c][0x8][0xe2]c[0x96])[0xe9][0xe0][0xb4]S\ZY[0x9a][0xe7][0x90][0x97]X[0x96]Z[0x84][0x9a][0xe0]MM[0xe8]4[0xe6]bn[0x8e]4[0x14][0x9a][0x99][0x97]\[0x9a][0x94]X[0x92][0xaa][0x90][0x9b]Y[0xc][0xea][0xfc][0xe9]&[0x17]e[0x96]d&'[0xe6]([0x14][0xe4]$[0x96][0xa4][0xe5][0x17]ai[0xe0][0x81][0xcf][0xdc]([0xce],)[0xcd][0x5][0xed][0xdc]M[0x7]uSP[0x9a]#[0x16]&[0xa0][0xa2][0x97][0x1e]Y[0xd7][0xdc][0x0]1[0xa0][0x8]>]4[0x13][0x94]u1[0x13]Q[0xa6]C[0x6]h[0xd7]Ff[0xe][0xea][0x1d]Y[0x86]f[0xa0]an[0xfa]8[0x14]1lH[0xf2][0xb5]d)[0xa5]E[0x89]y)[0xc5][0xa5]U[0x89]yy[0xa9]Xs[0xb2][0xa9])[0x9d][0x96]1[0x99][0x83][0xb7]/B3[0x81][0xb7][0x8f][0xa7][0x82][0x99][0x81]1Fpg[0x81]n[0xc2]J[0xcc]uH[0xcc])L[0xc9]M[0xcc][0xab][0xd4]C[0xb9][\r][0xc4][0xd0][0x94]N+[0x92][0xcd][0xcd]A}[\r][0xa8][[0x3][0xfc][0x14]L[0x8c][0xc][0xcc][0x15][0xfc]1/;JN,*[0x0][0x95][0xf7][0xa9]E%E[0x99][0xc5]%[0x89][0xb0]98[0xe4][0xa2][0xd2][0xc8][0x84]N[0xeb][0xd7][0xcd][0xcd]A;[0x9a][0xa1][0x8e]&[0xa7][0x94][0xc9]KJ,J[0xca]L-r[0xc8][0x5][0x9d][0x87][0x98]W[0x8c]V[0xc8][0x98][0x9a][0xd0][0xe7][0xbc]-ss[0xa4][0x13]&[0x9d]A+$0[0xfb]_[0xa9]9[0x99][0xc5][0xa9][0x16][0x86][0xe][0xb9][0x99]99[0xa9]%(U[0x93][0xb1][0x9]h][0x11]]r&[0xd2][0xc8][0xae][0x8b][0xa9][0xa9][0x82][0xa1]s[0x10]F[0x82].NL[0xc9][0xc8][0xc8][0xad]L)pH[0xca]+G+B[0xc][0xe8]u[0xcd][0x9e]9[0xa8]?[\n]"
17:11:38.428 [main] DEBUG org.apache.http.wire -  << "M[0x18][0xee][0x87]W[0x16]%[0xe6][0x95]([0xa4][0xa4]*[0x14][0xa5][0x16][0x97]$[0x96][0x82][0x9a][0xb3][0xf9]y[0xe0][0xc6]mj2[0xa8]e[0x8b][0xe1][0x87][0x8c][0xf2][0xc4][0x9c][0xd2][0xca]|[0xe8][0x14][0x10]Fw[0xd7][0xc2][0x8]t[0xc3][0x12]}[0x2][0x1c]1R[0x93]Z[0x96][0x9f]S[0x96][0xaa][0x90][0x9c][0x9f][[0x0][0xba][0xee][0x8][0xb4][0x94][0x19][0xe7][0xb0]B^bAfIiAiN)[0xe4][0xc2]/[0xd0](:[0xca][0xb1]9[0xe6]&[0xa0][0x13][0xd2][0xe8][0xe3][0x5][0xc4][0x10][0xce][0x9b][0xe5]-ofm[0xc0][0x8][0xee][0xe2][0xcc][0xbc][0x94]|PM[0x9f][0x92]X[0x9a][0x8b][0x9a]d[0x8c][0xe9]5[\r]dn[0x8e]t<[0x1f][0x89]73&[0x16][0xe5]%[0x96][0xa6][0xa4][0xa6][0x83][0xb3][0xa6]C.[0xe8]:[0x9f][0xd2][0x14][0xd4][0xb2][0xc4][0xd8][0xdc][0x88]>G[0xab][0x9a][0x9b]#[0xcd]Y[0xe0]i[0xef][0x82][0xdb]W[0x19][0xe5][0x89]y&f[0xd8][0x1a]X&[0x86][0xa0][0x85]]tI[0x1f][0xa0]e;[0xd0][0xac][0xea][0xac]`an[0xa0][0x10][0x15][0xe6][0x83][0x91]DJ*[0xf3][0x8a][0xcb][0x8b][0xb0]u[0xe8][\r][\r][0xe8][0xb4]4[0xd6][0xdc][0x1c][0xe9][0x14]%O[0x5][0x13]3[0x3]c[0x5][0xc7]@[0xc][0x97]&[0xe5][0x95][0xeb]&[0xe6]d$[0x16][0x95][0xe9]&[0xe5][0xe9]f[0xa7]&e[0xe7]&[0xe6]8[0x14][0xe7]T[0xe6][0xea]&[0xe6][0xa4]d[0x81][0xaa]x[0x94]Cw[\r][0xcd][0xe9]4[0x98]jn[0xe]*}[0xa1]![\r][0xed][0x1f][0x17][0xa7]VT*[0xa4]V[0x14][0xa4][0x16]e[0xa6][0xe6]%c[0x99][0xbd][0xc8]I-+J,JqHJ[0xac][0xca][0xcc]CM[0xd2]F[0xc6]t+B@[k[0xa1][0xe]/[0x2][0x15][0x83][0xa5][0xa0]NCfU[0xaa]BiRfaifI~i1[0x9e]&8(F[0x8a]SS@[0xd1][0x91][0x94]][0x94][0x92][0x91][0x98][0x8d][0xb5][0xb3]O[0xaf][0x8b][0xcc][0xcc][0x91]o[0xef][0xbc][0xb1][0xfc]f[0xe3][0x8d]U7[0x9b]A[0xd7][0xbf]b$[0xa5][0xdc][0x8a][0x9c][0xe2][0xdc][0xca][0xa2][0xb4][0xc4]$x[0xf3]P7[0xb5][0x8]t[0x5],jL[0x98][0x1b][0xd3]kU[0x8e][0x5][0xe8]<[0x8]hL8g[0x10]yO[0x1][0xf4][0xbc][H[0xef]4[0x1f][0xfb][0x94][0x82][0x91][0x9][0xa8]wB[0x87][0xf2][0xc6][0xd4][0x2][0xd4][0xdf][0x82]z[0x81][0x84][0xf3]u@[0xfb]{[0x8a][0xa1]3N[0xe0][0xda][0x14]4[0x94][0x1b]P[0x94][0x99][0x9c][0xaa]deA[0xbf]C[0xa8][0x91][0x86][0xb8]p[0x9f][0xfe]R[0x94][0x98]^Z\[0x92][0x99][0x97][0x8][0x1a][0x8e]C[0xdf][0xfd]`f@[0xa7]~[0x9c][0xa9][0x5][0xe8][0x88]'hH[0x93][0xb8]L[0xb5][0xb8][0xa0][0xb4][0x8]tXa[0x9][0xf8][0x94][0x3][0x94][0x95][0x88]Fft[0xdb][0x14][0x6][0xda]d[0xe]u?[0xd1][0x89][0x1d]z[0x9b]KVbf[0xe]([0x99]`Y[0xc6]ejN[0xa7][0xaa][0x15][0xb2][0xe2][0x83]T[0xf]@[0xd7]^[0x80][0xf][0x8b][0xcc][0x84][0xb6][0x80][0xd1][0xb7]V[0x1b][0x1a][0x83][0xce]7[0xa1]Kn[0x5]-[0x92][0x85]z![\n]"
17:11:38.428 [main] DEBUG org.apache.http.wire -  << "[0xcf]%[0xbc][0x5][0xd0][0xb3]oA[0xd3]S[0x18][0x13][0xec]Ft;[0x0][0x1c]it[0x94][0xc8]c[0xe][0x92][0x13][0xb3][0x8b][0x12][0xcb][0x13][0xf3][0xd2][0x8b][0x13][0xcd][0xc]A)[0x6]}[0xf8][0xdc][0x88]^[0xf3][0x15][0x16]H[0x17][0xcf][0xc1][0xb2]+h[0xc9]uQAQfq[0xaa]Bqe1[0xd6]{[0xe0][0x93]r[0x13][0xf3][0xd2]K[0xf3][0x8a][0xf3][0xf3][0xc0][0x83][[0xe8][0xce][0xb7][0xa4][0xdb][0xc9]/[0x16][0x88][0xae][0x12][0xd6]u[0xc3][0x89][0xc5]%[0xa5]%[0x99]%[0x89]9[0x99][0xe0]#[0x9b]Pv,[0x99][0x18][0x81]<O[0x97][0x4][\r]Z[0x95][0x0]M[0xd0][0xb0][0xa5]$[0x18][0xc3][0x89][0xc5][0xc9][0x19][0xa9][0xb9][0x89][0x98][0xa3][0xa2][0x19][0x89]E[0x99][0x95][0x89][0x19]9[0xa5]9[0xa5]8[0xa6][0xe6]M-[0xe8][0xd4][0xcf]0[0xb5][0x0][0x8d][0xc0]B=[0x82][0xbb]*J[0xcf].-.[0xcf][0xaf][0xcc][0xc7][0xda][0xe2]2[0xa7][0xd7][0xe9]/[0x96][0xa0].[0x2][0xd4][0xad][0xb8][0xb6][0x89][0x15][0x83]j[0xf8][0x92]Dh[0x89][0x97][0x8b]z[0x80][0x91][0xb9]9h[0xe9][0xc]=[0xd2][0x87]%[0xd2][0x90][0x16]i[0xa7][0xf2][0xe7]&[0xe6]df'[0xc2][0x16][0x1a]aY/eL[0xbf][0xf5];H[0xe3]Y$[0xb4][0xb1]`G[0x6]A[0x93]9[0xb8],G[0x8d][0x7]C[0xf0][0xc9][0xf4]t[0x89][0x7][0xa4][0x11]$[0xdc]G[0xd0][0x96]$[0x16][0x97]g[0x16]!.*[0xc4][0xde][0xb8]53[0x1][0xad][0xbc][0xa7][0x8f][0xab][0x11][0x85] [0xe9][0xa5][0xb][0xb4][0xea][0xc7][0xd6][0xcb]6[0xb3][0x4][0x8d][0xf][0xd3][0xc7][0xb][0x88][0xf1]"[0xbc]5~[0x11][0xa4]@[0x7][0x9d][0xf8][0x96][0x88][0xfd]BbCSz[0x1d][0xb0]l[0x9][0x9a][0xa8][0x87][0x16]0[0xd8][0xb7][0x4]e[0x81][0x16][0x86][0x99][0x9a][0x83]Z[0xe4]hU[0xa4][0x5]x[0xf4][0x97]>A[0x8b][0x98]X[0xc1][0xb3]c%%[0xb1][0xa8]21"
17:11:38.428 [main] DEBUG org.apache.http.wire -  << "[\r][\n]"
17:11:38.428 [main] DEBUG org.apache.http.wire -  << "619[\r][\n]"
17:11:38.428 [main] DEBUG org.apache.http.wire -  << "/[0xd3][0x10][0xfb][0x9a][0x4]s[0xd0]^x[0xfa][0xb8][0x16][0xb1][0x3][0x95][0xe8][0xe6]7h[0xec][0xcd][0x1c][0xeb][0xae]o#[0x13]:M[0xfb][0x98]Z[0x82][0xf6][0x13]C[0x13][0x3][0xc9][0x8b])[0x12][0xab][0x12]sRA[0xf7][0xad][0x17]$[0x96][0x82][0xce][0xc5]HA=[0xee][0xdc][0xd8][0x14]t[0xa5]$}[0x82][0x1f][0xb1]w[0xdd]%[0xb5]83=/[0xb5]HG[0x1][0xbc][0xcd]03[0xbf]H[0xbf][0x18][0xb4][0xef]&1[0x7]c[0xcc][0x2]2[0xde]\[0x9e][0x98][0x7][0xcb][0x97]X[0xd7]:[0x1a][0x99][0x9a][0x18][0xd2]g?[0xbb]%h[0x90][\n]"
17:11:38.428 [main] DEBUG org.apache.http.wire -  << "[0x1a][0x19][0x9e]y[0xa0]9Z[0xf0][0x8c][0xb3]B>[0x8e]K[0x15][0x13][0xb3]2s[0x13][0xf3]L[0xb1]ni64[0x2]es[0xba][0x4]>[0xd2][0xa0]hj^Fb^r[0xaa][0x2][0xca][0xe4]9[0xbe]1[0xbb][\n]"
17:11:38.428 [main] DEBUG org.apache.http.wire -  << "[0xf8][0xc9][0x9e][0xd8]Z][0x86][0xa6]t[0xdb][0x83][0x3]:[0x8e][0x10][0x1a][0xf4][0xce][0x99]e[0x99]9[\n]"
17:11:38.428 [main] DEBUG org.apache.http.wire -  << "[0xa9]y[0xe9][0x99]y[0xa9][0xa0]t[0x94][0x9c][0x9f]WR[0x94][0x98]\[0x92][0x99][0x7]Z[0xb1][0x89][0xba]$[0xe]2[0xf9]R[0x9c][0x98][0x94][0x88]u[0xc0][0xd7][0xc4][0x84]nY[0x0][0xe9][0x16][0x90]`_[0x5]CK[0xb][0x5]7[0xcc][0x1][0xdf][0x92][0xc4][0xbc][0xcc]DKs[0xec]U[0xbf][0xb9])[0xa8]0[0xa0]O[0x92]AL[0xef]#[0xe6]B[0x89]Z[0x84]Z[0x92][0x99][0x9b]T[0x9a][0x3][0x9]vP[0x17][0x14]m|[0x9a]^[0xfb][0x13]-A[0xdd][0x1]hz[0xc9][0xcc]-[0xc8]I[0xcd]M[0xcd]+Q([0xca]L[0xce]P[0xc0][0xd5]![0xaa],-.M31[0xc7][0x96][0xce][0xcd][0xc]A[0x9d]q[0xba][0x84]<[0xe8][0xc8]P[0xa8][0xbb][0x3][0x14]L[0xcd][0x8c]-[0x15][0xc2]=[0xfc]1J[0xc6][0xbc][0xa2][0xcc]\[0xd0][0x2]Z[0xac][0x5][0xa2][0x99][0x9][0x9d]V[0xe6][0x98]Z[0x82]J^[0xa8]k][0x88]/[0xd7][0x8b][0x12][0xb3][0x12][0x8b][0x13]3[0x8b]sA[0x3][[0xc9]e[0xd8]6[0xc0][0x1b][0x9b][0xd3]-c[0x82][0xc6]D[0xa0]~[0x8]HLM[0xc9]L[0x4][0xad]LT[0xc8]+-*[0xc6]\[0xe4]WTPZ\[0x90]Y[0x2][0xbe][0x99][0x11]} [0xcb][0xc8][0x10][0xb4][0xbc][0x87].[0x89][0x4]t^/[0xd4][0xc9]~[0x89]e[0x89]9[0x88]m#[0x18])%)5[0x7]t[0xbd][0x82][0xa5]!h[0xb5][0x10][0xca][0xa6][0x6][0xb][0xf0]Rs[0xfa][0xb8][0x17][0xd1][0xc]'[0xa5][0xf0][0x86][\r]=[0xa7][0x82][0x86]( G[0xa8][0xa1][0xf5][0xa5]-[0x8c][0xe8]u3[0x8e]%h[0xa4][0x18][0x1a][0xe6]xV[0xe0][0xa6]'[0xa6]d[0xe6][0xa5][0x83]v[0xbe]'[0x96][0xe4]fb+KLM[0xe9]uq[0x99]%h2[0x10][0xea]d[0x1c][0x9b][0xb8]*K[0xf3]2[0x13][0x8b]Jq[0x1d][0xbe]chL[0xb7][0xed]D[0xa0]A`[0xa8][[0x3]K[0x13]s2K*[0x15]r[0x13][0xf3]@[0x97]La$[0xe9][0xcc][0xf4][0xd2]<[0xd0]}O[0xd8]B[0xd7][0xd8][0xd4][0xd4][0x90]N[0x8d]A[0xd0][0x82][0x1e][0xa8][0x8b]In[0x99][0xa7]%[0x16]e[0x94][0xe6][0xe5]e[0x16]'[0x1a][0x9a]c[0xeb]"[0x1b][0x1b][0xd1]m[0x8c][0x8]t[0xa0][0x1c][0xd4][0x1b]8[0xb7]%[0x16]'[0x16]%[0xa6]g[0x82][0xb7][0x97]`[\r]ts:-[0xd2]2[0xb5][0x4][0xc5].[0xd4][0xb5][0xc4][0xb4][0xc0][0xa1][0x93]lE[0xa5])[0x99][0xa0][0xde]ryj[0x12][0xca]1+[0x16][0xa6][0xa0]V[0x19]][0x8a]@P[0x87][0x11][0xea]p[0x82][0xb5]L[0x5][0xa8][0x96]I[0x4][0xed][0xe6][0x0]9[0x1a][0xa5][0x5]en[\n]"
17:11:38.428 [main] DEBUG org.apache.http.wire -  << "[0x1a][0x9a][0xa6][0x8f][0x8b][0x11][0xc3]?[0xbe][0x1e][\n]"
17:11:38.428 [main] DEBUG org.apache.http.wire -  << "[0xe6]&[0x16]F[\n]"
17:11:38.428 [main] DEBUG org.apache.http.wire -  << "[0x11]>[0xce][0x18][0xb9][0x11]|[0xd0]/[0xa4]F[0xc7][0x96][0x92][0xe9]w[0xe][0xaa]%[0xa8][0xac][0x82][0x6]1)[0xb5][0xc][0xe4]*[0xf9][0x1c][0xd0][0xe8][0x1b]6[0xf][0x18][0x99][0xd1]/[0xc4][0x11][0xad]n[0x97][0xc4][0xa2]R[0x8c][0xa0][0x6][0x1f][0x1c]da[0x1][0x1b]V[0xce][0xcc]AI[0xcc]f[0xe0]I[0x17][0xfa]$[\r][0xc4][0xd8]Oj^"hWZf^^~[0x19]dk[0x7][0xfe]-[0xac]Y[0x99][0xa0];Z [0xdb][0x9c][0xb1][0x95]%[0x86]t[0xbb]#[0xd3][0xd2][0x14][0xb1][0xfd][0xb]g[0xc9][0x97][0x8]=[0xfa][0x1c][0x94][0x11]1[0xd6][0xee][0x19]Z[0x82][0xd6]0[0xd2]'[0xc4][0x11][0x3]([0xc4][0x94]{[0xd0]+%[0xb3]AKQ[0xb3][0xc1]ST([0xf3][0xde][0xa6][0xe6]t[0xeb]I[0x82]V[0x93]@3%[0xee][0xbd]VU[0x99][0xe0]yK[0xec][0xdd]^S3[0xd0][0xe9][0xb5]t[0x9]e3D[0x91]G[0xa8]][\r][0xb9]B[0x10]Z1bw[0xb8][0x99][0x1][0x9d][0x16]\[0x9b]Z"[0xad][0x8e]@j[0x8b][0x80]v[0x9e][0x80]s'[0xee]-[0x5][0xa5][0xc5][0x89][0xb9][0x89][0x19]9[0x89]E[0x89][0xc5][0xa0]$[0x8e]2[0x91]iD[0xaf]m*[0xa6][0x96][0xa0][0xb1]uh*qQ0436Wp[0xc3][0xdc][0x88][0x99][0x94][0x98][0x3][0xba]:[0x1][0xdf]-[0xe3][0x16][0x16]t[0x9b][0x1d]A:[0xc6][0x1a]G[0xe3][0xba],[0xb5]([0xd1][0x4][0xc7]IM[0x16]& [0xfd][0xf4]I[0xd4][0x88][0xa1]o[0x82]-[0x8f],[0xc4]5[0x93]X&[0xfd]L[0x8c]@[0x8d]E[0xfa]8[0x1a]Q6[0xe3][0xe9]mAW[0x83]e'f[0x16]%[0x96][0x81][0xd2]/[0xfa][0x2]%[0xb]c[0xd0][0x8][0x5]}\[0x8c]([0xa1][0x8b]R3[0xf3][0xca]@[0xe3]M%[0xa5]E[0xa0]e[0x9b][0x95][\n]"
17:11:38.428 [main] DEBUG org.apache.http.wire -  << "[0xc5][0xf9]9[0xe0]u[0x86][0x98][0xd3][0xf0]y[0x95][0x89]y[0x89][0x96]F[0xd0]:[0x1d][0xdd][0xfd][0xa6][0xa6][0xa0][0xed][0xe0]tq?h[0xd7][0x1f]4[0xb][0xc2]f[0xfb][0x88]?[0x96][0xa2][0xa8]21%[0x13]z[0x94]+[0xb6]F[0x94][0x89]1[0xbd][0xce]a[0xb4][0x4]m[0xb3][0x84][0xfa][0x3]g[0xad][0xe][0x9d][0x9c]LN,*M[0xc2]^v[0x1b][0xd1][0xed]NA[0xf0][0x91]mP[0x7]c?[0xb8][0x4][0x92]'K`[0xe7]y[0xa5][0x16][0x95][0xe6][0xea]a[0xb4]E,L[0xe8]v[0xc6][0x91]9[0xa2][0x96]$y>!)17[0x9][0xb4]@)[0xb3]$[0x1f][0xe9]`|[0x94][0xed][0x4]f[0x6][0xa0][0xbd][0xee][0xf4]I[0xf3][0xe4][0x8d]K[0xa5]$[0xe6]e[0x16][0x97]'[0x16]%[0x9a][[0x82]F[0xd5]0[0xe2][0xc2][0x88]nw[0xd3][[0x82]Fz[0xa1][0x89][0x7]k[0x97][0xa1][0x4]|[0xbc]kNbvqn&[0xe8][0xaa]*[0x90]{QB[0xdb][0x84]nG[0xd2]Z[0x9a]#z[\r][0xa8][0xb]9[0xd2][0xf2][0x8b]@[0xa7][$ctx[0xa0][0xb]P[0xf2][0xab]*q[0xe4]R3z[0x1d][0xd0]h[0x89]t[0x8a]8t[0xbd];[0x81][0xfd][0xe0]I[0x89]Y[0xa0]A[0x93]<[0xe8][0xd5],XG[0xea][\r][0xcd]@[0x1b],[0xe8][0x93][0xd4][0x89][0xaa]P[0xa1][0xab]e`[0x8b]g[0xa0][0xb5][0x12][0x96][0x85][0xa7][0xc6][0xc6][0xa0][\r][0xc][0xf4]q9[0xa2]bu!~[0x8e][0xa1][0xb2][0xbc]4'1/%[0xb1][0x8][0xfb] ,[0xfd][0xe]tD[0xda][0x8d][0xef][0xef][0xa1]`dha[0xa8][0xe0][0x1d][0xec][0x8e][0x91][0xd4][0x93]AW@&[0x16][0x97]`[0xdd][0xe1]nf[\n]"
17:11:38.428 [main] DEBUG org.apache.http.wire -  << "ZtF[0x97][0xd0][0x6]MtA[0xb][0x14]R[0x9a]1[0xe5][0xa0]I[0x6][0xc8]h2h[0xa9][0x15][0xc6][0xe5][0x1b][0xc6][0x16]t[0x1a][0x95][0x5][0xad][0xbd][0x84][0xba][0x1f][0xb4][0xbb][0xa3],U![0xa5]2/173[0x19][0xe7][0xa2][0xd3][0x94][0xcc][0xdc][0xc4][0xaa][0xbc][0xfc][0xb2][0xcc][0x12][0xc8][0x90][0x1b][0x96][0xb3]&M[0xe9]w|[\n]"
17:11:38.428 [main] DEBUG org.apache.http.wire -  << "h[0xb0][0x9][0xea]~<g[0xd2]d$[0xe6][0x82][0xae][0xbc][0x5][0x9d]X[\n]"
17:11:38.428 [main] DEBUG org.apache.http.wire -  << "Z[0xd9][0x91]\[0xa6][0x87]2[0xb5]chB[0xaf]e[0xe1][0x96]HKP[0x9][0x8e][0xdb][0xe7]%f$[0x16][0x17]'[0xe6]%f`[0x1b][0xf9]1[0x82][0xaf]l[0x3][0x0][0x0][0x0][0xff][0xff]"
17:11:38.428 [main] DEBUG org.apache.http.wire -  << "[\r][\n]"
17:11:38.428 [main] DEBUG org.apache.http.wire -  << "605[\r][\n]"
17:11:38.428 [main] DEBUG org.apache.http.wire -  << "[0xca]K/V[0xb2]2[0xd0]QrN,IM[0xcf]/[0xca]L-V[0xb2][0x8a][0xae]V[0xf2]tQ[0xb2]241[0x2][0xb5][0xe8][0xa1]![0x94][0x9e][0x98][0x8b]m[0xd2]?-[0xbf]H[0x1]"[0x85][0xfd][0x86][0x16]K[0xd0][0xaa][0x5][0xa8][0x11][0xf8][0x86]6[0xe1][0x1b][0x7]@[0xb]92q[0x1c][0xd9]hL[0xb7][0xeb][0x14],A[s[0xa1][0xce][0xc6]37[0xc][0x9e]|[0xb2]0[0x7]M[0xbe][0xa3][0xc][0xfa][0x18][0x82][0xe3][0x8a]>[0x85][0x8][0xa2][0xcb][0x89][0xfd][0x10][0xb3]th[0xb][0x1c][0xe4]H[0x94][0xe6][0x88][0xa9])h[0xd2][0x8a]>[0x8e]D[0xd4][0x88]D[0xae][0x10]HJ[0xcc](-[0xcf],[0xaa]L44[0x86][0xd6][0x8c](c[0xf3]&&[0xf4]:)[0xdf][0x12]t:<4%[0x90][0xda]Y+H-[0x2][0xdd]1[0x94][\r][0xaa][0x1c]A]f[0x94][0x13]$[0x8c]M@K[0x86][0xe9][0x12][0xfc][0xa0][0x12][\n]"
17:11:38.428 [main] DEBUG org.apache.http.wire -  << "[0xea][0x5][0xec][0xe7][0xc6][0xa5][0xe4]%[0x16]gd[0x16][0x95][0xa6][0x80][0xae][0x86][0xc3][0xda]|2[0xa2]_[0xb1][0x8c]t[0xf0][0xb][0xce][0xe3][0xb7][0xd2][0x12]K2[0xf2][0xf3][0x12]3[0x8c][\r]1[0xc2][0xd5][0xc2][0x98]nC[0x81][0xa0]u[0x13][0xd0]p%[0xb2][0x95]]Z[0x9e][0x98]Y[0x9c][0x95][0x9a][0x3]Z[0xd7][0x80]5[0x9c][0xcd]-@[0xb][0xdf][0xe8][0x93]*[0x10]}K[0x9c][0xbd][0xf7][0xdc][0xc4][0xca]D[0xa4][0x8d]"X[0x6][0xaa][0xc][0xe9]7[0xc][0x8][0xca][0xf2][0xd0][0xe0][0xc6]S_[0x97]g$fC[0xce][0x95]D[0xc9]n[0xe6][0xf4][0xda][0xfc]o[\n]"
17:11:38.428 [main] DEBUG org.apache.http.wire -  << ">r[0x1f][0xea]N[0xac][0x1d]EP[0xf3]3[0xb5][0xa4]21;[0xb1]([0x15]GMgb[0x0][0xaa]z[0xe9][0x93][0xc][0x10]]E[0xac]G5&'f[0x80][0xae][0x16]07[0xc0][0xd6][0x90]0[0xa6][0x97];[0xcd][0xcd][0x90]Z[0x9b][0xe4][0x1c][0xe8][0x93][0x93]_T[0x94][0x98][0x99][0x97][0x9a][0x98][0x93][0x3][0xda][0x18][0x9d][0x93][0x98][0x97][0x9e][0x93][0x9f]Y[0x8c]zl[0x81][0x89]!hM[0x18][0x1d][0x82][0xdd][0x1c]<[0xd3][0x9]M$d[0x9c]tQ^[0x99][0x96]XR[0x99]Q[0x99][0x98][0xe7][0x90][0x9d][0x93][0xa4][\[0x94][0x97][0x92][0x81][0xea][0x15][0xb]S[0xd0]N[0x8][0xfa]x[0x5]1[0xb4]cfi[0xa1]kij[0x80][0xd1][0xe5][0xca][0xcf]t[0xc0]<$[0xc2][0xdc][0x92]NG[0xcc][0x99][0x83][0xcf][0xaf][0x87][0x86]vN*h[0xb2] =U!3[0xb7] 1[0xb9]$[0xad]4G!U[0x17]t[0xf2]gj[0x9][0xe6][0x90]qnzj~Qzj1[0xd6][0x13][0x89][0xcc][0xc1]sA[0xf4][0x9]bD&[\r].HM[0xce]L[0xcc]QHM)[0x85][0x9c][0xc2][0x95][0x98][0xa3][0x90][0x97][0x9a][0x9a]R[0xac]P[0x92][0x9a][0x98][0x9c][0x91][\n]"
17:11:38.428 [main] DEBUG org.apache.http.wire -  << ":[0xfc][0xc]uanqbRf^[0xaa][0x99][0x91]CNjJ~i[0x5][0xea]&t3[0x3]:M[0xf9][0x99][0x83][0x7][0x90][0xa0][0x91]PR[0x94][0x98]W[0x9c][0x9]:[0xe][0x0][0xbc]4=[0xbd]([0xb1]$[0x15]tnanni^f[0x9][0xa8][0x17][0xa2][0xa3][0x84][0xea][0x89][0xd4][0x94]L[0xe8][\n]"
17:11:38.428 [main] DEBUG org.apache.http.wire -  << "[0x13]l[0xe5][0x90][0x85]9hL[0x9d]>Q[0x81]h[0xcb][0x9a][0x99][0x18][0xe9]z[0x87][0x4]c[0xa4][0xf6][0x94][0xfc][0xc][0xd0]9[0x1d]F[0xa6][0xe][0xf9]I[0x89][0xa9][0xe9]z[0xd9][0xa0]8[0x81]m:7[0x1]M[0xd3][0xd2][0xc7][0xa5][0x88][0xd1][0x1c][0xb7][0xc4][0xa2][0xc4][0xc][0xc]w"UD[0xd8]w[0xe2][0x98]X[0xd0]i[0xb][0xae][0xb9][0x19]R[0x1b][0xf5][0xcd][0xd6]9o[0x16]4[0xbe][0x9d]9[0xe5][0xf5][0x84]9[\n]"
17:11:38.428 [main] DEBUG org.apache.http.wire -  << "o[0xdb][0xb6][0xbe][0x9d][0xba]R[0xe1][0xd5][0x96][0x86]W[0x9b][0|[0x90][0x95][0x98][\n]"
17:11:38.428 [main] DEBUG org.apache.http.wire -  << "[0xe][0xea][0xf4][0xcc]\[0x87][0xf4][0xcc][0xdc][0xa4][0xc4]t[0xd0]Q[0x8b][0xa8])[0xdc][0xdc][0x0][0xb4][0xad][0x8d].![0x8e][0xd4] |[0xb3][0xbc][0xe1][0xed]lL[0x7][0xa7][0xe4][0x17][0xe5][0x97]d[0xa4][0xa6]Z"&+[0x91][0xcf][0xe0]25[0x7][0xad][0xac][0xa1][0x8f][[0x11][0xcd]?\[0xa5]6[0xcc][0xb1][0xa0]u0[0x89][0xe9][0xa9]h[0x95][0xa5][0x85][0x1][0x9d][0x16][0xce][0x99][0x9b]![0xb5][0xfc][0x8c]L[0xcc][0x14][0x9c]}1[0x8f][0xf3][0x87][0xae][0xbf][0x80][0xdd],S[0x9a][0x82]6LcF[0xa7]a=s3KDYm[0xe0][0x19][0xa5]`b[0x86]yz\NjYezi[0xa5]CrNi[0x92].xo[0xe]h[0x85]3rB01[0x1][0x8d][0xe][0xd2]'! F[0x10]p[0x9c]a[\n]"
17:11:38.428 [main] DEBUG org.apache.http.wire -  << "[0xb9][0x9b][0xc2][0xc0][0x8]4[0xa3][0x81][0xb6][0xb][0xce][0xc][0xbc][0xb4][0x87]>[0xee]D[0x14]g[0x8e])[0xb9][0x99]y[0x99][0xc5]%[0xa0]j[0xa3][0xb4]H![0xab]4%3931[0xb3](U[0x1][0xa3][0x84](J[0xcc]H[0xac],[0x85][0x8e]*A[0x16]6[0x83][0xc2][0x1a][0xf9][0x8a][\r]cc:mv7[0x7]/[0xb8][0x82]V[0x81].[0xf9] ?[0x14][0x96]b[0xae]|OMJ[0xd1]M[0xcc])[0xce]M[0xc9][0xcb][0xca]u([0xae]LI,[0xaf]D+[0xd1]LA[0xab][0xd2][0xe9][0x11][0xe8][0xe6][0xa0]CG[0xa0][0xe]&[0xa3][0x99]Z[0x9c]R[0x4]:=[0xa9]2[0xcf][0xd8][0x8][0xfb][0xac][0x92][0xb1]9[0x9d].[0xad]07[0x7][0x8d][\n]"
17:11:38.428 [main] DEBUG org.apache.http.wire -  << "@}rc[0xc5][0xcd][0x96][0x1b][0x9b]o[0xb6]b&[0x96][0xca]RP[0xc5][0x9d]^\[0x9a][0xee]PY[0x9a][0x91][0x98][0x97][0x91][0x9f]Z[0x9c][0x88][0x1a][0xf8]f&t[0xba][0xa0][0xca][0xdc][0x1c]TdA[0x9d][0xec][0x8][0xba][0xac][0xa2],[0xb3][0xb8][0x4]3[0xb9][0x14][0x80]wQd[0x82]6[0x1f][0x96][0x80]:8[0xd8][0xf][0xc2]5[0xa2][0xd7]a7[0xe6][0xe6][0xa0][0xdd]vPg[0xfb]g[0x97]`[0x9e][0x89][0x98][0x9e][0x98]R[\n]"
17:11:38.428 [main] DEBUG org.apache.http.wire -  << ":k[0x1f][0xb2]U[0x12][0xbd][0xa4]65[0x1]-[0x16][0xa4]K[0xe2][0x6][0xa5]=[0xa8]CIoUg[0xe5][0xa4][0xea][0x16][0xe5][0x97]V8[0xe4]$&%[0xa5][0xa2][0x9e][0xec]hA[0xb7]$[0x2]:[0x8e][0x19][0xea][0x5][0x1c][0x85]wNiyj[0xb1][0x9][0x8e][0xdb][0x17][0x8d]-A[0xa7][0x9d][0xd3]'[0xb0][0x11][0xed]f[0xec][0xad][0xd1][0xd4][0x94][0xfc][0xbc]t[0xd0]i[0xbb][0xa0]!=l[0xf3][0xa0][0x96][0xa0][0xf8][0xa2][0x8b][Acp[0xd0]P[0xc5]]L[0x83][0x1b][0x9e]Y[0x99][0x99]8K[\n]"
17:11:38.428 [main] DEBUG org.apache.http.wire -  << "S[0x13]z5[0xe6][0xcc][0x91][0xb6]l[0xfa][0xa4][0xa6][0x83]z[0x87][0x15][0xa9][0xc9][0xa5]X[0xf][0xc9][0xac]L[0xcd][0xca][0x4][0x95][0xc7][0x98][0xc7][0x91][0x1b][0x1b][0xd1][0xab]+h[0xe][0xda][0xb][0x0][\r]`[0x92][0xfa][0xe3][0xb0][0xcb]9ae[0x1e]tn[0x0]eF[0xce][0xc2][0x82]^#[0x1f][0xe0][0xc3]![0xa1][0xde][0x8][0x80][0x96][0xc2][0x18]u[\n]"
17:11:38.428 [main] DEBUG org.apache.http.wire -  << "[0xb4]3hh[0x89][0xed][0xbc]F[0xb]SP[0xcc][0xd1]'M#[0x9a][0xa5]x[0x8e][0x91][0xae][0xcc]M[0x4]M[0xe6]'[0x82]f[0x96][0xd1][0xb7]p[0x18][0x99][0xd3][0xe9][0xa6][0x1b]ssP[0xf9][0x9][\r]X\'0[0xe7][0x95][0x17]eX[0x98]a[0x1b][0xc]0[0xa2][[[0x1f]<)[0x2]u'[0x9e][0xd3][0x97][0xd3]@[0xdd]S[0xcc][0xfc]fb[0x4]Z[0xb0]@[0x9f][0xc8]G[0xb4][0x9d]I<$[0xb5]$[0x15]4[0xa6][0x94][0x9b]X[0x94][0x9e]X[0x9a][0xe2][0x0]*[0x9e][0xd3]Q+;#[0x13][0xd0][0xfe]_[0xba][0xf8][0x2][0xd4][0xdf][0x84][0x86]6[0x9e]#R[0xf3][0xaa]*3,,[0xb1][0xb7]7-[0xcc]A[0xc7][0x8][0xd2][0xc5][0xb1]H7[0x9f]@W1[0x11]<[0xb5][0xb3][0x0]t[0xe4]ejnQ9[0xb6]u[0x9d][0xa6]f[0xf4]:[0xbd][0xd8][0x2]4[0xf7][0x0][\r][0xe7][0xd4]<[0xc8][0xca][0xd4][0xd4][0xd4]"[0x85][0xf4][0xa2][0xc4][0xbc][0xd2][0x9c][0xc4]"[0x5][0xe8][0x1]G[0xa0][0xf5][0xee][0x98]C"
17:11:38.428 [main] DEBUG org.apache.http.wire -  << "[\r][\n]"
17:11:38.429 [main] DEBUG org.apache.http.wire -  << "FB9[\r][\n]"
17:11:38.429 [main] DEBUG org.apache.http.wire -  << "[0xa6][0xc5][0xa5][0xe9]Y[0x89][0xa0][0x13]j[0xb1][0xdd]xah[0xe][0xba][0xb2][0x88][0x1e][0xe1]o[0x81][0xb4][0xd7][0xf8][0xc6][0x9a][0x1b][0xcb]o[0xac][0xc7]([0x99][0x13][0xd3]3[0xc1][0x87][0xa4][0x16][0xa4][0xe6][0x94]d[0xa6][0x16][0xa1][0x1e][0xe1]ndJ[0xaf]q:[0xb]Pg[0xe][0x1a][0xdc][0x16]f>[\n]"
17:11:38.429 [main] DEBUG org.apache.http.wire -  << "~[0xe6]F[0x18]NM[0x6][0xdd][0xa9][0x98]i[0x8a][0xfd]h[0x17]K[0x90]W[0xe9][0x13][0xa6][0x88][0x91]~scG?[0xcc][0x81][0x8d][0x2][0xc8]n#[0xd0][0xa5][0x8a]X[0xd6][0xf6][0x18][0x1a][0x83][0xb6][0xe6][0xd1][0xc7][0xa5][0x88][0xfd]][0xce][0xf9]y[0xa0][0x13][0xef][0xb1][0xdc]#[0x93][0x98][0x99][0x9b][0x9a][0x9a][0x93][0xaa][0x9b][0x9e][0x9f][0x96][0xe6]P[0x94][0x99][0x94][0x9a]Y[0x94][0x8f][0xd2][0x90][0xb7]0[0xa3][0xd7][0xf8][0xa7][0x5]h-[0x6]4[0x11] [0x8e][0x81]([0xc8])M[0xd7]M[0xcc]K[0xd1]-[0xc8]I[0xac][0xc4]y[0x9a]BEbYfjQr~)[0xe8]n[0xed][0x94][0xd4][0x9c][0xfc][0xa2]\[0xd4]"[0xda][0xdc][0x10]tS[0x14]}[0xc2][0x1d]1[0x98]d[0xec][0xe2][0xe9][0xac]`h[0x82][0x91][0x96]Sr[0x8b][0xb0][0x17][0xce][0xe6][0xf4]Z[0xe8]hn[0x81]T8[0xbf]^[0xbf][0xe3]M[0xc7]L[0xc]W[0x16]'f'[0x1a][0x9a][0x82][0x9a]Ah[0xb][0xec]L[0x8c]Ak[0x83][0xe8][0x13][0x98][0x88]Z[0xfb][0xd5][0xa6][0xbd]o[0xe7][0xae][0xc1]peAQbIbnbqb[0xe][0xe8][0x9e][0xdb][0xe4]2[0xd4]S[0x87][0xcc],A[0xeb][0xc7][0xe9][0xe2]T[0xd0][0x8][0x1a]4[0xf9][0xde]l[0xbd][0xb1][0xfe]f[0xd7][0x8d][0x8d][\n]"
17:11:38.429 [main] DEBUG org.apache.http.wire -  << "7V[0xdc]l[0xbb][0xd9][0x8c][0xe1][0xe6][0x8c][0xd4][0xbc][0xa2]Lp[0xcf]93[0xad][0x8]tD[0xe][0xda][0xf8][0x8a]![0xfd][0x1c][0x8d]([0xce][0xde]L[0x9f][0xf2]fy[0xc3][0xeb][0xee][0x8e]7[0xd3][0xb6]([0xbc][0x99]7[0xe1][0xd5][0x8e][\r]o[0xe6]-Ux[0xb3][0xb1][0xe5]u[0xb][0xe6][0xa5]N[0x89]9[0xb9]%[0xe5]9[0x95]IE[0x95][0xd8][0xda][0x9f][0x16]f[0xf4][0x9a]E[0xb6][0x0][0x1d][0xc9][0x0][\r]v[0xf8][0x12]R[0xf0][0xc9]+[0xe5][0xa9]I[\n]"
17:11:38.429 [main] DEBUG org.apache.http.wire -  << "[0xc5][0xa9]Ee[0x99][0xd8]N[0x7][0x87][0x8c]qe[0xa6]C[0x9a][0xa5][0x98][0xb7][0xf4][0x80]W`[0xd3]'[0xd9] :%>[0xa5]%[0x19]i[0x98]w[0x9b]V%&[0x83]VJ[0xa7][0x16]%V[0xe6][0xe6][0xe7][0xa5]8[0x14]'[0x96][0x96]%[0xa2]5A[0xcd][0xe8]u[0x8f][0xa1][0xb9][0x5]h[0xb8][0x4][0x1a][0xe0][0x84][0xd2]yrjrj[0x81][0x89][0x9][0xb4][0x8b][0x8a][0xde][0x99]2[0xb3][0x4][0xed][0x80][0xa4]O #F^\[0x8a][0x12]s[0x13]K2R[0x8b][0x12][0xb][0xb0][0xdd][0xfd][0x95][0x9b][0x99][0x5][0xb9][0xfb]+/[0x1d][[0x13][0xd4][0xc2][0x84]^[0x1d]@[0xe4][0xd3][0xbe]q[0x14]}[0xe0]q[0x8c][0xac]|[0x87][0xca]R[0xd4][0xf2][0xc3][0xc4][0x8c]Ng[0xc3][0x98][ [0x9d][0xea]MZ[0xf9][0x91][0x9e][0x98]W[0x92]X[0x4][0xdd]l[0x84][0xbd]242[0x3][\r]B[0xd1]%}[0x80][0x12]"4M[0x13][0xdb]S[0xc9][0x2][0xdd]j[0x7]*>[0xd0]C[0xdf][0xd0][0x8][0x14]([0xf4]q6[0xa2][0xf4][0xf6][0xb][0xf7]R074[0xc5][0xa8]j* [0x17][0x4]9[0x94][0xa4][0xe6][0xa4][0x1a][0xa1][0xb4][0xec][0xcc]M[0xe8]t0[0xa6][0xb9][0x5][0xd2][0x86][0xdb][0x9b][0x8d]7[0xdb]n,[0xbf][0xd9][0x86][0xe1][0xd0][0xcc][0xf4][0xd4][0xfc][0xbc]R[0x87][0xe4][0xfc][0xd4]\[0xf4][0xfb][0x1a],[0xcc][0xe9]V[0x9b][0x80][0xd6]P@[0x13][0x2]i[0xe9][0x19][0xba][0x7][0x1e]t.[0x1]h[0x99]1[0xea]R]C[0xd0][0x82]N[0xba][0xa4][0x8][0xd0][0x89]gP[0xf7][0x13][0x9b][0x90]A[0xb7]x&[0x16][0x81]n[0x11],[0xc9][0xc7]Z[0x97][[0xd0][0xe9]6Ws[0xb][0xd0][0x1][0x9d]P[0xd7][0xe3]J[0xcf][0x89]E[0xa9][0xa5][0xb9][0xf9][0xe])E[0xa9][0x89][0xb9][0xe5][0x99]U[0xa8][0x5][0x9f][0x91]%[0xdd][0xb2][0x1e][0xd2]V8[0xdc]7[0xaa]df[0xe5][0x83][0x8e]gr[0xc8][0xc9],C[0xbb][0xf7][0x92]n[0xc7][0x1][0x9b][ m[0x84]s[0x5]]9[0x92][0x99]Z[0xac]PR[0x94][0x98][0x82]e[0x99]T~N&[0xa8][0x1f]eb[0xe4][0x90][0x96][0x93]ZZ[0x84]v[0xa5][0x9b][0x99][0x1]h[0xfb][0x5]}[0x92]1[0xa2][0xf]EZ6[0xcc][0x7][0xd7][0xde][0x19][0xa5]y[0xd8]*o[0x13]c[0xd0][0xc9][0xdf][0xf4][0xf1][0x0][0xa2][0xc1][0x81]}[0x98] 1[0x5]tqMJiYb[0xe][0x9e]5[0x10][0xe6][0xe0][0x9b][0x98][0xe9][0xe3]b[0x82]=-[0xd0][0xca][0xb4][0xfc]*[0x87][0xe4][0x8c][0xc4][0xd2]2[0xf4]"[0xda][0x18][0xbc][0xdf][0x92].[0xe][0x5][0x8d][0x18]C[0xb][0x9]b[0x8b][0xb8][0xbc][0x9c][0xfc][0x82][0xd4]b[0x87][0x94]$[0xd0][0x19][0x80][0xa8]E[0x86][0xa9]1[0xdd][0x86][0xe3]@[0xcb]Y[0xa0][0xe]'[0xe3]. [0xf0][0xd2][0xbf][0x94][0xc4][0x8c][0xec][0xc4][0xdc][0xcc][0x1c][0xf0][0xfd](h[0xeb]P[0xe8]v[0x18][0x99]9[0xf8][0xe8][0x1f][0xa8]O[0x9c][0x13][0x8b][0xf2]s2[0xf3]0[0xe7][0xe4][0xd3][0xf3]A[0xcb][0xd1][0x92][0xf3][0xd1][\n]"
17:11:38.429 [main] DEBUG org.apache.http.wire -  << ">s[0x13]P[0x15]E[0x9f][0x84][0x82]X[0xde][0xe5][0x9c]_[0x9a]W[0xc][0xbb]{[0xae][0xb8]29#?'?[0x1d][[0xf3]?1'[0xb5][0x2]t[0x8d]afbNbQ~rF[0xaa]CJjYbi[0x5]j[0xcb][0xc9][0x1c][0xb4][0xc0][0x89]>~@[0xb4][0xf0][0x8][0x15][0xde][0xd0][0xfb]8r[0x12]M[0xc]A[0xab][0x94]P&[0x4][0xcd][0xe8]v[0xd1][0xa2][0x5][0xd2]n[0xb7][0x1b][0xeb]o,[0xb9][0xd9]qc[0x5]F[/[0xb5]4[0xf][0xdc][0x1]7[0xb3]D[0x9e]9Fi3[0xd1][0xed]XQs[0xb][0xd0]`[0x16]45[0xdf]X[0x7][0x1a]&[0xbf][0xd9]zc%[0x86][0x9b]s[0x12][0xab]JA[0xcd][0xa4][0xa4][0xc4][0xec][0xcc][0xfc]<[0xac]-%c[0x3]z[0xcd]v[[0x80]v[0xa2]C[0xdd]LFYRV[0x92]X[0x94][0x99][0x1][0x9a][0xc9][0xc2]VMZ[0x80]W[0xe6][0xd3]'y#[0xaa][0xc9]7[0x8b][0xf7][0xbc]Y[0xb8][0x1][0xdb][0xfd][0xe1][0xb9][0x19][0xb9][0xe5])f[0x96][0xe][0xb9]E[0x89]yh+[0xfc]M[0xe8][0xd6][0xd1]E[0xda][0x3]G`[0x4]!-[0xbb][0xa8][0xd2][0xc8][0x10]{[0x97][0xd6][0xd8][0x18]4[0xd3]A[0x97][0xa0]EZM[0x8c][0xbb][0x81][0x9a]X[0x94][0x9e][0x9f][0x97]_[0x92][0x98][P[0x9a][0x94][0xf][0x1a];[0x87],[0xf]L[0xca][0xac]B9[0xec][0xcd][0xd8][0x90]n-?PO[0x9][0x9a][0xb0]o[0xac][0xbb][0xb1][0xf1][0xc6][0xf2][0x1b][0xdb]1[0xb2]b^bN^n[0x11][0x8e]S[0x1a][0xc]M@[\r][0x4][0xfa][0x4][0xb1][0x91][0x8e][0x12][0xd4][0xad]An[0xbe][0xba][0xe6][0x6][0x86][0x98][0xd3]A[0xc5][0xa5][0xc5][0xa0][0xfb][0x9c]sRs[0xf3]3[0xf3]R[0x1d][0xf2][0xf2][0xf3][0x8b]Q[0xeb][0x12][0x3]:[0x9d]rdn[0x1]:[0x9][0x16][0xea]\\[0x13][0x13]I[0xd0][0x90][0xc5][0xb2][0xcb][0xcd][0xcc][0x92]N[0x87][0xea][0x98][0x83][0xb7][0xd3]A[0x1d][0x8a]c[0xde][0x12]V[0x81][0x98][0x18]a[0xc]~[0x19][0x19][0xd3][0xab][0xbb]j[0x9]*|[0xa0][0xee][0xc4][0x19][0xff][0x95]e[0xa9][0xc5]9[0xa9][0xc5][0x89][0xe9]X[0xe2][0xde][0xcc][0x8c]N'[0x99][0x9a]["-[0xfd][0xc]J[0xcc][0xc5]\[0x90]X[0x95][0x9a][0x93][0x92]h[0x1][0xbe][0xc6][0xb][0xfd][0x12]2sCz[0xb5][0x90][0x91]/;[0xc2][0x95]B[0x13]sr[0xb2][0x12][0xcb]+3*[0xb3]s[0xb0][0x17][0xb1]&[0xf4][0xba][0xe1][0xcd][0xdc][0x12]t[0xf1]#4[0xfe][0x9][0x8d][0x84][0xa7][0xe6][0xa4][0x82][0xd6][0xe]`]>bhF[0xaf][0xdd][0x19][0x96][0x6][0x88][0xc9][0x86] ?C[0x5][0x13]3#[0xcc][0x89][0xf6][0xcc][0xdc][0xd4][0x9c][0xc4]<[0xf0][0x9][0xb6][0xc8]K[0xc4][0xcd]LA[0x97][\n]"
17:11:38.429 [main] DEBUG org.apache.http.wire -  << "[0xd2][0xa3]\[0x5][0x17]4[0xd0]p[0xc5]1%[0x92][0x9c][0x1][0xba][0xc3]=31/[0xd5][0xcc][0xc2]!-1[0xa9][0x8]u[0xb6][0xd7][0xd0][0xdc][0x82]>'[0x80][0x98]#_zE[0xea][0xa4]5x[0xee]=9[0xb1](?[0xcf]!7[0xbf](3[0xf][0xa5]^0[0xa3]W[0x95]kj[0x9]*[0x84][0xa0][0xc1]M[0xf0][0xc8][0xbe][0xf2][0xdc][0xc4][0x8c]T[0xf0]iT[0xd8]Z[0x8e]F[0x86][0xa0]r[0x86][0xe]i[0xc4][0xd4][0x12]t[0xf2]"[0xd4][0xd1][0x11][0x89]y[0x89]y[0x98]EZzb^J[0xa6][0x99][0x19]6w[0x9a][[0x80][0x86][0xef][0xe8][0xe3]N[0xc4][0xb0][\n]"
17:11:38.429 [main] DEBUG org.apache.http.wire -  << "[0xee][0x13]I3JK[0x12][0xd3][0x13]sJ[0xf3][0xd2]S@'[0xdb][0x80]V[0xff][0xa2][0xef][0xd0]0[0xb4][0xa0][0xd3]![0xaa][0x90][V[0xa1]A[0x1b][0xa4]`al[0xa8][0xe0][0xec][0x17][0x8e][0xd1][0x6][0x83][0xdf]MP[0x90][0xa2][0x87]^c[0x18][0xd2]k0[0xc8][0xcc][0x0][0xa9][\n]"
17:11:38.429 [main] DEBUG org.apache.http.wire -  << "[0xc6]q.f[0x6][0xe8]b9[0xd0][0xf5]U%zh[0xc7][0xf9][0x1b][0xd2]k[0x1f]"[0xe4]hVh[0x90]b[0xdd]a^[0x95][0x9a][0x93]X[0x99]X\ZT[0x9]>[0xc8][0x1f]K[0xf3][0xcb][0xd0][0x80]Nc[0xe]f[0xe0][[0xc9][0xa1][0x8e]%[0xf2]P#[0xd0]`fb^qebFAQbv~1[0xf8][0xc6][\n]"
17:11:38.429 [main] DEBUG org.apache.http.wire -  << "[0xf4]Tan[0x9]Z[0xbc]H[0x87]Lgf[0x0]j[0xa9]B}[0x80][0xfd]D[0x98][0xac][0xc4][0xdc][0xc4][0x1c]3C[0xe8][0xc4]4[0xca])[0x9][0xa6][0x96][0xa0][0x95][0xd9][0xf4]q&[0xa2]l [0xf5]\[0x95][0xb2][0xcc][0xfc][0x9c][0xd4][0x12]33[0xec]m C[0xb][0xd0]6L[0xba][0xf8][0x1][0xd4]t[0x81][0x6]5[0xee][0xc2]"[0x1b]zC[0xf][0xd6][0xf3]>LM@[0xa7]P[0xd1][0xc7][0xb1][0x86][0xf0][0xe][0x1b])g[0xb6][0xe7]$f[0xe6]$Z[0x98]BS[0xb][0xc6][0x1][0x8c]f[0xf4][0x9a][0xde]33[0x0]-[0xeb][0x87][0x86]6[0xa1]#[0xa3]KRS2[0x93]JA[0xc7][0x8d]a[0x9d][0xb]12[0x5]-0[0xa7]O[0xa8]#[0xc6]aI=[0xbf]=1/=[0xbd]([0x13]t[0xcb]pYf^qj[0x1e]hj[0x15][0xcb][0xbe][0x18][0x13]p[0xdf][0x96]>[0x9e]A[0xc][0xc8][0x12]:[0x81][0xc]6b_[0x9e]XT[0xc]:[0xed][0x6][0xcb]rP[0xb]CP[0xe3][0x8b]>[0xe]G4[0xfd][0xdd]S[0xa1][0xc3][0xdf]:[\n]"
17:11:38.429 [main] DEBUG org.apache.http.wire -  << "[0xe5][0xa9]99[0xc5][0x99]X[0xb6][0xd4][0xa5][0x16][0x97][0x80][0xc3][0xdd][0x8][0xeb][0x8d]![0xe6][0xf4]:%[0xc4][0xcc][0x0]i{[0x17]t[0xba][0x87][0xc0]Q[0x98][0x89])[0x99][0x89]EY[0x89]H[0xb7]Z[0x80][0xcf][0xb0]E[0x1f][0xd3]221[0xb4][0xa4][0xcb])[0x81]f[0x6] [0x8b][0xa0][0xb9][0x96][0xd0][0xd6][0xa4][0xd2][0x94][0xc4]b[0xd0]5~Y[0xa5]y%[0x89][0xd9][0xa0][0xb5][0x97][0xc8]}0Sz[0x1d]llf[0x0]Zz[0x3]u3ig[0xbc]g[0x81]Z0[0xd9][0xf9][0x90]+NA-Y,[0xf9][0xd5][0x82]~[\r]D[0xa4][0xeb][0x8][0x9][0x95][0x98][0xa9]x[0xf][0xf1]43[0xa0][[0x81][0x9][0xda][0x10][0x5][\r]{[0x1c][0x8d][0xda][0x92][0xe2][0xcc][0x92][0xfc][0xa2][0xd2]bl[0xeb]5L[0x8d]AY[0x86].e[\n]"
17:11:38.430 [main] DEBUG org.apache.http.wire -  << "[0xa8][0xa5][0x4]u(1[0xf7]D[0x80]o=1[0xb5][0x0]%[\n]"
17:11:38.430 [main] DEBUG org.apache.http.wire -  << "[0xb4][0x15][0xc5]f[0xf4][0xba]l[0xd0][0xcc][0x0][0xb4]U[0x7][0xea]f[0xdc]7#[0x16]'[0xe6][0x16][0x97][0xe6] [0x1d]d[0x8c][0xa5]EN[0xc7]2[0x10][0xb4][0xe6][0x10][0xea]f<[0xc7]~[0x15][0xa7][0x16][0x94]d[0x1a][0x98][0x81][\n]"
17:11:38.430 [main] DEBUG org.apache.http.wire -  << "[0x8d][0xfc]"[0x94][0xf1]{[0xb]Ccc:[0x95]u[0xc6][0x88]1q|[0x87]]f[0x83][0x1a][0xe0][0xe5][0xd0]B[0x2]K[0xc5]hjI[0xa7][0xb3][0x8a][0xcd][0xc][0x8c][0x11]5:[0xce][0xc3][0xf6][0xd2][0x11][0x87][0xcd][0xa2]w[0xcc][0xcd][0xc][0xe9][0xb4][0x9f][0xca][0xcc][0x0]t[0xac]-4[0x19][0x4]$[0x16]%[0xe6]fb[0xd9]Y[0xe][0xaa][0xf6]2K[0x12]A[0x8b][0xba][0xb0][0x15][0xe][0x86]ft[0x9a][0x80]2[0x3][0xcf]k@][0x8b]{[0xe4]#91;[0xb5][0xa4][0xaa]4';[0xb1](/13[0xf][0x9b][0x93]M[0xe9][0xb5]b[0xc0][0xcc][0x0][0xe9][0xbe]/R[0xfa][0x7][0x19][0x89]E[0xc5][0x89][0x95][0x89][0xc6][0x6][0xd8][0xc6][0x9a][0x8c]-@3qt)[0x8e]A[[0x8b][0xa0]!N[0xc6]Q[0xf9][0xd9][0x99][0x89]y%[0xf9][0xa0]2[0xf][0xd4]X[0xc5][0xda]U34[0xa4][0xd3][0x6]<3[0x3]SD[0xa7][0x81][0xc8][0x83]%[0xcb]KK[0x12]s3[0xb1]w[0x88][0x8d][0xcd]@'[0xaa][0xd3]'[0x12][0x10][0xc5][0x9]1ubRybq6([0xc0]!3[0xaf][0xe8][0x83]&[0xa6][0xe6]t[0xba][0xb9][0xc5][0xcc][0x0]i#[0x5][0xd6]3[0x1b]S*Ks@I$[0x13][0xda][0xf].N[0xce]@[0xa9]d[0xc][0xcd]A[0xe7][0x13][0xd2]'[0x8c][0x11]}[0x19][0x9c][0xe7]vf[0xe6][0x14]'[0x16]$[0xa6][0x80]v[0x6][0x15]e[0x82][0xfa][0x8d][0xe8][0x1d][0x0]S[0xb][0xd0][0xfc][\r]}[0xdc][0x8b]X[0xce][0x88][0xbb][0xcd][0x91][0x6]*[0x0][0xd3][0xd3][0xf3]s[0x12][0xf3][0xa0]![0x8c][0xa5][0xe5]l[0xe]^[0xf9]A[0x1f]G#[0xd6]f`[0x1d][0xb3],J[0xcc][0xc8]M[0x4][0xdd][0xf2][0x0]ZK[0x9a][0x7]Zr[0x84][0xd6][0xea]0[0xa1][0xd7]}[0x3]f[0x6][0xa0]*[0x18]Z[0xf2][0x85][0xa4][0xa6][0xa4]Tb[0xc]W[0x97]e[0xe6][0xe5][0x1b]X`-[0x9f][0xc1]G|[0xd3]%D[0x91][0x96][0xc1][0x13][0x1a];(.M[0xce][0xcc][0x0][0x1d][0x9a]\[0x9][0x9e][0x8a]+A=[0xca][0xcb][0xd4][0xc][0xb4]R[0x9a]>nFd5[0x97][0xc4][0x14][0xcc][0xcd]I[0xe5][0x99])[0xf9])[0xf9][0x89]9[0x99][0xd9][0xe0][0x3][0x13]PV[0x9d][0x99][0xd2][0xeb]"[0x1]3[0x3][0xd0][0xdc]$4[0x1][0xe0][0xce]a[0x99][0xd9][0x89][0x16]&[0xa0][0xa2] 1[0x19][0xa5][0xe4]22[0x3]][0xb7]K[0x9f][0xe0]Dd[0xaa][0x0][0xd0]-$[0xf9]y[0x90]=[0xad][0xa9]8[0xef][0x9f]-N[0xcc][0x1][0x9d]^[0x99][0x3][0xda][0x8a][0x89][0xb5]R66[0xa4][0xd3]iA[0x90]s2[0xa1][0xa1]L[0xa8]3[\r][0xab],[\n]"
17:11:38.430 [main] DEBUG org.apache.http.wire -  << "[0xa0][\r]UP[0xf9][0x80][0x1e][0xec][0xf4][0x1b]7E[0xda][0xd6]A[0xe4][0xe9][0xeb][0x5][0x89][0xa0]a[0x18][0xd0][0xe1][0xcf][0xe0][0x9b]Q[0xb1][0xdf][0x1b]nf[0x6][0xca][0xd2]tI8[0xa0]U[0xb3][0xd0][0xa0]'[0xe1]^[0x92]tX4[0x80]:[0x85]([0xe7][0xf3][0x9b][0x1b][0xd1]i[0x8a][0xdc][0xcc][0x0]i[0x3][0x2][0x91][0xf3]I[0xa0][0xd1][\r][0xd0][0x85]M[0xb0]3[0xce][0xb1]u[0xb][0xcc][0xc][0xe8]4[0x87]kf[0x0]j;B[0xc3][0x9e][0xb8]![0xc8][0xa4][0xbc][0xc4][0xac][0xdc]R[0xd0]I[0xf2]X[0xc6][\r],[0xe8][0xb5][0xef][0xca][0xcc][0xc0][0x1c]Q[0xda] [\r][0xe2]%[0xe7][0xe7][0xe4]$&[0xe5][0x17]A.P[0xcd]M[0x5][0xdd]@[0x8f]y[0x88][0x5]d[0x15]t^f~[0x1][0xe8][0xce][0xf]H[0xeb][0x14]-[0x3][0x9b][0x18][0x80][0xce]9[0xa3]O[0xf2]GL[0x95][0xe1][0x1b]V[0xc8][0x0][\r][0xf5][0xe2]][0xa1][0x0][0x9e]1[0xa6][0x8b][0x93]A[0xcb][0x10][0xa1][0xa9][0x6][0xcf][0xa5][0x82][0xa0][0x8b]UL[0xcc]A[0xd9][0x13]c9?[0xa8]QC[0x1f][0x97][0x92]7-[0x6][0x1d][0xbe])[0x2][0x1d][0xb9][0x9c][0x3]*[0xdf][0xd1][0x87]FL[0x8c][0xe9][0xb4][0x8f][0x1d][0xb2]3[0x9][0x1a][0xd8][0x84][0x9a]VI[0x89][0xd9]%[0xa0]~L[0xbe][0xb9]%[0x96]`[0xb7]0[0xa2][0xd3]}pf[0x6]H+[0xe5]q[0xe]<[0x15][0x14]%V[0xe6][0xa7][0xe7]C[0xce][0x14][0x1][\r][0x9c][0xa2][0xf7]b[0x8c][0xc][0xe8][0xb4][0xa7][0xc9][0xcc][0x0]i[0x9d]<[0xf6][0xab][0x3][0x8b]2[0xf3][0x12][0xa1]3[0xbd][0x90][0xf2][0x2]#A[0x98][0xd0]mT[0xf]i[0x81]<[0xee][0x6]![0xe8]`[0xff]D[0xa4][0xd1]'l[0xa5][0xb5]9[0x9d][0xee][0xc4]43@Z[0xfa][0x8c][0xbd][0x13][0x93][0x9a][0x93][0x93]Y\[0x9e][0x99][0x94]Y[0xc][0xda][0x80][0x80][0xd5][0xb1]t[$[0x2][0xb2][0x8][0x9a][0xe1][0xf0][0x94]n[0x89][0xc5][0xb9][0xe0][0xac]fi[0xc]jvc[0xac][0xbf][0x1][0x9d][0xb2]D[0x8f][0x12][0xce][0x10]i[0x99][0x10][0xbe]k[0xd1][0x8a][0x13][0xd3]2A[0xd7]F[0x15][0x95]$[0x96][0x80][0xc7][0xc]P[0x9a]L[0xa6]f[0xf4][0xaa][0xee][0xc0][0xcb][0xe8][0xa0][0xa1][0x8b][0xe7][0xee][0xa5]JX[0x1d][\r]*[0x18]Pz^Ff[0xf4][0x9a][0xac]2D:[0xa1][0x95][0xd8][0x1e][\r][0xa8]e[\r][0x99][0xe0][0xcc].[0xcd]+[0xc9]H,[0xc2][0xbc]3[0xdc][0xdc][0x8]t[0xcc][0x4]}[0xd2][0x6][0xe2][0x9c]$[0xdc]+X*sa[0xb7][0x9f]AJ6[0x94]k[0xa4],LAs[0x8][0xf4]q,Rw<?%[0x1f]c[0x9c][0xa3][0xb8]4%3[0xb1]$[0x13][0xba][0x1b][0x1d][0x94].[0xd0]O[0xdd]0[0x7]_[0x1]K[0x1f][0xc7]"[0x86][0xbd]p-[0xc3][0x2][0x1d][0xea]e[0x81]u[0xdc][0xdc][0xc4][0x10]t[0x1e][0x14]][0xdc]i[0x88]h[0xff]`[0x1d][0xe3][0xc8]L*[0x2][0xdd][0xc1][\n]"
17:11:38.430 [main] DEBUG org.apache.http.wire -  << "[0xbb]E[0x16]K[0xc1]kjD[0xa7][0x85][0xaf][0x90]s^[0xa0]E[0x3][0xee]i[0x95][0xb2][0xd4]t[0xd0]a[0xc8]I[0xd8][0xf7]A[0x9b][0xd2][0xad][0xef]gh[0x88][0x18][0xc6]'u[0xed]OUqbA[0x9][0xa8][0xa2][0xc3]2=hh@[0xa7][0x8d][0xfe]f[0x86][0xa0][0xc9]thx[0xe3]nHd%[0xe6][0xa5][0x82]VF[0xe7][0xa5][0x14][0x81][0x87][0xc1]P[0xea][\r]#S[0xd0]Y[tI[0xc9]H[0xab]6H[0x18]%[0xc8]H[0xcb],[0xca][0x85][0xac][0xdf][0xc4][0xd6][0xd3]64[0xa5][0xd3][0xd9]if[0x86]F[0x88][0xb2][0x18][0xb1][0x9a]>[0xb5][0xa2][0x4]4T[0x96][0x94][0x93][0xaa][0x0][0x1a]MJ[0xc9]L[0xcf][0xc5][0xec][0xae][0x96]'f[0x80][0xe6]hK[0x8b]+[0xb1]_[0xc1]j[0x1][0xba][0xa9][0x9b]>q[0x80]([0xf5][0xe0][0x7]R[0x11]q5{[0x6]h[0xd1][0x92][0x81][0x9][0xf6][0xf9]+sKPo[0x92]>[0xce]G[0xf4][0xb4][0x89][0x1b][0xec][0x80]^[0xa1][0x92]oj[0x4][0xea]N[0xa1][0xf7]O[0xcc][0xe9]W2[0x82][0xee][0x8][0x86][0xe6]TbV[0xb8][0xe5]g$B[0xda]yX[0xca]s#s[0xd0][0xba]![0xba][0x84]7[0xa8][0xe9][0x0]u5[0x91][0xed][0xa7][0xd2][0x9c][0xb2]D#[0xac][0xfb][0x1a][0xcc][0xcc]A[\r]][0xfa]8[0x1b]1[0xb4][0x84]s[\n]"
17:11:38.430 [main] DEBUG org.apache.http.wire -  << "[0xae]$5[0xbd]4[0xa3]83[0x17][0xb2][0xb5][0x14]K1naL[0xa7][0xeb][0xaf][0xcc][0xc0][0x8d][0x9]h0[0xe3]toaviq9h[0xd2][0xa5][0x8]6[0xc7][0x89][0xd2][0xa8][0xb6]0[0xa5][0xd3][0xf6]n3C[0xd0][0x9e]P[0xa8]kI)C@[0xee][0xcf][0xaf][0xcc]/J[0xcd].N[0xc4]^[0x90][0x98][0x18][0xd2]k[0xfd][0x87]![0xd2]b[\n]"
17:11:38.430 [main] DEBUG org.apache.http.wire -  << "B[0xab][0x1e][0xd3][0x13]s[0x12][0xb3][0xa1]W[0x97]C[0xda][0xd7]([0x15][0xa8][0x85][0x85][0x89]9}[0x96]/[0x19]"-[0xa1][0xc0][0xde][0x7]/[0xce][0xcc][0xc8]/I[0xcc]KOJ[0xcc]I,[0x0][0xf5][0x12]![0xee]EM([0xf4][0xba][0x12][0xd0][0xcc][0x10]i[0x99][0x4][0x89][0x15]f%h[0xa2]9[0x5]<E[0xe][0xde][0xeb][0x87]>Vcn@[0xaf]9FCP[0xb6][0x82][0xa6]v[0x92][0xd7][0xad]d[0x83][0xd6][0xde][0xe4]%[0x9a][0x9a][0x82][0x6][0x18][0x92][0xf3]s[0x95]t[0x94][0xa0][0xd7][0x8c][0x99][0x98][0x80]Nu[0xa3]Ka[0x88][0xb4]t[0x82][0xc8]2[0x1c]4[0xf2][0x94][0xf]^ [0x8e][0xfd]zjS#[0xd0]b/[0xfa]8[0x1e][0xd1][0xa5]$[0xb8][0xfd][0xf][0xb1][0xd1][0xa7]*[0xb3]*[0x13][0xdb]t[0xba][0x91]9[0xfd][0x1c][0x8e]hh[0x11]9[0xaf][0x84]p>d[0x10]8[0x5]<[0xc8][0x93]_[0x94][0x8e]H5f[0xe0][0x9d][0x85]t[0x9]xP[0x17][0x6][0x9a][0xec][0x89][0x9c][0x94][0xcc],[0xca]L[0x4][\r][0xb1][0xe2][0xda]N`fjJ[0xaf]5[0xed][0x6][0x6][0xf0][0xad]4[0xd8][0xb][0xca][0xf4][0xc4][0xdc][0xa4][0xcc]"[0xd0]a4Xg[0xad][0xcd],[0xe9]6}[0x7]Z[0xe6][0x3][\r]g[0x92]g[0xc1]rS![0x7]U&[0xa6]%[0x16]e[0x94][0xe6][0xe5]e[0x16]'bK[0xf5][0x86][0xe6][0xf4][0xaa][0xa1][0xc][0x90][0xb6]p[0x93]X[0xe2]#[0xdd]p[\r]9B[0xaa][0x4][0xb4]s[0x13][0x91][0xf4]-[0xc]@[0xeb][0x8c][0xe9][0x91][0xf4][\r]@'OB[0xa3][0x4][0xc7][0xee]]h[0xe7]?'5[0x1d]k[0x80][0x1b][0x1b]Q[0xed]&[0x1c][0x0][0x0][0x0][0x0][0xff][0xff]"
17:11:38.430 [main] DEBUG org.apache.http.wire -  << "[\r][\n]"
17:11:38.430 [main] DEBUG org.apache.http.wire -  << "819[\r][\n]"
17:11:38.430 [main] DEBUG org.apache.http.wire -  << "[0xca]/RHO[0xcc][0xcd][0xcc]KW((-*[0xc8]/N-V[0xaa][0x8d][0xad][0xd5][0xa9]V[0xf2]tQ[0xb2]25[0x3][0xcf]qB[0xdd][0x8a]{|[0xb0] 3[0x11]tE`[0x8a][0x1e][0xda][0x14][0xa9][0x19][0xbd]nb13[0x0][0xed][0xf][0x86][0xba][0x13][0xcf]"[0xf1][0x82]DPW[0xbf](1#371[0x3][0xba][0xce][0xc][0xe5][0xe0]%:NO[0x83]&[0x83][0xa0].&u[0xff]cbNnfQbie"h[0xbc][0x1e]R[0xf5][0xa3],[0xe9]1[0xb5][0x0]MP[0xd0]%-[0x93]?f[0x1]:N[\n]"
17:11:38.430 [main] DEBUG org.apache.http.wire -  << "[0xb4][0xe6][0x16]R[0xc4][0x80]|[0x81][0xb1][0xb7][0xd0][0xd0][0x1c][0xb4][0xf0][0x83]>[0xfe]@T[0xa7]8{HE[0x89]Y[0xa0][0x93][0xd6]A[0xfb]![0xb1][0x8d][0x14][0x99][0x99][0xd2][0xab][0xdb]l[0x0]:[0xe4][0x85][0xcc][0xb4][0x93][0x95][0x98]Ylj[0x89][0xd5][0xfd][0xe6][0xa0][0xd9][0xc][0xba][0x84]6h/4[0xd4][0xfd][0x84]zGI[0xd0][0xa6]:h4[0x1f][0xcb][0x92]Pc[0x13][0xfa]m[0xee]@[0xc][0x94][0x13][0xbb]([0xbb]8[0xb3](5=[0xb1][0x8][[0xa5]ijA[0xaf]A-[0x3]P[0x8]AC[0x1b]{k[0xa5]<1=[0xd5][0xc4][0x0][0x94][0x5][0xd1][0x97]5[0x9b][0xd3]o[0x82][0x1d]4[0xd3][0xc]u%[0xa1]E[0xc][0xe5][0xc5][0xa9][0x90][0xfd][0x99][0xd8][0x2][0xd6][0xd8][0xc][0xb4][0xe3][0x90]>[0xc9][0x18][0xd1]y[0xc0]>[0xc5][0x93]S[0x90][0x98][0x97][0x9e]Z\R[\n]"
17:11:38.430 [main] DEBUG org.apache.http.wire -  << "[0x1a][0x1c]D[0xe9][0xd5][0x1b][[0xd2]k[0x82][0xc7][0x0]t[0x80][0x11]4`[0xb1]N[0xf0][0x14][0x94][0x96][0x14]e[0xe6][0x95][0xa6][0x17][0xe5]g[0xe4][0x83][0xd2][0x0][0xda][0xee]4sS[0xd0]i#[0xf4][0x9]O[0xc4][0xe8]+[0xa1]b[0x1][0xbc][0x9b][0xe][0xda]L[0x2]9[0x1a]y[0xa3][0xa8][0xb1]1h[0xa7]8]\[0xc][0x9a][0x1b][0x80][0x86]-[0xc9][0xad]k[0xf0][0xfd][0x0][0xa0][0x11][0x95][0xdc][0xa4][0xcc][0xbc]t[0xec]#VFft[0xba][0x85][0xc8][0xc]<j[0x3][0xf5][\n]"
17:11:38.430 [main] DEBUG org.apache.http.wire -  << "[0xc9][0xe3][0x10][0xc5][0x89][0xa0]D[0x94][0x98][0x9d][0x9a][0x9b][0x88][0xe3]`*s3[0xd0][0x2][0x1a][0xfa][0xc4][0x9]b[0x13][0x1e][0xbe][0xe5][0xe][0xe0][0x15][0xfc]yH[0x93]?[0x90][0xb1],[0x94][0xb9]m#[0x3][0xba]U[0xe9][0xa0][0x91]Ih[0xf0][0xe3]Y[0xf4][0x0]?[0xba][0xb2] 1/[0xa5][0x14][0x94][0xf0][0xd1]s[0xab][0x1][0x9d].[0x83]23[0x0][0xed][0x86][0x82][0xba][0x18]w[0xd7] [0xb][0xb4][0x8]&[0xf]V[0xf]b[0x19][0x5]7[0xa4][0xd7][\r][0xa4]f[0x6][0xa0]u[0xee]P[0x7][0x13][0xaa]a[0x12][0x8b]s[0x13]S2M[0xcc]@[0xad][0xe][0xe4][0xa2][0xc5][0xc2][0x14][0xb4][0xeb][0x97]>[0xc9][0x18]Q[0xb9][0xe0][0x9e]z[0xad]*[0xcd]I[0xcc][0xcc]NL-[0xca][0x4]o[0x97]G[0xdb][0x83]blB[0xa7][0x93]+[0xcd][0xc]@#[0x0][0xd0][0xb0]%r8[\n]"
17:11:38.430 [main] DEBUG org.apache.http.wire -  << "[0xba][0x80]23[0xa3]81[0xf]{[0xe1]gbL[0xb7]n[0xc]h[0x8e][0x1a][0xea]|<[0xdd]G[0xd0]rU[0xb][0xd8][0x85].hamdD[0xaf][0xd9]'[0x3][0x13]D5[0x89]g[0xf5]YFfNJ[0xa2][0xb9][0x11][0xb4][0x97][0x8b][0xd2][0xf8][0xb0][0xa0][0xdf][0xe][0x1a][0xd0][0x90][0x1c][0xe1][0x80][0x5][0xf5][0xac]J[0x12]S[0xb3][0xc0]'{'[0xa1][0x9d][0xbf]jb[\n]"
17:11:38.430 [main] DEBUG org.apache.http.wire -  << "Z[0xce]H[0x97]<[0x7][0xaa]l[0xa1][0xae][0xc5][0xb9][0xc7][0x18][0xb4][0xcf][0x12]4[0xda][0x1]Zl[0x8d]~[0xa8][0x96][0x11][0xf8][0x10]G[0xfa]8[0x15][0xb1][0xb6][0x4][0xc7]1[0x9][0x5][0xe0][0xd5][0xb3][0x89][0xd0][0x13]A[0xb0]5[0x95][\r][\r],M[0xe9]3[0xb5][0x4]^[0xb1][0x2][\r]Y"[0x87]{+[0xa1]e[0x1b][0xf6][0xb2][0xc1][0xd8][0x8c]n[C[0xcd][0x10]{ZI[0x99][0x8e],O,[0xce],[0xce]M[0xcc]K/[0xcd]+[0xce][0xc7][0xd5][0xbe]31[0xa2][[0xc][0x80][0x96][0x80]@c[0x80][0x94][0xed][0xdd][0xa0]fR[0xa6][0xb9][0x11][0xb6][0xe4]cdA[0xb7][0xd5][0xd7][0xa0][0xa5][0xf4]P[0xc7][0x13][0xaa][0xba][0xb][0xf3][0x8b]2a[0xed][0x8d][0xe4]2=[0xf4][0xd2][0xc4][0xc2][0xc][0xb4][0xd2][0x98].Y[0x14]4[0x85][0x8]u4[0x9e]&[0x1d][0xac][0x8b][0x8][0xeb][0x81]a[0x9d]004[0xa1][0xdb]>z[0xd0][0xcc][0x4][0xd4][0xd5][0xc4]l[0xe1]NM[0xc9][0x4][0x1d][0xe0]X[0x90][\n]"
17:11:38.430 [main] DEBUG org.apache.http.wire -  << "^[0xc6][0x8a]1[0x84]gl[0x6][0xaa][0x1][0xe8][0x12][0xdc][0xa0][\r][0xd8]P[0x87][0x93]:[0xa0][0x9a][0x9b]X[0x94]T[0x9a]W[0x94]Z[0x95][0x88]m`[0xcc][0xd4][0x1c]t[0xfe]9}[0xfc][0x80]([0xd5]I]1[0x98][0x4]^[0x4][0x86]c[0xdb][0x95][0x89]%[0xdd][0x6]E@;[0xeb][0xa0][0xd1]@dI[0x9f][0x94][0x98][0x93][0x99][0x92][0x99]gl[0x0]jm[0xa3][0xaf][0xd8][0xb5]0[0x3][0xad]J[0xa0]O[0xe0]#[0xda]U[0x84]6x[0x82][0xcf][0xd5]L[0xcc][0xc8]J,*[0xcf][0x4][0x8d][0xed]`[0xa4]{[0xb][0xfa][0xcd][0x89][0x81]J[0x6]h[0x80][0x93][0x9a][0xee]A[0xd7]9d%[0xe6][0x81][0xce][0x8e][0xc0]:[0xd1]df[0xc]:[0xe1][0x90].[0x81][0xf]:[0xb3][0x11][0xe6][0x8b][0xb2][0xfc][0x9c][0xb2]T[0x85][0x94][0xca][0xbc][0xc4][0xdc][0xcc]d[0x85][0xe2][0xca][0xe2][0x92]T,[0x8b][0x1e]3@[0xe5]Nq~f[0x9]t[0xf7][0x15]b.[0xcf][0xd8][0x9c]ni[0x6][0xe9]Xy<e<[0xf8][0xc]E[0xd0]VZ[0xe8]A~[0xa0]cc+Q[0xa6]l[0x8c][0x8c]A][0x10][0xfa][0x84]4[0xa2]=[0x83][0xa7][0xaf][0x3]:;[0xb1][\n]"
17:11:38.430 [main] DEBUG org.apache.http.wire -  << "[0xb6]H[0xb0] [0x5][0xed][0xea][0x9]K[0xba][0x8d][0x8b][0x80][0xda]G[0xd0]tALuT[0x0]=[0xbf][0x1b][0xdb][0xb2]F[0xfa]m[0xc8][0x7][0x9d]k[0x8]u4[0xc9]ci[0xc9][0xb0][0xc6][0xb][0xd6][0x86][0x80][0xa9][0x5]h4[0x9f]>[0xe9][0x4][0xb1][0xc8][0x11][0xf7][0x0]DbqNfVb[0x9e][0x81]1([0x13][0xa2][0x1c]%kdH[0xb7]*[0x7][0xd4][0xc][0x85][0x6][0xb7][0x8b][0x82][0xa1][0x99][0xb1][0xb9][0x82][0x9b][0x1f][0xc6][0xe6][0x10][0xc8][\n]"
17:11:38.430 [main] DEBUG org.apache.http.wire -  << "[0xbb][0xdc][0xd2][0xe2][0x92][0xfc][0xb4]D[0xec][0x9d][\n]"
17:11:38.430 [main] DEBUG org.apache.http.wire -  << "s[0xf0]i[0xe0][0xf4][0x8]\C[0xa4][0x15]$$[0xac]UO[0x7][0xef][0xcb]76[0x2]U[0x94]([0xf3][0xd6][0xe6][0x96][0xa0][0x82][0x88]>.GL[0x83][0x11]9[0xd2]S[0x0]9&[0x3][[0x17][0xc2][0xd8][0x18][0x94]U[0xe8][0xe3]nDr[0xc6]7j[0x2]Z[0x16][0x9d][0x9d]hn[0x2]J[0xcf](Alh[0x9][0x9a]H[0xa1][0x8f]S[0x11][\r][0x11][0xac][0x87][0x11][0x15]%f$V[0x96][0x82][0x86]VA[0xe7][0xa3]`-'L[0xc][0xe8][0xb5]D[0xc4][0x10][0xd4]D[0x80][0xe6]>|[0xe3][0xed][0x19][0x90][0xf3][0xee]@[0x97]9[0xe7][0x96][0x16][0x95]d[0x82][0x2][0x18]e[0xf1][0x99][0xa1][0x5][0xdd][0xb6][0xed][0x19]"[0xaa]@[0xec][0x9b]y!+,[0x90][0xd6][0xc]a[0xeb][0x17][0xd0][0xef]\-C[0xd0][0xde]Kh[0x18]c=[0x8e](+[0xb5][0xb8]8391#[0xb1][0xa8][0x12][0xb4][0xa6][0x2][0x9b]k-[0xcc]A[0x7][0x83][0xd3]%[0xfd][0x82][0x92][0x1e][0xd4][0xb5][0xb8]g[0x6][0xa0][0x93]w[0x99][0xe0]]CX[0xaa]k3z]caf[0x88][0xb4]x[0x8][0xc7][0x82][0xac][0xdc][0xd2][0x8c][0xc4][0xdc][0xdc][0xc4][0x14]CK,s.[0xc6][0xe6][0xf4][0xdb][0xff]F[0xa0]d[0xa8][0x80][0x9e][0x80][0x8][0xea][0x93][0xa0][0xac][0x7][0xb6]0[0x7][0xad]7[0xa2]K[0xec][0x83],[0x82][0xc6]>[0xd6][0xf9]f[0xe8][0xda]HCC[0xac][0x15][0x82]!h[0x17][0x17]}[0xdc][0x89][0x98]'D[0x9a][0xbb]-NN[0xcc]I[0x4][0xef][0xb6][0xca]I,I[0xcb]/[0xc2][0xd2][0xf1][0x0]]slb[0x9]*[0xbf][0xd0][0xf][0xac]31[0xa2][0xd7]\[0xb9]![0xd2]1[0xb9]x:[0x1e][0xd9][0xa9]y[0xa9][0xc5][0xf0][0xdd][0xbb][0xd8][0xa6][0xdf],@[0x1b][0x87][0xe8][0x13][0xde][0x88]B[0x17])[0xbc][0x89];[0x8f][0xa5]8?'5[0x3]^[0xba]a+-LA[0x1d]H[0xfa][0xf8][0x3]11[0x87][0xb5],[0x86][0xb6][0xdf]AG[0xd0]c+[0x87]M,[0xe9][0xb6]2[0x1f]i[0x99][0x18][0x9e]&O9h%[0x1e]h[0xf3][0xc]l[0xf3]O[0x8a][0x1e][0xfa] [0x8c][0xb9][0x9]hz[0x9a].[0xa1][0x8b][0xb4]4[0xc])[0x95][0x10][0x91]+sAu_Ifzb1[0xe4][0xf4][0x2][0xf4][0xa5]Lf[0x16][0xa6]f[0xf4][0x99][0xec]0D:[0x6][0x18][0xf7].e[0xd0][0x8e]Y[0xd0][0x91][0xb]E[0xa0][0x5][0x90][0xf9]E[0xf9][0xa0]6=zybJ[0xaf]+[0xbd][0xcd][0xc0]g$[0xc3]K[0xed][0xa2]R[0x8c][0xee][0x13]b[0xf7]@vbQ*[0xd6][[0x15]LLA[0x8b][0xfa][0xe9][0x93]J[0x10][e[0xb1][0xe6]AP+>[0xaf]$[0x1f]q[0xa6]9dq[0x7]z[0xf8][0x9a][0x18][0x83][0x16][0x94][0xd3][0xc7][0xc5][0x88]R[0x3][0xc7]|[0x1d][0xe8][0xca][0xa6][0xd4]r[0xf0][0x9e][0xa4]D[0xd0]X[0x11][0xa4][0xe]G[0x1d]%2[0xa4][0xdb][0x96]APg[0x7][0x9a][0x1e]p[0xb7][0xe1]@[0xe3][0x87][0xa0][0xf6]fQ&[0xa8][0xd9][0x89]uK[0x8c][0xb1][0x19][0xa8]wN[0x9f] F4[0x8e][0xb0]/[0xc7][0x83]d9[0xd8]DKr[0x19][0xea][0xa0][0x96][0xb1][0x81][0x81]![0x9d][\n]"
17:11:38.430 [main] DEBUG org.apache.http.wire -  << "[0x8][0xa4]ec8[0xe7][0x99][0x93][0xd2]K[0xf3][0x12][0x8b]J[0xf2]A[0xc9][0x0][0xb5][0x9f]d@[0xb7][\n]"
17:11:38.430 [main] DEBUG org.apache.http.wire -  << "[0x4]tD[\r]4[0x11][0x10]9[0x96][0xf]?[0x2])E[0xf]e%[0x95][0xb1]1h[0xb9][0x10]][0x92][0x1]h[0x1][0x14][0xd4][0xd1][0xf8][0xfa][0xa3]%[0xd0][0xad][0xdb]8[0xc6][0x82][0xc][\r]A[0x91]D[0x1f][0x7]#&}p[0xf]_[0x81]w[0x89][0x9a][0x81][0xaf][0xf]@/[0xc5][0xc][\r][0xe9][0x96][0xc5]@[0x91][0x8][\r][|'[0xd1][0xe5]&[0x16][0x95]'[0x96]$[0x1a][0x1a]a[0x1f]g32[0x3][0x9d]XJ[0x9f][0xb0]ET[0x14][0xd8]{[0xfa]%[0x89][0xa5]i[0x99][0xd9][0xd0][0x5][0x8c]X{$F[0xa0][0xf5]6[0xf4]q,b[0x13][0x2][0xc1][0xcd][0x88][0xc5][0xa5][0xe5][0x89]Ey[0xf9])[0x89])[0x89][0x5][0xd0]5>X[0x96][0xc7][[0x18][0x81][0x16]f[0xd1][0xc7][0xf1][0x88][0xf1]5[0xdc][0x8d][0x9e][0x14][0xf0]J[0x1f][0xb][0xf0]5[\r]h[0x7]b[0x99][0x9a][0xd0]kN[0xc1][0x10][0x14][0xa1][0xd0]T[0x8c][0xa7][0xef][0x94][0x9a][0x9b][0x89]gf[0xcc][0x82]^[0xcb][0x8][0xc0][0x7][0xdc][0xc2]\[0xb]=O[0x16][0xa3]u[0x96][0x2]m[0xfd][0x82]:[0xa5]([0xc9][0x0][0x0][0x0][0x0][0xff][0xff]"
17:11:38.430 [main] DEBUG org.apache.http.wire -  << "[\r][\n]"
17:11:38.433 [main] DEBUG org.apache.http.wire -  << "82E[\r][\n]"
17:11:38.433 [main] DEBUG org.apache.http.wire -  << "*[0xca]LNU[0xb2][0xb2][0xa0][0xe3][0xc6]wD%[0x8c]'l[0x93][0x90][0x87][0xd6] m3[0xf4][0xbd]c[0xc6][0xc6][0xf4]j[0xae][0x83][0x8e][0x9a][0x84][0x6]0)[0xb]|[0xf2][0x12][0xb3]2[0x93][0xc0]wt%f[0xe6]am[0xfb][0x98][0x1a][0x80][0xc6]F[0xe9][0x92][0xfb][0x90]V[0xae]a[0xdf][0xe3]QV[0x90]Z[0x4]Z[0xd3][\n]"
17:11:38.433 [main] DEBUG org.apache.http.wire -  << "-+[0xd0][0xeb][0x10][0x13][0x3][0xd0][0x8c][0x4]}[0x9c]JLu[0x97][0x91]WZ[0x94][0x2]mUb[0x19][0xb6]05[0x6][0x1d][E[0x1f][0xe7]"[0x86]-[0x88][0xdc][0xde][0x9e][0x99][0x97]XR[0x9c]Y[0x84][0xad][0xf3]O[0xc7][\r][0xe2][0xa0][0xc3][0x99][0xa1][0xa9][0x9a][0xd0]j[0x86][0xb4][0xcc][0x12][0xd0][0xde][0xea]L[0x3]SP[0xf9][0x81]r[0x9a][0x83][0x89]!h_[0xe]}[0x2][0x1a][0xd1]C"X[0xfb]e&g[0x80]6WcI[0x19][0x16][0x6][0x16][0xf4]j[0xc5][0x83][0x1a]1[0xd0][0x10]&m[0xa8]"#[0xb1](%1[0xf]4[0xc9][0x4])[0xfa]PFj[0x8d]L@'B[0xd0]'[0xc4][0x11]U6[0x91];[0xda][0xa0][0xd3][0xa7][0xb9][0xe0]K[0xfd][0xf2][0xb1][0xa5]pcCz[0xad][0x90]74CT58[0x86][0xed][0xcb][0xc0]G{[0xe5]&[0xe6][0x81][0xae][0xb3][0xca]K[0x7]u[0xa5][0xd0][0xf6]KXX[0x80][0xe][0xa2][0xa5]Kh#[0x1d][0xc3][0x8e][0xbb][0x81][0x94][0x9b][0x98][0x9d]X[0x94]XP[0x9a][0x92][0x95][0x9][0x99]/[0x3][\r][0xb][0xa1][0x1d][0x8e]lj[0x9][0xea][0xe2][0xd0][0xc7][0xcd][0x88][0xb2][0x1a]_{[0x1f]|[0xa0]D~^>t[0xc9]1([0x9c][0x91]wM[0x98][0x9a][0x81][0xee][0x1d][0xa3][0x8f][0x83][0x11]I[0x9a][0xb4]<[0x99][0x97]X[0x94][0x95][0x9]mT[0x83][0xc2][0x1c][0xbd][0x82]44[0x3][0x9d]UE[0x1f]? [0xd2]5[0x9e]a[H[0xc7][0xa5]$17[0x9]|[0xe1]0Z[0x1a]11[0x0]-[0x99][0xa5][0x8b]sA[0xfb]X[0xa1][0xc5] [0xa1][0xb5][0xb9][0xa5][0xb8]W[0x2][0x98][0x1b][0x83][0x96][0xcb][0xd2][0xc7][0xc1][0x88][0x15][0xc].[0xa9][0xc5][0x99][0xe9]y[0xa9]E:[\n]"
17:11:38.433 [main] DEBUG org.apache.http.wire -  << "[0x99]y%[0xa9]E[0x99][0xf9]E[0xfa][0xc5][0xa0][0x83][0x8d][0x12]s0[0x9a][0xd8][0xa0]3%[0xf3]J[0xf2]A[0xb7][0xca][0x82][0x6][0xbb][0xb0][0x17]~f[0xf4][0xda][0xd5]i[0x88][0xb4][0xda][0x15][0xeb][0x8]hfvf^^i[0x11][0xb8]i[0x8a][0xa5][0x9a]4[0xb3][0xa0][0xdb]L[0x15][0xe8][0x82]ch[0xfa][0xc0]:[0x1f]X[0x6]=[0xdf][0xbb]4E[0xf]c[0x19][0xa5][0xa1]9[0xdd][0x6]<A[0xfb][0x13][0xa1][0xce][0xc4]y 9h[0x0][0x11]4_[0x9d][0x2][0x9a]k[0xc8][0xc3]z[0xd6][0xa2][0x5][0xfd][0xce][0x8b][0x4]m[0x8b][0x81][0xba][0x18]OW[0xb]R[0x7][0x82][0x9a][0x1c][0x99][0xd0]S.KS[0xf4]PZ[0x1c][0x16][0x16]tK[0xb5][0xa0]UJP'[0xe3]<f![0x1b][0x1c][0xb8][0x90]&tr[0x99][0xde][0xc0]U[0xd8][0x96]H-[0xff][0xe2][0xca][0xe4][0xc][0xf8][0xbd][0xc1]i[0xf9]E[0xa0]39[0x93]1[0xca][0x88][0x2][0xd0][0x98]bIi[0x9][0xec][0x4]=[0x94]]W[0x86][0xe6]t;[0xd5][0x19][0xb4]o[0xe][0x1a][0xcc][0xa4][0xec][0xf5](([0xcf]L[0xca]/[0xcf][0x7]u[0x2]P[0x96][0xf2][0x99][0xd1]mK=[0xf8]Fh[0xa8][0xcb][0xb1][0x8f][0xe1][0xe7]d[0xe6]&[0x16]A[0xd7][0x12][0x81][0xda][0x19][0x18]S[0x95][0xa6][0xa0][0xb5]2t[0xa9]G@%([0xd4][0xad]Hm[\r][0xe2]&[0xb4]A7[\r][0xe6]f[0x82].[0x10]+[0xc9],*I[0xac]L,[0xc6][0xb1][0xf5][0x0][0xb4][0x96][0x86]>[0xbe]A[0xb4]:[0x88]Yh[0x9b][0x8a][0xd4]A[0xc7][0xba][0x2][0xcd][0xcc][0x8c]^[0xb3][0x81]F[0xa0][0xa1][0xb]hD`]/[0x7][0x1e];GdM[0xcc]s[0x8a],AG2[0xd1]#[0x94][0x8d]@SLP[0xa7][0xe2][0xee][0x4][0x14][0xe7]$[0xe6][0xa6][0x96][0x80][0x6][0xfb][0xc1][0x87]T[0xa1]L[0x1][0x1a][0x9b][0xd0]+E[0x18][0x81][0x2][0x5][0xea]V[0x9c]5bZAQbIb.[0xd6][0xdd][0x3]&[0xa6][0xf4][0x1a][0xa4]12@$^"{[0xb2][0xa0][0xa9][0xcb][0x94][0xcc]<#S[0xec]S[0x14][0x86][0x6][0xa0]5[0x82]tI[0x12][0xa0]1Bh0cm[0xc9]A'S[0xc0]#[0xe7][0x98][0xe7]k[0x9b][0x83][0x8f][0x8d][0xa6][0x8b]CA+[0xb3][0xf0]945[0xa7]4[0x3][0xb6][0xfe][0xc]K[0x93][0xd3][0xc2][0x18]4[0xd0]J[0x1f][0x97]"[0xba][0xad][0xd8]GCK[0xf3][0xd2][0xd3]Ks[0xe0][0xa7][0xf3][0x82][0xf6]cd[0x82][0x9a][0xfc][0xb0][0xf1]r[0xba]][k[0x4][0x1a]-[0x81][0x6]*[0xc1]Q[0xaf]l[0xd0][0x94]p9[0xae][0xed][0xf2][0x16][0x16][0xf4][0x9a][0x17]6B:[0xf5][0x8b][0xc8]1[0xd1][0xe2][0xd2][0xa2][0xca][0xc4][0x92]\[0xd0][0xe5][0x17][0x89][0x19]X[0xa7][0xd9][0xcc]AE#]R[0x7]h[0x7][0x5]4[0xc8][0xf1][0xf4][0xaf][0x13][0x91]n[0xa0][0x4][0xef][0xf5]F[0x9f][0xa0][0x0][0x9f][0xdc]J[0x1f][0x7]#[0x1a][0xa2][0xb8]wbdC[0xb][0x8],9[0xcf][0x10]|n"}[0x9c][0x8a][0x98]o%u[0x3]cr~Q^*[0xe8][0x92][0xdd][0xfc][0xb2][0xcc][0x12][0xc8][\n]"
17:11:38.433 [main] DEBUG org.apache.http.wire -  << "[0x18],~16[0xa5][0xd7]9[0x8d]F[0xa0][0x9](h:[0xc1]>w[0x9c][0x9][[0xf7]RP[0xa2][0x87]>[0xfe]b[0x6][0xea][0xea][0xd0]'[0xc8][0x11][0xb3][0xc6][0xb8][0x97][0xf][0x80][0xee]r40[0x6][\r]l[0xa1]%cs[0xb][0xd0]=y[0xf4]q(bl[0x8e][0x98]#[0xea][0x8b][0x13][0xb3][0x13]A[0xa3]-[0xb9][0x89]XoF72[0xa6][0xd7][0xfe]"[0xf0][0xa5]h[0xd0][0x84][0x80]w[0x14][0xb4]8[0xb3](1[0xb3][0x4][[0xe9]fn[0x1]Z[0x15]M[0x97]P[0x6]-[[0x81]:[0xb6](53[0xaf],5[0xaf]D[0x81][0x88][0x1b][0x18] W[0x97]Y@o[0x85]C:I[0xda][0xdc][0x90]n[0xad]8[0xa4][0xe5]F[0x84][0xce][0xff][0xaa]B[0xba]/[0x1a][0xdb]r`[0xba][0xad]{0[0x2][0x8d][0xc5]C[0xc3][0x9b]`[0x5][0xe]=y[0xb4]47[0xb1][0x12][0xeb][0xdc][0x89]%[0xe8][0x88]"[0xfa][0xa4][0x12]D[0xb][0x89][0xd4]M[0xc3][0xc5][0xa0][0x9e]TjIe>t*[0x19]u[0x97][0x94][0x9][0xbd][0xf6][0xfb][0x1b][0x81][0xc2][\n]"
17:11:38.433 [main] DEBUG org.apache.http.wire -  << "[0x16][0xf0][0xc4][\r][0xcf][0x80]V[0xda]&[0x16]e[0x97][0x16][0xe5]e&[0x82][0x9a]QX[0x12][0x8e][0x85][0x9]([0x11][0xd2]'[\n]"
17:11:38.433 [main] DEBUG org.apache.http.wire -  << "[0x10][0xf3][0x9d]x[0xf6][0xe1][0xa6][0xe6]f[0xe6][0x98][0x99]aK-[0xe6][0xe6][0xf4][0x9a](4[0x2][0xed]M[0x86][0x6]5[0xd6]!\[0xf0][0xd1][0x3][0xc6][0xe0][0xd9]c[0xb4]z[0xd0][0xcc][0xc]4JI[0x9f][0xf0]D[0xf4][0x1][0x89]\[0xac]XPZRZ[0x90][0x98][0x93]X\R[0x94][0x89][0xbd][0x1b]h[0x2][0xee][0x4][0xd3][0xc5][0xf9]H[0xb7]^[0x10]w[0xf5]LIi:[0xa8]9m[0x0][0xbe]y[0x6]e@[0xd7][0x90]n[0xf7][0xc7][0x19]![0xdd]s[0x81]{<#[0xbb][0xb4][0xb8]47[0xd1][0x18][0xbc]G[0x18]-}[0x18][0x1b][0x83][0xb2]1}[0x2][0x18][0xb1][0xdf][0x7][0xdf][0xba]P[0xf0][0x95][0xbf][0xe0][0x4][0x9d][0x7]>[0xda][0x1]e[0xc][0xd7][0xc2][0x1c]t[0x1a][0x10]}[0x9c][0x8b]([0xa1]q,[0x18][0x87][0xee][0x87][0xc9][0xcc]I[0xcc][0xc9],[0x1][0x8f][0xc][0xa0],[0xdd]05[0x0]5`[0xe9][0xe3]VD[0x7][0x85][0x98][0xb1][0xc3][0x82][0xa2][0xc4][0xec][0xfc]b[0xd0][0xb5][0x15][0xc9]ez(k[0x9b]M[0xc0][0x97]U[0xd2][0xc7][0xcd][0x88][0x9e][\n]"
17:11:38.433 [main] DEBUG org.apache.http.wire -  << "[0xbe]F]nbQJFfebFi[0xe][0xf8][0xa6][0x10][0xf4][0xf3][0x84][0xcc][0x8c][0xe9]V[\n]"
17:11:38.433 [main] DEBUG org.apache.http.wire -  << "[0x83][0xf6][0xaf][0xc0]Ka,[4[0x92][0x8b][0x13]S[0xd3]@+[0x1d]2@[0x3][0xe3](i[0xc1][0xcc][0x1c][0xb4]'[0x85]>[0xe1][0x8a][0xe8][0x8e][0xe0][0xa9][0xd6][0xd2]3[0x12]A#[0xf9][0x19][0xd8][0x8b]][0xb]:[0x96][\n]"
17:11:38.433 [main] DEBUG org.apache.http.wire -  << "[0x88]N[0x9][0xd6][0xaa]-;5/[0xb1][0x8]t\|*h[0xe2][0xf][0xb4][0xfb][0x13]m[0xdd][0xaa][0x85][0x9][0xbd][0xee]L6[0x2]5[0xad][0xa0][0x9][0x0][0xf7][0xb6][0x81][0xc4][0xec][0xcc][0xc4][0x94]L#Kh[0xeb][0xc]y[0x1d][0x86][0x89][0x19][0xdd][0xfa]z[0xa0][0xa1]>[0xa8]S[0x9d]3[0xcb]2s[0x14]R[0xf3][0xd2]3[0xf3]RA3[0xed][0xc9][0xf9]y%E[0x89][0xc9]%[0x99]y[0xa0][0x9b]G\R[0x8b][0x93][0x8b]2[0xb]J2[0xf3][0xf3][0x94][0xac][0x94][0x12]A3[0xac][0xc5][0xe5][0xa0]KQ[0xb1][0xf4][0xfd][0x8d]L[0xe8][0xb5][0xd0][0xdd][0x8]i=%[0x91][0x8d][0x89][0x14]p[0x8a][0x6][0xcd][0x9d][0xa1]/[0x1d][0xb1][0xa0][0xdb]rw#[0xd0][0x94][0xb]4[0xd8]qT[0x1a][0xc9][0xa9][0xb9][0x5]9[0xa5]y[0xf8]V[0xbc][0x9b][0x1b][0xd3][0xeb][0xbc]+#[0xd0][0x88]%[0xd4][0xbd][0xb8]w[0x19][0xc1]vj`]radA[0xb7][0x81]zP[0xd5][0xf]u,[0xd6][0x81][0xfa],[0xd8]Qn[0xd0][0xac][0x87]Z[0xb3][0x19][0x83][0xd6][0xd1][0xa5][0x4]FZ[0xf9]I[0xe4][0xe8]l[0xe]d[0x9]F^[0x9][0x8e]f[0xb0][0xb9][0xb1][0xa9][0x5]}[0xb6]F[0x19][0x81][0x8e]u[0x84][0x6]2[0xa1][0xd5]D[0xf9][0xf0][0xf1]{,[0x1d]9[0x13][0x3][0xba][0xd5]xH[0xeb]@[0x89]<[0x11]%[0x1d]t6+[0xfc][0xfe]j,[0xae]77[0xa6][0xd7][0xcd][0x17]Ff[0x88][\n]"
17:11:38.434 [main] DEBUG org.apache.http.wire -  << "[0x10]w[0xb][0x1e][0xba][0xa7][0x19][0xb6][0xee][0xb3][0x0][0xb4][0x82][0x4]eZ[0xd2][0x82]n7[0xc5][0x1b][0x11]^[0xf6][0x99][0x3][0xda][0x1b][0x3]^[0x99][0xf][0xe9][0xe7]c[0xa9]JL[0x8d][0xe9]u[0xd8][0x88][0x11]([0xdf]CS4[0xf6][0xc9][0xa8][0xc4][0x9c][0xcc][0xec]D[0xf8][0xcd][0xf6][0xc9]eh[0xab]s[0xcc][0xe8][0xb5][0x4][0xca][0x8][0xe9][0x88]P<[0xb][0x8a][0xb2]a7r`I[0xb7][0xa6]Ft[0x1b],[0x4]e[0x10]h[0xb0]b_)[0x92][0x8d][0xb2][0xc7][0xa4]D[0xf][0xcb][0xbe][0x18]scz[0x1d][0x14]g[0x4]Z[0xdd][0x8]u.[0xd6][0xca][0x3][0xbc][0x84][0x16][0xb4][0x97][0x16]1[0xba]V[0x82][0xb1][0xf][0xdf][0xd4][0x10]t[0xd8][0x1f]]*[0x11][0xa4]c@q[0xcf]*[0x80][0xcf]?[0xb4][0xc4]~[0x83]9[0xdd][0xae][0xc2]32'j -%?/=[0xbf](1[0xaf][0xa0]4[0xb][0xdc][0xaf]G[0x1b][0x88]05[0x4][0x15][0x84][0xf4][0x9]ZD[0xf][0x9]k[0x97][0x3]tD[0x12]R[0xe9][0x85]uu[0x8d][0x5][0xb8][0x85]J[0x1f][0xe7]"*[0x8]R[0x87][0x8a][0xd3]J[0xb3]2[0x13]K2[0xb3][0x12][0xd3]![0xd7][0x85][0xa2]o[0xb9][0xb6]0[0xa6][0xdb]b[0x16]P![\n]"
17:11:38.434 [main] DEBUG org.apache.http.wire -  << "[0xcd][0x84][0xe6][0x16]"
17:11:38.434 [main] DEBUG org.apache.http.wire -  << "[\r][\n]"
17:11:38.434 [main] DEBUG org.apache.http.wire -  << "2E6[\r][\n]"
17:11:38.434 [main] DEBUG org.apache.http.wire -  << "[0xca]2[0x93][0xb3]+a[0xd7]Sb)[0xe4][0x8c]-[0xe9][0xb5][0xb6][0xda][0x8]im5[0xf6][0xba][0x3]TZ$[0x16][0x97]$f[0xe6][0xa5]`[0xbf]K[0xd3][0xcc][0x88]n3O[0xa0][0x8d]7[0xd0] &u[0xee][0x17]r8_RjIb^&[0xd6][0x85]p[0x86][0x16][0xa0]j[0x94].[0xe9][0x1d]ie5)[0x13]h[0xd0][0xbd][0xf][0xb9][0xa5]9[0x95]X}`l[0x6]:[0xb2][0x87]>>@[0xc][0x1d]b[0xad]k[0xaa][\n]"
17:11:38.434 [main] DEBUG org.apache.http.wire -  << "[0x12]Sr!3[0xec]X[0x92][0xb7][0x91]![0xbd]n[0x8d]0[0x2]Y[0x4]M1[0xb8][0x17]6T[0x96][0xe6]d&[0x16][0x95]d&'f[0x17][0x81][0x8e][0x17][0xc0][0xb1]a[0xdf][0x84]n7*[0x19][0x81][0xb6][0xc]A[0x9d]M[0xa8][0x8f]R[0x9c][0x1]J[0xd1]FX[0xcf][0xba]25[0xa2][0xd7]=EF[0xa0][0xc3][0x91][0xa0].[0xc6][0xb9][0x94]/#[0xb1][0xb8]81/1#)5[0x7]T[0x9a]`[0x1f][0x99]3[0x5][0xdf][0xa2]B[0x97]T[0xc]Z@[0x1]u3[0xc9][0x87][0xa8]V[0x82][0xce][0x6][0x86][0x9e]I[0x8e][0xa5][0xdd]G[0xbf][0xdd]1FH[0x8b][0xc8]q'q[0xf0]*[0xca][0xcc]r[0x1c][0xbd]ocs[0xd0]"1z[0x84][0xb9]!R[0xf][0x0]w[0xab][0xf][0xb4]E[\r][0x94]R`[0x87]&@61[0xa2][0x9f][0xb7]dj[0x0]Z[0x89]@[0x1f]W#fv[0xb0]/[0xd4][0xc9].[0xcd]+[0xc9]H[0x4][0xdf][0xc7][0x8b][0xa5]/hbI[0xb7][0x93][0x11][0x91]z[0x1][0x84][0x17][0xb]df'"[0xb6].[0x96][0xa6]`\6b[\n]"
17:11:38.434 [main] DEBUG org.apache.http.wire -  << ":[0xa3][0x87]>[0x1][0x8c]4W[0xa2]``h[0xac][0xe0][0x1f][0x80][0xb1][0xf7][0x1][0xee][0xd4][0xc4]\[0xd0]u[0x17][0x5]%[0xa8][0x7][0xc0]X[0x98][0xd0]o[0xff][0x1c][0xa2]?@[0xcc]lTV~vIbY&[0xe8](U[0xc8]9[0xd7]([0x3][0x1b]F[0xe6][0xf4]Z[0x10]`h[0x8e][0xe8][0x17][0xe0][0x18][0xbc][0x5][0x95]j[0xa0][0x13][0xcf][0xd3][0x12]K2[0xf2][0xf3]@W[0xd8]b,<32[0xa4][0xd7]t[0x4][0xb8][0x99][0x0]-[0xa0][0xb1]g[0xbb][0xc4][0x94][0xcc][0xec]D[0xe8]6V[0x8c][0x99]>S[0xba][0xed][0x9]E[0xaa][0xae][0x9]f[0xba][0xfc][0xbc][0xcc][0xf2][0xcc]<[0xd0][0xc9]*[0xa0]94[0xf4]2[0xcd][0x88]~[0x9b]K[0x90][0xae]Q@[0xda]\B[0xc4]9x[0xa0][0xc3][0xfc]3[0xb3]3A[0xa3][0x8b][0xe0][0xeb][0x94][0xf2][0x91]/x[0xb7]0[0x0][0xcd]![0xd1][0xa5][0xcc][0x0][0xcd]!@S[0x7][0x8e][0xdd][0xd9][0xd0]I[0xf6]l[0xf0][0xfc][0x1a][0xd6][0x13][0xe5][0xc][0x8d]A[0xab][0xab][0xe8][0xe2]\[0xd0][0xc0][\n]"
17:11:38.434 [main] DEBUG org.apache.http.wire -  << "[0xd4][0xb9][0x4][0xdb]t[0xd0][0xb5][0xcc][0xc5][0x99][0x90]S[0x8c]QfZ[0xe9][0xb9][0x99][0xe][0xb1][0x8f][0x15][0xf7][0xc8]mei^&[0xf8]rF[0xe8][0xa4][0x4][0xca][0xa9]\[0x16][0x16][0xa0][0xcd][0x7][0xf4][0x9]_D[0x1d][0x8d][0xb5]O[0x92][0x9c]X[0x99][0x98][0x92]in[0x8c]u[0xa5][0x93][0x89])[0x9d][0xee][0xa9]2D[0xba]n[0x0]G[0xaa]MN[0xcc][0xa8]L,[0x6][0xad][0xbc][0xc9]*[0xcd]+I[0xcc][0xc6][0xe6]`[0x13][0x13]P[0x99]C[0x8f]p[0x5][0xdf]:[0x7]M[0xb7]$[0xb7][0x92][0xb3]JA'[0xc2][0x98]b[0xbf][0xdc][0x89][0x8e]{[0xa2][0x10][0xdd]Ub[0xd6][0x5][0x17]%[0xa6][0xa4][0xe6]e%[0xe6][0x95]&[0x16][0x81][0xa6][0xe3][0xd1]7[0x0]Z[0xd0][0xed][0xd0][0x1d]#[0xd0]}[0xd9][0xd0][0xb0][0xc7][0xb7][0xa2]([0x17]<[0xc0]oj[0x81][0xb5]F1[0x6][0x8d]^[0xd2]'[0xa5] [0x1a]q[0x84]F[0xc0][0xaa][0xa0][0x95]vi[0x8a][0x1e]J[0xe1]fd[0x0]:*[0x9b]>[0xae]E4[0xe2][0x90][0x87][0xf7][0x1][0x0][0x0][0x0][0xff][0xff]"
17:11:38.434 [main] DEBUG org.apache.http.wire -  << "[\r][\n]"
17:11:38.616 [main] DEBUG org.apache.http.wire -  << "264[\r][\n]"
17:11:38.616 [main] DEBUG org.apache.http.wire -  << "B,[0x15][0x80][0xdc][0x85]`[0x9]>[0x11][0xf]u[0x91][0x3]h[0x9e][0x96]>nD4[0xd8][0xf0],uA[0x1c][0xad][0xb]:[0xb5][0x6][0xb4][0x4][0x1f]m[0x5][0x89][0xb1][0x19][0xbd]N[0xd7][0x5][0xcf][0xce]@S,[0xa1]Z[0xae][0x2]r[0xb4][0x4][0xd6][0xd1]g3[0x13]PG[0x91].a[0xc][0x1a]"[0x81][0xba][0x98][0xd4][0xd1]g[0xd0][0x81][0xaa][0x99][0x6][0x86][0xd8][\n]"
17:11:38.616 [main] DEBUG org.apache.http.wire -  << "h#[0x3][0xd0][0xd0][0x13]}<[0x80]([0xdd]pny[0xcf]J[0xac]L[0xcc]HL[0xca]L[0x2][0xcf]L[0xa0][0xec][0xbd]64[0x3][0x8d] [0xd0][0xc7][0xa5][0x88]U|[0xf8][0x8a][0xb3][0xcc][0x8c][0xcc][0x94]D[0xc8][0x11][0x18][0xa5]X[0x8e][0x8a][0xb6][0xa4][0xdb][0xc] h[0xa3]74i[0x10][0xb9]F[0x7]~[0xdb]v9[0xf8][0x0]#[0xac][0xbb]V-LAMo[0xfa][0x4]8[0xa2][0x8c][0xc3]=6[0x4][0xda],`n[0x84]-[0x11][0x1b][0x1a][0xd3]m[0xcb][0x9c]![0xa2][0xa4][0xc3]33\PZT[0xe][0x9a][0xc2]D[0x9e]x[0xc5]2[0xc0]lh@[0xb7])[0x9]Pu[0x5]M"[0xf8]Jh[0xd0][0x18][0xad][0xb1][0x9][0xa8]~[0xc6]8[0x81][0xc4][0xcc][0x8][0x94][0xcc][0xe8][0x93][0x1c][0x10][0xb][0xd8][0x9][0x15][0xce][0xc5][0x89]IE[0x99]y[0x89]F[0xc6][0xd8]6[0x1b][0x19][0x99][0xd2][0xeb]Tk[0xf0][0xdc][0x12]4|qwA@[0xcb]}[0x13][0x8b][0x13][0x13]Kr[0x13][0xb3][0xb0]f9#[0xba][0x9d][0xad]d[0x4]:c[0x14][0xea]`B[0x8d][0xa0][0xa4][0xbc][0xc4][0xac][0xdc]R[0xd0][0x85][0x8a]X[0xc6][0xc][0xcd][0x8d]@[0xab]~[0xe8][0x92],@[0xe3]$P'[0x93]<[0xad][0x86]t[0xbd]=d[0xee][0x15]el[0xcb][0x98][0x8e][0x9e]@[0x14] I[0xa9]y[0xc9][0x19][0xb9][0x89]E[0xd9][\n]"
17:11:38.616 [main] DEBUG org.apache.http.wire -  << "[0xa9][0x15]%[0xa0]sT[0xc0][0xb7]m$[0x16]%[0xa6]d[0xa6]c[0xb9]m[0xa3][\n]"
17:11:38.616 [main] DEBUG org.apache.http.wire -  << "zfTr[0x19][0xda][0x80]"[0xfd][0x96][0xe2]#[0xdd][0xa3][0x80][0xb3][\n]"
17:11:38.616 [main] DEBUG org.apache.http.wire -  << "/-I,[0xca][0xcc][0x0]-0[0xc0]VT[[0x18][0xd1]k[0xf4][0xd3][0x8][0xb4]=[0x16][0x9a]\[0xb0]v[0xb4]Ak[0xb8]JS2--@KU[0xd1];O[0xa6]Ft[M[0x89]t[0xd1][0x3]1[0xa3][0xb4][0xa0][0xf3][0x1a]rA[0xab]7[0xc0]U[0xc][0x8e][0x99][0x12]scPf[0xa1]K[0xae][0x4]][0x9b][0x2][\r]f<%_b^zjq[0x9][0xe8][0xf2][0xa0][0xaa]D[0x1c]k[0xdd]M,@[0xbb][0xab][0xe8][0xe3]f[0xc4][0x18][0xc])[0x8b][0xb2]3[0x12][0xb3]3s[0x93][0x13][0xcb]K[0xb1][0x8e]u[0x18][0x9b][0x81][0xd6][0x9b][0xd2][0xc5][0xfd]H[0xa7][0x8f][0x93]6&[0x9a][0x9c][0x91][0x9a]S[0x9c][0x9a][0x98][0x9][0x9a]?[0xce][0x3][\r][0x1a][0xa0]l[0xea]1[0xa4][0xdf][0xd2][0x1f][0xd0]i[0xdc][0xd0]T[0x83][0xf5][0xa4][0x1a][0xd0][0x0]AjbzbJi[0x6][0xb6]r[0xc4][0xcc][0x18][0xb4][0x9][0x84].[0x81][\r]Z[0xe3][0x2]u*[0xce])[0xe3][0xcc][0xf2][0xc4][0xe4][0xc4][0xbc]D[0xe8][0xd0]"[0xca]H[0xb3]!mw[0xce][0x1][0x0][0x0][0x0][0xff][0xff]"
17:11:38.616 [main] DEBUG org.apache.http.wire -  << "[\r][\n]"
17:11:38.617 [main] DEBUG org.apache.http.wire -  << "606[\r][\n]"
17:11:38.617 [main] DEBUG org.apache.http.wire -  << "[0x8a][0xad][0xd5][0xa9]V[0xf2]tQ[0xb2]253B:[0xb9][\r]O#/3[0xa7]2[0xb1][0xd8][0xc8][0xc][0x14][0xfb]([0xe]5[0xa7]_[0xfe][0x3]m[0x85][0x84][0x5])[0xae]i4[0xf0]6[0x13]c[0xac][0xed]:s[0xb][0xd0][0xa2]<[0xba]D>[0xa8][0xb][0x4]u)[0x9]G$[0x82]n]1[0xc0][0xbe][0xd4][0xc1][0x84]^W[0xa4][0x19]![0xcd];[0x10][0xd9]+[0x4]M[0xb3][0x16]e&Z[0xc2][0xae][0xf4]B[0xba]H[0xd8][0x92]^3[0xef]FH[0xf3][0xf][0xa4][0x95]my[0x89])[0x99][0xa0][0xf1][0xe8][0xa4][0xfc][0x9c]|[0xac][0x7]%[0x98][0xd3]o[0xfb][0x9][0xe8]L|h[0xb2]![0xb5][0xa9][0x9a][0x94][0x98]QZ[0x94][0x98][\r]ZW[0x90][0x9b][0x98][0x8e][0xb5][0x9b]`j[0x2][0x1a][0xc][0xa2]K[0xfa]G:@[0xf][0xeb][0x12]M[0xe8][0xc9][0x9a][0xb8][0xee][0xf8]2[0xb7][0x0][0xed][0x8b][0xa5][0x8f]K[0x11][\r]k[0xac]5[\n]"
17:11:38.617 [main] DEBUG org.apache.http.wire -  << "[0xe8][0x16][0x3]3Kl[0xdd]D[0xb][0x3][0xd0][0xa9]Y[0xf4]p[0xa4]1[0xd2][0x1]m[0xa4][0xe5]I#[0x13]l[0xb5][0xa0][0x9][0xdd][0x96][0xc4][0x1b][0x83][0x8a]-h[0x8a][0xc6]Y[0xb][0xa6][0x16][0x14]%[0x82][0xcf]M[0xc4][0xdc][0x16]anL[0xaf][0xa1]]c[0xa4][0xc9][0x8][0xac][0xed][0xfe]$[0xd0]F[0xf7]D[0xf0]Q[0xef][0xd0][0xfa][0x1a]c[0xac][0xc3][0xd0][0x1c]t[0xb0][0x13]}R[0x4]b2[0x2]k[0xb2][0xcd][0x5][0xd5]%[0xd9][0x89]9[0x89]%[0xa5][0x5][0xf9]y[0xf9][0xd8][0x17][0xa3][0x99][0x99][0xd1]k[0xe1][0xe][0xf8][0x9e]0h:[0xc0]sf[0x14]l[0x13]G6h1Ir[0x99][0x1e]J3[0x93]~w[0xb1][0x18][0x83][0x82][0x5][0xea]Z[0xdc][0x9d][0x13][0xc8][0x14]ZVb*[0xe8][0x80][0x1d][0xac][0xc3][0xfc][0xa6]f[0xf4][0xda][0xdb]l[0x8c]t[0xd6] [0x8e][0xb5]/[0xe0]I[0xec][0xa4][0xc4][0xbc][0xe4][0xc4]"[0xd0][0x1c][\n]"
17:11:38.617 [main] DEBUG org.apache.http.wire -  << "[0xda][0xb1][0xb0][0xa6][0x16][0xf4]K[0xba][0x88]a:b[0xa6]+s[0x12][0x8b]s[0xf3][0xf3][0xf2][0xc1][0x8b][0x1d]p[\r]&[0x19][0xd2][0xab]b3[0x6][0xcd][0xf7]CS[0x6][0x91]{[0x3][0xc1];[0xb5]+[0x13]K2[0xa1][0xe7][0x8b]AV[0xfb][0xe5][0x17][0xa1][0x8c]$[0x99][0x99][0x98][0x1a][0xd3]g[0x83] x[0xc7][0x0][0xd4][0x7][0xb8][0x97]([0x96]$[0x16][0x97]g[0x16]Ao+[0x0]5[0xf9][0x91]g[0x8]M-@[0xc3][0xc2]t)[0xe6][0x90][0xc6][0xcd]I[0x9d][0xbd][0xca]NIL*[0xcd][0xce]N[0x5][0xb9]>/[0xb5][0x4]%[0xb8][0xcd][0xcd][0xe9]5Lc[0xc][\n]"
17:11:38.617 [main] DEBUG org.apache.http.wire -  << "*hp[0xe3]X[0x10][0x1];[0xda]/+173[0x7]4[0xa8][0x84]Q[0xaf][0x98][0x1a][0x81][0xaa]Q[0xfa][0x4]8"s[0xe2][0x9b][0xc3][0xca][0x83][0x9e][0xc4][0x84][0xad]]dj[0xc][0x1a][0x9a][0xa2][0x8b]kA[0xf3] [0xd0][0xc0]%[0xb5][0xbd][0x9c][0x9c]XT[0x9a]d[0x81][0xa3]aG[0xaf][0xb1]ic[0xa4]#AI^}[0x2]^[0xc7][0x81]<UTP2p[0x87]}[0x1b]#M[0xc]`_o[0x0][[0xf5]lf[0x80][0xad]IjJ[0xb7][0xfb][0x93][0x8c]A[0xdb]H[0xa0][0x89][0x6][0xe7]ht[0x16]r[0xb8]b[0xad][0xdb][0xcd][0xe8]v/[0xa7]1[0xa8][0xf][\r]u0R[0xd7][0x96][0xc8]s[0xb2]aM*l[0x81]n[0x8]n6[0xd0]'[0xa7]"[0xda][0xab][0xb8][0xf]*([0x87],[0x9b])[0xc9][0xcc]M*[0xcd][0x81]6[0xb2][0xd1][0x97][0x90][0x9a][0x1a][0xd2][0xad][0xe8][0x6][0x8d][0x85]C[0xc3][0x9d][0x94][0xe1]^H=[0xf][0xb9][0x88][0x6]T[0x9c][0xa3][0x8c][0x96][0x99][0xd2]m[0x17][0x13]x[0x83]6[0xd4][0xf9]D[0x9e][0xe9][0xc]?[0xb1][0x15]t[0xaf]r[0x1e][0xd6]1[0x4]C[0xba][0x1d][0xd7]c[0x8c]4kDr[0xd9][0x98]Z[0x96][0x8][0xaa]VA=[0x1f],[0x93][0x8f][0xc6][0x16][0xf4]:[0x8e][0xc1][0x18]i6[0x89][0xc8][0x9e];[0xfc][0xc0][0xa4][0xc4][0xac]T[0xd0][0x95]K)z([0xeb]YL[0x8c][0xe9][0xb5][0x2][0x19]\[0x8d][0xc3][0x12][0x10][0xae][0x8b][0x13]A][0xf7][0xc4][0xf2]D<[0xa7][0x98][0x9b][0x9b][0x82][0xae][0x8b][0xa4]K![0x83]4[0xa7]D[0xcc][0x94][0x18][0xe8][0x6][0xa0][0xc4]<[0xfc]{[0xf9],@[0x1d]+[0xfa]8[0x1e]1[0xb9]D[0xdc][0xf9]u[0xc5][0xf9]9[0xa9][0x19][0xb0]][0xd9][0xa0][0x82][0x6]mG[0xb6][0x99][0x9][0xbd][0x8e]h0F:[0x11][0x9a][0xd0]]y[0x90][\r]}&&8F$L@;|[0xe8][0x13][0xde][0x88][0xd5]Z[0xa4][0xb6][0x1d]K[0xb]@[0x93][0xed][0x5]%8vRZXX[0x9a][0xd3][0xa9]3[0x7][0xba]\[0x10][0x9a]E[0xb1][0x8e][0xb3]f'&[0x97][0xe6][0xa5][0x83]w[0x80][0xe2]>[0x9c][0xc6][0x8c]^[0xe7][0xdc][0x81][0xaf]$[0x85]:[0x97][0xe4][0x96]L!b[0xd9]\[0x1][0xd6][0xc3]([0x8c],A;[0x1e][0xe9][0x93]v[0x10][0x83][0xc6][0xd8][0xb7][0x95][0x83][0xe][0x9a]/*[0xc9][0x87].[0xd9]A[0xdf][0xcb]eb[0x1]*[0xa9][0xe8][0xe3]R[0xc4][0xe1][0x3][0x84]rfE[0x6]h[0xcc][0xb0]$[0x13][0xd4]aF[0xee][0xee][[0x18][0xd1]/9#z[0x9f]XG5[0xab]r[0x13]Ks[0xc0][0x13][0xa6][0x18]w[0x90][0x18][0x9b][0xd2][0xad][0xe4][0x0][0xed][0xcb][0x84][0xa6]b"[0x1b]V[0xe5][0xa0][0x15][0x0][0x89]y[0xc5][0x99]%[0xf9][0xb9][0x5][0xa5]9[0xd8]z[0xcd]ff[0xa0][0xc9][0x1f][0xba][0xa4][0x9][0xd0][0x86]<[0xa8][0xfb]qv[0x80]2[0x12][0x8b][0xf3][0x12][0xc1]'[0xb2][0xe1][0xb8]n[0x0]|[0xee][0x11]=[0x9c]k[0x84][0xb4][0xa5][0x4][0xe7][0xa9]}E[0xa9]U[0x89][0x6]&[0xa0]J[0x10][0xfd][0xf0]83Sz[0xb5][0xf5][0x8c][0x90][0xee]3"rl[0xb0][0x0][0xcf]u[0x1f]&[0xe0][0xc3][0xdd][0xe8][0x13][0xc2][0x88]l[0x87]o[0xd0]'[0x3]<[0xb7][0xe]jW[0x83]n[0xa2][0xc0][0xd6][0xa1]42[0xa0][0xdb]@[0x15]h[0xe9].4[0x11]c[0x1f]o[0x0][0xdd][0x10][0x95]Y[0x92]X[0x99]Z\[0x8c][0xf5][0xa2]9#K[0xd0]y[0x1b][0xf4][0x8]_c[0x3]D[0xd3][0xe][0xcf][0xea][0xdf][0xf4][0xc4][0xa2][0xc4][0xbc][0xf4][0xe2][0xd4][0x12][0xc8][0xa1][[0xd8]G[0x1d][0xe8][0xb6]4[0x15]|A44[0x80]I9[0xc6][0xa3][0xa2][0xa0][0xb4](/[0x11]t1[0x17][0xb6]R[0xce][0xd4][0x10]t[0xb0]%][0x2][0x1d]4%[0x0]u?[0xf6]:[0xba][0xb0][0xaa]4'13[0x1b][0xb6][0xfa][0x6][0xa5][0x97]ef[0x6][0x9a][0xc1][0xa6][0x8f];[0x11][0xfb][0x1b]p/bO[0x4][0x1d][0xf0]RT[0x90]X[0x9a][0x97][0x8e]-[0xdf][0x99][[0xd0][0xad][0xa9][0xf][0x1a]}[0x81][0x6]+[0xa1][0x6][0x5]4[0x7]B'p[0xb0]7[0xf8][\r][0xcd]Ac[0xb8][0xf4][0x9]h[0xc4][0x10][0x14][0x9e])H[0xd0][0x1][0xaa][0xa0][0x93]j[0x13][0x8b]A{[0xfb][0xb0][0x5][0xb6][0xb1][0x1][0xdd]Zo[0xa0][0xdd][0xbb][0xd0][0xc0]&y[0x8][0xa4][0xc][0xf5]x[0x9][0x8c]I[0x5]#3[0xd0][0xb8]"]B[0x1e]4[0x9c][0xe][0xf5][0x6][0xf6][0xac][0x8]>[0x9a]&)[0x13][0xb4][0xbc][0x10][0xba][0x7][0x2][0xc7][0x2]U#sz[0xed][0xe6]1[0x6][0x1d]g[0x6]u41[0xd3][0x94]e[0xd0]#[0x1e]A[0x9b] [0xd0][0xf6][0xa7][0x99]Z[0x80][0xce][0xda][0xa3]KH[0x83][0xe]y[0x82]9Z[0xc1][0xd4][0xdc][0xd2]T[0xc1][0xd5][0xc7][0xf][0xe3][0xa8][0x89][0xc4][0xbc][0xc4][0xe2]R[0xd0][0x91]@y[0x99][0xd8][\n]"
17:11:38.617 [main] DEBUG org.apache.http.wire -  << "i3c[0xd0]Y[0xfa][0xf4]q/[0xa2]f$[0xb5][0x13][0x9e][0x98][0x9b]ih[\n]"
17:11:38.617 [main] DEBUG org.apache.http.wire -  << "[0x1d]$F[0xd9][0x94]md[0x2]Z'H[0x1f][0xe7]#[0xca]n|g[0xa0][0x17]%f$V[0x96][0xa6]%f[0x82][0x16]1c[0x19][0x8f]43[0xa3][[0xdf][0x5]d[0x11]4[0x81] [0xf5][0xc0][0x89]8[0x16][0x1]4L[0x96][0x9][0xda][0xc][0x9f]X[0x84][0xad]P4[0xb1][0xa0][[0x85][0x9][0xda][0xf0][0xeb][0x7][0x0][0x0][0x0][0xff][0xff]"
17:11:38.617 [main] DEBUG org.apache.http.wire -  << "[\r][\n]"
17:11:38.625 [main] DEBUG org.apache.http.wire -  << "5FE[\r][\n]"
17:11:38.625 [main] DEBUG org.apache.http.wire -  << "J[0xcc]MU[0xb2]R[0xc2][0xd9][0x1f]HK,J[0xcc][0xb0]4[0xc6]^[0xe7][0x98][0x80][0xd7][0xfa][0xd0]'[0x81] [0xba][0xdf]$n[0xdb]([0xca]I[0xac]*M,J[0xc1][0xda]v55[0xa2][0xd7][0x8d][0xc3][0xc6]H[0xe7][0xfe][0x11]S[0xc][0xe6][0x96][0x16][0x83][0xce] [0x7][0x95][0x82][0xc8]c[0x8][0xc6][0xe6][0xa0][0x93][0xb5][0xe9][0x12][0xe4]H[0xd7]e[0x13][0xda][0xa1][0x4][0xea]5[0x9a][0x1b]bO$[0x86]&[0xf4][0xda][0xb7]f[0xc]:[0xeb][0x0][0x9a][0xa0]IL$[0xa0][0xbe]X~^~Ibq^f.[0xf6][0xa2][0x1c]T[0x8d][0xd1]'[0xdc][0x11][0x9b]1I][0xaa]Q[0x8e]g[0xfa][0xc0][0xcc][0x9c]^[0xd7][0x94][0x19][0x83][0xaa][\r]h<[0x10][0x93][0xd4][0xc1][0xb][0xaa]2s[0xb0]_<l[0x2][0xee]?[0xd1]'[0xe0][0x11]e[0xc][0xae][0xa5]_E[0x89][0x95][0xf9][0xe9][0xf9]x[0xce][0x1d]66[0x6][0x9d]$O[0x1f][0xe7]"[0x6][0x1b][0xf0][0xd5][0x99][0xa0]C\+[0x13]A[0xfb][0xdc][0x12][0x8b][0xb1][0xe7]P[0x13]K[0xd0][0xe4][0x1a]][0xdc][0x8c][0xb4][0xb8][0x1c][0xdf][0x0]I[0x1][0xd2]IX[0xe0]+/[0xb1][0x1c][0x9d]gjF[0xb7][0xde][0x3]h@[0x11][0x9a][0x9e][0x9][0x95][0x84][0xd9][0x89][0xc5][0xa0];ZJ2[0x12]s[0x8b]2[0xf3][0xa0][0xad]*[0xf4][0xa1]4[0x13]3[0xba]%[0x12]b[0xce][[0x84]nJJK,[0xca]L[0xc1]zb[0xa8][0x85]![0xbd]N[0xa7]6[0x6][0xcd]<@[0x83][0x9a][0xd4][0xc2][0xf]<[0x8d]g[0x81][0xf5][0xc][0x19][0xb]S[0xd0][0xaa][0x1a][0xfa][0xa4]p[0xc4]l[0x18]R[0xbb][0x90][0xb8]5&[0xd9][0x89][0x95][0xa5]y[0xd0]z[0x1f]K[0xeb][0xd6][0xd8][0x82]n[0xf3]KHC[0xc5]X[0xa7][0xc3][0x8a][0xa0][0x7]*[0x83][0x16][0xc0][0xa2][0xdd][0xe3]ifF[0xb7][0x9a][0x12][0xd4]R[0x86]&[0x16]<[0xc3][0x81][0xe0][0xc3][0xdf][0x8a][0x12][0xcb]3A[0xdb]SJJK[0xb0]6[0x4]-[0xc0]+[0xc8][0xe8][0x93]B[0x10]s^[0xf8][0xca][0xed][0x2][0xd0][0x89][0xca][0xe0][0xdb][\r][0xb1][0x9c]\`ndL[0xa7]{0[0x8c][0x91][0x6][0xe3][0x3]KA[0x17]|U*[0xe4]&[0xe6]%[0xa6][0xa7][0x16]at[0x87][0xd3]A[0xd3][0xb9][0xd0]Y%[0x94]{[0xe0],[0xe8][0x98]&[0x10][0xb5]"[0xee]Q@[0xe8]m[0xae][0x5][0x89]y)[0xa5][0xd8][0xeb]DC[0x3]P[0xa1]O[0x8f][0xf4]`[0x82][0xb4]'[0x5]_[0x9d][0x98][0x9f][0x93]Y[0x96][0x8][0x9e][0x80].[0xc2][0x9e][0x84][0x8d][0xe9][0xb6][0x9][0xc1][0x4]i[0xce][0x80]P[0x85][0x98][0x98]Y\[0x99][0x98]a[0x8][0xbe][0xf1][0x17]}[0x9][0x9a][0x89]![0xe8][0x92][0x15][0xfa][0x4]2b|[0x84][0x98][0x15]-[0xa5][0xb9][0x89]E[0x5][0xa9]E[0xe0][0x91][0xcb][0xd2][0x14][0xd4][0xfd][0xfe][0xa6][0xe0][0x8b]4[0xe8][0xe3]j[0xc4][0xb0][0x8][0xa9][0xb5]a[0x1][0xa8][0xcb][0xb][0xeb][0xe]`[0xa9]LL[0xcc][0xe9]u[0x5][0x97][0x9][0xd2][0x86] [0x92][0xab][0xc4][0x8a][0xc4][0xbc][0xc4][0xbc]D[0xc4][0xad]@X[0xca]BC[0xba][0x9d][0xef]kb[0x80]4[0xf2][0x9d][0x9a][0x9f][0x93][0x9f][0x9e]Y\[0xa2][0xa3]P[0x9e][0x9a][0x93]S[0x9c]Y[0x92][0x8a]Q[0x1e]&[0xe6][0xe4][0x82].b.[0x86]n[0xb9]@[0xef][0xcb][0x9b][0x9b][0xd0]k[0xe0][0xd8][0x4]t[0xe][0xb][0xe1][0x9a][0xb2]([0xb3]*;[0x13]W?[0xde][0xcc][0x9c]~[0x99][0x15]QC[0x12][0xaa]rr[0x13][0xf3]R[0xc0][0x7][0xc8][0xa7]$[0xe6][0x95]f[0xc1][0xa6][0xa0][0x90]GL,[0x8c][0xe8][0xb5]l[0xce][0x4][0xb4][0xc4][\r][0x1a][0xca][0x84][0xa6]t[0xc0][0x5]9[0xf8]<[0x3]h[0x1f][0x1]K[0xf][0xc7][0xd8][0xc2][0x90]N{YL@GeA]NL[0xf1][0x8][0xda][0xa9][0x5]k[0x1]b+[[0x8c][0xe9][0xb5][0x9][0x7][0xbc][0x11][0x17][0xea]pB5Q~vI>[0xcc][0xd1]X[0xe7][0x84]M[\r]@[0xb][0x95][0xe9]R[0xb0][0x83]"[0x16][0xea]l[0xac][0xed][0xeb]J[0xd0][0xd9][0x9e][0x90][0xf5][0xcf][0xd8]F[0xa3][0x8c][0xe8]W[0x5][0x81][0x6][0xef][0xa0].%r-[0x6][0xe8][0xb4][0xbb][0xd4][0xf2]Dssl[0xab]H[0x8c]LAK[0x1c][0xe9][0x13][0xc6][0x14][0x8c][0xa3][0x15]%[0xe6]&[0xa6]$[0x82]O[0xe8][0xc0][0xd8][0xf2]d[0x9][0xaa][0xcf][0xe8][0xe3][0x3]D9H[0xe4][0x9a]g[0xe8][0x91][0xd1][0x89][0xe9]y[0xa9][0xc5]X[0x13][0x8e]9h&[0x94].[0x8e][0x7][0xf5][0xb8][0xa1][0x9][0x87][0x98]A[0xc0]|[0xe8][0x9e][0x5][0xec][0xcd]q[0xb][0xba][0xdd][0xde]m[0x82][0xb4][0xab][0x85][0xd4][0x99]4[0xe8]F[0xb9]dP[0xe6]M[0x1]_[0xd2][0x8b][0xd6]765[0x5][0x99]N[0x9f][0xe0]G[0x8c]C[0xe0][0xde]'R[0x92][0x9a]^[\n]"
17:11:38.625 [main] DEBUG org.apache.http.wire -  << "[0x1a][0x19][0x4][0x9d]x[0xc][0xcd][0xad][0x88]3'[0xcc][0xcc]@=[0x13][0xfa]8[0x16][0xd1][0xae][0xc2]Z[0x1c][0x82][0x7]F[0xc][0xc][0xa1]U%[0xca]$[0xa5][0x89][0x9]hk#}\I~[0x81][0x2][0x1a][0x16],J[0xcc]3[0xc0][0xba]e[0xcb][0xc8][0x8][0xb4]M[0x9a]>^@[0x94](86Q[0x82][0xae][0xc8]*JLO4[0xc3]z[0xf2][0x8b][0x99][0x1][0xa8]>[0xa0][0x8f]S[0x11][0xa3][0xf1]8[0xf]<[0xc8][0x0][0x1f]U[0x9a][0x98][0x92][0x91][0x99]X[0x94][0x95][0x8]J[0xc1]y[0xa9]%[0x88][0x14]laA?[0xd7]"[0x86][0x1d][0x88][0xbc]z[0x13]|e]qbQbzf[0x6]4aci[0x3][0x9a][0xd2]mw[0x9c][0x9]h[0xb3])[0xb4][0xc0]&[0xd8][0xea][0x86][0x96]t[0xd8][0xb]k3[0x13][0x13]:[0x9d][0x92]n[0x2][0x9a][0x2][0x80][0xba][0x19][0xc7][0x94]M^bRfN[0xa2][0x9][0xd6][0xd4]ld[\n]"
17:11:38.625 [main] DEBUG org.apache.http.wire -  << "[0xda]TL[0x97][0xd4][0xc][0xba][0x3][0x16][0xea]P[0x92][0x17] e[0xe6][0xa6][0xa6]'[0xe6][0x95][0x80][0xee][0xa2][0xc6][0xda]n[0xb5][0xb0][0x0][0x1d][0x91]E[0x1f]o [0x6]$[0xb0]/[0x16]-[0x6]/u[0xc6][0x9e].L[0xe9][0xb6]7[0x1f]|[0xc5][0xb]4[0xb8][0xf1][0x8d][0xa9][0x81][0x1d][0xb][0xbe]=[0x1]k[0xc0][0x1a][0x81][0xcf]0[0xa4]O[0xc0]"j@[0xdc][0x7]e[0x14][0x83][0xce][0xb4]-[0xce]/N[0xcc]N[0x4][0xed]-@[[0x1d]E[0xbf][0xb][0xf6]L@[0xf3][0x10][0xd0][0xe0][0xc5]Q[0x8d][0x80][\n]"
17:11:38.625 [main] DEBUG org.apache.http.wire -  << "[0xb6][0xc][0xb]#[0xec][0x9][0xc1][0xdc][0x12][0xb4][0x90][0x97]>[0xe1][0x8a][0xa8][0xf0]HY|[0xb][0xbe][0xfe][0xcf][0x10][0xeb]a[0xc7][0xa6]t[[0xd1]j[0x2][0x1a][0xe3][0x87][0x6]31Mh[0xf0]<z6[0xe8][0xf0][0x3]p[0xf2][0xc0]\[0xa8]H[0xb7][0xa3]IL@W[0xff]@]N[0xa8].[0xc9]N,[0x2]m[0x90][0x80]\[0xf9][0x6]J[0xd6]([0xcd];33[0xd0]-[0xcb]tI*H[0xbb]QHm[0xf8][0xa7][0x17]'[0xa6][0xa6][0x95][0xe6][0xe4]`[0xbf][0xf9][0xd2][0xd4][0x0]4[0xb]K[0x1f]? nb[0xc1]^>[0xa7]d&[0xe6]%[0x9a][0x18]A[0x1b][0x1c](;[0xaa]M[0xe8][0xd7][0xb1][0x5]uB[0xa1][0xc9][0x3]iD[0x98][0x88][0xc5]s[0xd0][0x89][0x9b][0xaa][0xc4][0x8c]"p[0x1a]G?6[0xd6][0xd0][0x84]^[0xcb][0xe2]M@[0xe7]iA[0xfd][0x80]o[0x1a][0xf]:[0xf6][0x9b][0x7]>G*/[0x13][0xd4]FE_[0xe]`J[0xb7];[0xd6]M[0x90][0xe].%[0xe1]8E[0xd0][0xf1]5[0x99][0xd9][0x89]i[0x99]E[0xa0]vH~Q>[0xb6][0x85][0x8b][0x16][0xf4]kL[0x81][0x9a][0x97][0xd0][0xa0]'r\[0xa4][0x0]r [0x2]4[0xd9][0xa3][0xed][0xef]5[0xb7][0xa0][0xdb][0x8]1h[0xb5]![0xd4][0xe5][0xa4]TG[0xd0][0x15][0x1a][0x86][0x16][0xd8][0xeb]SCs[0xd0][0xc4][0x4]][\n]"
17:11:38.625 [main] DEBUG org.apache.http.wire -  << "[0x18][0xd0]B[0x10][0xa8][0x7]HH@[0x19][0x89][0xa0][0xe3][0x14]3 [0xa7][0xc9][0x82][0x8e]#[0xab]D9E[0xc8][0xc2][0x98][0xfc][0xbd][0xb][0x0][0x0][0x0][0x0][0xff][0xff]"
17:11:38.625 [main] DEBUG org.apache.http.wire -  << "[\r][\n]"
17:11:38.625 [main] DEBUG org.apache.http.wire -  << "821[\r][\n]"
17:11:38.625 [main] DEBUG org.apache.http.wire -  << "rA[0xb9][0x8b]%-[0xbf]H!=173/][0xa1][0xa0][0xb4][0xa8] [0xbf]8[0x15][0xf5][0x88]Vp[0xb][0x14][0xea]~B[0xe3][0xc5]9[0xa0][0xab][0x95][0xc]M[0xb1][\r][0xa3][0x19][0x1b][0x82]r?}[0x2][0x1c]1[0x8e][0x83][0xaf][0x98][0xc9][0x87][0x1c][0xa2][0x6]Z[0x8f][0x81][0xb2][0xff][0xc6][0xd0][0xc2][0xd2][0x92]>[[0xa8][0xc1]WcA[0x83][0x16][0xe7]n[0xc8][0xf2][0xcc][0xa2][0x94]D[0xd8]^=,sy[0xe6][0xc6][0xf4]:[0xc3][0xd9][0x4]t~1[0xd4][0xb9][0xc4]Ly[0xa4]$[0x16][0xe5]&fe[0x82][0xe7]mp[0xee][0x0]7[0xb3][0x4][0x99]J[0x97]t[0x1][0x9a][0x8c][0x83]:[0x1f][0xe7][0xe2][0xed][0xdc][0xc4][0xbc][0xe2][0xd2]"H[0xae][0xc3][0xbc][0xb6][0xd3][0xd8][0x84]^[0xd7]v[0x82][0xcf][0x9e][0x84]:[0x16][0xf7]Qiy[0x89]E[0x5][0x89]%[0x99][0xd9][0xa0][0xcd][0xd3][0xd8][0xb]j#[0xf0][0x91]C[0xf4][0x8]^c[0xa4][0x8a][0x92][0xc8]*&)1[0xbd][0x12]tMjJbN"h[0xa6][0x17]e$[0xca][0xc4][0x98]n[0xdb]m[0x90]*G"'l`g[[0xe6]$[0xe6]e%[0x16][0x81]Z([0xe8][0xb]5[0x8c][0x8d][0xe9]uk[0x80]1R[\r][0x89]3]'%f[0x97]d[0x96][0x96]'f[0x16]C[0xd3][0x9][0x96][0x81]3[0xfa][0xdd][0x10]f[0x8c]t[0x96]:[0x91]i[0x5]Z[0x1f][0x96]e[0xe6][0xe5][0x83]Jl[0xf4][0x6][0xa1][0xb9][0x19][0xdd][0x16][0xf9][0x83][0x8e][0xfc][0x87][0xe6]L<K[0xe8][0xd2]3[0xa0][0xed]'[0xac][0xc3]$[0x16][0x16][0xa0][0x13][0x86][0xe8][0x93]-[0x11][0xc3][0xac][0xb8][0x87]I2[0x12][0x8b]@[0xb7]BeB[0x86][0xfe][0xb0][0xd5][0xdf][0xa6][0x96][0xa0][0xf3]>[0xe8][0xe2]b[0xd0][0xe]0h[0x0]#uu[0x88][[0xf][\n]"
17:11:38.625 [main] DEBUG org.apache.http.wire -  << "[0xea][0xed][0x98][0xe2][0x18]C[0xb1][0xb0]04[0xa3]O[0xc5]n[0xc]:B[0x1a][0xea][0x5]"[0xc7][0xb6][0x93][0xa1]W[0xa5]`M.f[0xc6][0xf4]ZZg[0x8c][0xd4]Z%4[0xc][0x1][0xb9][0xf6][0xb3]81'1[0x3]|[0xd5]N)[0xda]qQ[0x16][0x86][0xa0][0xa3][0xe8][0xe9][0x93]d[0x10][0x83][0xac][0xf8][0x6]/[0xab][\n]"
17:11:38.625 [main] DEBUG org.apache.http.wire -  << "[0xa0][0x97]z[0x80][0x8a][0x10][0xb4][0x89]F[0xb]K[0xd0][0xae]m[0xfa][0xb8][0x16][0xd1]@[0xc5]1[0x16][0x8][0xde][0xf1][0x6]?[0x8d][0xb]{[0x17][0xc6][0x84]n[0x1d]wc[0xd0][0x15][0xae][0xd0][0xe4][0x8c]c[0xce] [\r]tg1[0xf8][0x1e]n,MT3[0x3][0xba][0xed][0xa3][0x1]5&[0xa1].%[0xa1][0xb3][0x5][0x9b][0xc1][0x3]m[0xc0]..[0x7][0xcd][0x1a][0x94][0xa6][0xe8][0xa1][0x1d][0x93]kaF[0xaf].[0xaf][0xb1])b[0x4][0x96][0xc8][0xf6][0x8]t[0xb2]4[0x3][0xb4][0x82]11[0xf][0xb4]|[0x14][0x94][0xc2][0xb1][0xd4][0xf1][0xc6][0xe0][0x93]B[0xe8][0x93][0xca][0x11][0xb3][0x91]D[0x1e]U[0x3][0xba]J[0x11][0xbe][0x95][0x19][0xbc][0x89][0x5][0xa5]Eha[0x8][0xda]_G[0x1f][0xb7]#*M[0x9c]M[0xaa][0xf4][0xc4]\[0xd0][0xb6][0xf1][0xec][0xd2][0xa2]<[0xc8][0xa9][0x19]XR[0xbe][0x89]!h[0x16][0x8b].N[0x6][0x8d][0xe2]AS>[0x91]UN[0x9][0xe8]v[0xd3][0xfc]J[0x1c][0x7][0xb4][0x1b][0x82]g[0x84][0xe8][0xe3]t[0xc4][0x10],[0x9e][0xd3][0x11][0xf2]s[0xd2][0x13]a[0x8d][0xaa][0x2][0xcc][0xcb]+-LAc[0xff][0xf4]q/be[0xb4]OfJe"[0xc6][0x98][\n]"
17:11:38.625 [main] DEBUG org.apache.http.wire -  << "h[0xaf]rI[0xa2][0xb9][0x11][0xa8]c[0x80]r[0x8e][0xbc][0xb1]1[0xbd][0x86][0x9d][0xc0][0x9b][0xea][0xa0][0xe9][0x1][0xfb][0xc1][0x7][0xd9][0xa9][0xb9][0x89]9[0xf0]c7A[0xfd]/[0xe4]5[0xa0]f[0x96]t[0xeb][0xea][0x82][0xee][0xfc][0x85][0xba][0x14][0xfb][0xc9][[0xa8][0x87][0xa5][0xa0]Lv[0x18][0x99][0x83][0xb6]d[0xd3]'[0xd6][0x11][0xf3][0x8d]8*A[0xd0][0x19][E[0xa5][0xc5]9[0xa0]-[0x1f][0xd8]w[0x85][0x19][0x83][0xfc]J[0x1f][0xd7]"V[0xde][0xe0][0xc9]Sy[0xa5][0xe9]E[0xf9][0x19][0xf9][0x19][0x99]9)8[0xe][0x14]4[0xa1][0xdf][0xa9]?[0xa0]i+h:[0xc0][0xd3]S[0x81]uU@y[0xb]e[0xc7][0x8c][0xb9]%[0xdd][0x6][0xc]@7(C]J[0xa8][0x91][0x9c]X\[0x9e][0x98][0x97]if[0x8e][0xbd][\r]gaJ[0xaf]k[0xa1][0x8c]A[0x16]A[0xdd]Ld[0x97];[0xb1][0xb4]([0xbf]([0x11]z[0x92][0xe]v[0xf7][0x9b][0x19][0x80]:ktI[0xd0][0xe6][0x88]F[0x11][0x9e][0x9b][0xc2][0xf2][0x11]M[0xb8][0x82][0x12][0xf4]&[0x9c][0x99][0x5]h[0x92][0x95].[0xae][0xb5]0[0x80][0x1f][0x14]A[0xea][0xcc]hRjNN[0xa2][0x81][0x11][0xa8][0x1][0x87]>[0xca]aL[0xbf]s[0xc3]@[0x7][0x94]A[0x93][0xb][0xa1][0x85][0xf9][0xf0][0xad]&[0x19][0xa9][0xc5]%[0xe0][[0xb0][0xd1]f[0x8b][0xc][0xe9]w[0xb2][0xaa][0x5][0xa2]j&[0xe5][0xdc][0xec][0x14][0xf0][0xf8]G&[0xfc]D[[0xcc][0xb4]cb[0xe]*[0x9e][0xe8][0x93]v[0x10][0xdd]C<)[0xbd]*5'[0xb1]2[0x11][0xfb][0xe6]]C[0xf0][0xd9][0xcf][0xf4]p[0xac][0x9][0xe8][0x1e]*h:![0xee][0xe8][0xe0]d[0xd0]N[0x88][0xcc][0xe2]R[0xd0][0xca][0x1c][0xac]G[0x0]Y[0x18][0x80]:qtq<[0xd2][0x8d]*[0xf8][0x86][\r]@[0xab][0x93][0xf3][0xf3][0xf2]S@c[0xd5][0x99][0xd9][0xa0][0x5][0x17]h[0x9][0xdc][0xc8][0x82]^[0x1b]xM[0x90][0xce]@[0xc3][0xda]X[0x2]-fI[0xc9][0xcc][0xcb]M[0xac][0x4][0xef][0xf1][0xc1]6[0xed]l[0x2][0xbe]0[0x81]>[0x1][0x8c][0xe8][0x3][0xe2]^R[0x9d][0x95][0x9f][0x9d][0x8f]r[0xc0].[0xfa][0xfe][0x1][0x13][0xba][0x9d][0xa3]i[0x2][0x1a][0xa8][0x80]&g[0x1c][0xab]A@[0xb7][0xcf][0x17]%f[0x98][0x19][0x81]Z[0xcc]Xz[0xd8][0x86]F[0xa0]!4[0xba][0x84].h[\n]"
17:11:38.625 [main] DEBUG org.apache.http.wire -  << "[0x18][0xea]X[0xa4][0x81]R"[0xd6][0x84][0x14]e[0xa6][0x94]'[0xe6]A[R8[0xfa][0xe6]t+[0xb4]M([0xb9][0x89]$[0x5][0xb4][0xdb]1[0xbd][0x8]tZ[0x7][0xf8][0xe0]G[0xac][0xe3][0xa7]F[0x86]t[=[0x87]4[0xb3]Ad7[0x1c]t[0xcb][0x1f][0xec]x[0x14]l;[0xc3][0xc]@[0xa3]otIOH3[0x1b]x*[0x1e][0xc8][0xed][0x12][0xc5][0x99][0x19][0xf9]%[0x89]y[0xe9][0xa0][0xd2][0x10]=[0xbf][0x9a][0x1a][0x80]f[0xd4][0xe8][0xe3]d[0xa4][0x81][0x1a][0x5]S3cK[0x85]p[0xf][0x8c][0xfe]8[0xa8]P[0xcc]I[0xc4];RcN[0xb7][0x3]FL@Mfh[0xb6][\r]HLM[0xc9]L,)[0xca]LV[0xc8]+-*[0xc6][0xdc][0xf][0x9b][0x9a][0x5][0xbe]L[0x2]|[0xe8]-[0xe6][0x15][0x85][0x16][0x86]t[0xdb][0x91][0x8c]4[0xa3][0x81]}8[0x1]r[0xbd][b^zzQbf[0x1e][0xf8]$o[0xb4]Z[0xd2][0x8c]nww[0x99] [0x8d][0xa0]b[0x1f][0xa1])B[0xc]|`[0x19][0xb6]35[0x3]m[0xd7][0xa7]K[0x2][0x6][0x9d][0x10][\r]M[0xc]X[0xeb]s[0xd0][0xb6][0xfa][0xdc][0xc4]<[0xd0]J[0xc9][0xbc]tl[0x13]s[0x16][0x6][0xa0][0xa8][0xa1][0x8f][[0x91]2[0x1b][0xa1][0x84][0x9b][0x96][0x97][0x98][0x95][0xb][0x9e][0x16][0xc2]R[0xa6][0x99][0x1b][0xd1]m[0xb7]+[0xd2][0xb0]([0xee]A[0x85]2[0xd8][0xc1][0x5][0x5]%zhK[0xc4][0x8d][0xe9]v6[0xba][0x89][0x19]b[0x18][0x14]_k[0x14][0xb2]E[0xde][0x4]~[0xfe]d[\n]"
17:11:38.625 [main] DEBUG org.apache.http.wire -  << "b[0xf7][0x8e][0xb1][0x19]h[0xd7]:][0xd2][0x2]h[0xba][0x1d][0x9a]nI[0xde][0x9d]Q\Z[0x9e]X[0x94][0x97]_[0x9c][0x8]Z/[0x86][0xfd][0xae]tSz[0xf5][0xb6]L@[0xe7]JA=B[0xcc][0x8a][0xf1][0xdc][0xc4][0xbc][0xf4][0xd2][0xbc][0xe2][0xfc][0xbc]t[0xc8][0xf0][0x8][0xb6],ilN[0xaf]CWM@[0xe3][0x89]P[0xd7][0xe3][0xdc][0xf2][0x5][0x1d][0xc1])H[0x4][0xad][0xce][0x3][0xd5][0xd7][0xa9])[0xa5][0x88]4cjJ[0xb7][0xf6]*h[0xa1][0x1a][0xd4][0xb1][0xb8][0xd7]4[0xe5]&[0x16]%[0x95][0xe6]A[0x8f][0xe2][0xc5][0xd1]656[0xa5][0xd7]ED&HgPb[0xdd]g[0x89]tY[Yb^j1[0xec]<[0x5],=[0x3][0x13]#PaO[0x97][0xdc][0x89]t[0xac]#[0xce]dQ[0x94][0x98]Y[0x9c]h[0x6][0xbe][0xb8][0x0]uH[0x9d]nkSL,[0x10][0x83][0xd4]$[0x17]"[0xe9][0x89][0xc5]%[0x99][0xc5][0x99]y[0xa0][0xb][0xc7][0xb1]6[0xfa]M[0xcd][0xe9][0xb5][0xdc][0x3]|[0xe8]/4a[0xe3][0x98][0x1a](OL[0x6]uT[0xc0];[0xeb][0xb0][0xf5][0xc9][0x8d][0xcc]@[0xab][0x13][0xe9][0x93]6[0x10]}r[0xac]-[0x8e][0x12][0xd8][0xb6]r[0xcc][0xca][0xd0][0xd0][0x12][0xb4][\r][0x81].[0xae][0x4][0xed][0xff][0x80][0x6])[0xf6][0x8e]x>[0xa8]X[0xcb][0xcd][0x4]w[0xfa][\n]"
17:11:38.625 [main] DEBUG org.apache.http.wire -  << "0f[0xeb][\r][0xcd],[0xe8][0xb4][0x88][0xd7][0x14][0xe9]`[\n]"
17:11:38.625 [main] DEBUG org.apache.http.wire -  << "RO[0x1c][0x82][0x8c]z[0x94][0x80]f5[0xb1][0xde]xga[0xe][0xda]aC[0x8f][0xf0][0x6][0xef][0xb2][0x87][0x86]7[0xa1])[0x8d][0xa4][0xc4][0xec]LB[0xb7]"[0xd3][0xd1][0xe1][0x88]i9[0xdc]CL[0x90][0xae][0x1f]duD[0x9][0x8e]J[0xc5][0xd4][0x92]^'[\r][0x98][0x82][0xe]M[0x81][0x6]61m[0xe][0xd8][0xb1]v[0xa0][0xc5]m[0xa0]ez[0xf9][0x90][0xb9]/[0x94][\r][0x1][0x86]t[0xdb][0xd4]o[\n]"
17:11:38.625 [main] DEBUG org.apache.http.wire -  << "Z[0xba][0x8]u=[0x8e][0xd2][0xae][0x14][0xff][0xc9][0x81][0xa6][0xe0][0xdd][0x90][0xf4]I[0xd6][0x88].[0xb][0xf6]nk[0x11][0xa4]d[0xc6]V&[0xd3][0xef][0xf8]&S[0xa4][0x8d][0xe4]xF^[\n]"
17:11:38.625 [main] DEBUG org.apache.http.wire -  << "a[0x9][0x1][0xba][0x86][0x17]ei[0x81][0x91][0x11][0xa8][0xd2][0xa7]C[0xa0][0x9a][0x9b][0x83][0xd6][0xb4]@[0x13][0xc0][0xcd][0xd6][0x1b][0xeb]ov[0xdd][0xd8][0xa8]pc[0xc5][0xcd][0xb6][0x9b][0xcd][0x18]#/[0x95][0x19][0x89][0xb9][0xf9]y[0xe][0x99]iE[0x89]y[0xc9][0xa9]z([0x13][0xb6][0xa6][0xe0]z[0x93]..[0x6]-[0xdd][0x82][0xba][0xf8]M[0xcb][0x9c]7s[0x96]`849[0x1d]tv]f[0x9e]CY~fN[0xa2]^[0x1a][0xe8][0xa8][0xc6][0x80][0xa2][0xcc][0xe4]T%+cS:[0xf5][0xb0][0xcd][0xcd][0x91][0x86][0x86][0x9c][0x13][0x8b][0xf2]s2[0xf3]0[0x87][0x84]2Js[0x13]3[0x8b][0x12]-[0xb1][0x1e][0xdb]jlL[0xa7][0x8d][0xed][0xe6][0xe6][0xa0].<4Lo[0xac][0xbf][0xb1][0xe4]f[0xc7][0x8d][0x15][0x18][0xa1][0x9a]^^P[0x9e]R[0x99][0xea][0x90]Q[0x9e]X[0x95][0x87][0x1a][0xfb][0xc6][0xe0][0x9b][0x1b][0xe9][0x12][0xfb][0xa6][0x88][0x9][0xb5] 7_]s[0x3]Cc[0xc][0x97][0x82][0xf7][0xb5]Cf[0x1]1[0xba]Hf[0x86][0x14][0x8d]g[0x2][0x0][0x0][0x0][0xff][0xff]"
17:11:38.625 [main] DEBUG org.apache.http.wire -  << "[\r][\n]"
17:11:38.625 [main] DEBUG org.apache.http.wire -  << "30F[\r][\n]"
17:11:38.625 [main] DEBUG org.apache.http.wire -  << "J.[0xca],([0xc9][0xcc][0xcf]S[0xb2]R"[0xb0][0xd9][0xca][0xdc][0x1c]4[0xd6][0xb][0xb][0xd4][0xe5]7[0x1b]o[0xac][0xba][0xd9]|c[0xf9][0x8d][0x8d][0x18][0xce]M[0xcf][0xcc]-N[0xcd][0xcf]K[0xcf][0xca][0xcc]s[0xc8]K,A[0xcb]Y[0xe6]tL[0x5][0x88]&|[0x11]h[0xc0][0xbb][0x14][0xe4][0xd3][0xcc][0xaa]T[0x85][0xd2][0xa4][0xcc][0xc2][0xd2][0xcc][0x92][0xfc][0xd2]b[0x85][0x82][0x9c][0xc4][0x92][0xb4][0xfc][0xa2][0xdc]b[0xc]od[0x81][0xfc]P\[0x9a]g`[0xe6]PY[0x8a][0x9a]>[0xcc][\r]Ag[0xd5][0xd2]%} [\r][0xbc][0xbc]Y[0xbc][0xe7][0xcd][0xc2][\r]ofO[0xc0]pjRifqq~^bNj[0x5]h[0xad]k[0xaa]CRbQ~[0x1e]JAaaJ[0xa7][0x9d]c[0xe6][0xe0]+[\r][0xa0][0xe9][0xc4][0xdc][0xd8][0xd1][0xf]3=[0xa7][0x97]f[0xe6][0xe4]$[0x96][0xe6][0xa6][0x9a][0x9b];d%&[0x17][0x96][0xa6][0x96][0xa0][0x86][0xaf][0x91][0x19][0x9d]VN[0x99][0x9b]#[\r][0xb1][0x4][0xf9][0x19]*[0x98][0x98][0x19][0x19]a[0x4]ojRjrvj[0x11][0xb6][0xe2][0xd7][0xc]4[0xe7]I[0x9f][0x84][0x80](([0xdc]J[0x8b]J2R[0x8b][0x14]RSJ[0x93][0x13]AiZ!'5[0xb9][0xa4][0xb4][0x8][0xcb][0x19][0xbe]Iy[0x95][0xba]E[0x95])[0x85][0x89]y%[0xe][0x89]I[0xe5][0xa8][0xc1]lj[0x9]Z,D[0x1f][0xd7]#Z[0xc2]>[0xa5]%[0x19]i[0x99][0x18][0x81][0xc][0x9e]&+14[0xc5][0xd2]~45[0x6]5J[0xe9][0xe3]ND[0x91][0xe1][0x1c][0xaa]`fih[0xa6][0x10][0x18][0x89][0xe1][0xd6][0x2][0xc8][0xc5][0x1][0x86]X[0xcf]24[0x2][0x1d][0xbf]H[0x1f][0xd7]"[0xd6][0x1d][0xe1]h:T[0x80][0xae]+/O[0xcd][0xcf][0xab][0x4][0xcd]~d[0xe6][0xea][0xa1][0x9c][0x11]`f[0x1][0x1a][0xa3][0xa3][0x8b]S[0x91]n`[0xc2][0x99][0xcf][0x8a]p[0xdc]neaB[0xa7][0x13][0xb5][0xcc][0xc1][0x83][0xa3][0xd0][0xb2]+[0xdc][0xc9]][0xd7][0xd8][0xd8][0x12][[0xe4][0x97]$[0xe6]&&[0xa7]&[0xa7][0x16]@[0x1b][0xbb](K[0xc1][0x8d][0x8c][0xe9]4[0xd0]mn[0x8e]tk[0x11][0xce][0xc6][0x3][0xf8]H[0xd5][0x9c][0xc4][0xf2][0xcc][0xe2][0xbc]RP[0xeb]!)[0xb3][\n]"
17:11:38.625 [main] DEBUG org.apache.http.wire -  << "[0xb5]sfF[0xa7][0x9d]0[0xe6][0xe0][0xe5][0xb0][0xd0][0xc0]%[0xa3]>[0xae][0x4][0xb5][0xd2]--[0xb1]/[0xf6]31[0xa6][0xdb][0xc2][0x1c][0xa4][[0xdb][0x88][UTU[0x9a][0x3]>[0x15]%3/#[0x11]r[0x8e] [0xfa][0xda]9#[0x3]z[0xad][0xf]7[0x1]-[0x6][0x82][0xc6][0x1][0x8e][0xe]2[0xa8][0xa0][0x0]O[0x93][0x16][0x80][0xe][0xd7][0xc7][0xdc]hljjaB[0x9f][0xad]j&f[0x88][0x1e]2[0x9e][0xae]g^iQJ&h[0xec]!3;17)1[0x7][0xfb][0xca]-C[0xd0][0x1e]`:[0x14]uf&HE[0x1d][0xbe][0xb9][0xb2]d[0xa4][0xe1]yh9[0x82]~[0xfe][0x89][0xa9])[0xdd][0xce]l[0x4][0xb5][0x4][0xa0][0xe9][0x2][0xe7]v[0xff][0xca][0xe2][0xcc][0xdc][0xa4][0xfc][0x9c][0xfc]<l[0x13]Kf[0x6][0xa0]U[0xb0][0xf4][0x9]`[0xc4]BJB[0xa7]>[0xe4][0xa6][0xe6]d[0xe6][0xa5]$Z[0xc0]f$Q:[0xf9]&[0x16][0xa0][0xfb]I[0xe8][0xe3]d[0xc4]&@[0xdc][0x93][0x1e][0x90]D[0x9c][0x98][0x9d]XT[0xc][0xba]v[0xa1]4E[0xf][0xe3][0xd0]'3#:[0xf5][0xf7][0xcd][0xc0]K[0xac]`)[0xc2]C[0xc1][0xdc][0xc4][0xc2]H![0xc2][0xc7][0x19][0xa3]:[0xcc]N[0x4][0x8d]Re[0x97][0x16][0x97][0xe6][0xe6]C[0x93]1[0xca][0x94][0x8d][0xa1][0x1][0xdd]&[0x1c][0x91][0x96][0x91][0xe3][0xd9]WPYZ\[0x9a][0x86][0xfd] [0x10]C[0xf0][0xf0][0x11]}[0x12][0x4][0xa2][0xa1]I[0xe4][0xe][0xb4][0xb4][0xcc][0x92]"[0xd0].[0xc6][0xbc][0xfc][0xb2][0xcc][0x12][0xc8][0x2]J[0xcc][0xc2][0xd9][0xcc][0x8c][0xbc][0xad][0xfd][0x0][0x0][0x0][0x0][0xff][0xff]"
17:11:38.625 [main] DEBUG org.apache.http.wire -  << "[\r][\n]"
17:11:38.625 [main] DEBUG org.apache.http.wire -  << "382[\r][\n]"
17:11:38.625 [main] DEBUG org.apache.http.wire -  << "J[0xc7][0x88][0xd7]4Bg[0xaf][0x80][0xb2];4}`[0x1f][0xbe][0xcc][0x6][0x1d][0xe6]nj[0x2]M[0x14]([\r]O[0x13]K[0xd0][0x95]4[0xf4][0x9]h[0xc4][0x94][0x12][0x91][0x1][\r]Z>[0x96][0x9b][0x94][0x99][0x97]^[0x96][0x99]W[0x9c][0x9a][0x87][0xbd][0xc1]al[0xe]Z[0x19]H[0x17][0x1f] [0xad][0xd7]'[0xf1][0x1e][0xbc]l[0xd0]`\[0x99]9[0xec][0xa4]][0xb4][0xe5]#[0x86][0x96]F[0xf4]:[0xd8][0x13]i[0xc5]>[0xf6]5O[0xc9][0xf9]Ey[0xa9]9[0x99][0x89]&&X[0xeb][0x16]SP7[0x9d]>[0x81][0x8d][0xa8][p[0xee][0xae],M[0xce][0xc8],ID4;p[0xa4][0x10][0xf0][0x2][0x8][0xfa]8[0x1a]Q[0xbb][0x10][0xd7]$[0x5]][0xaf][0x80][0xd8]P[0x0][0xde][0xce][0x8a][0x92]?[0xcd]--[0xcd][0xe9][0xd4][0xc6][0x3]5&[0xa1][0xc5][0x8][0x89][0xb][0x85][0xf3][0x8b]s[0x13][0xf3]r[0x12]3s [0x85]!hJ83[0x7][0xa5]ocl[0x9]2[0x9d]>Q[0x80]h[0xaa]b/[\r]sA[0x3][0xb8][0xe0][0xf3]p[0xb0][0xdf]]jB[0xbf]cv[0x91][0xae][0xed][0xc3][0xd9][0x18][0x1]][\n]"
17:11:38.625 [main] DEBUG org.apache.http.wire -  << "[0x95][0x81][0xd2]B-[0xd1]K[0xcf]G[0x9]]s[0xb][0x13]C:%[0x12][0xd0][0x11][0x13][0x98][0x89][0x84][0xb8]c7rKs[0xb]J[0xf3]2M[0xb1][0xce]I[0x98][0x18][0xd3][0xed][0xbc]qP[[0x13][0xea][0x7][0xac][0xab]u[0xf2]A[0xf5][0xe]x[0xd9]2[0xd6]%#&[0x86][0xa0]{8[0xe9][0x92][0x96]A{[0x15][0xa1].%u[0xd5][0x0][0xf8]@[0xad][0xa2][0x92]L[0xd8][0xf9][0x88][0xa0][0x16]Jf[0xe]bE[0x97][0x89][0x11](*[0xe9][0xe3][0xb][0xc4][0x90]#[0xb1][0x9b][\n]"
17:11:38.625 [main] DEBUG org.apache.http.wire -  << "[0x8b]J@G[0xf2][0x9a][0x18][0x83][0xc6]I[0xd0][0x8e]X01[0x4][0xcd][0xd1][0xc7][0xe1][0x88][0xa6]![0xce][0xae]XAQbvbqb9h@[0x1]Gr[0xa1][0xdb]a[0xe9][0xa0][0xaa][0x2][0x9a]\Hl[0x9f][0x94]d[0x16][0x81][0xce][0xc1][0xce]J,[0xc1][0xb1][0xc3][0xd7][0xd4][0x8c]n[0xdd][0x1d][0xa4][0x8b][0xf1][0x8]u*[0x8b][0x13][0xb]J[0xf2][0xf3][0xf2][0xd3][0x13]sJ[0x8b][0xa0][0xad][,K[0xea][0xcc]M@-d[0xfa][0xa4][0x18]D[0xe5][0x83][0xb3][0xd1][0x2]_[0xa8]][0x94][0x98][0x92]Y[0x2]J[0xe1][0xe8][0x87][0xcc][0x18][0xd2]k[0x7]*xT[0x3][0x9a]b[0x88]l[0x93][0xa7][0x83]OL[0x87]L[0x84]f`q[0xbc][0xa1]![0xbd]V[0x99][0x82][0x96][0xdf]C[0x1d][0xef][0x92][0x9f][0x92][0x8f][0xd1]q[0x82]8[0x15][0xb6]![0xf][0xcb][\n]"
17:11:38.626 [main] DEBUG org.apache.http.wire -  << "~[0x13]K[0xd0]bSz$[0xc]S[0xd0][0xd6]"[0xa8][Ik\e'[0x16][0x81]V[0xe4][0x82].[0xd2][0x6][0xef][0xef][0xc0]Z[0xc6][0x98][0x9b][0xd3][0xab]075@[0xb4]p[0xb1]/[0xb9][0xab][0x0]95[0x1f]t[0x0][0x1b][0xb8]5[0x8b][0xb2][0xfc][0xc4][0xc4][0x2]t[0xb1][0x0]}[0x2][0x1c]1KG[0xcc]1[0x94][0xc5]9[0x89][0xb9][0xa9]%[0xa0][0xa5]3[0xb8]n252[0x5]u[0xff][0xe8][0xe3]vD[0x85]I[0xf2][0x8a][0xd7][0xa2][0xc4][0x8c][0xcc][0xdc][0xc4][0x8c][0x94][0xc4][0x1c][0xd0][0xf2];[0xec][0x1d]"[0xba][0xcd][0xfc][0x9b][0x81][0xcf][0x85][0x80][0xa6]{[0x12][0xab][0xa4][0xf4][0xc4][0x9c][0xcc][0xc][0xb][0x13][0xd0][0x6]J[0x94][0x1e][0x91][0x89]![0x9d][0xa6][0xa4][0xcd]LA[0x93]]P[0xc7][0xe3][0x19][0xc6][0xca]I,[0xce][0xcd][0xcf][0xcb][0xcf](-I,H[0x5][0x9f][0x9e][0x8d][0xd6][0xbd]75[0xa5][0xdb][0x2]M[0xa4][0x9b][0xf2]p[0xd6]?[0xa9][0xb9][0x99]9[0xa0]+[0xd0][0x8a]qT[0xf5]&f[0xf4][0x9a][0x3]1E[0xda][0x17]NL&[0xcd]I[0xcc]M,*-NL[0x1][0x87]2[0xca][0x6][0x5]cC#:[0xf5][0x93]M[0x91][0xf6][0x83]c/[0x1][0xb3][0x13][0xd3]K[0x8b]K2[0xf3][0xc0][0xae]D[0xab][0xdb][0x8d][0xe9]v[0xc1][0xb0])h[0xf2][0x1b][0x9a]zAkn[0xca]R[0x15]R*[0xf3][0x12]s3[0x93][0x15][0x8a]+[0x8b]KR[0xb1],[0xb4][0xa9][0xc0][0xdf][0xf1]15[0x0][0xed][0x93][0xa2]K[0x9][0x8]:e[0xf][0xea]v<[0xc7]g[0xe6]%[0x16]Wf[0xa6]$f[0x80][0xce][0xc2][0xc0]^[0xd2][0xd1]o[0xf][0x88])h[0xfd][0x9][0xd4][0xc9]$[0x96]t[0xd9][0xc5][0x99]E[0xa9][0xe9][0x89]E[0xd8][0x96][0x97][0x9a][0x9b][0xd2][0xab][0xed]j[\n]"
17:11:38.626 [main] DEBUG org.apache.http.wire -  << "[0xea][0xa6]@=[0x80][0xfb][0x86][0xe7]T[0xf0][0xa4]$[0xe4]([0xb3][0xe4]2[0xcc]i[0x11]#S[0xd0]:)[0xfa][0xa4][0x11]D[0xef][0x8c][0xa4]3[0xdf][0x13]A[0xb7]"
17:11:38.626 [main] DEBUG org.apache.http.wire -  << "[\r][\n]"
17:11:38.626 [main] DEBUG org.apache.http.wire -  << "5E7[\r][\n]"
17:11:38.626 [main] DEBUG org.apache.http.wire -  << "[0xb2][0x81]Na[0xca]-([0xcd][0xc1]6[0xc8]iaF[0xaf][0xe1]XS[0xd0][0x98][0x7]4[0xcc][0x9][0xf5]u[0xb2][0x13]s[0x13]s[0xc][\r]A[0xab]r[0xd0]g[0xad]M[0xcd][0xe9][0xd6][0x8e][0x5]][0xec][0x4]u0[0x9e][0x8c][0x9]9[0x8b]+#[0x11]e[0xd8][\n]"
17:11:38.626 [main] DEBUG org.apache.http.wire -  << "[0xdc][0x1c]D9D[0xdd][0xcc][0x14][0xd4]c[0xa5]ObAt[0xcc]Hkg%&%[0xe6][0xe4][0x95][0x82][0xe7][0xe1][0xb1][0x97]1[0xe6][0x86][0xa0][0xd9]q[0xba][0xf8][0x2][0xe9],[0x7]"[0xcf]|[0x84][0x9e][0xdd]U[0x92][0x98][0x8b]cI[0x8f][0x89]%[0xbd]v[0xf6][0x99][0x82][0xe6]i[0xa0]i[0x7][0xf7].[0xdb]r[0xd0][0xd1][0x19]%[0x89]%[0x89]E[0x99][0x19][0xf9]E[0x89]8&}[0x8c][0x8c][0xe9][0x17][0xe6][0x88]y[0x8][0xe2][0x86][0xf4]A[0x7][0xc1][0x80]F[0xaf][0x8c]q[0xac][0x90]17[0x2]-[0xe4][0xa7]OzAt[0x82][0xb0][0xf6][0x90][0x93]3[0xf3]J[0x12][0xcd][0xcc]@e[\n]"
17:11:38.626 [main] DEBUG org.apache.http.wire -  << "[0xf2][0xb1]~[0xc6]t[0xbb]g[0xd8][0x14][0xd4]j[0x83][0xa6][0x9]"[0xc7][0x6][0xc1]gw%[0x9a][0x99]c+[0xb9][0xcd][0xcc][0xe9]Vr[0x83]:[0xb2]P[0x87][0x13][0xda][\n]"
17:11:38.626 [main] DEBUG org.apache.http.wire -  << "[0x95][0x7][0xda]RT[0x9c]Z[0x2][0xa9]5[0xb1][0x8c]C[0x18][0x1a][0x82][0x86][0xa4][0xe9][0x92]"[0x90]ve[0xb8][0xa4][0x16]g[0xa6][0xe7][0xa5][0x16][0xe9](d[0xe6][0x95][0xa4][0x16]e[0xe6][0x17][0xe9][0x17][0x83].[\n]"
17:11:38.626 [main] DEBUG org.apache.http.wire -  << "H[0x4][0x8d][0x12][0xa3][0xae]H[0xaf]J[0xcd]IIL/[0xcd]K,*[0xc9][0xc7][0x16][0xee]&[0x96][0xa0][0xae][0x12]}<[0x80][0x18] t[0xe4]XFj^JQ[0xa6][0xb9][0x19][0xf6]b[0x9b]~gW[0x9a][0x82]V[0x2]@[0xd3][\n]"
17:11:38.626 [main] DEBUG org.apache.http.wire -  << "qE[0x8][0xe4][0xf4][0x14][0xd8][0xa5][0xda]XR[0x8c][0x85][0x9][0xbd]v[0x82][0x9a][0x82]Nt[0x87]:[0x1e][0xf7][0xd6][0xb9][0xbc][0xc4][0xa4][0xc4][0xa4][0xc4][0xbc]\[0xd0][0xe1]W[0xd8][0x83][0xdb][0x9c]n[0x17]n[0x9a]"[0xdd][0xa2]Gd[0xc7][0x7]:%[0x98][0x92][0x98][0x92]X[0x80][0xad][0x15]ndJ[0xaf]C[0x85]MA[0x7][0xaa]B[0x83][0x9b][0xe8][0x2][0xb1][0xa8][0xb8]4%[0x13][0xbe]$[0xc][0xfb][0x8][0xa1])h'[0xe]}r([0xc9][0xeb]<J@[0xab][0x5][0xc1]w7[0x80]j"[0x94][0xd1][0x1e]S[0x13][0xba][0x8d][0xba][0x81][0x6][0xdd][0xa1]![0x8f]o[0xb5]`Vb^j[0x89][0x91][0x5][0xe8][0xe4]E[0xe4]:[0x93]~G[0xa0][0x82]G[0x93][0xa0][0xe]%[0xb2][0x15][0x98][0x2]*[0xb8][0xf3][0xc0][0xf3][0x9a][0xe0][0xf5]4[0xd8][0xd2][0xb8][0xb1][0x11]h[0xf0][0x88].)[0x4]4[[\r][0xf5][0x0][0x89]]e[0xd0][0xb0]fnf[0x1e]hWwf[0x9][0xd6][0xd3]sM-@}*[0xfa]x[0x3][0xd1]2$T[0x15]AO1[0x1][0xf5]:[0x8b]Ja[0xb7][0xab][0xa0][0xdf][0x6]cjL[0xb7][0xf1][0x15][0xd0]5[[0xd0][0x18] [0xae]F[0x82][0x1d]~[0xf][0x1b]r[0x1][\r][0xcb][0xa2][\r]m[0x19][0xd1][0xed][0x18]sS[0xd0][\n]"
17:11:38.626 [main] DEBUG org.apache.http.wire -  << "b[0xa8][0xf3]Ih[0xc5]@[0x87][0xc6]!C[0xfd] [0xf][0xa0][0xaf][0xc0][0xb7]0[0xa0][0xd7][0xea]&S[0xd0]^A[0xa8][0xf]p[0xae][0xfc]([0x7][0xdd][0xd8]df[0x89][0xad][0xc1]ea[0xe]*[0xad][0xe8][0x93][0xca][0x11][0xc3],DVH[0xe0][0xe9]XcsP[0x9][0x89][0xb2][0xca][0xd7][0x82]nk[0x99]L[0x91][0xe][0xd8]#f[0xef]|*h[0xe2]'[0xb5][0xa4]2[0x1f][0x94]*Pf[0xac][0x8c]L@[0xc3]b[0xf4][0x9]h[0xa4]z[0x13][0xf7])u[0xb9][0xa5]9[0x95][0x89]y[0x99][0xc5][0x19][0x89]y[0x99]8[0x6][0xf0][0xcd],@[0x8d][0x8][0xfa][0xb8][0x19]1[0xac]B[0xca]I[0xba][0xb0][0x15][0xb4][0x6]f[0xa0][0x0]G[0xcf][0x86][0x86][0xc6][0xa0][0xc3][0x3][0xe8][0xe2]~[0xd0]R[0x12]h6$[0xb1]&*H[0xcc]K)[0xb5][0xc0]z[0x93][0xb1][0x11][0xdd]v8[0x80][0xf7][0x9c]C[0xdd]O[0xa8][\n]"
17:11:38.626 [main] DEBUG org.apache.http.wire -  << "*H-*[0xc9],[0xcf]L[0x7][0xad][0x5][0xc6]V[0xff][[0x98][0xd1]m0[0xe]4[0xe2][0x4]u5[0xae][0x19][0x94][0xbc][0xcc]D[0x13][0xf0]X'[0xc6][0xc2]{[0x13]s[0xd0][0xaa]([0xfa][0xa4][0xe]D_[0x93][0x84]j[0xa6]$[0xb3]$[0xd3][0xd2][0x8][0xb4]4[0x2]e[0xb0][0xd3][0x98]n[0xb7][0xd1][0x9a]"me'[0xb2][0x81][0x98]Z[\n]"
17:11:38.626 [main] DEBUG org.apache.http.wire -  << "[0x1e]![0xc4]6[0xa2]o[0x6]>[0xfc][0x8c]>[0xe1][0x8d][0x98][0xf7][0xc6][0xdd][0xd5][0xcc],[0xcf]L[0xca]/[0xc7]:[0xc]aa[0x8]*[0xf7][0xe9][0xe3]TD[0xad]HT[0x5][0x93]S[0x96][0x99][0x87][0xb8]W[\n]"
17:11:38.626 [main] DEBUG org.apache.http.wire -  << "<[0x14][0x8e]m[0xa5][0x92][0x19][0xdd][0x16][0xcf] [0x1d]~[0x89][0xeb]z)[0xd0][0xc2][0x13][0xb][0x3][0xec][0xdd]y#[0xba][0x1d][0xae][0x6]>[0xd6][0x19]ZZ[0x90]zJ>d[0xdf]@AQ"h[0x9f]([0xd6]B[0xcf][0x94]N[0xe7][0x7][0x98][0x81][0xc3][0xb][0xea][\r][0xd2]f @%v&[0xe8][0x16][0x1e]P[0xc9]][0x4][0xbe][0xe9][0x1a][0xb9][0xe3]iaF[0xa7]=[0xd9]f[0xa6][0xa0][0xee][0x9][0xd4][0xb]X[0x87][0x93]3[0x8b][0x8a][0x13]S[0x8c]q[0xa4][0x18]C[0x13]cc[0xfa],R[0x6]OA[0xc2][0xdc][0xa9]`hfl[0xae][0xe0][0xe6][0x87][0xb1]:,[0xa9] 1'[0xb1][0xb8][0xa4]([0x13][0xba]p[0x10]}M[0xb5]9[0xdd][0xc6]d[0x91]6[0xf][0xe3][0x9e][0x17][0xc9][0x7]-[0xd9]([0xc1]z[0x0][0x98][0xb1][0x5][0xdd][0x8a]=[0xa4][0x8d]][0xd8]k[0xee][0xfc][0xe2]Dp[0xe3][0xe][[0xa7][0xc5][0xd8][0x4]4E[0x97][0xe2][0x19][0xb4]D[0x8][0x9a][0x2]p[0xae][0xdc][0x5]-v[0x0][0x8f][0x86]d[0x16][0xe7]&f[0xe6][0x80]Z[0xa2][0xe8][0xdb]>[\r]M[0xe9][0xd6][0xd6][0x0]M[0xf3]C][0x8c][0xa3]<[0xce]K[0xcc]J[0xcc][0x85][0xde][0x17]Z[0x90][0xa2][0x87][0xba][0xb7][0xcf][0x98]n[0xfd]A[0xd0]a[0xd2]P[0x87][0x92]Z[0x1c][0xc3][0x8e][0xd1]J.[0xd3]C?[\r][0xdc][0xd8][0x1c][0xb4]3[0x89]>i[0x83][0xbc]>K[0xe][0xe8]h[0xc6][0xf4][0x82][0xa2][0xc4]<P[0xeb][0xa3][0x0]t[0x8d]%[0xca]&[0xc][0x13]s:[0x9d][0xeb]b[0x6]^[0x88][0x8][0x8d][0x2][0xac][0x87]3[0x82][0xc7][0xc7]`[0xa7][0x1e][0x82][0xdb][0x1a][0xe8]CM[0x16][0x16][0xa0]Ar[0xba][0x4]7(^[0xa1][0x8e]%[0xd4]EIK,J[0xcc][0xb0]0[0xc5]VQ[0x9b][0x82][0x8f][0x1][0xa5][0x8f][0x83][0x11][0xc3]zx[0xf6][0xba][0xa7][0xe4][0xa7][0xe4][0x1b][0xe3]8v[0x84]^{[0xc5][0xc1][0xb3][0x12][0xd0][0xb0][0xc5][0xdd]`.[0xcb][0xcc].[0xc9]/24[0xc6][0xd1][0x90]3[0xa0][0xd3]Y`f[0xa6][0xa0][0xa3][0xe7][0xa0][0xae][0xc5][0xbd][0xc0]([0x1f]r[0xb4]/h"[0x0]e[0x81][0x9f][0xb9][0x5]h=[0x1b]}[0x12][0x0][0xa2]m[0x8f][0xb3][0xf2][0xc8]N,[0xca]J4[0xb6][0xc0]V[0xcd][0x99][0xd3][0xed]^[0x1d]S[0xd0]F$h[0x88][0x12]Z>T[0x9c][0x99][0x9b][0x9f][0x97][0x97][0x98][0x99][0x97][0x9e][0x9e][0x9f][0x93][0x88][0xf5][0xe0][0x0][0xb]c[0xd0][0xc5]H[0xf4][0x9]b[0xc4]X[0x17][0xa9][0x95]HqibQIf^&[0xb8][0x99][0x91][0x98][0x7]n[0xf][0xa3][0x8f] [0x19][0x19][0x80]n[0xa9][0xa0][0x8f]O[0x10][0xb5][0x9]i[0xcd][0xfa][0xe2][0xc4][0x9c][0xf2][0xc4][0xbc][0xc4][0x92][0xe2][0xcc]"[0xd0]H)z[0x9]mbH[0xb7][0x85]tH[0xbb][0x10][0xb1]V'[0x5][0x99]E[0x89][0xe5]8W[0xe2][0x18][0xd1][0xad][0x7][0x5][0xda][0xe3][0x0]M[0xed][0x84]j[0x92][0x82][0xd2][0xe2][0x82][0xcc][0x92][0xc4][0xa2][0xd2][0x14][0xf0]Uc[0xc8][0xfd]%#K[0xd0][0xa0][0x1f]][0xd2][0x6][0xa8][0x7][0x1]u01[0xcb][0x9b][0xc1][0xab][0xe5][0x0][0x0][0x0][0x0][0xff][0xff]"
17:11:38.627 [main] DEBUG org.apache.http.wire -  << "[\r][\n]"
17:11:38.627 [main] DEBUG org.apache.http.wire -  << "C3D[\r][\n]"
17:11:38.627 [main] DEBUG org.apache.http.wire -  << "**MI[0x1][0x9d]O[0x3]:y[0xa2][0x4]|[0x8b]=[0xca]|[0xa8][0xa1][0x11][0xe8]P[0x13][0xfa][0xb8][0x1e][0xb1]x[0x8]O=X[0x89]g.[0xce][0xd8][0x88]~i[0x18]1t[0x84]s[0xe1]{JAiI[0x11][0xd6][0x1e][0x94][0x91]!hH[0x92]>[0xa1][0x8a][0xa8]\[0x88][0x19]8[0xca]+[0xce],J[0xcc],[0x81][0xf6]Q[0xb1][0xc][0x19][0x19][0x9b][0x81]V"[0xd1][0xc7][0xe9][0x88]C[0xce]ptQ`[0x17][0x8a][0x81][0xf3][0x1d][0xd6]u[0x8]F[0x96][0xf4]s.[0xa2][0x8e][0xc1][0xb3]T5%[0xb3] [0xd1][0x1c][0xd7][0x90][0x85]1[0xe8][0x2][0xb][0xfa][0x84]-[0xa2][0x1a][0xc1][0xb7][0xf8][0xa0]8[0x11][0x9c][0x86][0xb3] [0xb7]4`[0xf]a[0x13]z[0x9d][0xe8]a[0x6]j[0xe7]B[0xcb]7[0x12]gO@[0x13][0xe1][0xb9][0x5][0xa5]9Y[0xf9][0x19]8+[0x16]3[0xd0][0xe9][0xee][0xf4][0x8]|[0xf0]=>P[0xe0]nF[0x17]A[0xcf]a[0xc7][0xd6];[0xb1][0xb0][0xa4][0xd7][0x8d][0xcd]fH[0x1b][0x9]I[0x98][0x93][0x0]][0x9a]nn[0x81][0xa3][0x7]@[0xb7]K[0xad][0xcc][0x90]6[0xf][0x12][0xbc][0xd4][0xaa](3/[0xd3][0xd2][0x0][0xd4][0xf][0xc0][0x98][0x2]26[0xa1]WW[0xdb][0xcc][0x80][0xa8]J[0x10]<[0x19][0x98][0x93]Z[0xc]Z[0xb5][0x8c][0xad]K`a@[0xaf][0x19]M3PB[0x84][0xa6]e[0xac]c[0xb4]I[0x89][0x19][0xe0][0x8b]u[0x12]M[0xcd][0xb0][0xb9][0xd4][0xdc][0x82]~A[0x8b][0xa8][0x9][0x89]\X[0x0][0xcd][0x81][0x95][0xf9][0xe9]XkqS[0x3]zu[0x11][0xcd]@[0xcb]][0xa1][0xa1][0x8c][0xb3][0x8b][0x8]J[0xc][0xe5][0x89][0x19][0xa0]k[0xde][0xb1][0x85][0xb4][0xa9]![0xbd][0x8e][0xe3]2[0x3]-[0xec][0x82][0xba][0x16]k[0x3][0x1f]<[0xf9]W[0x9c][0x99][0x92]Y[0x8][0x1a][0x4]E[[0xd6]ca[0xc][0xda][0xf0]F[0x97]r[0x18]4<[0xc]u'[0x91][0xf3][0x96]i[0x89]E[0x99])[0x89][0xe0]{[0x80]R[0xa0][0xb7][0xc9][0xe5]"[0x9f]qA[0xaf][0x9d][0x8c]fH{[0x1b][0x88]L[0xcc][0xd0]Y)[0xf0][0xb6][0x1e]l[0xe9][0xc3][0xc2][0x80]^-}3#[0xc4][0x88][0x17][0x9]u[\n]"
17:11:38.627 [main] DEBUG org.apache.http.wire -  << "[0xf4][0xd2]rp[0x11][0x8d][0x96]f[0x8c][0xc]@[0x13][0x5][0xf4]I3[0x88][0x86]?[0x8e]c4s[0xa0][0x8b][0x93]AU[0x9][0xfa][0x0][0xbf][0xa9]1[0xbd][0x16]=[0x80]g[0xe9][0xa0][0x89][0x9b][0xc4][0xc6][0x12][0xa8][0x4])[0x1][\r]6a[0x1b]7[0xa7][0xdb][0xbe]W3[0xa4][0xad][0x1a]xvCg[0x83][0x16][0xad]A[0xf]![0xc4][0xda]>53[0xa7]W[0xf][0xc0][0xc]T[0xe9]B[0x83][0x1c]G[0xda][0xc8][0x86][0xaf][0x9a][0xc6][0xb2][0xc8][0xde][0x98]n[0xbd]B3#D[0xf3][0x9f][0xd0][0xd0]FqbjZiNNbF[0x12]h[0x9b]1h[0x99][0x9]F[0xfb][0xc8][0x90]n7'[0x9a][0x81][0xb6]2A[0x83][0xd8]E[0x1][0xd7]TkAiJV&d[0xe6]*[0xb5][0x8]r76[0xca]";s[0x3][0xd0]j[0x4][0xba][0x14][0x17][0xa0][0xb4][0x7]u/1C2[0xb9]E[0x90][0xa3]@Ae[0x7][0xda]9D[0xc6][0xc6]t[0xeb]g[0x81]&[0xce][0xa1][0x8e][0xc6]~h_[0x9][0xe2][0xc2]AP[\r][0x8e][0xbe]?[0xd4][0xc8][0x10][0xb4]9[0x99]>[0xe1][0x8b]h/[0x93]:[0xb0][[0x8a]g[0xbf][0x8b][0x91]%[0xbd][0xe6]7[0xcd]@[0x13]c[0xd0][0xc0]&[0xb2]&[0xaf],[0xcf]L[0xca],[0x6][0x1d]y[0x82][0xe5][0x16]SCc[0xd0]( ][0xc2][0x1e]iM1[0xce]1[0xb0]*[0xf8][0x2]n[0xac][0x85][0xb3][0xb1][0x1][0xe8][0xb6]=[0xfa][0xb8][0x16][0xd1][0xfc]'[0xb1]>[0xcc]E[0x9c][0xe3][0x8d][0xbd]Gk[0x2][0x9e]![0xa5][0x8f]/[0x10][0x83]L[0x4]g`[0x12][0x13]S[0x12]K[0xcc]plG[0xb3][0xa0][0xdb][0xb9][0xe9][0xe0][0x93][0xbc][0xa0])[0x1c]kw[0xa0][\n]"
17:11:38.627 [main] DEBUG org.apache.http.wire -  << "|[0xba][0x13][0xa8][0xc8]C[0x99][0x81][0xa3][0xdf][0xc2]K3[0xd0]h,[0xd4][0x85][0xc4][0xc][0x92][0x96]'[0x16][0xa5]$V&[0x1a][0x9b][0x83]jC[0xf4][0xc2][0xcf][0xd0][0x94]^[0xe3][0xfd]f[0xa0]-VPg[0x17][0xa5]f[0xe6][0x95][0xa5][0xe6][0x95]([0x94][0x94][0x16][0xe5][0xe9]f[0xa7]V*[0x14][0xe7][0xe7][0x94][0x82][0xae][0x8][0xc1][0xbc][0xdf]&1%[0x13]4[0x9b][0x8]+[0xfe][0xb0][0x14]"f[0xe6][0xa0]q[0x8][0xba]$h[0xa4][0xb5][0xa3][0xa4][0xcd]g[0xe5][0x80][0x86][0x15][0x90]rfr[0x19][0xea][0x15][0x17][0xe6][0xc6][0xa0][0xb6][0x2]}[0xfc][0x80][0xe8][0x13] [0xf9][0x81][0xb8]C*Agh[0xe7]%[0x82]F[0x85][0xa1]c[0xee](y[0xc0][0x82]^[0x17][0xa0][0x98][0x99][0x81][0x8e]t[0x80]&&[0xac][0x3]9[0xa9][0x90][0xbe]/[0xb6][0xae][0xa3][0x89]![0xdd][0x6]B@[0xdb]P[0xa1][0xae][0xc4]3I[0x4][0x1e][0x6]I[0xc9][0xcc][0xcb]*[0xcd][0xc5]yN[0xa2][0xb9]![0xbd]v-[0x80][0xef]4[0x82]:[0x1a][0xfb]*6[0xd0]piJ&[0xb8][0x18]L[0xc4]z[0xf5][0xb4][0xb1][0x5][0xbd][0x16][0xea][0x9a]![0xcd][0xf1][0x13][0x1c]3[0xcd][0x5]][0x12][\n]"
17:11:38.627 [main] DEBUG org.apache.http.wire -  << "[0xba],[0x2]K[0x19]baF[0xaf]=[0xac][0xe0]{L[0xa0][0xe1]Kd[0x13]*+1[0xaf]4[0xb1][0xa8] [0xb1][0xa4](393[0x11][0xd4][0x86]E_ ff[\n]"
17:11:38.627 [main] DEBUG org.apache.http.wire -  << "[0xba][0x18][0x81].[0xc5][0x7][0xe8]RX[0xa8][0xf3]q[0xe][0xee][0x81][0xf7]f[0xc1][0x17][0x83][0x81][0xd7]X[0xa1][0x14][0x14]F[0xf4][0x9b][0x11]@[0x9a][0xbe][0xc7]={[0x91][0x9a][0x93][0x93]Ylf[0x88][0xbd][0xbd]ddA[0xaf]KM[0xcd][0x90][0xe6][0xf0]q[0xaf]u[0xcd]L[0xce]H4[0x85][0x9d][0x95][0x8e][0xd1][0xbb]57[0xa3][0xd7][0xe]O[0xf0][0xc][0x14]4% U$[0xc5][0xc9][0x89]9[0x89]I9[0xa9]x[0xae][0xac]K/[0xad]L[0xcc][0xcc]K[0xcc][0x0][0xad][0xec]@I[0x17][0xe6][0xe6][0xa0][0xbb][0xc2][0xe9][0x92][0x8c]A[0xfd][0xe][0xa8][0xe3]q[0x8c]~$[0xa7][0xe6][0x16][0xe4][0x94][0xe6]e[0x83]o[0xfc][0x2][0xdf][0x91][0x8c][0xb5][0xdc][0x0]]7H[0x1f][0x17]#:[0x8f]H[0xc1]M\[0xbd][0x9d][0x96]Y[0x94][0x9b][0x98]W\[0x9]>[0xfe]0[0x17]T[0x82]$[0xa1][0xdd][0xaf]dd@[0xb7][0x6][0x8]hd[0x0][0x1a][0xf4][0xd8]+[0x18][0xe8][0x86]l3sl[0xb3][0x89][0xc6][0xa6][0xa0][0x9b]H[0xe9][0x13][0xe2]dw[0xc2][\n]"
17:11:38.627 [main] DEBUG org.apache.http.wire -  << "r[0x12][0xab]JA[0x7][0x9b]`k[0x80][0x98][0x9b][0xd2][0xad][0xbb][0xe][0x1a][0xbf][0x85][0x6][0xb5]/[0x9e][0xcb]Q@][0x4][0xd0][0xb9][0x98][0xa9][0xc5][0xe5][0x89]EX7[0x8e][0x1b][0x82][0xb7][\r][0xd0]'[0xd4][0x11][0x9d]F"[0xeb]G[0xe8][0x9]q[0xb0]k[0x95][0xb0]dSCS[0xd0][0x99]y[0xf4]q>b[0xb0][0x92][0x98][0xde]Y%h[0xbd]aJbVbej^:[0xb6][0xf4]ndF[0xaf][0x99]0s[0xa4]#[0x83]q[0xd7][0x95])[0xa0][0x82][0x4]t[0xa0]t[0x8a][0x1e][0xda]I[0x9e][0xe6][0xf4][0xba]>[0xd9][0xcc][0x1c]i[0xce][0x8e][0xd0][0xc0]BbVfnf[0x9e])[0x8e]E,f&[0xf4]jW[0x9b]#[0x1d][0xe7]I[0xe4][0xc1]+[0x19][0x89]I[0x99]I[0x99][0xc9][0x89][0xe9][0x89][0xd9][0xa0][0xbe];[0xfa][0xf4][0x8c][0x91]1[0xe8][0x8e]7z$js[0xd0]$'[0xb4][0x1c]!f`[0xb8]<[0xb1]8;[0xb3]$1'3[0xa5]2[0x11]T[0xc9]'[0xa3][0xde][0xc8]`H[0xb7]q4sPW[0xf][0xea]p[0xdc]-*[0xd8][0xfe]vSKP0[0xa3][0xec][0xca]74[0x1]M[0xff][0xd1]'[0x8c][0x11][0xf3][0x8c][0xa4][0xec][0x16][0xcf][0xce][0x0][0xcd])[0x95]db+;LL[0xe8]U[0xa9][0x9b][0x1b]"v[0x3][0x13]yVzFb1[0xe8][0xfe][0xb0][0x8c][0xd4],[0x1c];[0xf5][\r][0xcd]@[0xbb]i[0xe8][0x13][0xf6][0x88][0xb6][0x15][0xf6]9[0x84][0xf2]LP[0xaf][0x17]\O[0xe2][0xea]%[0xd0]kB[0xda][0x1c]t[0xe6][0x2]4M[0x13][0xec][0xf3][0xe6]@[0xef][0xd5][0xc4][0x96]:[0xcc][0xcc][0xe9][0xe7]d[0xc4][0xe2]H|[0xed][0x90][0x94][0xc4][0xa4][0xd2][0xec][0xec][0xd4][0xa4][0xc4][0xac][0xa2][0xc4][0xf4][0xcc]<P;[0x15]%7[0x9a][0x18][0xd2][0xe9]"X3sCD5Nti[0x9d][0x92]i[0x86]}{[0x8e][0x1][0xbd]:[0x9][0xe6]H[0x8b]D[0xf0][0xad][0x94]L[0xcd]M*[0xcd]00[0x5][0x95][0xcd]h[0x8b][0x13],[0xc][0xe8][0xb5]][0x12]|3[0x19]4[0x1d][0xe3]<[0xe5][0x5][0xd2][0xd8][0xc8]N[0xad][0x2][0x8d]{[0xa4][0xa0][0xde][0xb]m[0x1][0xbe]%[0x94][0x1e][0xe5][0x83])h[0xa5]+[0xd4][0xa9][0xc4][0x9d][0x8][0x94][0x99][0x92]h[0x89][0xa3][0xc9]a[0xe][0xae]M[0xe9][0xe3]l[0xa4]B95[0xaf]83?O[0xa1]89#57U[0x1]toR:[0x96][0x8b][0xb8]S[0x12]S2[0xf3][0x12][0xb]2KJ[0xb]JsJ[0xa1][0x83][0xbc]([0x9b])M[0x8c]A[0xeb][0x14][0xe9][0xe3]|D[0xa9][0x8c][0xbb][0xf2][0x6][0x9d],_[0x9c][0x9f]Y[0x2]:[0xf7][0x5]T`[0xa0]wlM[0xcd][0xe9][0xd5]_4E[0x1a][0x94][0xc6][0x99][0xa0][0x93]S[0xf3][0xd2][0xb3][0x13]s[0x90][0xa6][0x2][0xb0]tW[0x8c][0xcd]A[0x13][\r][0xf4][0x9]cD[0x1f][0x97][0x84][0xee]Jjnb[0x1e][0xa8][0xad][0x84]e[0xc9][0xbd][0xa9][0x1]h[0xd4][0x9b]>nG[0xd4]*D[0xf6][0x14][0x93][0xb][0x8a][0x12][0xc1][0xe7]c[0x94][0x82]v[0xa8][0x96]![0x16][0xc3][0x99]Z[0x80][0xb6][0x18][0xd3][0xc7][0xd5][0x88][0xfe]-[0x9e][0x95][0xf7][0xb9][0xb0]12[0xac]3[0xd1][0xa6][0xe0][0xd5][0xe5][0xf4]q.[0xa2]"[0xc4]~c\ZAiQyb^[0x9][0x8e]#[0x94][0xcd]L[0xe8]u[0xe5][0xb5])[0xa8]9[0x3]-[0xa5][0x9][0x9d]:[0x9b][\r]Yp[0x3]J[0xc3][0xe8][0x15][0xa0]%[0xbd][0x6]P[0xc1]c[0xf6]P[0xf7][0xe2]k[0x15]A[0x7][0xd2][0x8b][0x12]3[0x8b][0xc1][0x97]&[0xa0][0xf7][0x3][0x8d]-@c[0xf2]tI[0xc][0xa0][0xa1][0x8][0xa8][0x8b][0xb1][0xb7][0x93]3[0x93][0x8a][0x12][0xf3]2Mql[0xa7]5[0xa5][0xdb][0xee][0xb]S[0xd0][0xbe]][0xa8]Kq[0x8f]e$[0xe6][0xe6][0xe7][0xa5][0xc3]*[0x10],i[0xc1][0xd0][0x12][0xb4]j[0x84].![0xb][0xba][0x1][0x12][0xea]^[0x12]V[0x99][0x96][0x83][0xb6][0x1e][0x1a][0x9a]b[0xef][0x92][0x98][0x1b][0x81]z[0xbf]tq=h3[\n]"
17:11:38.627 [main] DEBUG org.apache.http.wire -  << "[0xd4][0xf5][0xd8][0x87]t[0xa1][0xab]LsRs[0x93]@[0xe3][0xfe][0xe0])![0x8c][0xb9][0xb][0xfa][0x1d]:l[0x86]4[0x18][0x83][0xbd]T[0xcb][0x0][0xdd],UZT[0x92][0x9]?[0x9a][0xba][0x0][0xd4][0xfc]D9[0xd4][0xc0][0xc2][0x8][0xb4][0xf6][0x8c][0x1e][0x1]l[0x86]4[0x0]C[0xea][0xca][0xb1][0xfc][0x9c][0xf4][0xc4][0xd2][0xe2][0xc4][0xdc][0xc4][0xc][0xec][0xc9][0xc4][0xc8][0xc]t[0xa7][0x1c]}|a[0xa8][0xa3][0x4]M&[0xb8]3ezyf[\n]"
17:11:38.627 [main] DEBUG org.apache.http.wire -  << "t=$[0xe][0x7][0x9b][0x98]Z[0xd2][0xe7][0xac][0x1c]3[0xd0][0xa8]1[0xd4][0xc1][0x4][0xbb][0xda])[0xa0][0x83][0x7]A[0xe3][0xe7]fF[0xa0][0xd5]Ah[0xd5][0x8a][0x9][0xfd][0xe6]W[0x90][0x86]b[0xf0][0xac]:(N[0x4][0xf5][0xb1]3[0xc0]%[0x8][0xb4][0x9d][0x8f][0xb2][0x97][0xd6][0xc2][0x10]d[0xe]}[0x92][0x5]1[0xed][0xfc]\[0xd0][0x5][0xba][0xd0][0xab]`[\n]"
17:11:38.627 [main] DEBUG org.apache.http.wire -  << "[0xc0][0xe5][0x7][0xca][0x1]rf[0xe0][0x93][0xb0][0xe8][0xe3]\[0xc4][0x2][0x1a][0xac]kO[0x92][0x13]s2[0x8b]K[0x12]-q[0xdc]p`dN[0xb7][0xf5][0xa6][0x86][0x88][0xc6]=[0x91][\r][0xe4][0xa4][0xe2][0xc4][0x9c][0xc4][0x8c][0xd2][0x14][0xd0][0xe0]K[0x8a][0x1e]Z[0x1a]6[0x5][0x1f][0xd3]E[0x9f]0F4[0xed][0xf1][0x8d]c[0xa4][0xc3][0x8f])[0xc2]^TX[0x18][0x82][0xfa]d[0xf4]q1[0xa2]Y[0x8f]u[0xdd]`[0x1][0xf4][0xb2][0x11]l3[0x82][0xa6][0xc6][0xf4]:Z[0xd7][0xc]i\[0x8b][0x98][0xfe]^~^~Yf[0x9][0xe4][0xe6][0xea][0xe4]2[0xd4][0xda][0xcf][0x2]4[0x87]N[0x97][0xb0]5B[0x14][0x10]D[0x14][0xc3]E[0xa0][O[0x8d][0xc][0xa0][0x85][0x1a][0xf2][0xe9][0x6][0xa6][0x16]t[0xab]9@kF[0xa0]5[0x7])[0xab][0x1d][0xc1][0xb7][0x9e]V&[0x82][0x8e][0xac]O,[0xc9][0x4][0x8d][0xcf]a[0xb6][0x92]LA[0xb]@[0xe9][0x12][0xee]H[0xf7]a[0xe0][0xcb][0x85]YH[0x89][0x4][0xcb]h[0x86][0x99][0x1][0xe8][0xc]7[0xfa]8[0x18]Q4[0x13][0xda])[0x2][0xbe][0xd4][0xd7][0xc0][0x18][0x9a]J[0xd0][0xf][0x18]1[0xa7][0xdb]=[0x8a]f[0xa0][0x9]HhJ[0xc1]z[0xe1]6[0xf2].[0xb][0xb4][0x19]Wc#[0xba]-[0xfb][0x2][0xed][0x15][0x84][0xbb][0xb2][0xa8][0x14][0xe3][0xc0][0xc0][0x9c][0xd4]|[0xb]K[0xd0][0xf8][0x1b][0xfa]I[0x81]&[0xf4]:$[0xce][0xc][0xb4][0xaa][0x2][0xea]DR[0xef][0x3][0xcf][0xcc]K[0xcc]ML[0xc7]1[0xf]e[0xc]n}[0xd3]%[0xfd][0x82][0xae][0xc2][0x84]z[0x81][0xc8]=[0x9e][0xa0][0xf3]t[0xf3][0xcc]-p$c[0x13]C[0xd0]./[0xfa]8[0x1d][0xd1][0xb6]'XF[0xe7]%f[0x95]'[0xc2][0xae][0x1e].H[0xd1]C[0xcf]}f[0x6][0xa0]}&[0xf4]q6b[0xd6][0x15][0xcf]h[0x1c][0xe4]@q[0x3][0xac][0x9b][0xc2][0x8d][0xc]Ay[0x83]>[0x8e]E[0x8c][0xe7]cmy[0xe6]&[0xe6]$[0x9a]Z[0x82]z[0x1f][0xe8]cDF[0x96]tkt"]?@d[0x1a][0x86][0x9c][0xc1][0x6][0xba][0xba]*/[0xa5][0x8]G&4[0xb7][0x0][0xdd][0x13]D[0x9f]PF[0xb4]=I[0xed]k'[0x95][0xa6][0x80][0xb7][0xc4][0xe5][0x83][0xef][0xe][0x83]fJ[0xd4])L[0x3][0xd0][0x14][0x1d]}[0xfc][0x81][0x18][0xb9]%[0xa6][0xa9][0x97][0x7]:[0xd1][0xd8][0xcc][0x10]T[0x86][0xa3]U3[0x16][0x6][0xa0]%{tq3h7[\n]"
17:11:38.627 [main] DEBUG org.apache.http.wire -  << "[0xb4][0x0]$y[0x91]crbvQb[0x12][0xf8]8.[0xe8]D2[0xb6][0xb6][0xb6][0xb9][0x19]([0x81][0xd2][0xc7]3[0x88][0xee][0x17][0xc9]7UCO[0x8a][0x5][0x1d][0xf8][0x87][0xbd]kcf[0xc]:;[0x92]>[0xfe]@d[0x8][0xdc][0xdb]X[0xc1][0xc7]Sf$[0x16]U[0x82][0xa7][0x2][0xc0][0xfb][P[0xba][0xb][0x86]t;[0xdf][0xd6][0xcc][0x14][0xb9]+[0x96][0x92][0x89][0xd1]V[0x1]m[\r][0x6][0xdd]@[0xc]>;[0x1a]Kz7[0x5][0xaf]f[0xa1]O[0xd0]"[0xe5]Q[0x5]#[0xb]C3[0x5]O[0xff]P[0xc][0x7]C[0x16][0x82]e&[0xe6][0x81]:[0x4][0x18]E[0xbb]![0xdd]r'[0xd2][0x11][0xd7][0xb8][0xc7][0xef]JA[0xe7]\A[0x13][0x2][0xd6][0x83][0xe8][0x8d][0xc]A[0x83][0xdd]t[0x9]^[0xd0][0x9]k[0xd0][0xe2][0x4][0xf7][0xc]rUeiN&[0xe8][0xd8]D[0xd0][0xc][0x0][0xca]\[0xb7][0xa1][0xa9][0x99][0x5][0x9d]F[0x1a][0x91]V[0x18][0xe0][0xeb]j[0xa5]f'[0x1a][0x82]7[0xf2]av[0xb][0xc1][0x1b]w[0xe8][0x13][0xaa][0x88]f[0x8][0x9e]6[0x13][0xe8].[0x96][0xfc][0xbc]|[0x13]cP[0xb0][0xa2][0xd5](F[0x86][0xa0][[0xae][0xe8][0xe3]X[0xc4][0xd8][0x1][0xee]sU[0x93]3K[0x8a][0x12][0x91]N[0x91][0xc7]:[0xe9]jhI[0xb7][0xed][0xbf][0xa0][0x85][0x9d][0xd0]tK[0xe2][0xf6][0xdf][0xe4][0xc4][0xa2][0x9c]D[0xe8][0x8c]![0xa8]hC[0xef][0x8e][0x19][0x81][0xc6][0x4][0xe9][0x13][0xf0][0x88]R[0x98][0x98][0xe6][0x7][0xe4]T[0x8c][0xac][0xc4][0xdc][0xcc][0x1c]l[0x8b][0xd5],[0x8c][0xe8]v[0xf4][0x12][0xe8][0xf2]\h[0xe0][0x13]Z\\U[0x9c]X[0x0][0x1a]m[0xc2]^E[[0x98][0x80][0xba][0xa4]t[0x9]l[0xa4][0xa9]oR[0x86][0x9b][0xc0][0x13][0xa0]HkQ[\n]"
17:11:38.627 [main] DEBUG org.apache.http.wire -  << "R[0xf4][0xb0],[0xe9]0[0xa2]_[\r][0x3][0x1a][0xcf][0x80][0x86]=[0xa9]}[0xf8]<[0xf0]E[0x89][0xa0][0x1a][0x12][0xbd];id[0x1]:[0x17][0x8e]>[0xf1][0x80][0xe8]N[0xe2]+[0xc6][0xd3]A{[0xb2][0xa1][0xdb][0x16][0xb0][0xa7][0x1d]s[0xf0][0xdc][0x13]}[0xdc][0x8c]([0xce]ql[0x85][0x82][0xdc][0x14]bf[0x84][0xad]=m[0x8]> [0x10][0xea]P[0x0][0x0][0x0][0x0][0xff][0xff]"
17:11:38.627 [main] DEBUG org.apache.http.wire -  << "[\r][\n]"
17:11:38.628 [main] DEBUG org.apache.http.wire -  << "D44[\r][\n]"
17:11:38.628 [main] DEBUG org.apache.http.wire -  << "R[0xb2]2[0xd0]QrN,IM[0xcf]/[0xca]L-V[0xb2][0x8a][0xae]V[0xf2]tQ[0xb2]241[0x2][0x15][0xf8][0xd0][0x98]MO[0xcc][0xcd][0xcc]K[0xc7]h[0xe5][0xa4][0xe5][0x17])@[0xa4][0x14][\n]"
17:11:38.628 [main] DEBUG org.apache.http.wire -  << "J[0x8b][\n]"
17:11:38.628 [main] DEBUG org.apache.http.wire -  << "[0xf2][0x8b]S[0x8b][0x95]jcku F[0x98][0x9a][0x99][0x81][0x86][0x11][0xa1]F[0xe0][0x9b][0xd8]*-[0x6]5A[0xb3][0x13][0x8b]3+[0x13]3@[0x95][0xf][0xda][0xd9]$[0xa6][0x6][0x6]ft[0xaa][0xd5]A[0x7]=A]Lh<[0x12]y[0xa4][0x1d]k[0xf5]cfA[0xb7]s`@k[0xa1][0xa0][0xce][0xc6][0xdd][0xe0]/O[0xcc])[0xad][0xcc]7[0x2][0xdf][0xe5][0x84][0xa5][0xd0]0[0x3]_[0xb4]D[0x9f]tAZMS[0x96][0x9a][0x9e]h[0x1][0xbe][0x80][0xf][0xbd])mbH[0xb7][0x93][0x4]@[0x1b][0x1d][0xa1]AL[0xec][0xd4]\bz%[0xe8][0xaa][0x9e][0xa4]D[0xe8][0xb8][0x2][0xf2][0xcc][0x86][0x89][0x5][0xfd][0xf6]/[0x1b][0xc0]'[0xf1]q[0xae]r[0xcc]M[0xcd]I[0xcc][0xcb],[0xcd][0xc5][0xb5]&[0xcc][0xc0][0xd4][0x90]N9[0x10][0xd4]I[0x86][0x86][0xb3][0xb][0xf1]Wz[0xa7]#M[0x83][0x82][0xe7][0x9a]Q[0xb6][0xa9][0x1a][0x9a][0xd2]k=[0xb7][0x19][0xe8][0xcc]y[0xa8][0xf3][0x91][0xc6]C[0x88][0xd9]c[0xb][0xaa]a[0xcc]p,A62[0x0]u[0x8c][0xe8][0x92]7A[0xc9][0x12][0xea][0x1]R[0x7][0xd3][0xd2]a#[0xc4][0xa5])z[0xe8]9[0xd5][0xd0][0x92]^[0xab][0x90][0xcd]@[0x9d]U[0xa8][0xf][0x88][0x1c][0xcf][0x4]m[0xfc]L[0xcc]+[0xc9]OJ[0xcc][0xce][0x4][0xd1][0xa0]6[0x9][0xca][0xda][\n]"
17:11:38.628 [main] DEBUG org.apache.http.wire -  << "#C[0xd0][0xbd][0xe1][0xf4][0x9][0xc4][0x8c][0x18][0xe1]5[0x91]E[0x95][0x89]0[0xb7]ck[0x83][0x9b][0xd0][0xed][0x96][0x9]3PO[0xb][0x1a][0xe8][0xf8][0x96]FB[0x1a]&[0xe6]&[0xd0][0x12][0x11][0xfd]X[0x4]csz[0xdd][0x8f]m[0x8e]t[0xda]3[0xee][0x91][0x86]BXw[0xa1][0x0]c[0xf3][0xa4][0x89][0x19][0xbd]Fq[0xcc]A[0x8d]ah[0xd8][0x92]V[0xa6][0xa4]d&[0xe6]%[0xc2][0xd6]%C[0xd6][0xe0][0xa0][0x87][0xb8][0x91])[0xa8][0xed]@[0x8f][0x94]m[0xe]*[0x0][0xa0][0xde] [0xb5]d[0xc9][0x86][0xae][0x87][0x83][0xf8][0x1][0xbd]l16[0x1][0xad][0xb6][0xa3][0x8f][0x1f][0x10][0x83][0x13][0xd8][0xd7][0xd3][0xe6][0x82][0x6]TS2[0xa1][0xcb][0x2][0xa0][0xc9][0x1c]c[0xec][0xc7][0xc4][0x84]~[0xa1][0x8e](O[0xb0][0xaf][0xf4][0x84]nG[0x84]^[0x1b][0x86][0xe5][0xe0]HSSzM[0xee][0x99][0x83][0xda][0xf9][0xd0]$B[0xa8][0xf9][0x9d][0x94][0x98]][0x2].[0xac]q[0xdd][0xe9]hlH[0xaf][0xe5].[0xe6]H[0xe7]'[0x93]8[0xfa][0x93][0x9a][0x9b]Xl[0x8e][0xb5][0x9b]fbN[0xaf]U[0x9e][0xe6][0xa0][0x11]&h[0xa8]c][0x9][0x95]WZ[0x4][0x99]%[0x3]%[0xeb]T[0xec][0x97][0xed][0x18][0x80]&[0x82][0xe8][0x92][0x5][\r][0x11][0x9d][0x7]"[0x1b][0xe2][0xa9])[0x99][0xe0]I[0xa6]<[0xd0]D+J[0xbd]nfD[0xaf]};[0xe6][0xa0]m[0xc9][0xd0]@[0xc6]y[0x9c]aAjQnbIb[0x19][0xf8][0xf0][0xf][0xec][0xc3][0xc][0xc6][0x96][0xa0][0x16]&][0x2][0x1a][0xb4][0x15][0x19][0xea]b[0x9c][0xfd][0x6][0xe8][0xb4]Afz"[0xe8].[0x12][0xf4]{[0xfc][0xcc][0xcd][0xe8]5[0x1c]o[0x8e][0xb4][0xf2][0x9]wu[0x9e][0x91][0x8][0xb9][0x87][0xc6][0x8][0xeb]Mg[0x16]t[[0x91]j[0xe]jMB[0x83][0x96][0xc8]&*[0xf8]P[0x9b][0x92][0xf4][0xd2][0xbc][0xc4][0xa2][0x92]|P:F[0xdb][0xa2]of[0x2]j%[0xd0]'][0x10]9[0x5][0x6][0x99]Y[0x4]9[0x1c][0xeb]^w[0xfa][0x1d][0x82]j[0x8e][0xb4]J[0x7]gJ[0x6][0xb5][0xfc]S[0x8a][0x12][0xa1][0xd7]1[0x97]bY[0xe3]b[0xe][0x1a][0xe4][0xa7]K[0x8]#[0xad]E$qo>x[0xca][0x11][0xdc][0x1]FY[0xc4]`lJ[0xaf][0xb5][0xe1][0xe6][0xc8]K?[0x89][0xdb][0xc2][0x9a][0xb]:*[0xad]4/[0xbd](1#[0xb1][0xb2][0x14][0xd4][0xf7]B[0xe9][0xbc][0x9b]Y[0x82][0xea]'[0xfa][0x84];[0xa1][0xb6]RniQqf^f[0x9e][0xa1][0x5][0xd6][0xee][0x96]%[0xbd][0x6][0xfc][0xcc]A[0x97]$C[0xb][0x10]B[0xbd]Dp[0xfb]./[0xb1][0x18]2[0xca][0x8a]mD[0xd8][0x84]n[0xab]l[0xcd][0x91]N]'y[0x85]EnbviI[0xa2][0x89][0x1]h[0x84][0x18][0xbd][0x1b]cA[0xb7][0xb1]Vs[0xd0][0x2]=h[0xd0][0xe3][0xb8]7[\n]"
17:11:38.628 [main] DEBUG org.apache.http.wire -  << "t[0x1][0x5]h[0xd6][0x17][0xbc][0xa6][0x2]4l[0x1e]P[0x94][0x99][0x9c][0xaa]dej[0x0]j[0xbb][0xd0]'%#[0xca]h"OC[0xc8][0x4][0xb9][0x1a][0xbc][0x80][0x19][0xdb][0xd8][0xb0][0x19][0xa8]H[0xa2][0x8b][0xcb][0x91][0x8e]4w[0xce],[0xcb][0xcc]QH[0xcd]K[0xcf][0xcc]KM-[0xd2]QH[0xce][0xcf]+)JL.[0xc1]6[0x17][0x91][0x9a][0x92]i[0xe][0xbe][0xbb][0x1]u[0x93][0x89]![0xdd][0x1a][0xd1][0xa0][0x9d]e[0xd0]d[0x81]o[0x8e]=1'[0x11]r&+h[0xae][0x17]KH[0x9b][0x98][0x80][0xe]@[0xa4]OH#[0xfa][0xb2][0xc4][0x9d][0x91][0x0][0xee][0xdb][0x96]d[0x82][0x86][0xe3]Ay[0x10][0xe5][0xd0]{[0x13][0xf0]u[0xea][0xf4]q7b[0x95][0x16][0x89][0xbd][0xad][0xc2][0xe2][0xcc]<[0xd0][0xaa]a[0xc8]0[0x2][0xda]L[0xbb][0x85])h[0xba][0x8a]>>@[0xac][0xcf][0xc2]7X[0x6]^[0xee][0x4]u2[0x96]~[0xb9][0x91][0x9]h[\r][\n]"
17:11:38.628 [main] DEBUG org.apache.http.wire -  << "}[0x1c][0x8c][0xe8]sa][0xf2][0x9e][0x1][0xed][0x7][0xe4]C[0x7]<[0xb0]$ls[0x13][0xd0]4=]\[0xb]:?[0x2][0x9a][0x15][0x89],[0xfc]2 [0xa3][0xa8][0xa0][0xf3][0x16][0xb]J[0xb]JK@[0x99][0x13][0xfd]\[\n]"
17:11:38.628 [main] DEBUG org.apache.http.wire -  << "s[0xb][0xd0][0xad]8t[0xf1][0x0][0xa8]/[\r][0xf3]@nA~yj[0x91]BY&[0xe8]4[0x90][0xc4][0xa2]J[0x85][0xc4][0xa2][0xe4][0x8c][0xcc][0x92][0xd4][0xe4][0x92][0xd2][0xa2]T[0xcc][0xd3][0xb7]![0xf7][\r][0xe7]g[0x97][0xe0]X[0x96]kf[0x0]j[0xc][0xd3][0xc7][0x17][0x88][0x5][0xe6]8[[0xdd][0x90][0x1b]c[0x13][0x8b][0xd2]q[0xdc]7`n[0x1]:9[0x8e].[0xce][0x5]e&h[0xa0][0x13][0xd9][0xe8]N,[0xce][0x5][0x8f]@![0xad][0xc7][0x0][0x1f]S[0x81][0xb2][0x8c][0xd2][0xd4][0x18][0xb4][0xb3][0x9d]>>@[0xac][0xb] [0xa5][0xea],IM/[0xcd]@[0xf2][0x3][0xa4]t[0xc4][0x92][0x85][\r]M[0xe9]5[0xb]h[0xe]:6[\n]"
17:11:38.628 [main] DEBUG org.apache.http.wire -  << "[0x1a][0x19][0xb8][0x17][0x81]A[0xd7]c[0x80][0xf6]Kc[0x1f],13[0xa7][0xd7][0xd1][0x10][0xe6][0xa0]m[0x8b]P[0x7][0xe3]Y[0xea]P[0x0]*g[\n]"
17:11:38.628 [main] DEBUG org.apache.http.wire -  << "[0x8a][0x12]S[0x12][0xf3]p[0xe4]O#S[0xba][0xf5]v@[0xc7][0xbe]@[0x9d]Lh[0xb0][0x15][0xba]<;[0x1b]tA5[0x96][0xae][0xb1][0x89][0x1][0xa8][0xd5]F[0x9f]4[0x8e]h[0xd8][0x12]Z[0xeb][0x95][0x9c]X[0x94][0x98][0x9d][0x8][0x1a]H[0xc4]u[0x1a][0xb0][0x89][0x5][0xdd][0x12][0x8][0xd2][0x82]/[0xdc][0xe3][0x90]{[0x9e]S[0x12]A[0x87][0xff]b[0xeb]a[0x1a][0x19][0xd2]k-[0xbc]9[0xf2][0xc2][0xae]<[0xf0][0xf9][0xd0][0x99]yy[0xf9]e[0x89][0xa0][0xf6][0x1f][0x81]:[0x8]q[0x1e]U:[0xe8]t[0xaa]t[0xac][0xb5][0xa9]1[0xbd][0xb6][0x99][0x99]#[0x9d][0x81]B[0xcc]Y[0x98][0xa0][0xd3][0x19]M,@[0xc3][0x10](C([0xe6]F[0xa0][0x8e][0x1f]][0xd2]8[0xa8][0xc2][0x80]fL[0x82];[0xb3]@K[0xe3][0xc1]=|[0xd0][0xe6][0xd3][0x12]=[0xb4]6[0xad][0xb9][0x1][0xbd][0xb6]:[0x99][0x83][0x1a][0xcf]PG[0x93]R[0xf9][0x80]N5[0xc8][0xb0][0xc0]:[0x3]bL[0xb7][0xcd][0x92][0xe6]H[0xcb][0xbe][0x88][0x1c][0x8f][0xcd][0x6][0x1d]7[0x92][0x98][0x91][0x93]XRZ[0x80][0xa3][0xed]baH[0xb7][0xea][0xd2][0x1c][0xd1]%"[0xb2][0xc5][0x9b][0x9b]X[0x94][0x92][0x1]Zo[0x7][0x19][0xb9][0xc7][0xba][0x80][0xcd][0xc2][0x8]t[0x5][0xc]}[0x92]<[0xa2]G[0x84]{[0x1][qFb6[0xf8]P[0x89][0xdc][0xc4][0xbc][0xac][0xd2][0xbc][0x92][0xc4]lle[0xa4][0x5][0xf8](![0xba][0xb8][0x1a]i[0xad][0xc][0xf6][0xd9][0xe0][0x8c]D[0xf0][0x89][0xa9]E[0x89][0xb9]X[0xf][0xe9]62[0xa1][[0x97][0xc2][0x2]1[0xb4]I[0xda][0x1a][0x82][0x8c][0xc4]<[0xd0]mDy[0x99][0xd9][0x89])[0x99]E[0xd8][0x2][0xdc][0xc4][0xc][0xd4][0x92][0xa0]O[0x80]#[0xd2]9[0xd6]~hzbnRNb^:<[[0x96][0xa6][0xe8][0xa1][0xc]&[0xd3][0xb1][0x9]k[0x81][0xe8]3[0x13]j^[0xa5][0xe6]f[0xe6]A[0xcf]4[0x6][0x1f][0xbf][0x8c][0xb2][0xa7][0xc5][0xcc][0x98]^[0x1b])[0xcd]A[0xc7][0x92]A[0xcb]p"[0xa7]VsJ[0xb3]s[0x13][0xf3][0x8c][0xc][0xb0][0xe]+[0xd3]o8[0x1c]4f[0x6]u81U|vyf^bQqf[0x6]h"[\r]KG[0xc7][0xdc][0x14]4NM[0x97][0x14][0x8d]t[0x83][0x8][0x9e]a[0xc3][0x9c][0xd4][0xf4][0xc4][0xf2][0xc4][0xe2][0xc4][0xdc][0xfc][0xe2][0xcc]"[0xec]}[0x1d][0xb]s[0xba]5[\r][0x9][0x1e][0x1e][0x96][0x94][\n]"
17:11:38.628 [main] DEBUG org.apache.http.wire -  << "[0xba][0xd1]31;3[0x17][yaa[0x8][0xaa]n[0xe9][0x13][0xba][0x88][0x1e]1[0x91][0xf5]:h/[0x1c][0xa8]M[0x92][0x9e][0x99][0x1]j[0xb6][0xa2][0x1d][0xa8]calbL[0x9f]u[0xb0][0xe6][0xa0][0xe6]14Ic[0xdd]:[0x9e][\r][0x9a][0xd1])J[0xc4][0xb5]b[0xd4][0x8c]~[0x8d]'[0xd0]:8[0xa8]K[0x89][0xd9]7[0x4][0xda]r[\r][0xba][0xe0]31[0x17][0xb4][0xf5][0x17][[0x2]1[0x1]/[0xe1][0xa4]O[0x2]AT(8{e[0xc5][0x99]%[0xf9]E[0xa5][0xc5][0x5][0x89][0x99][0xa0]CT[0xb1][0xc][0xc4][0x9a][0x1b][0x82][0xe][0xe9][0xa1][0x8f]{[0x11][0xed]$[0xdc][0x1b]:[0xd3]3Au[0xa0][0x1][0x8e][0xb5][0xc4][0xc6][0x6][0xa0][0xae][0x1d]}\[0x8b][0xa8][0x2]qlT)A[0x1a]y[0x85][0x8e][0x1d][0xa3][0xaf][0xee]3[0xb7][0xa4][0xdb][0x88]%h[0xc7][0x1a]4%[0x13][0xec]x[0x81];[0xe9]Y[0x99][0x16]fPg[0xa3][0xf5][0xbc]L[0xcc][0xe8]URX [0xad]d[0xc5]ZR[0xa4][0xa5]&e[0xc2].[0xfe][0xc5][0x92]z[0x8d],AC[0x13][0xf4]H[0xf][0x16]H[0xf7][0x95][0xe0][0x19]$K[0xcd][0xc9]45[0x1][0x15][0xbe][0x18][0xcb]&M[0xc1][0x9b][0x92][0xe8][0xe3]T[0xc4][0xbe]0B[0xe3]L[0x90][0xf9]<p'</[0x11][0xd4][0xa2]@[0xdb];kj[0x1][0x1a]Z[0xa6][0x8f][0xab][0x11]Sz[0xc4][0xb4][0x83]Js*[0x13]-[0xb1][0xf7][0xbd][0xcd][0xc]L[0xe9]S[0xd1][0x81][0x7][0xf8][0xa1][0x99][0xe][0xfb][0xc9][0x9e][0xa9][0xe0]eq)8[0xb6][0xa6]X[0x18][0x83]v[0xe6][0xd0]'t[0x11]c[0x8f]$/^[0xc8].H[0xcc]I,.)[0xc2][0xe1][0xb]ssP[0xa3][0x8a].[0xbe][0x0][0xad][0x95][0x86][0x86]7q[0xd3][0xbe]9[0xd0][0xdb]a[0xb0]U[0xd5][0x86]F[0xa0][0xc1]*[0xfa][0xb8][0x1b]1[0x9d][0x84][0xa7][0xf0][0x80][0x1f][0xea]ij[0x6][0x1a][0xc2]C[0x9f][0xc4]3[0xb5][0xa4][0x9f]{[0x89]/A2a[0xc7][0xc7]a)[0x9e]M[0xe9]v[0x17][0x85][0x5]h[0x8d][0x18]4e[0x10]9[0x8a][0x4]?t[0xd7][0xdc][0x1c]Z[\r][0xa2],[\n]"
17:11:38.628 [main] DEBUG org.apache.http.wire -  << "0[0x5]_[0x90]H[0x9f][0xd4][0x81]([0xf9]H[0xdd][0x87][0xc]][0x19]UP[\n]"
17:11:38.628 [main] DEBUG org.apache.http.wire -  << "[0xca][0x9d]X[0x8e][0xc3]3[0xb1][0xa4][0xd7][0xf9]}[0x16][0xc8]7[0xc5][0x14]W&g[0xe4][0xe7][0xe4][0xa7]g[0x16][0x97][0xe8]([0xa4][0xe5][0x17][0x81][0x16][0xd3]%c[0xec][0xc1]M[0x1][0xb5]Ns[0xb]Js@[0xa9][0x1d][0xb3][0xc2]4[0xa5][0xd7][0x1a]x[0xb][0xd0][0xb4][0x15]4[0xf1][0x90]2[0xfe][0xb]:D[0xaa]8[0xd1][0xcc][0x14]T[0xdf][0xa3]-i56[0x0]M[0xe4][0xd3]'[0xf5] [0x9a][0xd5]$.)[0xc9]G:[0xfc][0x18]K[0xee]52[0x0]e*[0xfa][0xf8][0x1][0xd1][0xd8]&[0xe5]D[0x81][0x1c][0xe8][0xc0]S>([0x6]P[0x16][0xc7][0x9b][0x9b][0xd0]k3[0x96][0x5][0xa8][0xff][0x4]M<[0x84][0xc6][0xca] [0xbb][0x98][0x8b][0x12][0xd3][0xb0].*653[0xa1][0xd3][0x1]0[0x16][0xa0]c[0xc1][0xa0]n&[0xd8]YHN[0xcc][0xa8][0xcc][0xcf][0xcb]7[0x2][0x9f][0x4][0x83][0xde][0xc1][0xb1]0[0xa4][[0xf9][0x2][0x1a]n[0x86][0xba][0x19][0xfb][0x80]5t[0xe8][0x3][0xda][0xd7][0xc5]:+`f[0x9][0x1a][0x9a][0xa0]K[0x92]F[0xda]3A[0xa8][0x11][0xe][0xba][0xed]+%[0xd3][0xdc][0x2][0xfb][0xe0][0x98][0x11][0xb8][0xeb]A[0x1f]7#[0x86][0x9c][0xb0][0xe]Q[0xa7]An&[0xc3][0xd6][0x98]2[0xa1][0xdb]Ig[0x16][0xc8][0xab][0xb4][0x13][0x8b][0x12]s3K[0x12]1[0xaa][0x96][0xdc][0xc4][0x9c][0xcc]l[0xc8])/[0xd8]\knA[0xaf][0xd5][0xac][0x16]F[0x88][0xc9][0xb]<[0x83][0xa4])[0x89][0xc9][0xb8]Vf[0x9b][0x1b][0x82][0xa6]'[0xe9][0x13][0xff][0x88][0x11]%B+[0xb3]SA[0x95][0x1f][0xf8][0x4]E,5[0x87])[0xdd][0x86][0x1a]-@[0x83][0xdd][0xd0]R[0x81][0x94][0xaa][0x1b]z[0xa1]|Rbzb1[0xa8][0xf5][0x81]6VjfL[0xaf][0xbb]8,@3[0xf3]P[0xf][0xe0][0x1e][0x15][0x3]Ut[0xe0][0xab][0x84][\n]"
17:11:38.629 [main] DEBUG org.apache.http.wire -  << "J[0xd0]/B52[0x6][0xad]7[0xa2]O[0xf2]@[0xf4]![0xb1][0xe][0xd6][0xa4]'[0xe6]d[0xe6][0xe7][0xe5][0x9b][0x83][0x8f][0xe6]E[0x1b]H04[0xa0][0xd7][0xfe][0x2][0xb][0xa4][0xbd]_[0xd8]w[0x8d][0x82][0xb7]_[0x16]%f%[0x16]c[0xce]XY[0x18][0xd0]mD[0x9][0xb4][0xee][0x8][0x1a][0xf3]H[0xd3][0x9a][0xc4][0xdd][0xb1]][0x9c][0x98][0x3][0xba]C[0x19]t[0x9d]LzbNi^:h[0xec][0x6][0xa5][0x5]dbI[0xb7]A<[0xa4][0xfd]kDN[0xbd][0xa5][0xe6][0xe4][0xe7][0xc1][0xae][0xe4][0x4]e?[0x8c][0xc6][0xbf][0xb9][0x11][0xbd][0x6]N-[0x90][0x16][0xbf][0xfb]*[0x18][0x18][0x1a]+[0xf8][0x7]`T'[0xc5][0xd0][0x95][0xcc][0x90][0xe5][0x85](S[0x9c][0x86][0xe0][0xf4]F[0x97][0xfc][0x7][0x9a]$[0x83]&[0x18]"Wyf[0x83][0x17][0xec][0x9b][0x1b]c[0xab][0x3][0xcd],Ae'][0x1c][0xe]j#B[0x1d][0x8e]c[0xdb][0x9]([0x11]g[0x14][0x80][0xd6][0xbc][0x15]'b[0x9b][0x8f]57[0x5][0xdd].N[0x1f][0xc7]"[0x1a]AD[0x8e]$d'[0x16][0xe5]%[0x9a]c[0xbd]@[0xde][0xd0][0xc]t[0x8c]%}[0xdc][0x8d][0x18]E[0xc0][0xd3][0xd0][0x0]-[0x13]/[0xca][0xcc][0x3][0x15][0x1e][0xa9][0xe0][0xea][0x1b][0xcb][0xa0][0x81][0xa1])[0xdd][0x8a][0xe][0xd0][0xd9]6[0xd0][0x94][0x81]u[0xfb]6[0xe4],l#Sli[0x82]~[0xc7]?X[0x80]n[0x95][0x83]:[0x13][0xfb]8oNbN"[0xec][0xf6][0xdb][0xe4]2[0x8c][0x13]d[0x8c][0xe8]v[0x9a]#x/[0x19][0xd4][0xa9]8W[0xae][0xa7]'&[0x15]e[0x82][0xe6][0xb9]-[0xc0][0xdb][0x8e][0xd0];u[0xa6][0xc6][0xf4][0xcb]l[0x88][0x8e]?[0xc9][0xc3][0xd2][0xe5][0x99]I[0x99][0xc5][0xf9]y[0xf9][0xd0][0x85][0x9a][0xc9]ez([0x5][0xb3][0xb9]9h[0x89][0x13]=[0xb2][0x9e]9[0xd2]qs[0xa4]4B[0xb] Kf32sR[0xc0]w[0xed][0xa1][0x8d]!Y[0xd0]o[0xe3][0x1a][0xd2][0xc1][0xf4][0xa4][0x8e]@fB[0xfa][0x84][0xa0]+[0x19][0xb1][0x15]%ft[[0xa4][0xc]*[0xb3][0xa0][0x9][0x9f][0xd4]#Z[0x90]o[0x1][0x3]o|D[0xd9][0x5]a[0x2]>[0x18][0x8b]>[0x9][0x9]Q[0x86]c[0x1f][0xe3]HI,N42[0xc4]V[0x1a]Z[0xd0]o[0xaf][0x6][0xa8]o[0x4][\r]i[0x82][0xa3]Gy[0x89][0x99]y[0xe9][0xe9][0xf9]9[0x89]y[0x89]I[0x95][0xa0][0x6]7[0x96]Dba[0x6]j[0xb2][0xd3]'[0x80][0x11]=\[0x92][0xcb][0x1b][0xf0][0xb9]8[0xe6]8.[0xda]23[0xa7][0x9f][0x1f][0x10][0x3][0xbe][0xb8][0xd7][0x9b][0x96]$[0xe6][0xa5][0xa7][0x17]e[0x82][0xae]l[0xc4][0xd6][0xf8]34[0xa5][0xdb]Q[0x1c][0xa0]AMhj[0xc1][0xd1][0xf8]+[0x6]-N[0x81],[0x8a][0x5][0x9d][0xe3][0x9c][0x8][0x1a][0xcd][0xc5][0xb2][0xb2][0xcd][0xd0][0x80]nk[0xaf][0x90][0x1a][0xac][0xa4][0x14][0xe8][0xd9][0x89][0x95][0xa5]y[0x90][0xf2][0x10]:[0xa5][0x84]Z#[0x99][0xd1]kR[0xc0][0x1c][0xb4][0xf8][0x19][0x1a][0xe8]Dv[0x15][0xc0][0xdb]{[0xcc]q[0xac][0xbb]1[0xb5][0xa0][r[0x1][0x1d]j[0x3]u9[0xc9][0xbd][0xe2][0xe4][0xcc][0xbc][0x94]J[0xf8]vN[0xac]#[0xc0][0xe6]t[0xbb]Q[0xdc][0x1c][0xa9]mK[0xdc]du^iQbf^fViN&[0xb6][0x12][0xde][0x98]~+;[0x91][0xda][0xbb][0xf8]6[0xf9][0x82]G[0xd1]@[0xa3][0xd7][0xd8][0x8a][0x18][0x13][0x13]zu[0xe1][0xcd]ACK[0xd0]4Ch[0xdc]2%[0xb3] [0x11]tw[0x14][0xf8][0x9c][0x91][0xbc][0xd4][0x12][0xc4][0xad][0xdc][0xf4][0x1b][0x13]6G[0xba]3[0x82][0xc8][0x1][0x93][0xc4][0xac][0xcc][0xdc][0xc4][0x12][0xd8][0x85][0xe2][0xc9]ez[0xb9][0x99]9([0x8d][0x14]3Sz[0x1d][0xff]m[0xe][0xba][0xd6][0xe][0x1a][0xda][0xb8][0x7]L[0xc0][0x9b][0xd5]3[0x12][0x8b][0xb2][0xc0][0xab][0x8a]P[0x2][0xda][0xd0][0x14][0xb4][0xab][0x89].[0xd5]=[0xa8][0xf3][\r]u*[0x9][0x7][0xb2][0xa6][0xa4][0x96]e[0x9a][0x1b][0xe2][0x98][0x8d][0xa1][0xfd]Re[0x0][0x0][0x0][0x0][0xff][0xff]"
17:11:38.629 [main] DEBUG org.apache.http.wire -  << "[\r][\n]"
17:11:38.629 [main] DEBUG org.apache.http.wire -  << "98[\r][\n]"
17:11:38.629 [main] DEBUG org.apache.http.wire -  << "R[0x2][0x1d]bmjf[0xe]:6[0x15][0xea]x[0xdc]#[0xc3][0xd0][0xa3]@[0x8b][0x19]@[0x7]Pc-[0xf3][0x8c]MA[0xed]{[0xfa][0x4]8R[0xdb]$[0x11][0xcb]m([0xf9][0xd0]5[0xca]8[0x96][0x12][0x19][0x1b][0x1b][0xd1][0xe9][0xb6]]s[0xd0][0xe9]^[0xd0][0xd0]%q[0xda][0xbc][0x1c][0xb4]8<1[0xaf][0xb8][0xb4][0xa8]2[0xb1]$7[0x13][0xd4]ZA9[0xb8][0xc3][0xdc][0xc]T[0x1e][0xd1]%[0xb8][0xcd][0x11][0xdd]g[0x1c]m+[0xc8]^[0xaf]<#[0xf0]UKh[0xeb]<[0xe9]w6[0xb9]9h[0x9d][0x1b]4[0xb4]Inw[0xa7][0x96]%[0xe6]%f[0xe5][0x82][0xef][0x89][0xc5][0x9a][0xbe]M[0xc0]'[0xa8][0xd1]%[0xc0]A[0xab][\n]"
17:11:38.629 [main] DEBUG org.apache.http.wire -  << "[0xa0][0xfe] [0xa5]"
17:11:38.629 [main] DEBUG org.apache.http.wire -  << "[\r][\n]"
17:11:38.629 [main] DEBUG org.apache.http.wire -  << "809[\r][\n]"
17:11:38.629 [main] DEBUG org.apache.http.wire -  << "@[0x1]m[0xb8][0xcb][0xcc]C[0xdc][0x1f][0x8b]e[0xce][0xcc][0xd0][0x18][0x14][0x99][0xf4][0xf1][0x4]b5[0x1a][0xee][0x82]%[0x1f]\[0xb9][0x83][0xee]OO[0xd1]C[0x99]X[0xb0]0[0xa2][+[0x16][0xd4][0xe8][0x84][0x86]6[0x9e]![0xcd]<[0xb0]K[0xb1]5A,[0xcc]@[0xa7]Q[0xd0]'L[0x11]=w[0xec][0x93]N)[0xe0][0x19][0x1b][0xf0]r[0xd0][0x12][0xac][0x1b][0xea][0xe8]xV[0x98][0x5]R)[0xad]`hfl[0xae][0xe0][0xe6][0x87]1[0xe7][0x1][0xde]g[0x94][0x7]>W:+1[0xf]{mhf[0x2][0xaa]a[0xe9][0x11][0xc0][0x16]H'[0xf0][0x12][0xb3]S#/[0x11][0xd4]]/H[0xcc]KO-.)[0xc5][0xee]zsC[0xd0][0x99][0xad][0xf4]q=[0xd2]*[0x0]\k[0x16][0xb2][0x8a][0x13]S[0xd3]JA[0xbb][0x8f][0xb0][0xb5][0xfe]M[0xcd][0xe9]U>X[0x80]B[0x5][0x96][0xed][0x88]\[0xc9][0x97]X[0x94][0x99][0x95][0x98]W[0x9c]YR[0x9a][0x9b]_[0x94][0x98][0x97][0xe]:c[0x9][0xb5][0xef]K[0xb7];[0x3],[0x90]N[0xb4]%[0xd4][0x1b][0x80][0xae]][0xcd][0x6][0xe5]M[0xec]i[0xc4][0xc8][0x88]~[0xf3][0xc1][0x88]"[0x84][0xf4]A[0xd8][0xc4][0x8c][0xca][0xd2]<[0x1c][0xad]*[0x13][0xba]][0x9e]m[0x81]|8[0xa8][0x82][0xa9][0x99][0xb1][0xa5]B[0xb8][0x87]?F[0xd1]R[0x96][0x99][0x9f][0x93]Zbf[0xc]i:[0xa1][0xf4]c[0x8c]MA[0xb]"[0xe8][0x92]'A'CC[0x93]9[0xd6][0xb9][0xa7]t[0xd0]Q'[0xe9][0x6][0x86][0xa0][0xb4][0x8c]v[0xab][0x8b][0x99][0x1][0xa8]8[0xa2][0x8f]+[0x11]e5[0xd2]x[0x8][0x11][0x97]2[0xa4][0x96][0x96]'f[0x16][0x83][0x82][0x18]%#[0x9a][0x18]X[0xd2][0xe9]B[0x1a][0xb][0xd0][0xf9][\r][0xd0][0x0]&fGGbqnbJ[0xa6]1xJ[\n]"
17:11:38.629 [main] DEBUG org.apache.http.wire -  << "[0xb5]Ama@[0xa7]^[0x81][0x5][0xa8][0x13][\r]u2[0xc9][0xed]T[0xe8]%@[0xd8]'+[0x8d][0xc1][0xa7][0xec][0xd0]%[0xc5][0x80][0x86]][0xa0]~[0xc0]}[0xfe]PIQ[0xa6][0x99][0x5][0xb6]z[0xc6][0xd8][0x8][0xb4] [0x82]>[0xe]E[0xb4]C[0xf1][0xec][0x8a]([0x81]m[0x1d][0xc6][0xd2]h[0xb6][0xa0][0xdf]:-P[0x17][0x1a][0x1a][0xaa][0xee][0xb8]/[0xcf],(-*O4[0xc5]:]mfdD[0xaf][0x8c][0x87]4[0x15]FB/[0x5][0xb4][0x6][0xa3][0xc8][0x0][0xfb][0xee]5[0x13]K[0xd0][0xcd][0xf1][0xf4]I[0x15][0x88][0xa6][0x12][0xce][0xe1][0xa5][0xf4][0xc4][0x9c][0xc4]lSs[0xd0][0xa2]'[0xf4]]2[0xe6][0xe0];[0xee][0xe9][0xe3]R[0xc4]d[0x12][0xd6][\n]"
17:11:38.629 [main] DEBUG org.apache.http.wire -  << "$#1[0xf]t[0x86]FI~q>[0xa8][0xe]A[0xbf])[0xce][0xd4][0xc]4[0xcc]J[0x1f][0x97]"*[0x11]R[0xe6]32[0xc0]KDL`[0xdb]D[0xd1][0xe6][0xa7][0xcd]M[\r][0x8d][0xe8][0xb4][0xcf][0xe]i[0xe][0x89][0xd0][0x1a][0xfb][0x8c][0xc4][0xbc][0xcc][0x8c]L[0xd0][0xb1][0x1f]%[0xa0][0xe4][0x81][0xb2][0xa7][0xc7][0x98]n[0x13]0[0x16][0xa0]>2[0xb4][0xb8][0xc0]][0x8]'%[0x82]6;[0xa7]'[0x1a][0x1b][0x80][0x16][0xc1][0xa1][0xc][0x92][0x9a][0x18][0xd1][0xeb][0x96][\r][0xb]P[0x1f][0x19][0xea]T[0xa4][0x16][0x6]q[0xeb][0x10][0xb]@[0xc7][0xc3][0xa4][0x80][0xee][\n]"
17:11:38.629 [main] DEBUG org.apache.http.wire -  << "[0x6][0xf][0xa8][0xa3][0xb4]4[0xcc][0xc1][0x8b]s[0xe9][0x92][0xbe]A[0x87][0x15]A[0xbd][0x80][0xfb][0x4][0xfd][0xe4]D[0xd0][0x82]'K[0xb]P^D9[0x1e][0xcb][0xd4][0x14]4[0xac]C[0x17][0x87][0x9a]![0x16][0x97][0x91]P2[0x83][0xb6][0xb9][0x94][0x94][0x96]df[0x16][0xe5][0x81][0xaf]x[0xc2]2[0x87]nj[0x8]:[0x8d][0x83]>~@[0xf4]S[0x88][0xe9][0x89][0x83][0x86][0xa6]sK[0x8b]J[0xc0][0x87]4[0x83][0x17][0xdc][0xa2][0x97]#t[0x9b][0xd7][0xb5]0C[0xd4]-[0xd8][0xd7]q[0xa5]$[0xa6]$[0x16][0xa4][0x81][0xef][0xb0][0x0][0xad][0x94][0x3]%[0x15][0x8c][\n]"
17:11:38.629 [main] DEBUG org.apache.http.wire -  << "[0xc6][0x2]4[0x98]I[0x9f][0x90]FT0[0xc4]4[0xa0]!c[0x1e][0x6][0xe0]K[0x12][0xd1][0xe7][0x87][0x8c]M@G][0xd0][0xc7][0xd5][0x88][0xca][0x86]P[0xff];%[0xb1](3[0xb1]$[0x13][0x94][0xbe]SK*[0xb1][0xe][0x8b][0x19][0x1b][0xd0]/a#F[0xd3][0x9][0xd5]2[0x90][0xd5][0xe3][0xa0];[0xd7]R2[0xf3]`s[0xfd])[0x88][0xc9]D3c[0xd0]yD[0xf4][0x9]n[0xc4][0xaa]|[0xdc]5MqniqI~[0x1a]xi[0x5]z;[0xc4][0x98]n[0xcb]o,@c)[0xd0]r[0x9a][0xe4][0xaa]&%1[0xaf]4[0xb1][0x18]T[0xc]B[0xeb]u[0x94]q[0x3]#[0xb][0xba][0xed][0x92][0x1][0x1d]A[0x2][0xf5][0x4][0xa1][0x9d]][0xd0][0xed][0xb9][0xe0][0xc3][0xc7]S2A[0xa5][0x9]F[0xe0][0x9b][0x80]6[0x8][0xd1]%[0xa1][0x80]f][0xa1][0xee]&u[0x81][0x1c][0xfc] 5[0xd0][0xc]4[0xec]JP[0xf4]{[0xc][0xcc]MA;[0xb3][0xe8][0xe3][0x15][0xb2][0xaa]Q[0xf0]y-[0x5]E[0x89][0x95][0xf9][0xe9][0xe0]Yi[0xb4][0xe9]0[0x13]s[0x13]s:[0xb5]gA5[0x8]4*[0xb0][0xcf][0x16]T[0x80][0x8a]DpZ[0xc7]R[0xd7][0x1b][0x9b][0xd2]m[0x17]#[0xa8]a[0x4]u([0xa1][0xb4][0x9e]S[0x9a]Q[0x9a][0x97]nb[0x4]-[\r][0xd1][0xf6][0xff][0x98][0x1a][0xd1][0xed][0x90][0x8][0xa4][XIM[0xe7][0xa0]}V[0xc5][0x89][0xc5]%[0xb0]$[0x8e][0x96]B[0xc][0xe9]v[0xa8]$x[0xbd][0x15]4[0xe0][0x89]ide%&%[0xe6][0xe4]%[0xe6][0x82]n[0x8][0xc0]:Gjd[0x8]*{[0xe9][0x92]9A[0xcb][0xae][0xa1]N'u[0x1c][0x1b]T[0xad][0x96]$f%[0xe6]f[0xe6][0x80][0x6].[0xd1][0x82][0xdf][0xc8][0x18]T[0x84][0xd1][0xc7][0xf][0x88][0x86]"[0xee])RP"31/[0x13]t*[0x18][0xb6][0xa1]4sK[0xba]u[0x90][0x91][0xae]0%[0xf2][0xb0][0xb8][0x8c][0xcc]\[0xd0][0xe2][0xd0][0xac]D[0xd0][0x81][[0x99][0xd0]L[0x8b]^[0xa4][0x9b]Y[0xd2][0xad]vB:r[0x12][0xeb]`JiqfnR~N~[0x1e][0xb6][0x89]^c#[0xd0][0x11][0xe][0xf4]I[0x19][0x88][0xe6][0x16][0xa1][0x12][0x11]r[0x96]YIFbn[0x11][0xbc][0x91][0x88][0xb1][0xd3][0xcd][0xd4][0x10]tp[0x6]][0x9c][0x8e]t[0xd2]$[0x8e]#[0xcd]2[0xa1][0xc7][0xd2]cK[0xcd][0xc6]&[0xa0]-[0xed][0xf4]q(b`[0x18][0xe7][0x10]`viqy~e>[0xa8]][0x9b][0x99][0x8d]u[0xcf][0x98][0xa1][0x1][0xe8]ha[0xfa]8[0x18]q^[0xe][0xee][0xf1][0x87][0xa4][0xc4][0x8c][0xd2]r[0xd0]V[0xb1][0xcc][0xe2]r[0xd0]t][\n]"
17:11:38.629 [main] DEBUG org.apache.http.wire -  << "[0xd6]U[0x9e]Ft[0xbb][0x8c][0x6]<+[0x8]-[0xa8]q[0x17]r[0xa9])[0x99][0xa6]Xo[0xc][0xb3]0[0xa0][0xd7][0x8a]w[0xb]Ps[0x7][0xea]P[0xec][0xdd][0xf6][0xf4][0xc4][0xa2][0xc4][0xbc][0x92][0xc4][0xdc]$[0x1c]7[0x13][0x98][0xd2][0xed][0x1e]6[0xb]P7[0x1b][0xea]V|Kg[0x11][0xcb][0xf3][0xc1]c[0xd9]X[0xb]5[0xba]-U[0xb6][0x0]M[0x9]B[0x1d][0x8d]}[0xdf]IqfJf[0xa1][0x19]xn[0x0]e1[0x90][0x89][0x19][0xbd][0xd6][0xe4][[0x80]n[0xc3][0x82][0xba][0x11][0xf7][0xb6][0x87][0xbc][0xc4][0xe2][0x8c][0xcc][0xa2][0xd2][0x94][0x94]L[0xd0][0xfe][0xe2]<[0xac][0xe5][0x82][0x99]9[0xdd][0xce][0x87]C:[0x94][0x91][0xb8]%[0xe0][0x89]U[0x89]9[0xa9][0x89]&[0xe6][0xd8][0x17]#[0x98]Y[0x80][0xda][0xe3][0xf4]([0xd1],[0x91][0xe]f[0xc4][0xb3][0xf4]*71[0x7]q[0x89];ds4[0xca][0x80][0xbb][0x91][0x19][0xa8]1N[0x1f][0x7]#[0xea][0xc]b[0x1a][0xcc][0x89][0xa0][0xe5][0x9b][0xa0][0xc3][0xef][0xb1][0xcc]*[0x9a][0xd3][0xed]6-K[0xd0][0xc5][0xa7][0xd0]DMj[9[0x9]t}[0x82][0xb9][0x9]h0[0x4]}[0x88][0xd2][0xc8][0x98]^[0xa7]6Z[0x82][0xd6]A@=[0xe0][0xef][0xa1]`dha[0xa8][0xe0][0x1d][0xec][0x8e][0xb1][0xe2]#1%[0xd5][0x2][0xc7][0x8a]j[0xb]S[0xfa]9[0x16]1rMh[0x80]/[\r]r[0xf9]JQA"[0xe8]p[0x85][0x82][0x14]=[0x94][0xd9][0x19]S[0xfa][0x15]{H[0xab][0xed][0xb1][0xf][0x15][0x80][0xe]g[0x82][0x9e]t[0x93]\[0x6]r&[0xea][0xb8][0x98])[0xe8]t[0x6]z[0xe4]@[0xb][0xd0]R@hR[0xc0]3[0x9d][0xf]9[0x3][0xb][0xec]`X/[0x1b]e[0xd6][0xc8][0x8c]nG[0xe6]Z -[0xb0]'r[0x1b]FNQ"[0xa8][0xdf][0x94][0x1][0x9a][0xae]C)[0xe8][0xcc]-[0xe9]6[0x97][0xb][0xca]-[0xd0]`[0xc6]S2g$f[0x82][0xef]0[0xce]71[0xc3]Q[0x97][0x98][0xd0][0xed]t7[0xd0][0xc8],[0xd4][0xc5]8[0x9b][0xf3]Y[0xa0][0xd5]?y[0xe0][0x99][0x0][0xf0][0xb0][0x17]z[0x8e][0xb3]0[0x3]5[0x2][0xe9][0x92][0x8e]A-[0x1a][0xa8]s[0x89][0x99]u[0x1]/[0xb3][0xca]J[0xac]L[0xcd]K[0xc7][0xd6]m2[0xb2][0x4][0x9d][0x1c]L[0x1f][0x87]#[0xa6][0x8b]H[0x99][0xe5]/D[0xec][0xd1][0xc5]6Bm[0x1]n[0xb][0xd0][0xc7][0x3][0x88][0x99]#[0xac]c[0x0][0xd9][0xa5][0xc5][0xa0]A[0x8b][0x92][0xcc][0x94][0xcc][0xdc][0xc4]*[0x90]c[0xd1]F[0x88]LLA[0x83]O[0xf4]q+b[0xb2][0x88][0xe4][0x95]b[0x15][0x90][0x5][\n]"
17:11:38.629 [main] DEBUG org.apache.http.wire -  << "y%[0xf9][0xa0][0x82][0x4]}[0xd0][0xc5][0x82]~9[0xd3][0x2]Q!"[0xcd][0xc7][0x10][0xb1][0xb8][0x10]2[0xd8][0xb][[0x99][0x85]e[0x8c][0xda][0xc4][0x2]d6]b[0x2]i5;[0xa1]Z=[0x9][0xb1][0x5][0x3][0xa3][0x80][0xa1][0xdf][0x11][0x1d][0xa0][0xd3]5[0xa0][0x5][0xc][0x91][0xf5][0xe]t[0xb0][0xa3]81)[0x11][0xd7][0x15][0x1a][0x96][0xa0][r[0xe8][0x11][0xde][0x96][0xa0]a [0xa8][0xf3][0xb1][0xf7][0xc6][0xb3][0x13][0x8b]*[0x13]-,@-S[0x8c][0xe1].sSz-c[0xb7][0x4]-[0xb7][0x83][0xba][0x93]P[0xba]@[0xea]6&[0xa6][0xa4][0x82][\n]"
17:11:38.629 [main] DEBUG org.apache.http.wire -  << "[0x16][0xc][0x87][[0x80]Oj[0xa3]O[0x0]#[0x8a][0x16]"[0x7]sK[0xe1]%#h[0xd8][0x1c]m}[0x85][0xa9][0x11][0xbd][0xb2][0xa2]%h[0xf7][0x1e][0x91]A[0xe][0xdb][0x8]X[0x96]Y[0x6][0x1b]}F[0x19]Y[0xb0]0[0x6]m[0xc2][0xa7]Kx#[0x1d][0xc4][0x86][0xf3][0xc8][0x1c][0xc8][0xae][0xfe][0xbc][0x92][0xcc]d[0xd0]\h[0x11]x"[0x1d][0xcb][0x19][0x5]F[0x86][0xf4]:[0xef][0xc4][0x12]i[0xa9]=[0x9e][0xe6]6h[0x1e][0x11]4[0xa1][0x95]S[0x9a]S[0x9a][0x81]m[0x94][0xc9][0xc4][0x92]V[0xa3][0xa4][0x0][0x0][0x0][0x0][0xff][0xff]"
17:11:38.629 [main] DEBUG org.apache.http.wire -  << "[\r][\n]"
17:11:38.629 [main] DEBUG org.apache.http.wire -  << "BBF[\r][\n]"
17:11:38.630 [main] DEBUG org.apache.http.wire -  << "*N-V[0xaa][0x8d]Elh[0xb5]D:7[0x4]k[0xf5][0x9e]V[0x9]:'$[0x5][0xc7][0x18][0x9e][0x89]1h;[0x18]][0x12][0x4][0xd2][0x8a]8[0xdc]K*2[0xf3][0x12]A[0x83][0xcf][0xa0]E[0x15]X[0xc6][0x10],[0x8c]A[0xad]^[0xfa][0xb8][0x16]1[0xf2]A[0xea]|'[0xf8]"[0x90][0xbc][0x92]|X[0xc0]C[0x86]p[0xb0][0xa4]kC#[0xd0][0xca]5[0xfa]x[0x7]1[0x96]N[0xcc]@N[0x1e]l[0xca][0x2]K#[0xc4][0xc][0xbc][0x9e][0x9f]>[0xae]F[0xac]H[0xc0]y[0x19]Obq[0xe]h[0x97][0x94][0x19][0xb8]fD?t[0xcb][0xc8][0x18]T_[0xd1][0xc7][0xad][0x88]V[0x1f][0xd6]s<A7[0x1c][0x95][0xe6][0x15][0xe7][0xe7][0xa5][0x83][0x97][0xb3]c[0xef]?[0x1a][0x9a][0x80][0xf6][0xcf][0xd0][0xc5][0xbd]H=^[0x9c][0xfd][0xc7][0xf2][0xcc][0xa2]D[0xb][0xf0][0xf8]4Z[0x97][0xc0][0xc2][0xd4][0xd0][0x84]>[0xab]:,AY[0x4]Z[0xfb]a-[0xdf] [0xb3][0xdb][0x89])[0x99][0xa0][0xa5]n[0x90][0xac][0x86][0xbe]L[0xcf][0xc4][0x14]t[0xcc]5}B[0x15][0x91][\n]"
17:11:38.630 [main] DEBUG org.apache.http.wire -  << "p[0xec][0x1d][0x87]6[0xef]K[0x12][0xf3]Jp[0xdd][0xfd]aj[0x0]:[0xfb][0x8c]>[0xee]EL[0xc9][0xe3][0x9e]cKO,[0xc9]/[0xc1]~[0xde][0xa5][0x89][0x9]h[0xac][0x92]>NEt[0xc4][0xf1][0xcd][0x1][0x81][0xe]z1[0xc0]1<c[\n]"
17:11:38.630 [main] DEBUG org.apache.http.wire -  << "[0xbe]F[0x9c]>[0xae]E[0xf4][0xba][0xf1]4$r[0xf0][0x95][0xb3]F[0xa0][0x89][0xe][0xfa]8[0x16][0xd1]6[0xc6]1[0x87][\r][0x1e][0x17][0x7][0xf5]@[0xf2]2A=[0x10][0xf4][0x5]w[0xa6][0xc6][0xa0]1w[0xfa][0xb8][0x15][0xb1]T[0x0]{G)=/[0xb1][0xb8]23[0x11]|[0x95]#z}`bB[0xb7][0x9c][0x5]Z[0x19][0x4]-[0xb7]H[0xb9]}![0x5][0x12][0xc8]f[0xc6][0xd8][0x86][0xbd]L[0xcc]@[0x7]l[0xd0]%[0x98][0x91][0xd6]cb[0x1f]!/JLI[0xcd][0xc3]up[0x9b])[0xdd]fY-A[0xab][0x97][0xa0][0xe1]Lh[0xe9]HZy&[0xf8][0xbc]o[0xac]k[0xb9]L[0xc]A[0x87]d[0xd1]'l[0x11][0xcd][0x1a][0xdc][0x93][0xae][0xe9][0x89]y[0xa9][0x5][0xa0][0xbb]\[0x8a]J[0x8b]AY[0xe]s[0xb3],[0x9d][0xb6]oZ[0x82][0xda][0xdc][0xd0][0x10]&u:-73'[0xd1][0xc0][0x0][0xd2]}[0xce]E,[0xe4]6[0xa5][0xdb]&'K[0xa4]qg[0xac][0xb7]/[0x80][0xe]4(1[0xc4]uB[0x9b][0xa9][0xa1]![0x9d][0x9a]9[0xa0][0xfe]"4[0x90][0xf1][0xd4][0x17][0xd0]s[0xf0]@[0xe7][0x82]B[0x9a]:hG[0xec][0x1b][0x99][0x82].[0xf3][0xa2]O"FTp8[0xea][0x8c][0xd4][0xd2][0xe2][0xc4][0x14]p[0x9f][0x1e]c[0xdc][0xc7][0xc8][0x1c][0xb4][0xf0][0x80]>[0xee]D[0xd4]m[0xc4]L<[0x80]fLR2[0xa1]C[0x83][0xd0][0x5]|[0xe8]C?[0xe0]k[0x91][0xe9][0xe3]xDeG[0xf0]P[0xd0]*[0xf0]1[0x8f]y[0xe0][0xa3][0x93]P[0xa6][0xd1]L[0xcc]@c[0xa3]tq/h%[0x5]4[0x15][0x13]*[0x8c][0xe1];[0x98][0x8c][0xc0][0xb3][0xed]([0xd3][0x95][0x86]F[0xf4][0x9a]F[0xb3][0x4]-[0xa5][0x80][0xba][0x18]wY\[0x81][0xe8][0xbc]a[0x1b][0xed]1[0xa6][0xdb]6[0x9]K[0xd0]h[\r][0xd4][0xb9]xW[0x6][0x14][0xe7][0x96][0xe6]e[0x82]'[0xd1]@[0x85]/[0xca][0x8d][0xe7]&[0xc6][0xf4][0x9a];[0xb3][0x4][0xcd][0x1b]A]Kj[0xcd][0x91][0x4]9[0x8]WUM[0xaf]b[0x19]4[0xc8][0xb][0xf5][0x1]1[0xe3]&[0xe0][0xae][0xbd])[0xd6]#[0x0][0xcc][0xe8][0x98][0xb][0x11]=%<uIIbiZf6d[0x8][0x16]48[0x8f]Rf[0x18][0x19][0x82][0xe];[0xa5]O[0x99][0x81][0xa8]HH[0x1d]i[0xab],[0xcd][0xc9]L[0xcc]K45[0xc4][0x96]+[0xcd][0x8d][0xe8][0xd4]'17G[0x1a]5N[0xcd]KOLOUH[0xc9]/[0xd1]M[0xce][0xcf]U[0xc8]K-)[0xcf]/[0xca].[0xc6]X[0xbb][0x3][0xba][0xac][0x3][0xdc]QII[0xc4]:[0x82]lf[0x2]:[0xcf][0x92][0xe][0x11]`n[0x8e]t<[0xc7][0x8d]u7[0x96][0xdf]X[0xb3][0xf5][0xc6]J[0xc][0x7][0xa7][0x83]2debI[0xa6][0x85]![0xb4]ZD[0x9f]b5[0xa7][0xd7][0x11][0x94][0xe6][0xc8]g[0xc3][0xbf]^[0xbf][0xe3]M[0xc7]L[0xc][0xe7][0xe6]T[0x16]'&[0xe6][0xe4][0x15]V&aK[0x1b]f[0xa6]t:M[0xd0][0xdc][0x1c][0xe9][0x88][0x8b] 7_]s[0x3]Cc[0xc][0xc7][0x16]%[0xa6][0x98][0x1b];[0xe4][0xa6][0xa6][0xea]&VeT[0xe6]&[0xe6][0xe9][0xa1]l[0xa5]6[0xa2][0xd7][0x88][0xab][0xb9]9[0xd2]![0x17][0xa9][0x15][0x5]9[0xf9][0x99]%[\n]"
17:11:38.630 [main] DEBUG org.apache.http.wire -  << "[0xa9][0x15]%[0xa0][0x9b]&[0x93]rR[0x15]J[0x8b]S[0x8b]0[0x93]rFR^[0xb9]nFNb[0x8e]CbNnZI[0xa5]nnI^%h[0xcd][0x14][0xa2][0xc1]o[0xc][0xde]zC[0x97][0xd4][0x8c]t[0x9f]K[0x90][0x9f][0xa1][0x82][0x89][0x99][0x91][0x11]Fx[0x97][0x17][0xe5]'e[0xc2][0xf6]<[0xa4][0x15]![0xdc]iF[0xaf]C=[0xcd][0xc1][0xdb][0xe2][0xa0]5Kf^IjzQbI[0xaa]B2hCinfUj[0x8a]Br~^YjQzj^r*[0x86][0xfb][0x8b]S[0xf3][0xf3]*S[0xf3][0xf3][0xd2]M[\r][0x1d][0xd2]K[0x93][0x12][0xd3]QC[0x9b]n[0xa3][0xc8][0xe6][0xc8][0xc7][0xd6][0xde]Xwc[0xe3][0x8d][0xe5]7[0xb6]c[0xb8]6[0xbd](5/3[0xb5](1'[0xb5][0x2][0xbc][0xb9]'[0xd5][0xa1] 3[0xaf]$_[0xf]9[0xe0][0x8d]L[0xe9]4[0xf0]mn[0x8e][0xb4][0xa2].[0xdc][0xc9]][0xd7][0xd8][0xd8][0x12][0xc3][0xc5]9[0x89]%[0x99][0xd9][0x89][0xe0][0xb][0xbc]K2[0xa1][0xab]I[0x10][0x89][0xc4][0x10]| [0x17]][0x12]3h[0xb8][0x7][0x9a]H,[0xcc]|[0x14][0xfc][0xcc]1[0xd3]rA[0x11][0xe8]D[0xad][0xc4][0xcc][0xdc][0xc4]\[0xec]s[\n]"
17:11:38.630 [main] DEBUG org.apache.http.wire -  << "fFt[0xda][0x81]inn[0x86][0xe8][0xae][0xdc]l[0xbd][0xb1][0xfe]f[0xd7][0x8d][0x8d][\n]"
17:11:38.630 [main] DEBUG org.apache.http.wire -  << "7V[0xdc]l[0xbb][0xd9][0x8c][0x11][0xc4]Y[0xa5]y[0xe9][0xc5][0xa5][0xe9][0xf9][0xe][0x95][0xa5][0x19][0x89]y[0x19][0xf9][0xa9][0xc5][0x89][0xa8][0x85][0x9e][0xa9])h[0xb5]4]B[0x19]i[0xac][0xb]>TW[0x94][0x99][0x9c][0xa1]P[0x9e][0x9a][0xa4]P[0x9c]ZT[0x96][0x99][0x9c][0x8a]Y[0xec]e[0xa5][0x16][0x17]g&'[0x82][0xe6][0x82]![0x8b][0xeb]J[0xf4][0xd0][0x97][0xc][0x9b][0x82][0x97]"[0xd3][0xc7][0xf][0x88]1[0xa5][0x1b][0xcb]o6[0xde]Xu[0xb3][0xf9][0xc6][0xf2][0x1b][0x1b]1[0xc2]=[0xb7][0xb4]([0xa5][0xd2][0x18]k[0xb][0xd5][0xd8][0x2]t[0xc8][0x15]}\[0x8b][0xe8][0x94]{)[0x18][0x9a][0x98](x{[0xf9]`85[0xaf][0xbc]H71'[0xa5]2/%[0xa3][0x12][%nn[0x0][0x9a][0xfb][0xa6][0x8f]{[0x11][0x9][0x9b][0xe8]j1%1[0xf]t[0x1d]P[0xaa][0xb9][0xb1]C^~~1JqgbA[0xa7][0xfb][0x5][0xcd][0xcd][0x91][0xba][0xe4][0xb8][0x8a][0xbb][0xd4][0xd2][0xbc][0xac]R[0xb]s[0x87][0x94][0xa2][0xd4][0xc4][0xdc][0xf2][0xcc]*[0xd4][0x8c]hl@[0xa7]M[0xc6][0xe6][0xe6][0xa0][0xd5]V[0xd0][0xe2][0x8e][0xe4]:1'5'[0xb5]47[0xb1](=[0xb1]4[0xc5][0xa1]$[0x13][0xb4][0xdc].[0x13]%[0xcc][0x8d][0xe8]u[0xe6][0x85][0xb9]9([0xc0][0xa0][0xfe]x[0xb5]i[0xef][0xdb][0xb9]k0[0xd2]vEbYfjQR~^^j[0x9]f[0xf2]07[0x7][0xcd][0x1e][0xd0]%e#[0xed][0xac]z3}[0xca][0x9b][0xe5][\r][0xaf][0xbb];[0xde]L[0xdb][0xa2][0xf0]f[0xde][0x84]W;6[0xbc][0x99][0xb7]T[0xe1][0xcd][0xc6][0x96][0xd7]-[0x13]0|[0x90][0x95][0x9a][0x98][0x97][0x9c]_[0x94][0x99][0x97][0x97][0xea][0x90][0x9c]S[0x9a][0xa4][0xb][0x8a][0xb1]"P[0x9f][0x0][0xa5]^7[0xa7][0xd3]A#[0xe6][0xe6][0xa0]A.h[0xa0][0xfb][0x94][0x96]d[0xa4]eb89[0xad](1/9[0xdb][0xd0][0xc4]![0xa5]47?[0xaf][0x4][0xf5][0x4]f[0x13]K[0xd0]yX[0xf4][0x9]sD[0xe9]Glw[0x11][0xbc][0xd2][0xc8][0xd8][0x18][0xd4][0x16][0xc1][0x98][0xdd][0xb6][0xa4][0xd3]\[0xbc][0xb9]9hB[0x12][0x1a][0xc4][0xce][0x89]E[0xf9]9[0x99]y[0x98]m[0xd3],P[0xbb][0xb4][0xb8][0xd4][0xc8][0xd4][0xa1][0xb2]T/[0x1b][0xa9]mmD[0xb7][0x1e][0xad][0x5][0xa8][0xe5][0x0]u'[0x8e][0xfc][0x97][0x94][0x98]S\T^T[0xe9][0x0][0xda][0x19]V[0x94][0x86]Z[0xe2][0x99][0x9a][0xd0][0xe9][0x98]0s[0xf0]-[0xd4]P[0x97][0xde]l[0xbc][0xd9]vc[0xf9][0xcd]6[0x8c]d[0x9b]Z[0x9a][0x9e][0x9a][0x97][0x9a][0x93]_[0x90]Z[0xec]P[0x9e][0x98][0x97][0x98][0x92][0x8f][0xda]v61[0x0][0x8d]R[0xd1]#[0xe5]Z[0x80]FT[0xa0][0xce][0xbd][0xb1][0x6]4T[0x80][0xe1][0xd8][0xf4][0xcc][0xdc][0xac][0xd2][0xbc][0xe2][0xd4]|[0x87][0xe2][0xfc][0xbc][0xac][0xc4][0xbc][0xf4][0xe2][0xd4]|[0xd4][0xd0]5[0xa3][0xd7][0xa1][0xc5][0xe6][0x16][0x6][0x88][0xd5][0x18][0xce][0xf9]y[0xc5]%[0x89][0xd8]:S[0xa9][0xa0][0x96]~vf.tT[0x3]e[0xac][0xd4][0xcc][0xc][0xe4]c[0xfa][0x4]-b%[0x86][0xb9][0xb1][0xa3][0x1f][0xe6] ARjQIQb^JeYj[0xb1]CR~iQJ~[0x1e]J[0x5]gj[0x8]:[0xa4][0x99]>[0x8e]E[0x8c][0xd9][0xe1]jT[0xe4][0xa6][0x96][0x94][0x17][0x9a][0x1b]9[0x14]%fe[0xa0]&[0x0][0xb]CP[0x83][0x9b]>[0xee]D[0x94][0xb4]8[0xea][0x84][0x14][0xe8][0xcd]F[0x99][0xd8]Z[0x98]&[0x86][0xa0][0x92][0x84]..[0x5][0x1d][0xb5][0x0][0xcd]YD[0xb7]0S3[0x1d]R[0x12]KsQ;[0xff]&[0x86]t[0xda]Ann[0x1]Z[0x95][0xb]u3[0xae][0xde])dx9[0xaf]2?[0x17]~[0x9c]![0xda]l[0x9a][0x5][0xfd][0xb2][0x18][0xe8]$%[0xa8]{q[0x17][0x7][0x19][0xa0][0xb9][0xbf][0xc4]<[0xd0]!j8[0xfa][0xd3]f[0xa0]f*][0x12][0x5][0xe8][0x9c][0x10][0xa8][0x83]o[0xac][0xbf][0xb1][0xe4]f[0xc7][0x8d][0x15][0x18][0x5]nVybF[0x11]h[0x4].1'#[0xb7]H7)O71'#[0xb1][0xa8][0xcc]!1'[0xbd]<1/[0xb7][0x0]5[0xf3][0x19][0x83][0xc7]?[0xe8][0xe3]z[0xc4]4[0x4][0xb1][0xcd][0x9c][0xa4][0xc4][0xf4][0xac]L[0xf0][0xc8][0x96]CViqf:d\[0x0][0xb9][0x15]a[0x6][0x1e][0xa2][0xa4][0x8b][0xfb]A{<[0xa1][0xa1][0x8f][0xb3]n[0xce][0xca][0xcc][0x0]9[0xd7][0xd4][0xd4]!'[0xb3],[0x15]5[0xa8][0xcd][0xcc][0xc][0xe9][0xb3]D[0xc3][0x1c]< [0x5]u*[0xae][0x9c][0x98][0x95][0x99][0x97][0x91]ol[0xe4][0x90][0x9e][0x99][0x9b][0x9e][0x98][0x97][0x9e][0x89][0xe6]V[0x3][0xd0]z}:[0x4][0xab][0x99]%[0xe8][0x9c][0x0][0xa8][qn[0xc][0xc8]J[0xcd][0xc9],I[0x84][0xdd]E[0x8b][0xad]h67[0xa5]S[0xf][0xda][0xcc][0x12][0xe9][0xe6][0x6]b[0xef][0xae][0xce]I[0xac]*M,J[0xc1]Z[0xa9][0x98][0x99][0x81][0xa6]E[0xe9][0x13][0xd4][0x88]j[0x9a][0xc8]=/)[0xf9])[0xf9][0xe5][0xa5]9[0xf8][0xca]?[0x13][0xf0][0x81][0x83][0xf4]q?[0xa2][0xfa]&x[0xe8]%h[0xf3][0xa2][0xa1][0x9][0xa8][0x83][0x4][0xea][0x83]f"[0x1d][0x1b]ihibF[0xa7]U<[0xa0]#[0xf5][0xa1]i[0x1b][0xcf]y[0xe6][0x19][0xf0][0x95][0x1a][0xe0][0xf3]}[0xd1][0x17]SZ[0x98][0x19]X[0xd0][0xc9][0xbd][0xa0][0xd5]BP[0xf7][0x12]\_[0x92][0x88]t[0x82]kA[0x89][0x1e][0xca]e[0x2]&&t[0xb]b[0xd0][0x8a],[0x98][0x93]q_[0x86][0x1]:R1[0xbf]<?[0x1d][0x94][0x90][0xb1][0x15][0x1f]FFFt:[0x96][0x10]|\[0x19][0xd4][0xc1][0xa4].[0x82][0xa8][0x82][0x1f][0x4][0x9d][0xa2][0x87][0xb6][0x2][0xdf][0x1c]|[0xfb][0x17]]r!h-[0xe][0xd4][0x3]x[0x96][0x13][0x14][0x83][0xae]?[0xcf]K44[0xc5][0xde]j2[0xa4][0xdf][0xd2]k[0xd0]p[0x8][0xd4][0xbd]X[0x97][0xfc]ee[0x82][0x8e][0xac]6[0xc3]z[0xfe][0x92][0xb9][0x19]h[0xbe][0x96]>[0xc1][0x8a][0xe8][0xf0][0x91][0x9a].[0x8a][0xa0][0x97][0x9c]C[0xbb][0xac](k[0xa7][0xcc][0xcd]@+b[0xe9][0xe3][0x3]D[0x3][0xf][0xf7][0x8e][0xae]b[0xd8]6([0xc8][0xfd][0x9a][0x88]i4#c[0xd0][0x88][0x1d]}[0x1c][0x8a][0xa8][0x7][0x89][0xdc][0x1b][0xc]=[0xd0]4[0xb3],[0x11]6M[0x8c]2#oA[0xbf][0xf5][0xee][0x86][0x88]:[0x10][0xcf][0xc9][0x14][0xc5][0xe0]C[0xd0][0xf2][0xc1][0x9b][0x84][0xb1][0x95]w[0x86]t[0xbb][0xe6][0xd6][0x12][0xd4][0xe8][0x85]f?[0xf8]lZIiQ[0x9e]nvj[0xa5]Bq~NiIf~[0x1e][0xe6]t[0x1a][0xf4][0xf4][0xb6][0xbc][0xe4][0xc4][0x8c]J[0xf0][0xe]~[0xf4][0xb5][0xfb]ft;[0x8c][0xdd][0xd2][0xc8]@G[0x9][0xea][0x5][0xac]{[0xb9][\n]"
17:11:38.630 [main] DEBUG org.apache.http.wire -  << "[0x12][0xf3]RJsAuKqb[0x11][0xf6][0x13][0x88]-[0xe9]u[0x0][0xa1]%ho[0x13][0xd4][0xb1]D6[0xf2][0x12]sSs2[0x13][0xcd][0xcc][0xb0]m103[0xa7][Mn[0x84][0x98][0xb2]$[0xf1][0xb2][0xd0][0xa4][0xcc]"[0xd0]1[0x9b][0xd8][0x12][0xba][0x99][0x11][0x9d]&1[0xcd],[0x91][0x86][0x13]H][0xb8][0x6][0xbb]B[0xaf]*1[0xa3]([0x11][0xb4][0xf8][0xe]e[0x97][0xb6][0x9][0xdd][0x8e]d[0x5][0x9f]D[\n]"
17:11:38.630 [main] DEBUG org.apache.http.wire -  << "M<8;c[0x19][0xa5]%[0x89][0xc5][0xf9][0x99]%[0x19][0x89][0xc5][0x99][0xb9][0xd8][0xc2][0x1c]2[0x8c]M[0x97][0x92][0x1c][0xd4]j[0x83][0xba][0x97][0xf8][0x92][0xbc]8[0xb5][0xa4][0x12]4O_[0x99]Y[0x92][0x87]k[0x1f][0xb4][0x11][0xdd][0xf6][0xb1][0x81][0x86][0xe7][0xa0]^ [0xd8][0xe6][0xae][0x4]/[0x11][0x84][0xdc][0x17][0x8a]>[0xef]cA[0xb7][0xb]6,[0x91]FBp[0xac][0xf5][0x87]\[0xeb][0x6]^[0xfe][\n]"
17:11:38.630 [main] DEBUG org.apache.http.wire -  << "[0xda][0x9c][0x80]e[0xef][0xb6][0x99])[0xdd]z5[0xa0][0xbb][0xb6][0xa0]!Ld[0x87][0x1d]tE|[0xa2][0xb9][0x5][0xf6][0xa6][0xab]1[0xfd][0x9a][0xda][0xc6][0x88][0x9][0xb][0x1c][0xdb]G[0xd3]3sR[0x12][\r][0xcc][0xb1][0x15][0xdd][0xa6][0xc6][0xa0][0x95][0x9c]t[0xc9][0x86][0xa0][0xc5]Z[0xd0][0x10][0xc6][0xb9]1[0x1b]z[0x89][0xb6][0xa9]9[0xa8]O[0x8e][0xb6]{[0xc9][0xd8][0x0][0xb4][0xad][0x97]>NE[0xb4][0xfd][0xb0][0xd6][0xe5]Y[0x89][0xb9][0x89]9)[0x89]I[0xa5][0xd9][0xd9][0xa9][0xa0]}Vh[0xc3][0xd3]t[0xdc][0x16][0x86]t[0xb3][0x1f][0xa9][0x1d][0x82][0xfc][0x82][0xd2][0xbc][0xf4][0xdc][0xd4][0x9c][0xc4]<pk[0x4][0xa5]C@[0xbf]#[0x86]-A[0xe9][0xf][0x9a],[0x88][0xd9]k[0x3][0xba][0x1b]-[0xa3](1[0x3]r[0xfc][0x14][0xb6][0x9a][0xc5][0xd0][0x0][0xd4][0xf9][0xa4]K:[0x1]5[0x1b][0xa0]n'[0xb1]5[0x2]?w[\n]"
17:11:38.630 [main] DEBUG org.apache.http.wire -  << "[0xde]tE[0xeb][0xab][0x9b][0x19][0x83][0x16][0xc6][0xd1][0xc7][0x17][0x88]c+[0xf0][0xf4][0xd5][0xb]@[0xcb][0x5][0xf3][0xc0][0xa7][0xe5]&f[0x82]v[0xc][0xa5][0xe8]al[0xd1]24[0x5][0x1d][0x1]E[0x1f]G#[0xe][0xa7][0xc0][0xb7][0xa9]%'[0xb5][0xb8]$[0xb1]([0x13]\[0xc9][0xa4][0xc0][0x8e][0xb7]AI[0xea]ff4[[0xc3][0x1][0x0][0x0][0x0][0xff][0xff]"
17:11:38.630 [main] DEBUG org.apache.http.wire -  << "[\r][\n]"
17:11:38.631 [main] DEBUG org.apache.http.wire -  << "344[\r][\n]"
17:11:38.631 [main] DEBUG org.apache.http.wire -  << "[0xc2]8v[0x5][0xd1]x%&[0xa9][0x83][0xce][0xb7]I[0xac]L[0xcc][0xcb][0xcc]N[0xcc],J,[0xc3][0x96][0xd6]-[0xcc][0xe8][0xd6][0x4]AZ#MjIS[0x9c][0x98]S[0x9e][0x8][0x8e][0x2]P=[0x8f][0xe5]x[0x10]cc:-[0xad]7[0x3][0xf][0xeb]B[0xb3],[0x91]=[0x1f][0xd0][0xcc]Gqb[0x11]hh[0x1e]|[0xe7]Wr[0x19][0xca][0xb9][0x9e]&f[0xa0]m[0x98][0xf4]I[0xf3][0x88]j[0x89][0xd0]9Z[0x99]IE[0x89]y[0x99][0x16][0xa6][0x18][0xfd][0x4]#3sc:[\r][0x14][0x83][0xf2][0x15]4[0xa8]I9[0x5]15[0xa7],3/[0xd1][0xd8][0x4][0xe2]t[0x94][0xb0]63[0x7][0x9d][0x8f]M[0x9f][0xb0]F[0xac][0xde][0xc4]}${QbZf[\n]"
17:11:38.631 [main] DEBUG org.apache.http.wire -  << "[0xe8]0[0x91]b[0xac]7f[0x99][0xd2][0xef][0xe4][0x0]S[0xc4][0xc0] [0xd2][0xf9][0x81][0xc4]][0x1d]X[0x96][0x99]][0x92]_d`[0xc][0x1b][0x19]D[0x9a][0x6]17[0x2][0x19]L[0x97][0x0][0x7][0x1d][0xdb][\n]"
17:11:38.631 [main] DEBUG org.apache.http.wire -  << "M-D[0xf6][0xd2][0xb2][0xf2]3[0x12][0xf3]`[0xa7][0x97][0x81][0x1a][0x8c]([0xd3][0xb]t[0x9c][0xc1][0x1][0x15]^P[0xa7][0x13][0x9a]r[0xca]I[0xcc].[0xce][0xcd],O,[0xc9]L,-[0xca]/[0xc2][0x9e]l[0x8c][0xe9]V[0x8b][0x82][0xf6][0x8b]A][0x8e][0xfd]`[0xc][0xd0]][0xe6][0x89]E%[0x99]%[0x99]yX[0xbb][0xf]t[0xbb]1[0xd0][0x12][0xe9][0xf8]e[0x1c][0xfd][0xc9][0xdc][0xc4]"[0xd0][0xd9][0x7][0xf0][0x82][0x1a]K[0x87][0xd2][0xd8][0x18]4[0xd2]H[0x97][0xf4][0x8c][0xb4]e[0x84][0x94]![0xcd][0x92][0xc4][0xdc][0x82]R[0xf0][0xf5]*[0xa0][0xb5][0xe0][0xc5][0xe5][0x89]EX[0x8f][0xce][0xb7]0[0xa3][0xdb][0xc9][0x13]H[0x87]3[0x13]wt~irFf[0x9]|'[0xc][0x96][0xea][0xde][0x8][0xbc]}[0x90].[0xb1][0x0]Zv[0x3]M[0xe0]X{r9[0x89]I[0xa5][0x19]&[0xb0][0xdd][0x89](#jff[0xa0]kZ[0xe8][0xe3]J[0xc4]x=[0xbe][0xca][0x6][0xda][0xe9]IN[0xcd]K[0xcf][0xce],[0xc2][0xd6][0x1e]45[0xa2][0xdb][\n]"
17:11:38.631 [main] DEBUG org.apache.http.wire -  << "[0x7][0xd0][0xb5][0x8a][0xd0][0x90]%8$[0x5]9[0x9f][0x6]t[0xbf][0x6]VW[0x1b][0x9b][0x82]:Rt[0x9]iP[0x94]B][0x8d]{[0xeb]>l{[0xe][0xe8]:[0x1b][0xd0][0xc]T%J#[0xc4][0xd0][0x94]n{[0xe1]A[0xeb][0xe0][0xa1][0xae]E[0xaa][0xd5]A[0xdb][0x14][0x12]A[+[0xb]r[0x12]K[0xd2][0xf2][0x8b]r1'F[0xc0][0x17][0xec]%[0xe6][0x81]nN-[0xcb][0x4]-[0xa3][0xc3][0x92][0xb]-[0xc]@;[0xc5][0xe8][0x13][0xea][0x88][0xce][0x1a][0xce][0xa1][0x9f]\[0xe8][0xa6]4P[0xb3][0xf][0xcb][0xb9][0x87]&FtZ[0x0]jfi[0x89][0xe8][0xa6][0x11][0xd9][0x12])-[0xae][0xcc]42[0xc6][0x96]!-,A[0xbb]c[0xe9][0x13][0xc8][0x88]q@[0xac]S[0xd8][0x85][0x88]5:[0x5])[0x98][0xdb][0xce][0xe8][0xb5][0xc0][0xd6][0xcc][0x12]i[0xfb][0x8][0x91]][0xb0][0xca][0xb4][0xd2],[0xd0][0xf5][0xb4][0xd8][0x9a] &&[0xa0]e[0xb0][0xf4][0x9]a[0xc4][0xdc]5[0xbe]i[0xd5][0xcc][0xbc][0xc4][0xf4]D[0xf0][0xf9]w[0xd8][0xc7][0x86]M[0xc]@[0xb7]N[0xd2][0xc7][0xc5][0x88][0x1e]#[0xbe][0xf3][0xef][0x92][0xcb][0xa1][0xf7][0xb9]b)&[0xc]-A[0x87][0xb0][0xd2][0xc7][0xb5][0xc4]T[0x83]I[0xa5]%[0x89][0xb9]X[0x17][0xc9][0x99]Z[0x82][0x96]&[0xd1][0xc7][0xa5][0x88][0xde]![0xee]j$9[0xb1][0xbc]4[0x1b]|[0xdc]DQ[0x9][0xf8][0x4]<[0x94][0xe6][0x85][0x85]%h[0xca][0x81][0xe][0xae]57[0x0]-H[0x87]V#[0x4][0xab][0xea]2[0xe8][0xaa][0x0]lY[0xcd][0xd4][0xc]4[0xa9]C[0x1f]'#[0x8d]I[0xa6][0xe6][0xe7][0xe4][0xa7]g[0x16][0x97][0xe8]([0x94][0xa7][0xe6][0xe4][0x14]g[0x96]`n [0xca]N[0xcc][0x3][0x15][0xc0]X[[0xfc]t:[0xbd][0xda][0xdc][0x0][0xb4][0xed][0x3][0x1a][0xcc]x[0x16][0xf2][0x81][0xa7]o[0xcd][0x8c]@[0xfd]U[0xb4][0x9][0xe]3[0x13]:[0x1d]<kn[0x0][0x1a]5[0x84]:[0x15]g[0x85]\RU[0x9a][0x93][\r][0xbe]%[0xf]~[0xaf]v^[0x9]b)[0x8e][0x85]9[0x9d][0x6][0x92][0xcc][\r][0x90][0xb6][0xe4][0xa0][0x8c][0xf5][0x2][0x0][0x0][0x0][0xff][0xff]"
17:11:38.631 [main] DEBUG org.apache.http.wire -  << "[\r][\n]"
17:11:38.631 [main] DEBUG org.apache.http.wire -  << "19F[\r][\n]"
17:11:38.631 [main] DEBUG org.apache.http.wire -  << "RrI-N.[0xca],[0x0]-[0xe]Q[0xb2]R[0x82][0x1c][0xc3]e[0x8a][0xf5][0x14]D3[0xb][0xd0]L[0x9]}[0x92].b([0x86][0xd0](][0x1][0xbc][0xaf][0x8a][0xfd][0xcc]"z[0x9d]xfn[0x80][0xb4]^[0x19]w[0xf][0x4][0xda]B[0x83],[0x5][0xc1][0xd6][0xda]14[0x1][0x8d][0xe2][0xd0]'[0x94][0x11]5[0x1b][0x89]S/[0xa0]nH[0xb6][0x89]%[0xf6][0xba][0xd9][0xd4][0x98]N[0xb][0xad][0xcd][\r]@S[0xdb][0xd0]<[0x88]{%\2[0xe4][0x96]&P[0xa3][0x18][0xe5][0xde]+c[0xba][0x1d][0xef]b[0x80][0xb4]>[0x19]gYQ[0x9e][0x98][0x9c][0x98][0x97][0x98][0x9e][0x99][0x7]>[0xba][0xf]}1[0xb5]1[0xbd]n[0x92]27[0x0][0xb5][0x0][0xa0][0x81]J[0xe4]4~%h[0xa9][\n]"
17:11:38.631 [main] DEBUG org.apache.http.wire -  << "hV1/[0x1d]4[0x95][0x8b][0xbc][0x8][0xdc][0xc8][0x10][0xb4][0x99][0x86].[0xc9][0x19]i[0x85]2)c[0xe5])[0x89][0xb9][0xa0][0xf9][0xa1]T[0xf0]5[0xcd])zh';[0x1a][0x1a][0x83][0x96][0xb5][0xd2][0xc7][0xfd][0x88][0x1e][0x1e])[0xa3]][0xd9][0x89][0xc9][0xa0][0xab][0xca]-A[0x7][0xce][0xa1][0xd5][0x86][0xa6]Ft[0xba][0xb3][0x19]t[0xba][0x12]|[0xe9][0x1e][0x9e]v}z^~YfI"x[0xf5]^[0x1][0xda]Fps[0xb]:[0xcd][0xd6][0x9a][0x1b][0x80][0xa2][0x14][0x9a][0xc2][0x91][0xc6][0x4][0x88][0x1b][0xe9][0x7][0xdd][0xce]j[0x2][0xde][0x10][0x8e]1ukjB[0xa7]Ags[0x3][0xd0]*G[0xa8][0xf][0x8][0x1d][0xf8]X[0x86][0xba]h[0x19]-[0x89][0x98][0x98][0x1b][0xd1]g[0xd3][0x83][0xb9][0x1][0xa8][0x8f][0x9]u3[0xce]5o[0x90]y[0x14]ssPa[0x8d][0xbe][0x10][0xd5][0x90]^[0xb3][0xcc][0xe6][0x6]H;,[0xf1][0xf5][0xf9][0x8a][0x12]3[0x12]+K[0xb3][0xc1][0xeb][0xf3][0x92][0xcb][0xf4][0xd0][0x82][0xd6][0xd4][0x90]~A[0x8b][0xe8][0xf5][0xe1][0xbc]T[0x0]r[0xee] bl[0x1c]T^[0xa0][0x7][0xb1][0x85]9[0xe8]z[0x2][0xfa][0x94]v[0x88][0xee][0x1f][0xee][0xaa][0x1b][0xd2]L[0x2]]I[0xf][0x1a][0x80]+M[0xd1][0xcb][0x3][0x0][0x0][0x0][0xff][0xff]"
17:11:38.631 [main] DEBUG org.apache.http.wire -  << "[\r][\n]"
17:11:38.631 [main] DEBUG org.apache.http.wire -  << "3E3[\r][\n]"
17:11:38.631 [main] DEBUG org.apache.http.wire -  << "J-A[0x19]H4[0x6][0xaf][0xa4][0xa4][0x8b][0x83][0x91][0x16]'[0x93][0xd8]Z[0xca]KL[0xc9][0xcc]K[0x85][0x9e][\n]"
17:11:38.631 [main] DEBUG org.apache.http.wire -  << "[0x9a][0x82]z[0xfc][0x85][0xb1][0x81])}[0xce][0xd4]47@Z[0xb0][0x8c]up+;5[0xaf]*3[0x15]tlt[0x8a][0x1e][0xfa][0xde]([0x13][0xb][0xd0][0xdc][0x11]}[0xc2][0x19]Q[\r][0x92][0xba]H[0x2]|rX[0x1e][0xfe]e[0x12][0x16][0xa0])u[0xfa]x[0x4]1[0x6]JJ{[0x4]~[0xd9][0xa5][0xb9][0x5]([0x8b]b[0x19][0xc7][0xb5][0xa0][0xd7][0x9c][0xb8][0xb9][0x1][0xd2]ZkR[0xda]$)[0x89])[0x89][0x5][0x86][0xb0][0xd9]p,^02[0x7][\r][0xa8][0xd0]'[0x1a][0x10]}Ib[0x8e][0x92][0xcd]I,)-[0xc8][0xcf][0xcb][0xcf][0x2][0xaf][0xd5][0x2]5g[0xd1][0x17][0x0][0x1b][0x9b][0x81][0xe6]%[0xe9][0xe3]v[0xc4]h)[0xa9]y[0x1][0xb4][0xbe]/[0xd3][0xd8][0x10][0xe4][0x1],[0xe1]oh[\n]"
17:11:38.631 [main] DEBUG org.apache.http.wire -  << "[0x1a][0xbe][0xa0][0x8f][0x1f][0x10][0xbd]L[0xe2][0xe6]>[0x93]3[0x12][0x93]2[0x93]2[0xb1]w.ML[0xe8]6[0x8][0x1][0xaa][0xbd]a[0xed][0x15][0x5][0x3]Cc[0x5][0xff][0x0][0x8c][0xf1][0x12][0xc8][0x1a][0xc4][0x92][0xec][0xc4]"P[0x5][0x85]e[0xec][0xcc][0xd0][0x84]~[0x5]'[0xa2]F[0xc5]7[0xc4][0x93][0x9d][0x98][0x95][0x9a]g`[0x80]m[0xec][0xc1][0x84]^[0xb7][0xa3][0x9a][0x1b] [0xad][0xc6]'5e'[0x96][0xe4]&f%[0xc2]Z[0xb5]X[0xc2][0x9c]~G[[0x18][0x80]&][0xa1]i[0x84][0xc8]y[0xae][0x82][0xd4][0xa2][0x92][0xcc][0xf2][0xcc][0x1c][0xf0][0x94]"hf43[0x7]1 hjH[0xa7]m[0x90][0xe6][0x6] [0x8b][0xa0].[0xc7][0xda][0x1a]([0x4][0xef][0xb3][0xca][0x1][0xef][0x92]A[0xeb][0x13][0x9b][0x1b][0xd1][0xeb][0x0]@[0x3][0xd0][0xcc][0x1f][0xd4][0x95][0xb8][0xc7][0xd4][0x8a]R[0x8b]KJ[0xf3][0x12]s[0x13][0xd3][0x13]AC[0xc2][0xc8][0xc3][0xf][0x86]F[0xa0]!"[0xba][0x94]sH[0x8b];[0x89]+[0xe7][0xb2]K[0x8b][0xf2]2[0x13][\r]q[0xdc][0x99]df[0x2][0x9a]g[0xa7][0x8f][0xcb][0x11]5d@qer[0x6]|[0xae] -[0xbf][0x8]t[0x4]q2F[0xb1][0x97][0x9e]^[0x9a][0x97]XT[0x92][0x8f][0xbd][0x8c]62[0x5]-[0x19][0xa1][0x8f][0xd3][0x91]*[0xc8][0xbc][0xc][0xd0]9S[\n]"
17:11:38.631 [main] DEBUG org.apache.http.wire -  << "iE[0x99][0xc9][0xa0][0xd1][0xec][0x9c][0xd4][0xe2]b[0x85][0xd4][0x8a][0x82][0xd4][0xa2]L[0xd0]a[0xbe][0x98][0x13][0xfc][0x89]E%[0x89]H[0x3]W[0x5]%z[0xb9][0xa8][0xab][0x14][0x8c]L[0xe8]6<[0xf]:*[0x16][0x9a][0xce][0x89],GJA[0xab][0xf6][0xc][0xb0]n[0xa6]66[0xa7][0xd3][0xa1]"[0xe6][0x6][0xa0][0xc6]4[0xd4][0xdd]Xo[0x89]KL[0xaa]L,[0x6][0xed][0xf0][0xc1]RL[0x9b][0x9b][0x82]F[0xcc][0xe9][0x93]L[0x10]U#[0xd6][0xc2].[0x1b]:[0x8][0x88][0xad]R4[0xa7][0xd7][0xce]Fs[0x3][0xd0],144Iim[0xc3]v5[0x16]%&g[0xa4][0xe6]`[0xf5][0x83]9[0xdd]&JA[0xdd]Y[0xa8][0x1f][0xf0][0xb5]B[\n]"
17:11:38.631 [main] DEBUG org.apache.http.wire -  << "[0xa1]-'[0xe8][0x82]Y[0xd4][0xd3][0xdf]LA[0xcb][0x1b][0xe8][0x92]0@[0x13][0x9b]P[0xd7][0xba]([0x18][0x9a][0x19][0x9b]+[0xb8][0xf9]a[0x94]v[0x95][0xe5][0x99])[0x99][0xd0][0xd9]}[0xac][0x93]L[0xc6][0xa6][0xa0]=[0xb5][0xf4]q0y[0x9d][0xca][0xaa][0xd2][0x9c][0xc4][0xcc][0xec]D[0xa4][0xfb][0x89]1F/[0x8d][0x8d]A[0x83][0x8a][0xf4][0xf1][0x4]b[0x99][\r][0x9e]Y[0xde]4[0xf0][0xbc]?h[0xbb][0x3][0x96][0xc2][0xc3][0xd0][0x18]4FG[0x1f][0xd7]"[0xaa]G[0x92]G[0x8b][0xb]@[0xb7]7[0xc0][0x8e]8Dn[0x98][0x98][0xd0][0xeb]2#s[0x3][0xd0]|"4[0x8d][0xe3]X[0xf5][[0x9c][0x99][0x9b][0x9f][0x7];[0x8][0x0]4[0xf4][0x8a][0xd6][0xe0]36[0xa0][0xdb][0xc0]6[0x9][0xeb][0xc0]a[0xf3]z[0x5][0xa0]!5[0xd4]QA:[0x16]w[0x88][0x9a][0x5][0xe7][0xa0]vNbfN"[0xac][0x90][0x86][0x16]x([0xc7]Z[0x18][0xd3][0xaf][0xad][0x7][0x1a][0xba][0x80]&[0x6]<[0xf3]4[0xe0][0xb1]J[0xc8][0xb8]v[0x1][0xe6]`[0xa0][0x99][0x5]h[0xbf],][0xf2][0x1e][0xd2][0xc2]i[0xdc][0xf7][0xa4]&[0xe7]&[0xe6][0x15][0x97]b][0x16]kdD[0xa7][0x9d]E[0xe6][0x6][0xa0][0x91]sh[0xc8][0xa6][0x92][0xda][0x14][0xcd]J[0xcc][0xcc]A[0xb9][0xf5][0x1e]}[0xfc][0xd5][0xd4][0x14]t|[0x1b]}[0x82][0x1c]Q[0xc3][0xe0][0xd8][0xb][0x9d]S[0xc][0xda][0xc4]U[0x9c][0xf]*)P[0xd7]c[0xd1]o`[0x12][0xb4]F[0x1b][0x1a][0xda]8[\n]"
17:11:38.632 [main] DEBUG org.apache.http.wire -  << "[0xb5]|[0xf0]r&[0xac][0xf5][0xb5][0x85][0x1][0xbd][0xe][0x1a]60CT[0x1e]8gf[0xca][0xa1];,[0xb1][0xb5][0xdc],[0x8c]@[0xe9][0x8a]>[0x11][0x8f][0xe8]K[0x11][0xd7][0x81][0xad][0x82][0xf5][0x2]A][0xa7][0xcc][0x1c][0x94]"[0x98]n[0xfb][0x13][0xcc][\r][0xcc][0x10][0x3][0x8c][0xc4]l[0x9][0xcd]J,*[0x7][\r][0xbe][0x94][0xe6][0xe4]$[0xe6][0xa5]c[0xef][0xc1][0x9a][0x99][0x83][0x16]0S3[0xd4][0x1][0x0][0x0][0x0][0xff][0xff]"
17:11:38.632 [main] DEBUG org.apache.http.wire -  << "[\r][\n]"
17:11:38.632 [main] DEBUG org.apache.http.wire -  << "372[\r][\n]"
17:11:38.632 [main] DEBUG org.apache.http.wire -  << "[0xca]KW((-[0xc2][0xd8][0xd0]j[0xe]^@[0xe]M[0xc8]H[0xad][0xb]"[0xd6][0xa7][0x97]&[0xa6][0x14]eB[0xd6][0xa7]cM8f[0xa0][0xf9]V[0xfa]x[0x1]Q[0x7][0xe2]nD[0xa7]C[0x7][0xbe][0xb0]-[0x8a][0xb4]0[0xa7][[0xd3][0x13]t[0xc0]?4[0xb8][0xb1]nfI[0xcc][0xc9][0xcd],J[0x84]tN[0xf2]p[\r]p[0x98][0xd2][0xeb][0xf6]ms[0x3][0xd0][0x8a]}[0xa8]{q[0xae][0x1c][0x2][\r]b[0x14][0xa4]&&g[0xe6][0x95]dd[0x82][0x87][0xc0][0xd0][0xa7]I[0x8d][0x8c]A[0x1d]u[0xba]$[0x6][0xd0])h0[0x7][0x13]7[0x98][0x94][0xb][0x1a][0x88][0xc9][0x3]e[0xc9][0x94][0xc4][0x9c]Dh[0xfb][0x8]m.[0xdd][0xc2][0x0]4[0xfd]J[0x1f][0xf] :'8[0xea]?Hs#9[0xb1]<[0xb3]81[0x5][0xbc]*[0x19][0xb5]5g[0x6][0xda]sB[0x1f][0xb7]"j[0x17]b[0xe6][0xb6]`M[0xfc][0xf4][0xc4][0x9c][0xcc][0xc][0xec]%[0x9f][0xa1][0x5][0xdd][0x6]L[0x91][0xae][0x0]E*[0xf9][0x88][[0x85][0x93][0x9c][0x9]:[0x93][0x1d]z[0xe1]8[0xe4]J^[0xd4][0x13][0x9],,[0xe8]s[0xf6][0xa8][0xb9][0x1]h[0xac][0x13][0x9a][0xe0]q[0x97]~[0xa9][0xa0][0x1d][0xce]%[0xe0][0x95]}[0xe8][0x7][0x9d][0x18][0xd0]kh[0xc6][0x10][0xb4][0xe7][\n]"
17:11:38.632 [main] DEBUG org.apache.http.wire -  << "[0xea]R[0x12]W0[0xe4]$[0x16][0xe7][0xe6][0xe7][0xe5][0x83][0xe7][0xd7]K[0xc0]G[0x9d][0xa0][0xec][0x13]6[0xb3][0xa4]W[0x8a]7DZ N[0xe4][0xc6][0x17][0xd0]~[0xd6][0xdc][0x82][0xd2][0x9c][0xa4][0xc4][0xdc]$P[0x85][0x8f]e0[0x1][0xb2]|[0x8d][0x1e]9[0xd6][0x10]4[0xed][\n]"
17:11:38.632 [main] DEBUG org.apache.http.wire -  << "[0x8d][0x3][0x9c][0xe5]y[0x11][0xe8][0x84][0x90][0xc4][0xe2][0xcc][0x8c][0xfc][0xdc][0xa4][0xcc][0xbc]tl[0xb5][0xbb][0xb1][0x9]h[0x9c][0x8d]>.F[0x94][0x87]D[0xce][0xe]T$[0xe6][0x81]aqFfQiJJ&l[0xed];[0xda][0xf0][0xba]![0xf8]^[0x13][0xfa][0xf8][0x1]QN[0x12][0xb9][0xa4][0x15][0xb4][0x11]t|Y[0xe][0xa8]J[0xc2][0x92]d[0x8c]L@[0xf9][0x9e]>[0x8e]'[0xb5]]^[0xe]:[0xa4][0xf]r[0x3][0x0]h[0x5][0x9][0xda]`[0x8e][0x85]9[0xa8]SM[0x1f][0x97]#Z[0xe6]X[0x1b][[0xa5][0x95][0x89][0x99]y[0x89][0x19][0xd9][0x89][0xb9][0x89]E[0x99][0xd8][0xf7]h[0x1b][0xd0][0xab][0x1c]7DZ[0x14]J[0xea][0x8c]tAQbvbq"hN[0xb7][0x8][0x14][0xe2]([0xcd][0x1][0xb]Cz[0xd5][0xa8][0x86][0xa0]V4[0xb4]p[0xc1][0xd9][0xd9][0xcc][0x5]-w[0x86][0x9d][0xbb]U[\n]"
17:11:38.632 [main] DEBUG org.apache.http.wire -  << ":[0xdf][0xb8][0xc]1[0xff]lnjdI[0x97][0x93]M[0xcc][\r]A[0xbd][0x13][0xa8][q[0xaf][0xff][0xab][0x80]m[0xaa]+M[0xd1][0xc3][0xb2][0x8a][0xc5][0xc4][0x12][0xd4][0xda][0xa4]KR[0x6][0x8d]6C[0x9d][0x8b]5)g%[0x82][0xae][0xb3]).N[0xcc]K[0xcc][0xc0][0xd6][0xc5]1[0xb7][0xa0][[0xae]C:[0xb9][0x16][0xf7][0x9c]ye~qj[0x1a][0xae][0x93][0xf7][0xe8]v[0xc8][0xbf][0xb9]9[0xd2][0x89]v[0xaf]77[0xbc][0x9d]9[0xe5][0xf5][0x84]9[\n]"
17:11:38.632 [main] DEBUG org.apache.http.wire -  << "o[0xa6]Oy[0xdb][0xb2][0xe1][0xed][0x94][0x96][0xd7]s[0xf7][0xbc][0x99][0xbb][0xe5][0xcd][0xb2][0xe][0x85]7[0xb3]w[0xbe]i[0x99][0xf3]zg[0xcb][0x9b][0xae]%[0x18][0x13]4[0xc5]%[0xa9][0x5][0x19][0xe0]k[0xff]Rs2S[0xcb][0x8a]R[0xb1][0xdc][\n]"
17:11:38.632 [main] DEBUG org.apache.http.wire -  << "a[0x1]>[0xb0][0x95][0x1e]i[0xc5][0xdc][0x1c]Q[0xdb]@[0x7]R[0x8a]S+*[0xf1][0xce]Eg[0xe4]$Z[0x18]bo[0x91][0x9b][0x9a]Z[0x9a][0xd0]'OZ[0x80][0xa6][0xbb][0xa1][0x89][0x1c][0xc7][0xfd]])[0x89]e[0x99])9[0xa5][0xc9][0x89][0xc5][0xe])I[0xb9][0x89][0x99]9[0xa8][0xd7]Y[0x18][0x19][0xd0]k[\r]?x[0xdd]/[0xd4][0xad][0xc4][0xde]rR[0x91][0x9c][0x9f][0xea][0x90][0x85]z;[0x9a][0x85]![0x9d]N31[0xb7]DZ [0x12][0x94][0x98][0x9b][0x88][0x91][0x8a][0xa1][0x17][0x9b][0x9a][0x98][0x81][0x16][0xb1][0xa0][0x8c][0xab][0x9a][0xd3]m[0x13][0x8d]%he[0xf]4Xq[0xdf][0x10][0x9a][0x3]^[0x1b][0x4][0xd9][0xc5][0x81]V[0x83][0x18][0x1a][0xd1][0xe9]tqs[0xe4]c[0xc8][0xb0][0xdf][0xdc][0x95][0x9e][0x92][0x99][0x92][0x99]Z[0x84][0xf5]VJSc[0xd0][0xe5][0xf1][0xf4]([0xe],[0x91][0xd6]v[0xb8][0x95][0x16][0x95]d[0xa4][0x16])[0xa4][0xa6][0x94]&'[0x82][0x16][0xa9]([0xe4][0xa4]&[0x97][0x94][0x16][0xa5][0x82][0xee][0xeb]C[0xdd][0x89][0x99][0x99][0x95][0xf][0xba][0xa9]"
17:11:38.632 [main] DEBUG org.apache.http.wire -  << "[\r][\n]"
17:11:38.632 [main] DEBUG org.apache.http.wire -  << "7E1[\r][\n]"
17:11:38.632 [main] DEBUG org.apache.http.wire -  << "[0x17][0xf9]>[0x1e][0x94]f[0x85][0x89][0x11]h[0x5][0x17]}<[0x80][0xd8]]@~[0x19][\r][0xb9]_[0xc8][0xdc][0x12][0xa7][0x87][0xcc][0xe9]u[0x1c][0x8f][0xb9][0xa5][0x9]b[0xc0][0x92][0xd8][0x2][0xba]8[0xbf] #3[0xd5][0xdc][0xc4][0x1]4Z[0x95]9P[0x17][0xc0][0x81][0xcf][0x11][0x80]fO[0xf8][\n]"
17:11:38.632 [main] DEBUG org.apache.http.wire -  << "[0x11][0xc2]W&CO[0xd5][0xcf]--*[0xce][0xcc][0x83]_[0xc0][0x8e][0x92][0x9c]LMA[0xc9][0x94].[0xc9][0x9][0xd4]s[0x85][0xfa][0xc1][0xb5][0xb0]4[0xb3]$3[0xb5]X[0xa1][0xa4](1[0x5]K&[0xc8][0xcd][0x4][0xad]h[0xc9]I[0x85]tf@K[0x1][0xb0][0x9c][0xae]`[0x4][0x1e][0x14][0xa0][0x8f][0xd3][0x91][0xf6]&T[0x14][0xe4][0xe4]g[0x96]([0xa4]V[0x94][0x80][0xd6][0xc8][0x81][0xce][0x92])-N-[0xc2]\f[0x96]S[0x9a]lj[0x0][0xba]8[0xb0][0x4]-[0xd9]X[0xd0]m[0x9][0x83][0xa5])bN[0xf][0xc7]}|[0xe9][0x99][0xb9][0xb9][0x99]yY[0x99][0xe8][0xf5][0xa3][0x91][0x9][0xbd][0xce]+[0xb0]DZ[0xa7][0x90][0x9a]W[0x96]Y[0x9c][0x99][0x9f][0x97][0x9a]Z[0xa4][0x90]^[0x94][0x98]W[0x9a][0x93]X[0xa4][0x90][0x92][\n]"
17:11:38.632 [main] DEBUG org.apache.http.wire -  << "[0xba][0xeb][0xab][0x8]tl[0xf]f([0x83]n[0x3]KON[0xcd][0xcf][0xc9][0xc8][0xcf]Kw[0xc0]~[0xa3][0xb2][0x99])[0xbd][0x86][0xda],[0x91][0x96]1[0xe0][0xbe][0xf2][0xae],75/[0xb1]([0x5][0x94]6*[0xd3]KRsPn[0x95]44[0x3][0x9d][0xea]K[0x9f]T[0x8d]([0xdf][0xf1]\/[0x9b][0x98]W[0x96][0x98][0x93][0x93]Z[0x82][0xf5].TC#P[0x99]J[0x1f][0xd7]"[\n]"
17:11:38.632 [main] DEBUG org.apache.http.wire -  << "o[0x1c]w[0xa1]f[0x82]o[0x87][0x3][0xdd][0xb8][0x96][0x94][0x98][0x9e][0x9e][0x99][0x8b][0xda]F56[0xa0][0xd7][0xea][0x5]K[0xa4][0xc5][0x16][0xc4][0xb6]Qs`=^,[0x5][0x9d][0x19][0xb8][0xe2][0xa2]K #uaH[0xcf][0x8b][0xd0][0xea][0xc6][0xdc][0x8][G[0xd8][0xc8][0x98]^[0x1b]",AK?[0xa0][0x15]M[0x90][0x9b][0xaf].h[0x94][0x17][0xa3][0xd1][\r][0xad]Z@K[0x19][0xb0][0xc]0X[0x80][0xaf][0x14][0xa7]O[0x88]#[0xc6][0xca]pf[0xc2][0xc4][0x9c][0xdc][0x92][0xf2][0x9c][0xca][0xaa][0x8c][0xca]"[0x87][0xa4][0xec]"[0xd0][0x1]T[0x88][0xb1][0x1b]CS:[0x9d]3jni[0x8e](0[0x88]m?%[0xe5][0x14][0x16][0xe5][0xa5]&[0xa5][0xe8]&[0xe6][0x14][0x95][0xa7]9$[0xe6][0xa4][0x94]'[0x16][0x17][0xa1][0xee][0x85]42[0x4]-[0xc7][0xa4]Oh#[\n]"
17:11:38.632 [main] DEBUG org.apache.http.wire -  << "[0x91]7-s[0xde][0xcc][0xc1][0x1c]S[0x0]/[0xda][0x2]uqJs[0xca][0xb0][0xe]M[0x9a][0x9a][0x80][0xd6]v[0xd0][0xc5][0xb5][0x16][0x88]{q@wU[0xdf][0xd8]rc#FB.[0xca][0xa8]LJ[0xcc]),[0xca]*[0xcf][0xa9][0xc4][0x96][0xef][0xcc][0x8c][0xe9][0xb5][0xda][0xda][0x12]ib[0xef][0xc6][0xba][0x1b][0x1b]o,[0xbf][0xb1][0x1d][0xc3][0xb9][0x89][0xb9][0x99][0xc6]F[0xd8]f6[0xc][0x8d][0x8c][0x8c][0xe8]3[0xdc]ai[0x81][0xd4][0x9a]#[0xb9][0xc1]Q[0xc][0x9a][0xb0][0xce]*[0xcd]+I[0xcc][0xce]M[0xcc][0x6][0x1d]1[0x8a][0xa5][0xc4]64[0x6]-[0xe9][0xa6]O[0x1a]A[0xcc][0x12][0x18][0xbb]x:+[0x18][0x9a]`[0x84]yNEnyNe[\n]"
17:11:38.632 [main] DEBUG org.apache.http.wire -  << "[0xb6][0xd4]a[0xc]>Q[0x8e].[0xe][0xb5][0xa4]$[0xd4][0x13]+s[0x13][0xf3][0x92][0xf2]*u[0x93]*[0x13]K[0xb0]%[0x1f]S[0xb][0xd0]r zx[0x4]|s+[0xac]zQ[0xb0]06Tp[0xf6][0xb][0xc7][0x8]s[0xd8]5[0xd7][0xa0][0xe3][\r]A{1Q:]&t[0xeb][0xf2][0x1a][0x80]Z[0xf1]P[0xc7][0xe2][0x1e]n[0xaf]*NLM[0x3][0xad][0x8b][0xca][0x0]95[0x17]yg[0x9a]9[0xfd][0xe][0xcb][0x1]5[0xd2][0xa1]N[0xc5]9[0x8b][0x91][0x92]XTj[0x8c]u[0xf3][0x8b][0x91][0x9][0xbd]:[0xb2][0xe0]v$[0xd4][0xa1]8[0xd6] [0xa6][0x80][0xf7][0x85]&[0xe6]%&%&a[0xbf][0xd1][0xce][0xd8][0x80]n{[0x1d]@[0x3]^P[0xe7][0xfa]d[0xa6]Tb[0xe]@[0xe6][0xc2][0x12]+[0xf6][0x81]hCS[0xd0][0x9c][\r]}[0xb2][0x16][0xa2]0[0xc3]:[0xdb][0x92][0x96]X[0x92][0x91][0x9f][0x97][0x98]af[0x2]M[0xa8][0xa8]k[0xf]M[0xe9]5[0xd7]b`[0x8c]h[0xb5][0x91]:i[0x98][0x9d][0x9b]X[0x94][0x92][0x91]Y[0x9][0xb9]e[\n]"
17:11:38.632 [main] DEBUG org.apache.http.wire -  << "[0xa5]\05[0x5]-S[0xa3]OH#[0x9a]r[0x4][0xcf]5[0x84][0x9e]]V[0xe]J<[0xd8]*[0x11][0xb]S[0xd0]q[0x1][0xf4]q6[0xa2][0xfd][0x86]u[0xdf]Y^bQ[0x16][0xa8][0x81][0x81]e[0xe6][0xde][0xc4][0xd8][0x92]^'[0xde][0x98] N`[0xc4][0x91][0xe3][0x12]s2[0xb3]![0x8b][\r]K@][0x10][0xb4][0xb]l[0x8c]-[0xe9]tW[0x83][0xb9][0x1][0xd2])[0xf6]Dn@[0x84][0x8d]&[0x1a]Y[0x82]\[0x8e][0xb6][0xb6][0xc3][0xc4][0x92]^[0xa3][0xd3][0x6]H[0x93]V$/#[0x3][0xed][0xda]O/[0xcd]+[0x6][0x8d][0x19]AV[0x91][0xa1]-[0x96]06[0x5]-8[0xa2]K[0x92]F[0xea][0xad][0x12][0xb3][0x8c]9[0xa9][0x4][0xb4][0x9e][0x9]{ImlL[0xb7][0xdd][0x2][0xa0][0x85][0xf4][0xd0]J[0x85][0x98][0x15][0x88][0xa9]E[0x99][0xd9][0xf0]Z[0xa6][0xa0][0x4]t[0x9e][0xf][0xa2][0x7]kfB[0xaf][0x99]N[0x3][0xa4][0x1e],[0xa1][0x3]&[0xf3] [0xf9][0x13][0xe7]b`#[0xfa][0xad][0x15][0x7][0x9d]y[0xc][\r]l[0xa4][0xa4]N[0xc4]Z[0xf1][0xbc][0xc4][0xcc][0xbc][0xf4][0xf4][0xfc][0x9c][0xc4][0xbc][0xbc][0xa2][0xcc]\[0xf0][0x12]a[0x94][0xd6][0x9d][0x5]x[0xac][0x84].[0xc9][0x1c][0xa9]/[[0x92]Z[0x94][0x89][0xd1]`NJ[0xcc]H[0xcc]S([0x6]%n[0xa4][0x83][0x11][0xc][0xf1][0x1e][0x17][0x13][[0xab]S[0xad][0xe4][0xe9][0xa2]dejn[0x80][0xd2][0xa9][0x3][0x8d][0x15]+d[0xe6][0xe5][0xe5][0x97]%[0x96]d[0x96][0xa5]*$[0x16][0x81][0xee]U[0x80]L[0xb9]a[0x8e]!gf$B[0xd6]o[0x94][0xa6][0xa0][0xe][0x19][0x9a][0x1b][0x81]B[0x9e]>[0xc1][0x83][0x18][0xa9][0xc7][0xb1][0xfa][0xb8][0xa8][0xb4]871[0xcf][0x18][0xc7][0xa5][0x89]&[0xf4]:Y[0xdf][0xdc][0xc0][0x2][0xb1]0[0x10][0xf7][0xde],[0xe8][0xa9][0xe3][0xa0][0xe9][0x9d]<[0xec][0x85][0x15][0xdd].<3[0x7][0xaf]%[0x83][0xe6][0x1f]b[\n]"
17:11:38.632 [main] DEBUG org.apache.http.wire -  << "+x+[0xd3][0xc][0xb4][0xa8][0xb][0xfd][0xac]4[0xc8]a[0xc5][0xf4]I[0x14][0x88]V&[0xa1][0xd2][\n]"
17:11:38.632 [main] DEBUG org.apache.http.wire -  << "<3[0x9f][0x93][0x98][0x97][0x98]U[0x8e][0xf5]b[0x1c]3[0xfa][0x1d]Jg[0x81]hZBG[0x9][0x9d][0x8c][0x9c][0x15]Ru[0x93][0xf3]ssS[0x8b][0x92]1O[0xa0][0x86]m[0x91],H,[0xca],[0xc6][0xd6][0xb9][0xb7]0[0xa1][0xd7][0x18][0x96][0x1][0xd2][0xd5][0x1c][0xf8][0xb6][0xb1]g[0x16][0xe5][0x81][0xf6][0xc2][0x99][0x9b][0x82][0xfa]!(+[0xd0]-[0xe8]w[0x94][0xb][0xe8][0xa0][0x10]X[0xb2]V0[0xb2]04S[0xf0][0xf4][0xf][0xc5](X[0xd3][0xcb]3[0xf3][0x12][0x8b][0xf2][0xf2][0xa1][0x1b],P[0xca]#CP+[0x8a].i[0x19][0xb4]R[0x1c][0xea]X[0xdc][0xcb][0xe5]K[0x8a][0xc1][0x17][0x0][0x80][0xb2][0x1d]J[0xc7][0xc8][0xc2][0x90]nmw[0xa4]a*<7:[0xa6][0x15][0x97][0x16]U&[0x96][0xe4][0x82]w[0x81][0xa0][0x1f][0x14]ffN[0xb7]m[0xd3][0xa0][0xed]j[0xb0]PM-[0xce]L[0xcf]K-[0xd2]Q[0xc8][0xcc][0x3][0xd5][0xb0][0xf9]E[0xfa][0xc5][0x5][0xa0][0xcb][0xb2]@[0xd5])[0xea][0x1a][0x93]rhS[0xc]|[0xef];J[0xea]5[0xa4][0xd7][0xa5]T[0xe6][0x6][0xa0]6[0x1f][0xd4][0xe9]xv$gfg[0x14]'[0xe6][0xa5]e[0x16][0xa5][0x83][0xf2][Q>[0xb6][0xfe][0xa7][0xa1][0x19][0x9d]n-5[0x7][0xf][0xda]@[0x1d]MLMR[0x9c][0x9f][0x93][0x9a]aj[0x0][0xcd]z[0xe8][0xbb][0xb3]L[0xe8]ui[0xbd][0xb9][0x1][0xa8]?[0x9]u7|[0xfd]HIiQ[0x9e]nvj[0xa5]Bq~N)hQ[0x12]f[0xcb](;#1;3[0x17][0x94][0x1d][0xd1][0xd3][0xb8][0xb9])[0xbd][0xa6][0xa9][\r]@[0xb][0xcb][0xa0]n[0xc7]=[0x84][0x99]UP[0x94][0x8]:_[0xb]G[[0x3]|[0xa0][0x14]}[0xca]9D[0xed][0x87][0xef][0x8][0xd9]\[0xd0][0x82]a3Sl[0xb5][0x1d]dK9}[0x1c][0x8b][0x18]N![0xad]c[0x1][0x1f][0xc3]J[0xcf][0x4][0xef][0xa6]-([0xc1]8:[0xd4][0xcc][0x10]T[0x94][0xd2][0xc3][0x1b][0xe0]N[0x2]4[0x85][0xe0]9W[0xa4][0x18]t4b"[0xe8][0xfe]@l[0x85][0x88][0xa9]%[0xa8]]K[0x1f][0xe7]"[0x92][0x8]1=~[0xc8]1[0xb2][0xd8][0xef] [0xb7][0xb0][0xa4][0xd7][0xd8][0xac]![0xd2]Y[0xf6][0xf8]ZF[0xe0]3E,[0x8d]Ae[0x6][0xda]^N[0x13][0xb][0xd0][0xe1]t[0x9]a[0xa4][0xa3][0xec][0x89][0x1c][0xd5][0x2]o,40[0xc6]Q|X[0x82][0x9a][0x85][0xf4]q9b[0xe8][0x90][0xc4][0xbd]z[0xa5]9[0x99][0xc5][0xa9]%[0x99][0xa0]=@[0xa0][0x81]9[0xb4][0xed][0x86][0xa6][0x6][0x16][0xf4][0xb9][0xbb][0xd6][0xdc][0x10]t[0xf6]<47b[0x1f][0xfd][0xcc]Alq[0xc3]zL[0x83][0xa9][0x1][0xbd]Z{[0x86][0xa0][0x86][0x3][0xd4][0xad]x[0x1a]![0xd9][0xd0][0x9d][0xd6][0xd8][0xca][\r][0xb]Sz[0xad]k[0x1][0xaf]X[0x87]:[0x16][0xfb][0x8d][0xa3][0xe0][0x11][0x2][0xe8][0xad][0x17]Xf[0xa5][0xcd][\r][0xe9]tk[0x9d][0xb9]!h[0xd7]6[0xd4][0xa9]Df[0xc0],[0xc8][0xb1][0x88][0xe5][0x89][0xb0]][0x83]h[0xa5][0x87][0x85][0x19][0xbd][0xc6]b[0xc][0x91][0xe][0xcc]&1[0xf][0xe6]A[0xbb][0xe1][0xd8][0x8b][0x11][0x13]SP'[0x88].[0xc5][0x8]h-[0x5]4[0xfc][0x91]*v[0xe2][0xf6]X[0xe7]$[0x96]d[0xa6][0x19][0x99]`K[0xec]F[0x6][0xf4]Zkd[0x8]:Y[\r][0xea][0x3]"[0xb7][0x9f][0xe6][0x96][0xe6]T&[0x9a][0xc1][0xee]#E[0x1f][0xb6]11[0x6]m[0xc1][0xa5]O[0xe0]#[0x6][0xc8]\[0x88][0xef][0x94][0xa5][0xe6]&[0xe6][0x99]c[0xbd][0x8][0xd1][0xc4][0x94]^[0x97][[0x81][0xf7][0x9b]@C[0x9d][0x98][0xfe][\r][0xe8]rcSC[0xd0][0x18][0x8][0xca]A~[0x16][0xe0]]:[0xf4][0x9]k[0xc4][0x8c]1J[0xe7][0x0][0x0][0x0][0x0][0xff][0xff]"
17:11:38.632 [main] DEBUG org.apache.http.wire -  << "[\r][\n]"
17:11:38.632 [main] DEBUG org.apache.http.wire -  << "18A[\r][\n]"
17:11:38.632 [main] DEBUG org.apache.http.wire -  << "B[0xb9][0xdd]*[0xa5][0xa0][0xb4][0xa8]<[0x11][0xc7]2r[0x13][0xf0][0xbe]-[0xfa]8[0x16]1[0x9e][0x87]uz;=?[0xbb]$[0xb1],31/[0x13][0xb4][0x15][0x8]-H[0xe9][0xb5][0xa2][0x8]<P[0x8]M[0x3][0xa4][0x9c]_[0x9f][\r][0xba][0x90][0xcb][0xd4][0x2][[0xb1]a[0xc]>u[0x98]>A[0x8c][0xe8][0xd1][0xe0][0xde][0x4]YPZR[0x94][0x9][0xb9]w[0x9][0xda]5Gk-[0x19][0x99][0xd1]k[0xad][0xb0]![0xa8]M[0xc][\r]mB7[0xba]@[0x8e]:[0x86][0xac]-[0xc1]uD[0x8d][0x89][0x19][0xbd][0xf6][0xb5][0x19][0x82][0xe][0x9b][0x85][0xba][0xdc][0x5][0xe7][0x19][0x9a][0xc9][0x5]E[0x89]I[0xf9][0xe5]8N[0xc]6[0xb5][0x4][0xcd]?[0xd3]%a -[0x84][0xc2][0xd3][0xd2][0xcb]*[0x5]mI7[0xc5][0xd5][0xf]0[0xa5][[0x3][\n]"
17:11:38.632 [main] DEBUG org.apache.http.wire -  << "i1[0x14][0xc9][0x15]xf[0x12][0xe8]$[0xa3]\K[0xc8]"[0x19][0xd4][0xb3][0x8d][0x8d][0xcd]A;[0xfd][0xe8][0x13][0xe2][0x88]j[0x10][0xf7]<[0x11][0xd2][0xd2]3,k6[0xcc][0xcd]@K)[0xe8][0xe3]Z[0xc4][0xe6]][0xac]G[0x5][0x83]')[0x8a][0x12][0xf3][0x8c][0xc]A][[0xf4][0xe1]0#Cz]O`[0x88][0xb4]s[0x1a]w[0x8d]W[0x9a][0x97][0x9e]^[0x9a]c[0x8e]u[0xa5][0xad][0xb9]9[0xdd][0xaa][0x12][0xe4]eR[0xa4][0x9e][0x8d][0x8]Zu[0x94]YP[0x92][0x98][0x96]Y[0x2]:[0xef][0xc][0xc7][0xbd][0x10][0xc6]t[0x9b]n[0x1][0xc7]0[0xb4][0xbc]C[0xca][0x92]D[0xcc][0xc2][0xe7][0xa4][0xa6]'[0x96]'Z[0x80][0xc7]D[0xd0]V[0xfa]X[0x98][0x80]z[0xa0][0xf4]I[0xe0][0x88][0x9a][0x91][0x98]Q[0xa7][0xac][0xbc][0xc4]"[0xd0][0xf4][0x1][0xd6][0x11]Js[0xba][\r]&[0x90]~[0xd1]Beb^[0xa6]9[0xd6]k.[0xcc][0xc]A3ft[0x9]lP[0xb1][0x5]M+[0x81][0xa5][0x89]9[0x99]%[0x95][\n]"
17:11:38.632 [main] DEBUG org.apache.http.wire -  << "[0xa0][0x11][0xdf]t,{[0x1d][0xd3][0x13][0x93][0x8a]2S[0x1][0x0][0x0][0x0][0xff][0xff]"
17:11:38.632 [main] DEBUG org.apache.http.wire -  << "[\r][\n]"
17:11:38.633 [main] DEBUG org.apache.http.wire -  << "171[\r][\n]"
17:11:38.633 [main] DEBUG org.apache.http.wire -  << "[0xca][0xc9]I[0xcc]M[0xcc]H-.[0xc7][0xb1][0xa2][0xdc][0xc2][0xc2][0x8c]N[0x7][[0x81]3[0x14][0xd4][0xed][0xc4][0x1e][0xb5][0x94]XP[0x92][0x9f][0x97][0x9f][0x9a][[0x90]S[0x9a][\r]mQ[0xa1]\[0xb9]iaI[0xb7]Ss[0x90]n[0x8e][0xc0]][0xeb][0x94]d[0x16][0x95]$[0x1a][0xe2]XJad[0x6]:d[0x94]>[0xc9][0x4]QE[0xe2]i[0x94][0xa4]$[0x16][0x15][0x83][0xe]'[0x4]5[[0x13][0xb1][0xf]-[0x18][0x1a][0x82][0xb6]z[0xd2][0xc7][0xcd][0x88][0x8a][0x92][0xd8]3[0x95][0x12]Sr[0x13][0xb]R[0x8b]r[0xa1][0xa7][0xe6][0xa1][0x8d][0xec][0x18][0xd3][0xed]^%C[0x13]Do[0x91][0xe0][0xaa][0xd7]t[0xd0][0x11][0xde][0x95][0xe0]I%[0xf8])[0xf0]X[0x6][0xd5]L[0xcc]@{>[0xe9][0x13][0xf2][0x88][0xee]#i[0x15]PYf~Nj[0x89][0x85]%[0xb6][0xb2][0xdc][0x94]n7r[0x19][0x82][0xce][0xa2][0x84][0x16],$[0x9f][0x94][0x9c][0xe]>[0x9a][0x1a][0xd4]-FK=fFx[0x97][0x88]A[0xd6][0x87][0x19][0x9a][0x18]![0x95][0xc8][0xe9][0xe0]sY1[0x16]J[0xa4][0xe5][0x17])@[0xa4][0xb0][0x1f][0xd9]j[0x8][0xda][0xea][\n]"
17:11:38.633 [main] DEBUG org.apache.http.wire -  << "u?[0xee][0xbe]erb^[\n]"
17:11:38.633 [main] DEBUG org.apache.http.wire -  << "[0xe8]X[0xa8][0xbc][0x92]D[0xa4]K[0xc0][0xb1]$[0x1c]S[0xba][0xed][0xdb]3[0x4][0xb5][0xf7][0xa0][0xe]'[0xd4][0xc7][0x84][0xee][0xe1][0x4][0xdf]2[0x82][0xad]+ob[0xc][\n]"
17:11:38.633 [main] DEBUG org.apache.http.wire -  << "[0x5][0xba]$w[0xa4][0xf3][0x2][0xb0][0xae][0xf5][0xce][0x2][0xad][0xbf][0xc8][0xce]7[0xc3]:ffj[0x4][0xea]X[0xd3][0xc7][0x9d][0xc8][0x1b][0x9b]H[y[0x98][0x91][0x95][0x98]W[0x9a][0x88][0xf5][0x4]s[0x13]c[0xba][0xb5][0xc]AU[0x7]4y[0x10]Y[0xe1][0x83][0xf][0x14][0xcd][0xcb]L[0xcc][0xca][0xcc][0xcd][0xcc][0x3][\r][0xff][0xa1][0x9f][nnD[0xb7][0x8e][0xbd])[0xa2][0xe][0xc5]][0xe1][0x83][0x8e][0x9a]"
17:11:38.633 [main] DEBUG org.apache.http.wire -  << "[\r][\n]"
17:11:38.633 [main] DEBUG org.apache.http.wire -  << "28B[\r][\n]"
17:11:38.633 [main] DEBUG org.apache.http.wire -  << "-O[0xcc][0x83][0xae]J[0xc4][0xd6]D12[0x2]u[0xac][0xe8][0x93]`[0x10]5(1[0x83][0xac][0xc9][0xa0][0x91][0xe1][0xcc]bHG[0x8]{[0xf5]oj[0xc]Z[0xd8]L[0x1f][0xc7]#[0xaa]P[0xaf][0xc4][0xa2]r[0xcc][0xdd]D9[0xe0][0x9a][0x1e]t[0xe6])[0xd6][0xb3][0xdb][0xcc][0xc][0xe8][0xb5]O[0xcb][0x10]T1C[0xd3]5[0xbe][0x19]k[0xd0][0x90][0xf]b[0xe0][0x15][0xcb]([0x84][0x89]![0xa8]QI[0x9f][0xd0]E,[\r] [0xb4][0xe2][0x13][0xd2][0xc5]76[0x0]e?[0x8c]K]LM@[0x7]H[0xd3][0xc7][0xc9][0x88]~%[0xee]Z1[0x13]4[0xfe][0xe][0xba][0xd8]4[0xb5][0xa8]4[0x17][0xdb][0x91]~F[0xe6]f[0xf4][0x9a][0x9f]F:[0x9d][0x81][0xc8][0xb9][0xc9]\P[0xd7][0xc]T[0xad][0x83][0xc2][0x1a][0xf9]6[0x17]#[0xba][0x1d][0x8]n[0x8][0xda][0xda][0x6]M[0xcc][0x84]z[0x94][0xc9][0x89][0xd9]E[0x89]I[0xa5][0x89]y[0x89][0xc5][0x89][0xb9][0xf9][0xc5][0x99]E[0xa0][0xf5][0x0][0xe8]#V[0x16]t;[0x8f][0xc1][0x10]t[0x93][0x1][0xd4][0xe9]xz9[0xf9][0xa0][0xd5][0xed]& [0xa7]"[0x87][0xb0][0x99][0x11][0xe8]XC[0xba]$dP[0x2][0x84]:[0x13][0xfb][0xba][0x5]P[0xcb][0xe]49[0x3]9[0xef]3[0xb9]L[0xf]e[0x86][0xc6][0xc8][0x8c]nY[0xe][0xd4]?[0x85][0xba][0x14]w[0x95][0x7]=P$;[0xb1][0xa8][0x18]|[0x99]#[0x96]c. g[0xd3][0xd1]'p[0x11]u[0x1e][0x91][0xbd][0xc6][0x94][0xcc][0xc4]<KshU[0x8d][0xd1][0xbe]0[0xa5][0xdb]06h[0xdc][0x5][0x1a][0xd8][0xb8][0xc7][[0x93]3[0x93]3[\r][0xb1][0xee]K6[0xb1][0xa4][[0xbb][0x2][0xb4][0x3][0x1e][0xea]R[0x92][0xfb]WY[0x89][0xe9][0x89]E[0x89][0xe9][0x89][0xc6][0xa6][0xd8][[0x18][0x86][0xe0][0x13][0x2][0xe9][0x93]T[0x10]u )[0xf3][0x8f][0xa9]e[0x89]fF[0xd8][0x1d]ol[0x1][0xea]K[0xd0][0xc7][0xf1][0x88][0xda][0x90][0x98]Q[0xd6][0x8c][0x8c][0xc4][0xbc][0x94]D[0xd0][0x90]%[0xb6][0xbe][0xb9][0x99])h[0xd6][0x8a].[0xee][0x6]-[0xae][0x81][0xa6][0x1d][0xd2][0xc6][0x16]@[0xf3]{[0x89][0x90]V[0x8][0xfa][0x92][0xb]c[0xba][0x9d][0x82]a[0x88][0xb4][0xbb][0x8c]P[0xf]73[0xa9]4/'1[0xbb]8[0x13][0xd4]D[0xc5][0xd5][0x1c]15[0xa3][[0xc8]#[0x9d][0x9a][0x82][0xb5][0x9b][[0x9e]Y[0x94][0x92]XZ[0x9c][0x98][0x82]u_[0x8f][0xa1]9hy4][0x92][0x8][0xe8]Dnh[0x12]!8xV[0x9c]Y[0x94][0x9a][0x9e]X[0x94][0x91]ZT[0x9]Z[0xb7][0xf]j7%eV[0xa1][0xec][0xd6]77[0x5]u%[0xe8][0xe3]r[0xc4][0xc0][0x19][0xbe]5[0xd9][0xe0][0xf5]C[0xb8][0xa6]~-@[0xb][0x92][0xe8][0xe3]ZD[0xf9][0x87][0xf3]j[0xb9]\[0xd0][0x6][0xf2]Dp7[0x1c]t[0xce]>[0xd6]e[0x94][0x16]t;[0xda][0xd1][0x10][0xb4]<[0x16][0x9a]4H+=@[0x17]S[0x82][0xb6][0xd2][0xe4][0xe7][0xe1]Z!`@[0xaf][0xea][0xd3][0x8]i[0xdd]jHjJJ%[0xc6][0x0]avbQV[0xa2])[0xb8][0x89][0x8a][0xb6][0xed][0xdd][0xc8][0x0][0xd4]x[0xa4]G[0xea]0[0x2][0x8d][\n]"
17:11:38.633 [main] DEBUG org.apache.http.wire -  << "A[0x83][0x9a]P[0xf][0xb1][0x0]}I%z+[0xca][0xc8][0x1c]4[0xbd]F[0x91][0xb3][0x1][0x0][0x0][0x0][0xff][0xff]"
17:11:38.634 [main] DEBUG org.apache.http.wire -  << "[\r][\n]"
17:11:38.634 [main] DEBUG org.apache.http.wire -  << "F84[\r][\n]"
17:11:38.634 [main] DEBUG org.apache.http.wire -  << "[0x2][0xed][0x1b]Q[0xb2]R"4vj[0x84]t[0xca]>[0xee]VT^iQJ&[0xa8][0xc0][0xc8][0x84].b[0xc5][0xd2][0x19]72[0x2][0x15][0x98][0xf4]q3[0xa2][0xcd]J[0xca][0xa6][0x99][0x1c][0xc8][0xa6][0x19][0xac]y[0xd2][0xc4][0xc]t[0xc2][0x1e]]\[0x8f][0xb4][0x4][0x94][0xb8]m[0x98][0xd0]|X[0x0]Z[0xc7][0x5][0x1a]hG[[0x13]eH[0xb7]S4[0x8d][0x90]V[0x16][0xe1],[0x1][0xc1]K[0xfa]R2[0x91].CK.C[0xbf][0xc8][0xdb][0xc4][0x82]^[0xbb]#[0x8c]@[0xcd][0x5]h[0xb6]$X9[0xa6][0x94]$[0xe6][0x16][0x94]&[0xe5][0xe7][0xe4][0xe3][0xd8][0x1a]md[0x4][0xda][0xaf]E[0x97]T[0x82][0xb4][0xce][0x8][0xc7]YF[0xb9][0xa5][0xb9][0x5][0xa5]y[0x99][0xb0][0xa1][0x4][0xc8]q[0x19][0xa8][0xb3][0xbb][0xa6][0xa0][0x99][0x1d][0xfa]8[0x17]1[0xd8][0x8b]T[0xd1][0x10][0xb7][0xae]9%[0xb1]8[0xd1][0xcc][0x2][0x94][0xb2]Q[0xb7]<[0x1a][0x83][0x16][0xab][0xd3][0xc7][0xf5][0x88][0x2][0x5]w![0x8][0xb9]E[0xc7][0x1c][0xb6][0x8e][0x19][0xc5][0xad][0xe6]t;^[0x5]<[0x1a][0xe]M[0xd0][0xc4][0x15][0x1f][0xd9][0x88]][0x1d][0xa0][0x9c][0x88]v/$[0xfd]N[0xdf][0x1][0x9f][0x8f][0xe]u9[0xce]s[0xc4][0xf2][0x12][0xb3]rKS2[0xf3][0xf2]J[0xd3][0x8b][0x12]3[0xb0][0xb6][0xac]M[\r]@[0xe3][0xc7]tI[0x17][0xa0][0xe1]e[0xa8][0x8b][0xb1]v[0x1]J[0x90][\n]"
17:11:38.634 [main] DEBUG org.apache.http.wire -  << "[0xc],3[0x89][0x86]&t[0xab][0x12][0x91][0xee]2[0xc0]7[0xa4]^[0xe][0xba][0xf6][0xac][0x18][0xc7]Z[0x5][0xb]::[0x17][0x91][0xe1]HX[0x89][0x9f][0xb][0xbe]V8=1/[0x1d][0x97][0x17][0x8c][\r]@[0x1]A[0x9f][0xb4][0x81][0x98]o!X[0xb1][0x94][0x83][0xee][0x13][0x6][0xaf][0x1e]/[0xd1]C[0x1f][0xef]53[0xa1][0xd7][0xd9]@FD[0xcd][0xc8][0x81][0x16][0x6][0xa7]$[0xe6]a=b[0xd5][0xcc][0x14]4%I[0x97][0xe0][0x5][0xed]g[0xc1][0x97][0xf5]r[0x12]KJ[0xb][0xf2][0xf3][0xf2][0xb3][0x13]s3A=-,-R[0xb][0xba]m.6[0x2][0xf5][0x98][0xa1][0xae][0xc5]>[0xf9][0x96][0x9e][0x98][0x97][0x95]X[0x94][0x98][0x97][0x7][0xbd]"[0x11]k#[0xd4][0xd8][0x0]4[0x80]L[0x9f][0xe0]E[0xf4][0xbc][0xf1][0x9c][0xa6][0x90]Z[0xc][0xd9][0xb7][0x98][0x8][0x1a]-[0xc8][0xc4][0xb6][0xec][0xc0][0xcc][0xd2][0xc8][0x9c]>[0xa7][0xc3][0x82]'[0xae][0xa1]a[0x8c]o[0xb0][0xa0],3[0xaf][0x18]4[0xca]Z[0x4][0x1a][0xa7].[0x6][0x9d][0xe6][0x87][0xa5]d[0xb6][0xb0][0xa4][0xd7][0xa6]##[0xd0].D[0xa8][0xb3][0x89][0x19]x[0x84][0xb6][0xea][0xe0][0x13][[0x90]f[0x1d][0xfa][0x18][0x8d][0x91][0x9][0xbd]Nf6B[0x9a][0x95]#r[0xbf]W[0x1a][0xf4][0x1a]9[0xd0][0x94][0x11][0xca][0xb5]9[0xc6][0xe0]-,tI[0xdf]H[0xb3]rDNk[0x94]$[0xe6]f[0x1a][0x18]`[0x1f][0xa7]63[0xa6][0xd7][0x96]y[0xf0][0xed][0xe2][0xd0][0xe4]BB[0xcd][0x98][0x8f][0xd2][0xc6]C?[0xcf][0xc2][0xdc][0xc][0xb4][0xd0][0x88]>[0xe1][0x8e][0xe8][0x7]`m1e[0xe5]g[0xe7][0xc3][0x92]GA[0x8a][0x1e][0xfa][0xc8][0xb4][0x91][0x9][0xe8][0xb8]0[0xfa][0xb8][0x14]Q[0x13][0x93]/[0xc1][0xdb][0xc][0x8a]KJ[0xcb]A[0x7]o`?:[0xd6][0xd4][0x10]4XO[0x1f][0xc7]#f3[0xb0]nXK*M[0x1][0x1d][0x87][0x9d][0x94][0x98]QZ[0x9e]X[0x94][0x7][0xbb][0xc4][0x19][0xcb]T[0xa3][0x11]8[0x83][0xd3][0xc5][0xd1][0xa0]iXh[0xd2]&[0xb2]$[0xc9][0x0][0xcd][0x91][0xe6][0x95][0xe4]CWca[0xa9][0xe3]M[\r][0xe8]5[\r]m[0x4]:[0x91][0x9][0xea]||Ml[0xf0]0[0x8d]![0xd6]][0xba]&[0x6]t+[0xb5]A[0x1d][0xf][0xa8]c[0x89]Y[0xca][0x84]8[0xc7][0x7]tjHzj^:t~[0x17][0xfd][0xf8]M[0xba][0xdd][0x9d]i[0x4]*[0x8][0xa0]>[0xc0][0x17][0xdc][0xe9][0x89][0xb9]I 7[0x1b][0xe1][0x98][0x1f]0244[0xa4]S[0x3][0x5][0xb4][0xf7][0x2][0xea]b[0x9c]W[0x9][0x83][0xae][0xb1]M,.I[0x84][0x9e]S[0x6][0xaa]"Qon[0xb6][0x0][\r][0xf][0xd2]%;[0x82]V[0xfe]C[0x9d]K[0xca]tnR"hGD^IQ[0xa6][0x5][0xd6][0xfb]D[0xcc][0xe8]W[0x84]#O|)[0x98][0x9a][0x19][*[0x84]{[0xf8]c[0xcc][0xe]d[0x80][0xc6][0x12][0xf2]3[0xf2]As][0xe8][0x9d]/C[0xf0][0x1d][0xdc][0xf4][0x9]nD[0x8b][0x9b][0xb8]q[0x9b][0xd2]b[0xd0][0xce][0x93][0x14][0xd0]M[0xbc]%[0x99][0xa0][0xbd]mh[[0x94][0xcc]M@'[0xd4][0xd2][0xc7][0xed][0x88][0x99]/[0xac]{[0xf0]@[0x13]t[0xe6][0xe6][0xd8][0xdb]N[0xa6][0xe6]tkj[0x83]Nq[0x80][0xa6]h[0x12][0xcf][0x87][0x0][0x9f][0x9d]\[0x92]h[0x6][0x9e]CB[0x1b]_73[0xa3][0xd7]![0x87]FH[0xa7][0xc6][0x81][0xba]0y[0xc9][0xa9][\n]"
17:11:38.634 [main] DEBUG org.apache.http.wire -  << "iE[0x99][0xc9][0xa0][0xb9][0x9c][0x9c][0xd4][0xe2]b[0xbc]7[0x96][0xa6][0x81][0xc6][0xcb]*K[0xb1]u[0xd2]L[0x8d][0xe9]u[0xf8][0xb3][0x11][0xd2][0xe1]q[0xb8]GR[0xab]Rs@#[0xc]H[0xd7][0x91][0xa7][0xa0]^<cj[0x1][0x9a][0xf3][0xa3]G[0xd2][0x6][0x1f]>[0x1]M3[0xa4][0x94][0x82][0xc5][0x89][0xd9][0xa5]E[0x89][0x90][0x8d][0xdf][0xd0][0xaa][0x12][0xa5][0x1c]7[0xb6][0x0][\r][0xb6][0xd0][0xc7][0x7][0x88]&7[0xee] [0x7][0xed][0x9f]N[0xc9][0xc4][0xb5][0x88][0xc8][0xcc][0x0]4{I[0x1f][0xd7]"[0x8a][0x12][0x12][0xf3](l[0xdf]iJb^i[0x16][0xd6][0xe1])c[0x13][0xd0]J+[0xfa]x[0x3][0xd1][0x0]'[0xb2][0x99]X[0xc]Zk[0x9b][0x92][0x98][0x91]X[0x4][0xbe]c[0x0][0xcb][0xa8][0x84][0xa9][0x91][0x91])}[0xda]*[0xc6][0xa0]F[0x11]4[0xd9][0xbb][0x10][0x14]Jyfq^[0xa9][0x81]%h[0xaa][0x6]s[0xca][0x1a][0xd4][0xbc][0xa7]G[0xd8][0x9b]#m^v[0xce][0xcf]+.I[0xcc][0xc3]rvm^eb^[0xba]C&[0xc6]ms[0x16][0xe6][0xf4][0xba][0x11][0xd9][0x1c][0xe9](v[0xb]3[0x1f][0x5]?s#[0x8c][0xb6]I&[0xac]=[0x8][\n]"
17:11:38.634 [main] DEBUG org.apache.http.wire -  << "R[0xb4][0xb5][0xb][0x16][0x6][0xa0][0xfa][0x8c].![0x8a][0xd4][[0xf0]T0130Vp[0xc][0xc4]p+[0xc8][0xa9]%[0xa5]%[0x99][0xa0][0xe5][0xcb]%[0x89][0xc5][0x99][0x90]S[0xcb]QO1[0xb0]0[0xa2][0xd7][0xc4][0xae]9R[0xff][0x0][0xc7][0xdd][0xd8][0xb9][0x89]9[0x85][0xe5][0x89][0xc5][0xb9][0xe][0x89]9[0x15]UEY[0xba][0x15][0xe5]9[0x89]yz[0x99]yi[0xf9][0x88]#[0xee][\r]MA[0xa9][0x89]>[0x81][0x8c]8I[0x1c][0xe7]-\[0x90]Ky+K[0xf3][0x1c]*K3[0x12][0xf3]2[0xf2]S[0x8b][0x13]Q[0x8f]>[0xb7][0xa0][0xdb][0x99]C[0xe6][0xa0]s[0x17][0xa1]e[0x4][0x8e][0xfb][0x9c][0xc1][0xf7]O[0x96]g[0xe6][0xe4]d&[0xe6]b[0xbd][0xdc][0xd8][0x84]^'[0xee][0x9a]#u[0x6]\[0x8a][0x12]s[0x13]A[0xf7]:'[0x16]d[0x16][0x97]`$[0xe4][0xc4][0x9c][0xc2][0x92][0xa4][0xe2][0xdc][0xf2][0xc][0x87][0xc4][0x9c][0xd4][0xa4][0xc4][0xbc]J[0xd4][[0xf][0x8c][0xc][0xe9][0xd5][0x5][0x3][0x1f]G[0xc][\r][0xe1]7[0x8b][0xf7][0xbc]Y[0xb8][0xe1][0xcd][0xec][0x9]X[0x9c][0x9b]V[0x94][0x9a]R[0x92][0x9a][0x9c][0x91]Z[0xe4]P[0x96][0x9f][0x99][0x93][0x88]r/[0xa9][0x89][0x5][0xbd][0xae][0xbd]3GZM[0x86][0xf5][0xc2]t[0x90];S[0x8b]2[0xb]KS[0x8d]L[0x1d][0xd2][0x8a]RSQ[0x1c]ja[0x8][0xda][0xea]I[0x97][0xac][0x6]:N[0x0][0x1a][0xae][0xb8][0xcb][0xb3][0xd2][0x92][0xc4][0xdc]D[0xe8][0xfe]3,[0xc5][0xaf][0xa1]![0xbd]V[0xb2][0x9b][0x83][0xca]y[0xa8]so,[0xbf][0xd9]xc[0xd5][0xcd][0xe6][0x1b][0xcb][0xb1]\)[0x98][0x9c][0x98]Z[0x9e][0x9a][0x9f]gi[0xe8][0x0][0xba]x[0x17][0xb5]\02[0x3][0x1d][0xef]N[0x9f][0xd0]E[0x14]d[0xb8]S-t[0x1e][0xc3][0xd4][0x10]G[0xaf][0xd0][0xc2][0x90]N[0xf3]F[0xe6]H][0x92][0x9b][0xad]7[0xd6][0xdf][0xec][0xba][0xb1]Q[0xe1][0xc6][0x8a][0x9b]m7[0x9b]1[0xb2]ZNR^[0xb9]nEbN[0x8a]CbNn^IZ!j[0xc9]`bA[0xaf]-[0xcd][0xe6][0xa0]uF[0xd0]$[0x81]h&[0x17][0xe4][0x94][0xa6][0xeb]&[0xe6][0xa5][0xe8][0x16][0xe4]$V*[0x14]'g[0xa4][0xe6]&b[0x9e][\r][0x9d][0x9c][0x9f][0x9a][0x1][0xba]}9[0xab][0x14]tw4[0xca][0x4][0x8c]9x[0xcb][0xf]=[0x12][0x89][0x5][0xa8][0xd3][0xf][0xf5][0x0][0xae][0xeb][0xf][0xd3]3s[0xd3]A[0xe]M[0xcf][0xa8][0x4]_s[0x8d]r[0xb2][0xbc][0xa9]1h[0x5][0x14]}[0x9c][0x8a][0x98][0x9] 5[0xac][0x8b][0xd3]*[0x13][0xf3][0xc0]W[0xa9]b[0xeb]w[0x1b][0xd2]m>[0xd7][0x2][0xe9][0x10]`[0x9c][0x8d][0x8b][0xca][0xe2][0xd4]|[0x87][0x94][0xc4][0xd2]\[0xd4]TmdA[0xaf][0x95][0xea][0x16]H[0xc7][0xff][0x92]~[0x8b]qFe[0x11]x[0xe8][0x11][0xd4][0x9e][0x3]gN[0xdd][0x8c][0xf2][0xc4][0xaa]<[0xd4]b[0xd0][0xc4][0x92]^[0x83]5[0x16]H]([0x1c][0xf7]^[0xe7]&f[0x14][0x99][0x99]cK[0x19][0xc6][0x6][0xa0][0xa0][0xa0]K[0xea][0x6][0x8d][0xa4]@3"|[0xb1]lQfr[0x86]Byj[0x92]BqjQYfr*f![0x92][0x96]X[0x99]bn[0x6]m9[0xa3][0xa6][0x17][0xb][0xf0][0xb1][0xde][0xf4]q;[0xa2][0xa6][0xc1]U[0x88]$[0xe6][0xa4][0xe6][0xe4]V[0x96][0x14][0xa5]9$[0xa1]7[0xe4],[0xe8][0xb6][0xc3][0xcb][0x2]i[0x15][0xb5][i[0x11][0xa8][0xe9][0xa9][0x90][0x9a]R[0x9a][0x9c][0x8][0x1a][0xb9]S[0xc8][0x81][0xdc]oT[0x84]Q[0xdd]T[0x96][0x14]b[0xaf][0x1d][\r][\r][0xe9][0x95]<[0xc]A[0x17][0x1b]B[0x93][0x7][0xa1][\r]:[0xb9][0xa0]m[0xe5]%[0x89][0xb0][0x95]7[0xa0][0xb9][0xb][0xf4][0xa1]R[0xfa][0x1d]-[0xf][0x1a]m[0x80][0xba][0x1b][0xeb]Ds[0x1]l%![0xb6][0xfd][[0xa6]t+%[0xc][0xcd][0x11][0x87]P[0xe0]X[0xc7][0x9b][0x92][0x8][0xda][0xb7]j[0x82]u[0xc6][0xd0][0xc2][0x14][0xb4][0x81][0x8a][0x1e]y[\r]|[0xe1][0xc]4@I^[0xc1][0xb][0x1b][0xdb][0x2][\r][0x11][0x80]f[0xb7][0xb0][0x15]y[0x16][0xe6][0x6]&[0xf4][0x19][0xdc]24G[0x8c][0x88][0xe2][0x9c][0x88]Cli[0xc8][0xcc]+[0xc1]1[0x9f]ofD[0xa7][0xe1]8C[0xd0][0xe6][0x3]h[0xe0][0x13]3][0xb]Z[0xed]Q[0x92][0x98][0x97][0x9e][0x94][0x98][0x9e]Y[0x89]k5[0xa7][0x11][0xa8]M@[0x9f][0xa4][0x83]h@[0xe1][0x1e][0x81][0xce][0x5][\r][0x1d][0x81]:[0xe6])[0xf0][0x93][0xc4][0xd1]&[0x97][0x8d]L@[0x85][0x11]}\[0x8c][0x98][0x8c][0xc3][0xb7][0x96][0xac]<3[0xb][0xb4][0x7][0xb4]$3;?[0x1b]|'[0xf][0xca][0x18][0xbf][0x99])([0xda][0xe8][0xe3]^[0xc4][0xa8]9[0xbc][0x12]'[0xe2][0x9a][0x18][0x88][0xfb]K[0x12][0x8b][0xf3] [0x97][0xc5][0xa0]/[0xc]26[0xa2][0xd7][0x6][0x1]C[0xa4][0xe1]:<g[\r][0xe4]$f[0xe6]$[0x16]'[0x82][0xee]D,J,[0x6][0xd5]0([0xd7]bYX[0x82]Fy[0xe8][0x12][0xe2]H[0x93][0xf9]x[0x16]H[0x82][0xf][0xf6]73[0x5]94[0x9]m[0x1b][0xa5]![0xfd][0xe]'A[0x1a][0xa8][0xc3]}[0xec][0x0]tkmFbnUb[0x6][0xd6]J[0xd1][0x90]^=.C[0xa4][0xa5][0x7][0xc4][0x14]wU[0xa5]9[0x89][0xa0]kJM[0xc0][0x7][0xe7][0xa2][0xe4]AC3[0xd0]J?[0xba][0xa4][0x8][0xa4]A%"[0x97]/[0x81]7[0x7]g%[0x16]C[0xcf]b[0xc2]8[0xc][0xc6][0xcc][0x94]^[0xcb][\n]"
17:11:38.634 [main] DEBUG org.apache.http.wire -  << "[\r][0x91][0x86][0x98][0xf0][0xdc][0xc4]S[0x9e][0x9];Q[0xf]t[0xe8][0x7]h[0xcd][0x1][0xd6][0x15]ct;[0xf5][0x1e][0x14]<[0xd0]j[0x91][0xe4]6IniFbnnb[0x8a][0x11][0xd6][0xd3][0xf5][0xcc][0x8c]A[0xc7]G[0xd0]'[0xdd] :1[0x84][0xe][0x88][0xa9][0xc8]HL[0xca]L[0xca][0xc4]6[0xa1]lf[0xc][0xea][0xc8][0xd1][0xc7][0xc1][0x88][0xe6][0x13][0x9]s[0x83][0xc9][0x89]%[0xa5]E[0x96][0xe6][0xd8]J[0x16]CczM[0xb2][0x18]Z"6[0x96][0x10]9/[PZ[0x94][0x7][0xbe]|*)1;[0x13][0xbc]'[0xbe]4[0x5]}[0xbf][0xa2][0x99]9[0xdd][0xea]I[0xa4][0x81]?[0xec];[0x9][0xca][0x13][0x8b]@[0x7]S[0x98][0x9b]`[0xef]:Z[0x18][0x80][0x16][0x9c][0xd3]'[0x9d] [0x1a]QX[0x17][0xa1][0x96][0x17][0x94][0x16][0x17][0x80]OsH[0xd1]C[0xaf][0x1d][0xcd][0xc0][0xf3]5[0xf4]q&[0xa2][0xed][0x84][0xfb][0x1c][0xac][0xf2][0xe2]D[0xc8])[0xae][0x90][0xf5][0xf6]([0x9b][0xfb][0xcc][0xcc][0xe9]v[0xed][0x91]%bY[0x1][0x91]'[0xfe][0x15]B6Ea[0xeb]q[0x99][0x19][0x81][0xaa],z[0x84]1[0xf8][0xa8]OhA[0x8d][0xb5]7[0x8e]t[0xc7]8[0xf8]d[0xf][0x94]m[0xaa][0xc6][0xa6][0xf4][0x9a][0x92]72@[0xdc][0xe2][0x85]u![NiQFiQviqi.[0x8e]s[0xf][0xcc][0xc1]WS[0xd1]'P[0x11]C[0x7]8[0xae][0x9e][0xce]H,*[0xc9]7[0x4]o[0x9d]E[[0x1c]hf[0x9][0xaa];[0xe9][0xe3]LD[0xfd][0x96][0x9a][[0x90]_[0x9e]Z[0xa4]P[0x96]Y[0x9c][0x99][0x9f][0x97]XTI[0xe0][0x82]o[0xd8][0xae][0xa8][0xe2][0xcc]\[0xc8][0xae][0xeb][0xe4]2=[0x94][0xac]gbF[0xaf][0x9a][0xc3][0x8]4:[0x1]M[0xc2]$[0xb7]5[0xc0][0xdb]*K[0x12]A+L[0xd1]w4[0x98][0x9a][0xd2]k^[0xce][0x8][0xb4][0x8f][0x10][0xea][0x3]|+[0xa6][0xa1]}[0xf0][0xe2][0xd4][0x2][0xd0][0xb2]Rpv[0xc4]h[0x99][0x1a][0x99][0xd3]mY=h[0xbc][0x1e][0xea]j[0x1c][0x3]d[0xe9][0xa0][0xa3][0x98][0x8c][0xcd][0xb0][0xcc][0xd1][0x1a][0x9b][0xd1][0xab][0xcb]bd[0x80][0xa8][0xec]p[0x1e]}[0x0][0xad]C@[0xe7]5[0x80]OvCO[0xb][0x86]f[0xa0][0x1b][0xcc][0xe8][0x93])[0x11][0x95][0x1e][0xd6][0x82][0xe]|[0x14]aybN[0xa2]9[0x8e]u[0xf3][0xc6][0x96][0xa0][0x8d]_[0xf4]q+[0xa2][0xd2]#[0xb5][0x0][0x1][0x1f]6[0x91]W[0x92][0xf][0xdd][0xd6][0x8c]m[0x83][0x88][0x19][0xbd]V[0xa0][0x18][0x81][0xc6][0xec][0xa1])[0x19]O[0x1f][0xb]t[0xb2]NAbNbqI[0x11][0xf8]6)[0xb4]U_[0x86]t;}[0xda][0x8]i[0x2][0xb][0xcf][0x10]GYf^[0xbe]1[0xd6][0x13][0xf4]L[0xcd][0xe9]V[0xc7][0x80]V[0x95]A[0x83][0x16]G![0x91][\r][0x1a][0x83]N[0xcc][0xcb]H,[0x6]][0xe0][0xb]*[0x89]Q[0xda][0x18][0xe6][0xa6][0xf4]Z[0x1a]j[0x4]Z[0xd8][0x0]u+[0xee][0xeb][0x97][0xa0][0xdb][0xc8][0xcc]q,[0x8f]0752[0xa2][0xcf]`9[0xf8][0x18]O[0xa8]sI[0x19][0x8b][0x81][0xb6][0x91]J1[0x9b][0xf6][0x16]&[0xf4]:[0x91][0xcb][0x8]t[0xa5][0x16][0xd4][0xed]8[0x7][0xfa][0x13][0xd3]K[0x8b][0xa1][0xa7][0x9e][0x81][0x86][0xe9]PR[0x85][0x99]![0xbd][0xa6][0xbe][0x8d]@g[0x99]@[0x9d][0x8a][0xa3]1[0x97][0x99][0x9d][0x98][0x9b]X[0x9][0x1e][0xfd][0xc4][0xd6][0x9a]71[0x1][0xad]'[0xa5]K[0x81][0xc][0xaa][0xa5][0xa0]n%e[0xb4][0x19]t[0x1b]FAbIQbIbn[0x12][0x8e]Y[0x9]s[0x3][0xba]mZ[0x1][0xa5]B[0xa8]/[0x88][0xec]KU[0x82][0x97][0x84]a[0xef]W[0x9b][0x98][0x83][0xe][0x3][0xa1]O[0xf0]#[0xc6]_H[0xad][0xf]A[0x7][0xbf]'[0x96][0x18][0x98][0x81][0xca]?[0xf4].[0xb7]![0xf8][0xaa][0x5][0xfa][0xf8][0x0]1[\n]"
17:11:38.634 [main] DEBUG org.apache.http.wire -  << "[0x83][0xbd];[0x98][0x98][0x97]i[0x82][0xeb]LP[0xfa][0xed][0x1f][0x3][0x1d]][0x0]M![0xf8][0x1a][0xcc][0x99][0xa0]d[0x1][0xae][0xab][0xd1][0x83][0xd4][0xc2][0x84]^[0xb7][0x8b][0x19][0x81][0xc6]\[0xa1]n%[0xa6][0x98][0xce]M[0xcc]+[0xcd][0x1][0xed][0x8b]L[0x5][0x1f][0x8f][0x8d][0xf5][0xb8][0x9]S3P[0xa3][0x96]>[0x9][0x2][0xd1][0x1c][0xc5]Q[0xfa][0xe5][0x82]n[0xb5]*[0xcd]K/OLO[0x5][0xa5]^[0x94]n [0xfd][0x8e][0xa4]42B4F[0xf1][0xcd][0xc][0xa6][0x81][0xf][0xd3]O[0xc1]z&[0x86]![0xdd][0xee]S[0x7][0xdf][0xa5][0x1]K[0x15][\n]"
17:11:38.634 [main] DEBUG org.apache.http.wire -  << "[0xa6][0xe6][0x96][0xa6][\n]"
17:11:38.634 [main] DEBUG org.apache.http.wire -  << "[0xae]>~[0x18][0xeb]L[0xd2][0x13]sA[0x19][0xe][0xeb][\n]"
17:11:38.634 [main] DEBUG org.apache.http.wire -  << "[0x3][0x13]s[0xba]%[0x2]PW[0x1e][0xea]X[0x92]{[0xd8][0x99]E[0xb9][0x89][0xa6][0x16][0xd0][0x81]q[0x8c]iL3z]]`[0x4][0xca][0xef]P?[0xe0][0x9e][0xea][0x6]o[[0xaf]L[0xc4][0xb7][0x2][0xc5][0xc4][0x14][0xb4][0xe7][0x82].y[0xcf][0x18][0x91][0xa2][0xf1]4[0xf3][0xd3][0x13][0xf3]J[0x12][0x8b]Lq\[0xbd]ehN[0xaf]u(F[0xa0][0x93]/[0xa1]![0x8c][0xa3][0xa9]_[0x92]X[0x9a][0x96][0x98][0x7]Zk[0x2][0xda][0x8e][0x82]m[0xc2][0xc1][0xdc][0x84]^[0xd7][0xc4][0x82][0xeb]T[0xa8]s[0xf1]t[0xfa]`w%[0x1a]b[0xbd][0xff][0xce][0xc8][0x14][0xd4][0xbf][0xa1]Kb[0x0]e[0x14][0xa8]s[0xb1][0x9f][0xa5][0xf][0xde][0x9b]Y\[0x9a][0x92][0x99]X[0x82][0xb5]p3[0xa5][0xdb][0x14]<xm[0x2][0xd4][0xad]$[0xef][0x86][0xcd]LK4[0xc2][0xb1]![0xd9][0xc]|e[0x3]}B[0x1b][0x91][0xf5][0x88]9c[0xa4][\n]"
17:11:38.634 [main] DEBUG org.apache.http.wire -  << "[0xb6][0xae][0x7]Z[0xce]a[0xc][0xcb][0x99][0xd0][0xed]t}#[0xd0][0x89]1[0xd0][0xc0]'r[0xb6][0xbb][0x8]zJ[0x7][0x96][0x8d][0x8d][0xe6]ft[0xeb][0xce][0x82][0xe][0x94][0x87][0xba][0x9b][0xc8][0x9][0xc0][0xf2][0xcc][0xa4][0xcc][0xe2][0xfc][0xbc]|PG[0x11]{[0xdb][0xdf][0xd8][0x98]^[A[0x8c]@[0x7][0x84]@[0x9d][0x8f][0xfd][0xac]c[0xd0][0xb1][0xee][0xf9][0xe5][0xf9][0xe5][0xa0][0x8d]+8\kD[0xaf]eTF[0xa0][0xd3][0xe0][0xa0][0xae]%[0xb4]x[0x14][0xe4][0xde][0xbc][0x92]|[0xa4][0x3][0x13]1[0xa7]Y[0x8d],[0xe8]6[0x9c][0xb]:[0x16][0x1a][0xea]rR[0xb6]}g[0xa7][0xe6]%[0x16][0x81].[0x94](([0xd1]C[0xdf][0x1]khN[0xb7]s)A;[0xbe][0xa0][0xae]'[0xf2][0xa6][0x9c][0xca][0xd2][0x9c][0xcc]D[0x3]s[0xd0][0x18]:[0xca][0xfa][0x19][0xb]SP[0x86][0xa1]Ka[0x8][0x1a][0x80][0x83]:[0x1a]w[0xd3][0x9][0xb4][0x14][0xb6][0xc8][0xc2][0x14]Z[0x0][0xa2][0x8d][0x8d][0x1a][0x19][0xd1]/} :,$[0xb7]U[0x8b][0x12][0xf3][0xd2][0xd3][0x13][0xa1][0x93][0x1][0xd8][0x86]r,[0xe8]w./[0xa8]([0x80][0x6]:1[0xdd][0xc6][0xa4][0xc4][0xbc][0xc4][0xa2]D[0xd0][0xbc]=d[0x1c][0xaa]4[0x5]u[0xed][0xbf][0xb1]%[0xe8]\F[0xba]$[0x17][0xa4][0x85][0xd3]X[0xc7][0x10][0xf2][0xa0]ke[0xb0]T7[0xa6]t[[0xb8]k[0x84][0xb4][0xd4][0x98][0xc8][0x9c][0x98][0x92][0x9f][0x97][0x9e][0xf]J"[0x99]9)8[0x6][0xc9]L[0xe8]w^[0x1b]h[0x5]+4}[0x10][0xd3]B[0xc9][0xcc][0x5][0x1d][0x5][0x99][0x92][0x9][0xea][0xa1][0xa3][0xf7][0xc2][0xcc][\r][0xe9][0xd6][0xe8][0x6][0x8d]!B][0x8d][0xaf][0x93][0x9e]X[0x9c][0xb][0x9a][0x11][0xc8][0xc9][0xcc][0xc5][0x96][0xb]M[0xe8]w2[0x14]h[0xe4][0x16][0xea]^"[0x87]"[0xb]@W[0xf3][0x82][0x16][0xc2][0xa6]$[0x16][0xe5]&f[0xc1][0x96][0x84][0xa1][0xae][0x86]5[0x5]5[0xd2][0xe8][0x93][0x19][0x11][0xc5]![0x91][0xad][0xc1][0xac][0xd4][0x9c][0xcc][0x12][0xc8][0xe5][0xc2][0xa0][0xfb]\R@[0xe7][0xde]"[0xb6][0xdd][0x9b][0x19][0x80][0x6][0x3][0xe8][0xe3]tD[0x1b][0x1c]O[0x7][\r]v[0x95][0xb3][0xb9]1h[0x92][0x0][0xf9][0xa2]3[0xb]Kz[0xed][0x2]0[0x2][0xf5][0xb1][0xa1][0xc9][0x4]k[0x91][0x97][0x1][0xca]|y%[0xf9][0xe0]>[0x1a][0xf6][0xc6][0x9f][0xa1][0xb9][0x1][0xbd]&[0x8e][0x90]V[0x1d]c][0xfe][0x95][\r]^[0xc6][0x9d][0x87]z>=z[0xa3][0xc9][0xc8][0x18][0xe4]i[0xba]$[0x4][0xa4][0xdd][0xeb][0xb8]WI[0xa7][0xe4][0xa7][0xe4][0x83]oo[0xc9][0xc3][0xda][0xfb][0xb5][0xa0][0xdf],[0x0]h[0xed][0x16]41[0x10]Y[0xb3][0x14][0x97][0x16]'[0xe6][0x95]d[0xe6]g[0x97][0xe0]X[0xbb]d[\n]"
17:11:38.634 [main] DEBUG org.apache.http.wire -  << "[0xde][0xed]E[0x97][0xc0][0x6][0xcd][0xc]C][0x8f][0xd4]~*NN[0xcc][0x1]_[0xc4][[0x90][0x93]X[0x92][0x96]_[0x94][0x8b][0xb9][0xf1][0xb0][0x18][0xbc][0x1b]*[0x3][0xd4][0x13][0xce]M[0xca][0x4][0x9d]C[0x88][0xd9][0xd2][0xa6][0xe3][0x18][0x84]%[0x0][0x0][0x0][0xff][0xff]"
17:11:38.634 [main] DEBUG org.apache.http.wire -  << "[\r][\n]"
17:11:38.634 [main] DEBUG org.apache.http.wire -  << "EF[\r][\n]"
17:11:38.634 [main] DEBUG org.apache.http.wire -  << "B[0xcc]d[0xe0][0xd9][0xb6][0x90][0x91][0x9]Z[0x92]Y[0x92][0x9a][0x2]Z[0x9c][0x9][0xaa][0x1b][0xd1]'[\n]"
17:11:38.634 [main] DEBUG org.apache.http.wire -  << "L[0xe8]w[0xc8]7[0xd2][0x2]R[0x9c][0xb]Ur3[0x93]3RsrR[0xe1][0xa7][0xc]cY8a[0xc][0x9e]][0xa5]ObA[0xac][0xad][0xc1]>(U\[0x94][0x98][0x91][0x99][0x8b]}[0xdb][0x82]1[0xfd][0x8e]B[0x6]-[0x3][0x85]&j[0xac][0x8b]j[0x8a][0x11][0xc7]h[0xe2]X;ol[0x8]2[0x83]>[0x81][0x8a][0xa8][0xf7]p[0xce][0x8d]g[0x97][0x16][0x97][0xe7]W[0xe6][0xa7]%f[0x82][0xf6][0x84]`I[0x4][0x86][0x16][0xf4]Z[0x9a]i[0xc]:Z[0x1][0x1a][0xb8][0x84][0xc6][0x12][\n]"
17:11:38.634 [main] DEBUG org.apache.http.wire -  << "@[0xf7][0xb8][0x83]NG[0x4][0xed][0x11][0xc2][0xd2][0xfe]74[0x2][0xcd][0xec][0xd1]#[0x94][0x8d][0x91][0x16][0x94]"[0xce][0xe]H[0xad](I[0xcd]+[0xce]L[0xca]IU(H,JL[0xc9]L[0xc7]R[0xd0][0x81]:[0x89]E[0x89][0x99]y[0x99][0x19][0xa0]S[0xd6][0xb1][0x8d]b[0x1b][0x9b][0xd3]k[0x9][0x96]1[0xa8][0xd1][0x0][\r]|B[0x97]W[0x81][0xce]/[0xcb]--*[0xc9][0xb4]0[0xc1][0xe6]h#[0xf0][0x10][0x16][0xed][0xc3][0x1e][0x0][0x0][0x0][0xff][0xff]"
17:11:38.634 [main] DEBUG org.apache.http.wire -  << "[\r][\n]"
17:11:38.634 [main] DEBUG org.apache.http.wire -  << "226[\r][\n]"
17:11:38.634 [main] DEBUG org.apache.http.wire -  << "257FZ[0xef][0x88]c[0xa6] [0x1b][0xba]J[0x5]K[0x1a]11[0x3][0xdd]~K[0x1f]w"[0xb6]G[0x92][0xb2][0x9c][0x2][0xb4][0xa6][0xad]$157[0xa9]4[0x3]T[0xa5][0xa0]m[0xb5]6[0xb4][0xa0][0xd7][0x99][0x8e][0xc6][0xa0][0x9]Bh[0xe2][0xc0]3[0x81][0x4][0xeb][0xd7][0x16]%ff$[0xe6]a[0xeb]p[0x99][0x9b][0xd2][0xab][0x83]hL[0xdc]R<[0x88]S[\r],[0xb1]9[0xd6][0xc8][0x9c]^[0x3]c[0xe0][0x8d]=[0xd0][0xf0]%e,2#1/[0xd1][0xc2][0x10]4[0xa2][0x97]_[0x84]r[0x81][0xa3][0x19][0xdd][0xce][0xc4]6[0x6][0x1d][0x1b][0x9]u:[0xd6]>@[0x1a][0xbc][0x94][0x3][0xb9][0x13]u[0xed][0x15][0xdd]V[0xf][0x1a]#[0x9d][0xce][0x80][0xa7][0x11][0x97][0x89][0xd8][0xfd][0x86][0xbd]oef[0x8]:[0xd4][0x86].E[0x86]![0xa2][0xd9]IJ[0x91][0x1][0xde][0x83][0x5][\n]"
17:11:38.634 [main] DEBUG org.apache.http.wire -  << "r[0xd0][0xbd][0xa4][0xa0][0xf6][0x12][0xd6]u[0x1f][0x16][0x86][0xf4][0xda]"d[0xc][0x9a][0xd7][0x84][0xa6][0xf][0xdc]c[0xbe]E[0x89][0x19][0xb9][0x99][0x19][0xa5][0xa0][0xd1][0x2][0xc8][0x99][0x82][0xe8]WT[0x81]g[0x2][0xe9][0x13][0xee][0x88][0x96](R[0xb7][0x85][0xc8]k[0xcc]2[0x8b][0xb2][0x12]3 [0xdd][0x17][0xe8][0xf8]5Z[0x99]mn@[0xaf]y$c[0xd0][0xf2]}h[0xc0][0xe3][0x1a]J[0xc8][0x84][0xd4][0xe2][0x6][0xa0][0xca][0x5]e\[0xc9][0x9c]n[0xf7]@[0x19]#-[0xe0]$[0xd4][0xe8][0xcb][0xc8][0x5]m[0x3][0x0][\r][0x89]a-[0xae]M@[0xcb]n[0xe9][0x92]F[0x90]Vr[0x92][0xb0]=2/[0xb1][0xa4]8[0xb3][0x8]2[0x84][0xbd]x11[0x5]m[0xd2][0xa5][0x8f][0x17][0x8]l[0x83]*[0x80][0x8e][0xad]c[0xb9][0xa1][0xc3][0xd8][0x1c][0xd4][0xe4][0xa5][0x8f]+[0x11][0xfb][0x9f][0x8]5J[0xc1][.L[0x8d][0xb0][0xa5][0xc]c#[0xd0][0xe8]+}[0x1c][0x8c][0xd8][0x9][0x85]}[0xf2][0xb6]*1[0xa3]([0xb1]81'1[0x3]t[0xc7][0x1d][0xa8][0x8f][0x88]1P`fbF[0x9f][0x85][0xdf][0xc6]F[0x88]e[0xa6]xj[0xc5]4<kA[0x8c]LA[0xf5]?}[0x82][0x96][0xbc][\n]"
17:11:38.634 [main] DEBUG org.apache.http.wire -  << "1;1[0xf]T[0xad][0xe7][0xa7][0xe0][0x18][0x11]3[0xb7][0x0][0xdd][0xf]J[0x1f][0x1f] z[0x1][0xb8][0xab][0xc2]<[0xd0][0xb8][0x17][0xe8]d[0x17]l)[0xd9][0xc2][0x4]4[0xb6]C[0x1f][0xc7]"[0xea]A"',RsJ3[0x8a]K[0x13][0x8b]J2[0xf3]2q[0x94]of[0xa0]i[0x1b][0xfa]8[0x1f]1]Ah[0xcb]}jNfq[0xa2][0x85][0x1][0xa8]y[0x8a]v[0x1c][0x8d])x[0xb7](}[0xdc][0x8b][0x18][0xab][0xc1]3GQ[0x2][0xda][0xee][0x9]Z[0x96][0x85][0xa5];ka@[0xaf][0x9d][0xc][0xc6][0xc6][0x6]:J[0xd0][0xa6][0x5]1S[0xca][0xa9]"
17:11:38.634 [main] DEBUG org.apache.http.wire -  << "[\r][\n]"
17:11:38.635 [main] DEBUG org.apache.http.wire -  << "10B8[\r][\n]"
17:11:38.635 [main] DEBUG org.apache.http.wire -  << "[0xb9][0x99]9[0xf0][0xd9],[0xec])[0xc3][0xc8][0x84]^[0xf7][0xde][0x19]#[0xdd]`L[0xea][0xda]zP[0xbc]8[0x11][0xec][0x15]l[0xb9][0xd3][0xc8][0x8c]^'J[0x18][0x83][0xca],h[0xc]`[0xaf]g[\n]"
17:11:38.635 [main] DEBUG org.apache.http.wire -  << "[0x8a][0x12]+3K[0xf2]@g[0xcd][0x83]o[0xed][0xc6][0xe6]^c[0x3]3[0xb]:[0xd5]4[0xa0]U[0x1b]P[0xf7]b[0xed]%&fe[0xe6][0xe7][0xe5][0x1b][0x81][[0xa2]X[0xe][0x1c][0xa1][0xdf]E'[0xc6][0xa0][0x1][\n]"
17:11:38.635 [main] DEBUG org.apache.http.wire -  << "[0xa8]K[0xb1][0x9f][0xbe][0x0][0x9d]cIO[0xcc]I,[0xc2][0x9e][0x98]M[0x8d][0xe8][0xb5]Q[0xc4][0xd8][0x18]Q)[0xa6][0xe6][0x81][0xe7]U2[0xf3][0xf2][0xf2][0xcb][0x12]K2[0xcb]R[0x9][0xec][0xbc][0x86]7B[0xf2][0x12]S2[0xf3]R[0xa1][0xfd][0x15][0x94][0xc3]bM-@[0x3]lt)[0xff][0x8c][0x11]u#[0xce]9[0x8b]JP[0xf]1=1[0xa7]4/[0x1d][0xdb][0xb8]#[0xfd][0xae][0x14][0x7][0x1f]f[0x2]M$DV[0x8e][0xa0]k([0x8b]2[0xf3]2[0x8d]LAm>,I[0xdc][0x94]nG [0x18]#[0xad]`[0xc7][0xda]3,[0x84][0x1c][0x1a][0x96][0x87]}[0xf9][0xaf][0xa1][0xb9][0x11][0xdd]J[\r][0xa2]*[0xc5]b[0xe8][0xa4]8[0xd6][0xe9]Zssz[0xad][0x90]0FZ[0xb6][0x8e]un[0x8]^y'[0x97][0xe9]aI[0x0][0xc6]t;9[0xd3][0x18]t[\n]"
17:11:38.635 [main] DEBUG org.apache.http.wire -  << ";4[0xf9][0xe2][<[0x93][0x97][0x8][0xbe]A[0xb5]$[0x1f][0xb4] [0x2]s%[0xb2]![0xa8][0x12][0xa2]K[0xe1][0x0][0x1a][0xe7][0x86][0xba][0x97][0x94][0xe1][0xd1]R[0xe8][0x81]g[0xa0][0xe1][\r][0x94]%[0x8f]f[0xc6][0xa0]I][0xfa]8[0x1d][0xd1]!$[0xb5][0xb5][0x1]][0x84][0x0][0x9a]m[0xc1]^[0xdc][0xd1]k![0x9e]1[0xe8]Fmh[0xf8][0xe3][0xee][0xb8][0x14] [0x95][0xce][0x5]%z([0x1]nj[0x6][0xda][0xbc]F[0x9f][0x0]G[0xd4][0x88]D[0xae]S[0xca][0x5]/L[0x6][0xb5][0x94]J@Mk[0xf4][0x3]H[0x8c][\r][0xe8][0x17][0xce][0x88]J[0x90][0x94]1_[0xd8]q[0xbc][0x95][0xf9][0xe9][0x89][0xd8]R[0x8a][0x91]%h[0x8d][0x1f]}B[0x1f][0xd1]k$y[0xf4][0x14][0xd6]d[0xb5]0[0xc5][0xea][0x9]S[0xba][0xcd][0xd6][0x81]N[0xfa][0x82]&w[0xdc][0xdb][0xf7][0xd3]@[0xfd]t[0xc8][0xfa][0x14],[0xb3][0xe6][0x16][0x96][0xf4]K[0xf0][0x88]J[0x92][0xe8]UB[0xa0][0x1b]a[0xf3]A[0x83][0xee][0xa0][0x83]XK[0xf4][0xd0][0xbb][0xbd][0xc6][0xa0][0xa3]:[0xe9][0x92]^@[0x95]34[0xa8][0x89][0xdc][0xab][0x1]*e[0x8a][0xf3]A][0x9b][0xa2][0x14][0xd8][0x9a]H[0x94]k[0x3][0xcc]-[0xe8]6[0x88][\n]"
17:11:38.635 [main] DEBUG org.apache.http.wire -  << "[0x9a][0x1f][0x84][0xba][0x1e][0xdf][0xee]a[0xe8][0x8a][0xd9][0xac][0xd2][0x1c][0x1c][0xe3]"[0xa6][0xa6]t[0xab][0x8f][0x90]v[0x97]`[0xed][0x88]e[0x80][0x86][0xd8]+[0x13][0xf3]2[0x8b][0xf2]AKg[0xb1]wp[0xcc][0xc][0xe9]6[0xc][0x85][0xb4][0xbf][0x4][0xf7][0x92][0xbd]$[0xd0]i[0x3]y[0xe9]f[0x96][0xd8]{[0xb9]t[0x1b][0xfd][0x5]][0xf8][0x7]M[0xf][0xc1][0xf9]y[0x95][\n]"
17:11:38.635 [main] DEBUG org.apache.http.wire -  << "[0x1][0xc1][0xc5][0xa6][0x18][q[0xc1]7wd$[0x16]+[0xe4]d[0xe6]f[0x96][0x80][0x96][0xbf][0x5][0x14]e&[0xa7]*Y[0x19][0x83][0x8e]~[0xc3][0x99][0xeb]bku[0xaa][0x95]<![0xcb][0x1e]@[0x15][0x12][0xcc][0x1e]_[0x5]CK[0xb][0x5]7[0xcc][0xcb][0xba]*AK[0xbb][0x8a][0xcb][0x13][0x8b][0xc0][0x87]R[0xa1]T[0xc7][0x86]t[0xcc][0xe0][0x88]*[\r][0xcf][0x10]3[0xf8][0x10][0x1f][0xb][0xac][0xf7]$[0x98][0x1a][0x80][0x96]A[0xe2][0xc][0x16]H[0x98][0x18][0x9a] [0xef][0xc2]LO[0xcc][0xcd][0xcc]K[0xc7][0x8][0xf8][0xb4][0xfc]"[0x5][0x88][0x94]BAiQA~qj[0xb1]R-J[0xb0]"*/"{uY[0x89][0xe9][0x89][0x5][0x89]%[0xe0];[0xdc]RK*[0xf3][0xb1][0xa5]?S[0x3]Sz[0xf5][0x97]@[0x16]A[0xd3][0x5][0xee]s[0xe]3[0x12][0xf3]2a[[0xd7][0xb1]O[0xe][0x9b][0xd2][0xeb][0x88]ec[0xd0],4[0xd4][0xc1][0xb8]k[0xda][0xcc][0xa2][0xc4][0xf2][0xc4][0xbc][0xec][0xc4][0xe2][0xd2][0xe2]"[0x1c][0xdb]%[0xcc][0xc]AK{[0xe9][0x92]H@[0xb][0xb2][0xa0]N&4_[0x99][0x8d][0xc8][0x81]X[0x9a][0x8][0xc6][0xa6][0xf4]:[0xb7][0xd8][0x18]d[0x11][0xd4][0xcd]H[0xad]2"[0x96][0xe2]B[0xba] [0x89][0xc5][0x95][0x99][0x89][0x19][0xa0][0xf1]q[0xb4][0xdd]X&t[0xdb][0xb]d[0xc]j[0xfc]A[0xbd][0x80][0xbb][0x1e](/[0xcd]I[0xcc]35[0x80][0xe]e[0xa1][0xdf][0xf4]ldH[0xb7][0x81][0xb][0xa4][0xbd][0x85][0xc4][0xdd][0xf4][0xc]Z[0xb6][0x9d]_[0x9c]_P[0x9a][0x85][0xa3][0x89]`a[0xe][0xca][0xdc][0xf4]I[0xe1]D[0xcd][\n]"
17:11:38.635 [main] DEBUG org.apache.http.wire -  << "[0xe6][0x96][0x16][0x97][0xe4][0xa7]%[0x16][0x83][0x6][0xf][0x13][0xa1]![0x8e]eT[0xc3][0xc2][0x12][0xb4][0xe][0x81]>[0xee]F[0xf4][0xfc]H[0xde],^[0x94][0x99][0x97]X[0x92]X[0x94][0x99][0x1][0xda][0x97][0x85][0xbd][0xd1]ch@[0xb7]F[0xf]h[0x1a][0x1][0x9a][0xd8]q[0x97][0xe3]9[0xa5][0x19][0xa5]y[0xe9][0x96][0xc6][0xd8]:K[0xe6]t[0xbb]4[0xc4][0x18]iO'[0x9e][0x89][0xab][0xe4][0xbc][0xc4][0xcc][0xbc][0xf4][0xf4][0xfc][0x9c][0xc4]<[0xd0]`[0x12][0xda]Q[0xa5][0xe6][0x96][0xa0][0xed][0xac][0xf4]I$[0x88]yA[0xac][0x83]t[0xa0]-[0xe0]%[0x99][0xa0][[0x9d][0x8b]J[0x12][0xf3][0xc0]g8[0xa2][0xef]r34[0x1][0xad]-[0xa4][0x8f]k[0x11]};[0xdc][0xf5]cqf^bz"[0xe4][0x84][0x17]hFD[[0xe]hJ[0xb7][0xcd][0xf7][0xc6]H[0xbb]M[0xf1]u[0x89]R@Cs[0xb9][0x99][0xe5][0xa0][0x1][0x17][0xc8]y[0xcb][0xe8][0xdb][0x82],[0xcc][0xe8][0xb5]N[0xde][0x18][0xe9]"!"[0xdb]}9[0xa5][0xe5][0xa9][0xc5][0x99][0xc5][0xe0][0xea][0x11][0xfb][0x9]@[0xc6][0x16][0xa0][0x9e][0xb]][0x12][0x9][0xd2]6Y"G[0xbc][0xe0]%[0x1d]h[0x12]+/[0x1d][[0xab][0xd5][0x88]~U[0xbb]9b[0x88]4 1[0x15]t[0xec]HQf[0xb2]B^iQq*F[0x1b]>[0xb]t;H^fiN[0x19][0x8e][0x96][0xa0][0x91]%[0xa8]SN[0x9f]pG[0xaa]'[0x13][0x8b][0x12]s3K[0x12]1[0xdc][[0x9][0xed][0xfb]c[0xc]A[[0x98][0xd1]m[0x94][0x2]4[0xf8][0x7][0xad]M[0xf0][0x8d][0xf6]C[0x8a][0x91][0xdc][0xcc][0x1c]p[0x11]mH[0xc8][0xc4][0x2][0xd4][0x0][0xa3]O[0xb0]"z[0x8c][0xa4][0xc][0x82][0xe6]%[0x16]'&[0x99][0xe0]8[0xbc][0xc8][0xc2][0x82]n[0xad]'[0xd0]`[0x3]4[0xb4][0xb1]V0[0xc9][0x89][0x95][0x89])[0x99][0x6]X[0xaf][0xa4]06[0xa2][0xdb][0xd2]/sD=H[0xa8][0x1b][0x3][0x9b]^[0x3]uv[0xb1]7[0x8d][0xe8]8[0xda]iNL[0x8d]X[0x92][0x98]WR[0x94]i[0x80][0xb5]idfA[0xaf][0xed][0xa6][0xe0]}[0xad][0xd0][0xa4][0x80]g[0xd7][0x4][0xf8]V,[0xec]c[0x1f]fF[0xa0][0xb2][0x91].[0xb9][0xe]t[0x16][0x19][0xd4][0xad][0xf8][0xea][0xed][0x9c][0xf2][0xc4][0xe2]l[0xd0][0x85][0xe]XG[0xe][0xc][\r]A[0xeb][0x11][0xe8][0xe3]^[0xc4][0xca]P[0x1c];[0x10][0xd7][0xbb]e[0xa7][0xe6]&[0xe6][0x80][0xa6][0xdd][0xd1][0x9a]E&[0xe0]y|[0xfa]8[0x17]Q[0xc7][0xe1][0x9e]AK[0x83][0x1d]][0x8c]eu[0x97][0x89][0x5][0xbd][0xce]O2F[0xda][0xd5][0x8d][0xbb][0xf7][0x1][0xea].[0xe5]d&[0x1a][0x1a][0x83][0x9a][0xf3]h[0xe1]jd[\n]"
17:11:38.635 [main] DEBUG org.apache.http.wire -  << "Z[0xee]C[0x9f]pE[0xf4][0xf9][0xb0][0xe]g[0xa7][0x97][0xe6][0x81].H[0x80][0xf4][0x95][0xa0][0x8d]c[0xb4][0xce][0x87]![0xfd]Zj[0xa0]q5h&#e[0x1e];[0xb]::[0x80][0xad][0xa7]gA[0xbf][0xa9][0x3][0xd0])[0xea]P[0xd7][0xe3][0xee][0x8c][0x80]n[0xcb]K[0xc9][0x84]V[0x19][0xe0][0xb][0xf3][0x90]OR0[0xb7][0xc4];[0xc6]M[0xcd][0xc1]\[0xd0][0x9d][0xb]P[0xd7]b[0xdf]Q[0x9c][0x9e][0x98][0x3]Zs[0x6]mQ[0x82][0x1a]h[0xe8][0x1d]=3[0xf0][0x2]i[0xba][0xa4]c[0xd0][0x18]7[0xd4][0xb5][0xbe][\n]"
17:11:38.635 [main] DEBUG org.apache.http.wire -  << "[0x6][0x86][0xc6][\n]"
17:11:38.635 [main] DEBUG org.apache.http.wire -  << "[0xfe][0x1][0x18]m[0xc9]l[0xd0]9 y[0x6][0xa6][0xa0][0x81]8[0xb4][0x1c]gb[0x0][0xda]mO[0x17][0x97][0x82][0x6]Z[0xa1].%[0xd4]p(.M[0xce]4[0xc4]qI[0x91][0x91]9[0xdd][0xca][0x8]P[0xd0]@][0x8c][0xaf]j[0x83][0xa4]\[0xf0])Y[0xa0][0x95]O[0xc9]e[0xe8]W@[0x19][0x19][0x83]n[0x4][0xa4]K ["[0xaa][0xb]"[0xbb]t[0xa0]]1[0xc5][0x89]E[0x89][0xe9][0x99][0x19][0xa0][0x12][0x19]eF[0xd4][0xd0][0xc2][0x92]N[0xf7][0xae][0x1a][0x83][0x86][0xc8][0xa0]aM[0xfa]r[0x97][0xe2][0xcc][0x92][0xc4][0xe4][0xc4][0x8c]J[0xac][0x8b][0x18][0xcc][0xc][0xe8][0xd5][0xa1]6A[0xba][0x7][0x6][0xe7][0xbe]y[0xf0][0x1][0xe7]I[0x89]9[0xe0][0xe9][0x1f]l[0x5][0xb3][0x99][0x9][0xbd]._[0x5][0x1f],[0x1][\r]t[0x82][0x1d][0xe8][0xc4][0xa2][0xf4][0xfc][0xbc]|CCPs[0x8]}[0xe7][0x89][0x99]9[0xbd][0xfa][0xa4]&HW[0xbe][0x10]s[0xe8]T[0x5]l[0x89][0xb][0xb6][0x90]6[0xa5][0xdb][0xfd][0x1e][0xe0][0x81]?hH[0xe3]8[0xc4][0x1a]<[0x93][0x9][0xbb]l[0xa0][0xa0]D[0xf][0xad][0xa0]67[0xa1][0xd7]~[0x19][0x13][0xa4][0xbb]=[0x8][0xed][0x9d][0x2][0x1f]%if[0x84][0xbd]}dj[0x1][0xea][0xd2][0xd2][0xa3][0xd8]3A[0xda][0xa5][0x8b]g,95/%1[0xa3]<3)[0xbf][0x1c][0xc7][0x96][0x1e]CKzuCL[0x90]v[0xe9][0x12]YP[0x17]%[0x82][0xe]^[0xc9][0xcb]/[0xcb],[0x81][0x1c][0xb0][0x87][0xa5][0xb1]on[0x8][0xca][0x1f][0xf4][0x9]r[0xc4]h[0xb][0xa1][0xea]<7[0x15]rBtbnb[0x6]h[0xe9][\r][0xf8]`@[0x94]m[0xe7][0x16]&[0xf4]j[0xde][0x81][0xf7]zBs"[0x91][0xb][0x87][0x8a]2[0xb3][0x13][\r]as[0x83]Xf[0xaa][0xcc]-[0xe8]ud[0x88][0x9]hJ[0xc][0xea]x"[0x7][0x9c]![0xbb]F[0x91][0xca][0x95][0xd4][0x94]R[0xc4]Yj&[0x86][0xa0]uT[0xf4]I/H[0xe3]/[0xf9])[0xf9][0x18][0x8d][0xd4][0xc4][0xe2][0x9c][0xcc][0xac][0xc4]<[0xe8]A[0xc0][0x90][0xa1]}l[0x81]m[0x4][0x9a]7[0xa2][0x8b][0x8b][0x91]6[0xeb][0x12]J[0xe1][0x19][0x89][0xc5][0x99][0xb9][0xc5][0xa5][0xe0][0xd5]q[0xa0][\n]"
17:11:38.635 [main] DEBUG org.apache.http.wire -  << "[0x12]m[0x10][0xd4][0xd8][0xd4][0x94]N;3M[0x90][0xee]_[0xc1]:[0x8a][0x8]>_>/[0x11]1[0x5][0x1][0x9]i[0xf4][0xf9]y[0xba][0xad]s6[0x1][0x8d]N[0x90][0x96][0xa4]a7[0xfe][0x81][0xee]v[0xc3]1[0xe9]mhD[0xaf]Qg[0x13][0xd0][0x9]P[0xf7][0xe3][0x1e][0xf4]H[0xcd][0xce]/[0xce],J[0xcc],[0x1][0xf5][0x16][0xd1][0xaf]v37[0x3]me[0xa7]K[0x92]F[0xda][0xa3]D[0xdc][0xf2][0x82][0x9c][0xd4]b[0xd0][0x9c]OAbfnb[0x1e]6[0xc7][0x1b][0x9b][0x81][0xba][0x1c][0xf4]q<[0xd2][0x90]Mjqfz^j[0x91][0x8e]Bf^IjQf~[0x91]~1h9Ub[0xe]F[0xb9][0x92][0x92][0x99][0x9b]Xlh[0x88]m[0xaa][0xca][0xc2][0x0]t[0xc6][0x4]}[0xdc][0x8e]X![0x86]u[0xe7]L:[0xfc][0xc2][0x87][0xd2][0x14]=[0xd4]"[0xda][0x9c]^}0[0x13][0xa4][0xdb][0x1e]H\[0xed][0x3][0xbd][0xe5][0x6]|!$[0xda]([0x99][0xb9]1[0xbd][0x8e][0xb6]6A[0xda]G[0x83]g[0xd8]<93[0xaf]$#31[0xbb][0xb4]8[0x17]|w3[0xb6][0x9e][0x81][0xb1]%[0xc8],[0xba][0xa4][0xc][0xa4]-5x[0xd6]9[0xa6]%[0x82][0x8e][0xb1][0x83][0xcf][0x1b]'[0x97][0xa1][0x9e][0xad]lj[0x1][0xba][0xb1][0x8a]>[0xee]E[0x8c]0[0x10][0xea][0x1d]$[0x15][0x14]%[0x96]d[0x96][0xe3]*[0xa3][0xcd]@^[0xa7][0x8f][0x9b][0x11][0x13][0xae]$[0x9e][0xb4][0x96][0x6][0xdd][0xb4][0x89]-[0x91][0x98][0x1a][0x9a]Y[0xd2]g[0x17][0xac][0x9]hv[0xf]Z[0xc9][0x10][0xbb]T[0x1f]z-nQjqI)[0xa8]I[0x82]r[0x80][0x92][0xb1]%[0xe8]2[0xf][0xfa][0x84]=b[0xbe][0x90][0xd4][0x81][0x9d]L[0xe8]Q"X[0xd6]@[0x1a]Z[0x82][0x82][0x84][0x1e][0x1e]0[0x7][0x95][0x4][0xd0][0xb0]G$[0x9e][0x82][0x9c][0xd2]t[0xdd][0xc4][0xbc][0x14]][0xf0][0xa2][0xec][0xe2][0xe4][0x8c][0xd4][0xdc]D[0xd0][0x8a]l[0x97][0xd4][0xe2][0xe4][0xa2][0xcc][0x82][0x92][0xcc][0xfc]<%+[0xa5]<[0xd0][0xc5]T%[0x99]E[0xa0][0xa2]&[0xf][0x14][0x9]([0x8b][0xa9][0x8d][0xc][0xe8][0xb5][[0xc2][0x1c]iL;[0xc8][0xcd]W[0xd7][0xdc][0xc0][0xd0][0x18][0xa3][0xa2][0x4][0xed][0x8f](HM[0xcc][0x6][0xed][0xdd][0x3][0x8d][0x14][0xa3][0xde][0xa2]e[0x0]Z,B[0x8f][0xf0][0xb6][0x4][0x8d]s@[0xc3];5/=1=U!%[0xbf]D79?W!/[0xb5][0xa4]<[0xbf]([0x1b]3[0x9c][0xab]2*[0xb3][0xb][0x8a]R*[0xb1]V[0xf2][0xa6][0xf4][0x9a][0xc1][0xb7]D[0xba][0xff][0xcb]S[0xc1][0xc4][0xcc][0xc0]X[0xc1][0x11]su}QnU[0xa5][0x85][0xb9]CFVbU[0xa5][0x1e][0xca]h[0xab][0x99]%[0xe8](E[0xba][0x84]1[0xd2]~[0x3]R[0xd3]tQqnebNFyeIb[0x9][0xb6][0xf0]61[0x1][0x9d][0x93]@[0x1f]_ [0x1a][0x84]7[0x96][0xdf]l[0xbc][0xb1][0xea]f[0xf3][0x8d][0xe5]76b[0xa6][0xec][0xfc][0xbc][0xfc][0xa2]T[0x13]3[0xd0]0UjfQ[0xa2]^Z[0x11]R[0x17][0xd8][0x12][0xd4][0xcf][0xa3][0x8b]{[0x91]VS[0xdf]Xc[0xc9][0xcd][0x8e][0x1b]+0[0xdc]Z[0x9c][[0x9e][0x91][0x98]S[0x94][0x94][0x98][0xe4]P[0x95][0x91][0x93]X^[0x89]Z[0xd1][[0x98][0x81]n[\r][0xa0][0x8f]k[0x11][0x13][0xe5][0xf0][0xe5]4E[0x99][0xc9][0x19][\n]"
17:11:38.636 [main] DEBUG org.apache.http.wire -  << "[0xe5][0xa9]I[\n]"
17:11:38.636 [main] DEBUG org.apache.http.wire -  << "[0xc5][0xa9]Ee[0x99][0xc9][0xa9][0x98]Y1[0xad](1/9?[0xb3][0xb8] 39[0xb1]([0xc5]!)[0xbf][0xb4]2[0xbd]$5[0x7]%[0xc8][\r]MA3[0x82][0xf4][0xf1][0x4][0xa2][0xb5]r[0xb3][0xed][0xc6][0xf2][0x1b][[0xb0]$[0x8f][0xb2][0xcc][0xa2][0xf4][0xcc][0xbc][0xcc]TKC[0x87][0x92][0xd4][0x9c]T#[0x14][0xb7]Z[0x80][[0x95][0xf4]q+[0xa2][0x95][0xe2][0x2][0xba]h[0xbd]$#[0xb5]([0xb1] [0xb3][0xb8][0x4]#[0x91][0xa4]&[0xa5][0xe8]&[0xe6]T$[0xe6][0x14][0xa6][0xe7]U[0xe6]bk[0x9b][0x98][0x18][0x83][0xfa][0xd5][0xf4]q6"[0x17][0x1a][0xbb]x:+[0x18][0x9a]`[0xb8][0xb7][0xa4][0xb0]2[0xb5][0xa4]2[0xa9][0xc0]!)[0xaf][0x1c]5=[0x9b][0x1a][0xd3]kd[0xc4][0x12]imtj^Yfqf~^jj[0x91]Bz[0x11][0xe8][0xba][0xcb][0xc4]"[0x85][0x94][0xd4][0x9c][0xcc][0xb2][0xd4]"[0xd0]Y[0x18][0x98][0xc9][0xba][\n]"
17:11:38.636 [main] DEBUG org.apache.http.wire -  << "[0xb6][0xbc][0x17][[0x91]ghL[0xaf][0x19][0x1b]K[0xd0][0xe0][0x17][0xb4]rt+-[0x2][0xa5][0x10][0x85][0xd4][0x94][0xd2][0xe4]DP[0x83]C!'5[0xb9][0xa4][0xb4]([0x15]T[0xb8][0xa1][0xb6]Cr+S[0xf3][0xf3][0xd2][0x8b]K[0xd3][0xd3][0xcb]S[0xf3][0xf3][0x1c][0x92][0x12][0xd3][0xb3][0xf2]Q[0xe3][0xc1][0xd8][0x84]^[0xb][0x86],AG[0xc7]@[0xbd][0xf0]f[0xf1][0x9e]7[0xb]7[0xbc][0x99]=[0x1]#[0xc5]$[0xe6][0x14][0x16]e[0x95][0xe7]T[0x16]'[0xe6]f@[0xea]J[0xdd][0xdc][0xca][0xa2][0xb4][0xc4]$[0xd4]*[0xd3][0xd0][0x0][0xd4]g[0xa5]O2G[0x8c]_Z[0x98][0xf9]([0xf8][0x99][0x1b]a8:?=+19?[0xd5]!33[0x1f][0xd5][0x99]ft[0xbb][0xd5][0xd3][0x12]i[0x19]ujEAN~f[0x89][0x2][0xd2][0x91][0xd2][0xa5][0xc5][0xa9]E[0x98][0x89];=1/=[0x3][0x94]D[0xb2]J[0xf3][0x1c][0xb2]J[0xf5][0xb2]A)[0x8][0xba][0xb7][0xd0][0xc8][0x94]^[0x83]S[0x96]H[0xab][0xa9]q7[0x9f] E_aFb[0x91][0x99]%[0xb8]8AiB[0x99][0x1b][0xd2][0xad][0xd8][0x3][0xb5][0x87][0xa1][0xc9][0xb8][0x8]4[0x91]P[\n]"
17:11:38.636 [main] DEBUG org.apache.http.wire -  << "[0xca][0x82][0x99]U[0xa9][\n]"
17:11:38.636 [main] DEBUG org.apache.http.wire -  << "[0xa5]I[0x99][0x85][0xa5][0x99]%[0xf9][0xa5][0xc5][\n]"
17:11:38.636 [main] DEBUG org.apache.http.wire -  << "[0xb8][0xaf]*HJ[0xcc][0x6][0x8d]v[0xc3]N[0xe5][0xc2][0xde][0xc3]1[0xa6]O[0xef][0xd2][0x12][0x94][0xf5][0xa1]^![0xb6][0xc5]][0x92][0x98][0x93]hn[0xe2][0x90][0x98][0x93][0x98][[0xa9][0x87]r[0xf4][0x8f][0xb1][0xa9][0x1][0x9d]v-Z[0x82][0x9a]BPw;[0xe7][0x97][0xe6][0x15][0xa7][0xe6][0xe4]d[0xe6][0xa5]+[0x14][0x14]W&g[0xe4][0xe7][0xe4][0xa7]c[0xab]:s3[0x8b]K[0xd3][0xb3][0x12][0xf3][0xd2][0xb1]/H53[0x6][0x9d]'D[0x97][0x2][0x5][0xb4]&[0x4][0xea]z[0x12][0x8a][0xf2][0xe4][0xe2][0xc4][0xd4]4[0xd0][0xf5][0xcc][0x19][0xd8]j"3[0xba]m[0xdf][0xb1]DZ[0xec]Gl[0xa2][0xc9][0x86][0xf6][0xe7][0xb]R[0xd0][0x92][0xc][0xfd][0x9a][0xe0][0x16][0x88][0xc6][0x8a][0x97][0x82][0xa1][0x89][0x89][0x82][0xb7][0x97][0xf]F9[0x9e][0x95][0x99][0x97][0x91][0x9f][0x94][0x98][0xee][0x90][0x91][0x98][0x97][0x9b][0x98][0x99][0x83]ZU[0x1a][0x19][0xd3]k[0x8e][0xd5][0x12][0xd4]L[0x86]&[0x11][0xdc]UeJjqrbnAqyfNNfb[0xae]CNbA~qI*[0xaa][0xa3]M[0xc0][0x8b]3[0xe9][0x93][0xae][0x11][0x3]>$[0xf4][0x1b]r[0x8b]S[0x93][0xcc][0xcc][0x1c][0x12]s+[0xcb][0xf3]*uA[0xed]D[0x94][0x82][0xdd][0xc8][0x1c]t[0x94][0xf]}[0xdc][0x8f][0xa8][0xe8]_onx;s[0xca][0xeb][0x9]s[0x14][0xde]L[0x9f][0xf2][0xb6]e[0xc3][0xdb])-[0xaf][0xe7][0xee]y3w[0xcb][0x9b]e[0x1d][\n]"
17:11:38.636 [main] DEBUG org.apache.http.wire -  << "of[0xef]|[0xd3]2[0xe7][0xf5][0xce][0x96]7]K0[0x92]PfF~^[0xba]CJbi.j<[0x18][0x1a][0xd2][0xad]|AZ[0x19][0xf8]f[0xfa][0x94]7[0xcb][0x1b]^ww[0xbc][0x99][0xb6]E[0xe1][0xcd][0xbc][0x9][0xaf]vlx3o[0xa9][0xc2][0x9b][0x8d]-[0xaf][0[0xdb]^yY[0xb9]E[0xb9][0x19][0x95][0xe]U9[0x89]%[0x95][0xb9][0xe5]z[0x99]yi[0xa0][0xe9]Zh[0x83][0xc0][0xc4][0x14]4[0x9]M[0x97][0x98][0x0]-*[0x82]&[0x9f][0xd2][0x92][0x8c][0xb4]L[0x8c]`[0x86][0x1f][0xa5][0x92][0x9c]X[0x94][0x3][0xde]s[0x87][0xbe]4[0xc9][0xc4][0x98]^[0xf3]S[0x96] [0x8b][0xa0][0xce][0x5][0xcd]Ia86)1#1O[0xa1][0x18]t[0xe4][0x4]h[0x9a][\n]"
17:11:38.636 [main] DEBUG org.apache.http.wire -  << "[0x1a][0x9e][0x86][0xa0][0xcb]Kp[0x6]'[0xd2])[0x3][0x96][0xa0]y [0xa8][0xf9][0xe1]N[0xee][0xba][0xc6][0xc6][0x96][0x18]V[0xa4]g[0xe6][0x16][0x83][0x9a][0xfa][0xb9][0x99][0xe0][0x86][0x1c]J[0x16]2[0xa3][0xdb][0xc5][0xd6][0x96][0xa0]CI[0xa0].}[0xbd]~[0xc7][0x9b][0x8e][0x99][0x18][0xe]ML[0xce]H,-[0xcb][0xcc]s(O[0xcc]KL[0xc9][0xcf]G[0xe9]s[0x9b][0x18][0x81][0xce][0x17][0xc6][0x19]&T\[0xec]k[0x89][0xb4][0xec][0x10][0xef][0x10]RR~ejQNbiQ[0xaa]CbJb.[0x8a]s-[0xe8]v4[0xbb]%[0xe8][0xa0]Vh[0xc0][0xbe]i[0x99][0xf3]f[0xe]f[0xc1][0x93][0x98][0x97]X\[0x92]X[0x9c][0x99][0x88]t#[0x1][0xfa]M[0x9c]F[0x16][0xa0][0xb2][0x81]>[0xe1][0x8b][0xa8][0xc][0xa0][0x13][0xce][0xc5][0xa9][0x15][0x95][\n]"
17:11:38.636 [main] DEBUG org.apache.http.wire -  << "[0xa9][0x15][0x5][0xa9]E[0x99][0xa9]y[0xd8]F[0x90][\n]"
17:11:38.636 [main] DEBUG org.apache.http.wire -  << "[0x12]sr[0xcb][0x8b][0xcb][0x8b][0x1d][0x12]s[0x92]*[0x8b][0x13][0x8b][0xd0][0xca][0x1f][0xb][0xb]P[0xb3][0x8f]>[0x8e]G[0xd4][0x4]8[0xc7][0xeb][0xb2]2[0xc1]='C#,[0x85][0xbd][0x91][0x19][0xe8][0xbc][0x15]:8[0xd5][0xc2][0x0]T[0x88]@[0x13][0xc6][0x8d]u76[0xde]X~c;F[0x9e][0xcb][0xca][0xcc]([0xcd][0xcb][0x2][0x15][0xf][0xd8][0xdb][0xbe]F[0x96][0x86][0xf4][0xb9][0xff][0xcf][0xc2][0x0]t[0xe]<[0xc2][0xb9][0xcb]o[0xac][0xbf][0xd9]zc%[0x86][0x83][0x13]S@i$/57[0xb1](3[0xcf][0x1]4:[0x83][0xda][0xad]62[0xa5][0xd3][0xc][0xa2][0x85][0x1]hd[0x1e][0xea]`b[0xd3]qJ[0xaa]nq~i1[0xe8][0xf4][0x91][0xc4][0xbc][0xbc]T[0x87][0x9c][0xd4][0xa4][0xfc]<[0xd4][0x82][0x3]|w[0x12]}[0xd2][0x7]b[0x1c][0x14]gRN[0xce]I,MI55[0xc7][0xde][0x82]47[0x1][\r][0xa0][0xd1][0xc7][0xb1][0x88][0x81]P[0xdc][0x3][0x1]I[0xa0][0x1][0x8b][0xf4][0xe4][0xd4][0xfc][0x1c]s[0x3][0x87][0xca]R[0xd4][0x94]aB[0xaf][0xa3]s,[0xc]@[0x7][0xdd]BS[0x6][0x81]Q[0xdb][0x94][0xc4][0xbc]R[0xd0][0x5]+E[0x99][0xa0]ci@Sl[0xe8][0x7][0x8d][0x98]Y[0xd0][0xa9][0xef]la[0x0][0xea][0xc3]@[0x9d][0x8d][0xb7][0xe2]K)-[0xc8][0xcf]+[0x81]\[0xfa][0x97][0x8a][0xad][0xcb]ibD[0xbf]t[0x81]XDCl[0x97]3[0xb7](1[0xf]2d[0x4][0x1a]-wH[0xcc]IM,JC[0xed]}[0x9a][0x18][0x81][0xba]Y[0xf4]I[0xd8][0x88][0xda][0xd0]9[0xb1](?'3[0xf]s[0xa3]:[0xf4]>[0xc8][0xb2][0xc4][0xbc][0xd4]b[0xec][0xfb][0x19]L[0xe9][0xb4]V[0xd6][0xc2][0x0]4[0xac][\r]M$[0xce][0xf9]y[0xc5]%[0x89]y[0xc9][0x98][0xe].[0x1]-[0x10][0x83][0x1c]R[0x9a][0x82]~"[0xa0][0x89][0x19][0xe8][0xc8]w[0xba][0x4].[0xe8]l[\r][0xa8]cq[0xf4][0x16]Rsru[0x13]sR*[0xf3][0x12]s[0xb2][0xcb]*[0x8b][0xb0]N[0x17][0x1b][0x9a][0x83][0x8e][0xe0][0xa1][0x8f][0x83][0x11]7[0xa9][0x90]1![0x1][0xe9][0x9c][0xe5]f[0xe4][0x96][0xa7]8$[0xe6][0x80][0x8e][0xdc]CM[0xd6]F[0xf4][0x1a][\n]"
17:11:38.636 [main] DEBUG org.apache.http.wire -  << "[0xb5]0[0x0]5[0x1b][0xa0]![0x8f]3YW[0x15][0xe5][0x17][0x17]gb[0x9f][0xf][0xb4]0[0xa3][0xd3][0x14][0xac][0x85][0x1][0xd2][0xe2][0x2][0x12][0x6][0xdd][0x92]@'[0xbd]f[0xe6][0x1][0x0][0x0][0x0][0xff][0xff]"
17:11:38.636 [main] DEBUG org.apache.http.wire -  << "[\r][\n]"
17:11:38.637 [main] DEBUG org.apache.http.wire -  << "AAF[\r][\n]"
17:11:38.637 [main] DEBUG org.apache.http.wire -  << "JM,u(O[0xcd],.F[0xad]l[0xc][0xc1][0xe7]b[0xd3]'[0xc9] jF[0xbc][0xa5]vVne[0x8e][0x89][0x1][0xf6]f[0x9e][0xa1][0x19][0x9d]69X[0x18] mr[0xc0]][0x91][0xa7][0xa7][0x94][0x16][0x94]V:[0xa4][0x17][0xa5][0xe6]e[0xa6][0x16][0xa1][0x6][0xad])[0xf8][0x96]'[0xfa][0x4]-b?[0x3][0xce][0x16]tybz*h[0xed]F~[0x9]xX[0x10][0xa5]{mh[0xe][0x9a][0xde][0xa7][0x8f]S[0x11][0xf5][0xe0][0xcd][0xd6][0x1b][0xeb]ov[0xdd][0xd8][0xa8]pc[0xc5][0xcd][0xb6][0x9b][0xcd][0x18]M[0xe8]"[0xd0][0xc1]I)E[0xf9])E[0x99][0xe9][0xa5][0xa9]U[0xe])h[0xe3][0x82][0xe6][0x96]t:,[0xc7][0x2]|[0xb1] [0xb4][0x94][0xf0][0xb][0xf7]R07[0xc4]<[0xe1][0xb2]*[0xb1][0xa2](1'5[0xad]2[0xad][0xd2]!1'%+1[0xf]m[0x89][0x8c]1[0xdd][0x16][0xc3][0x1a]#[\r]>[0xc1][0x87]1KJ[0x8b][0xf2]t[0xb3]S+[0x15][0x8a][0xf3]s[0xc0][0xf3]=[0x98]si[0xb9][0x89]9[0x99][0xd9]F[0x16][0xd8][0xe6][0xe4]M[0x8d][0xe9]v[0x85][0x1b][0xd2]P[0x11][0xee]S[0x3][0xc0];[0xce][0xf2]J2[0xb3][0x13][0xcb][0x13]+[0x13]q[0x14][0x16][0x96]t[0xea]b[0x99][0x83]w[0x1c]@[0xd3][0x7][0xc9][0xa7][0xb0][0x81][0xb6][0x2]$b?[0xb6][0xc3][0xd0][0x94]n7/"[0x8d][0xce]`][0xe4][0x9d][0x97][0x97]X[0x90]YRZP[0x9a]S[0x8a][0xad]%mN[0xb7][0xa9]VcP[0xa6][0x87][0x86]5[0x91][0xfb][0x88]J[0x12]s[0xb]J[0x93][0xf2]s[0xf2][0xf3]J[0x12]s2[0x13][0xb1][0xb9][0xdf][0xc4][0x10][0xb4]s[0x90][0xe]%[0xa0]9[0xf8][0xc0][[0xa8][0xfb]q[0xee]zOOLI[0xcc]K[0x87]_V[0x2]Z~[0x89]2QihL[0xaf][0x85][0x81]&H[0xa3]3D.[0xdf][0xcd]JM+[0x2]][0xf9][0x81]eb[0xd8][0xc8][0x80]N[0x15][0x8d][0xb9][0x9][0xd2]0[\r][0xd6]C2@[0xb7]O[0xe7][0xe7][0xe5][[0x1a]`K[0xe][0xc6]F[0xa0]a`z$[0x7][0x13][0xa4][0xd1][0x19][0x1c]g[0xba][0x80][0x8f]@0[0xc7]z>[0xbc][0xa1][0x9][0xbd]V8[0x98][0x80]J"h[0xb2][\r]IMI[0xa9][0xc4][0xa8][0xae]AU^ib[0x11]h[0xa3][\r][0xca]&[0x10][0xb]CP[0xc3][0x95]>a[0x89]h\[0x10][0xba][0xff],[0xad]4+3[0xb1]$[0x13]t[0xda]![0xd6]S}[0x8c][0xc1][0xcd]m[0xfa][0xb8][0x1a][0xd1][0xb3]&[0xb2]@[0x3][0xdd][0x8e][0x1][0xbe][0xc5][0xd4][0xc0][0x12][0x14][0xdc][0xe8][0xf3]F[0xc6]&[0xa0][0xc3][0xfc][0xe9][0xe3]v[0xc4]03[0xce][0xc2][0xac][0xa0][0xb4]([0xf][0xbc][[0x5]t}~1[0xd6][0xf2][0xd7][0x98]n5[0x9d][0x9]R[0x8f][0xf]G[0x86]K[0xcc]K)[0xca]L[0xcc][0xcb][0x4][0x95][0xc2][0xa0][0xa2][0x17]%9[0x9b][0x1a][0xd1][0xeb](-[0xf0][0xae]yh[0x96]#[0xe6][0xc6]9[0xc8][0xb0][0xb]h[0xdf]Jb.x>[0x11][0xc5][0xdd][0x86]F[0xf4]:{[0xc4][0x4][0xb4][0x9f][0x7][0xea]n"[0xf7][0x87][0x83]7[0x19][0x98][0xe0]85[0xc5][0x14][0xbc]0[0x8c].[0xc9][0xd9][0x8][0xd1]G[0xc5]wj[\n]"
17:11:38.637 [main] DEBUG org.apache.http.wire -  << "[0xf8][0x8e] CcP[0xde]C[0xdb]|ja[0x9][0x1a][0xca][0xa1][0x8f][[0x11][0x9d]>B[0x9b][0x99]@KC[0xcd][0x8d]AI[0x19][0xfd][0xb4][0x1f][0xb][0x3][0xd0][0xdd][0x8][0xf4]q/[0xa2]p[0xc6]~[0xc7][0x1c][0xf8]0C#[0xb]l[0xf5][0xb1][0x11][0xdd][0xe]T6[0x1][0x1d][0x97][\r]M[0xbc][0x84]vN[0x17][0x80][0x8f][0xde]NI,[0xca][0x4][\r][0x88][0xa3]]zmhB[0xaf][0xfb][0xf0]L[0x90][0xf6]n[0x90][0xba]M[0xa9] 1%7[0x11][0xba]Q[0x16][[0xbf][0xcf][0xcc][0x82]^k>L@[0x83][0xad][0xd0][0x80]G[0xec][0xeb]@Z[0xff]Y[0x90]X[0x94][0x98][0x92][0x99][0x9e][0x8b][0xd9]oM.-O[0xcc],[0xc6][0x96]nL[0xcc][0xe8][0xb5][0xe0][0x3][0xbc]s[0x4][0xea]|[0xd0][0x92][0xca][0xb2]T[0x5][0xd0]`mnf[0xb2]BqeqI*[0x16]gW[0xe6]%[0x16]gd[0x16][0x95][0xa6][0xa4]d[0x82]7X![0x9f][0x19]fa[\n]"
17:11:38.637 [main] DEBUG org.apache.http.wire -  << "ZQJ[0x97]|[0x9][0xba][0xd0][0xc][0xea]pbN[0xa5]IK*M[0xc9][0x4][0xdd][0xae][0x89][0xf5][0xde][0x7]csP[0xf7][0x8c]>[0xee]FL[0xb][0x92][0xdc][0xe7]F,0[0xc8]N[0xcc]J[0xcd][0xc3][0x96]t[0x8c][0xc]@[0xa7]C[0xd2][0xc7]'[0x88][0x92][0x1c][0xcf][0x9]0[0xa0][0xa3][0xba][0xcc],q[0xc]u[0x18][0x83][0x8a]-[0xfa]8[0x16][0xd1]Z[0xc5][0xd9][0xe2][0x3][0xed][0xf7][0xcd]M[0xcc]HO,[0x2]-V-(A?T[0xcc][0x94]n[0xa3][0x5]&[0xa0][0xa5]w[0xd0][0xd4][0x8d][0xf3][0x8a][0xcd][0x9c][0xcc][0x94][0xca][0xc4][0x8c][0xc4][0xe2][0xe2][0xc4]<[0xd0][0x8d][0xf][0xe0][0x9d][0xe0][0xe8]'s[0x9b]X[0x82][0xca]'[0xba][0x84]0h[0xa4][\r][0xea]d[0x82]'[U [0x9d][0x8e][0x82][0xb2]A[0xd3][0xc4][0x82]n[\r][0x11][0xd0]v\[0xa8]{[0x89]i[0xa6][0x16][0x94][0x96][0x94]"[0x8e])[0x5][0xd5][0x9c][0xe8]amn[0x4]:[0xbd][0x8e]>a[0x8d][0xe8][0xbf][0xe0][0xd9]v[0x9f][0x9e][0x98]T[0x94][0x99][0x9a][0x93][0x93]hf[0x2]r/[0xfa]![0x18]&[0xe6][0xf4]Z[0x93]d[0x2]:[0xf2][0x6][0x1a][0xd6][0xa4][0x1d]s[0x90][0x94][0x98][0x93][0x99][0x92][0x99]g[0x88][0xb5]yeA[0xb7][0x15][0xaa]&[0xa0][0x83][0xca][0xa1][0x1e] [0xb6]o[0x90][0x9b]X[0x99]ha[0x84][0xbd][0xe0]363[0xa6][0xd7]>vPC[0x19][0xea]r[0xdc][0x87][0xa5]$fe[0xe6]f[0xe6][0x99][0x1a]bw[0xad][0x99][0x89][0x9][0xdd]\[0x8b][0xa8][0x1d][0xb1][0xe]e[0x16]g[0x96][0xe4][0x17][0x95][0x16][0x83]:[0x5][0x18][0xb7][0x9c]Z[0x98][0xd1]k[0x87][0xba][0x9][0xd2]n^BC6[0xb9][0xa0]sm[0xcb][0x13][0xf3][0xb0][0x87][0xad][0xb9][0x5][0xbd]F[0xfb]M@+[0xe3][0xa0])[0x1]{O&[0xa7]8[0xb5][0x4][0xba]P[0x6]\[0x99][0xa0]L[0xb6]Y[0x98][0xd1][0xed]P[0x11][0xd0][0xfe]D[0xa8]CI[0xed][0x18]$[0xe6][0xe6][0xe7][0xa5][0x17]$[0xe6]$[0x16][0x97][0x14]e[0x82][0xe][0xd7]D[0xd9]RohN[0xaf][0x9b][0xeb]M@[0x81][0x5][0xf5][0x3])[0xc7][0x7]g[0x16][0x83]N[0xfd][0xc9]*[0xcd]+I[0xcc]v[0x80][0x9e][0x13][0x95][0x89][0xb2]t[0x19]4IF[0x97]:[0x6]4T[0xf][0xf5][0x1][0x91]=[0x83][0xe4][0xdc]D[0xd0][0xa5]NX[0x97][0xd0][0x18][0x1b][0xd3][0xed]HP[0xa4][0x8b][0xca]p[0x1c][0xfc][0x98][0x99][0x91][0x98][0x9d][0x89]u[0x13][0xaf][0x91][0x1][0xa8]_A[0x97][0xf0]E[0xba][0x9c][0xc]O[0x1d][0x9e][0x9a][0x95]X[0x94][0x98][0x95]X[0x82]u[0xf8][0xd1][0xdc][0x14][0xb4][0x14][0x8e]>[0xae]E^9[0x3][0xda][0xb0][0xab]@[0xf4][0xe5][0xf5][0xa0])[0xb][0xd0][0xf2][0xbb]<[0xc4][0xdd]dh'mZ[0xd0][0xed].[0x5][0x13][0xd0]!e[0xd0]TM[0xca][0x1c]sbz^jq.[0xe8]l[0x11][0xd0][0x85][0xf6][0x90][0x8c][0x89]R[0xb4][0x98][0x9b][0x82]Vn[0xd1]'*[0x10]u$[0xc9]=[0xc8][0xec]D[0xd0][0xa1]hy&8[0xda]%[0x86][0xa6][0xa0][0xf5]#[0xf4][0xf1][0x5]b[0xcc][0x12][0xeb][0xcc]mjNYf^[0xa2][0x85][0x19][0xb6][0xe1][0x1d]s[0x3][0xba]5H@[0x97]]A[0xd3][0xb][0xce][0xf3][0x85][0xa1][0xf7],@N[0xdc][0x4][0x8f][0xae]f[0xe6][0xa0][0x9c][0xb5]if[0xc]Z[0x1d]@[0x9f]`Et[0xca][0xf1][\r][0x5]'[0x97]g&e[0x16][0xe7][0xe7][0xe1]8[0x95][0xd5][0xdc][0x0]t[0xe7][0x8]}[0x1c][0x8c][0x18]_%[0xd8]m[0x4]][0x81]T[0x4][0xb9]b[0x12][0xd4][0xa1]A[0xef][0x80]Y[0x98][0x83][0x8a]~[0xfa][0xb8][0x1a]1[0x9c][0x80][0xa3][0x8e]I.[0x2][0xf]7[0x81][0xc7]Xs[0x91][0xab]pss[0xd0]6T[0xfa][0xb8][0x12][0xa9][0x9b][0x98][\n]"
17:11:38.637 [main] DEBUG org.apache.http.wire -  << "[0xdd][0x9e][0xab][0xa3]P[0x9e][0x9a][0x93]S[0x9c]Y[0x82][0xb9][0xac][0x14]|-YI~njNb^&[0xb6]|gdA[0xb7][0xf1][0x1a][0xa4]M[0xf5]H=[0xc6][0xe4][0xfc][0x9c][0x9c][0xc4][0xa4]|[0xd0][0x19]ge[0xa9][\n]"
17:11:38.637 [main] DEBUG org.apache.http.wire -  << "[0xb9][0xa9]%E[0x99][0xc9][0x98][0x3][0xab]E[0x99]y[0x99][0xf8][0xce][0x1c][0xb6][0xb0][0x4][\r][0xaf][0xd0]%[0x6]@[0xc3][0xa1][0xd0][0xe2][0x3][0xc7][0xac][0x1d]|)of[0x19][0xe8][0x82]op[0xc3][0x1b][0xcb]![0xac][0xa6]t[0xdb][0xf1]d[0x82][0xb2][0xcd]>3[0xaf],5[0xaf]D[0x81][0x88]eXy[0x89]9[0x89]E&[0x16][0xd0]V+[0xf2][0xa8][0xb0][0x89]![0xdd][0x6][0xa1][0x90][0xf6][0xd5]c[0xed]?[0xa6][0x82]6[0xb8]$[0xe6][0x15]W[0x82]F[0xcc]RP[\n]"
17:11:38.637 [main] DEBUG org.apache.http.wire -  << "isC[0xba][0x9d])[0xc][0xda]N[0x5]M[0x15][0xb8]o[0xe7]HN[0xcd]M[0xcc][0xcb]4[0xc6]z[0xf9][0x94][0x5]x:[0x98]>)[0x18][0xb1]}[0x1b])#[0x12]q[0x1f]-h[0xef]EUiNbfv"[0xa8][0xb7][0x8e]%M[0x9b][0x83][0xb7]D[0xd0][0xc7][0x17][0x88]j[0x91][0xd4].e6x[0xf7]([0xe8][0xda]h[0xdc][0xa7][0x98][0x9b][0x9b][0xd0]m[0x81][0x10][0xe8][0x80]wh[0xda]!X_[0x16][0x96]V&f[0x82][0x6][0x87][0xd1][0xb7]#[0x9a]X[0xd0][0xad][0xb5][\n]"
17:11:38.637 [main] DEBUG org.apache.http.wire -  << "jH@[0xdd]Kd72[0xb1][0x8]t[0xa7]}ei[0x1e][0xe8][0xee][0xaa][0x82][0x12][0xd4][0xb3]Y[\r]-[0xe9]V{"]_[0x86][0xa3][0x8e][0x7][0xdd])a[0x9];[0xa6][0x1c][0xe5][0xb4]G#Kcs[0xfa][0x1c]%b[0x2]Z[0xd7][0x1][\r]`Rz4[0xd9][0x89]E[0xe0][0x89][0x83][0xc4][0xbc][0x94]DPxc[0x9b]L2[0xb1][0xa0][0xd3].[0x1]s[0x13][0xd0][0xac][0x15][0xd4][0x17][0xa9]y[0xa4][0xf5]/[0xc1]>1[0x82]U<[0xe8][0xa3][0xdc]F[0xf4][0x1b][0xf3][0x1][0x9d]-[0x9][0xf5][0x3]RQI\[0x9b][0x5]\{[0x82]z[0xfa][0xc5]8[0x96][0x5][[0x98][0xd0]i[0x97][0x8c][0xb9][0x9]([0x87]A[0xfd][0x81][0xef][0x12][0xca][0x82][0xa2]DP[0x89][0x88]X[0xa6][0x8a]}[0x84][0xd3][0xcc][0x94]n#?H[0x7][0xa4][0xe0][0xae]W[0xb3]R[0x8b][0x8b]3[0x93][0x13]A[0x8b][0xd1]@[0xad][0x0],[0xcb]=[0x8d][0xe9][0x98][0xec][0x11][0xb5]+t[0x93][0xab][0x93][0x91][0xb3]B*[0xe8][0xec][0xcd][0xdc][0xd4]",[[0xbf][0xd2][0xa0]+[0x0][0xb1]eW#[0xb][0xd0][0x1c][0x1c]][0xea]S[0xa4][0xdb][0xd1][0x90][0x92]:[0x11][0xad][0x82][0xe2][0xc4][0xec]D[0x13][0xf0][0x12]$[0x94]y?3c[0xba]M[0x88][0x80][0xb6][0x1e]BS[0xb7][0xb][0xf1]g[0x9a][0xc3]nI[0xcb][0x3]/[0xe7][0x0]u[0xf2][0xd1][0xc6][0xb0][0x8c]M[0xcd][0xe9]u[0xe1][0x0][0xd2][0xd1][0xb2]x[0xce][0xaf][0xce]M,J[0xc9][0xc8][0xac]L[0xcc][0xc8]([0xcd]M[0xcc],[0xc2]:*kD[0xbf][0x16][0x18][0xd2]]dx[0xe6][0xa1]J[0x8b][0x13]Sp[0x14][0x80][0xa6][0x96]t[[0x99][0x4][0x9a][0x17][0x85]&[0x11]b[0xa6][0x86]A[0xc3][0x12][0xd9]&[0x6][0xd8]z[0xcc]ff[0xa0][0xe3][0x8f][0xe8][0x92]%A[0x13][0x3]PG[0x13][0xb9][0xe2][0xbd][0x12][0xbc]S)1#1[0xb7]*[0x11]|[0x13][0x19][0xca][0x88][0xa6][0xa1][0x11][0xdd][0x6][0xad]@[0xf3][0xe6]P[0xa7][0x13][0xb9][0x94][0x18]6[0xc5]S[0x96]Z[0x94][0x8f]-[0xdc]M[0x8d]@[0x95]1}[0xc2][0x1d]1[0x1c][0x8b][0xaf][0xb6][0xcc][0x0]-@[0x2][0xdd][0xe8][0x80][0xa5][0xc2]154[0xa6][0xd3][0x1]n&[0xa0]8[0x85][0x6]5[0xee]*[0xb2][0xa0][0xb4][0xa4](3[0xbb][0xb4][0xb8]<[0xbf]2[0x1f]4[0x89][0x86]>[0xd0]fd[0x8]Z[0xc5]D[0x9f][0xd0]ET[0x90][0xa4]v[0xdc][0xa0]5|nbQqiJ&[0xa8][0xc8]Fi[0xa2][0x1b]Z[0x82][0xee][0x8e][0xa3][0x8f]'[0x10][0xbd]O[0xe2]j[0xf9][0xe4][0x9c][0xc4][0xa2]DCC[0xa8][0x9b]Q[0x86])[0x8c][0xcd]A[0xb]W[0xe8][0xe3]l[0xc4][0xd0],i[0x95]<h[0xef]nbv[0xa2][0x81][0x19][0xa8][0xe3][0x8f]v1[0x8f][0xb9])[0xdd][0xfa][0x14][0xa0]5}[0xd0][0xb4][0x8e]c[0xf0][0xad]83[0xa7],3[0x11]~[0xa4][0x15][0xb6][0x92][0xc4][0xc2][0xc]4QG[0x9f][0xf0]F[0xc][0xd7][0x92][0xd2][0x93][0xcb]I[0xac]*[0x5][0x9d] [0x9f][0x95][0x8][0xda][0x92][0x9e][0x9][\n]"
17:11:38.637 [main] DEBUG org.apache.http.wire -  << "s[0x94][0x99]{[0x13]SzU[0x9c][0xa6]H[0xbb][0xae][0xc8][0x98][0x9a]*[0x2][0xcd]}[0xc3][0xaf]t[0xc2]8[0xd8][0xc0][0x88]n[0x9b]-L[0x91]vaa[0xbf][0x90][0x16]|[0xf5]e^I>lm[0x7][0x96][0x8b][0xe1][0x8c],[0xe9][0xb5][0x6][0x19][0x1c].[0xd0][0x84]Nd[0xd5][0x9f][0x9c][0x99][0x98][0x9f][0x4]^[0x1a]f[0x6][0x9a]IA[0x1e][0xad][0xb5][0xa0][0xd7]A.[0xe6][0xa6][0xa0][0x2][0x18][0xea]n[0xd2][\n]"
17:11:38.637 [main] DEBUG org.apache.http.wire -  << "[0x98][0x92][0xdc][0xc4][0x8c][0xd4][0xe2][0xf2]D[0xec][0xad]Z[0x13][0xba]M'[0x83]'}[0xa1]>[0xc0][0xbd][0xeb]7%[0xb1][0xa8]4/[0xd1][0xd4][0x18]{[0xff][0xd8][0xd4][0x8][0xb4][0x89][0x95][0x1e][0x5][0x8c])hm%[0xd4][0xb5]$t}J@[0xc3][0x12]%8Z[0xe5][0xc6]f[0xf4][0xea]s[0x9a][0x82][0xb6][0xba]B][0x8f]g[0xbd]q[0x9]l[0x1b][0x14][0xa8][0xe1][0x82][0xbe][0xc5][0xcc][0x8c]n[0x83]A[0xa6]H[0xfb][0xb5][0xb0]o<[0xcc]JL[0x7]_Hk[\n]"
17:11:38.637 [main] DEBUG org.apache.http.wire -  << "[0xbe][0xdf][0x15]e[0x9f][0xac]9[0xdd]n/65D[0xd4][0xf1][0xae][\n]"
17:11:38.637 [main] DEBUG org.apache.http.wire -  << "[0xc6][0x6][0xc6][0x86][\n]"
17:11:38.637 [main] DEBUG org.apache.http.wire -  << "NQ[0x18]{$[0x13][0x8b]K[0x13][0x8b]J2[0xb1]O[\n]"
17:11:38.637 [main] DEBUG org.apache.http.wire -  << "[0x1a][[0xd0]k3'[0xb8][0xe5][0x0]M[0x1][0xc4][0xac][0xf9][0x87]L[0xc8][0x83][0x8a][0xe8][0xa2][0x92]|P[[\n]"
17:11:38.638 [main] DEBUG org.apache.http.wire -  << "=9X[0x98][0x83][0x96][0x9a][0xd1]%[0xeb][0x81]n[0xe8][0x80]:[0x1d]O[0xe2]MI,*[0xc9][0xcf][0xcb][0x7][0x1f]Y[0x95][0x8][\n]"
17:11:38.638 [main] DEBUG org.apache.http.wire -  << "[0xef][0x2][0xd4]9*c[0xf0]i[0xf4]tp0[0x0][0x0][0x0][0xff][0xff]"
17:11:38.638 [main] DEBUG org.apache.http.wire -  << "[\r][\n]"
17:11:38.638 [main] DEBUG org.apache.http.wire -  << "499[\r][\n]"
17:11:38.638 [main] DEBUG org.apache.http.wire -  << "27[0x5][0xad][0x83][0x82];[0xd8][0xd4][0xdc][0xd2]T[0xc1][0xd5][0xc7][0xf]#e[0x80]&y[0x8a][0x12]3[0x12]+K[0xb1][0xb5][0x9d][0x8c],[0xe9][0xd5]v2[0x5]uH[0xa0][0xce]%e[0xbd]]Nbf[0xe][0xf8]jW[0xd0]v([0xd0][0x11][0x9e][0x5]%([0xad]m#s[0xd0][0xed][0x8e][0xf4][0x9]p[0xc4][0x92][0x2][0x9c]+M@[0x87][0x97][0xe7][0x1b][0x18]B[0xe7]X[0xd1][0xcf]2[0xb3][0xb0][0xa0][0xd7][0xfa]WS[0xd0]h[0x1d]4[0xb8]][0x14][0xc][0xcd][0x8c][0xcd][0x15][0xdc]0[0x13]GIbiZfvZf[0x11](#[0xe6][0x17]a[0xdd]ycj[0x9]j3[0xd2]%[0x80][0x91]n[0x95][0xc2][0xb7][0xe0][0xe]~u.[0xa8]![0x8d][0xb1][0xc6][0xd8][0xd4][0x8c]^[0xc3]|[0xe0]V;,[0x8c][0xf3][0xb1]\[0xdf][0x9a][0xc][0xdd][0xaf][0x2]j[0xc0][0xa1]'[0x5][0x13][0xba]m[0x3]25A,[0xe4][0xc2][0xb7][0xe2][0xa8]<1[0x19]tPj"h6[0x18][0xbc][0xc8][0x1]u[0xfc][0xd7][0xc][0xb4][0xdc][0x94].[0xc9][0x0]i)?1[0x83]{I[0x89][0xe9][0x99][0x95][0x89][0xa0][0xfe]Ub^[0x9][0x8e][0xe5]R[0x16]t[0x9b][0xed]3[0x5]-`[0x86]&[\n]"
17:11:38.638 [main] DEBUG org.apache.http.wire -  << "<[0x89][0x18][0xb4]J>[0xb7][0xa0]4[0x7][0xb4][0x91])[0x1d][0xeb][0xc8][0xaf][0xa9]%[0xe8]bR[0xba][0x4]8[0xf2][0x12]:[0xa4]{[0x2]t[0x14][0xd2][0xf2][0x8b]R[0xf3][0x8a]3[0x93]1j[0x15][0xd0][0xcd]n[0xb0][0xe1]',[0xc3]e[0xe6]F[0xa0]8[0xa4][0x8f][0xdb][0x11]#7[0x84][0xd6][0xf9]'%f[0x80]o#N42[0x0][0xb5]5[0xd0][0xf6][0xd5][0x9a][0x18][0xd0][0xeb][0xe6]BSs[0xc4][0x90][0x19][0x9e][0xa6]F.h[0x9a][0xbd]$[0x13]Ts[0x97][0xa6][0xa0][0x1e][0x1]fbL[0xaf][0xa3]/[0xc0]s&[0xd0][0xe4][0x8c]{V[0xa0][0xbc]<1[0x3][0xb4][0x1c][0x0][0xdb][0x9c][0x97][0xb1]1h[0x83][0xb]][0xd2][0x2][0xd2][0xca][0xb]R[0x9a][0x18][0xe0])[0x8d][0xfc][0xaa]JP[0xa2][0xc0][0xb2][0x8][0xc6][0x90]n'o[0x9b]"[0xcd][0xeb][0xe2][0xee][0xac][0x96]g[0xe6]%[0x16][0x15]gf@[0x9b][0xa2] W[0xa3][0x8c]&[0x19][0xd3]m[0xca][0xc8][0x14]i:[0x97][0xd0][0x9e][0xf6]<[0xe8][0xaa]P,[0xa5][0x85][0x85]9[0xe8]x[0x4][0xba][0xa4][0x10][0xd0]\[0xf]45[0x13][0xd3]?)[0xcf][0x4]m[0x8e][0xcd]+[0xc9]LJ[0xcc][0x6][0x9d][0xe9]R[0x82]u*[0xc3][0xc2][0x0][0x94][0xf0][0xe8][0xe3]~Di[0x87][0xaf]*[0xcf]J,*OL[0xc9]41[0xc5]>[0xa0]a[0x2][0x1e][0x15][0xa1][0x8f][0x83][0x11]#[0xa6]%E[0x89]y[0xc5][0x99]%[0x99][0xf9]y[0xe0][0xb][0xaa][0xd3][0x8b][0x12]KRS[0x14][0x92][0xf3]ssA[0xb][0x89]2[0xb1][0xdc][0x9b]WR[0x9e]VYhh[\n]"
17:11:38.638 [main] DEBUG org.apache.http.wire -  << "[0xbe][0xd2][0x8]ef[0xc0][0xdc][0x10]tT/]<[0x80]4[0xd3][0xf8]f[0xfb][0x8a]7S[0xf7][0xbe]Y0[0xe1][0xcd][0xdc][0x19][\n]"
17:11:38.638 [main] DEBUG org.apache.http.wire -  << "[0x86]V[0x86][\n]"
17:11:38.638 [main] DEBUG org.apache.http.wire -  << "[0xaf][0x97]/y[0xdb][0xb5][0xe3][0xf5][0xb2][0xb5][0xd8]n[0xbb](([0x2][0x9d][0xb5][0x95]X[0xc][0xda][0xc9][0x2][0xb9][0x86][0x1]}[0xe1][0x8b][0xb1]%[0xa8][0xb]G[0x1f]_ [0xa2][0xc1]?[0xbb]$[0x11][0xa3]>/J[0xcc][0xaa]L[0xcc][0xa9],[0xaf]JJ[0xac][0xc4][0x9e]f[0xcc]-@=[\n]"
17:11:38.638 [main] DEBUG org.apache.http.wire -  << "z8[0xd6][0xc][0xd4][0xdf][0x80]fR7[0xd0][0x15][0xcf][0x18][0xae]MI[0xcc][0xc8][0xb6]0[0xc6]V[0xd9]XX[0xd0][0xab](1C[0x1a][0x81][0xbe][0xb1][0xe2][0xc6][0xf2][0x1b][0xcb]n[0xec]T[0xb8][0xb1][0xee][0xc6]6[0xd0]m[0x9b][\n]"
17:11:38.638 [main] DEBUG org.apache.http.wire -  << "7;n6[0xde]X~[0xb3][0xf9]f;[0x96]#[0xdc][0xa1]k[0xfe][0xc0]g[0xd3][0x80][0xba][0x6]([0x93][0xba][0xa6][0x16][0xf4]J[0xda]f[0xa0][0xad]I[0xd0]p~[0xb3][0xbc][0xe5][0xcd][0xac][\r][0x18][0x1][0x9d][ZR[0x99][0x9b][0x93][0x9b][0xea][0x90]W^[0x84]z[0x92][0xae][0xa1]%[0xbd][0xd6]S[0x9a]![0x8d]*[0xba]$[0x96]$*[0x14]'g[0xa6][0xe6][0x95]`[0xbb][0xc7][0xaa][0xa8][0xb2]$1[0xc7][0xdc][0xc][[0xc2]07[0xa2][0xd3][0x1][0xd1][0xe6]fH[0xe3][0x8a][0xd0][0xf5][0x94][0xc9][0xf9][0xb9][0x5][0xb0]{[0xb8][0xc0][0xab]S[0xb0][0x1d]6R[0x92]Z[0x91][0x99]Z[0x4]:[0xd6][0x1f]|2>[0xe8]0[0xd5][0x9c][0xfc][0x12][0xd4]v[0x9f][0xb9]9h[0xe9]7]2![0xd2][0xb0]cN*[0xe8][0x9c][0x9f][0xf4]T[0x85][0xcc][0xdc][0x82][0xc4][0xe4][0x92][0xb4][0xd2][0x1c][0x85]T[0xdd][0xdc][0xc4][0xa2][0xec][0xd4][0x12][0xcc][0xa5][0xfd])y[0xe5]E[0x90][0x3][0xa5][0xb1][0x8d]7Y[0x18][0x82][0xce]p[0xa2][0x8f][0x7][0x10][0xa3]5[0xce][0x89][0xa0][0xbb]g[0xf2][0xd2][0x15]r[0x13][0xf3][0x12][0xd3][0xb1][0xdc][0x5]Y[0x9e][0x91][0x98][0x82]-[0xd5]X[0x18][0xd2]k[0xbf][0x8a][0x19]h[0x88][0x16][0x9a][0x19][0xb1][0x96][0xd0][0x5][0x89][0xa0][0xad][0x14][0x99][0x89][0xe9][0xa5][0x99]99[0x89][0xa5][0xb9][0xa9][0xe][0x5][0x19][0x99]9[0x99][0x5][0x5][0xe8][0x87][0xd7][0x1a][0x81]N[0xed][0xa1]K[0x8][0x83][0xa6][0x89][0xa1]N[0xf6][0xc9]/[0xcd][0xc4]L[0xb][0xa9])[0x99]%[0x19][0xe6]X[0xb]j[0x13][0xb][0xfa]9[0x13][0xb1]1[0xd2][0xc5][0xd4]T[0xc1][0xd0]9HIG[0x9][0xf5].[0xd0][0x82][0xa2][0xc4][0xca][0xfc][0xf4][0xc4][0xec][0xc4][0xca][0xd2]<P{[0x1a]u[0xac][0xdf][0xd0][0xd2][0x94]>+[0x85][0xcd]@[0x17]5BC[0xf4][0xc6][0x8a][0x9b]-76[0xdf]l[0xc5]pknbrjqfn~^[0xaa]CqZ[0x11][0xca][0xdd][0x19][0xa6][0x96][0xa0][0xcd][0x93][0xf4][0x89]{[0xc4][0x9a][0x1a][0xcf]`[0x5]S#s[0x85]0[0xf7][0x10][0xc][0xb7]f[0x95][0xe6][0x81]o[0xa4]07[0xc2][0xb8][0x8d][0xc2][0xd4][0x90]^#[0xcf]f[0xa0]&[0x1]4T[0x3][0xa0][0xb9][0x8][0xc3][0xa5][0xc9][0x89]9[0xb9][0x89]y[0x95]X[0xcb],[0xb]P[0xb7][0x8c]>[0xa1][0x8a][0x18][0x18] [0xa9][0xd0]-JO,-[0xc9]L-rH[0xce])M[0xd2][0xcd]"
17:11:38.638 [main] DEBUG org.apache.http.wire -  << "[\r][\n]"
17:11:38.638 [main] DEBUG org.apache.http.wire -  << "7DD[\r][\n]"
17:11:38.638 [main] DEBUG org.apache.http.wire -  << "[0xcc]+I-[0x2][0x1d][0xc8][0x86]|[0xa5][0xb7][0x85][0x19]h[0xd4][0x81]>[0xbe]@[0xea][0xa4]`kl[0xe6]f[0xe6][0x15][0xa7][0xe6]g:[0xa4]g[0xe6]f[0xa2][0xd6]of[0x86]t[0xab][0xa5]A[0xfb][0xe4][0xa0][0x89][0xe2][0xcd][0xc6][0x16]l[0xd7][0xed]f[0x14]V&[0xe5][0x95][0xeb][0xa6]&[0x15]co[0x11][0x9b]Z[0xd0]k[0x7][0x81][0x19]h[0x9d][0x2][0xd4][0xb1][0x8e]E[0xc9][0x19][0x99]e[0x99][0xc5]Xv[0x7][0x82][0xee]2[0xb2][0xb0][0xc4]r'[0x90][0xa9][0x19][0xfd]\[0x8a][0x98][0xad]$X[0xeb]f[0x14][0xe7]U[0x9a][0x9a]9[0xe4][0x16]%[0xa2][\r]o[0x19][0x9a][0x82]b[0x87].i[0x15][0xb4][0xac][0xf][0x1a][0xb2]o[0x96]7[0xbc][0x9d][0xdd][0x82]Q2[0xe4]&[0xe5][0x97][0xe6]$V:[0xe4][0xa6][0x96][0x82][0xcf][0xe2]G[0xce]T[0x86][0xe0]Id[0xfa]8[0x14][0xd1][0x83][0x3][0x9f]][0x97][0xa2][0x90]\Z\[0x92][0x9f][0x9b]Y[0x95][0x9a][0xa2][0x90][0x9b][0x9f][0x92][0x9a][0x83]Y[0xff][0x82][0xcb][0xde][0xf4][0xcc][0x1c][0xb][0xb][0x87][0x94][0xa2][0xd4][0xc4][0xdc][0xf2][0xcc]*[0xb4][0xfc][0x6][0x1e][0xde][0xa3][0x8b][0xfb][0x91][0xe6]vH[0xec].A[0xae][0xaa][0xc9][0xcd][0xc9][0xce][0xc8]J[0xac][0xc2]ZB[0x9b][0x9a][0xd1]k[0xa8][0xdc][0xc]t[0x16][0xc]4[0xbd][0x10][0x1a][0xf1][0x2]]:[0x8][0x8d][0x81]\[0x87][0xca][0xd2][0xbc][0xa4][0xc4]t[0xb4][0xd0]7[0x1][0xdd][0x8e]H[0x9f][0xd0]7[0xd2]Q[0x82]:[0x1b]g[0x15][0x98][0x9b][0x98][0x97][0xf][0xbe][0xda]5'[0xb5][0xc4]![0xad](5[0x15][0xa5]mabD[0xaf]-[0xa2]f[0xa0][0xc5]pP[0xc7][0x86][0xa4]&g[0xe4]e[0x82]:|[0x18][0xf9]21[0xa9]\7[0xb5]2[0x5][0xdc][0xe7][0xc3][0xd6]v7[0xa4][0xdb]I[0x87]fH[0x13]l[0x99]y[0xc9][0xa5]I[0x89]%[0xa9][\n]"
17:11:38.639 [main] DEBUG org.apache.http.wire -  << "[0xb9][0x99][0xc5][0xc5][0x99][0xf9]y[0xba][0xc9]E[0x99]%[0x99][0xc9][0x89]9x[0xee][0xbd].[0x82]][0xbd][0x93][0x98][0x93][0x91][0x2]:[0xf7][0x15][0xe5]nQ[0xb][0x13][0x3]:mT[0x3]/[0x14][0x82][0x6][0xbc][0xb3][0x82][0x85][0xb9][0x81]BT[0x18][0xe6]E[0xc0][0x89]Hg[0xac]a=[0xe1][0xda][0xc4][0x8]4[0x9f]D[0x9f]d[0x8d]hi[0x90][0xd4]^J[0xcf][0xcc][0xcd]JL[0xcd][0xc8][0xc7]r?[0xa1][0xb9][0x1]h[0xbb][0x1e]}\[0x8f][0xa8]+[0x9][0xc]l[0xa4][0xa7][0x16]%[0x16][0xa5]@O[0x8b]s[0xc8]IL.[0xca][0xcf][0xac]@-L[0xc][0xe9][0xb6]"[0xc9][0xc]t[0xb4][0x7]4[0x99][0x90]6$[\n]"
17:11:38.639 [main] DEBUG org.apache.http.wire -  << "[0xf5]@N[0xa2])[0xf6]CCLA[0x87]v[0xd1]%[0xe8]A[0x1b][0xde]`^[0xc0]^[0xed][0xa7][0xa1][0x1c][0xa2][\n]"
17:11:38.639 [main] DEBUG org.apache.http.wire -  << "[0x9e][0xf]G_doh[0x1][0xaa][0xd4][0xe8][0xe3]^[0xc4][0x14]>I[0x9]=7[0x13]|[0xb7][0xa5]%[0xd6]11S3[0xba]5[0xb3][0x90]N6343R[0x8][0x8e]p[0xc1]([0xcf]3[0x13]s[0xf2][\n]"
17:11:38.639 [main] DEBUG org.apache.http.wire -  << "+[0x93][0xb0][0xf5][0xc0][0x8c]-@[0xa7]4[0xd0]'[0xa0][0x11][0xa3]F[0xb8][0x6][0xb]r[0x8b][0x8b][0xf2]R2@w[0xf1][0x14]&[0x16][0xea]f$[0xa1][0xdf][0xc5]jL[0xaf][0x8d]-f[0xa0][0xc1])[0xfc][0xa9]8+[0xb3]<5?/9?[0xd5][0xa1][0xb2]4#1/#?[0xb5]8[0x11][0xf5][0xf2]mcCPuK[0x97][0xb0][0x5][\r]N@[0x9d][0x8b]8[0x88]9[0xad](3[0x19]4'[0x94][0x93]Z\[0xac][0x90]XP[0x90][0x93][0x99][0x9c][0x8][0xe2]c[0xb6]f[0xab][0x8a]2[0x93]R3[0x8b][0xf2][0x1d][0xf2][0xf2][0xf3][0x8b]Q[0xda]&F[0xe6][0xf4][0x9a]H1[0x3]m[0xf1][0x85][0xfa][0x81][0xa4][0x8c]X[0x9e][0x9b]_[0x4]:>[0x4][0xd3][0xed][0x96][0xa0][0x5]#[0xf4][0x9]D![0x2][0xba][0xc1]}[0xcd][0x9e]7[0xd3][0xb7][0xbc][0xd9][0xb0]B[0xe1][0xcd][0x86][0x15][0xa0][0x9b][0xcf]_o[0xe8]Wx[0xb5][0xa5][0xe1][0xf5][0x82][0x15][\n]"
17:11:38.639 [main] DEBUG org.apache.http.wire -  << "o[0x16][0xb5][0xbe]iZ[0x83][0xad]S[0x9c][0x98][0x93][0x91]U[0xa4][0x9b][0x94][0xa7][0x9b][0x98][0x93][0x91]W[0xe]aT[0xa5]$[0xe6][0xe6]`[0xcb][0xb7][0x86][0xe6][0xa0][0xa9][0x1c][0xfa][0xf8][\r]1r[0x82]}[0xf8][0xb4] [0xbf][0x4]<B[0x92][0x93]X[0x90]_\[0x92][0x8a][0x9a][0x9]L[0xcd]A{N[0xe9][0xe3]PD[0x93][0x85]P[0x7][0xa2]21[0x5][0xd2][0xf7])[0xce]MqH-[0xa9]L*[0xd0]-D[0x9b][0x86]1[0xb7][0x0]][0xd6]M[0x1f][0x87]#Z+[0x8e])[0xb9][0x99]y[0x99][0xc5]%[0xa0][0x19][0xdc][0xd2]"[0x85][0xac][0xd2][0x94][0xcc][0xe4][0xcc][0xc4][0xcc][0xa2]T[0x5][0x8c]R=91[0xbb](1+[0xb3]2[0xd1][0xd8][0x1c][[\n]"
17:11:38.639 [main] DEBUG org.apache.http.wire -  << "12[0x5]mw[0xa3][0x8f][0xfb][0x11]%{pAjrfb[0x8e]BjJ)[0xa4][0xb0]I[0xcc]Q[0xc8]KMM)V(IML[0xce][0xc0]2AP[0x99]QZ[0x92][0x98][0x9e][0x98][0x3]:[[0xe][0xcb][\n]"
17:11:38.639 [main] DEBUG org.apache.http.wire -  << "[0x6][0x13]Sz[0xad][0x0]0[0x3]-R[0x82][0x16]@[0xd8][0x7][0xdd][0xd3][0xd3][0xf3]sS[0x8b][0xb1]_*ifN[0xaf]E|fH[0xc7]Cy[0xfb]x*[0x98][0x19][0x18]c[0xa4][0x8d][0x9c][0xaa][0xd2][0x9c][0xec][0xc4][0xa2][0xbc][0xc4]L[0xac][0x7][0xa5][0x1b][0xd2][0xaf][0x1f][0x1][0x9a]U[0x83][0x6]*[0x8e]Q[0xa0][0xec][0xf4][0xcc]\[0x87][0xa4][0xc4][0xf4][0xe4][0xfc][0xd4][0x8c][0xf2][0xc4]<[0xb4][0x9e][0xbc][0xb9][0x11][0xdd]* [0xa4][0xf3][0x93][0xc8][0xe9]k[0xe6]$%[0xa6];[0xe4]%[0x96][0xa4][0xa2][0xf6][0x1e]L[\r]A[0x93]9t[0xc9][0x87][0xa0]ahhX[0xe3][0x19][0xcb][0x4][0xed][0x9](O[0xcc]KK,[0xc9][0xc8][0x7][0x9d][0x8f][0x3]9[0xd0][0x11]}[0x11][0xad][0x85][0x1]h<[0x86]>[0xce]F[0x94][0xdb]f[0x96][0x16][0xba][0x96][0xa6][0x6][0x18][0xe9]9)1[0x1d]<[0xde][0x3]J [0x18][0xf3][0x1d][0x86]t[0xbb][0xc0][0xc5][0x1c][0xb4][0xdf][0x7][0x1a][0xc2][0xb8].[0x95][0xcc][0x0][0xdd][0x94][[0x80]}\[0x9b]~WD[0x98][0x83]V[0x89]B][0x8a][0xfb].[0xd4][0xe4][0xc4][0xdc][0xd2][0xe2][0xa4][0xa2][0xcc][0xf4][0xcc][0x92][0x92]T[0x87][0xbc][0xf4][0xd2][0xca]T[0xd4]+[0xe3][0xcd][0x8d]@[0x85][\r]=R[0x81]9h)#[0xd4][0xc1][0xa4]_O[0x9c][0x9e][0x9a]W[0x92]h[0x89][0xb5][0x1e][0xb4][0xb0][0xa0][0xd7][0xb1][0x9e][0xe6]H[0xe7][0x1e][0x13][0xb8][0x9b][0xbd][0xb8]2[0xa7],35[0xbd](5=?[0xb3]([0x15][0xcf][0xdc][0x92][0x99][0x19][0x9d][0xae];7[0x7][0xd7]_[0xd0][0x8][0xb8][0xd9]x[0xb3][0xed][0xc6][0xf2][0x9b]m[0x98][0xf9]0[0xbf][0x14]T[0x89][0xa7][0xa4][0xe6]e[0x16];[0x80]Z[0xe9][0x85][0xa5]h[0xc5][0x9d]1[0xdd]&[0x1f]M[0x91][0xae][0xe1][0xc3][0xbd][0xa4]3#1[0xad]8#1[0x3]|iN1[0xf8][0xda][0x1f][0xf0][0x80][0x3][0xfa]n(c[0xb]3:[0x9d]B[0x0]>[0xb6][0x18][0x1a][0xce][0xb8][0xb7][0x8f][0x14][0x83][0x16][0xdc][0x17][0xe7][0x83][0x17][0xff]b[0x1b][0x82][0xb5]014[0xa1][0xcf][0xcc][0xb9])h[0xd1][0x14][0xd4][0xbd][0xb8]w[0xc9][0x81][0x1a]q[0xc5][0xf9][0x99]%[0xb0][0x8d]}[0xd0]]:([0xb3][0xfd]&[0x96][0xa0]^5=[\n]"
17:11:38.639 [main] DEBUG org.apache.http.wire -  << "[0x13]S[0xd0][0xb8].[0xd4][0xcd][0xc4][0xec]s[0x0]m-J[0x4][0x9d]n[0x3]>l[0x1a][0xeb][0xd0][0xab][0xa1][0x1][0xdd]6C[0x19] [0x9a][0xd3]8[0xb6][0xee][0xc3]SsRb:[0xe8]>[0x0]p[0x92][0x6]MK#[0xef]e6[0xa6][0xdb][0xc1][0xbb][0xa6][0xa0]%[0xf3][0xd0][0xe0]&y[0xeb]{b^[0xa2][0x5][0xf8]L$[0x94]e[0xa8]&&[0xf4]jN[0x9b][0x82]2[0x12][0xd4][0xf1]D[0x1e][0xc0][0x2]>[0xe2]!/[0xd1][0x18][0xc7][0x95][0x11][0xe6][0xf4]K[0xe7][0xa0][0xaa][\r][0xea]v[0x9c]W[0xe5]$[0x82][0xee][0x88]N[0x4][0xaf][0xc4][0xc7][0xd6]O41[0xa6][0xd7]r!SCDC[0x8f][0xe0][0xf1][0x8d][0xa9][0xf9][0xd9]%[0x89]e[0xa0]+[0x1d]![0xab][0x86]Pv&[0x9a][0x1b][0x81][0xb6][0x94][0xd2][0xa5]$[0x1]]F[0x6][\r]a[0x1c][0x99][0x11]v:VNb6[0xe8]PA[0xec]-?CKz[0xf5][0x2][0xc0][0xf7]4A][0x8c]t[0xb0][0x0]q'[0xf1][0x81][0x96][0xb6][0xe7]&[0xe6][0x15][0x97][0x16]a[0xab]t[0xcc][0xc]A[0xa1]A[0x97]`[0x7][0x15][0xb6]PO[0x10][0xda]{[0x94]]Z[0x94][0x7][0xbe][0xb9][0x3]|[0x4][0x8]$[0xb5][0xa4]+[0xe9]([0x5][0x14]e&[0xa7]*Y[0x19][0x1a][0x83][0x16]"[0xd0][0xc7][0xd1][0x88][0xa9]`"[0x8f][0xa2][0xc8][0x83][0x1f][0xab][0x8f][0xb5][0xd2]16[0x4]m[0x3][0xa1][0x8f][0xdb][0x11][0xab][0xce][0xb0]o[0xd9][0x87][0x1e][0x90][\r]:B?[0xb3][0x4]{"73[0x0][0x1d]tF[0x1f][0xe7]"[0x6]\[0x89][0xa9][0xe0][0xa1]}^[0xd0]&[0xcc][0x92][0xc4][0xe2][0xcc]D[0x8c][0xb5][0xe1]&F[0xf4]K%[0x88][0xf1]TB[0x97][0x80][0xe6]&f[0xe6][0x96][0xe6]%f[0xc0][0xcf][0xc9][0x6][0x9d][0xeb][0x80][0xd2][0xa6]23[0xa7][0xd7][0xc1][0xcd][0xa6]F[0x88][0xd2][0x1b][0xfb][0x15]:[0x99]I[0xa5]y[0xb0][0xc2][0x10][0x94][\r][0xd1]7e[0x98][0x9b][0x81]6[0xaa][0xd3]'y FT[0xf1][0x9c][0x12][0x98]\Y[0x9a][0x93][0x9]:[0xdc][0x1][[0xbd]hD[0xbf][0xad]S[0xa0][0xb9]Bha[0x87][0xbb][0x85]]P[0x94]X[0x9c]ZR[0x99][0x8][0xab]f[0x92][0xcb]P[0x7][0xda][0xcd][0xe9]v[0x3][0x9b])[0xa8][0xc1][0x0]u/)g5[0xc1]/[0x95]NN[0xcc]K)J[0xcc]N[0xcc][0xc3]~[0xb3][0x8b][0x91][0x81][0x19][0x9d][0x96]e[0x98][0x82][0x16][0xde]@}[0x82][0xf5]"[0x8e][0xd2]<[0xd0][0xb5]'%X/[0x4]0[0xb7][0xa4][0xd7][0x1a]#S[0xd0][0x1a],[0xb8]3S21[0xba][0xe5]9[0xa0]C3R[0xf3][0xd2][0xcd][0x8d][0xa0][0xfd].[0xb4][\r][0xb8]ft[0x9b][0xe5]55F[0x94]n$w[0x5]rJ[0xcb]S[0x8b][0xa1]'[0xeb]b[0xcd][0x92][0xe0]5bt)@[0x90][0x96][0x85][0xe2][0x1e][[0xc8]N,[0xca]J4[0xc3][0xba][0x0][0xc0][0xc]|k[0x1e]}[0x9c][0x8a]T[0xd6][0x11][0xb7][0xc5][0x1c]v[0xa2][\r][0xf8] /PU[0x8]Z[0x19][0x95][0x82]h2[0x99][0xd0][0xaf][0xa0][0x6][\r]2CSv[0x11][0x0][0x0][0x0][0xff][0xff]"
17:11:38.639 [main] DEBUG org.apache.http.wire -  << "[\r][\n]"
17:11:38.639 [main] DEBUG org.apache.http.wire -  << "190[\r][\n]"
17:11:38.639 [main] DEBUG org.apache.http.wire -  << "J%[0xfe][0xbe][0x85][0xe2][0xc4][0x9c][0xc4][0x8c][0xd2][0x94][0xcc][0xbc]r[0xd0][0xe1][0xae]X[0xdb]N[0xa6][0xe6][0xf4]Z[0xd9]`[\n]"
17:11:38.639 [main] DEBUG org.apache.http.wire -  << "[0xba]Q[0x3][0xea][0x9]"[0xdb]}[0xe0][0xf1]J[0x13]#P-[0x89][0xde]m[0xb7]0[0x2]M[0x84][0xd3]%[0xe5] [0x8d]f[0x13]w4cI&[0xe8][0xbc][0x9b][0x9c][0xcc]\[0xec][0xed]?[0xb][0xfa][0x15][0xdc][0xa0][0xc3]^[0xa0]A[0x8e][0xf3][0xc0][0x98][0xf4][0xc4][0xdc]$P[0xc9][0x8];[0x10][0x2][0x14][0xda]([0x8d]'Ss[0xd0]z+[0xfa][0x4]5R&U053[0xb6]T[0x8][0xf7][0xf0][0xc7]([0xc7]3[0xb]@[0xdb][0xd4]J[0x12]![0xcd]<[0x94].[0xaf][0xa9][0x19][0xbd]Vp[0x99][0x9a] [0xc6][0x9f]\[0x12][0xb1][0xd4]6[0xe0][0xbb][0xcc]R[0x12]3R[0xca][0xb1][0xd7][0x8b][0xa6][0xa0][0xc2][0x93]>[0xa1][0x8a]X[0xb9][0x8d][0xb5][0xfa][0xce][0x81][0xdf]C[0x4][0x1e]!C[0xb9][0x8a][0xc8][0xcc][0x90]n[0xf9][0xc][0xe9][0x6]Xb[0xb6][0xc6][0xa7][0x94]g[0x1a][0x19][0x83][0xe][0xe0][0xc1]rb[0x82][0x91][0x85][0x11][0x9d]vL[0x99]"M[0xc8]`[0xef][0x11][0x16][0x96][0xa6][0xa6][0xe6][0x99][0x80][0xcf]P[0xc4]8*[0xc8][0xc4][0x8]T[0xb8][0xd0]%[0x11] -8[0xc4]=[0x9e][0xe][0x1f]1[0x85]6[0xa3][0xf3][0xa1][\r]%[0xb4][0x9a][0xcf][0xc8][0x0]t,#}[0x9c][0x8d][0xe8][0xc1][0x92]<L[0x3][0xda]Q[0x7];[0x0][0xa9]4E[0xf]c[0xee][0xd6][0x82]nG[0xbb]![0xad]>[0xc4][0xde])L[0xcd]J4[0xc0]z[0x8d][0x8f][0x91][0x5][0xbd][0x16][0x6][0x99][0x82]B[0x3]ZY[0x10][0xea]q[0xa7][0xe7]%[0x16]d[0x96][0x94][0x16][0x94][0xe6][0x94]b[0xaf][0xe3][0xcc][0xe8][0xd7][0xac]@[0x9a]N$[0xf5]Z[0x10][0xd0]a[0x10][0xd0][0x9d][0x97][0xb0][0x84][0x8e]v-[0x1f][0xfd][0xee]s7[0x5][0x8d][0xe4]C[0x83][0x1f][0xc7]]2[0xc5]9[0x89][0xb9][0xa9]%[0x16][0xe0][0xa2][0x4][0xa5][0x90]6[0xb7][0xa0][0xd7][0xa6]fS[0xd0][0xdc][0x14][0xd4][0x95]D[0x9e][0xf][\n]"
17:11:38.639 [main] DEBUG org.apache.http.wire -  << "[0x0][0x0][0x0][0xff][0xff]"
17:11:38.639 [main] DEBUG org.apache.http.wire -  << "[\r][\n]"
17:11:38.659 [Finalizer] DEBUG org.apache.http.impl.conn.DefaultClientConnection - Connection 0.0.0.0:49238<->149.248.193.56:443 closed
17:11:38.666 [Finalizer] DEBUG org.apache.http.impl.conn.DefaultClientConnection - Connection 0.0.0.0:49247<->149.248.193.56:443 closed
17:11:38.671 [Finalizer] DEBUG org.apache.http.impl.conn.DefaultClientConnection - Connection 0.0.0.0:49246<->149.248.193.56:443 closed
17:11:38.674 [Finalizer] DEBUG org.apache.http.impl.conn.DefaultClientConnection - Connection 0.0.0.0:49234<->149.248.193.56:443 closed
17:11:38.679 [Finalizer] DEBUG org.apache.http.impl.conn.DefaultClientConnection - Connection 0.0.0.0:49233<->149.248.193.56:443 closed
17:11:38.681 [Finalizer] DEBUG org.apache.http.impl.conn.DefaultClientConnection - Connection 0.0.0.0:49232<->149.248.193.56:443 closed
17:11:38.683 [Finalizer] DEBUG org.apache.http.impl.conn.DefaultClientConnection - Connection 0.0.0.0:49235<->149.248.193.56:443 closed
17:11:38.685 [Finalizer] DEBUG org.apache.http.impl.conn.DefaultClientConnection - Connection 0.0.0.0:49236<->149.248.193.56:443 closed
17:11:38.686 [Finalizer] DEBUG org.apache.http.impl.conn.DefaultClientConnection - Connection 0.0.0.0:49237<->149.248.193.56:443 closed
17:11:38.687 [Finalizer] DEBUG org.apache.http.impl.conn.DefaultClientConnection - Connection 0.0.0.0:49245<->149.248.193.56:443 closed
17:11:38.688 [Finalizer] DEBUG org.apache.http.impl.conn.DefaultClientConnection - Connection 0.0.0.0:49244<->149.248.193.56:443 closed
17:11:38.690 [Finalizer] DEBUG org.apache.http.impl.conn.DefaultClientConnection - Connection 0.0.0.0:49239<->149.248.193.56:443 closed
17:11:38.725 [main] DEBUG org.apache.http.wire -  << "EC4[\r][\n]"
17:11:38.725 [main] DEBUG org.apache.http.wire -  << "[0xca]S[0xb2]R[0xaa][0x0][0x1d][0xc6][\n]"
17:11:38.725 [main] DEBUG org.apache.http.wire -  << "[0xea][0xcd][0x82][0x1a][0x17][0xe8][0xf9][0xd0][0xd4][0x8]t[0xc4][0x5]]J[0x13][0xd0][0x8e]O[0xa8][0xeb]qN[0x4][0xe4][0x82][0xae][0xbb][0x1][0x1d][0xae][0x9d][0x91][0x9b][0x89]=q[0x9b]Z[0xd2]k[0xb6][0xd9][0x14]t[0xc6][0x1][0xd4][0xc1][0xd8]k[0x97][0xdc][0xd2][0x1c][0xd0][0xd5]<[0x89]%[0xb9][0x89][0xd0]$[0x8c]r[0x14][0x8f][0xb9][0x1][0xc8][0x4][0xfa][0x84]-bX[0x97][0x98][0xb1][0xc6][0xbc][0xc4][0x92][0xe2][0xcc][0xa2][0xec][0xd4][0xdc][0xc4][0x1c]P%[0x8e]>[0xd3]ln@[0xb7]r[0xf][0xd4][0xc0][0x81][0x86]1[0xee]Nlf1x[0x92]9%33[0xa7][0x18][0xeb]iif[0xc6][0xa0][0x82][0x88]>![0x8d]h%[0x13]Z[0xc1]Y[0x9c][0x98][0x9b][0x99][0x98][0x1]N[0xd2][0x90]i[0xfd][0x12]=[0xb4]KIL[\r][0xe8]Vv[0x80][0xd6][0xe]@[0x3][0x1a][0xeb][0xcd]{[0xd0]1[0xbb][0xbc][0xd2]"[0xf0][0xc1][0xa6]X[0xe][0xcc]64[0x7][\r]E[0xd1]'[0x90][0x11][0x8d]fR[0xba][0xdc][0xc9][0xc5][0xa5][0xa0]E[0x9][0x99]X'[0x86][0x8c][0xe9]u.[0xbf])h=[0x12]4[0xa8]I9[0x88],9[0xb1][0x1c]|[0xe5][0xab][0xb9]1[0x96][0xbe][0x95][0xb9]9[0xdd]R[\n]"
17:11:38.725 [main] DEBUG org.apache.http.wire -  << "hL[0x2][0xea]|[0x9c][0xfd][0xd6][0xe2][0xd2][0xa2][0xca][0xfc][0xbc][0xfc][0xe2][0xfc][0x9c][0xd4][0xc]l[0xa1]mjF[0xaf][0xad][0xdc][0xa6]H[0xab]7[0xa1][0x7][0xae][0xa4]T[0xe6]%[0xe6]f&+[0x14]W[0x16][0x97][0xa4][0xe6]bn%[0x0]][0xb]W[0x9e][0x98]SZ[0x89][0xf5]</:[0x96][0xda]H[0xab]9In_[0x97][0x15][0xa4][0x16][0x95]d[0x96]gB+[0x1e][0xd4][0xd3]:[\r][0xe8][0xb5]5[0xc9][0x14][0xe9][0xaa]L[0xec][0x8d][0xeb][0x8a][0x92][0x8c][0xc4][0xdc]"[0xec]k|M[0xe9]vY[0xa0])[0xd2]5[0x87][0xb8]{`[0xf0][0xd3][0x86][0xe1][[0xd5][0xb0][0xa5]mc[0x13][0xd0][0xea][0x17][0xba][0x94][0x83]HW[0x1c][0x6][0x10]7n[0x9a][0x94][0x98][0x9d][0x92]h[0x80][0xe3][0xfa]p#[0x13][0xba][0xcd]n[0x81][0xb6]QB[0xb][0x11][0x92][0xc7][0xd8]S2[0xf3]R[0x12][0x8d],[0xb1][0xb7][0xff],L@g[0x13][0xd1]%[0xf4][0x91][0xee]<$[0xa6]Q[0x5]Z_V[0x90][0x9a][0x8][0xbe][0xb6][0x1][0xdb][0xd4][0x80][0xa1][0x19]h[0x19][0xf]}\[0x8e]h[0xe][0xe2],[0xc2][0x13]s2[0xb3][0x13][0xcd][0x8d][0xa1][0xe5][0x7][0xca][0xca]&c[0x13][0xd0][0x80][0x5]}\[0x8a]hN[0x91][0xd0][0xa5])[0xcf]H,.)-[0x81][0xde][0xa5][0x82]2[0x8]in[0x9][0x9a][0xde][0xa1][0x8f][0xdb][0x11][0x83][0x90]$[0xec][0x89]I-[0x5][0x9d][0x2][0xd9][0x94][0x97][0x97][0x9e][0x99][0xab][0x97]][0x84][0x98][0xd6][0xa0][0xe3]u[\r]H[0xf7][0x91][0xe1]8[0xff]-[0xb9][0x1c][0x1a][0xca][0xd8][0xf6][0xbc][0x98][0x80][0x86]U[0xe8][0x12][0xcc]H[0xb7][0x8f][0xb9][0xe0]?[0x1].9[0xbf](3//5'U7=?-[0xcd][0xa1],?3'[0x11]e[0xab][0xa0][0xb9][0xa1][0xb1]%[0x9d][0x96][0xa4][0x82]v6A[0xb]@[0xec];u@[0x97]x%[0x96][0x83]ny[0x85]fA[0xf4][\r][0xc6]F[0xe0][0xa3][0x10][0xe9][0x13][0xc4][0x88][0x95]58v[0xc0]dTf[0xe7][0x18][0x99]:[0x14][0x15]'[0x16][0xeb]&eU[0xe6][0x14][0xa0][0xce][0xec][0x1b][0xd1][0xed][0xe4]ES[0xd0]q\[0xd0][0x80]-[0xcd][0xcb]IM,[0xce]P([0xcf]/[0xca]I[0xd1]M[0xce]I[0x4]m"[0x5][0xef]'[0xd5][0xcd][0xc4][0xda][0xf2]K[0xcf][0xcc]-N-[0xcd]K[0x7][0xdd]$[0x90][0x91][0x8]>[0xee][0x2][0xcd][0x1f]f[0xa0][0x6][\r]}[0xc2][0x1c]Q[0xf2][0x91][0xb3][0x95][0x7]t!BbI[0xa6][0x5][0xec]^][0x94]Y#[0x13]#[0xd0][0xc2]s[0xfa]x[0x3][0xb1][0xe4][0x6][0xe7][0xa1]ey[0xb0][0xeb][0x0][0xb1]5[0xa7],,A[0xf7][0x80][0xd1][0xc7][0xad][0x88][0x2][0x1b][0xd7][0xae][0xb4][0xb4][0xc4][0xa4][0xa2][0xd4][0xc4][0x94][0xd4][0x9c][0xc4][0xcc][0x94]T[0x87][0x94][0xcc][0xac][0xfc]R[0xb4][0xa3][0x16][0x8c][0xcd][0xe9]5[0xbd]a[0x6][0x8a]DhR[0xc7][0xb5][0x1d]=+3[0xa3]2[0x15][0xb4][0xab][0xab][0xb2][0x14]uO[0x97][0x89]%h[0xe1]-=[0x82][0xd5][0xcc][0x0]Qz[0x90][0x93][0x92]A'[0xcf]&U[0x16][0xa5]U[0x16]bk5[0x99][[0x80][0x96][0x1e][0xd1][0xc7][0x1f][0x88][0xe9][0xe]\[0x9b][0xbc]2[0x12]SK[0xf3][0xc][0x8c][0xb0][0xa5]cC[0xb][0xba][0x1d]|[0x82][0xb4][0xdd][0x81][0xf4][0xcd][0xac][0x19][0xa0]!V[0xd0][0xb0]eQb.[0x8e]K[0xa3]L[0xcc][0xe9][0xd5]4C[0xde][0x5]qxeQb^[0x89]BJ[0xaa]BQjqIbi[0x11][0xf8]([0x0][0x5][0xd0][0xb2][0xe0][0xd4][0xe4][0x92][0xcc][0xb2]T[0x8c][0xc9][0xe8]\[0xf0][0x8e][0xbb][0xac]D[0xd0][0xf6]L,[0xe7][0xc9][0xd1][0xed][0xbe]e3P[0x8f][0x10][0x9a]S[0x9][0x1f]|[0x6]JC[0x96]fXN[0x9f]162[0xa0]S[0xf3][0xc4][0xc]d[0x11][0xd4][0xc1][0xb8][0x8e][0xe4]H[0xcd][0xc9],NLJ-[0xc9][0xc8][0xcc]MJ-*q[0xc8]M,.F=[0x15][0xca][0x82]n[0x93][0x7]fHW[0xa3][0x91]szDqiV&[0xe8][0x8].[0x1c]'[0xa1][0xd1][0xef]f[0x1e]3[0xa4]}([0xd8][0x8f][0xb7][0xae][0xca][0xc8]I,[0xaf][0xcc]K[0xa9][0xcc][0x5][0xb7][0xb6]P[0xf]^6[0xb3][0x0]uJ[0xe9]R[0x1a][0x82]:[0xab][0xd0][0x14]B[0xf6]y[0x11]i9[0xf9][0x5][0xa9]U[0xe][0xa0][0xbb],P[0xfd]an[0x1][0x9a][0xba][0xa7][0x8f]?[0x10][0xab][0xfd]Hn/[0x82][0xe]qK[0xcf][0x0][0x15]2[0x16]f[0xd8]NV4[0xa7][0xd7][0xf2]J3[0xa4]})[0xee][0xa4][0x97][0x93][0xe9][0xe0][0x13][0xa4]r[0xf2][0x8b]@[0x83][0xfb][0xa9][0xe]E[0xf9][0xa5][0xc5][0xc5][0xa9][0x89][0xa5][0xa8]}##z[0xdd][0x9c]d[0x6]Z[0xf][0xe]MZ[0xe4]x&3[0x17]|[0xac]QF[0xbe]Cz~q~[0x1e]J[0x7][0xda][0xd4][0x4]t[0x1c][0x1b]][0x12][0x16][0xd2][0x12]c[0xa2][0xcf]d[0xcc][0x0][0xad][0xf2][0x7][0xdd]v[0x87][0xad]KmH[0xb7][0xd3]<[0x8c][\r][0xe0][0x7][0x2][0x9a][0x99][0x18][0xe9]z[0x87][0x4]cT[0xad]I[0xa0]T[0x9f][0x9e][0x9c][0x9a][0x9f]c`[0xec][0x90][0x95][0x9f][0x9c][0x88][0xda][0xbc]42[0x1][0xed][0xe4][0xa7]K8[0x83][0xf6]QAS[0x8b]K>[0xe8][0xe8][0x91][0xc2]R[0xcc][0x96]@&[0xa8][0x9][0x90]UZ[0x9c][0x99][0xe]9[0xe5][0x8]e"[0xd6][0xc2][0x80]^[0x83][0x15]f[0xa0][0x93] [0xa0][0x8e][0xc5][0xd9][0x1d]J,M/-.I51[0xc2]<[0xcb][0xc8][0x9c]~G[0xd1][0x80][0x86][0x82][0xa1].%[0xb9]\,[0x3][0x85]vJbi.j[0xef][0xd9][0x98]n[0x8b][0x15][0xc1]G~B][0xef][0xc]^[0xaa][0x8f][0x91][0x80]s[0x92][0xf2]*u[0x93]*[0x13]K[0x1c][0xb2]R[0xd3][0x8a]PS[0xaf][0xb1]!h[0x92][0x8b]>[0xa9][0x17]Q[0xfd]`=[0x9a](%?%[0xdf][0xd4][0x1c][0xb4][0xc2][0x19]e[\n]"
17:11:38.725 [main] DEBUG org.apache.http.wire -  << "[0xc7][0xc2][0x0][0x94][0xec][0xe9][0xe2]B[0xa4][0xb5][0x94][0xa4]_[0xd2]R[0x9c][0x98]S[0x9c][0x98][0x4][0xba][0xa4][0xb1][0x14][0xb4]K%/[0x13][0xe4][0x13][0xb4][0xa5][0xfd]F[0xc6][0xa0][0xe6]1][0xfc][0x82][0xb4][0x8c][0x11]g[0xf6][0xcb]M,J/M-[0xca],I-H-[0xca][0xcf][0x83][0x1f][0xa8][0x88]6[0x4][0xe]:7[0x9c]>nF[0x9c]P[0x8f][0xbd]E[0x98][0x96][0x9b][0x9a][0x8a][0xad]klaJ[0xb7][0xa3][0xc9]A[0xad]5hv#[0xbd][0xc7][0x99][0x97]X[0x95][0xb]:K;[0xad]([0x11][0xc7]a[0xda]&[0x6][0xa0][0xd3][0xe1][0xe8][0x13][0xda][0x88][0xf1]*B[0xeb]7r[0x13]3S[0x12][0xe1][0xbb][0x1f]!g[0xd0][0xa4][0xa6][0x94]"F[0xeb][0x8d][0xc]@[0xd3][0x8a][0xf4]q6b[0xb4][0x90][0x84][0xb9][0x86]t[0xd8]N[0x95][0xe4]2[0xd4][0xf6][0xb7][0x91])h[0xe1][\r]]\[0x8e][0xb4][0xec][0xb][0xc7]Q[0xeb][0xc9][0x89][0xa9][0xa0]s[\n]"
17:11:38.725 [main] DEBUG org.apache.http.wire -  << "[0xcd][0x8d]A[0xe7]$'[0xa2][0xb6][0xe7][0x8c][0x8d]A[0xab])[0xe8][0xe3]PD>$[0xb9]B[0x4][0x8f]Q[0x94]d[0x95][0xe6][0x80][0xce][0xde]*[0xca]L[0xcc]C;[0xd3][0xdc][0xd8][0x80]n[0xe7],[0x82]j6hV}[0xb3]u[0xce][0x9b][0x5][0x8d][0xa0][0xde][0xdb][0x84]9[\n]"
17:11:38.725 [main] DEBUG org.apache.http.wire -  << "o[0xdb][0xb6][0xbe][0x9d][0xba][0x12]t[0xc6][0xdf][0xab][0xcd][0x98][0xe7][0x9c][0xa7]'[0xe6]d[0xe6][0xe7][0xe5][0xc3][0x7]j[0xb1][0xee]W[0xb1][0xb0][0xa4][0xd7][0x2][0xf0]0<[0xd4][0x17]xN[0x81]N[0xcf][0xcc][0xad][0x4][0xf5][0xec][0x1d][0x92][0xf3]S[0xd3]3sA[0xb3]i([\r]?CK[0xd0]&mz[0xa4][0x1e]s[0xa4][0xdd][0x1e][0xa9]y[0xe9][0x89][0xe9][0xa9][\n]"
17:11:38.725 [main] DEBUG org.apache.http.wire -  << ")[0xf9]%[0xba][0xc9][0xf9][0xb9][\n]"
17:11:38.725 [main] DEBUG org.apache.http.wire -  << "y[0xa9]%[0xe5][0xf9]E[0xd9][0x98][0xeb]P[\n]"
17:11:38.725 [main] DEBUG org.apache.http.wire -  << "![0xfd][0xb0][0x1c][0xcc]f[0xa0][0xb1]![0xbd][0xb6][0xfa][0x82]O[0x1e][0x82][0x6][0xf4][0x9b][0x96]9o[0xe6],[0xc1]hHe$[0xe6]%[0xe6]B6[0xdc][0x17][0xa4][0xe8]a,[0xa3]76[0xb3]0[0xa3][0xcf][0x9c][0x9a][0x5]hk?[0xd4][0xad]A[0x89][0xb9][0x98][0xf7][0x98][0x81][0xae][0xcc][0xcc][0xcb][0xcc][0x2][0x9d]&[0x1]Z[0xeb][0x8a][0xd2][0xa0]26[0x4]-[0x14][0xa2]GR[0x0][0xdf][0xb7][0xe]u&[0xae][0x13][0xb8][0x92][0x13][0x8b]J[0x93] [0xfb][0x12][0xd2][0xf3]Q[0xe6][0xaf]-[0x8c][0xe9][0xd5][0xf0][0xb3][0x0][0x1d][0xf7][0x0]ug[0x90][0x9f][0xa1][0x82][0x89][0x99][0x91][0x11]F[0xe4][0xe7]V&[0xa6][0x18][0x9b];$[0x16][0x97][0xe4]&[0x95][0xe7]T[0x82][0xee]v*./[0xac]DmN[0x1b]ZZ[0xd2]i7[0xac][0x5](?C[0xdd][0xec][0x1c][0xaa]`fih[0xa6][0x10][0x18][0x89][0xe1][0xea][0x8c][0xca]T[0xe8]x[0x1f][0xe8]z`[0x8c]b[0xc1][0x14]|[0x90][0x14]][0xd2][0x2][0xd2][0x9d]>[0xaf][0xd7][0xef]x[0xd3]1[0x13][0x9b][[0xf3][0xf3][0xb2][0xc0][0xfd][0xd7][0xa4][0xc4][0xf4][0xa2][0xca]R[0xd4][0xf1][0xc]Cz[0xb5][0x9d][0xc1][0xcb][0xd8][0xa1]A[0xb][0xba]C[0x6]|C#[0xf2]5[0x13][0xc9][0xf9]ye[0xa9]E[0xe9][0xa9]y[0xc9][0x98][0xdd]o[0xd8][0xd0][0x92]1b[0xe5][0x11][0xf2]M[0x19][0xa6]F[0xf4][0xda][0xb3]b[0x81]4[0xb6][0xe4][0x9c]X[0x94][0x9f][0x93][0x99][0x87][0xe9][0xda][0xa2][0xc4][0x14]cC[0x87]\[0xb4]N[0xa1][0xa9]!hI[0x4]}R[0x5]b"[0x12]W[0x9][0x91][0x9a][0x93]Z[0x94][0x8f][0xb8][0x8d][0x11]94[\r][0xcd][0xe9]5c[\n]"
17:11:38.725 [main] DEBUG org.apache.http.wire -  << "[0xbe][0xa6][0xb][0x9a]&p[0xd4][0xe][0xa0][0xde]T~Ib[0xe]x[0x8a][0xa0]89#/53%[0xb5][0x8]u\[0xc0][0xc2][0x88]^[0xcd]{[0xb][0xa4][0x91]-c[0x17]Og[0x5]C[0x13][0x8c][0xc][0x97][0x95][0x8]^[0x0]P[0x9c][0x9a][0x8f]eH[0xd7][0xc4][0x0]4[0xe9]J[0x97]D[0x0]*[0xe7]aa;}[0xca][0x9b][0xe5][\r][0xaf][0xbb];[0xde]L[0xdb][0xa2][0xf0]f[0xde][0x84]W;6[0x80][0xce]d~[0xb3][0xb1][0xe5]u[0xcb][0x4][0xc][0xf][0x14]f[0x94]$[0xe6][0x99][0x18]:TeTf[0xa3][0xad][0xc3][0xb0]0[0xa0]W[0x97][0xd0][0x2]i[0xfc][0xe8][0xd5][0xa6][0xbd]o[0xe7][0xae][0xc1]pgZzb^eFbU.[0xb6][0xce][0xab][0xb1]1[0xa8]c@[0x9f][0x80]F[0xcc][0xeb][0xe2][0xa9]3r+s[0xcb][0xf3][0x10][0xd7][0x17]&[0xe5][0x95][0xa3]Vr[0xa6]&[0xa0][0xc3]w[0xe9][0xe3]`D[0x1f][0x15]k;'[0x1f]t[0xba]Wf^j[0x95]CIjN[0xaa][0x11][0xca]0[0xbe][0xa1][0x9][0xbd][0xe]#[0x6]_[0x80][0x5]M[0xc0][0xa9][0x15][0x5]9[0xf9][0x99]%[\n]"
17:11:38.725 [main] DEBUG org.apache.http.wire -  << "[0xe0][0x81][0xf0][0xe2][0xcc][0xa4][0x9c]T[0x85][0xd2][0xe2][0xd4]"[0xcc]6oFJb^fj[0x8e]CIfqrbN&[0x8a][0xd3]M,@[0xc3]7[0xf4][0x9]aD[0x1]L[0xe0][0x18][0xcc][0xbc][0xa4][0xca][0x1c][0xb]#[0x87]D[0xe8][0xf5][0xb8][0xa8]i[0xc2][0xc2][0x94]^[0x8b]Q[0xc1][0xf7][0xef]B[0x3][0x9b][0xe4][0xda]9-%[0xb1][0xd2][0xd0][0x4]|[0x91]2J[0xf7][0xc8][0xd8][0x8]t[)][0x2][0x1c][0xb4][0xa0][0x0][0xea]|[0xdc]g[0xbd][0xa6][0x97]g&[0x81][0xb7]@[0x80][0x6][0x11][0x91][0xcf][0x9]42[0xa7][0xd7][0x0]>8[0x9]B[0x1d][0xea]SZ[0x92][0x91][0x86]y[0x92]IZrFb[0x11][0xa8][0xa3][0x8f]qK[0x12][0xfd][0xe][0x97][0xb2]@:;[0xf7][0xc6][0x9a][0x1b][0xcb]o[0xac][0xc7](}[0x8b]S[0xf3][0xc1]S8[0x99][0xe0][0xeb][0xa7]0[0xda][0xc0]F[0xe0][0xe6]?][0xe2][0x1e]i[0xf0][0x10]kq[0x96][0x92][0xf][0x9e]b[0xcd][0xc4]85[0x99]~[0xe7][0x1b]Y m[0xad][0xc4][0xd5]nH[0x84][0xee][0x19])([0xd1]C[0xdb][0x92]ml"
17:11:38.727 [main] DEBUG org.apache.http.wire -  << "N[0xaf]=[0x89][0x16][0xa0][0x1d][0x85][0xd0][0xe4][0x89]5,[0xb3]A[0xb]J[0xb]J[0x8b][0xb]2K[0x12]A[[0xfb]0[0xe][0xb8]2[0x6][0xcd]$[0xd3]%[0xda]Aa[0x2]u[0xea][0x8d][0xf5]7[0x96][0xdc][0xec][0xb8][0xb1][0x2]#[0x91][0x82][0xd6][0x98][0xa4]Z[0x1a]a[0xad][0xe],[0xcc][0xe8]6[0x8][0x2]:[0xcc][0x9][0xea]T[0x2][0xd5][0x1][0xf8][0x18][0xd6][0x92][0xcc][0x82][0xd2][0x82][0xd2][0x12]l[0xcd][0x1a]ss[0xba][0xf5]t[0x90]v[0xf4][0xe1]J[0xb2][0x99][0xc9][0x19][0x89]FF[0xa0]t[0x80]6nM[0xaf]Ir[0xb]P[0x9b][0x9][0x1a][0xb2][0xaf]77@[0x87]"[0xdf]L[0x9f][0xf2][0xb6]e[0xc3][0xdb])-[0xaf][0xe7][0xee]y3w[0xcb][0x9b]e[0x1d][\n]"
17:11:38.727 [main] DEBUG org.apache.http.wire -  << "of[0xef]|[0xd3]2[0xe7][0xf5][0xce][0x96]7][0x98]#P[0x5][0x89][0xc5][0x85][0xa5][0x99][0xa9]E[0xc9][0xd0][0xe][0x9d]C~Qb^:[0xea]Z$cCPW[0x9b].[0x9][0x1b]i[0x84][0x15]k[0x1e]L[0x84][0xf6][0x86][0xb0][0xcc][0xf1][[0x80][0x97]/[0xd3][0xc5][0x95]H[0xb][0xd0][0xb1][0xbb][0xb2]4=[0xb5][0xa8],1'[0xb5](3[0x15]s[0x4][0xd2][0xdc][0x10]t[0xa0][0x17]}[0x1c][0x8a][0x98]!57v[0xf4][0xc3]rSDe)[0x96][0xc5]r[0x16][0xf4]k[0xbc][0x80][0xd6]e@[0x13]1[0xce][0x81]2[0xf0]Z[0xb9][0x9c][0x9c]TS#[0x87][0xa4][0xc4][0xa2][0xfc]<[0xd4][0x86][0xa2][0xa1]1[0xbd]f[0x8a],@CqP[0xc7][0xe2][0x1a][HNM[0xce][0xcc]I[0xcd][0xc8]O,J,[0x85][0x16]b[0xc8][0xe3][0xb]fF[0x6][0x86]t[0x1a][0xd1][0x5][0xed][0x12][0x85]:[0x16][0xc7][0xf8]B*[0xf4][0x12][0xe9][0x8c][0xc4]<[0x87][0xac]R[0xb4]Y,s[0xd0]f[0x0]z$RK[0xd0]UFP[0x87][0xe2]n[0xbf][0xa6]%[0xe6]d[0xe4]$[0x16]b_[0x1d][0xc]:F[0x8c]>NE[0xcc]c[0x91]_[0xe4]&%[0xa6][0xa7][0x96][0xe6]e[0x95]b[0x19]"16[0x4][\r][0xb2][0xd0][0xc7]+[0x88]n[0x1a][0xf4][0xf4][0xaf][0xe2][0xd4][0x8a]J[0x85][0xd4][0x8a][0x2]P[0xa9][0x95][0x97][0x9c][0x8a][0xd9][0xc1][0x4]o[0x1]O[0x2][0xdf][0x1]P[0xe2][0x90][0x99]V[0x94][0x98][0x97][0x8c]v[0xfc][0xbf][0xa9][0x19][0xdd]R[\r][0xd2][0xaa]U[0xf8]>[0xf6][0xa2][0xcc][0xe4][0xc][0x85][0xf2][0xd4]$[0x85][0xe2][0xd4][0xa2][0xb2]Ll^[0xa8]H[0xcc]I-[0xce][0xa9][0x4][0xf7][0xd7]P[0xb6]u[0x98][0x1a]Z[0x18][0xd1]'cZ[0x1a]"[0x12][0x11][0xce]a[0xd4][0xd4][0xdc][0xcc][0x1c]K[0xb][0xd0]LKf^[0x9]bV[0xdc][0xc4][0x18][0xd4][0xe0][0xa7]K[0xfa][0x0]u_[0xa1][0xb9][0xd2][0xad][0xb4][0xa8]$#[0xb5][0x8]q[0xab][0x93]BNjrIi[0x11][0x96][0xeb][0x9c][0xd2]K3sr[0xf2]K`[0x9b]|S[0x1d][0xca][0x13][0xf3][0x12]S[0xf2][0xf3]Q[0x6]#L[\r][0xe9]uD[0x98]%[0xd2]J[[0x92][0xbb][0xf6][0xc5][0xa5][0xb9][0x99]y[0x86]8Ny76[0xa7][0xd7][0xe4]9x[0xb3][0x9]4&p6[0xf6][0x13]S[0xf2][0xcc]-[0x1d][0x12]s[0xf2][0x12]+[0x93][0xd0]f[0x90][0xcc][0xe9][0xb6][0xcc][0x12][0xd4][0xff][0x81][0xba][0x14][0xc7][0xb8]%[0xac][0xe7][0x9c][0x91][0x9a][0xef][0x80][0xb4][0xa4][0x10]y[0x9f][0xa6][0x11][0xdd]6{X[0x82]F[0x98][0xa0][0xee]%[0xa1][0xc]I/H[0xcd][0x1][0xdf]xW[0x9c]V[0x84][0x92][0xae][0xcd][0x8c]AK[0x14][0xe9][0x93];[0x11][0xa5][0xf7][0x9b][0xc5]{[0xde],[0xdc][0x80][0xed]J[0xc1]*[0xd0]RB[0xcc]+[0xa9][0xc]M[0xe8]u8[0x9b][0xa5]![0xe2][0xb0][0x11][0x1c]#>[0xc5][0xa0][\r]a[0x95][0x89]y[0xe0][0x12][0x19]e[0x4][0xcd][0xc2][0x82]^3[0x1b][0xe0][0xc3][0xf9][0xa1][0xe9][0xc0]K[0xc1][0xd0][0xc4]D[0xc1][0xdb][0xb][0xf3]z[0xe6][0xaa][0xca][0x94][0xc4][0xbc][0xe2][0xf2][0xdc][0xca][0xa2][0x2]XF[0xd3]MM[0xcc]E[0xdf][0xae]il[0x8][0xf2]4][0x12][0x1][0xf2][0x84]-[0xb4][0xfb][0x86]1[\n]"
17:11:38.727 [main] DEBUG org.apache.http.wire -  << "[0x0][0x1e][0xa7][0xca][0xca][0x4][0xdf]T[0x8a]u[[0xa6][0x99]1[0xbd]N?[0xb1][0x4][0xf5]"[0xa1][0xc1][0xfc][0x86][0xa4]Y[0x19][0xe8]5[0xde][0xc5][0x89]X/[0xb1]57[0xa6][0xd7][0x82]+KPPA}pc[0xf9][0xcd][0xc6][0x1b][0xab]n6[0xdf]X~c#F[0xa8]Cz[0xa9][0xb9][0x99][0xc9][0x19][0xa9]99[0xa9][0xa0]M[0xc8]E[0x99][0xe8]3w[0xe6]t[0xbb][0x99][0xc0][0x12][0xb4][0xde][0x12][0xe6]l\[0xc3]E[0xa0][0x93][0x11]A[0xfb][0xfe][0xf3]s[0xd2][0x13][0xb1][0xb5][0xb2]M[0xe8][0xb6]j[0xd6][0x12][0xe9][0xa8]y[0xd2][0xef][0x2][0xcb]MM[0x7][0x9d],^[0x94][0x98]W[0x99][0x98][0x7][0x1e][0xa7]CiA[0x99][0x1b][0xd1]k[0xad][0x8a]%[0xd2]t9[0xee]R[0xa5][0xb8]21[0xa3][0x8]t[0xe7]gj[0x9][0xf8][0x16][0xb]P[0x93][0xf]eq[0x8d][0x85][0x9]h[0xfc][0x94]>[0xe5][0x9][0xa2]R[0xc1]3[0x99][0x97][0x9d][0x98][0x95][0x9a]gi[0x2]:H)1[0x19]e}[0x8d][0xa1][0x9][0xdd][0xda]D[0xa0]n[0x12]4E[0x83][0xee]*[0xbb][0xb1][0x5]K&[0x4][0x17]}[0xc5][0xa5][0xa0][0x9b]%1[0xba][0xb7][0x86][0x6][0xf4][0x1a][0x83][0xb1]D[0x9a][0x8b]&[0xbf][0xcf][0x98][0x98][0x93]^[0x9e][0x98][0x97][[0x90][0x91][[0x85][0xe3]rACS[0xd0]^a[0xba][0xa4][0x13]P+[0x7][0x1a][0xf8][0xa4][0xe7][0xcf][0xac][0xc4][0xec]DCsP2G[0x1f][0xe9]7[0xa3][0xd7][0xd0][0x88]%[0xd2][0xfc][0xba]s~^q[0x9][0xa8]#[0x8b]Q[0x86]Cn[0xf8][0xce][0xc4]2<fl[0xc]Z-G[0x9f][0xa0]F[0xcc][0xaf][0xe3][0xad]p[0x92]s[0x12]A[0xe7][0xa1][0xa7][0xe6][0xa4]&[0xe7][0xa4][0x16]%[0x17]:[0xa4]$[0xe5]&f[0xe6][0xa0][0x8e][0x94][0x99][0x1a][0xd0]kl[0x1a]|P[0xc]4[0x89][0xb8][0x16][0x96]f[0x96]d[0xa6][0x16]+[0x94][0x14]%[0xa6]`[0xe9]2[0xe6][0xa4][0xa6]'[0x96]'[0xe6][0x95][0x16][0xa5]dV&[0xe6][0x81][0xe][0x9e][0x1][0x9f][0xd6][0x8c]V[0xb6][0x98][0x9b][0x80][0xb6][0xd5][0xd2]'[0xcc][0x11]K[0x4][0x88][0x9e]{O[0xcd])[0xcb][0xcc]K,[0xce][0xcc]M[0xcc][0xcb]*[0xcd]+I[0xcc][0x86][0x8e][0xfd][0xa1][0xb4]h[0x8d]-[0xe9]5[0xeb]bi[0x8c]X[0xd3][0x8e][0xbb][0xee])[0x7][0x1d][0x6][0x5]?[0x1e][0x1d][0xcb][0xb1][0x84][0xa6]F[0xa0][0x89]&[0xfa][0x4]:[0xa2][0xee]![0xb2]+[0x6][0x0][0x0][0x0][0xff][0xff]"
17:11:38.727 [main] DEBUG org.apache.http.wire -  << "[\r][\n]"
17:11:38.727 [main] DEBUG org.apache.http.wire -  << "3DC[\r][\n]"
17:11:38.727 [main] DEBUG org.apache.http.wire -  << "[0x2][0x9d][0xbf][0x9a][0x3]:[0xeb]'[0xa5](51[0xb7]<[0xb3][\n]"
17:11:38.728 [main] DEBUG org.apache.http.wire -  << "5[0xb1][0x9b][0x19][[0xd0][0xe9][0xa8]lK[0xd0][0xc1]7[0xd0][0xc4][0x8e]c[0xc2]8+15#[0xdf][0xd4][0xc8][0xa1][0xb2]4#1[0xf][0xdb].:#[0xd0][0xde]e[0xba][0x4]4[0xd2]j[0x81][0x1b][0xeb]@[0xb3][0xdb]7[o[0xac][0xc4]([0xfc][0xd2][0xca][0x13][0xab][0xc]@[0xeb][0xf8][0x12]A[0x17][0xd2][0x17][0xa5][0xa1]mQ43[0x3]-p[0xa5][0x8f]{[0x91]F[0xcb][0xf2]A[0xe7];[0xe5][0xe4]d[0xe6][0xa5]+[0x14] [0x9d][0xd9][0x86][0xe1][0xfa][0xf2]L,c[0xab][0xa6]&[0xf4]Z[0xda]g[0x89]t#[0x4][0xce][0x11][0x1b][0xd0][0xea]_s[0xd0][0xe2][0x97][0xac][0xd4][0x9c][0xca][0xca]<][0xd0][0xa2][0xa8][0xa4][0xcc]*[0xa4][0xb1]>3z[0x9d][0xb6]e[0x9][0xda]@[0x1]M[0xc0]8[0xba][0xe9][0xd9][0xf0][0x1d][0x89]Ih[0x8b][0xb7][0xcc]-[0xe9]t[0xa2][0xad][0x85][0x1][0xa8]g[\r]u'[0xee]z;5)E71'+)[0xb1][0xc8][0xd8][0x2][0xfb]9wf[0x86]t[0xca]m[0x16][0x6][0xa0]l[0x2]u1[0x9e][0xdc][0x96][0x95][0x9]n[0xab]f[0xe6][0x82][0xda][0xa9][0xc8]ca[0xa6][0x6][0xa0][0xf9]1:[0xe4]3[0xb][0xf0][0xfd][0xa6]P[0x97][0x92]P[0x0]W[0x14][0xa4][0x96]d[0x96]8[0xe4][0xe6][0x97][0xe6]d[0xe6][0xa1][0xce] [0x99][0x9a][0x80][0xa6][0xcb][0xe8][0xe3]v[0xc4][0x99]|x[I[0x90][0xbb][0x2]-[0xcc]A}[0x97]L[0xe4]quCz][l[0x1]>[0x95][0x18][0x1a][0xce][0xc4][0xce][0xbb]$[0xe6][0xe4]f[0x16]%Z[0x98]akS[0x98][[0x80]N:[0xa5]O(#[0xb5]E[0xd7][0xdd][0xd8]xc[0xf9][0x8d][0xed][0x18]%orbNFV[0x91]n[0x12][0xa8][0xd6][0xc8][0xc8]+[0x87]0[0xaa]R[0x1c]RS[0xca][0x13][0xd1][0xe6]m[0xcd][0xcc]A[0x7]Y[0xd2][0xc7][0xe5][0x88]i[0xf0][0x9b][0xad]7[0xd6][0xdf][0xec][0xba][0xb1]Q[0xe1][0xc6][0x8a][0x9b]m7[0x9b]1<[0x90][0x9e][0x98][0x99][0x93][0x93]X[0x94][0x92][0x97]X[0x92][0xe1][0x0][0xbe][0xe8][0x1a][0xb5]Yaa[0x0][0xba]N[0x80]>[0xae]F[0xb4]CI[0x1b].+[0xce],[0xb5]0[0x1][0x15]%([0xad]O#[0xb]:[0xd5][0x16][0x6]H#[0x1f]~[0xe1]^[\n]"
17:11:38.728 [main] DEBUG org.apache.http.wire -  << "[0xe6][0x86][0xa6][0x18][0xe1][0x9c]Q[0x9a][0x9b][0x98]Y[0x94]X[0x0][0xba][0x8][0xae][0x18]|[0xe3][\r]J[0x86]4[0xb5][0xa0][0xd3]D[0xa2][0x85][0x1][0xe8][0xc],h[0x86][0xc4][0xb9][0x2]!;1[0xcd][0x4][0xeb][0xc9]T[0x16]&tZjma[0x80]t&[0x6][0x81][0x85]T[0xb0][0xb][0xbe][0xca]@c`[0x18]+[0x94][0xcc][\r]@[0xab][0x9b][0xe8][0x92][0x82][0x91]Gip[0xdd])[0x9f][0x9c][0x99][0x9c]i`[0x0][0x1a]"-[0xcd][0x5]]e[0x82]h[0x0][0x99][0x99][0xd2]i^[0x1f]r [0x0]4[\r]8[0x13][0xdb][0xc8],J[0xcd]K5[0xb6]t([0x3][0x17][0x18]y%(3A[0xa6][0x6]t[0xea][0xe9]Y[0x18] [\r][0xc6]`][0x8b][0x94][0x94]_[0x94][0x98][0x9b]^[0xea][0x90][0x9e][0x98][0x7][0x1a][0x9]C-[0xcd][0x8c][0x8d]AM*[0xfa][0xa4][0x5][0xc4]Iv[0xb8]g[0xac]r[0xca][0xb3]*[0xf3][0x12]sJ[0x8a][0xb2]r[0xc1][0x1d][0x8f][0xe2][0xc4][0x9c][0xc][0x87][0xc4][0x9c][0xa2][0xc4]4[0xdd][0xdc][0x14][0xb4]=Ef[0xc6]t+"@c[0x85][0xd0][0xe4][0x81]}[0x19]UJyfi[0x9][0xe8][0xcc][0xb7][0x82][0x14][0xd0][0xf6][0x1c][0x94]QQsS:[0x9d]dda[0x0][0x9a]V[0x87][0xba][0xd3][0xc2][0xcc]G[0xc1][0xcf][0x1c]s[0xd3]a~R~Jf[0x9e]CV*zulnH[0xb7][0x8a][\r]ip[0xa2][0x8]t[0xae]|)[0xa8]7[0x9f]Y[0x95][0xaa]P[0x9a][0x94][0x9][0x1a],[0xca]/-V([0xc8]I,I[0xcb]/[0xc2]r[0xc4]|%[0xa8][0x13][0x98][0x8f][0xfd][0xde]Ec[0xb]:]Va[0x1][0xce][0xe0][0xd0][0xb0][0xc6][0xd3][0xb2][0xcf][0x81]_[0x10][0x83]e[0xc5][0xa2][0x91]9[0xdd]Z[0xf7][0xc8]C[0x14][0xf8]&[0xae][0x92][0x13]s[0x8a]3[0xca]s[0xb0][0xb5]4M[0xcc][0xe8][0xb4]B[0xc6][0xc2][0x0]T[0xee]C[0xc3][0x16][0xf7][0x8a][0xb0][0xa2][0xc4][0x9c][0x94][0xac][0xc4]<[0xc4]>>[0xd4][0xd6][0x8e]![0x9d][0xf6][0xd3][[0x18] [0xf5][0xf6][0x9][0x8d]u[0x96]dd&%[0x96][0xe6][0x94]$'[0x16][0x94]&g[0xe6][0xa5]:`[0xec]s02[0xa3][0xd3][0x9d][0xdf][0x16][0xe0]c[0x13][0xa0][0xa1][0x8c]c[0xd8]*7[0xb1](%#[0xb3]21#[0x3]t[0xd5]i%[0xd6]yAC[0x13]:[0x9d][0xd9]j[0x1][0x1e][0xbd][0x86]:[0x18]w[0xf7]?[0x9][0xd2]#M[0xca]/[0xad]L/I[0xcd]A[0xa9][0x96]-,[0xe8][0xb4][0x82][0xdc][0xc2][0x0][0xb4][0xdd][\n]"
17:11:38.728 [main] DEBUG org.apache.http.wire -  << "[0xea]Vb[0xbb]yY[0x89][0x99]9[0x89]y[0x99][0x89])[0x99][0xa0][0xd0][0xc6]>taa[0x4]Z[0xb3]B[0x97][\n]"
17:11:38.728 [main] DEBUG org.apache.http.wire -  << "[0x1b][0x0][0x0][0x0][0xff][0xff]"
17:11:38.728 [main] DEBUG org.apache.http.wire -  << "[\r][\n]"
17:11:38.728 [main] DEBUG org.apache.http.wire -  << "3F3[\r][\n]"
17:11:38.728 [main] DEBUG org.apache.http.wire -  << "B[0xda][0x6]C(Y[0x17]$[0x96][0xe6][0xa4][0x96][0x94][0xa4][0x9a][0x1a]c[0x9d]w06[0x6][0x95][0xf8][0xf4]q4[0xa2][0x95][0x81]8[0xcb][0xb2] [0xa7]4]71/E[0xb7] '[0xb1]R[0xa1]89#57[0x11][0xdb][0xea]F[0xc8])KyE[0x99][0xb9]XoB21[0x7]-`[0xa0][0x83]7,-A[0xc7][0xdd]BSOZbrfNfIbI*[0xf2][0x86]q[0xbc][0x8b][0x1c][0x83][0x9c][0x15][0xc][0xcc][0xc1][0x7][0xe][0x4][0x14]e&[0xa7]*Y[0x19][0x9a][0xd2]i[0xfb][0xb5]%[0xf8][0x6]1[0xa8][0xcb]=[0xc1]g[0x9b]b[0xf4][0xfc][0x8c][0x8c][0x8c]t!=B[0xa8][0xeb]L[0xc]A[0xa3]d[0xf4][0x9]W[0xc4][0xb4][0xc8][0xcd][0xa6][0x1b][0xcb]ol[0xbb][0xd9][0x85][0xe1]>[0xf][0x1f][0x5]KS[0x3]3[0x5]w[0xd0][0xc1]}P'[0x1a][0x99][0xd2][0xe9]H>KKP[0xe7][0xc][0x1a][0x80][0xa0][0xb5][0xb8])[0x99]%[0xa9][\n]"
17:11:38.728 [main] DEBUG org.apache.http.wire -  << "NFN[\n]"
17:11:38.728 [main] DEBUG org.apache.http.wire -  << "[0xc9][0xf9]y%[0xa9][0xe0]1+[0x97][0xd4][0xe2][0xe4][0xa2][0xcc][0x2]P[0xa3]I[0xc9]J[0xe9][0xc6][0xfa][0x9b][0xed]7[o,[0xbf][0xd9]V[0x9c][0x91]Y[0x4][0xda][0x90][0xf]u[0xb3][0xb1]![0x9d][0xd6][0xc5][Z"[0xed]Dy9{[0xf7][0xb3][\r][0xd3][0x9f]n_[0xfa]dW[0xf7][0xd3][0xc5][0xab]1B[0xd7][0xc4][0xdc]L[0xd7][0xc7][0xcd][0xd1][0x1d][0xd1][0xcd]3[0xb1][0xa4][0xd3]8[0x90][0xa5]%hy[0x2]4l3[0xf3]JR[0xa1][0xc7]0[0xe4]d&g[0x17][0x83][0xcb][0x87][0xdc][0xfc][0xa2][0x92][0xc4]"[0x85] O[0xc]w[0xfb]&[0x16][0xa5]'[0x96]V [0x9c]mH[0xaf][0x93][0xd7],-[0x91]6[0xc5][0xe4][0xe6][0x17][0x15]d($[0xa5][0x16][0x97][0xe8][0xe6][0xa7][0xe9]&[0x15][0xa5][0xa6][0xa6]([0xa4][0xea][0xe6]&[0x16]e[0xa7][0x96]`[0x16]i[0xee][0xe9]z[\n]"
17:11:38.728 [main] DEBUG org.apache.http.wire -  << "[0xce][0x99][0xa0][0xab]&[0x8a][0x12][0x15][0xfc][0xf2][0xf5][0x14][0xcc][0xcd][0xc]b[0xf2][0x9c][0x12]Ku[0x9d][0x12]Ku[0x14][0x82]Ks[0x13]KR[0x8b][0x12][0x15][0x9c][0x12][0x8b][0x12]K[0x14][0x8c]M[0xcd]MA[[0xfa]a[0xe9][0xc7][0x94]N[0xdb][0xf5]--AKr[0xa0][0xf1][0xf2]fI[0xc3][0xdb][0x19][0x8d][0x18][0xc1][0xf][0x17][0x86]:[0xce][0xd4][0x1c]tP7][0xca][0xc][0xd0][0xf8]*[0xd4]q>[0xa5]I[0xa5][0xd9][0xa0][0xe9][0xa7][0xf4]D[0xd0]Qe[0xa8][0x19][0xf1]Y[0xf7][0xe4][0xe7]s[0xe6]#[0x12][0x88][0xb1][0x9][0x9d][0xfa][0xd6][0x96][0x96][0xa0][0x8b][0x15][0xa0]NL*J[0xcc]KQH[0xc9],.)[0xca]L*-IMQ(IM[0xce][0xc8][0xcb][0xcf][0xc9]O[0xcf][0xc4][0xb2][0xa4][0xff][0xc5][0xb4]5O;[0x97]<[0xdd][0x1][0xca][0xa8][0xd0][0xa0]5[0xb6][0x4][0x9d][0xb7]D[0x9f][0xa0]E[0x8c][0xcb][0xbe][0xd9][0xb6][0xf2][0xcd][0xa6][0xb5][0xaf][0x9b]V[0xbc][0xee]oQx3c[0xc9][0x9b][0xa6][\r]o[0xba][0xe7]([0xbc]m[0xed]y;}[0xc9][0xeb]y[\r][0xaf]v[0xec]P[0xd0]x[0xd3]1[0xf3][0xcd][0xbc][0x9]o[0xe6]ny[0xdd]?S[0x13]3[0x8d][0x90]c[0x4][0xd4][0xd3][0x16][0xe0][0x93][0xf6][0xe9][0xe3]i[0xc4][0xb0][0xee][0xe3][0xc6][0x96][0xc7][0x8d]3[0x1f]7[0xee][0xba][0xa3][0x9][0xc3];/[0x97][0xcd]|[0xbe]s[\n]"
17:11:38.728 [main] DEBUG org.apache.http.wire -  << ""=[0x99][0x9b][0xd2][0xe9][0xf4][0x1]Kp[0x81][0xc]MO^[0x89]9[0x89]y[\n]"
17:11:38.728 [main] DEBUG org.apache.http.wire -  << "[0xe1][0xf9]y[0xf9][0x89][0x95][0xa5][0xe0]2[0xc4][0xc0]2&[0xcf][0x17][0xbc][0xaa]_G[0xc1];1[0x7][0xb4][0xe4][0xa1]$1[0xf]Z[0x86][0x98][0x99][0x98][[0x9a]ax[0xc5][0xd0]+X[0xc1][0xc9][0x4][0xb4][0xfb][0xc][0x16][0xdc][0xa6]t:z[0xc7][0xd2][0x12]t[0xa8]7[0xd4]/[0xe4][0x15][0x87][0xa8][0xb9][0xdc]/[0xb5]\[0xe1]f[0xeb][0xcd][0xfe][0x1b][0x9b]o[0xec][0xbc][0xd9]X[0x96][0x99][0x93][0x83]T[0xe5]Z[0x98][0x80]F[0xbe][0xe9][0x92][0x8a]@}q[0xa8][0xb7][0x9e]o[0xdf][0xf2]r[0xd9][0x9a][0xa7]=[0xbb]0[0xc2]=[0xc2]C[0xc1][0xc8][0xd4][0xdc][0x18][0x14]![0xd0][0x80]74[0xa4][0xd3][0xd2]%K[0xf0][0xfd]sP[0x17]"[0x97]2[0xa8][0xc1]I[0xb0][0xb8][0x82][0xba][0xdb][0xc2][0x18][0xe4]a[0xfa][0x84],b%[0xca][0x8d][0xad]7[0x96][0xdf]X{c[0x85][0xc2][0xcd][0xd6][0x1b][0xab]n[0xac][0xc1][0xb2][0xc6][0x10]g[0xeb][0xcb][0xd4][0x18]To[0xd0][0xc5][0xc1][0xa0][[0x86][0xa1][0x1][\r]J[0xe1][0xe1][0x89]E[0x99]y[0xe9][0x99]y[0xe0][0xcc]jn[0x18][0x93][0xe7][0x94][0x9f]W[0x92][0x98][0x97][0xae][0xa3][0xe0][0x94][0x98][0x93][0xa9]`dh`[0xc][0xca][0x89][0xa8][0xf1][0xf0]f[0xeb][0x9c][0xd7]=[0xb0]=[0xc4]o[0xa7][0xf4][0xbc][0x9e][0xbf][0xe6][0xd5][0xf6][0x1d][\n]"
17:11:38.728 [main] DEBUG org.apache.http.wire -  << "o[0xa6].Q[0x0][0xf1][0x16]t[0xbc][0x99][0xbb]E[0xe1][0xf5][0xf2]%o[0xbb]v[0xbc]^[0xb6][0x16][0xb2][0x91][0x18][0x16]5f[0xa0][0x1][0x10][0xfa][0xf8][0x14]1[0xcf][0xeb][0x9a][0x9b][0x99][0x87][0x91][0xde]A=[0xbb][0xcc]<[0xd0]-[0x17][0xbe][0x89]E[0x99][0xf9]y1y[0xa6][0x86][0xc6][0x96][0xe6][\n]"
17:11:38.728 [main] DEBUG org.apache.http.wire -  << ".[0xa5][0x19][0x89][0xb9][0xa9]9[0x88][0xb2][0xd4][0x2][0x9c]:[0xe9][0xe3]fD[0x8f]"
17:11:38.728 [main] DEBUG org.apache.http.wire -  << "[\r][\n]"
17:11:38.728 [main] DEBUG org.apache.http.wire -  << "D6F[\r][\n]"
17:11:38.728 [main] DEBUG org.apache.http.wire -  << "[0x14][0xde]B@[\r]{[0xb4]V[0x5]4XM[0x8d]@;[0xe7][0xe9][0xe3]D[0xaa]V[0xc3][0x18][0xbd]OszM<Z[0x82][0xcf][0xca][0x83]f[0x85][0xa7]=[0xbb]![0xcd][0x1a][0xd4][0xc0]~[0xba]d[0xf9][0xcb][0x19][0xab][0x9e][0xee][0x9a][0xf3][0xb4]u[0xf5][0x93][0x1d][0x1d]O7o[0x83]0[0x9e]O[0xd9][0xf5]r[0xdb][0x96][0xc7][0xcd][0xdb][0x9e][0xec][0x98]a[0xfa]dG[0xe3][0xf3][0xd9][0xeb][0x8c][0xc][0x9e]O]eh[0xf6][0xb4][0xbb][0xc2][0xb3][0xb9][0xfb][0x1e]7[0xf6][0xbc][0xd8][0xb0][0xfd]q[0xd3][0xf6][0xc7][0xcd][0x8b][0x1f]7[0xaf]~[0xdc][0xbc][0xc0][0xc0][0x2][0xa9]`5[0x1][0x1f][0xda]D[0x9f][0xe8]B[0x14]P.[0xa9][\n]"
17:11:38.728 [main] DEBUG org.apache.http.wire -  << "[0xfe]9[0x99]e[0xa9][0x99]E[0x98]'6[0xba][0xb8]+[0x98][0x9b][0x9b][0xa2][0xb4][0xe8]-@[0x9b]&i[0xef]F3[0x3][0xf0]I_[0xb0][0x88][0xe8][0xdd][0xf0]b)[0xd6][0x16][0xe]QC[0x1b][0xd0][0xec]`lL[0x9f][0xaa][0x15][0xe4]vD[0xf8][0x12][0xd5][0x3][0xb3][0x0]t[0xd8][0xc2][0xeb]m[0x8d][0xa0][0xa6][0xeb][0xdb][0xa9]3^7[0xad][0x0]5][0xdf][0xb4],x[0xbd][0xac][0xf3][0xd5][0x86][0x6][0x5][0x8d]7s[0x1b]^m[0xda][0xfb]jg[0xc3][0x9b][0x19]K^/[[0x3]j[0xba][0xc2][0xbc]eJ[0x9f]~[0xc][0xc8][[0x88][0xbd]XD[0x5]<j[0xbe]y[0xbd][0xb3][0xe5]mO[0xcf][0xab]-[[0x14]^mjx[0xd3][0xb4][0x6][0xb2][0xdf][0xc][0xea][0xb]#:[0x9d][0x5]kf`[0x80][0xb4]y[0x96][0xea]Y[0x19][0xd5][0xc7][0xf0][0x2][0x4][0xea]I[0x13]#[0xfa]4[0x9d][0xcc][0xc][0xc]@[0xe3][0x8c][0xd0][0xdc][0x3][0xaa][0xd1][0xfd]KJ[0xf2][0x15]<[0x8b][0xb3]A[0xb7]K[0x15][0xa5]d[0xe6][0x81]nj[0x4][0xf5][0xe6]-[\r]c[0xf2]"[0xf3][0xd3]+[0x13][0xb3][0x13][0x8b]J[0x12]u[0x14][0xbc][0x12]s[0x93]2[0x15],[0xc],L[\r]1[0xaa]F[0xf2][0xcd][0x81]z[0xdf][0x1c]|[0x8e][0xf]][\n]"
17:11:38.728 [main] DEBUG org.apache.http.wire -  << "[0xf][0xa4][0xe5][0xf9][0x89][0xe9][0xe9]E[0xa9][0xe9][0xa0][0xc1][0xcf][0xa2][0xd4][0xc4][0x1c][0xdd][0x92][0xcc][0xdc]T[0x85]T[0xd0][0xd1][0xbf][0xb9][0xa9]EX[0xce][0xca]|[0xb0]n[0xfd][0x83][0xf5]M[0xf][0xd6]-y[0xb0]n[0xff][0x83]uS[0x1f][0xac][0xdb][0x87][0xa8][0xf3][0xe9]u[0xb4][0xa3][0x99][0x81][0x1]h[0xe1]&4[0xfe][0xc2]S[0x8b]K[0x14]nv[0xdc]l[0xb9][0xd9]u[0x13]sX[0xc3]5%[0xb3]$[0xbf]HG!9?77[0xb3][0xb8]83?/3/[0x1d][0xe1]d[0x13][0x3][0xba][0x95][0xe]HSnoZ6[0xc2][0x8a][0xb0][0x8e][0x19]o[0x16]L}[0xb5][0x15][0xf3][0xfc]A[0xec]j[0xa0]I[0xc5][0x98]NSBf[0x6][0xc8]so[0xce][0x19]E[0x99][0xc5]%[0x99][0x89]X[0xe]%E[0x91][0x82]:[0xd2][0xc4][0x9c]n[0x95]!hN[0x1a][0x9a][0x1c]\[0xcc][0x8d][0x15],[0x1d]}1[0xb2]'[0xf8]v[0x8][0xd0]|[0xb7][0x2][0xea]dEY~QIb[0xe]hd[0xf][0xea]l3#[0xfa]9[0x1b]Q[0xf][0xbe][0xee]o[0xc1]v|[0xb5][0x85][0x99][0xa5][0xb9][0xb1][0xc2][0xcd]&P[0xea][0xbe][0xb1][0xe2]f[0x87]B@~QI[0xb1][0x82]cA[0x89][0x9e][0x82][0xb9][0xb9]QL[0xde][0x8d][0xcd][0xa0][0xdd]Y7[[0xcb]2S[0xcb]u[0x14][0x1c][0x83][0x14][0xc]-L-A[0xbd][0xf][0x98]o[0xc0]Kz[0xe9]R[0xa8][0x80]v[0xd1]A#[0xc1]=1/]! [0xb1]8[0xb3](;?[0xb]20[\n]"
17:11:38.728 [main] DEBUG org.apache.http.wire -  << "[0x1a][0x17][0xf5][0xce]/IT@[0xdc][0x0]P[0x9c][0xa9][0xe0][0x5])Y[0x15]BK[0x12][0x8b][0x12]u[0x14][0x82]C[0x15],[0x8d]-M0[0x17][0xb3][0x99][0x99][0x19]+[0x84][0x7][0xfb]!2[0xae][0xb9][0xa1][0x1]]6[0x1f][0x98][0x19][0x18][0x80][0xd6][0x9f]A[0xfd][0x85]=S[0xa2][0xd6]j[0xa6]&[0x16][0xc6][\n]"
17:11:38.728 [main] DEBUG org.apache.http.wire -  << "[0xf][0xd6]u>X[0xb7][\n]"
17:11:38.728 [main] DEBUG org.apache.http.wire -  << "TL[0xae]o[0xb0]n[0xfb][0x83][0xf5][0xbd][0x10][0xa1]%[0xa0][0xf2]s[0xdd][0xd4][0x7][0xeb][0x1b][0x1f][0xac][[0xf7]`[0xdd][0xbe][0x7][0xeb]6<X[0xdf]k[0x1d][0x93][0xf7]`]+[0xb8]8][0x7][0xd6][0xd3][0xfb]`[0xdd][\n]"
17:11:38.728 [main] DEBUG org.apache.http.wire -  << "0[0x17]$[0xab]`dfdfi[0x81][0xf0][0xbb][0xa1][0x9]}[0xa6]s@~G[0xec][\r]x[0xb6]i[0xda][0xf3][0x1d]-[0xcf][0xe7][0xf4]<[0xdd]5[0xe7][0xc9][0x8e][0xb5]Ow4=[0xdd][0xb9][0xe3]Yg[0xb7][0xb1][0x1][0xa4]1o[0xc]j[0xcb][0x1b][0x83][0xda][0xf2]O[0xe7][0xcc]:[0xb1][0xe9]e[0xf3][\n]"
17:11:38.728 [main] DEBUG org.apache.http.wire -  << "[0xe4][0xb6][0xbc][0xb1][0x9]h[0xe4][0x1b]5[0xa8][0x2]JK[0x8a]@G[0x14][0xc2][0xd2]*[0x9d].[0xf1][0x2][0xf9][0xb][0xd1][0xcf][0xb5]47T[0x88][0xc][0xc7],0[0x9e][0xec][0xe8]|[0xba][0xae][0xf5][0xe9][0xe6]m[0x10][0xc6][0xb3][0xb9][0x13][0x11]1`l[0x6][0x9a][0x90][0xa1]K[0xae][0x2][0xed][0xbc][0x86][0xa6][0xbe][0xd7][0x1b]6[0xbc]i[[0xa8][0xf0]fy[0xe3][0xab][\r][0x13][0xc0][0xa3][0x6][0xf3]V[0xbf][0xed][0xdf][0x83]Q[0xd4][0x5][0x83][0xc7][0xc]3[0x10][0xce]53[0x0][0x8d]`[0xd0][0xc7][0xb9][0x88][0xf9][0xbf]7[0xf3][0x96][0xbe]^[0xb0][0x4][0xd4]\[0xef][0x9a][0xa2][0xf0][0xb6]c[0xcd][0xeb]U[0xad][\n]"
17:11:38.728 [main] DEBUG org.apache.http.wire -  << "[0xa0]v[0xed][0xac][0x95]o[0xe6]Mx=[0x19][0xf3][0xa4]4/[0xf0]H[0xa8]KfAj^~z~Q>d|[0xc5][0xcc](&/[0x4][0xbc][0xe9]+=)1'1SG!8X[0xc1][0xdc][0xc2][0xdc][0xdc][0x12][0xe1]Acc[0xb][0xba][0xdc]=[0x9]J9[0x88]F>[0xed]K9#[0xfa][0xe5]t[0xa4][0x99];[0x1a][0x96]`[0xa8][0xf9][0xdf][0xe5][0xf0][0xca][0xb2][0xd4][0x9c][0xfc][0x82][0x82][0xd4][0xd2]"[0x85][0x14][0xf5][0xc4][0x82][0x82][0x9c][0xcc][0xe4]D[0xd0][0xb4]k[0xb1]Bn~Rf[0xe]x>[0x5]Z:[0x18][0x1a][0x83]*[0x18][0xba]$b[0xa4][0xe9][0xc0][0x1b][[0xc0]+wv&g[0xa4][0x16][0x97]`[0xd9][[0x89]^[0x84][0x99][0x80][0x9a]y[0xf4]q$[0xa2][0x8]Ci}[0xa1][0x6]1[0xa4][0xf0][0xc2]^[0x8a][0x19]Y[0xd0]-[0xd7][0x98]#[0xc6][0xe8]H[0xec]p[0x10]T[0xe]M[0x1e][0xc6][0xe0][[0xd5][0xe8][0x13][0xf2][0x88]m[0x1a][0xc4][0x16][0xc9][0xae]%[0x90][0x19]B[0xf0][0xe5]P[0x17][0x9b][0x18][0x83]V[0x93][0xd2][0xc7][0xc5][0x88]B+$[0xbf][0xb4]([0xb3]8W!?--3[0x19]K[0x82][0xe][0xf4]P0[0xb4][0xb4]T[0x0][0xb7][0xa0][0xa1][0xe]55[0xa3][0xcf]&U3[0x3][0x3][0xd0]B[0x5]hm[0xf7]f[0xc6][0xd2]7[0x1d]s0*7[0x1a][0x16]NP[0xef][0x9a][0xd0]i_+[0xc8][0xbb][0x88][0xe6][0xd5][0xd3][0xd6]5/V[0xf5]>[0xd9]3[0xeb][0xc5][0x8a][0xe]l[0xcb]:[0xa8][0xd2][0xfc][0x82][0xfb][0x90]>+[\n]"
17:11:38.728 [main] DEBUG org.apache.http.wire -  << "A>$[0xaa][0x94]B)[0xc0][0xa0][0x8e]47[0xa1]O[0xd7][0xdc][0xd4][0x2]y4![0xc8][0xcd]W[0xd7][0xdc][0xc0][0x10][0xd4][0x83]B-HS[0x8a][0x13]s[0x12]3@G[0x0][0x80]NV(N[0xce]@][0x82]n@[0xa7][0xbd][0xd0][0x16][0x6]H[0xdb][0x8b][0x9][0xed]R[0x1][0x9d]N[0x85]kC[0xb4][0xb1][0x89]9][0x9a]L[0xa6][0x16][0x6][0xa0][0xc3][0xb0][0xa0][0x99][0xda][0x1c][0xeb][0x19][0xa9]Y[0xf9][0xc5][0xa9][0x5][0x19][0x89]y[0xf9][0xa5][0xd9][0xe]9[0xa9]9[0xa9]h'e[0x1a][0x1a][0xd2][0xe9][0xdc][\n]"
17:11:38.728 [main] DEBUG org.apache.http.wire -  << "[0xb][0x3][0xd0][0xc2][0xc][0xa8]Sq[0x9e][0x1c][0x98][0x99][0x89]}[0xe5][0xa8][0xa9])}[0xba][0xa4][0xa0][0x10]E[0xb4][0xb2]A[0xdd][0xac][0x87][0xb3][0x80]n<[0xcf][0xcf]KN[0x5]]"[0x83]yD[0xae][0xa9][0x9][0xe8][0xf4]R[0xda]W> [0xc7]"F9H?[0xcc]$[0xb5]4=5/[0xd5][0xcc][0xc2]!=?/91[0xa7],[0xb5]X[0xf][0xf9][0xb4]W[0x13]C[0xfa][0xa5]bD[0x1d]J[0xf4][0xe][0xa6][0xac][0xd4][0xa2][0xfc][0xdc]T##,W]@[0xf6][0xf0][0xd1]%[0x2]@'ZB[0x13]5[0x9][0x1b][0x8f][0xc1])'[0xd1][0xd2][0xd2][0xa1],?3'[0x11]%[0xd4][0xcd][0xe9][0xb7][0x9][0x4][0xb4][0xc7][0x0][0xea]v[0xa2][0x8f][\n]"
17:11:38.728 [main] DEBUG org.apache.http.wire -  << "[0xc9][0xca][0x4][0x1f][0xc9][0xf][0xba]#'3/[0x11][0xed][0x9a]_S[0xf0])[0xf4][0xf4][0x9]w[0xc4][0xac]/[0xae][0xcd]B[0xe0]SeR[\r]M[0x1d][0x92]3[0x12]K[0xcb]RKP7[0x8f][0x19][0xd2]q5=b[0xcd][0x14][0x9][0x87][0x91]Vfa=[0x7][0x82]^[0xa7]4Z[0x18] [\r][0xfc][0xe2]8W!)1[0x1b]t7dqiybQ^>[0xa8][0xee][0xc6][0xbc][0x4][0x90]^g[0x2][[0x18][0x98]"[0xca]Bb7-[0xa4]d$[0x16][0xa5]d&[0xe6][0x81][0xce]1[0x3]]-[0x82][0xe1]|[0x13]#[0xd0][0xa1]y[0xf4]I[0xd1][0x88]2[0x10][0xf7]N[0xde][0x9c][0xa4][0xbc][0xc4][0x94]"[0xec]u[0xa4]9[0xbd][0xae])[0xb3]@[0x1e][0xb6][0xc5]u[0xc3]@Fj^Q[0xa6][0xa9])[0xd6][0xb][0x1c]LL[0xe9][0xd3];3[0xb5]0@[0xba][0x16][0x83]P[0x8b].5[0x1f]|[0xfd][0x17][0xa8]a[0x87]y[0x83][0xb9][0xb9][0x19][0xdd]Z[0xcc][0xa0][0x83]C[0xa1][0xc5]2[0xa1][0xad]+I[0x89][0xe9][0xe9][0xe0][0xc3]72*3[0x1d][0xb0][0x9c][0x95]j[0x6]Z?H[0x97][0xd4][0x8b]4[0x94]JB=[0x8]:[0xc2])[0xc3][0xdc][0xc][0xdb][0x89][0x8d][0x16][0xe6][0xa0][0xf2][0x87]>nG[0x8c]9[0x10]:`[0x1]|lx~fqjIF~nb[0xb1]CrNi[0x92].h5~Q^*[0xea]&j[0xba][0x9d]hga[0x80][0xb4][0xdf][0x6]g[0xc3]:1[0xa7]0'[0xb7]<[0xaf][0xb2][0x8]t[0x94][0x85]Cnj[0xaa]nbNF"[0xfa]i[0xcb]F[0x16]tZ[\r]ga[0x0][0x1a][0xf6][0x80][0xa6]r\[0xa7],[0x94]g[0x16][0xe7][0x95][0x82]N[0xf8]**[0xc5]y=8[0xe8][0xf8]}[0xfa]$[0x12]D[0xb7][0x0][0xf7][0xe][0xf0][0xec][0xc4][0x9c][0xbc][0xe2][0xc4]"[0x1c][0xbb]:M[0xcc][0xe9]t![0xae][0x5][0xf8][0x90][0x4]h[0xe8][0x92]v[0xfa]FyaQ[0xa5]CbNn^IZ[0xa1]^f^Z>b"[0xc0][0xcc][0xc0][0x9c]>[0xf7][0xf9]Z[0x18][0x80]f[0x80][0xa0][0xce][0xc7][0xb3]=9#/[0xa5][0xb2] 5'[0x11][0xeb]5[0x82]Ffts-[0xd2][0xf0]>[0xa8]([0x80]n[0xcc])-.[0xc9][0xcf][0xcd][0xac]JM[0x1]m~[0xc2]y?*[0xe8][0xc2][0xbe][0xc4][0xec]D#KP[0xeb])[0xbf][0x8]e[0xe0][0xc3][0xc8][0x8][0xb4][0xf1][0x99].[0xa9][0x1b]yT[0x1e][0xd7][0x19][0xbb]Y[0xc5][0xf9]y[0xe9]Xj[0x19]s[0xfa][0x1d]*[0x83][0xb4][0xd5][0x6]W[0xa1][0x91][0x94][0x98][\r]ZFQ[0x92]od[0x8a]m[0x1f][0xb8][0xa1][0x11][0xdd]v[0xad]#[0x8d][0xcb][0x13]{[0xf1]w2[0xec][0xa4]T[0xcc][0x3][0xc5][0xcd][0xe8][0xb5][0xd3][0xc2][0x0]iC[0xce]M\[0x7][0x9f]d[0x16]C[0x9b]KX[0x12][0x84][0x85]![0x9d][0xf6]^Y[0x18][0x80]66B[0xb][\n]"
17:11:38.728 [main] DEBUG org.apache.http.wire -  << "[0xdc]'E[0x16]&[0xe7][0xe7][0xe4][0xa4][0x96]8$[0xa5][0xe6][0xe5]g[0xa2]u[0x3]M[0xc1]{[0x9d][0xe9][0x93][0xc7][0x10][0xdd]@[0xf2][0x8f][0xd2]-[0xca][0xac][0xca][0xce]44[0x3][0x9d][0x8b][0x3]jq [0xdf][0x85]hf[0x1][0x1a][0xbe][0xa4][0x8f]W[0x10][0x95]![0xa1][0x16]S[0x19][0xb8]=[0x8d][0xf5][0x90]KS[0xb][0xd0]RA[0xfa]8[0x18][0xd1]7$[0xe3][0xd0][0x8e],PZ[0xcf][0xc8]72[0x3]]D[0x88]|[0xc2][0x9d][0x11][0xf8]0^[0xfa][0xf8][0x0][0xd1]=[0xc4][0xd5][0xe5]J[0xcf][0xcf]M-N[0xcc]K,.I,[0xce]L[0x5][0x8d]-[0x15]g[0xe6][0xa1][0xc].[0x19][[0xd0][0xe9][0xc]][0xb][0xe4][0xd9]&b{[0xe3][0xe9][0x99][0xb9]Y[0x99][0xb9][0x99]y[0xe]y[0x89]e[0xa9]h[0xe7][0xe5][0xd0][0xed][0xd4]b[0xb][0x3]P[0x9f][0x9]Z[0xa6][0x90][0xd6]v*[0x80][0xc]&[0x94][0xe4][0xe3][0xe8][0x9f][0x9b][0x98]X[0xd0][0xe5][0x92][0x1e][0xb][0x3][0xd0]v#[0xa8][0x17]p\e[0x92][0x91][0x97][0x94][0x3]=-[0x5][0xcb][0xd9].[0xa6][0x16][0xa0][0x83][0x99][0xe8][0x92][0xae]A[0xd7]RC[0x9d]JB[0xc7]1%1[0xb3][0xb8]2/?5[0x7][0xdb][0x8d][0xa6][0x86][0xa0]j[0x81]>[0xae]Gt[0x1d][0xc3][0x9d][0xdc]u[0x8d][0x8d]A[0xb]gP'[0xb7][0x92]@c[0xa5]X/[0xaf]05[0x3][0xb5][0x1c][0xe9][0xe3]N[0xc2][0xc3][0xa5][0x89]9[0xb9][0xe5]E[0xd9][0x5][0x90][0x3]H[0xb]A[0xa3]L[0x89][0xc5]%[0xb9]I[0xe5]9h7[0xf2][0x18][0x1a][0xd3]ik[0x8f][0x85][0x1][0xa8][0xbb][0x4]M[0x1b]8.[0x81][0x83]\[0x88][0x95][0x9a][0x9b]X[0xe4][0x90]U[0x95][0x88]Vf[0x98][0xd0]o[0xcc][0x6]t[0x88],[0xd4][0xa5][0xb8][0xcf][0xcc]-[0xc9][0xab],[0xca]J[0xc2]Q8[0x18][0xd2][0xad][0xe7]m[0x81][0xa8][0xb]qNp[0x15]%[0xa6]'%[0xa5][0x14]U[0x16]8d[0xe7]%[0xe6][0x15][0xa0][0xe][0x9d][0x1b][0xd3][0xeb]@[0xe][0xb][0x3][0xd0]"[0x1a]h[0xb8][0x12][[0x8b][0x80]o[0x8e]M[0xcb]/-[0xca][0xcb]L-rH[0xce]/.A;[0xfe][0xd9][0xd0][0x1c]4iJ[0x97]l[0x7]Z[0x1a][0x8]u>iUIEn*[0xe8]4[0x1d][0xe8][0xc1][0x82][0xc9][0xf9]([0xfd]Bc[0xfa][0x9d][0x9a][\n]"
17:11:38.728 [main] DEBUG org.apache.http.wire -  << ":y[0x5][0xea][0x1][0x1c][0x15]In^[0xb1][0xa9])[0xf6]4md[0x8][0x1a][0x15][0xa4]O@#[0x96]B[0xe0]=C7)[0xb5](/[0xb1](%[0x7][0xd4][0x13](r[0xc8]I,[0xc8]/.I[0x5][0x1d]z[0x87][0x18][0xe6]0[0xa5][0xdf]0:[0xe8]h=h[0xe8][0xe2][0x9a][0xc4]J[0xca]+[0xd7]MM[0xa9][0xcc][0xaa][0xcc]I[0xcc]s[0xc8][0xcb]HA[0xcd][0x89][0x16][0xe6]f&tjR [0xdd][0x1a]KhT[0xba]2[0xbb](=1[0x7]GAglA[0xa7][0x83][0x0],[0xc]@',B[0x83][0x17]g?[0xb6] ;/[0xa5][0xc0]!%[0xa9]2[0xb5][0x0][0xed][0x0]h[0xf0][0xed]{[0xf4]I[0xbc][0x88][0x8e]![0xa9][0xc7]>[0x81][0x92]GUeJq[0x1a][0xe8][0x12]2,[\r]9C[0xfa][0x1d]S[0xc]:/[0x1b][0x1a][0xda]D[0xcf]&g'[0x16][0xe5]&[0xe6][0x19][0x98][0x82][0xba][0xb3]I[0x99]U([0xa5][0x9c][0x89][0x19][0xdd][0x9a][0xcb][0xa0][0xa3][0x85][0xa1]N[0xc7]5[0xac][0x4][0xe9][0x2]VfZ[0x9a]`[0x19][0xf0]03[0x3][\r][0xc1][0xd3]'[0xad] [0xba][0x81]xn9J[0xcf][0xcc]MNL-O[0xcd][0xc7][0xde][0x97]2[0x1][0xe5][0xc]z8[0xd7][0x10]4<[0xf][\r]Y[0x12][0xa6][0xbe][0xab][0x12][0x93]3[0x12][0x8b]2SA[0xc7]Ob=[0x93][0xcd][0xd4][0x84]^#[0x7][0xe0][0xe5]QP[0x1f][0xe0][0xa8][0x1][0xf3][0xd3]A[0xb7]A[0xa2][0x16][0xcc]Ff[0xf4][0xea][0x82][0x80][0xc7][0xda][0xa0][0xe]$y[0xf4][0x19][0xd2][0xd8]OOK,*[0xaf]LK,[0xa9][0xc4]6[0x11]g[0x6]>[0xa0][0x87]>[0xa9][0x5][0xb1][0x92][0x19][0xe7]DVAjQnb[0x9]hkSV"h[0xcc]<[0x1d][0xb5]mdf[\n]"
17:11:38.728 [main] DEBUG org.apache.http.wire -  << ":[0xbb][0x90]>[0xae]E[0xf4][0xfd]H-[0xb6][0xc1]khJ[0x93][0x12][0xd3][0x91][0xaf][0x11]E9[0x1][0xd4][0xd4][0x94]>;[0xe5]L-[0xc0][0x9b][0xbd][0xa0][0x9][0x8]W[0x1f][0xb6][0xc]r[0x19] [0x8e]k[0x93][0xcd][0xe9]u[0xaa][0xa3]!h[0xe][0x1e][0xea]T[0xdc]G[0xab]&[0xe6][0xa4]V$[0xe6][0xa5][0x14]e&[0x1a][0x1b]:$g[0xa4][0x96]%[0xe6][0xe4][0x80][0xee]/D[0x9]_[0xb][0xb]zu[0x2][0xc][\r][0x10][0x83][0xa5]DW[0x8c][0x5]I[0xf9][0xa5]9[0x89]y[0xe9][0xa9]E[0xd8][0xc3][0xdc][0xc8][0x10][0xd4][0x1e][0xa3]O2Gt[0x17][0xc9][0x18]:M[0xcc])JK[0x84][0xb4]^![0xb7]([0xa0][0xdc][0x12]c[0x4][0xbe]U[0x93]>[0xde]@T[0x9c][0xb8][0xe7]o[0x93]3[0x8a]RK2S[0xf3][0xc0][0xf7]'[0xe4][0xe6][0x17][0xa5][0xe6][0xa0]6[\n]"
17:11:38.728 [main] DEBUG org.apache.http.wire -  << "[0x8d][0xcc][0xe9]5[0xb3]a[0x8][0xca][0xfe][0xd0][0xa4][0x8e][0xfb][0xb8]X[0xc8][0xe2][0x8f][0xe2][0xd2]tKS[0x87][0xa4][0xc4][0xf4][0x8c][0xc4][0xbc]L[0xb4]z[0xc8][0x82]N[0xc7](Z[0x18]"[0x9d]m[0x80][0xa3][0xa2][0x4][0x9d]b[0x93][0x99][0x9a]X[0x9a][0x94]ZT[0xe2][0x90][0x93]X[0x9a][0x97][0x88]6[0xb4]d[0x6]>;[0x99].[0xc9][0x1][0xe9][0x82]p[0xa2]W[0x9c]&[0xe7][0xa7][0x82]g[0xbd][0xc0][0xa5][0xb7][0x3][0xf6][0x8b][0xbb]LLA+B[0xe9][0xe3][0x5]Dm[0x89][0xbb]0,/N[0xcc]51p[0xc8]J[0xa9],[0xd6]MMJ[0xc9]@M[0x1e][0xe6][0x86][0xf4][0xd9][0xf7]eja[0x88]t[0x97]9[0xce][0xba][0x1d][0x1c][0xb0][0xc5][0xa5][0xe9]&&[0xd8][0x7][0x14]LL@g[0x13][0xd0]'p[0x11][0x3][0xa6][0xb8]*Ep[0x97] /1[0x17]R[0x8d][0xa3][0x16][0x14][0x16][0xa6][0xf4]9n[0x3][0x14][0xb0][0x88][0xde]#[0xf6][0x1d][0x0]iE[0xa9])[0xa9]E[0x99][0x85][0xa5][0xa9]E[0xa9][0xb9]X[0x9b]x[0xa6][0x96][0xa0][0x91][0x8][0xfa][0x84]+[0xa2]2[0xc4]=a[[0x9c][0x97][0x98]ka[0xea][0x0]Y[0xa1][0xa4][0x9b]T[0x8e]:@cD[0xb7][0x99]p[0xf0]qs[0xd0]B[0x18]W[0xc7][0xb0],/171[0x1d][0xeb][0x91][0xcb]F[0x16][0xd4][0xbf][0xa9][0xb][0x0][0x0][0x0][0xff][0xff]"
17:11:38.728 [main] DEBUG org.apache.http.wire -  << "[\r][\n]"
17:11:38.728 [main] DEBUG org.apache.http.wire -  << "78C[\r][\n]"
17:11:38.728 [main] DEBUG org.apache.http.wire -  << "R((-*[0xc8]/N-V[0xaa][0x8d][0xad][0xd5][0xa9]V[0xf2]tQ[0xb2][0x2]%[0x2]D[0xed][0x86][0xa7][[0x8]Y[0xb4]fl[0x80][0xbd]Oe[0x9][0xba]([0x82].[0x89][0x0][0xb4][0xc5][0x1e][0x1a][0xac]8[0xf7][0x4]e[0xe7]T[0xe6][0x96][0xe4][0x95]W`[[0xc4][0x1]:[0x17][0x8d]>[0xc3]^[0x86]H[0xb7][0x94][0xe3]Y[0x89][0x94][0x9f][0x95][0x99]Q[0x9a][0x87][0xa3]J02[0xa0][0xd7] [0x9d]![0xa8]W[0xc][\r][0xd8][0xd7][0xeb]w[0xbc][0xe9][0x98][0x89][0xb1][0xc5]/-[0xbf]49#[0xb5][0x8][0x92][0x12][0x1c]RJ[0xb][0xf2][0xf3]JP[0x8b].33[0xba][0x15]][0xa0][0xb5][0xd5]P[0xe7][0xe2][0x9a][0xd3][0xce][0xcd][0x5][0x9f][0x85][0xe7]P[0x92]_T[0x94]Z[0x8c][0xea]R[0x13][0xb][0xd0][0xe][0x6][0xfa][0xa4]XD_[0xf][0xc7]LTViNj[0xb1][0xa5][0xa1]CQ~JQfz)[0xda]^[0x1a][0xb][0x3][0xba][0x95][0xb0][0xa0][0xed][0x87][0xd0]@[0xc5][0xb1]l[0xbf]$[0xd3]![0x1d]46[0x94][0x9e][0x99][0x9b][0x8f][0xde][0x1e][0x0][0xdd]^N[0x9f][0x10]ET[[0xb8]*Xpc++3/)1[0xd5]!#1/=3[0x17][0xd5][0xb5][0x86][0xe0][0xa3]^[0xe9][0xe3]ZD[0xb5]u[0x3][0xd7][0xed]q%[0x95][0xa9]%[0xb9][0x95][0xb9][0xa0][0xd5][0x93][0xe9]EI[0xe8]M[:[0x9d]*dja[0x88]t%[0x18][0xa1][0xc5]9[0xf9][0x89]9y[0x85][0x95]IX[0xcb]Xc[0xfa]%[0x5]D[0xe5][0x85][0xbb]k[0x96][0x4][0xba][0xa9][0xaa][0x12][0xde][0xb7]OuH/[0x5][0xdd]uW[0x9a][0x9b][0x8a][0xb2][0xc2][0xc5][0xc2][0x1c]tm[0x17]][0xd2][0x4][0xc8]"hF#mr[0xaf] #3'[0xb3][0xa0] [0xb5] [0xb5][0xa8][0x8]4G[0x99][0x9]^U[0x9e][0x8a][0x9a][0xb8]M[\r]AW[0xaf][0xd3][0xc7]#[0x88][0x9d][0xd2]8w[0x9e][0x80][0xae]\*[0xc9]H[0xcd]O[0xc9]/J[0xc5]6JhjajL[0xa7]*[0x19][0xb4]4[0x5][0x1a][0xee][0xb8][0x9b][0x90][0xa0][0x1][0xe4][0x9c][0xd4]b([0x5]Z[0xb][0x85][0xbe][0xcf][0xce][0x9c]^[0xb7][0xa9][0x18]"[0x9d][0x8]G[0xc2][0x12][0x97][0xc4][0xa2][0xca][0xc4][0xbc][0xcc][0x9c][0xd2][0x9c][0xd2][0xc][0xd0][0xd6]$[0xf4]][0xd1]F[0x86][0xf4]s?b[0x4][0x8]g[0xd7][\r]R[0x90]$[0xa6]TbY[0xb9]j[0x2][\n]"
17:11:38.728 [main] DEBUG org.apache.http.wire -  << "[0x0][0xfa][0xa4]dbJ[0x92][0xac][0xcc]D#s[0x8c][0xb]&M[0x8c]Ak[0xa0][0xe9][0xe2]J[0xd0]2Mh[0x2][0xc6][0xd9][0xfc]M,-J[0xcd][0xc9]L[0xb5][0xb4][0xc0][0xb6][0xc0][0xc9][0x9c]n[0x8b][0x98][\r]AG[0xae]@[0xdd][0x8a][0xa7][0xfd][0x9b][0x94][0x93][0x9f][0x97][0x92][0x9a][0x93][0x9b]X[0x94][0x9e]_[0xe2][0x90]T[0x94]Z[0x92][0x8f][0xba][0xf0][0xd0][0xc2][0x14][0xb4][0x96][0x87]>[0xa1][0x8b]X[\n]"
17:11:38.728 [main] DEBUG org.apache.http.wire -  << "@`[0xc7]W&h[0xf1]}f^j[0x95]CqZ[0x11]J-bhD[0xaf]][0xf1][0x86]H[0xb7]W[0xe3]j[0x3]ge[0xe6]%[0x96]g[0x9a][0x9b][0x80][0x8a][0x81][0xf4][0xfc]2[0xc4]R[0x5][0xb]cz- 34A4[0x80][0x88]][0x88][0x3][0xde][0x98][0x96][0x99]cd[0xe4][0x90][0x9e][0x9f][0x9e][0x99][0x8b]62ihniD[0xa7][\n]"
17:11:38.728 [main] DEBUG org.apache.http.wire -  << "[0x3]49[0xb]M[0xc3][0xb8]z[0xf1][0xa0][0xf1][0xb1][0xd4][0x9c]\[0xdd][0xc4][0x9c][0x94][0xca]<l[0xcd]!#CP[0xbb][0x9a].[0x9][0x18]ig[0x14][0x8e][0x81][0xd4][0xdc][0xcc][0xbc][0xe2][0xd4]|P[0xb3][0x18]s[0xa3][0xa2][0x89][0x5]h[0xce][0x95]>[0xe]E[0xd4][0xb][0x84][0x96][0x84][0x14][0x95][0xa6]d[0x82][0x96]O'f[0xe4][0xa3]u9[0xcc][0x8c]A[0xa3][0x1][0xf4]q/[0xa2]v [0x1]~RbQ>h[0xf]nfj[0x1e][0xe6][0xfd]w[0xe6][0x96]t[0x9b][0xf6]EZ[0xa5]LB[0xa3][0xa2][0xb8][0xac][0xb0]2[\r][[0xfa]64[0x4]mW[0xa1]K4 -N[0xc6]=[0xb3][0x91][0x98]SX[0x92][0x94][0x93][0x98][0x9b][0x88]}$[0xd8][0xd0][0x18]T [0xd1][0xc7][0xb9][0x88]av[0x9c]K;3*[0x13][0xf3][0xd2][0xf3]*s[0xb1];[0xd6][0xd8][0x90]^[[0xd1][0xc]A[0xd7]/B[0x8b]:[0x1c][0x9d][0xff][0xcc][0xc2][0x94][0xc4][0xd4][0x2][0xcc]V[0x9a][0xb9]%[0xbd][0xae][0xb9]3[0xb4]@[0x8c][0xad][0xe3][0xee][0xef][0xe5]%[0xe7][0x17][0xa5][0x80]zG[0xa0][0xe9][0xdb]T[0xd4]N[0x9e][0x99][0xa1][0x1][0x9d][0xce][0xd7]1[0x4]5[[0xa0][0x1][0x8a][0xa3]0[0xae][0x0][0xd5][0x19]f[0x96][0xd8]:E[0xe6]t[Cf[0x88][0xb4][0x0][0x99][0xe4]U [0xe0][0xd5]oE[0x19][0x95]i[0xe][0xc5][0xe5][0xb9][0x95]E[0x5][0xba]Iy[0xe5]h{?M[0xcc]@[0x91]F[0x97][0xfc][0x6][0x9a][0xd8][0x86][0x86]8[0xae][0xda]:9)[0x1f]t[0xa0][0x7][0xe6][0xc9];[0x86][0xa6]t[0xeb]j[0x80][0x96]PA[0x9d][0x89]g[0xc4][0xbd](1[0xb3]8[0xd1][0xc2][0x0]{[0xb9]`nB[0xb7][0x91]V[0xd0][0xa6]G[0xa8]kq[0x8d][0xb6][0xe5]'[0xa7]&[0xe6][0xa5][0x1a][8[0xa4][0x83][0xae][0x5]B[0xdb]&gH[0xb7][0x3][0xc3][0xc][0x91][0xd6][0x11][0xe2][0x1c][0x8d][0xc8]O[0xcf]J45[0xc1][0xd8][0x8d][0x5][0x9e][0x83][0xa6]O"E4}H[0x1b][0xfb][0xc9]*[0xcd][0x3][0xcd]r[0xa6][0x9b]Y /[0xfd]A[0xd9]SfN[0xb7][0xa1]b[0xd0]1U[0xd0]T[0x81]c[0xba][0xa0]2[0xb5]()1[0xa7]()1[0xc9][0xa1][0xa2],5[0x17]u[0xfc][0xdd][0xdc][0x0]T[0xea][0xd0]#[0xbc][0x8d][0xc][0x10][0x95]0[0xee]*[0xa3]25+[0xd3][0xc0][0xcc][0x1]K[0x9b][0x98]n[0xf7][0xce][0x82][0xcf]7[0x87][0x6])[0xae]%[0xdd]9[0xa0][0xbe]}^r[0xaa][0xa9]9[0x96][0xa3][0xab]LLL[0xe8]T[0xb5][0x19]!-[0xd8][0xc0][0x1d][0xa6]e[0x99]E[0xe9][0x99]y[0x99][0xa9]9[0x89][0xa0][0xb][0x9f][0xf3][0x8b]@k[0x92]P[0xba][0xca]fftK[0x4][0xa0][0x8e][0x2]4l[0x9][\r]l[0xe7][0xe6]&&[0xa7]b_:enD[0xaf][0x95]_FH[0x93][0x87][0xc4]v[0x9a]K[0xf3][0xd2][0xd3]Ks[0xc][0xcd][0xb0][0xd7][0x18][0xc6]&[0xa0][0xf3]l[0xe8][0x92][0xe3][0x90][0xe6][0xe6][0xf0][0xee][0xa8][0xc8]*[0x5]M%[0x99][0x19]:[0x80]n[0xf2]A[0x1d][0xc2]63[0xa7][0x9b]k[0x91][0xc6][0xe2]q6[0xd2][0xb][0x13]s2r[0x12][0xb][0xc1]M_[0x94]Uh[0x16]F[0xf4]Z[0x5]c[0x4][0x1a][0xd3][0x87]&a<[0xc3]i[0x99][0xd0]S[0xd6][0x1c][0x90][0xe][0x98][0xcc]K-A[0x1a][0xf8][0xa1][0xdb][0xba][0x1d]#P[0x83][\n]"
17:11:38.728 [main] DEBUG org.apache.http.wire -  << "[0xea]b2[0x96][0xff][0x15]g[0x94]'[0xe6][0x19]Y`O[0xcd]&f[0xf4]:[0xdf][0xc2][0x8][0xb4][0xb4][0x1][0xea][0xb][0xd2][0xea]k[0xd8]\[0x8d][0xa1]1[0x96][0xc2][0xda][0xc8][0x92]ne[0x1f][0xa8]s[0x6][0xf5][0x0][0xf8][0xd0][0xec][0xf5][0x18]3[0xfb][0x89]9E[0x89]iE[0xe5][0xa9][0x5][0xe][0x89]9U[0xb9][0x89][0xb9][0x95]E[0x95][0xe0][0x86]<[0xca][0xb2]Ws[0x3]P[0xf3][0x8a].[0x5][0x8](n[0xa1].[0xc6]U[0x13][0xe6]e[0xe5]Ve[0x14]%[0xe6][0xc1][0xa6]LuS[0x13]s[0x8b]P[0xdb][0x18][0x16][0x6][0xf4][0x1a][0xce]2B[0x1a][0x96]'T[0xbd]$[0xe5][0x97][0x96]d[0xe6]A7[0x93]aK[0x18][0xa6]t+Q[0x90][0x6][0xe8]I?[0x1]4;#'1//1[0xb]t[0xe4]OEIe[0x12]j[0xf9]ml[\n]"
17:11:38.728 [main] DEBUG org.apache.http.wire -  << "[0xaa]q[0xe9][0x92]X@[0x9b]_[0xa1][0x89][0x5]W[0xa7]/1'#%17[0xaf]2[0xcd][0xa1]0[0xa3]$1[0xf]3m[0x1b][0x99][0xd0]k[0xf0][0xcd][0x8]i[0xd0][0x1e]o[0xe5][0x98][[0x9e]V[0x98][0x9a]W[0xec][0x0][0xd9]i[0xaf][0xb][0xda]b]\^[0x8c][0x1a][0xca][0xe6]F[0xf4]j[0xef][0x1b][0x81][0xe][0x80][0x86]2[0xee][0x16]_6h[0xe2][0xd1][0xd4][0x10][0xdb] [0xa1][0x85]1[0xa8][0xcd]H[0x9f][0x4][0x81][0x18]#"ax371[0xa3](1'[0xb1][0x1c][0xc7][0x1]\[0xa6]t[5o[0x84]t[0xd8]1i[0x15]Nzb^zqf)[0xb6][0xe1]$#[0xb]:[0xdd];la[0x4]:{[0xf][0x9a]RH[0xd8][0xb7][0x95][[0x94]XUY[0xa8][0x9b][0x98][0x93]TX[0x9e][[0x9c][0x98][0x95][0x82][0xd5][0x17]F[0xa0]n'][0x12][0x11][0xd2][0x89][0xa0][0xb8]F=@[0xa7][0xa6][0x9a][0x18]:[0x14]d&g[0xe4][0xe7][0xa1][0xe6]Lc[0xf0][0x5]][0xf4]q)5[0xa6]&r[0xf3]J[0x8a][0x8b][0x8c]q[0xac][0x9d][0xb6][0xb0][0x0][\r][0xac][0xd1][0xc5]3H[0x97]:[0xe1]l[0x8c][0x17]d[0xe4]'[0x16][0xa5]&[0x96]:@[0xb6]b[0xa3][0x6][0xbc][0xa1]1ht[0x8d]>n%b[0xed]Kvbe[0x8a][0xa5][0xa9]CbR[0xb9][0x1e]J[0xbf][0xc1][0x1c]<VE[0x1f]g"&[0xb5]q[0x8c][0xeb][0xa7]Tf[0xe3]8[0x17][0xd6][0xc2][0x8c]n[0xdd]0[0xd0]~h[0xb1]A[0xf2](tZf1hejbiziqI[0xaa]CJ&h[0xf4][0x1f]m[0xe5][0xb7][0x19][0xa8][0x9f]G[0x9f][0x0]G,[0xf8][0xc4][0xb9]w[0xbc]$9?'[0xb1][0xd8][0xa1]$5'[0xd5][0x8]eL[0xc4][0xd8][0x10][0x94][0x5][0xe8][0xe2]NP[0x93][0x7][0x1a][0xe2][0xc4][0xe]1$[0xe5]U[0xea]&U&[0x96][0x14]'[0xe6][0xe2]H1[0xe6][0xf4][0xba][0x14][0xdb][0x2]|+[0x19][0xd4][0xfd][0x4]Vk[0x80][0xb6][0xba]g$[0xe6][0xe6][0xe6][0x15]cYcda[0x8][0xea] [0xd1]'[0xc4][0x11]+!p[0xae][0xde][0xc9]K-K--H,[0x5][0xdf][0xf][0x90][0x94]_Z\X[0x9a]Z[0x82][0x9a][0x96]-[0xa8][0x1b][0xc6][0x0][0x0][0x0][0x0][0xff][0xff]"
17:11:38.728 [main] DEBUG org.apache.http.wire -  << "[\r][\n]"
17:11:38.728 [main] DEBUG org.apache.http.wire -  << "53A[\r][\n]"
17:11:38.728 [main] DEBUG org.apache.http.wire -  << "J[0xcc][0xc5][0xb9]9[0xc0][0x8][0xb4][0x5][0xc][0x1a][0xc6][0xb8][0xaa]A[0xc8]-[0x11]9[0xa5][0xc9][0xe][0xb9][0xf9]Ee[0x89]h[0x15][0xa1][0x99]9[0xa8]oD[0x97][0xd0]E[0xba][0xa4][0x86][0x8c][0xe1][0x6][0xd0][0xb1]5[0x90]#[0x81][0x1c][0xb2][0xaa]*[0xf3][0xd0][0xd6][0xe0][0x9a][0x9a][0xd1]k![0xbe][0x11][0xd2][0xec]<[0xc9][0x5]!x_QFe&[0xe8][0xe0][0xbc][0xac][0xc4][0xbc][0xf4][0xf4][0xcc][0xdc][0xf4][0xf2][0xc4]t=[0xe4]I[0x2][0xb]K[0x90][\r][0xf4][0x89][0x11]D[0xd5][0x83]s>[0x6][0xb4]6[0x1b][0xdb][0xb9][0x8][0xe6][0xa0]q[0x17][0xfa][0xb8][0x12]Q^[0xe3]^[0x14][\n]"
17:11:38.728 [main] DEBUG org.apache.http.wire -  << "[0x9a] H[0xcf]wH[0xce]O[0x5][0xad]%G[0x19]Q3[0x6][0x1f]HL[0x1f][0xa7]"[\n]"
17:11:38.728 [main] DEBUG org.apache.http.wire -  << "[0x10][0x12][0xda][0xd6][0xe5])[0xe5])[0x86]f[0xe][0x89]9)9[0x95]h[0xeb][0xe0]M-[\r][0xe9]t0[0xaf][0x11][0xd2][0xd9]Q[0x84][0x96][0xfc][0x94][0x81][0x16]l'[0xe6][0x95][0xa4]$[0x82][0xa6][0xf][0x1c][\n]"
17:11:38.728 [main] DEBUG org.apache.http.wire -  << "RK2K@[0xab][0x88]QjJC#z[0xad]27B:J[\n]"
17:11:38.728 [main] DEBUG org.apache.http.wire -  << "[0xe7][0x10]C^j)he[0x15][0x8e][0xe1]JSz[0x9d]\c[0x84]tn[0x14][0xae]E[0x81][0xa0]~"[0xec][0x8c][0xf][0xec][Q-LA[0x7][0xb9][0xd2]#I[0x1b][0x83]VKBk[0x18][0x1c][0xcd]S[0xb0]sK[0xf3][0xb2][0x12][0x1d]@[0xac][0xc4]<[0xd4][0xd2][0xcc][0x8][0xb4]n[0x85]>.E[0x94]f[0xd8]wKf$[0xa6][0x96][0xe6][0x99][0x18]b;[0x83][0xd2][0xc8][0x8c]^[0xfd]oc[0xa4][0xf9]N[0xbc][0x3]L[0x5][0x99]y%[0xa0]#[0xac]@7<e[0xa6]:$[0xe5][0x97]V[0xa6][0x97][0xa4][0xe6][0xa0][0xe4]1sS[0xd0][0xb1][0x9][0xf4][0x9]]D)LB[0xd1][0x96]S[0x9e]S[0x99][0x98][0x9d][0x93][0xe4][0x90][0x94][0x8d]v[0x82][0x9f][0x99][0x5][0xbd][0x96][0x9d][0x18][0x83][0xb6]jB[0x93]0[0xb1][0xa7]5g[0x14][0xa4][0x16][0x95]d[0x96]g:[0x94][0xa6][0xa0][0x9c]\dhdL[0xa7][0x83]>[0x8d]A[0xb]H[0xa0][0xae][0xc6][0xd9]MI[0x2][0xb5][0x9c][0x8b]S[0x1c]J[0xd0][0x9a]CF[0x6][0xa0][0xd3][0xdd][0xe8][0x92].[0xc][0x11][0xc3][0x1b]$7[0x87][0x12]sJ[0x8a][0xb2]r[0x13][0xf3]t[0x13]s[0x8a][0x13]s2[0xca][0xd3][0x12]+[0xb1][0x8d]M[0x1a][0x9a][0xd0][0xeb]N[0x11][0xf0][0x82]UX[0xa0][0xb7][0xde]X[0xb3][0xeb][0xc6]F[0x85][0x1b]+n[0xb6][0xdd]l[0xc6][0x98][0x94]I[0xcf][0xcc]M-[0xcd][0x3][0xb7][0xe8]@[0x7]4[0x80][0x9a][0x1d]([0xf3]1[0xc6][0x6][0xf4]:L[0xd3][0x18]i2[0x1a][0xe7].[0x8e][0xec][0xa2][0xca][0xdc][0xd4][0xe2][0xca]"[0xd0][0x84]L9[0xc6]H[0xb5][0xb1][0x19][0xbd][0xba][0xb5][0xc6]H[0x1b]Y[0x9][0xb5]3[0xc0][\r][0x8b][0xe2][0xd2][0xe2][0xc4][0xbc][0xbc]T[0x87][0xa2][0xd2][0xcc]*[0xd4][0xb1]$#[0x3]#:-[0xa8]0F[0x9a]2[0xc7][0xbd][0xb0]5%[0xbf][0xb2]4[0xcf][0xc0][0x0]c[0xff][0x89][0x11]x[0xa6][0x95].[0xb9][0xd1][0x8]QJ[0xe3][0xd8][0xcc][\n]"
17:11:38.728 [main] DEBUG org.apache.http.wire -  << "[0x9d][0xd9]JJ,J[0x2]W*[0x90][0xfe]+[0xca][0xe5]p[0xe0].[0xe]}[0x9c][0x8b][0x98][\n]"
17:11:38.728 [main] DEBUG org.apache.http.wire -  << "[0xc0][0xb3][0xd2].[0xbb]<3[0xf]|[0xb][0x15][0x96]S[0xf0]LM[0xe9]5n[0x4][0xde]4[0x9]-[0x1b][0xf0]L[0xf0]'[0xa6][0x14]e[0xa6][0xe6][0x19][0x99]b[0xdd][0x88]odA[0xaf][0x9d][0x11][0xc6][0xa0][0xac][0x1]u-[0xee]#D[0x12][0xb]J[0x8b][0xca][0x13][0xf3]J2A[0xfb]OPJ/##z[0x1d][0xd1]g[0xc][0x8a]@[0xa8]K[0xb1][0xb7][0xdb][0xd2][0x13]+[0xb3][0x12][0x93][0xb]KS[0x8b][0x1d]2RA'[0xcc][0xa0][0x16][0x3]ff[0xf4]::[0xc4][0x18]i[0x8d][0x7][0xce][0x82][0x16]r[0xf0]ZQFe[0xae][0x89][0x91]CnF[0x16]h[0xe6];[0x7][0xed][0x4]J#Sz[0xed][0xee][0x1][0xdf])[0x7][\r]]B[0xc5]-[0xb8].+.55[0xc5][0xb2][0xce][0xce]"
17:11:38.728 [main] DEBUG org.apache.http.wire -  << "[0xd8][0x1c]t[0xd6][0x15]][\n]"
17:11:38.728 [main] DEBUG org.apache.http.wire -  << "[0x5]Pe[0xf]u1[0xce]C[0x8c][0xc1]ghUB[0xfb][0x9f][0xc9][0x89]EEh[l[0xcd]LMM[0xe9][0xb4][0x5][0x9]4[0xe][0x2]u.[0xde][0xf6]<x[0xcf]TV"h[0xe8]'3#[0x15][0xb4]m[\n]"
17:11:38.729 [main] DEBUG org.apache.http.wire -  << "5[0x19][[0x18][0x83][0xba][0xb1][0xf4][0x8]aCP~[0x81]:[0x19]g[0x8][0x17]$[0xe6]d%[0x15][0xe0][0xe8].[[0xd0]k[\r][0x84]!Rb [0xb6][0xed]^P[0x94][0x98][0x97]X[0x92]X[0x9e][0x99][0x95]X[0x9])[0xdb]J[0xf4][0xd0][0x8e][0x12]4[0xa5][0xdf][0x96]}[0xd0][0xe0]54[0xac]q[0xce][0x98][0x95]$[0xe6][0xa5][0x97]VB[0xe][0xe2]Ku[0xc8]IL.[0xca][0xcf][0xac]@M[0x1d]&[0xf4][0xdb]S[0x87][0xb4][0x94][0x80][0x8c]q[0xda]J[0xd0][0xb8][0xa6]C&[0xc6]8[0xb3])([0xd1][0xd1]%u[0x83][0xd6][0x80]BC[0x1c][0xc7][0xd2][0xe7][0xa2][0xc4][0xca][0xdc][0xfc][0xbc][0x14]3K[0x7]p'[0x1b][0xa5]KmH[0xb7][0x85][0x4][0x86]H[0xb][0x9][0x82][0x12]s[0x13]1z[0x18]y[0xf9]e[0x99]%[0x89][0xc5][0x89]E[0x99][0xe9][0x89][0xb9]I[0x99]E86L[0xd1][0xef][0xe6][0xf]CP[0x9b][0x0][0x1a][0xb4][0x4][0xd7]Q%fg&[0xa6]d"[0x1a][0x18][0xa9]E[0xa5][0xb9]z[0x98][0xb7]p[0x9a][0xd1]oo6[0xa2][0xa7][0x8a]s[0xb4][0xbb][\n]"
17:11:38.729 [main] DEBUG org.apache.http.wire -  << "[0xb4][0xca]$[0xb7]4[0x7][0xb4]?[0x1f][0xd4][0xf7]G[0xbb][0xb6][0xcb][0xc4][0xd4][0x90]^[0xd5][\n]"
17:11:38.729 [main] DEBUG org.apache.http.wire -  << "[0xe8][0xac]ShP[0xe3]<[0x96]$)1=[0x17]Z[0xad]8[0x80]*[0xef][0x8c][0xfc][0xbc]t[0xd0][0x18][0x1c][0xea]:;[0x13]#[0xba][0xd5][0x85][0xa6]HS[0xee][0xb8]n[0x84]/.M[0xca][0xcc]KN[0xc4][0xb6]~[0xc4][0xdc][0x98]n'M[0x80][0x8e][0xf2][0x83][0x6]/[0xa1][0xc9][0xc9][0xfc][0xa2][0xc4]\[0x13]K[0x1c]'@[0x99][0x9a][0xd2][0xad][0xd6][0x6][0x85][\r][0xd4][0xc9][0x99]y%[0xa9]$[0xdd]E[0x97][0x98][0x97][0x98]Y[0x9c][0x9e]_\[0x9c][0x9a][0x93][0x99][0x87][0xb5]kbf[0x0]:[0xc6][0x8f].[0x5]4[0xe8]h'[0xa8]Gp6?R[0x13][0xb3][0xd3][0x12]sR[0xb2][0x12][0xf3][0xb0][0xe][0x9]Y[0x98][0x81]z[0xe4][0xf4]q-[0xa2][0x8f][0x8a][0xb3][0x2]O[0xaa],*/[0xa9][0xcc]([0xce][0xc3][0xbe][0xc3][0xdc][0xcc][0xc]t[0xf1]+}\[0x8b]8{[0x9][0xc7]b[0xe2][0xc2][0xe4][0xfc]T,+[0xfa]M[0xcd][0xe8]WJ f[0xc9][0xb0][0xd6]{[0x99][0xb9][0x99][0x90][0xd3]OA[0xe3]jIh[0xd3][0xa3]F[0x86][0xa0][0xe4]C[0x9f][0xb0]D[0xec][0x4][0xc3][0xd3][0xe1][0x7][0x8f]O[0x95]d[0x96]$[0x96][0xa6]ef[0x83][0xea][0xc][0x8c]:[0xce][0x14]\[0xd3]S[0xcd][0xc9][0x0][0x0][0x0][0x0][0xff][0xff]"
17:11:38.729 [main] DEBUG org.apache.http.wire -  << "[\r][\n]"
17:11:38.729 [main] DEBUG org.apache.http.wire -  << "5CB[\r][\n]"
17:11:38.729 [main] DEBUG org.apache.http.wire -  << "[0xc2][0xb3][0x1e][0x0][0xbc]w[0x0][0x9a][0xb5]H[0x18][0xa5][0x87][0xb4]<a[0xc7][0x9b]U9[0x94][0xa4][0x82][0x96][0xeb][0xa0].j0502[0xa7]S[0x8f][\n]"
17:11:38.729 [main] DEBUG org.apache.http.wire -  << "4[0x14][0x9][0xf5][0x4][0x81][0xb2][0x19]\[0xf9][0x81][0xf6]!d[0xe5];$%[0x82][0xa6]~[0xc1][0x7][0x8b][0xa1]6[0x9d][\r][0xe9][0xb6]0[0xde][0x10][0xb4][0x1a][0xb][0xea]r[0xf2][0x8f]!H[0x3]/[0x87][0xc6]V?Z[0x98][0x98][0xd2]i6[0xd8][0x10]T`A}B[0xc2]"[0xdd][0xf2][0xcc][0xa4][0xfc][0xf2][0xfc][0xa4][0xc4][0xf4][0xc4]bl[0x3][0xf9]FF[0xe6]t[0x1a][0xb0][0x5]_O[0x3]u?[0xa1][0x96]*xe+[0xe8][0xc]][0xf0]E,X[0xc6][0x18]ML[0xe8][0xe7]l[0xc4][0xf8]-[0x8e][0xe2];[0xa5]27[0x3][0xbc][0x0][0x6][[0x2]1[0xa7]_[0xb5][0x8][0x9a][0xdc][0x80][0x6]0[0xc9][0xad][0x91][0xe2][0xdc][0xf2][0xdc][0x8c][0x9c]J[0xac][0x97][0xfb]Z[0x18][0xd2]kA[0x92]!h[0xc][0xe][0xea][0x5][0xdc]C[0xa4]E[0x95][0xb9][0x89]y[0x89]9[0xa9][0xe5][0x89]U[0xb9][0xd8][0x82][0xdc][0x88]~C[0x9][0xa0][0x9e][0x12][0xd4][0xbd][0xb8]'!@[0x7][0x98][0x98][b[0xcb]}[0xc6][0x6][0xa0][0xb9]:[0xba]TCH[0x97][0xf9][0xe2][0x98][0x86](N[0xcc][0xc9][0xcc]M[0xcc]((-.[0x0][0xf7]p[0xb1][0xf]4[0x19][0x99][0xd3]k][0x6][0xf8][0x8c][0x14]h[0xe0][0x12]}[0x94]j[0xa6]Cq~^V>[0xa8][0xef][0x85][0xd6][0xe7]2[0xa6][0xd7]z[0x2]C[0xd0]J[0x10][0xa8][0xc3][0xc9][0x19][0xae]I[0xcd]*[0xcd][0xb3]4[0xc1][0xd2] [0xb4]0[0x3]M&[0xd1]'[0xb9] [0x9a][0xd8][0xc4][0xae]t-(J[0x4]U5[0x96][0x16][0xa0][0x99][0x8b][0xdc][0xcc][0x1c][0xc4][0x6]JsS[0xba]u[\r]@g[0xbf]@[0x83][0x1e]O[0x3][0xb1]*[0x13][0xcb][0xfa]9#Kzm[0xc0]2[0x4]e![0xa8]+[0x89]>[0xf]?[0xbd]$-1/[0xab][0xb8][0xbc][0x8][0xbc][0xa5][0x16]u9[0x9d]1hG[0x17]}[0xd2][0x5][0xa2][0x1]Nh[0xee][0xa2]8[0xb3](5=[0xb1](;1[0xb9]4/[0x1d][[0xe9]ga[\n]"
17:11:38.729 [main] DEBUG org.apache.http.wire -  << "[0xda]NG[0x1f]g#[0x6][0x9a][0x8][0xb4]_3[0x8a]+[0xf3][0xa0][0xe3][0xec][0xb9][0x95]Ez[0x99]yi[0xf9][0x88][0x84]la[0x8]:N[0x89]..FZ[0x9a]K~[0xbb][0xb5]01';)1[0xa9][0xd2]![0xb7][0xaa](51[0xaf]R[0x17][0xbc][0x5][0x11][0xcd]S[0xa6]t[0xdb][0xe6]n[0x88][0xb4][0xa0][0x91][0xd8][0xa9][0x83][0xca][0xc4][0xa2][0xc4][0xc4][0x9c][0xc2][0xa2][0xac][0xf2][0x9c]J[0x87][0x8c][0xca][0x1c][0xdd],[0xf4][0x8b]GM[0xcd]A[0x3][0xfa][0xf4][0x89][0x14]D2"[0xa1][0x9][0x9e][0x6][0xed][0x8f]b[0xcb][0x3][0x86]t[0xdb]qk[0x88][0xb4][0xcc][0x91][0x84][0x8e]hVqbnq~[0x9e]CR~%[0xfa]-[0xd1]F[0xe6][0xf4][0xda][0xa0][0x8][0xbe]$[0x12]V`&[0x16][0xe5][0x83]V[0xfa]c[0x8c][0xcd][0x83][0xfb][0x99]Y[0x99]y&[0x96][0xd8][0x96][0x13][0xd2][0xf3][0xb0]"[0xc4][0xaa]G[0x2][0x85]MVb^ibQqfn~[0x1e][0xf6][0xd6][0x96][0xa1][0x19][0xa8][0xdd]F[0x97][0xb4][\r][0xda][0x17][0xb][\r]bB[0xdd]3[0xd0][0xd5][0xe1][0xe0][0x83]([0xb0][0xb5][0xbe]M[0xe9][0xb7]o[0x12][0xb4]Y[0x1d][0xea]dR[0xef][0x4][0xcb][0xca]L-[0xcd][0xb3]0[0xc0]6[0xad]nB[0xaf][0x85]z[0xe0]cO[0xa1][0xee][0xc7][0xb9]v![0xb7](1[0xf][0xb2]~![0xa7][0x4][0xfb]a[0x82][0x16]tt0"ec_[0x17][0x2][0xde]F[0x91][0x94][0x98][0x9e][0x94][0x98][0x9e][0x9c][0x8f][0xb6][0x0][0xc0][0xc8][0x80]^[0xad]W#[0xd0]a[0xcd][0xd0][0x80][0xc5][0xb1]B:[0xbf]([0xcd][0x1]2D[0x8c]V[0x1b][0x9a][[0xd2]m[0xe7][0xa6][0x1][0xa2][0x8d]M[0xa8]-[0x95]Z[0x9a][0x7][0x19]5[0xb6][0xc4][0x92]d[0xcd][0x8c][0xe9][0xd5][0x90]2[0x2]-n[0x86][0x86],[0x8e][0x13][0xfa][0xa0][0xdd][0x0][0xd0][0xa2][0xab][0xc4][0xbc][0xe2][0xca][0xc4][0xc][0xac][0xd5][0x9e]%[0xbd][0xe][0xc0]4[0x2]-[0x92][0x81][0xba][0x18]w[0x17]=[0xbd]([0xbf]8[0x11]t[0xea][0x12][0xb6][0x12][0xcd][0xc2][0x84]^=G#[0x90]EP[0xc7][0xe2][0x98](O[0x82]\)[0x2][0x9e]=[0xc2]vZ5[0x1d]wC[0x82][0x8e][0x85][0x84]:[0x16][0xc7][0x90]B:[0xf8]Bp[0xec]7?[0x9b][0x99][0x82]N[\n]"
17:11:38.729 [main] DEBUG org.apache.http.wire -  << "[0xa6]G[0xd5]f[0x84]t[0xfd][0x18]Y[0xfd][0xf1][0xfc][0xbc]t[0xd0][0x88][0xb6]%[0xe8][0x14]9[0xb4][0x81]l[0xba][0x9d][0xff]k[0x84][0xb4]d[0x1e]{[0xd9][0xb]9[0xba][0xb3][0xb8][0xb4][\n]"
17:11:38.729 [main] DEBUG org.apache.http.wire -  << "[0xbc]6[0xb7],?[0x13][0xed][0xc]~[0x13][0x13][0xba][0xed][0xfe][0x1][0xcd][BS[0x6][0xc9]#[0x91][0x19][0xa9]9[0xa9]y[0xa9][0x89])[0x89][0xb9][0xe][0x90][0x13][0xc3]QC[0xdc][0xcc][0x0][0xb4][0x98][0x84]>[0xc9][0x6]Q>[0xe3][0xda][0xc9][0x99][0x9e][0x9f][0x95][0x99][0x97][0x91][0x8f]e4[0xc1][0xdc][0xc][0xb4][0x96][0x84]>[0xee]DL0[0xe2]\E[0x91]T[0x9a][0x92][0x99][0x9b][0x98]W[0x94][0x99]R[0x9e][0x98][0x7][0xba][0x0][0x1a]cJ[0xcc][0x10][0xbc][0xb0][0x8b]>[0xe]F[0xcc]6[0x92]v\GYbnQbNZI%h[0xe]:1'#[0x1b]mo[0x9e][0x5][0x1d][0x93]8b [0x4]GI[0x9d][0x97][0x98][0x96]jl[0x8c][0xad]B1[0xa7][[0xc7][0xc9][0x8]4[0xbe][0xc][0xcd][0x89][0xe4][0xf]#[0xa4][0x81][0xcf][0xac]u[0x0][0xf][0xb9][0xe7][0x14][0xa2][0xe6]Gs3z[0xad][0x9f]6B[0xda][0xa6]@[0xfa][0xe1]K[0xb9][0x89]E)[0x19][0x99][0x95][0x89][0x19]Y[0x89][0x99]9[0xa0][0xc][0x90][[0x89][0xb2][0x8d][0x88][0x8e]gu[0x81][0x9a][0xc1][0xd0]8!v[0x14]$[0xb3][0xb8]473[0xcf][0x1]t[0xb0]?[0xda][0xc9][0xfe][0x16]f[0xa0]i[0x1f][0xba]d[[0xd0][0x99][0xfc]Pw[0x93]Q[0x8d][0x82]nyM[0xcc][0xc9]L52p[0x80][0xad]zAMI[0xc6]&[0xa0][0xc1][[0xfa][0xf8][0x4]Qb[0x92]V[0x0]AowL[0x6]][0x87][0x4]Z[0xf6][0xee][0x90][0x9e][0x9a]_[0x94][0x8e]v[0xfd][0x98][0xa9][0x19][0xbd][0x6][0xa4][0x8c]@[0xb][0x0][0xa0]Q[0x82]{GZb:([0xdd]'[0x16]'[0xe6]%f[0x80]R~yj[0x12]J[0xd2]72[0x1][0x95][0x12][0xf4][0x9]xD[0xa9][0x89][0xa3][0xc9][0x8][0xdd]ekb[0x81][0xad]N5[0xa5][0x9f]C[0x11]#}[0xe4][0x97][0x9b][0xc9]yY[0xb9][0xe][0xa0]{`uA7^[0xa0][0xa6]v[0xb][0xb]z[0xcd]`[0x1b]!][0xe1][0x84]{sQrfbjNj~[0x1e][0xf8][0xca])[0xe8][0xb2]44'[0x1b][0xd3]k[0xad][0x83][0x11]he24][0xe3]jz[0xe5]&V&[0x1a][0xe2]8~[0xc9][0xdc][0x8][0xb4][0xd7][0x86].)[0x1a]i5<[0xee][0xa3][0x10][0x92][0x13][0xb3][0x8b][0x12][0xcb]Ag[0x8d]%[0x9a][0x99]9[0x14][0x80][0xd7][0xdd][0xa2][0xce][0xe0][0x98][0x80]Vw[0xd0][0xc7][0xc1][0x88],[0x88][0xa3][0xe1]R[0x98][0x9f][0x93]Y[0x6][0xba][0xc][0x0][0xf3][0x90]Y[0xb]c3:m[0xb6]5[0x2]]9[0x1]M[0x2][0xa4][0xe][0xee]U[0xe5]$f[0x17][0xe7]f[0x96]'[0x96]db[0x1b]|02[0x4][0x1d][0xd0]N[0x97][0xc0]FZ[0x9d][0x8d]u][0x1d]h[0xb3]pebqQeZb[0xe][0xf6][0x11]`3#[0xba]U&[0xa0][0xb3][0xb0][0xa1]![0x8e]s}siVf[0x9e][0x81]![0xf2]"
17:11:38.729 [main] DEBUG org.apache.http.wire -  << "[\r][\n]"
17:11:38.729 [main] DEBUG org.apache.http.wire -  << "184[\r][\n]"
17:11:38.729 [main] DEBUG org.apache.http.wire -  << "i[0xea]({[0xd4]LL[0xe9]6x[0x8a][0xb4][0x1a][0x9b][0xd0]x5xM[0x1a][0xa8][0xa3][0x96][0x98][0x87]~[0x8a][0xbd][0x19][0xfd][0x8e]vA^[0x89][0xed]g[0xa8]`bfd[0x84]1[0x87][0x91][0x9]Y<^\[0x9a][0xe]rh~Q:b[0xee][0xd1][0xcc][0x94]n[0x15][0x6][0xd2]Jl\[0xc3][0xa7][0xe9][0x90]mSI[0x89][0xa9][0xe8][0xab]AM[0xcc]@[0xe3][0x9a]t[0xc9]][0x94],[0xbf][0xce][0xca][0xcc][0xcd][0xcc]31[0x2]]u[0x9a][0x9b][0x98][0x99][0x83][0xba][0xb2][0xd2][0xc4][0x1c]t[0xad]'}[0xfc][0x80]X^[0x86][0xfb][0x94][0xd0][0xcc][0xbc][0xc4][0xe2][0xca][0xcc][0x14]P[0xf3]-E[0xf][0xb3][0xf9][0x6][0x9a][0xba][0xa1][0x8f]c[0x11]#"$[0xcc][0x16]g[0x96][0xe4][0xe7][0x16][0x94][0xe6]$%[0xa6]W&[0x82][0x16][0x87][0xa0][0xa4]k[0xb][0xba][0xdd][0xdb]m[0x4]j[0xbe]@[0xb]8B[0x13]s[0xa5]y[0xe0]B[0xc3][0xdc][0x1c][0x94][0xf]Q[0x8a]8SsC:[0xad][0xba]5[0x2][\r][0x90]B[0xdd][0x8b]s[0xe9]a"[0xe8]B[0x9c]<K[0x3][0xc8]9[0xbd][0xa8]G&[0x9a]Y[0xd0][0xed][0xa8]"[0xa4]k[0xd4]p4[0xec]3[0xf3]R[0x8b][\r]M[0xb1][\r]Y[0xd3]o-[0xbe][0x11][0xa8][0xaf][0xc][\r]Q[0xdc][0x93][0x1][0x95]e[0xa9][0xc5]f[0xa0][0x13][0xc8]3+R3[0x8b][0x12]Q[0xf6][0xa2][0x99][0x18][0xd0]ks[0x89][0x11][0xa8][0xa5][0x5]u+[0xb1][0xc3][0x4]9I[0x95]IF&[0xe][0xa9][0xa0]A>[0xd4][0xd5]oF[0xf4]Zihi[0x89][0xb4][0xb8][0xc9]#5[0xaf](3[0xb5][0xa4]$[0x15][0xa3][0xa2][0xf3][0xcc][0x5]u[0x9f][0x11][0xb5][0x9b][0xb9][0xa1]%}[0x1a][0x96][0x96][0x96]H[0x7][0xf4][0x5][0x81][0xe]|[0xc3][0xdc][0xe5]wc[0xfd][0xcd][0xf6][0x9b][0xad]7[0x96][0xdf]l+[0xce][0xc8],[0x2]9>[0xa0](39U[0xc9][0xca][0xdc][0x88][0xb4]%b[0x0][0x0][0x0][0x0][0xff][0xff]"
17:11:38.729 [main] DEBUG org.apache.http.wire -  << "[\r][\n]"
17:11:38.729 [main] DEBUG org.apache.http.wire -  << "84F[\r][\n]"
17:11:38.730 [main] DEBUG org.apache.http.wire -  << "R[0xb2]R[0x82][0xec][\r][0xc0][0xf0]Z>[0xde]m[0x3][0x96][0x96][0xa0][0xca][0x1e][0x1a][0xfb]O[W?[0xed]m~[0xb2]{[0xf1][0xd3][0x1d]M[0x18][0x6][0x99][0x98][0x9b][0xe9][0xfa][0xb8]9[0xba]#[0x82][0xd2][0xcc][0x98]N[0x7][0xe2]XZ[0x82][0xe][0x92][0x82]:[0xf2][0xcd][0x82]9o[0xe6]M|=a[0x8e][0xc2][0xeb]5[[0xde][0xb4],Px[0xd3]6[0xe5][0xf5][0xe2][0x15]oZg`8[0xd9][0xa7]4[0xa9]4;'[0x13][0xb4]1[0xae][0x14][0xe1]lcK:[0xf5][0xd9],-A[0xc7][0x1c]A[0x9d][0xfd]zg[0xcb][0xdb][0x9e][0x9e]W[[0xb6]([0xbc][0xda][0xd4][0xf0][0xa6]i[0xcd][0x9b][0xd9][0x13]0[0xdc][0xfb]f[0xdb][0xca]7[0x9b][0xd6][0xbe]nZ[0xf1][0xba][0xbf]E[0xe1][0xcd][0x8c]%o[0x9a]6[0xbc][0xe9][0x9e][0xa3][0xf0][0xb6][0xb5][0xe7][0xed][0xf4]%[0xaf][0xe7]5[0xbc][0xda][0xb1]CA[0xe3]M[0xc7][0xcc]7[0xf3]&[0xbc][0x99][0xbb][0xe5]u[0xff]LM[0x84][0xaf]L[0xc1][0xf7][0x11][0xd3][0xa1]r[0xb6][0xb4]D[0xba]<[\r]1[0xe9][0x92][0x9e][0x93][0x9f][0x94][0x98][0xa3]P[0x94][0x9a][0x93]X[0x92][0x99][0x9f]W[0x9c][0x91]YP[0x8c][0xe1][0xc1][0xc7][0x8d]-[0x8f][0x1b]g>n[0xdc][0xf]I`[0xd0][0xc4]nA[0xbf][0xc4][0xe][0xba][0xd8][0x1][0x1a]!O[0x97],9c[0xd5][0xd3]]s[0x9e][0xb6][0xae]~[0xb2][0xa3][0xe3][0xe9][0xe6]m[0x10][0xc6][0xf3])[0xbb]^n[0xdb][0xf2][0xb8]y[0xdb][0x93][0x1d]3L[0x9f][0xec]h|>{[0x9d][0x91][0xc1][0xf3][0xa9][0xab][0xc][0xcd][0x9e][0xf6]oWx6w[0xdf][0xe3][0xc6][0x9e][0x17][0x1b][0xb6]?n[0xda][0xfe][0xb8]y[0xf1][0xe3][0xe6][0xd5][0x8f][0x9b][0x17][0x18]X[0x98]ax[0xf5]i[0xcf][0xee][0xa7];V#[0xe2][0xc7][0xc2][0x18]4[0x1a]K[0x9f][0xf8]A[0xc])9g$[0x16][0xa5][0x1f]^[0xa9][0x90][0x92][0xaa]P[0x4][0xde][0xd8][0x93][0x9c][0x91][0xaa][0x90]Z[0xa2][0x90]rxeYjN~AAjnj[0x1e][0x98][0x9b][0x9c][0x91]Z[0x82][0x19]a[0x88][0xf8]M[0xce][0xc9]L[0xce].[0xd6]M[0xcc]K[0xd1][0xcd][0xcd]/*I,R[0x8][0xf2][0xf7]Dx[0xcf][0xd4][0x94]N[0xb][0x16]--A[0x1d]?h[0x1c][0xbe]Y[0xd2][0xf0]vF#F[0xd8][0x87][0x6][0xfb][0x85])[0xdc]X~[0xb3][0xe5][0xc6][0xe6][0x9b]]7[0x1b]ov[0xc5][0xe4][0xb9][0x5][0xf8]+8[0x6]([0x18][0x99]X[0x9a][0x1b]#\mlN[0xa7][0x13][0xa9]--A#[0x1]PW[0x93]Z[0x19][0x18][0x1b][0xd3][0xa9]uei[0x9]:[0xc3][0x1d][0xea]J[0xf7]t=[0x85][0xf0][0xc4][0xa2][0xcc][0xbc][0xf4][0xcc]<[0x5][0xbf]|=[0x5]s[0xc3][0x98]<[0xa7][0xfc]<[0xd0][0x81][0x5]:[\n]"
17:11:38.730 [main] DEBUG org.apache.http.wire -  << "N[0x89]9[0x99][\n]"
17:11:38.730 [main] DEBUG org.apache.http.wire -  << "F[0x86][0x6][0xc6][0xa0][0xd0]tI-N.[0xca],[0x0][0xe5]{%+[0xa5][0xa7]KV=[0xd9][0xd1][0x80][0x8]dSS[0xfa][0xc],[0x98][0x19][0x80][0x97]8B[0x9d][0x8f]:qP\[0x99][0x97]Z[0x94][0x9e]Y\[0x92][0x99][0xac]P\ZP[0x90]S[0xa9][0x9b][0x9c][0x91][0x98][0x99][0x87][0x99][0xe2][0x89][0xd7][0x7]-[0xbd]L[0xcc]A[0xf5]<[0xed]36[0xc8]{[0x88]-[0xd6]~[0xa1][0xce][0xba][0x96][0x6][0x98][0xc5][0x8e]_j[0xb9][0xc2][0xcd][0xd6][0x9b][0xfd]76[0xdf][0xd8]y[0xb3][0xb1][0xc]t[0xe7][0x1f]"&[0xcc][0x8c]@y[0x87]>NE[0xdc][0xec]Fi[0x19]d[0xe8][0x15][0xac][0xe0]d[0x2]Jg[0xd0][0x10]7[0x7][0xb7]Y[0xe8][0xe3][\r]D[0xa7][0xd9][0xc3]G[0xc1][0xd2][0xd4][0xc0]L[0xc1]=[0x18][0xa3][0xbc][0xc1]^[0xad][0x99][0xd1]i[0xe0][0x1d][0x94]0[0x10][0xdd][0xe5]g[0xdd][0x93][0x9f][0xcf][0x99][0x8f][0xe1]D[0xec]M![0x13]#[0xd0]I[0x83][0xf4][0x9]I[0xc4]L[0xd8][0x8d][0x8d]7[0xd6][0xdc]lQ[0xb8][0xd9]zc[0xc5][0x8d][0xe5]7[0xd6][0xde][0x0][0xd5][0x92][0xa8]E[0x8][0xc9][0x99][0xd0][0xdc][0x8]4gH[0x1f][0x8f] [0xd6][0x14][0xb8][0xa4]*[0xf8][0x83][0x86][0xae]3[0x8b]0[0x9b][0xf6].[0xee][\n]"
17:11:38.730 [main] DEBUG org.apache.http.wire -  << "[0xe6][0xe6][0xa6][0xa6]&[0x88][0xdc]ga[0x6][0x1a][0xa4][0xa5][0x8b][0x1b][\r][\r]t[0x94][0xa0][0xe5] R[0xb3][0x1d]5[0x8c][0xd1][0x1a][0xfb][0xd0][0xbc]e[0x4][0xbe][0x12][0x9e]>[0x8e]D[0xac][0xf1][0x4][0xd5]5[0xce][0x99][0xe5][0x89][0xc5]%E[0x89][0x90][0xba][0xc6][0xcc] &[0xcf])[0xb1]T[0xd7])[0xb1]TG![0xb8]47[0xb1]$[0xb5](Q[0xc1])[0xb1]([0xb1]D[0xc1][0xd8][0xd4][0x1c][0x1c][0xae][0xa8][0xfe][0xc9][0xcd]/*[0xc8]PHJ-.[0xd1][0xcd]O[0xd3]M*JMMQH[0xd5][0xcd]M,[0xca][0x86]4l[0xa0][0x1e]41[0x0][0x9d]qC[0x1f][0xf]"[0xca]@[0xaf][0x1c]=[0x5][0xc7][0xbc][0x92][0xc4][0x82][0xc4][0xbc]L[0x5][0x9f][0xc4]\[0x88]/-b[0xf2][0x2][0x12]+[0x13][0xb3]Ks[0x93]J3t@[0xe2][0x5][0xa5]y[0xe9][\n]"
17:11:38.730 [main] DEBUG org.apache.http.wire -  << "[0xa6][0xe6][0x16][0xc6][0x98]#[0xb6][0x86][0x96][0xc6]H}/[0xb]sPUM[0x1f]o r[0xae][0x89][0xb1][0x8e][0x2][0xe8][0xf8][0xad][0xd4][0xb2][0xc4][0xa2][0x14][0x85][0xa0][0xd4][0xf4][0xbc][0xcc][0xd4][0xa2][0x98]<KsCcS[0x5][0xa7][0xd2][0xcc][0xe2][0xe2][0xfc]<[0xdd][0xe2][0xd2]"][0xdf][0xd4]"[0x8c]"[0xc8]5%[0xb3]$[0xbf]HG!9?77[0xb3][0xb8]83?/3[0xf]i[0xd8][0xd9][0xc2][0x2]t[0xfd][0x12]}|[0x84][0xc8][0xc2]%E[0x89]y[0xc5]i[0xf9]E[0xb9][\n]"
17:11:38.730 [main] DEBUG org.apache.http.wire -  << "[0x5]9[0xa5][0xe9][0xe0][0xe6]mANb[0xa5]B[0x19][0xa8][0x8d][0x9b][0x83][0xd9]<[0x8][0xc8]/*Q[0xb8][0xb1][0xf3][0xc6][0xfa][0x9b]-7[0xbb][0x10]y[0xdb][0xd4][0x10]4[0xe0]C[0x1f][0xc7]#[0xa6][0xd5][0xe0]C[0xa3][0xa9][0xba]I[0xa5][0xc5][0xa0]q[0xaf]b[0x85][0xd2][0xe2][0xd4]"Lg?X[0xb7][0xf5][0xc1][0xba]Y[0xf][0xd6][0xad]x[0xb0][0xbe][0xf7][0xc1][0xba]% [0xf6][0xfa][0xf6][0x7][0xeb]V>X[0xb7][0xf][0xe1][0x9]c[0x13][0xfa][0xac]x33[0x0][0x8f][0x11]A[0xb]([0x9f][0xd4][0xc4]"PJPH[0xc9],NL[0xca][0xcc][0xc9],[0xa9]T[0xc8]+-*[0x6][0x8d][0x86][0xa0][0xe6]p[0xf][0x9f]P[0x3]cSK[0x84][0x83]M[0xcc][0xe8][0xb3][0xb8][0xd7][0xcc][0xc0][0x0]4[0x1c][0x3]u[0xb0][0xb1][0xa1][0x81][0xc2][0x83]u;[0x1f][0xac][0xdb][0xf4]`[0xdd][0xfe][0x7][0xeb][0xd6]=X[0xb7]O[0xe1][0xc1][0xba]vp[0x98]v[0x80][0xf9]S[0x1f][0xac][0xdb][0xfc]`}oL[0xde][0x83]u;[0xc0][0x1][0xbe][0xe1][0xc1][0xfa][0x6]P[0xe0][0xaf][0x9b][0xfa]`[0xdd][0x86][0x7][0xeb]{[0x15][0xcc][0x8c][0x8c][0xc],[\r]0[0xb2][0x88]sF[0x11][0xa8][0x8d][0x9a][0x98][0x7][0xf2]<[0xb4][0xc0]2[0xa5][0xd3]u[0x9b] O"[0xda][0x97][0xa6]&[0x16][0xc6][\n]"
17:11:38.730 [main] DEBUG org.apache.http.wire -  << "[0xf][0xd6]u>X[0xb7][\n]"
17:11:38.730 [main] DEBUG org.apache.http.wire -  << "[0x94]^@[0x89]e;[0xc8][0xe1]`[0xa1]%[0xf][0xd6][0xad][0xb0]n[0xea][0x83][0xf5][0x8d]`[0xef][0xee][0x83]x[0xca][0x1a][0xe4][0xdf]V[0x90]8(L[0x96][0x80]=[0xbe][0x2][0xcc][0x5]{[0xd9][0xc8][0xcc][0xc8][0xcc][0xd2][0x2][0xc3][0xcb]Q[\n]"
17:11:38.730 [main] DEBUG org.apache.http.wire -  << "[0x86]&[0x96][\n]"
17:11:38.730 [main] DEBUG org.apache.http.wire -  << "[0xc1]NH[0xb1]J[0xa7]mb [0xf]#J[0xe8]@[0xf][0x5]CKK[0x5]G_[0xc][0x17][0x82]#n[0x13][0xd8];[0x90][0x18][0x9f][0xf5]`}[0x7][0xc2][0xb9]Ft:[0xe0][0x5][0xe4]\DI[0xfc]j[0xd3][0xde]7[0x1d]31[0xdc]Jb[0x1][\r]Mbf[0x6][0xa0]+[0xb5][0xe8]Rz![0xad]#[0xba][0xb1][0xee][0xc6][\n]"
17:11:38.730 [main] DEBUG org.apache.http.wire -  << "[0xc8]![0xcb][0xcb]o6[0xdd]Xuc[0xeb][0x8d][0xe5][0xa0]S[0x97]1[0xfc]D[0xb8][0x88][0x86]z[0xc3][0xd8][0x14][0xb4][0x0][0x85]>[0xde]@[0x14][0xc2][0xf8][0x8b]V[0xd4][0x12],8[0x11]4[0xa0][0xa2][0xe0]~xeQbQJJb[0x1e]"[0x19][0x99][0x98][0xd3][0xad][0x5][0xb][0x1a][0xfe][0x84][0x96]e[0xc4][0x17][0xbe][0xf8]TB[0xc3][0xdf][0xd4][0x18][0x14][0xbb]t[0x9][0xa4]sc[0x9f][0xec][0xe8]|[0xba][0xae][0xf5][0xe9][0xe6]m[0x10][0xc6][0xb3][0xb9][0x13]1R[0x90][0xa5][0xb9][0xa1]Bd8(gC]jB[0xa7][0x9b][0xc3][0xcd][0xc][0xc][0x90][0x8e][0x8d]}[0xb6]i[0xda][0xf3][0x1d]-[0xcf][0xe7][0xf4]<[0xdd]5[0xe7][0xc9][0x8e][0xb5]Ow4=[0xdd][0xb9][0xe3]Yg[0xb7][0xb1][0x1]d[0x98][0xd1][0x18]4[0xca]h[0xc][0x1a]e|:g[0xfe][0xd3][0x89]M/[0x9b]W [0x8f]2[0x1a][0x9b][0x80]:[0x13][0xa8][0x9]*[0xa0][0xb4][0xa4]([0x13][0x91][0x88],,[0xe9][0xb3][0xff][0x1d][0xe4]/D[0xeb][0xfd]M[0xcb][0xc6][0xd7]M+@#[0xd5]o:f[0xbc]Y0[0xf5][0xd5][0xd6]5[0x18]Q[0x80]][\r]4:[0xcc][0xcc][0xe8][0xb3]a[0x0][0xe4]lD[0x87][0x1e]Tk[0xad][0xdb][0xf7]`[0xdd]<p[0xd1]>[0xeb][0xc1][0xba][0xfd][0x18][0xae]v-[0xc9][0xc8][0xcb][0xcf][0xc9]O/E[0xaa][0x8f]-,[0xe9]s[0x8][0x15][0xc8][0xb1][0x88][0xf2][0x1e]w[0xf5][0xf4]f[0xde][0xd2][0xd7][0xb][0x96][0xbc][0x9d]:[0xe3]u[0xd7][0x14][0x85][0xb7][0x1d]k^[0xaf]jU[0x0][0xcd]/[0xcc]Z[0xf9]f[0xde][0x84][0xd7][0x93][0x97] R[0x87][0x99])hk[0x7]}[0xf2]'[0xa2][0x85]mdfah[0xa2]pc[0xf9][0x8d][0x15]7;[0x14]n[0xec][0xbc][0xd9]uc[0xbd][0x82]SQb^rFL[0x9e]_~QI[0x86][0xc2][0xcd][0x96][0x9b][0x1d]7[0xd6][0xdc][0xec][0xba][0xd9][0xa6][0xa3][0x10][0xe6][0xa8]`hd[0x86]%[0xa5][0xe3][0xae]-[0xa0][0x89][0xc8][0xd4][0x82]>K)@[0xf1][0x82]([0xfd]o[0xb6][0x82][0xc6]2n[0xac]W[0xb8][0xd9]|c[0xd5][0x8d][0x15][0x18])[0x8]_[0x13][0x1d][0xea]p#K[0xfa],[0xab][0x0]9[0x1c]13[0x90]R[0x94]Y[0x96][0xaa][0x80]9[0xaa][0x9f][0x9b]Z[0x92][0x91][0x9f][0x2]J[0xf4][0x99][0xa9][0x98][0xfd][0x8][0x8c]&[0xb8][0x85]1h[0xb7]7][0xd2][0x14][0xe8]l h[0xb5]uc[0xb]x[0x99][0xc2][0xce][0xe4][0x8c][0xd4][0xe2][0x12],]M[0xb4]b[0x91]^[0xb][0xbe][0xcd][0xc][0xc]@}X[0xa8]#Q[\n]"
17:11:38.730 [main] DEBUG org.apache.http.wire -  << "[0xf][0xd4]b[0xdb][0xc4]L[0x17]4[0xd6][0xe]*[0xcf][0xa1][0x89][0xc0][0xcc][0x8]t[0x91][0x3]}[0xc2][0x11]1X[0x8]=q%)'55%3/]75%=U![0xad]4/[0x19]4[0x94][0x9f][0x98][0x93]Y[0x82]-[\r][0x10][0xe8][0xc7][0x1b]Y[0x1a][0x18][0xd1][0xe3][0xb0]83[0x3][0x3][0xb]D[0xf3][0xfd]i[0xeb][0xea][0xe7]}[0xdd]O[0xd7]N[0x80][0xcc],[0xa2][0x6]7[0xa8][0xbb][0xb2][0xbe][0x9][0xd4][0x8f][0x1]u[0xd8][0xa6][0xa2]tz-L@[0x7]`[0xd0]%[0xe0][0x91]&[0xb1][0x8d]M-[0xfc]A[0xb1][0x8f][0xea]N[0x98](,M[0x18][0x90][0xbd][0xc0][\r][0x0][0x0][0x0][0xff][0xff]"
17:11:38.730 [main] DEBUG org.apache.http.wire -  << "[\r][\n]"
17:11:38.730 [main] DEBUG org.apache.http.wire -  << "8B[\r][\n]"
17:11:38.730 [main] DEBUG org.apache.http.wire -  << "RB5[0x18][0xff]"[0x0]PH"[0xd2]D0[0xe4]t&[0xc]3P[0x92]3[0xd4][0x85]F[0xe0][0xeb]G[0xe8][0x13]x[0x88][0xba]0[0xb8]4/=1S! 5[0xaf]4[0x3][0xc3][0x99][0x16]f[0x96][0xe6][0xc6][\n]"
17:11:38.730 [main] DEBUG org.apache.http.wire -  << "7[0x9b]@[0xe3]3[0xe0]*[0x7]4bS[0xac][0xe0]XP[0xa2][0xa7]`nn[0x14][0x93]wc3[0xe8][0xe0][0xd1][0x9b][0xad]e[0x99][0xa9][0xe5]:[\n]"
17:11:38.730 [main] DEBUG org.apache.http.wire -  << "[0x8e]A[\n]"
17:11:38.730 [main] DEBUG org.apache.http.wire -  << "[0x86][0x16][0xa6][0x96]H[0xb3][0xb]F[0xe0][0xf5]0[0xf4][0xf1][0x13][0xa2]8[0xc6]][0xbf][0x13][0xea]~[0x9a][0x83]v[0xc7][0xd2][0xc5][0xb9][0xa0][0x92][0x1e]Z[0xb6]ao[0xce][0xa1]&:[0x17][0xf8][0x1c]si[0x91]B"
17:11:38.730 [main] DEBUG org.apache.http.wire -  << "[\r][\n]"
17:11:38.730 [main] DEBUG org.apache.http.wire -  << "88[\r][\n]"
17:11:38.730 [main] DEBUG org.apache.http.wire -  << "[0x8a]zbAANf2dq[0x80]Bn~Rf[0xe][0xb8]~[0x81][0xa5]$s[0xba]uAAs`0o,hy=o[0xeb][0x9b][0x5][0x8d]o[0xe6][0xee]Px3c[0xc5][0xeb][0xb9]{[0xc0][0xac][0xf6]=o[0xa7]NTx[0xb3][0xa0][0xe5][0xcd][0xbc][0x9]ogNy[0xdb][0x8f][0xb9]V[0x3][0xdb]P[0x8d][0x99]%[0xe8][0xde]V[0xfa][0xc4][0x5][0xa2][0xf9][\r][0xab][0xec]PC[0x1f][0xb3][0x8a][0x84][0x86][0xb4][0xb1][0x9]hU[\n]"
17:11:38.730 [main] DEBUG org.apache.http.wire -  << "}[0x1c]Id[0xf9][0x8c]VxC[0x1d]jh[0x0]:[0xde][0x8c]>[0xe]E[0xf4][\n]"
17:11:38.730 [main] DEBUG org.apache.http.wire -  << "p[0xc][0xac]@[0x85][0x1][0x0][0x0][0x0][0xff][0xff]"
17:11:38.730 [main] DEBUG org.apache.http.wire -  << "[\r][\n]"
17:11:38.730 [main] DEBUG org.apache.http.wire -  << "BE5[\r][\n]"
17:11:38.730 [main] DEBUG org.apache.http.wire -  << "[0xd2]Q[0x82]:[0xce][0xd4][0x9c]nc[\r]H+[0x7][0xf0][0x96]|[0x98]m3C[0xd0]~t[0xfa][0x4] [0xa2][0xbd][0xef][0x9e][0x98][0x97][0xae][0x10][0x90]X[0x9c]Y[0x94][0x9d][0x9f][0x5][0x99][0xe7][0x0]M[0xe6]x[0xe7][0x97]$*8[0xa6][0xe4]f[0xe6]e[0x82]fy[0x8a]3[0x15][0xbc][0x12][0xb3][0x13][0x8b]J[0x12][0x15]BK[0x12][0x8b][0x12]u[0x14][0x82]C[0x15],[0x8d]-ML1Jt*[0x18][0x8][0x8d]4C[0x13][0xba][0xcd][0xfd][0x80][0x16][0x19]B[0xb][0x99][0x1b][0x1b]ov[0x81][0x96][0xf8]ax[0xc]I[0x2][0xe6]@[0x3][0xd0][0xca]a[0xfa][0xc4][0x18][0xa2][0xee][0x81].[0xea][0xc0]p[0x1f]B[0x1c][0xea]<z[0x9d][0xbf]lf`[0x88]t[0xe2][0xce][0x0][0xe]E[0x1b][0x19][0xd2]k<[0xc5][0x10][0xe9][0xae]M[0xc8]@[0x16][0xde][0x11][0xad]7[0xa4]T\[0xd0][0xd8]35[0x2]m[0xb7][0xa0]G[0xe2]2[0x4][0xf5][0x0][0xa0][0xa9][0x9f][0x6][0x83]^[0xa9]e[0xf9]9e[0xa9][\n]"
17:11:38.730 [main] DEBUG org.apache.http.wire -  << "[0xa9]ii[0x99][0xc9][0x99][0xa0][0xe5]ky[0xa9]%[0xe5][0xf9]E[0xd9][0xa0][0xee]*[0xcc][0xaf][0x16][0xa0][0xd3]X[0xe8][0xe3]WD%[0x17]P[0x94][0x9f]R[0x9a][0x9c]Z[0xa4][0xa3]P[0x94][0x98][0x92][0x9]:[0xce][0xf][0xb5]NNLO[0x7][0x9d]TX[0x2]Z[0x8c][0x97][0x98][0xa3][[0x92][0x99][0x9b][0xaa][0x90][0xaa][0xb][0x9a][0xf]M-JF[0x1a]b2[0x3]w#[0xe9][0xe3]z[0x92]k>cSz[0xd5]*[0x86][0xa0][0xee][0xf]4[0x19][0xe1][0xad][0xf9]^[0xf7][0xb7][0xbc][0x99][0x83]4[0xd0]eJ[0xa7]+}A[0xe5][0x14][0xa2][[0x82]T[0x9c][0xa3]F;[0x92][0x4]4y[0x1a][0x83][0xd7][0x86][0xd3]%[0x82]A{H`a[0x88]e[0xf6][0x1][0xd5][0xa5]ff[0xc6][\n]"
17:11:38.730 [main] DEBUG org.apache.http.wire -  << "[0xe1][0xc1]~[0x88]f[0x8e][0x85]1h[0xd4][0x85]>[0xe]E[0xc][0xaa][0xe1][0xee][0xc]aTI&[0xc6][0xf4]Z}g[0x8][0xda][0x12][0xe][\r]I[0xa4][0xf1][0x1b][0xd4][0x0][0xc4]:[0xa6][0xc][0x8d]tz[0xed]~730D[0x9a][0xad]F[0x9a]_Eu[0xea][0x9b][0x19]K[0xdf]t[0xcc]AD[0xb5][0xb1][0x1][0xe8]Ll[0xba]D5h[0xa8][0xb][0x1a][0x92]D[0xd4]uT[0x9d]o[0x87][0xc6][0x85][0x99][0x5][0xdd][0xea]B[0xa4][0xc3]D[0xb0][0xf7][0xd4][0xa8]RCB[0xfd]eH[0xa7][0xe3][0xce]@i[0xc]Q[0xef][0x81][0x96]o[0xf9][0x97][0x94][0xe4]+x[0x16]g'[0xe6][0xa5]$[0x16][0xa5]d[0x82]na[0x3][0xaf][0xe4][0xb2]4[0x8c][0xc9][0x8b][0xcc]O[0xaf][0x84]4[0xf6]u[0x14][0xbc]@[0xd7]Y)X[0x18]X[0x98][0x1a]b48[0xfd]#[0xa3]t[0x8d][0x91][0xc7]b[0xcc]-[0xcd][0xe8]ri[0x0][0xc8];[0x4]+[0xc2][0xf0][0xd4][0xe2][0x12][0x85][0x9b][0x1d][0xa0][0x81][0xa5][0x9b][0xa0]5[0xe7][0xd0] 77[0xa1][0xcf][0xca]w[0x90][0x1b][0x11][0xa3]t[0xe4][0xf]s[0xa1][0x96][0x2][0x18][0x9d]F3[0xf0]-[0xf5][0xf4])[0x6][0x10]ugH~iQfq[0xae]B>[0xa8]M[0x87]e@[0xdf]+1'1O[0xc1]%[0xb3] 5/?=[0xbf]([0x1f][0x9c][0xb4][0xcc][0xcd][0x8c]b[0xf2]B[0x12][0xf3][0xb2]J[0xf3][0xd2][0x93]@[0x87][0xea][0xe9]([0x4][0x7]+[0x98][[0x98][0x9b]#[0xad][0x11]27[0xa3]WG[0xdd][0x10][0xb4][0x1b][\n]"
17:11:38.730 [main] DEBUG org.apache.http.wire -  << "Z[0xac][0x11][0xf2][0xf][0xa6]<45Y[0x98][0x80]v[0xb5][0xd1]%[0xf8][0x8d][0x11]=[0xc0][0xe7][0xf3]7?[0xdd]>[0xf7][0xf9][0x9c][0x9e]g[0xd3]6<][0xb7][0xff]i[0xcf][0xae]g+V=[0x9b]7[0xdd][0x12]21md[0x4][0x9a][0x99][0xb6][0x0][0xcd]L?nZ[0xff][0xb8]y[0xcd][0xe3][0xa6][0x9d][0x8f][0x9b];[0x9e][0xed]\[0xff]t[0xdd]:s[0x13]s[0x8c][0x8c][0x8c][0xaf][0x1a]46[0xb2][0xa4][0xdb][0xb6]V[0x84][0xf]-[0xcc]|[0x14][0xfc][0xcc]1WU[0xa6][0xe5][0x81]nx(,I[0xc2]v|[0x96][0x91][0x11]h[0xe3]7[0xed]#[0xc3][0xd4][0xc2][0x8]T[0xf7]B[0xd3][0xe][0xa1]C[0x6][\n]"
17:11:38.730 [main] DEBUG org.apache.http.wire -  << "22s2[0xb][\n]"
17:11:38.730 [main] DEBUG org.apache.http.wire -  << "2[0xf3]R[0xd3][0xf3]sS[0x8b][0x1d][0xf2][0xf2][0xf3][0x8b][0xf5][0x90]/q62[0x7]u&[0xe9][0xe3]l[0xc4][0x8a]1<[0xa7][0xe0]W[0xe4]&[0x96]dd[0xa6][0x96]:$[0xe7][0x17][0xa5]d[0xa6][0x16][0xa1][0xee][0x81]746[0xa5]W[0x82][0x0][0x9d]q[0xc][\r]e[0xd4]%[0xe6][0xa5]I[0x99][0x85][0xa5][0x99]%[0xf9][0xa5][0xc5][\n]"
17:11:38.730 [main] DEBUG org.apache.http.wire -  << "[0x5]9[0x89]%[0xa0][0x5][0xa1][0xa0][0xde]$jY[0x99][0x9b]XTY[0x9c]jf[0xe9]P[0x9c]V[0x84][0x12][0xe0][0xa6][0x16][0xf4]Y[0x87][0x8]J'[0x88]Z[0x17][0xb4][0x94][0x88][0xa4][0x8b][0xe0][0x92]S[0x93]3sR-,[0x1d]RRsr[0x13]Q[0xd3][0x8c]9x[0xa1][\n]"
17:11:38.730 [main] DEBUG org.apache.http.wire -  << "}[0xd2][0xc][0xa2][0xa6][0xc5]q.LFejVf[0x9e][0xa5]%[0xf2][0xe9][0x1f][0xd9][0xa0][0x5][0xc5][0xd0]B[0xd2][0xcc][0x14]t[0x18][0xe]}[0x1c][0x8b](B[0x8][0xe5][0xcb]t[0xd0][0x19]+9[0x95]e[0xd8][0x8f]W1[0xa4][0xd3][0x88][0x4]h[0x19][0x4]"[0x8d][0xe0]<^%%3/%[0xd1][0xcc][0x18][0xdb][0xa9]5[0xf4][0xda][0xb7][0x2]r)[0xa2]AS[0x94][0x9a][0x99]W[0x6][0x1a][0xcc])[0xca]L[0xce]P(OMR(N-*[0xcb]L[0x6]O[0x12][0xa1][0xe6][0xc3][0xfc][0x1c][0xc8][0xb1]A[0x89][0xe9][0x89]%[0x19][0xa9][0xe][0xb9][0x89][0xa5]E[0x95]([0xf9][0xd1][0x98]N;-@>@[0xb4]a[0xc0]K[0x12][0xd6]c[0xd4][0x85][0xa0][0xb]b[0xd2]K[0xf3][0xd2][0xd3][0xcb]SA[0x87][0xaf]'[0xe6]a[0x9e][0x2]ba[0x6][0x9a][0x93][0xa2]Kz[0x6]Y[0x4]-[0x1][0xb1][0x1f][0xee][\n]"
17:11:38.730 [main] DEBUG org.apache.http.wire -  << ">[0xdc]>73/[0x19][0xeb]M[0x81][0x86][0x96][0xa0][0x95]w[0xf4]q)b[0x86][0xb]W[0xe5][\r]>9#95?[0x7]thn:[0xf6][0x13]VLMA# [0xf4]q1"[0xdf][0xe1]8[0xb2]:[\r][0xb4][0xee])[0xdb][0xc8][0xd2]!)[0xb1]4[0xa5][0xa8][0x12][0xf5][0xe4][0x4]Cs[0xda][0xcd][0x1e][0x2][0x0][0x0][0x0][0xff][0xff]*V[0xaa][0x8d][0xad][0xd5][0xa9]V[0xf2]tQ[0xb2]2[0xb5]0[0x2][0x9d]<[0xe]M[0x5][0xa4][0x1e]yU[0x1][0xba][0xc4][0xbc][0xb2][0x14][0xcd][0xe9][0xe0][0x13]O[0xe8][0x13][0xc8]d[0x15][0x19][0xb9][0x89]E[0xc9][0xa9]99[0xa9][0xa0][0x93][0xb7]A%FQIj[0xe][0xea][0x99]sf[0xe6][0xa0]+[0xb6][0xe8][0xe3][0x5][0x82]eFFbQVbq[0xa2][0xb9]9[0xb6]V[0xa9][0xb1][0x5]h![0x9]}\[0x8a][0x98][0xd6]#[0xed][0xf8][0xca][0xfc][0xca][0xd2][0x9c]L[0xd8][0x5][0xec]([0xa7][0xf0][0x98][0x1b][0xd3]g[0xbd][0x2]([0x95]#F[0x14][0xb1][0x9f][0x89][0x86]-)[0x9b][0x19][0xd1]g@[0x11][0xe4]>D[0xdb][0x82][0xf4]cf[0x93][0x12][0xd3][0xb3]23J[0xf3][0xb0][0xdc][0xde]eL[0xb7]B[0xda][0x18]i[0x9a][0xe][0xe7][0xc5][0x12]Ei[0x95][0x85][0xa6][0x96][0xd8]R[0xb2][0xa9][0x11]}6[0xb1][0x99]Z[0x18]#M%[0xe0]86([0x11]t[0xd9][0x1f][0xa8][0x9][0x97][0x98][0x93][0x91][[0xe4][0x90][0x98][0x93][[0x95][0x86][0xd6]S11[0xa2]W[0xda]5F[0xba][0xfe] [0xdc][0xc9]][0xd7][0xd8][0x18]4[0xa4][0x81][0xda][0xc]J-[0xcd][0xcb][0xca]47[0xc4]vM[0x83][0x5]}[0xa6]h@[0xe1][0x8a](![0xa0][0x8b][0x9][0x8b]S+*[0x15]R+[\n]"
17:11:38.730 [main] DEBUG org.apache.http.wire -  << "R[0x8b]2S[0xf3][0xb0]5[0xdf][0x12]S22A[0xe5][0x9b][0x91][0x1][0xd6][0xd6]'[0x9d][0x86][0xd3]@nG[0x94][0xf]~[0xe1]^[\n]"
17:11:38.730 [main] DEBUG org.apache.http.wire -  << "[0xe6][0x86][0x98]k[0xf]rJ[0x93]+[\r][0xcd][0x1d][0x8a]S[0xd3]K3[0xf3]P+[0xc][0xb]K[0xfa]L1[0x82][0x1c][0x8a]((p_VY[0x9e][0x9b]ZR^[0x88][0xbd][0xf3]afH[0xaf][0x13][0x8f][0x8d][0x91][0xb6][0x1e][0x7][0xe1]:|[0xb0]81/[0x1d][0xd4]l[0x3][0x95][0xbf]X[0xee]\55[0xa7][0xcf]FiS[0xb]c[0xd0][0xbd]R[0xd0][0x86][0x10][0xce][0xf2][0xab]8[0xb3][0xa4]47[0xbf](1/=+3/[0xa5]([0x11]t[0xb2]qf[\n]"
17:11:38.730 [main] DEBUG org.apache.http.wire -  << "b[0xe2][0xc4][0xc4][0xc]t [0xe]=[0xea]ccP[0xb6][0x86]:7[0xc8][0xcd]W[0xd7][0xdc][0xc0][0x10][0xb4]p[0x11][0xb5]X([0xcf]H[0xcc][0xce][0xc4]z[0xbd][0xaa][0x9][0xdd]nu4F[0xba][0x97][0x81][0xc0][0x1]xE[0xa9]y[0xa9][0xc6][0x16][0xe][0xa0]^_bQ[\n]"
17:11:38.730 [main] DEBUG org.apache.http.wire -  << "ld[0x8][0x0][0x0][0x0][0xff][0xff][0x82][0x9c][0x82]eaD[0x9f][0xb5][0xb9][0xa0][0x84][0x80]hV[0xe2]>[0x1d]1;173%3[0xcf][0xd4][0x1c][[0xc1]e[0x1]>K[0x98]>[0xc9][0x0][0xd1][0x80]$[0xbd][0xe1][0x0][0xbe]S+/[0xbd][0xb8][0x14]{[0xc9][0xd8][0x98]^w[0xc1][0x1b][0x83]:f[0xd0][0xd4][0x8c][0xe3][0xf4][0xcf][0x92][0x8c][0xcc][0xa4][0xc4][0xd2][0x12]CK[0xec]7[0xbb][0x18][0x9b][0xd2][0xab][0xad][0x6][0xde][0xd9][0x86][0xdf][0xad][0x95][0xa9][0xa0][0xe]>[0xa8]H[0x3][0x1d][0x9][0x81]ZW[0x18][0xd3][0xed][0x1e][0x6]c[0xd0]&[0x18][0xa8]CI[0x1e] LIO[0xcc]K[0xc7][0xd6]P32[0x2]]tE[0x97][0xb4]m[0x8c][0xe8]D[0xe3],[0xe2][0xc0]C*[0xc5][0x99][0xe9][0x99][0xe][0xc9][0x89][0xe9][0x99]hWs[0x98][0x82]O][0xa3][0x8f][[0x11]#[0x99][0xb8][0x8f][0xe4][0xce]M,J[0xcf]/12v[0xc8][0x4][0xf7][0xfe][0xd1][0xee]*3[0xa1][0xdb][0xb5][0xe8][0xc6]HG[0x9d][0x13][0xdb]T[0xcb]IM/[0x2]M[0xe8][0xa6][0xe7][0xa5][0x16];$[0xe5][0x97]V[0xa6][0x83][0xfa][0xcd][0xc8]s[\r][0x86]&[0xf4][0x99]H7[0xb5]0[0x6][0x9d]"[0x5]M[0xd9][0xb8]N[0x97]OK[0xcc]IM,JsHM[0xcc]-B[0xcd][0x81][0xa6][0x16][0xf4][0xd9][0xb5]gj[0x1][0xbe]"[0x17][0xea]N[0x82][0xb7][0xad]%[0xa5][0xe8]&[0xe6][0x14][0xe7]$[0xe6]Z`[0xbd][0xbf][0xc5][0xc4][0x92]n-![0xd0][0xca]X[0xa8][0xab]q[0xa7][0xe5][0xc4][0xe2][0xca][0x1c]P[0x17])%[0xb7][0xa8][0x0]k9a[\n]"
17:11:38.730 [main] DEBUG org.apache.http.wire -  << "[0xea]g[0xd1]%[0xef][0x81][0x8e][0xaa][0x80][0xba][0x17][0xc7][0xc0]kFj^JQ[0xa6][0x89][0x5][0xf4][0x18][0xfc][0xf4]|[0xd4][0xbb](,A[0x93]A[0xf4]q*[0xa2][0xba][0x6]m=[0xb9][0xb1][0xe5][0xc6]F[0x8c]Qb[0xf0]P&x[0x18]3[0xdf][0xa1][0xb2]4#1/#?[0xb5]8Q[0xf]u[0xd6][0xc3][0xcc][0x84][0x1e][0x1b][0xab]L-"
17:11:38.730 [main] DEBUG org.apache.http.wire -  << "[0x8c]I8[0xf2]<91[0xa3]2?/[0xbf][0xb4]$17[0x13][0xd4]2F[0xbb]m[0x0][0xb4][0x12][0x94].[0x81][0x8c]t[0xe8]9[0x9e][0x99][0xc8][0xdc][0xc4][0xa2][0xf2][0xc4][0x92]D[0xa8]k[0xc1][0xd7]#`[0xdc]O[0x5]:[0xa8][0x82]^[0xe1][0x8c][0x18][0xe3]&u[0x1c]6;5[0xaf]*3[0xb5][0xa0][0xb4](/[0x11]|[0xfd]@r[0x99]^b2J[\n]"
17:11:38.730 [main] DEBUG org.apache.http.wire -  << "7[0xb6][0x0][0x1d][0xec]K[0x9f][0xc0]GT[0xda][0x84][0x8a]<[0xd0][0xad]H[0x89]y[0x99][0x5]E[0x89][0xd9][0xf9][0xc5][0x89][0xd8][0xbb][0xab]&t[0xda][0xc6][0xe]J[0xe9][0x88]*[0x1c][0xf7]9[0xcd][0xc5][0x89][0xa5]e[0x89][0xe9][0xa9])[0xf9]E[0xf9]%[0x19][0xa9][0xa9][0xe]9[0xa9][0xc9][0xf9]y%[0xa9](sNFt;[0x8d][0x1e]<][0xe]-[0xfa]pL[0xa0][0xe6][0x16][0x14]%[0x96]$[0xe6]&B[0x8b][0xbe][0xa4][0xcc]*[0x94][0x94]adJ[0xb7]q7[0xd0][0xfa]-[0xa8][q[0x14][0xd3][0xe5][0xa0]&sF~[0x9]xZ[0xc][0xe5][0x0]tc:[0xad][0x85]1[0xb5]0FZ~[0x91]ZQ[0x90][0x93][0x9f]Y[0xa2][0x90]ZQ[0x92][0x9a]W[0x9c][0x99][0x94][0x93][0x8a][0xe3]L%[0xc8]r[0x0][0xd0][0xfd]A[0x18][0xb]0[0xc][0xe8][0xb3][0xe6][0x8][0xe4]p[0xc4][0x2][0xc]\cX[0x19]9[0x89]9[0x95]%[0x85][0xd8][0xea]ks3[0xd0]U[0x1c]t)",[0x10][0xe]%m*!=[0x15]tV[0x8a][0x91])[0xf6][0xf6][0xa7][0xb1]%}[0x8e][0x8e]0[0xb5]0[0x6]-[0xf3][0x83]&e\[0xed][0xcf][0xc4][0xd2][0xf4][0xd2][0xe2][0x92][0xcc]<#3[0x87][0xdc][0xc4][0xe2]b[0xf4][0xb6][0xbe][0xa5][0x99][0x1][0x9d]*[0x16][0xa4]s[0x8e]q^[0xd7][0x5][0xea][0x98]$[0x16][0xa5][0x96][0x98][0x9b]`-[0xd0][0xcc][0xe8]t[0x9a][0xe](d[0x11][0x3][0xb1][0xb8][0x7]_RR[0xf3]2[0x8b]SsR[0x8b][0x13][0xd3]S[0x1d][0x92][0x12][0xab]2[0xf3]P[0x7][0x8b][0x8c][0xcd]@I[0x8c]>i[0x19]1[0x1e][0x8b][0xbb][0xd2]H[0x82][0xde][0x84][0x9][0xba][0x87][0x2][0xbd]f6[0x1][\r][0xef][0xd3][0xc5][0xa9]H{vo,[0xbf][0xd9]xc[0xd5][0xcd][0xe6][0x1b][0xcb][0xb1][0xb4]?[0xb][0x8b][0xf2]A[0xe7][0xe4]c[0x99]M2[0x3]w[0x1c][0xe9][0xe3]XDs[0x8][0xc7]$MA[0x6][0xe4]f[0x1d][0x94])E[0x13][0x3][0xba][0x95]b[0xa0][0x93]:[0xa0]e[0x0][0xc1][0x86]N~1[0xe8]B[0x82][0x8c][0xfc][0xc4][0xa2][0xc4]R[0xec][0xe3]Wf[0x16][0xa6]tY[0xde]lja[0xc]Zs[0x9]u8[0xee],[0x96][0x94][0x9f][0x97][0x97][0x99][0x97][0x95]_[0x9c]Z[0x90][0xe1][0x90][0x93][0x9a][0x97][0x9f][0x89][0xba][0xce][0xcd][0xcc][0x18][0xd4][0xeb][0xa2]OR@d1[0xd2][0xaa][0x8b][0xf2][0xcc][0x94][0xfc][0x94][0xfc][0x92][0xc4][0xbc][0x92]"[0xec]wrY[0x18][0xd3][0xa9][0x17]e[0x2][0xea][0xfb]@[0xc3][0x9c][0x9c][0xd5][0x86][0xc5][0xa5][0xc5][0xe0][0x19]t[0xac]m#[0xb]S:[0x9d][0x9]nab[0x80]h[0xdc][0x13]Z[0x2]W[0x9c][0x9a][0x94][0x98]SR[0x94][0x95][0x9b][0x98][0x7][0x1a][0xd7]H[0xcc][0xc9]pH[0xcc]I[0xcc]M[0xcc][0xd5]M[0xcc]I-[0xce][0xa9]D[0x1d][0x93]1[0xa7][0xdb][0x88]9[0xb8][0xbc][0x85]F[0x5][0xb1]c_yY W[0xa7]T[0xe6]Y[0x9a]bk:[0x99][0xd2][0xed][0x82]:[0x13][0xd0]<#[0xd4][0xf1]8[0xa7][0xd4] [0xc9]>[0xab]4'[0x13]{[0x97][0xca][0xd8][0x80]>[0x1b][0xb9]L!w[0xd8]C[0x9d]K[0xc2][0xa2][0xbe][0x8c][0x94][0xd4][0x9c][0xfc][0xa2][0xdc]TP3/'1/=[0x15]m[0x0][0xcf][0xdc][0x88]^[0x8d]'[0x13][0xd0]$?[0xd4][0x3]$[0xf][0xa1]W[0xa6][0xe5][0x97][0x16][0x81]N[0xc5]uH[0xce]/[0xcd][0xc9][0xcf]C]'eb[0x4][0xba][0xbe][0x88][0x1e][0x5][0xa8][0x9][0xd2]<[0xac][iQIFj[0x91]BjJ)[0xe4][0xfc][\r][0x85][0x9c][0xd4][0xe4][0x92][0xd2]",[0xfb],[0xc0][0xab][0xff]2@[0x83]Q[0x16]&[0xe]`Nzf.[0xc6][0x10][0xbb][0xb1][0x9][0xbd]F[0x16]L[0x90]&hq[0xf5]o*sRs[0x13]3K[0x8a]R[0x1d][0x12][0xf3]J[0xf2]3[0xf3][0xd0]Z[0xdd][0x86][0x86][0x6][0xf4][0xb9][0xf0][0xc7][0xc2][0x4]iz[0x96][0xc0][0xac]gA"[0xd6][0x85];&[0xf4]9@[0xd1][0xd4][0xc2][0x4]t[0x12][0x1c]4[0x8d][0x13][0xdd][0xe1][0xcd][0xca][0x4][0xcd][0xb6]8$[0xe7][0xa7][0x16][0xe7][0xe7][0x81]n[0xe3]C[0xe9][0xad][[0x18][0xd2][0xab][0xd3]k[0x82]4[0xbb][0x8c]kqLfQ[0x1e](5[0x94]gf%V&:[0x94][0xa6][0xa0][0xd6]<&[0x6][0xf4][0xba][0x5][0xd5][0xc4][0x10]1[0xb1]L[0xc1][0xfd][0xbe]9[0x89][0x99]E[0xa9][0xe0]t^[0x94][0x8a][0xbd]-i[0xc][0x9e][0xa2][0xa4]O[0xd1][0x82][0x18][0xcf]&}[0xfa][0xb9][0xac][0xb8][0xb4][0xa8]2[0xb1]$[0x17]k[0xe3][0xcc][0xd4][0x8]z6[\r][0x0][0x0][0x0][0xff][0xff]"
17:11:38.730 [main] DEBUG org.apache.http.wire -  << "[\r][\n]"
17:11:38.730 [main] DEBUG org.apache.http.wire -  << "5FB[\r][\n]"
17:11:38.730 [main] DEBUG org.apache.http.wire -  << "[0xca][0xcc]K/V[0xb2]2[0xd0]QrN,IM[0xcf]/[0x2][0x9d]Cf[0x15][\r]Y[0xbf]jhbd[0x82][0x18]L [0xef][0xda]+[0xb][0x13][0xa4][0xc9]g[0x1c][0x83]h[0x5][0x89]9[0xb9][0x19][0xd8][0xe7]9[0xcc][0xc][0xe8]V[0x19][0x81].h[0x80]fT[0x1c][0x3]h[0xf9]%[0xb9][0x95][0xb9][0xa0][0xf5]j[0xb9]9[0xe5][0xd9][0xa8][0xe9][0xdc][0xcc][0x2]4[0xb0]E[0x9f][0xf0]$[0xb7][0xc1]^[0x9c][0x9a][0xf][0xaa]o[0xd2]3[0x1d]2A[0xf7]6[0x96][0xe6][0xa1]Lz[0x98]Z[0xd0][0xab][0xab]l[0x82][0xb4]i[0x9a][0xe4]j?)17)1/[0xdd][0x0][0xc7]5[0xd1]F[0x6][0xf4][0x9a][0xc7]3A[0xda][[0x8d][0xab][0xc2][0xcc]-J[0xad][0x4][0xcd][0xe2][0x81][0x17]:[0xea]&[0x81][0x9a][0xea][0x19][0x89]Ee[0xd8]Z[0xb9][0x86][0x16][0xa0][0x1]\[0xba]$ [0xa4]}[0xd2][0x4]*[0xcf][0xa4][0xfc][0xd2][0xe4][0x8c][0xd4][0xa2][0x9c][0xc4][0xd2]"[0xd0][\n]"
17:11:38.730 [main] DEBUG org.apache.http.wire -  << "C[0x87][0x82][0xcc][0xe4][0x8c]|[0xf4][0xd5]y[0x86][0xf4][0xda]"d[0x2]:"[0x6][0x96]C[0xd7][0xdd][0xd8]xc[0xf9][0x8d][0xed][0x18][0xd3]{[0xf0][0xdb]vM-[0x1d][0xc0][0xab][0x17][0x92][0x12][0xd3][0xf3][0x12]sQ[0x92][0xba][0x89][0x5][0xbd]V[0xb3][0x98][0x80][0xae]"[0x83]:[0x19]W[0x5][0x9a][0x91]X\RZ[0x92][0x99][0x9a][0x93][0x93][0x88]m[0xb5][0x93][0x91][0x9][0xfd][0x12][0x6]R[\r][0xba]~[0x7][0xb6]S[0xcf][0x13]sR+[0xd2]@7Se[0xe6][0xa5]:[0xa4][0x15][0xa5][0xa2][0xce][0xcc]X[0x98][0xd0][0xad][0xb0][0x6][0x8d]EC[0xc3][0x15][0xf7](K%[0xa8][0x6][0xcc][0xcf][0xcb][0xc7][0x16][0xac][0xe6]f[0xa0][0xb6][\r]=[0xf2][0x1b][0xf8][0xee]F[0xa8][q/*[0x85][0xee][0xc4]3[0xc0][0xb2][0xc8][0xd8][0xd8][0x80]n[0x8b][0xf3][0x90]v*[0xe3][0xda][\n]"
17:11:38.731 [main] DEBUG org.apache.http.wire -  << "[0x94][0x9e][0x99][[0xc][0xba]2[0xdc][0x1][0xda]_A[0x19] 45[0x3]5w[0xe9][0x12][0xaa][0xa0]^64Tq[0xec][0x1]J[0xcc][0xc9]-/./.NMrH[0xaa],*/A[0x1b][0x14]1[0xb3][0xa4][0xd7][0xf8][0x94]1R+[\n]"
17:11:38.731 [main] DEBUG org.apache.http.wire -  << "[0xfb]^[0xb0][0xc4][0x9c][0x8c][0x94][0xc4][0xdc][0xd2][0xe2][0xd4]4[0x87][0xa4][0x9c][0xc2]"[0xb4]"[0xd6][0xdc][0xc8][0x82]N[0x1d]+c[0xa4]SuI[0xe8][0xcc]Ve:[0xe4][0x81][0xea][0xe5]tP[0x7][0x16]e][0x82][0x11][0xdd][0x8a]Zc[0x13][0xc4][0x2]y[0x12]FC[0x8a][0x12]32s[0x13]3@[0xa7][0x1a][0xe0][0x18][0xcf]1[0x7]-[0x94][0xa3]O[0x92]F[0xcc][0xce]8[0xe7][0x97][0xe6][0x15][0xa7][0xe6][0x80][0xae]TU(([0xae]L[0xce][0x0][0x9f][0x13]]\[0x82]Q[0xdf][0x15]eVeg[0xa6]e[0x16][0xa5][0x83]:aE[0xf9][0xd8][0x9a][0x16][0xe6][0x16]t+?@[0xd3][0x3][0xd0]L[0x89]sC,x[0xd0][0x3]\5[0x1b][0x99]"[0xaf][0xc0]A[0xed][0xe3][0xd2][0xe9][0xb4]k[0xd0][0xc2][0x4]D[0xad][0x87][0xa3][0xdd]_[0x9e]X[0x9c]fb[0x88]=y[0x98][0xd1][0xe9]f[0x1c][0x90]C[0x11][0xbd]A[0xbc]3L[0x19][0x89]U[0xb9][0xd0][0xb2][0xf]k[0xcd]g[0xe]*[0xe5][0xe9][0x92][0xa0]A'[0xcd]B[0x93][0x3][0xf9]][0xf2][0x9c][0xca][0xbc][0xc4][0xa4][0x9c]Jl)[0xdb][0xc2][0xc]td'}[0xbc][0x82][0xe8]u[0x11]=[0x8c][0x93][\n]"
17:11:38.731 [main] DEBUG org.apache.http.wire -  << "^t[0x98][0x9b]QY[0x99][0x98]SY[0x9e]T[0xe9][0x90][0x98][0x93][0x91][0x8d][0xb6][0x88][0xd6][0xdc][0xc0][0xcc][0x90]NS[0xd5][0xa0][0xc6][0x19]46p.[0xf8][0xcd][0xad][0xcc][0xcf][0x1][0xad]C[0xc5][0x96]p[0xcc][0xc0][0x9b][\r][0xe8][0x12][0xda][0xa0]0[0x81]:[0x15]W[0xdf]*[0xb1]4[0xa9][0xa8][0x12][0xb2][0xdb][0x14][0xb3]%jl[\n]"
17:11:38.731 [main] DEBUG org.apache.http.wire -  << "[0xda]/G[0x1f][0xa7]"[0xa6]R[0x9]MTBf([0x13][0x8b]J2J[0x8b][0x1c]RJ[0xb][0xf2][0xf3]JPV6[0x99][0x9b][0xd1][0xe7]n3S[0xb]c3[0xc4]T[0x93]s[0xa8][0x82][0x99][0xa5][0xa1][0x99]B`$F[0xe5][0x92][0x94][0x93]_[0x9a]Y[0xec][0x90][0x9d][0x93][0x8a][0xbe]'[0xcb][0xd0][0x0][0xd4][0xa6][0xa1]O[0x0]#[0x16][0x8e][0x91]>[0x8]V[0x98]RTi[0x82][0xf5][0xf0][0x5]S[0xba][0x8d],[0x19][0x9b]!j[0x18][0xdc]+~a[[0xb5]L[0x8d][0x90]+E[0x94][0xc6][0x94][0xa9]9[0xfd]R5[0xa2][0xae]I[0xcd]KOLOUH[0xc9]/[0x1][0x1d][0xa0][0xa9][0x80]t[0x4]([0xea]v[0xa8][0x8c][0xe2]<s[0xb][0x87][0x8c][0xa2]$[0xd4][0x91]1C[0xf0][0x4][0x9]}R[\n]"
17:11:38.731 [main] DEBUG org.apache.http.wire -  << "[0xa2][0x5][0x88]{[0xb5]HZ[0x16]h[0xeb]E^b[0x9][0xda][0xec][0x85][0xb9][0x11][0xdd][0xa6][0xdc]As:[0xd0][0xd2][\r]W/+[0xad] 3[0xb5][0xa8][0x8]<G[0x87][0xb9][0x15][0xc0][0xc4][0x9c]nN[0x5]-[0xdd][0x86]:[0x15][0xc7][0xe0]-[0xb8]%[0x97]Q[0x99][0x99][0x89][0xad][0x82]66[0x3][0x15]4t[0x89]|[0xd0][0xc1]@P[0x97][0xe2]Y[0x96]\[0x95][0x98]Q[0x94]hi[0x0][0x9a][0xa7][0xc8][0xad]DY[0xaa]ib[\n]"
17:11:38.731 [main] DEBUG org.apache.http.wire -  << "Z[0x8b]M[0x1f][0xa7]"J4[0xa2][0xdb][0xf9]%E[0x89]Y[0x89]%[0x89][0xd8][0x2][0xd9][0x84]~[0xed]{[0xd0][0xb9][0x19][0xd0]@&0t[0x98][0xc]^l[0x8a][0xed][0xc][0x16]s3z[0x9d][0xff]`[0xc][0xda][0x8b][0xb]u.[0x9e]4[0x1][0xea][0xb5]:d[0x16][0xa7][0xe6][0xa3].s3[0xa4][0xdf][0xb0][0xb][0xe8]$:[0xa8];[0xc9]o'C[0xd6][0x95][0x19][0x1b]b[0x1c][0x9a]eaF[0xb7][0x9d]C[0xa0]qU[0x98]G[0xb0][0x8f] f[0x82][0xa7] @{[0x92][0xb1]&e[0x13]Kz[0xb5][0x86][0xcd][0x11][\r]z<-[0xa0][0xd4][0x94][0xf2][0xc4][0xbc][0xaa][0xca][0xc4][0x14]l[\r]bS[0xb]P[0x93][0x9a].E[0x6][0xa8][0x7][0xf][\r]X[0x1c];8[0xb]R[0x8b][0x8a]2[0xf3][0x92]Ss2[0xf3][0x12][0x1d]r[0xd0]*73[0xba][0xcd]Y[0x1a]#][0x15]D[0xa0][0x88][0xc8][0xc8]KI,.[0xc9]M*[0xcf][0x1][0xf7][0x8c][0xb2][0xd0][0xd6][0xa1][0x18][0xd2]o[0x84][0x16]t[0xcc][0xb]4tq[0x8d][0xd2][0x17]g[0x96][0x9a][0x1a] [0xb7][0xcc]P[0xc6]=[0xcd]LA[0xcb]'[0xe8][0x93][0x12][0x10][0x8d]I[0xec]c[0x89][0x5])[0xa9]9[0x89][0x19][0x89][0x95][0xa0][0xdd][0x13])[0xa5][0xc9]h[0x85][0x9a]%[0xa8][0xac][0xa1][0x8f]C[0x11]MH<[0x85]oRb:x[0xf5]KF[0xbe]C^b[0x19][0xfa]Z$cS[0xfa][0xdc]L[0x2]Z[0xb7][0x89][0x98][0xe9][0xbe][0xb1][0xfe][0xc6][0x92][0x9b][0x1d]X[0xee][0x98]+O[0xcc][0xa8],M[0xc9][0xcc][0x83][0x9c][0xb9][0x3]^[0xed][0x90]_[0x84][0xd2][0x8a]04[0xa1][0xd7][0x89][0x90][0xc6]HGK[0xe1]([0x12]@;[0xfe]M[\r][0x1d][\n]"
17:11:38.731 [main] DEBUG org.apache.http.wire -  << "[0x12]KsP[0xfa][0x99][0x86][0x96][0xa0][0xbd][0xcb]tI[0x4][0x96][0x88][0xd4]J~[0xcd][0x96][0x98][0x97][0x9f]kl[0x8][0xdd]b[0x83]| [0x84][0xb9][0x9]}n[0xf1][0x0]%[0xf][0xa2]RsNIe^bNV[0x12][0xd6]=[0x9b]&f[0xf4]s-b$[0x19][0xf7][0x94]Sb^JQj[0xaa][0x99][0xb9]CJ[0x12][0xe6][0x96] 3S[0xba]-h[0x0]uj[0xa1][0xa5]/[0xae][0xed][0x1e]U[0x89][0xa9]y[0x89]I[0xe6]F[0xa0]}[0x8f][0xe9][0xf9]e[0x88]#A,[0xc0]{[0xb4][0xe8][0x91][0x94][0xc1][0x19][0x1b][0xea]L[0x2][0x15][ji^:[0xb8][0x99]cj[0x89][0xe3][0xe8][0x7][0xba][0xcd])[0x98][0x80][0x8e][0x13][0x80][0xba][0x1a][0xe7][0xb9]+I[0x89][0xe9][0x10][0xf7]fTb[0xed][0xc5][0x99][0x98][0xd0]k[0xc3][0x87][0x9]hW3[0xd4][0xb9][0xb8]jbH[0xb][0xb2][0xb8][0x14][0xc7]1[0x84][0xc6][0x96][0xa0][0xe5]%tI[0x11]H7[0xe][0x93][0xbc][0xec][0x1c][0x0][0x0][0x0][0xff][0xff]"
17:11:38.731 [main] DEBUG org.apache.http.wire -  << "[\r][\n]"
17:11:38.731 [main] DEBUG org.apache.http.wire -  << "33A[\r][\n]"
17:11:38.731 [main] DEBUG org.apache.http.wire -  << "[0xb2]R[0xca]K,J[0xa9][0xcc]33[0xc3][0xd6][0xb2]44[0xa2][0xdb][0xa2][\n]"
17:11:38.731 [main] DEBUG org.apache.http.wire -  << "[0xd0]ZBh[0x88][0x13];[0xd2]S[0x1][0x9d]4[0xc3][0xd6][0x82][0xa7][0xdf]I!&[0xa0][0xe9][[0x98][0xcb][0x89][0xdd]JXP[0x94][0x99][0x9b][0x98][0xb][0x1a][0xe1][0xce]I[0x4][0xed][0x17]B[0xdb][0xab]nj[0x8][0xea][0xc1][0xd0]%[0xf1][0x98] [0xc6][0x8d][0x9][0x15]'[0xb9][0x99]9[0x99][0xa9][0xe6][0x16][0xe]e[0xf9][0x99]9[0x89](5[0xb9][0xb9][0x19][0xc8][0x18][0xfa][0xb8][0x17]1b[0x8c][0xbd][0xdd][0x99][\r][0xa9][0xf8][0xaa]2*[0xb3][0xb]tA[0x13][0xda][0xb9][0x95][0xa8]mOSS[0xd0][0x12]M[0xfa]8[0x16]1[0xc2][0x82]k[0x84][0xad][0xb2]83[0x3][0xb4]{%[0x1d]T[0xa7][0x14][0xe4][0xe7][0x15][0xa4][0x16][0xa3][0xb4][0xe4][0xcc][0x8d]@+[0xc][0xe8][0xe2]ZP[0xb3][0x0][0x9a][0x90][0xf1]tE[0xb3]@3[0xc2][0xf9][0x99]8[0x8f]j[0x6][0x9f]5J[0x17][0xf7]"[0x8d]_[0xe2][0x1e]g[0xcd])MN[0xcd]M[0xcc][0xc9]I-[0xc1][0xda][0xbe]0[0xb5][0xa0][[0x9d][0x82]4h[0x85]s[0x8b]fqj>h[0x0][0x1e]t[0xcc]cr~*[0xc6]2[0x6]CC[0xd0][0xde][0x1c][0xba][0x4].[0xd2][0x98][0x15][0xae][0xd6][0x10]h!gi[0x9e][0xb1]!t[0x9]Nn)[0xda][0xe6][0x7]s3[0xd0]2[0xe][0xba][0xb8][0x16]i\[0x82][0xd8][0xda][0x3][0xbc][0x80](=+[0x11][0xb9]3[0x8d]|[0xfa][0x86][0xb1][0x11][0xbd][0x6]b[0xc1][0xcd][0x1a]h[0xc6][0xc3][0xb1][0x86][0xa8]2'17)[0xb5][0xa8][0xc4]![0xb5]$35//[0x15]u[0x97][0x89][0xa1][0x9][0xe8]&[\n]"
17:11:38.731 [main] DEBUG org.apache.http.wire -  << "[0xfa][0x4]4[0xa2][0xba] au[0xb][0xe8][0xfc][0x84][0xdc][0x92][0xd4][0xcc][0xe2][0xc4][0xc4]d[0x87][0xf4][0xd2][0xcc][0x1c][0x90]_Pj[0x10][0xb][0x3][0xd0][0xfe][0x15][0xfa]x[0x1]Q[0x83][0x10][0xda][0xde]V^^[\n]"
17:11:38.731 [main] DEBUG org.apache.http.wire -  << "[0x9e][0x86][0xc6][0xb1][0xb3][0xd0][0x94]n[0x1b]M[0x90]F[0x86]pU$[0x89][0x19]I[0xba]E[0xb9][0x89]y[0xd8]ZC[0xa6][0xe6][0xa0]m[0xc1][0xf4][0x9]]DO[0x9b][0xe8]I[0x85][0xf4][0xd4][0xbc]b[0x87][0xc4][0x9c][0xaa][0xdc][0xc4][0xdc][0xca]"[0xf4][0xe5]q[0xe0][0x9b]![0xe9][0xe3]tD[0xdf][0x9a][0x8c]vtZQbFeJqbn[0x86]CRJQe[0x1][0xea][0xf4][0xa3][0x91]1h[0x8][0x82]>[0xde]@[0x8c]([0xe3]^[0x93][0x9a][0x9f]][0x92]X[0x96][0x99][0x98][0x97][0x99][0x95][0x9a][0x93]Y[0x82]u[0xc5]/[0x1d][0xb3]$(uB[0xb]@\[0xdd][0xad][0xdc]L[0xf0][0xb5]?[0xa0][0x83].[0x11][0xa7]%[0xa1][0xc]~[0x1a][0x9a][0xd0]k[0x15][0xe]xv[0x0][0xea]^[0xd2][0xd7][0x2][0xa4]a[[0x8a][0x9f][0x9a]WU[0xa0][0x9b][0x94]W[0xae][0x97][0x94]Y[0x85][0x18]V03[0xa6][0xd7]!f&[0x96][0x88][0x82][0x1d][0xf7]PMybJ[0xaa][0xa5][0xb1]CZzb^[0xa5]nVU"[0xfa]P[0xb9][0x5][0xbd]&[0x84]M[0x90][0xf6][0xe5][0x13][0xbd][0xe][\n]"
17:11:38.731 [main] DEBUG org.apache.http.wire -  << "t[0x82]vj~[0x1e]h[0x1d][0xbe]Cfzi&j%j[0x6]>[0xc9][0x96].9[0x14]i[0xc8][0x14][0xe7][0xf2]D[0xc8][0xd8]n[0x9]hQh[\n]"
17:11:38.731 [main] DEBUG org.apache.http.wire -  << "[0xd6][0xad]S[0x86][0x86][0xa0][0x1d]M[0xf4]q/[0xa2]L[0xc7][0xbb][0xe2]/[0xaf]21/1[0xbb][0xb4][0xb8]4[0x17][0xeb][0x2]P3:]vlj[0x1].[0x9][0xa0][0x19][0x14][0xd7][0xc2][0xad][0xdc][0xcc][0xe4][0xc][0xd0][\r][0x1][0x96]f[0xd8]jL3[0x3]z[0x9d][0xf1]k[0x8a][0xb4][0xfb][0x18][0xf7][0xb2][0x9c]d[0xe8]9[0x18]([0xab]SMM[0xe8][0xb5]P[0xcb][0x14][0xe9].L[0xdc][0x8e][0xcc]H[0xcd]+[0xca]L-)I51s(I[0xad][0x0]][0xfc][0x84][0xe2]^[0xb]p)C[0x8f]$k[\n]"
17:11:38.731 [main] DEBUG org.apache.http.wire -  << "[0x1a]|[0x83]&[0x0][0xdc][0xc5]Y~Fj[0xbe][0x3][0xf8][0xc][0xbe][0xe2][0xfc][0xbc][0xf4][0xac]|[0xd4][0x2][0xc1][0xdc][0x94]^MRSbv[0x14][0xe5]$[0x82]*j3[0x1c][0x1b][0xce]L[0xe8][0xb6][0xe3][0xc1][0xd4][0x8]Q[0x1a][0xe0]<[0x9d] [0xaf][0xbc][0xa8]21'[0xa5][0xb2][0x18]4[0xa5]Z[0x9c][0x9b][0x88][0xb6][0x93]"
17:11:38.731 [main] DEBUG org.apache.http.wire -  << "[\r][\n]"
17:11:38.731 [main] DEBUG org.apache.http.wire -  << "24[\r][\n]"
17:11:38.731 [main] DEBUG org.apache.http.wire -  << "[0xc0][0xd0][0x98]^[0xdb][0xe2]M[0x91]v[0xe8][0xe0]\mZ[0x9][0xda]Hbf[0x8c]m[0xe6][0xcf][0xdc][0x1c]4*B~[0x92][0x5][0x0][0x0][0x0][0xff][0xff]"
17:11:38.731 [main] DEBUG org.apache.http.wire -  << "[\r][\n]"
17:11:38.731 [main] DEBUG org.apache.http.wire -  << "EB[\r][\n]"
17:11:38.731 [main] DEBUG org.apache.http.wire -  << "*[0xca],([0xc9][0x4][0x8f][0xb3][0xa6][0xe5][0x17])@[0xf6][0xae]*[0x14][0x94][0x16][0x15]`[0xdc][0xd1]b[\n]"
17:11:38.731 [main] DEBUG org.apache.http.wire -  << "[0xda][\n]"
17:11:38.731 [main] DEBUG org.apache.http.wire -  << "[0xe]M[0xb2][0xb8][0x1a]A[0xe9][0x99][0x90]}eY[0x99][0xd8]v[0x93][0x1b][0x82][0xdb]%[0xf4]q+bb[0x87]P[0x1f]*[0x1f]rwSRQi^j[0xe][0x8e][0xad][0xcc]t[0xeb][0xfc][0x99][0x1a]![0x1a][0xc7]x[0xab][0xb2][0x94][0xcc][0xc4][0xaa][0xd4][0x9c][0xd4][0xfc][0xbc][0xfc]"[0xc8][0xf5]1[0x99]y[0xa9][0x89][0xa5][0xa8][0x3][0x89][0x16][0xc6][0xf4]Z%b[\n]"
17:11:38.731 [main] DEBUG org.apache.http.wire -  << "[0xba][0x84][0x9][0x9a]6H=7[0xb2][0xa0](1%1/[0x11]|[0xff][0x17][0xb6][0x9a][0xce][0xc4][0x80]^k[0x6]L[0x91]&*[0xc8][0x9f][0x85]-JJ[0xc4]1[0xe5]ba[0x0][0x1a][0xb4][0xa2]K[0xfa]G[0x9a][0xad][0xc0]5[0xe9][0x9d][0x9f]R[0x94][0x99]^[0x9a]Z[0x9c][0x9e][0x98]T[0x94][0x99][0x9a][0x83]e[0xd4][0xdc][0xcc][0x8]4[0xe5]H[0x17][0xf7][0x82][0xc6][0x90][0xa1][0xe9][0x7]W{([0xa5][0xb4],1[0xa7]([0xb1]27?/[0x5]t&[0xb][0xe6]zOccP=E[0x1f][0xf7]"z#[0xd8]7[0xc3][0x0][0x0][0x0][0x0][0xff][0xff]"
17:11:38.731 [main] DEBUG org.apache.http.wire -  << "[\r][\n]"
17:11:38.731 [main] DEBUG org.apache.http.wire -  << "689[\r][\n]"
17:11:38.731 [main] DEBUG org.apache.http.wire -  << "R*[0x6][0xcd]n[0x82][0xf7][0xf0]X[0x18]b[0x9f][0xdd]43[0xa0][0xd7][0xf1][0xb9][0xa6]Hg)[0xe3]*[0xba][0xb]J[0x8a][0x12]AeIIjN[0xaa][0x11][0xca][0xd0][0x97]9[0xdd][0xee]G55A[0x8c]p[0x90][0xde]o-[0x1][0x9d][0x99][0x98][0x82]}j[0xd6][0x82]n[0x85][0x8][0xd2][0xfe]:[0xa2][0x7][0x98][0x8a][0xca]+S[0x13]ss[\n]"
17:11:38.731 [main] DEBUG org.apache.http.wire -  << "[0x1c][0x92][0xb2][0x8b]P[0x1b]y[0x16]f[0xa0]=[0x1e][0xf4]H[0xd3][0xe0][0xa3]^[0xa0]y[0x90][0xf4][0xc0]OO[0xcc]KI-O[0x84][0xec][0xd1][0xc6]6Uk[0x2]>[0xb6][0x8b]>[0x1e]AT[0xfe][0xa4][0x1d][0xd5][0x96][0x9e]W[0x99][[0x94][0x98]U[0x89]}[0xb][0x9b][0x11][0xfd][0x6];[0x90]Z[0x1]D[0xa7][0xa1][0x8c][0xdc][0x94][0xc4][0xbc][0xa2]4[0x1c]n7[0xa0][0xdb]9&[0x14]4[0x5][0xb2][0xca][0x13][0x8b]A[0x83]}[0xa5])z[0x98][0x87]`[0x1b]Z[0xd0][0xe9]hB[0x13][0xd0]FVhF[0xc0]9[0xfc]Q[0x91][0x9b]XT[0x92][0x99][0x97]Z[0xe5][0x0][0xbd][0xfd][0x18]}[0xca][0xc3][0x80]^75[0x9b][0x90]q[0x8d]BR*hUErFbQ[0xe][0xe8][0x1e][0x85][0xc4][0xa2]|[0xf4][0xb3]K-[0xe9][0xd5]s7[0x1][0xad][0xe0][0x80][0x86]6[0xee][0x9e]p[0x12]x[0x9d][0x10]h9tei[0x9e]CJQjbnyf[0x15][0xea][0x10][0xb6][0xb1]9[0xdd]&[0xc4][0x90]n~[0xc0][0xb3]f[0xb3][0xa8]4%[0xd3][0xcc][0x12]{[0x86]47[0x7][0xe5]q[0xba][0x14][0x87][0xa0][0xb9]7h[0x0][0x13]][0x98][0x94]e&[0x97][0xe4][0x17][0x19][0x1b][0x83][0xe][0xe2][0xcd]I-J.D[0xed]Y[0x98]Y[0xd2]ko[0x82][0x9]h[0x13].[0xd4][0xf5]8[0xfb][0xc7]Y[0x99][0xa9][0xa5][0xe0][0xfb]a+KQ[0xf]01[0x2][\r][0xb][0xd1]%[0x90][0x91][0x1a][0xb0]d[0xcc][0xcd]@[0xb6]"[0xa7][0xe4]T[0xe6]:$[0xe5][0xa1][0xdd][0xc2]jnI[0xaf]-[0x84]& [0x8b][0xa0]aM[0xec],uiqfQbf[0x9][0x8e][0xc5]![0xa6][0x86]t[0x1b]p[0x7]Y[0x4]u;[0x8e][0x1d]XI[0x89][0xd9][0x99][0xf9]y[0xf9][0xa0][0xf5],[0xb9]I[0x99]y[0xe9][0xd8]3[0xa6][0x19][0xf8],/[0xfa][0xa4][0x19]Dk[0x17]G'[0xa2] )[0xbf]4'[0xb1][0xd2]!'1=[0xb1]([0x5][0xad][0x8a][0xb1]0[0x3]m[0x98][0xa4][0x8f]K[0x11];[0x6]q[0xe][0xa9][0xe5][0xe7][0xa4][0xa6][0xe4][0x97]V8`v ,[0xe8]v[0xd9][0x94][0x9][0xe8]T+h*[0xc0][0xb5]*$1'7[0xad][0xa4]2[0xb5]2[0x9][+[0xd5][0xd8][0x88]n[0xd5]6[0xd2][0x19][0x10]$[0x1c]![0x2][0xba],-15#[0x1f][0xcb][0xb9][0xd8]&[0xe0]sB[0xe9][0x92][0x1e]@[0x15]-4[0x98][0xc9])[0xed][0xb2]+s[\r][\r][0xb1][0x8d][0xf5]X[0x18][0x81]N[0xac][0xa4][0x8f][0x17][0x10][0xfb][0x18]H[0x1d][0xb1][0xca](M-[0x81]\[0x4][0x97]S[0xe2]P[0x92]Y[0x9c][0x9c][0x98][0x93][0x89][0xd2]c[0xb6]0[0xa7][0xd7][0xee][0x6][0xf0]eW[0xd0][0x98][0xc0][0xd5][0xb3][0x7]7[0x9d][0xb2]2[0xf3]L[0xc][0x1c][0xb2]P[0xeb]G[0xb]Cz[\r]s[0x9b][0x80][0xb2][0x15][0xd4][0x9d]8[0xb7][0x8d][0xe4]&[0x82]oHJ[0xcc]J[0xcc][0x6][0xdf]i[0x89]27cdD[0xaf]#[0x93]L@s[0xda]P[0xb7][0x92][0xde][0x11]NL*)N[0xcc][0x5]M[0xa1]g[0xe7]U9[0xa4][0xe6]U[0xa1][0xf6][0xe7][0xcd][0xcd][0xe9]5&k[0x2][0xba]6[0x11][0xea][\r][0x12][0x96]B[0x15][0x16]W[0xa6][0x98]a[0xbf][0xe6][0xdb][0x80]n'[0xac][0x99]"[0xea][0x1b][0x9c]=0[0xc8]I[0xaa]y%[0x99][0xe9][0x89][0xc5]%[0xb8][0xe][0x99]6[0xa2][0xdb]RZ[0xa4]3\p/[0xf6]L[0xa9][0xcc][0xcd][0x80][0x9c]vRXY[0xec]PQ[0x96][0x8a]v[0xca][0x89][0xa1][0x9]h[0x11]&}[0xca]?[0xc4]D[0x3][0xd1][0xbd][0x82][0xac][0xc4]TK[0x1c][0xe7][0xfb][0x98][0x9b][0x80]6[0x8a][0xd2][0xc5][0xe5][0xa0][0xcd][0xa4][0xd0]t[0x8d]k[0xac][0xb8]([0x1f]t[0x1e]crbQ~[0xe][0xe8][0x4][0xbe][0x82][0xfc][0xcc]"[0xd0]d/[0xf2]=[0x81][0xa6]Ft[0x1b]O[0x0][0x8d][0xe0]A[0x1d][0x8c]{n:[0x15]r.[0xbd][0x3]h[0x8d][\r]J[0xc1]gl[0x9][0x9a][0x96][0xa0]O[0xc8]"F[0xb5][0x89]m[0xff][0xc3]f[0xfc][0xd2]3s[0x1c]*KQ;[0xe4][0x86][0xe0]!E[0xfa][0xb8][0x1c][0xb1]f[0x12][0xfb][0xaa]{[0xf0]H|Viz)[0xa8][0xe]D[0x9]_[0xb]#[0xd0][0x88][0x15]}\[0x89]Xn[0x8f]g[0xd8][0xa0]8=13''[0xb1]([0xc5][0xa1][0x1c]4/[0x96][0x9f][0x8f][0xd2][0xb6]01[0x0][0x8d][0xf7][0xd0][0xc7][0xb9][0x88][0x89]t[0x1c]][0xaa][0xfc][0x82][0xd2][0xbc]t[0xb]#lM9[0x13]K[0xba]m[0x11][0x1]5b[0xa0][0xf9][0xb][0xcf][0xbe][0x80][0x94][0xcc][0x94][0xcc][0xd4][0xa2][0xe2][0x92]T[0xd0][0x95]-[0x99][0xa0]C[0xab][0x93][0x8b][0xf2]3+P[0x3][0xd7][0xd2][0x92]N'[0x8][0x82]W[0xc6]@[0x1d]M[0xfe]\cZzbn[\n]"
17:11:38.731 [main] DEBUG org.apache.http.wire -  << "f[0x91]ajJ[0xb7][0xed].[0xa0]&[0x1][0xd4][0x1b][0xf8][0xe7][0xab]A[0xb3]w[0xa0]U[0xd5][0xa0][0xeb][[0x1d][0x8a][0xc0][0xe3][0x8f][0xa8]cJ[0xe6]ft[0xbb]@[0x4][0xb4]e[0x13][0xea]h[0xdc][0x5]rz~n*b[0x8a][0x1d][0xeb]][0xb9][0x86]ft+[0x9a]A[0xe3]mP'[0xfb][0x85]{)[0x98][0x1b][0x9a]b[0x9e]B[0x95]hd[0xe2][0x0][0x9e][0x5]@+[0x86]MA[0x83]St)1[0x90][0x8e][0xc1][0xc1][0xd5][0x1b][0xa9]*[0xcd]I[0xcc][0xcc]NLJ[0xcc]K,[0xc7]zL[0x8b][0xb9][0x11][0xdd]:O[0xc4][0x9d][0x85][0x3]:[0xcc][0x17][0xb4][0x7]83[0x15][0xb4]M [0xaf]$[0xd5]!?[0x7][0xb2]f[0x4][0xa5][0xec]05[0x3][0xad][0x12][0xa6]O0#[0xea][0x11]B[0xab][[0xca][0x12]sR[0xf3]@[0x13][0x15]H[0x7]3"7[0x83][0xcc][0xe8]7[0xd0][0xf]:Q[0x1][0x9a][0x84]q\[0xa6][0x95][0x9]>8 [0xf]|m+J[0x1d]m[\n]"
17:11:38.731 [main] DEBUG org.apache.http.wire -  << "[0xde][0xf0]J[0x9f][0xb0]EL[0x1e][0xe2][0xa9]L[0xd2]32S[0x12]+[0x13]K@[0x7]$a[0xd9][0x14]gdiaN[0x9f][0xd3][\n]"
17:11:38.731 [main] DEBUG org.apache.http.wire -  << "[0xc1][0xcd]nh[0xa8][0xe2]X[0xe9][0x1][0x9a][0xe6][0xa9][0x4][0x1d]{[0xea][0x90]\[0xa6][0x97][0x9a]R[0x8a]X[0xbe]mjA[0xb7][0x15][0xe9][0xa0][0xf0][0x80]:[0x13]w[0x91][[0x9c]_[0x90][0x91][0x99][0x9a][0x94]X[0x94][0x94][0x99]Z[0x84]}[0x8d][0x87][0x91]9[0xbd][0xe][0xe9]1[0x1][0x1d]&[0xc]u2[0xee][0x1e]]VfF"hJ[\n]"
17:11:38.731 [main] DEBUG org.apache.http.wire -  << "[0xcb][0xa1][0x1c][0x16][0x86][0xa0][0x9e][\n]"
17:11:38.731 [main] DEBUG org.apache.http.wire -  << "][0x12]-[0xd2]ej8F[0x92][0xf3][0xb]2[0x93]AMJlg[0x18][0x98][0x9a][0xd0]m.[\n]"
17:11:38.731 [main] DEBUG org.apache.http.wire -  << "[0xd4][0xbc][0x82][0x86])[0xa9][0xa3]n[0xe9][0xa0]-[0x8][0xd8]Z[0x9a]f[0xc6][0xf4]:[0xfc][0xc4][0x4]tK-[0xd4][0xf9][0xb8][0x93][0x4]de|[0xa2][0xa9]1([0xbf][0xa1][0x9d]{blD[0xb7]%J[0xa0][0xb5][P[0xb7][0x6]%[0xe6]&b4[0x17]@[0xf7][0x1e][0x17][0xa4][0x16][0xe5][0x82]V[0xcc]T&f[0xe4][0xe7][0xa3][0xb6][0x1a],[0xc]@+S[0xe9][0x91]zMA[0xf5]=[0xd4][0xa5]x[0xba]E%[0xe0][0x93][0xd2][0xb0]][0xcb]kfH[0xaf][0xe6][0xae])[0xd2][\r]z8[0xba]D[0x89]9I[0x95]%[0x89]Ey[0x95][0x89]U[0xa0][0xb5][0xc5][0x85]I[0x89]yh;[0xc6]L[0xe8][0xb6][0xed][0xd4][0x14][0xb4][0x1b][0x17][0x1a][0xb2][0x84][0x1a][\n]"
17:11:38.731 [main] DEBUG org.apache.http.wire -  << "[0x89][0xc5][0x99]E[0xe5][0xa0][\r][0xff]F&[0xa0][0xc9]<[0xb4][0xb]BM[0xcc]A[0xcb][0x9a][0xe8][0x93][0x1a][0x10][0x8d][0x1b][0x9c]'q$[0x17][0x97][0xa6]d&[0x96]`_[0xea]e[0xc][0x1a]o[0xa1][0x8f]S[0x11][0x1d]d[0xbc][0x9d][0x9f][0xe2][0xd4][0xfc][0xac][0xd2]<s[0x13][0x7][0xcc][0xe3]4[\r][0x8d]A'[0x8f][0xd0][0xc7][0xb5][0x88][0xe9]F\][0x88][0x8c][0x92][0xca][0x2]l[0xd3]b&[0x96][0xf4][0x1a]t0E[0xba][[0x90][0xd8][0x8b][0x11][0x8b]A[0x8b][0x87][0x13][\r]-A[0xe9][0x16][0xe5][0xd4][0x1b]s#[0xd0]$[0x1b]}[0x2][0x17][0xd1]l$a6/[0x1b][0xb4][0x88](;[0xd1][0xcc][0x0]zh[0x13][0xda]Y[0x9b]ff[0xa0]m"tq?h+[0x9][0xb4][0xa4][0x0][0xf][0xfd][0x1][0x0][0x0][0x0][0xff][0xff]"
17:11:38.731 [main] DEBUG org.apache.http.wire -  << "[\r][\n]"
17:11:38.731 [main] DEBUG org.apache.http.wire -  << "A1D[\r][\n]"
17:11:38.731 [main] DEBUG org.apache.http.wire -  << ""[0xe6] [[0xd0][0xc4]R)hCofnqfn[0x16]Z[0x5]blN[0xaf][0xbb]d[0xc1][0x87][0xca]A[0x1d][0x8f]cziFb[0x11][0xa4][\r][0x8c][0xa5][0xaa]32[0xa1]W[0x7][0xd9][0x14]4[0xbd][0x9]u)[0xce]3[0x16]*rR[0xca][0xf3]R[0x8b]+[0x8b][0xb0][0xe5]Ds[0x3][0xd0][0xf6][0x16][0xfa]$[0x9][0xc4][0x98]*[0xce])[0xbb]4P[0xa5][0x8c]6[0xab]hn[0x8]Z@G[0x1f]'"[0xea][\n]"
17:11:38.731 [main] DEBUG org.apache.http.wire -  << "[0xf2][0x7][0xd1][0x12]3sSAK[0x87][0xb1][0xb5]-[0x8d][0x8d][0xe9][0xd5]4[0x6][0x1f][0xfa][0x2]M[0x1a]DO[0xc8][0x94]$[0xe6][0x16][0x94]&[0xe5][0xe7][0xe4][0xe7][0x81]<[0x0][0xee][0xe3]a[0xbd][0x9c][0xd7][0x94]nK[0xe3][0xc0][0xb7][0x0]C[0xbd][0x81][0xa3]?[\n]"
17:11:38.731 [main] DEBUG org.apache.http.wire -  << "9[0xc7][0x10]Tx[0x80][0xe]iA[0x1d][0x4]4[0xb3][0xa0][0xd7][0x8a]-S[0xd0][0xee]T[0xa8]C[0xf1]t[0xf4]A7[0x1e][0xe7][0x17][0xe7][0x97][0xa4][0xa6][0xa4]TB[0xda][0xf3][0xe9]H[0xfd]gC[0xba]m[0xe8]@[0xba]u[0x8f][0xe8][0xfd][0xc4][0xa0][0x93]Z@K&-[0x8d]@'[0xa0]d[0xa2],[0x8d]34[0xa2][0xdb][0x82]x[0xa4][0xb][0xe0]H[[0x8e][0x9d][0x95][[0x94]XUY[0xa8][0x9b][0x98][0x93]TX[0xe][0xba]P0;1[0x7][0xe3]z"[0x13]C[0xd0]([0x1e]]J[0x1b][0xa4][0xb][0xe1][0x88][0xad]#[0xb3][0x12]A[0x9b][0xb]3[\r],[0xa1][0x15]|yj[0x12][0xca][0xe9]I[0x16][0x16]t[0xab]z[0x90][0xae]X[0xcb][0xcc]+IM/J,IUH.-.[0xc9][0xcf][0xcd][0xac]JMQH[0xce][0xcf]+K-J[0x7]]`[0x87][0xd1]W,.M[0xce][0xcc](-I,[0xce][0xcf],[0xc1]V+[0x19]Y[0xd2][0xad]V[0x2][0xd5]-[0xd0]l[0x8b]s=hbN*[0xe8][0xc6][0xef][0xa2][0xf2][0xd4][0x2][0x7][0xd0]][0x94][0xa8]K0,[0xc0][0xb][0xbc][0xe9][0x92]b[0x90][0x8e]^[0xc3]1.[0x93][0x9c][0x9f][0x3][0xda][0x90]lj[0xea][0x90][0x9c][0x91]XZ[0x96]Z[0x82]Z[0x1e][0x1a][0x19][0x83][0xda][0xc3][0xf4]q+[0xa2]3[0x83]{[0x1d]vybNIyI[0x1e][0xae]-[0x12][0xc6][0x86][0xa0][0x91]([0xfa]8[0x17][0xd1][0x9b][0xc1][0xd1][0xe6]+[0xaa]LI[0xcc][0xc9]-[0x1][0x1d][0x9b][0x8c][0xa5][0xd1]gbdaD[0x9f]!ZS[0xe4][0xd5][0xe2][0xcb]o6[0xde]Xu[0xb3][0xf9][0xc6][0xf2][0x1b][0x1b]1rYQy[0xa5]9[0xd6]c[0xe][0x8d]M[0xe9][0xd6][0x94]FZ,[0x8e]}"[0x1d][0xb4]h%+[0xa7]2[0xc7]![0xb7](1E7[0xa5][0xa8][0x1c]}t[0x83]n[0xf7]\[0x9a]"-[\r]'[0xbf][0xf5][0x97][0x3][0xdd]sR[0x90]ZT[0x9a][0x8b][0xb9][0xed][0xc4][0xc4][0x2][0x14]{tI[0xd1]H[0xab][0xaf]IX[0xaf]U[0x9a][0x89]|@[0x18][0xea][0x81]3F[0xa0][0xf9]8[0xfa][0xb8][0x1d][0xd1]W[0xc0]Y*[0x83][0x96][0xf7][0x15]'[0x1a][b[0xab]@[0xc][\r][0xe9][0x17][0xcc][0x88]r[0x8e][0xd4]![0xe8][0xc4][0xa4]r[0xdd][0xd4][0xca][0x94][0xd4][0xa2][0xa4]J[0x87][0xaa][0xa4][0xca][0x14][0xdd][0xf2][0x8c]$[0xb4]s[0x94],[0xc0][0xed]J[0xba][0x84][0xb9])b[0x5]+[0x9e][0x6],[0xe8]|AK[0xb]P[0xf3][0xa3]([0x15][0xed][0x1a]%cz-|1[0x5][0xcd][0xd9]@+m[0x12]FG[0xa0]kv[0xf2][0xc0]'`8T[0x96][0xe6]e$[0xa2]6b[0xcd]L[0xe9][0xb5][0xc6][0xc4][0x94][0xa2]5[0xa1]y[0x89]E[0x5][0x89]%[0x99][0x89]E[0xe9][0xa0][V!%[\r][0xca][0x8d]E[0x16][0x16][0xf4]:[0xa9][0xcd][0x14]iU([0xee]j[0x1e]t[0xf6] |[0xff]2[0xce][0xf2][0xc5][0xcc][0x98]ng[0xd0][0x80][0xe][0xb9][0x80]& [0xbc]#[0xad][0xf9][0x90]3[0x1f][0xb1]o[0xb8]61[0x3][0x8d][0x87][0xd3]%o"[0xed]C [0xba][0xbb][0x96][0x95][0x9]I[0xf0][0xa0]{[0x97][0xb0][0xef]p3[0xb4][0x4][0x9d][0xb3]G[0x1f][0xf] [0x96][0x87][0xde]l[0xbb][0xb1][0xfc][0xc6][0x16],[0xed][0x95]l[0xf0][0x1][0xc1][0xc5][0x89]E8V[0xdf][0x9a][0xd1][0xed]B[0x15][0xf0][0x9d]D[0xb0][0xf4][0x81][0xeb][0xca][0xeb][0xcc][0x82][0xa2][0xc4][0xe2][0xd4][0x92][0xca]|[0xd0][0xa4]}nf[0xe]JG[0xcc][0xd8][0x90]n[0x13]sHK[0xe1]q-[0x92]I[0x83]/[0x1]L[0xc7]<r[0xde][0xc2][0x2]t[0xfa]7]R[0x1][0xa8][0xd9][0x9][\r]V[0xdc][0x85]EVi^zq)t [0x10]u[0xd9][0x86]![0xdd][0xa6]b@S[0xed]P[0x97][0xe2]l[0x80]$%f[0x15]%[0xa6]g[0xe6][0x99][0x1b]`[0xdf][0xfa]eb@[0xb7][0xce][0x96][0x19]b[0xa5]-[0xae][0xb5]0Y[0x99][0x19][0xa5]Xn[0xb9]62[0xa5][0xd7][0xae]/S[0xd0][0x9d]d[0xd0]0%}[0x1f]DjIb[0x12]l[0x17][0x4][0x96]DlL[0xbf]N8[0xe8][0x94][\r][0xa8]7pN([0xe6][0x82][0xe]m[0x81][0xdc][0xd4][\r]:[0xd4][0x18][0xf9][0x9c]]C3[0xba]M}[0x82]b[0x16][0xea]R[0x9c][0x89]8[0xaf][0xb0][0xb2]X7[0xb5]2'1[0xf]{"65[0xa3][[0xbf][0x16]i[0xdd]-[0xa9]-i[0xd8][0xa6]yKS[0x8c]k[0xb8][0xcc][0xcc][0xe8][0x97][0xb][0x11][0xdb]LH[0xe8]q%[0xe5][0x97][0x82]v[0x17]d[0xa5]&[0xe6]a[0xdd][0xfd]ehI[0xaf][0xf5]([0xa6]H'[0x8c][0xe3][0x18][0x4]I*[0xca]L[0xcf],)I50[0xc6]~[0xb4][0x95][0x99]%[0xbd][0xce][0x17]7EZ*Lt[0x9b](91[0xb5]<5?[0xf][0x94];[0x8b]*Au[0xc][0xea]"[0x15]3Czm[\n]"
17:11:38.732 [main] DEBUG org.apache.http.wire -  << "[0x3]_[0xf3][0x2][0xcd][0x9b][0xb8]j[0xed][0x92][0xcc][0xa2][0x92][0xc4][0xca][0xc4][0xe2][0xc4][0xf2][0xcc][0xa4][0xcc]bPS[0x1f][0xeb]d[0x8c][0x19][0xfd][0x8e][0xc2]CZ5[0x8c][0xa7][0x8b][0x8][0x9a]7[0xca][0xcc][0x3][\r]C&[0x96][0x82][0x96]h;[0x80][0xce]I[0xc4][0xd8][0x85][0xe][0xea][0x1][0xd1][0xa5][0xd1][0x1][0x1a][0xb4][0x80][0x86]4[0xce][0xa6]gqF~^:[0xf2][0x11][0xff]([0xed][0xe]c[0xb][0xd0]:[0x1d][0xfa]8[0x16]1[0xf0]A[0xfe][0x18]TZ~iQ^fjQZQjJjQf2F[0x99]hl[0x1][0xea]P[0xd0][0xc7]C[0x88])U|K[0xdc][0xf2]r3[0xf3][0x8a]K[0x1d][0x92][0xf3]S[0x93][0xf3]SQf[0x96][0x8c][0xe9][0xb6][0x87][0xc2][0x14][0xb4]Y[0xe][0x9a]Rp[0x14][0xe0]s,2[0x8b]R[0xf3][0xf2]AG[0x8f][0xa7]8$g[0x14][0x81]O[0xa8]G[0x9b][0x11]0[0x7][0xb5][0x11][0xe8][0x13][0xbc][0x88]ak[0xa2][0xb][0xc1][0xd4][0x9c][0xfc][0x94][0xcc]T[0x13]K[0x87][0xa2][0xd2][0xcc]*[0x94]5[0xe7][0x16][0x6][0xf4][0xda]ug[0x8a][0xb4]z[0x9b][0xd0][0xfd][0xdd]%[0x89]E[0x99][0x19][0xf9]E[0x89]ye[0x99][0xa0][0xf3][0xde]![0xe3][0x1d]hK[[0x8c][0xe8]v2[0x4]x[0x8c][0x8][0x9a]J[0xf0][0x14][0x82][0x85][0x89]9y[0xc5][0x89]E[0xa0]5{[0xe0][0xc9]#[0xd4][0x8a][0xc6][0xc8][0x4]T{[0xd1]'[0x85] z[0xde]8&[0xd0]Ag[0x0][0x80][0xce][0x89][0xce][0xc8][0xc7]q[0x12][0x8e][0xa1][0x5]h[0x83]>]\[0x8b]t[0xb1][0x5][0xae][0x83][0xff]AE5h*[0x1a]<[0xba][0x81][0xe5][0xdc][0x2]csP>[0xa6][0x8f]k[0x11]C[0xa6]8[0x97][0xdf]d[0xe6]f[0x82].[0xcd]JI,[0xcd]E[0x9d][0x8b][0xb3][0xa0]_o[0x16][0xd4][0x84][0x87]%[0xd9]|[0xd0]}699[0x99]y[0xe9][\n]"
17:11:38.732 [main] DEBUG org.apache.http.wire -  << "[0x5][0xc5][0x95][0xc9][0x19][0xf9]9[0xf9][0xe9][0x99][0xc5]%[0x18][0xb3]GY%[0x19][0x89][0xb9]E[0x99]y[0xa0]Up[0xa8][0xb5][0xa1]1h[0x1a][0x92]>[0xe1][0x8b][0xa8][\r]I[0xef]1[0x16]%[0xe7][0x97][0x16][0x95][0xe4]g[0x16]c9B[0xc4][0xd0][0x8c]n[0xf3][0xe4][0xa0]!6h[0xd8]c[0x9f][0x1][0xcb]K[0xcc]1[0xb2]tH[0xcc][0xc9]([0xae]D_[0xda]kjH[0xb7][0xd6]4[0xe8]<7[0xa8]3q[0x8c] [0x80][0x96][0x4][0x15]C[0x8e][0xba][0xc6]8[0xd2][0xd1][0x8c]n[0xf3][0xb4][0xa0]!b[0xa8];[0x89]]4Q[0x94][0x98][0x96][0x99][0x92][0x91]X[0x9c][0x98][0x97][0x98][0x1][0x1a][0xab]K[0xce]G[0x19][0xaa]3[0xb3][0x0]5k[0xe9][0x93][0x9e][0x11][0x1d]D[0x1c][0xf3][0xf7][0x90]}l[0xc6]F[0xd8]&[0xb5][0xcc][0xcd]A[0x95]&}[0x1c][0x8a]X~J[0xc6][0x81],%[0x89]9[0x95][0x89]Y[0x19][0x95]y[0x5][0xe][0x89]9[0xc5]E[0xe5]Eh[0x8d][0x13][0x3][0xd0][0x12]}[0xfa]x[0x4]Q[0xfb][0xe1][0x1c][0xac][0x81][0x9c]^W[0x94][0x9][0xda][0xd8][0x84]}[0x93][0xb4][0x11][0xf8][0xd8]0[0xba]8[0x18][0xb4][0xe9][0xf][0x9a][0xbe]q[0xf][0x91][0xe6]UUf[0x98][0x18]an[0xd4]56[0xa4]W[0xbb][0x1e]<[0xf5][0x1]u'[0xce]#5@5u[0x16][0xa8]e[0x1][0xaa][0x0]3[0xb0]]JoA[0xb7]c[0xeb][0xc0][0xa3]@P[0x7][0xe3][0xd8]j[0x1]ZB[0x98][0x9e]Q[0x99]ib[0x82][0xa3][0x1d]d[0x1][0xbe][0xbb][0x80][0x1e][0xc9][0xc0][0xc]4[0x7]u-[0xee]Km@C[0xba]&[0x96][0xd8][0x8e]q71[0xa6][0xd7]@[0x86][0x19][0xd2][0x12]d[0x9c][0xcb]z[0x8b][0xca][0xd3]*S[0x12][0x13]s[0xc0]'[0xd2]%[0xe6]T[0xe4][0xa4]%[0xa2][0xaf][0xf3]0664[0xa1][0xcf][0xfa][0x19][0xf0]p[0x9]4lq&[0xdd][0x2][0xf0]Xs[0xe][0xd6]C[0xbd][0xcc][0xcd]AG[0xd7][0xd3]%[0x19][0x80][0xc2][0x4][0xea]T[0x1c]=[0xd2][0xa2][0xc4][0xf2][0xca][0x9c][0xdc]T[0x87][0xf2][0x9c][0xc4][0x14][0xd4]^[0xa8][0x89][0x9][0xbd]N$1[0x3][0x9d][0x8a][0x3]u&[0xee]B[0xab][0x8]R#Te[0x14]%[0xe6][0xe9][0x96][0x14][0xa3][0x1d]Uca[0x6]j([0xd1]'P[0x11]}f[0x2]W[0x80]"[0xa6][0xa2][0xb0][0x96]^[0xc6][0x96][0xa0]s[0xd1][0xe9][0xe3]fD=[0x86][0xbb]<[0xc8]+/[0xd2][0x5][0xdd]B[0x91][0x97]ZUY[0xe5]P[0x82][0xbe][0x92][0xca][0x1c]t[0xa6]!]\[0xb][0xda]f[0x2]M[0xf][0xa4]-[0xd1][0xcd][0x6][\r]\%[0x96]'[0xe6][0xa5]'[0xa6][0x94]f`k[0x4][0x99][0x19][0xd3][0xad][0x8a]C^[0x9f]K[0xec]E[0xb7]I[0x89][0xe9][0xb9][0x99][0x90][[0x9d][0xb1][0xed][0xce][0xb2][0x4][0xed][0x8b][0xa1]O[0x14] [0xba]N[0xb8]:[0xd2][0x89]Ey[0x89][0xe5]%[0x89]%E[0xe]Y[0xe8]7[[0x19][[0xd0][0xad][0xfe]@ZG[0x8c][0xa3][0x88]K[0xcc][0xa9],O[0xaa]L-)[0xaa],[0xc6][0xba][0xa7][0xc2][0x82]^[0xbb][0xb2][0xcc]@[0xab][0x92][0xa1][0xe9][0x1a]g?5'[0xb3]859[0xbf][0xb4][0x18][0xeb][0x9d]%[0xf4][[0xa0]m[0x6][0xda]o[0xb]ul[0xb8][0x93][0xbb][0xae][0xb1][0xb1]%F[0x1f]?7[0xb1](=[0xb1]4%+[0xbf][0xb4]([0x5][0xb4][0xf1][\n]"
17:11:38.732 [main] DEBUG org.apache.http.wire -  << "sq[0x80][0xa1]1h[0x81]4}R,[0xa2]s[0x84]k?avbqiqQbniNeb[0x1e][0xd6][[0xc2],[0x8c]@[[0xc2][0xe9][0xe3]^D[0x1f][0x9][0xe7][0xec]jfVi[0x1e]h[0x9c]*[0x1d][#[0xcd][0xc2][0x92]^[0xc3]j[0xe0]se[0xa0]i[0x1][0xd7]9[0xa6][0xc5][0xb9][0xe5][0xb9][0x19])[0xd8]2[0x98][0x91])h[0x9f]:][0xc2][0x14]T[0x9f]B[0xdd]I[0xf4]pvneb[\n]"
17:11:38.732 [main] DEBUG org.apache.http.wire -  << "hU[0xbe]CbNREbQ%[0xea][0x95][0x82][0xa6]F[0xa0][0xc3][0xff][0xe8][0xe3]xD[0x91][0x8b][0xb3][0xaf][0x89][0xba][0x12].[0xb][0xed][0x84]3cc[0xfa]9[0x16]1/[0x83][0xa3][0xd8][0x85]][0x18][0x7][0xba][0xbf]6'[0xbf][0x4][0xbe]<[0x0][0xf5][0xb8][0x17][0xfa]9[0x18][0xb1][0xce][0x16]g[0xd9][0xb]*[0xcf][0xf2]KrR[0x8b][0x13][0xd3]S[0x1d][0xd2][0xf3][0x8b][0x8b]Ss2[0xd1][0xae][0xe2]22[0x0][0x1d][0x10]O[0x9f][0xf4][0x80]hg[0x92][0xbc]C&[0xb5] 39#?[0xcf]!)'?/%5[0x7]u[0xf6][0xc0][0xc4][0x84]^+m[0xcd]@[0xcb][0xa8][0xa1][0x19][0x12][0xf7]9+[0xe5][0x99]I[0xf9][0xe5][0xf9][0xa0]+[0xfb]R[0x8a][0xb0][0x9e][0xc1]ddF[0xb7]Z[0x4]i[0xc3][0x1][0xee][0xd9][0xde][0xd4][0xca][0x14]K[0xac]Cl[0xa6][0x96][0xf4][0xda]>o[0x86][0xb4]<[0x1f][0xfb][0xb8]pYjQ~^fai[0xaa][0xb1][0x85]CrNi[0x92].([0x11][0x15][0xe5][0xa1][0xaf][0xba][0x6]w[0xc0][0xe9][0x92][0x9e]A[0xa7]b@[0xd3][0x2][0xae][0x6]EejVi[0x9e][0xa9][0x19]h`eb^:j[0xb2][0xb5][0xa0]_[0xe9][0x6][0xba][0x88][0x1d][0xea]T[0x9c]][0xfc][0xc4][0xd2][0xa2][0xfc][0xa2][0xd4][0xa4][0xa2][0xd2]<,[0x13][0x4][0xe6][0xa6][0xa0][0x13][0x86][0xe8][0x13][0xac][0x88][0x92][0x18][0xe7]a[0xe8][0x19][0x89]E)[0x99][0x89]y[0xc5][0x95][0x89][0x19][0x89][0xb9][0xa0][0xa5][\n]"
17:11:38.732 [main] DEBUG org.apache.http.wire -  << "[0x5])z[0xc5][0xc9][0x19]([0xe3][0xd8][0x86][0x96][0xa0][0xb5][0xd8][0xf4]q2[0xa2],[0xc6][0xdd][0xdf][0xcf][0xcc][0xce][0x0][\r][0xb9][0xa7][0x97][0x16][0x97]d[0xe6][0x1][0x0][0x0][0x0][0xff][0xff]"
17:11:38.732 [main] DEBUG org.apache.http.wire -  << "[\r][\n]"
17:11:38.732 [main] DEBUG org.apache.http.wire -  << "1CF[\r][\n]"
17:11:38.732 [main] DEBUG org.apache.http.wire -  << "[0xc2]<[0x80][0xd9][0x8c]n[0xcb]N[0xcd][0x90][0xae][0x81]"z+tb^zzbRbebAiqA"xQ2[0x96]e[0x87][0xe6]t;[0xa4][\r][0xbc]j[0x10][0x9a][0xa4]qM[0xd0][0xa4][0xe6]$[0xe6]e[0xe6][0x94][0x96][0xa4]ao[0xcb][0x9b][0x1a][0xd2]k[0xd2][0xcb][0xc][0xd4]G[0x87]9v[0xfa][0x94]7[0xcb][0x1b]^ww[0xbc][0x99][0xb6]E[0xe1][0xcd][0xbc][0x9][0xaf]vlx3o[0xa9][0xc2][0x9b][0x8d]-[0xaf][&`[0xf4]H[0xf2][0xca][0x13]sL[0x8c][0xb1][0xb5]B[0xcd][\r]@c[0xa2][0xf4]I[0xde][0x88][0xc1][0x16][0x1c]S[0xe6][0x15][0xa0][0xad][0xe6][0xc5][0x99][0xe9][0x19][0xf9][0xa9][0xc5][0x89]([0xcb]U,[0xcc]@[0x97][0xa3][0xd1][0xc5][0x99][0xa0][0xde][0x3]4[0x90][0x9]-[0xa1][0xc8]IM[0xcb]/*[0x1]Mp[0x80].[0xe8]IN[0xcc]--F-[0x9b][0x8d][0xe8]7s[0x80][0xb4][0x8][0x1c]g3[0xb9] 9'575[0xaf][0xc4][0x1][0xeb]9[0x99][0xa6][0x16][0xf4][0xda]xa[0x86][0xb4][0xe][0x1c]W[0xa7][0xb4][\n]"
17:11:38.732 [main] DEBUG org.apache.http.wire -  << "t^[0x1b]zK[0xde][0x94]~[0xd5]2h[0xad][0x11][0x91][0xc9][0xa0],1''5[0x15][0xb4]&[0xf]|ljZ~ia)Z{[0xc2][0xc4][0x80]^75[0x81][0xaf][0x1b][0x81]:[0x1c]g[0x8b]>[0xaf]4[0xbd](?#?1%3;[0x11]{[0xdb][0xd2][0x84]nS[0xf9]ff[0x88]r[0x1][0xd7][0x98]ZIF~nbqIFjQjq*[0xd6][0xe5][0xbc]f[0xf4][0x1b][0x3][0x4][0xcd]kC[0x3][0x18][0xeb][0x91]m[0xe9][0xa0][0xb5][0xb0][0x95][0xa9][0xa9][0xa5][0xd8]n[0xd7]57[0x4][0xad][0x6][0xa6]KA[0x6]Z[0xdf][0xc]u'[0x9e][0x15]U[0xb9][0x89][0xa0][2RK[0xcd][\r][0x1d]RR[0x8b][0x93]3[0x12]s[0xb][0x8a]QV[0xaf][0x99][[0xd2]m[0xc2][0x3][0xb4][0xc2][0x8][0xea]b[0xd2][0x17][0xa6][0x94][0x81]F[0xae][0xf2][0xd2][0x8b]3[0xf3]Pj[0xe]#S[0xd0][0xc9][0x16]t[0x9]p[0xa4]UV[0xc4].[0xa2][0x0]O[0x8e][0xe6]f[0x9a][[0xe2][0x98][0x1b]5[0xb4][0xa4][0xd7]q[0xcb]f[0xa0]51[0xd0][0xc0]'[0xf6]H/[0xd0][0x18]\^V[0xa6][0xa9][0x19][0xe8]Py[0x94][0xad][0x92]&[0xe4]eG[0x0][0x0][0x0][0x0][0xff][0xff]"
17:11:38.732 [main] DEBUG org.apache.http.wire -  << "[\r][\n]"
17:11:38.732 [main] DEBUG org.apache.http.wire -  << "290[\r][\n]"
17:11:38.732 [main] DEBUG org.apache.http.wire -  << "[0xca][0x3][0x1d][0xdb][0xe2]B[0xd2][0x85][0xd7]fHKlpV|[0xc5][0xa9]I[0xa0][0xeb]'R[0xf3][\n]"
17:11:38.732 [main] DEBUG org.apache.http.wire -  << "R[0x8b]R3[0x8b][0x12][0xa1]S [0xc8]c.[0xe6][0xe6]t[0x1b][0xe2]D:[0xb2][0x14]gg:[0xb5]2)[0xb7]$[0xf][0xbc][0xce][0xb1]8[0x7]m[0xca][0xc9][0xd8][0x1c][0x94][0xb5][0xe9][0x93][0xa4][0x11]e[0xf3][0xcd][0xd6][0x1b][0xeb]ov[0xdd][0xd8][0xa8]pc[0xc5][0xcd][0xb6][0x9b][0xcd][0x98]m[0xcc][0xc4]$[0xd0]y[0xd1][0xe0]^[0x9][0xd6][0x15][0xf5][0xf4][0xbb][0xf8][0x17][0xdc]}[0x80][0xa6]e[0x9c][0x9d][0xbf][0x92][0xc2][0xaa][0xec][0xa2][0xca]D[0xf0]r[0x8f][0xa4][0xcc]*[0xa4][0xf3][0x82]L[0xe9]6[0x9d]d[0x89][0xd8]`[0x86]{[0x1c][0x8]2]jn[0xe6][0x90]^[0x9e][0x98]^[0x9]Zg[0x88]v[0x86][0x9b][0xa1][0x9][0xdd][0x8a]8[0xd0][0x82]4h[0xc0][0x92]6[0x5][0x9].[0xe8][0x8a]KM[0xcc][0xb0]o[0xfa]52[0x5]-[0xa6][0xa4]G[0x92]6[0x5][\r][0xad]B[0xbd]@(IW[0x82][0xb7][0xb5][0xe4][0x96][0xe6]a[0xeb]9[0x19][0x99][0x81][0x86]C[0xe8][0xe3]d[0xc4][0x9c][0x8][0xf9][0xdb][0x17][0xb2][0x13][0xf3]2[0xb][0x12]Sr![0xbd]n,g[0xad][0x18][0x19][0xd2][0xeb][0x9c]|S[0xd0][0x86]Sh[0x1c]`mBe[0x80]Nk63pH[0x7][0x8d][0x17]d[0xe6][0xa2]o[0xf6]37[0xa7][0xd7]0[0x92])[0xe8][0x1e]([0xa8]KA[0x3][0x85]$[0x9d][0xc7][0x94][0x99][0x9b][0x82][0xf5]t@3czu[0x6]L[0x91][\n]"
17:11:38.732 [main] DEBUG org.apache.http.wire -  << "[0x18][0x9c][0x5]aji^V&h[0xef][0x16][0xda][0xbd][0x9c][0x86][0x96][0xa0]n[0x1a]][0x12][0xb8]%b[0x8e][0x87]P[0x9e][0xcc].)[0xcf]55[0x3]-[0xec]-[0xcf][0xd0]M[0xcc][0xc9][0xad]J+B[0xed]s[[0x98][0xd2][0xed][0xb8]7K[0xc4][0x18]#[0xee][0xe2][0x1b][0xb2]l![0xa3]23[0xb]td[0x0][0x96][0x13][0xc8][0x8d],A[0x7]o[0xd0]'[0x9c][0x11]#[0x8c]8'W[0x13][0x8b]K[0x8a]2S[0xcc]L[0xb1]v[0xb3][0x8c][0xc],M[0xe9][0xb3][0x9e][0xcc][0x14]t[0xe8]=4[0xe7][0x11][0x1a][0x87]IO[0xcc][0xa9][0xa8]*[0xca]rHMJ[0xc9]@[0x9d][0xa7]4[0xa6][0xdb]mh[0xa6]HU#[0x9e][0xee]VJjyfieb&h[0xd1]4[0x96]2[0xd8][0xdc][0x0]4[0x1d]@[0x9f][0xb4][0x80][0xa8]Tp[0xc][0xc7][0xa5][0xe4]%[0x16]Wf&f[0xc0][0xe7](Q6,[0x18][0x9a][0x83]:[0xee][0xf4]q*[0xa2][0x15]J~[0xfd][0x97][0x6]Z{[0x98][0x9a][0x95][0xe3][0x90][0x98][0x3]9[0xee][0x1b][0xa5][0xc3]bf[0x6][0xba][0x1a][0x8e][0x1e][0xbe]1C:[0xf2][0x9d][0x84][0xfd][0xcc][0x15][0xb9][0x89]y[0xc5][0xa5]E[0xd8]Z"f[0xc6]t[0x1b][0xb8][0x3][0xad]0[0x87]fJ[0xbc]'[0xbc][0x14]g[0xe6][0x15][0x83][0x96]([0xe7]b][0xae]cf[0x8]*[0xf0][0xe9][0x13][0xd8][0x88][0x16]6[0xce]u[0xb4])E[0xe9][0x89][0xb9][0xb9]E[0x89]y[0xd0]n!J277[0x4]-[0xbb][0xa3][0x8f][[0x11][0xd5][0x9][0xe9][0xc3][0x1f][0xe0][0xfd]P[0x86][0xe6][0xa0][0x8b][0xd3][0x90][0xcf]E01[0xa0][0xdb]2.[0xd0]y'[0xd0][0xb4]A[0xec][0xf0][0x7][0xa4]n,.M[0x7]5?r2[0xcb]R[0xa1]U9[0x0][0x0][0x0][0xff][0xff]"
17:11:38.732 [main] DEBUG org.apache.http.wire -  << "[\r][\n]"
17:11:38.732 [main] DEBUG org.apache.http.wire -  << "9EC[\r][\n]"
17:11:38.732 [main] DEBUG org.apache.http.wire -  << "[\n]"
17:11:38.732 [main] DEBUG org.apache.http.wire -  << "([0xca]LNU[0xb2]2[0x4][0x9f][0x19]M[0x9f][0xb0]G[0xac]* [0xad]c[0x93][0x93][0x9a][0x9b][0x98]Y[0x94][0x9a]X[0x9a]R[0x94]Z[0xe9][0x90]^Z[0x99][0x8f][0xb6]4[0xc2][0xdc][0x82]n[0xe3]g[0x6][0x88]r[0x12]o[0xee]L[0x4][0x1d][0x3][0x83]~[0xf][0xa0][0x89][0x9](s[0xd3]%[0xb0]A[0xfd]khJ![0xb0]T[0x18][0xda]m[0x4][0xa7][0x8f][0xe2][0xd4]|PG[0x0]%w[0x9a][0x99]X[0x18][0xd3][0xa7]=b[0x6]:[0x89][0x17][0xea]h\s[0x16][0xa0][0xbd]\[0xa0]m[0xfa][0xc6][0x16][0xd8][0xab]L[0xb]3[0xd0]>"
17:11:38.732 [main] DEBUG org.apache.http.wire -  << "+[0xfa][0x4]1b[0xd9][0x1f][0xae]U[0x5][0xe0][0xdd][0x9e][0xa5]yF[0xc6]X[0x96][0xd4][0x9a][0x1b][0x82]fw[0xe9][0xe3]RD;[0x4][0xe7]h[0x18][0xec][0x8e][0xd0][0xa2][0xd4]t[0xd0][0xe]|,+[0xb],[0xc0]}J[0xba]8[0x18]4[0xd8][0x2]M[0x8]$w[0x9][0x13]s[0x12][0xcb]+K[0x12][0xb3] [0xb][0xca][0x1d][0x12]s[0xf2]0[0x16][0x9][0x9b][0xd2][0xed]"83[0xd0][0xa9][0xe9]P[0x9f][0xe0]i[0xb2]&[0x16][0x14]%[0x82]V"akz[0x98][0x1a][0x81]vV[0xd1]%[0xd8]A[0x8b][0xb3][0xa0][0x8e]%Ph[0x80]V[0x87][0x82][0x8a][\n]"
17:11:38.732 [main] DEBUG org.apache.http.wire -  << "[0xec]CM[0xa6][0x96][0xa0][0x11]c[0xfa]8[0x19]Q[0x1e][0xe3][0xee]n%[0xe6][0xe4][0xe5][0x82]7[0xb4][0x83][0x97]Y[0xea]&[0xe6][0x94]d$[0xa2]U!&F[0xa0]E[0xf3]tq2h-[0x3]4[0x94][0x89][0x9d][0x5][0x0][0xdd][0xf8][0x4]:f[0xb6][0xd2]!#1[0x5][0xb5][0xfb]ef[0x2][0xba][0xc4][0x91].[0xe]G:g[0x13][0xf7]V[0x8e][0x9c][0xc4][0xaa]R[0xd0][0x9a][0x9f][0xa2][0xc4][0x8c][0xdc][0xc4][0x12][0x87][0x82][0x14]=[0xb4][0x1b]tL[0xe9]v[0x19].[0xf8][0xd4]=hH[0xe3]l[0x99]&[0x96][0x16][0xa5][0xe6]d[0xa6][0x16][0xe5][0xe7][0xe4]$[0xe6][0xa5]8[0x94][0xa7]f[0x16][0xa3][0xad]00[0xa7][0xdb][0xbd][0xc3]fH'[0xe2][0xe1][0x9a][0xa7]M[0x5][0x8f]N[0x83][0x1a]sy[0x89]e[0xa9]h[0x3]3F[0xe6][0xf4][[0xc3][0x81]hI[0xe3][0xb9][0xab]*[0xb9](5[0xb7][0x12][0xfb][0x81]K[0xe6]F[0xa0][0xc9]<[0xfa]$\[0xc4][0x98][0xc][0xee][0xf9][0xfa][0xf2][0xa2][0xe2][0xd4][0xf2][0xca][0x94][0x2]le[0xb0][0x91][0x9][0xbd][0xc6][0x8f][0xcc][0x90][0xe][0xf8]$[0xb9][0xea][0xcb][0xcd][0x4]oZ54B>[0xa9][0x14][0xa5]1gh[0x1][0xea][0x1a][0xd3]'[0xd0][0x11][0xcd]#R[0xf]EK[0xcd]+I[0xcd]K76[0xc3][0xde][0xc4]31[0x0]5[0xf][0xe8][0xe3][0x7]D[0xc3][0x9]g[0x1][0x2][0xee][0x15][0xe2]8[0xf8][0xd3][0xd0][0x98]n3[0x9e]H[0xe3][0xfd]8[0x96][0xc5]g[0xe6]B[0xd6][0xcf]T[0xe6][0xe6][0xe7][0xa5]8[0xe4][0xe5][0xe7][0xa3].B0[0xa3][0xdb][\r]/fH[0x87]>[0x92]p[\n]"
17:11:38.732 [main] DEBUG org.apache.http.wire -  << "rrjrf[0xe]hMqQ>[0xc8]#[0xa8]g[0x92][0x18][0x9a][0x82]V[0x13][0xd1]%Q [0x9d][0x6][0x89][0xaf]I[0x97][0x93][0x92][0x95][0x98]W[0x99]W[0x9e][0x98][0x86]=[0x19][[0x80][0xb3]:}\[0x8c][0xe8]y[0xe3][0xdc]D[0x93][0x98]Rhi[0x8c][0xdd][0xa5]f[0xa6][0xf4]:[0xf8][0xd1][0xc]4k[0x3][0xad][0xb1]I-42[0xc1][0x8b][0x3][0x1d][\n]"
17:11:38.732 [main] DEBUG org.apache.http.wire -  << "[0xf2]K2S[0x8b]P[0x97][0xd7][0x18][0x82][0x16][0x1c][0xd2]'[0xa4][0x11][0x5][0x6][0xbe][0x1e]lqjrbQ[0x1][0xe8]>[0xe2][0xd4]"[0x7][0xd0][0x1]Q[0xe9][0xa9](.63[0xa0][0xd7]\[0xad][0x19][0xa8][0xf5][0x8][\r]qB[0xf3]B[0x90]}5[0xa9])[0xa0][0x1b][0xcc][0xa1][0xe3]x[0xc8][0xcb];[0x8c][0xe8][0xb7]J[0x1e][0xe9]d<<g[0xb3][0xa5][0x16][0x96]'A[0xb7][0xee]cY[0x1]m[0x8][0xde]"B[0x97]T[0x1][0xba][0x98][0x7][0x1a][0xc6]$[0xc]G[0xa7][0xc3]N[0xc3][0xc3]~[0x1][0xb0][0xb9]1[0xa8][0x18][0xa5][0x8f][0xfb][0x9][0x97][0x1f][0x85]%I[0xe6]X[0xce][0xf5][0xb0]0[0xa4][][\r]:b[0x6][0x1a][0xc8][0x4]:[0xaf][0xb9][0xa0][0x8d]a[0xa0]*[0xc4]!=[0x11]|[0xdc] J[0xde]32[0xa3][0xdb]p.[0xe8][0xd0]~[0xa8][0x93]q[0x8e][0xcb]T%[0xe6][0xa4][0x96]'[0xe6][0x14]b/[0x9a][0x8d][0xcd]A[0xdb][0x86][0xe8][0x93][0x8][0x10]=m[0xa2]w8[0xe6]$[0xe6][0x95]$[0x16][0xe5]$[0x96][0x94][0x16][0x80]N[0x1][0xc5]2[0x1b]glF[0xb7][0xa1][P[0x91][\n]"
17:11:38.732 [main] DEBUG org.apache.http.wire -  << "[\r]m[0x9c][0x13][0xf5][0x15][0xa0]a[[0xac]G&[0x18][0x1a][0xd2]m/)h[0xbc][0x15][0xea]P[0x12][0x9a]Ge[0x89]9Ui[0x95]E[0xe][0x90][0xd1][\r][0xdd][0xac]*[0x8c]C[0xb9],,[0xe8][0xd6][0x8b][0x1][0x1d][0x89][0x1][0xf5][0x2][0xa9][0xf5]xqizV"[0xca].[0x5][0x94][0x1e][0x8c][0x11][0xdd]N[0xba][0x5][0x8f]$C=AB[0xb1][0x9d][0x81][0xa3]/`f[0x9][0xda][0xd7]N[0x97][0xac][\n]"
17:11:38.732 [main] DEBUG org.apache.http.wire -  << "Z[0xba][0x3]u8[0xc9]}[0xc8][0xcc][0xac]L[0xd0][0xe2]jl[0xbd]`3S[0x3]3:[0xcd][0x4] [0xad][0x9][0xc2]q[0xe6][0x11][0xf8][0xc2]M[0xd0][0xa1][0x15][0xe0][0xf1][0x10][0xd4][0x3]d[0x8c][0x8c]A[0x13]et[0x9]j[0xd0],+4[0xa8]q[0xee][0xd7]K[0xca]/-[0xc9][0xcc][0x83][0xb4][0x9e]rR[0xb1][0x8f][0x86][0x18][0x1b][0xd1]m[0x82][0x19]iI[\r][0xb1][0x93][0x88][0xd0][0xe5][0x14][0x99]i[0x89][0xa0]c[0xe8][0xd0][0xae]r73[0x1][0x5][0x2]}B[0x1b]1[0x90]C[0xec][0xd0]iFnb[0xae][0x89][0x11][0xb6][0xe4]lb@[0xb7][0xa9]"[0xa4][0x85]6[0xb8]:`iE[0x89]y[0xc9][0xf9][0x99][0xc5]y[0xa9]e[0xa9][0xa5][0xe][0xe5][0x89][0xe9]y[0xe8][0x83]{[0x16][0xc6][0xf4][0xaa][0xeb][0xcd]A{[0x89][0xa1][0xa9][0x9a][0xe4][0xe2];1'71[0xcf][0xd0][0x10][0x92]P@[0x8b][0xcd][0xa1]3[0xcd][0xe6][0x96][0xf4]J[0xe1][0xe6][0xa0][0xdc][0xf]u>[0xde]I[0xda][0x82][0xfc][0xcc][0xa2][0xcc][0xd4]"[0xd0][0xe6][0xfb][0xd2][0xd4][0xa2][0xcc][0x92]T[0x87][0xdc][0xc4][0xe4]T[0xb4][0x81][0x5][0xb][0xd0][0xaa]#z[0xa4]ns[0xa4][0x3][0xc9]p.[0xb3][0xaf]L[0xcc]I[0xaa],N[0x4][0x1d][0x97]T[0x98]ZX[0xe][0xaa][0xee]s[0xb2]@g[0x92][0xa1],[0xb5]12[0x4]][0x93]J[0x1f]G#[0xb2]$[0x8e]q'[0xf0][0x4]3[0xe8][0xfa]U[0xc8][0xf5]UX[WF[0x6][0xf4]j[0x9a][0x98][0x83][0xae][0xb7][0x81]&[0xe]2N[0x88]LJ-I[0xcc][0xcb]L43[0x83][0xdc][0x81][0x8b][0xb2][0x8f][0xd9][0xd4][0x82]^[0xab]{[0xcd][0x91][0xce][0x1e][0xc2]5Q[0x0][0xb9][0xc]>[0xa9]4%[0x13]r[0xdf]7[0xe4][0xf4]i[0xb4][0xb2][0xdb][0xd8][0x80]^[0xcd]o[0xf0]y[0x89][0xd0]p'[0xd0]?KN[0xcc][0xcd][0xcc][0xc9]I50uHOD;[0x80][0xd3][0xd8][0x0][0x94]I[0xe8][0x92][0xb0][0x91]&Cq[0xcf]v%[0xe6][0xa4]V$[0xe6][0xa5][0x14]e&&[0xe7][0x17][0x97][0xa4]b[0x8e][0xaa][0x1a][[0x80].[0x7][0xa1][0x8f][0x83][0x11]9[0x11][0xe7]`uVbjF>$[0x1f]fb[0xac][0xf4]0[0xb2][0xa4][0xd7][0xc6]9[0xf0]4[0x15]q[0x89][0xa1][0xc]z[0x1d][0xac]CnbQIf^1j[0xe9]llA[0xaf][0xc9]q[0xf0][0x19]tP'[0xe3][0x9c]D[0xca][0xca][0xcc]+[0xcd]K[0xcc][0xc5]vf[0x92][0xb1]!h[0xa1]8][0x12][0x2]h[0xb4][0x16][0xea]Rb[0x1b]x[0xd9][0xc5][0xa5]E[0x95][0x89]%[0xb9][0x99][0xa0]b[\r][0xfd]J0CKz-[0xdc]4[0x7][\r][0xbd]@[0x9d][0x8e]gl[0xbd][0xa8]2[0xc5][0xd4][0x4][0xb4][0xc8][0xb4]$[0x9][0xb5][0xe1]onN[0xaf][0xa6][0xa8]9[0xd2]d8[0xde]6Fnbe[0xa2][0x5][0xe8][0x94]l[0xf0]q[0xc2][0xba][0xa0]5[0x90]z[0x99]yi[0xf9]HK[0xf0][0xc0]'[0xbc][0xd2]!eXZ"5[0xfd][0x83][0xe][0xaf]LN-([0xc9][0xcc][0xcf][0xcb][0xcb],.I[0xc5][0xd8]k[0x86])[0xf]m[0xc7][0x19][0xd1][0xe9][0xa4][0x19]3[0x3][0xf0][0xa9][0xf][0xd0][0xd4][0xf0]f[0xc6][0xd2]7[0x1d]s0\[0xe9]rxeYjN~AAji[0x91]B[0x8a]zbAANfr"[0xc8]W[0xc5][\n]"
17:11:38.732 [main] DEBUG org.apache.http.wire -  << "[0xb9][0xf9]I[0x99]9[0xa9][0xc5][0x88][0x80]63[0xa7][0xcf]n[0xb][0x90][0xcb][0x11][0xe7][0xeb]?m][0xf3]bU[0xef][0x93]=[0xb3]^[0xac][0xe8]x[0xba]x5[0x86][0x17]nl[0x1][0x9f][0xa8][0xbd]39#[0xb5][0xb8]$[0xb5][0x8][0xe1]\c:[\r][0x18][0x80][0x9c][0x8b]X[0xc2][0xeb][0x9c]Q[0x94]Y\[0x92][0x99][0x98][0x87][0x99]$[0x9e][0xec][0xe8]|[0xba][0xae][0xf5][0xe9][0xe6]m[0x10][0xc6][0xb3][0xb9][0x13][0x11][0x8e]55[0xa2][0xcf][0xb9][0x8b] [0xc7]"v[0xb2][0xb8][0xa7][0xeb])[0xf8][0x97][0x94][0xe4]+x[0x16]g'[0xe6][0xa5][0x80][0xd6][0x9d][0xe4]%[0x96]$*[0xf8][0xe5][0xeb])X[0x1a][0xc6][0xe4]E[0xe6][0xa7]W&f'[0x16][0x95]$[0xea](x%[0xe6]&e*X[0x18]X[0x98][0x1a]b[0xc4][0x1][0xf9][0xe6]@3[0x85][0xb1])}.[0xda][0x1]y[0x1f][0xb1][0xf0][0xc2]5%[0xb3]$[0xbf]HG!9?77[0xb3][0xb8]83?[0xf][0xdb][0xf6][0xde]W[0x9b][0xf6][0xbe][0xe9][0x98][0x89][0x88]*sC[0xd0][0xfe]<[0xda][0x97]7 [0xb7]"[0x9a]$)E[0x99]e[0xa9][\n]"
17:11:38.732 [main] DEBUG org.apache.http.wire -  << "[0xc9]9[0x99][0xc9][0xd9][0xc5][0xba][0x89]y)[0xba][0xb9][0xf9]E%[0x89]E[\n]"
17:11:38.732 [main] DEBUG org.apache.http.wire -  << "[0xb9][0xa9]%[0x19][0xf9])[0xe0][0xbb][0x1c][0xc0]y[0x15]uk2[0xb1][0xba][0xa0][0xd1]`h[0xc]j[0x18][0xd3][0xc7]k[0x88]9[0x91][0x80][0xfc][0xa2][0x12][0x85][0x1b];o[0xac][0xbf][0xd9]r[0xb3][0xb]#m[0xdd][0xd8]x[0xb3][0xeb][0xc6][0xf2][0x9b]m[0x88][0x8]0[0xb1][0x4][\r]E[0xd3][0xc7][0x95][0x88]E[0x18][0xee][0x89]y[0xe9][\n]"
17:11:38.732 [main] DEBUG org.apache.http.wire -  << "[0x1][0x89][0xc5][0x99]E[0xd9][0xf9]Y[0x90],bf[0x10][0x93][0xe7][0x9d]_[0x92][0xa8][0xe0][0x98][0x92][0x9b][0x9][0xaa][0x6][0x8a][0x12][0x8b]3[0x15][0xbc] 9F![0xb4]$[0xb1](QG!8T[0xc1][0xd2][0xd8][0xd2][0xc4][0x14][0xc3]c[0xf0]1[0xd1]T[0xdd]$[0xd0][0xa1][0xa1][0xa9][0xc5][0xc5][\n]"
17:11:38.732 [main] DEBUG org.apache.http.wire -  << "[0xa5][0xc5][0xa9]EH%[0xae][0x91][0x5]hI/[0xed]}jja[0x6]Zh[0x1][0xad]+p[0xec][0xb5]IK[0xcc],+J-H,[0xcd][0xc9][0xcc][0xc3]1[\n]"
17:11:38.732 [main] DEBUG org.apache.http.wire -  << "gnF[0xb7][0x99]b[0xd0]l[0x2][0xd4][0xbd]DO[0xa7]de$[0xa6][0x18][0x81]6[0xe6][0x15]&[0xa6]V[0x82][0xd6][0xb7]&[0x96][0xa7][0xa0]o\[0xb7][0xa4][0xd7][\n]"
17:11:38.732 [main] DEBUG org.apache.http.wire -  << "0s[0xd0]J"[0xa8][0xf]p[0x9f][0xa5][0x95][0x9f][0x9e][0x5]^[\n]"
17:11:38.732 [main] DEBUG org.apache.http.wire -  << "[0x9f][0x99][0x89]vb[0xa4][0xb9][0x9][0xe8][0x88]pz$[\r]s[0xd0][0xa2]{[0xa8]C[0xf1],UKILO[0xcd]10[0x81]Nl[0xa3][0xcc]9[0x98]X[0x80][0x1a]N[0xf4]q+RM[0x9c]X[0x94][0xf]J[0xaa][0x18][0x19]/)[0xb5](/[0xb1]([0x5]:z[0xe5]P[0x96][0x9f][0x99][0x93][0x88]:[0x85]I[0xb7][[0xd2][0xcc]Acz[0xd0][0xb0][0xc5][0xb5][0x8]>1[0xf][0xd4][0xeb][0x4][0x8d][0x2][0xe1]\[0x96]fn@[0xbf][0x0]F[0x94][0xdb]8[0x17][0xc][0xa7]$[0xe6]d[0xe6]f[0xe6]Y[0x9a]c[0x1b]665[0xa1]W[0x99]f[0xe][0xba][0xff][0x13][0x1a][0xb8]d[0xc]Ue[0x81][0xfc][0x0][0x9a][0xcf][0xc4][0xb2][0xf8][0xc1][0xd8][0x0]t"4}R4bI[0xc][0xee]q[0x14][0xd0][0xe5]y[0xc8][0xa9][0x3]e[0x95][0x5][0xe8][0xc4]I[0xfa][0xb8][0x15]1[0xc7]Mh1LRbQ>bN[0xa7]$[0xb3]891'[0x13]%[0x17][0x1a][[0x80][0x86][0x1a][0xe9][0xe2]n[0xa4][0xdd]>8[0x6]a[0xb3][0x93][0xf3]S[0xb1][0xa5]f3C[0xd0][0x82]S[0xfa]8[0x12][0xd1]'[0xc2]]_[0xa4]%[0xe5][0xe7][0xe5][0xa5][0x96]8[0xe4]$&[0xe7][0xe7]&[0xa1]mV32[0xa5][0xd7]"}sPo[0x86][0xfc][0xac][0x97][Z[0x9c][0x93][0x1][0xda][0xc][0x9b][0x98]S[0x9c][[0x4]>[0xff][0x4][0xa5]B12[0xa5][y[0x7][0xaa]e[0xe1][0x1e][0xc9][0xcc]+K[0xcd]+Q[0x0][0xdd][0x18][0xa4]P[0x9e][0x9a][0xa4]P[0x9c]ZT[0x96][0x99][0x8c][0xa5][0xdd][\r]Z![0x93][0x93]_[0x9a][0x9b]X[0x92][0x91][0x99][0x93][0x92][0xea]P[0x90][0x99]W[0x82]v$[0x8a][0x89][0x5][0xa8]x[0xa2]O[0xca]A[0xb4]b[0x89][0x1d][0xd0]J[0xcf][0xcc][0x5]][0xcc][0x99][0x9a][0xef][0x80]u[0xbe][0xc1][0x90]n[0xb][0xec][0xcc]A[0xa7]KA#[0x0][0xef]@QJQe)[0xe8][0xf8]Y[0xd0][0xb0]l~[0x11][0xd2][0xc4][0x99][0x91][0x11][0xdd][0xc6][0xe8]A[0xb3]FP[0xb7][0x12];[0xbf][\n]"
17:11:38.732 [main] DEBUG org.apache.http.wire -  << "?[0xec][0x17]zxuZQ*[0xea]ZFc[0xb]z][0x98]kn[0x88]([0xbe][0xb1][0x9f]L[0x9c][0x93]Z[0x94]_Y[0x92][0x99][0x9b]"
17:11:38.732 [main] DEBUG org.apache.http.wire -  << "[\r][\n]"
17:11:38.732 [main] DEBUG org.apache.http.wire -  << "D5[\r][\n]"
17:11:38.732 [main] DEBUG org.apache.http.wire -  << "_[0x92][0x91][0x9a][0xea][0x0][0x99][0x91]G[0xdd][0xf]kf@[0xaf]]y[0xe6][0xa0]M[0xcf][0xd0][0xc0][0xc6][0xbd][0x88]13[0xd3]!+3/+3/[0x13][0xe5][0xc8]53[0xb][0xd0][0x12]H[0xba]d>[0xd0][0x2]>[0xa8]3[0x9][0xcc][0xdb]d'V[0xa6][0x80]/[0xc9][0xc1][0xde][0x86]6[0xb6][0xa4][0xcf][0xe2][0x11]sP%[0x1]u1[0x9][0xeb][0xa7][0x10]S9&[0xa6][0xf0][0xc5]v[0xc8][0xeb][-[0xcc]@[0x87][0xfc][0xd3]'[0xcc][0x11][0xe3]&[0xb8][0xab]J[0xd0]%Z[0xc6][0xc6]X[0xee][0x11]5[0xb3][0x0][0x1d]F[0x1f][0x87]"Z[0xd3][0xb8][0x16]6[0xa4][0x16][0xe7][0xe7]9d[0x16][0xa7][0xe6][0xa3]$`##z[0xdd][0xe9][0x3][0xbe][0xf3][\n]"
17:11:38.732 [main] DEBUG org.apache.http.wire -  << "[0x9a][0x1c][0x8]5[0xea][0xca][0x8b]+s[0xd2]2r[0xc1][0x15]6[0xca][0x81]eFt;[0xc3][0xd7][0xdc][0x8][0xd1]^[0xc6][0xb9]L[0x11][0xd2][0xb4][0xc8][0xc8]-*NJ[0xcc]pH[0xcc][0xad],[0xcf][0xab][0xd4]-N[0xaa]Dk/[0x99]P0[[\n]"
17:11:38.732 [main] DEBUG org.apache.http.wire -  << "[0x0][0x0][0x0][0xff][0xff]"
17:11:38.732 [main] DEBUG org.apache.http.wire -  << "[\r][\n]"
17:11:38.732 [main] DEBUG org.apache.http.wire -  << "7CE[\r][\n]"
17:11:38.732 [main] DEBUG org.apache.http.wire -  << "B[0x1d][0x87]K[0xcb]/RH[0x7][0x9f][0x1e][0xa8]PPZT[0x90]_[0x9c]Z[0xac]T[0x1b][[0xab]S[0xad][0xe4][0xe9][0xa2]deja[0xe][0x9a][0xf9][0x86][0x6]2[0xae]~`nbQf^j[0x12]h[0x1b][0xa5]CQje^bi[\n]"
17:11:38.732 [main] DEBUG org.apache.http.wire -  << "J[0x83][0xd9][0x14][0xdc][0xe1][0xa1]K[0xba][0x5][0xe5]d[0xa8]sI^![0x97][0x92][0x98][0x9c][0x99]W[0x9e]X\RZ[0x92][0x9][0xba]c65[0xa5][0x14]1[0xb6]gH[0xb7][0x9b][0xb5][0xcc]A7[0x13]@[0xfd]@[0xda]y[\n]"
17:11:38.733 [main] DEBUG org.apache.http.wire -  << "[0xa0][0xb9][0xbe][0xfc][0xbc][0xfc][0xe4][0xcc][0xbc][0x94]JlE[0xb5][0xa1][0x1][0xbd][0xd6][0xf9][0x99][0x83].[0xe4][0x85][0xfa][0x1][0xc7]:[0xbf][0xc4][0x9c][0xd4]\[0xd0][0x1c]Uj[0x91]Cnj^J*[0xea][0xa6]%S[0xba][0x9d][0xa1]k[0xe][0xba]}[0x3][0xea]Tb[0x1b][0xa1][0xa9]y)[0xa0]][0xb0]y[0xe9][0xa5]y[0xc5][0xa0][0xb3][0xef][0xb1][0x9e][0xd9]hdH[0xaf]u[0xfc][0xe6]Hwb[0x80][0xe7][0x9c][0xd6]c[0xe4]s[0xd0][0xb2][0xb3]b[0xb]3l=ES3[0xd0][0xb2]R[0xfa][0xe4]ND[0x11]H[0xfa])-I[0xb9][0x95]Ei[0x89]I[0xd8][0xbc]`d[0xe]j[0xe0][0xd2][0xc7][0xb][0x88][0xa6]([0x8e]C[0xef][0xb]@[0xb][0xcf]J@c[0xed][0x95]X[0xaf][0x1e][0xa1][0xdf]!k[0xe6]H;[0xd2]q[0xee]C[0xc8][0xcd][0xcc][0xcb]*[0xcd][0x3][0xed];N)JM[0xcc]-[0xcf][0xac]Bm8[0x9b][0x1a][0x81][0x8e][0x16][0xa6]K[0xd8][0x82][0x86][0x83][0xa0]9[0x11][0xe7][0x9a][[0xf0][0xb9][0xb9][0xa5][0x16][0x96][0xe][0x99][0x99][0x18]{[0xfd]M[0xcd]@[0xe3]%[0xf4]q*b8[0x97][0xe4]z[0x6]T[0xc9]g[0xe7]U[0xa5][0xe6]$:[0x94]T[0xea]&[0xe5][0x95][0xa3][0x6][0xb8]!x[0x0][0x9e]>[0xbe]@[0xcc][0xb8][0xe2][0xee][0xa9][0x14]%[0xe6]&[0xa6]$[0xe6][0x81]n[0x91]K[0x4]m[0xfb]/[0xc8][0xcf]+H-F] gJ[0xbf][0x5]F[0x88][0x86])[0xf6][0xae]`Fj>x[0xa7][0x1][0xbc][0xa9][0x8f]2@cb[0x1][0xca][0x13][0xf4][0x9]\Da[0x87][0xb3][0xbd]W[0x5][0x1a][0xc6]MJL[0x7][0x8d][\r][0xa0][0xb8][0xd3][0xc8][0x88]n[0x9d]k[0xd0][0xcc][0x18]4[0xd7][0x91]1[0x18]][0x9c][0x99][0xb][0x9a][0x1]H/[0xc6]q[0xd2]+xy[0x15]][0xc2][0x1b][0xb4][0xd0][0x14][0xea][0xf]\K'[0x13][0xf3][0xf2]K[0xb3][\r]M[0x1c][0xca][0x13][0xf3][0x12]S[0xf2][0xf3]Q[0x1b][0xa9][0xc6][0xf4][b[0x84][0xc8]v$[0xf4]c[0x93][0xc0][0xe1][0xc]Zo[0x9b][0x95][0x99][0x87][0xe3][0xcc]sc[0xf0][0x85][0x90][0xf4][0x9]n[0xc4]r[0x5][0x2][0xc3][0x7][0xa0][0xdb][0xee]A+8@[0xc7];[0x81]V[0x8f][0xe7]V[0xa2][0x14][0x1e][0xe6]f[0xa0]M![0xf4]q3Q[0xdd][0xef][0x8c]"[0xac][0x8d][0xc][0x13]S[0xd0][0xc4](}[0xdc]I[0xa8][0x90]KI[0xcc]+[0xcd]J,OLN[0xcc]K[0xc4]^[0xd0][0x99][0x9a][0x83][0xee]Z[0xa0][0x8f]kI[0x1f][0xc5]-N-[0xcd]K[0xcf][0xcd][0xcc]36[0xc0]>[0x8c]ka[0xc]Z[0xeb]H[0x1f][0xd7]#[0x8a]i<+[0x13][0xd3]r[0x12][0xf3][0xd2]s[0xf2]3[0x8b][0xb1][0xcc][0xca]Z[0xd0][0xed]`Ws[0xa4][0x9b]jHo@[0xc3][0xc6]G[0xcd][0xcd][0xb1][0x9e]OkbH[0xb7]F4h[0xb9][0x1e][0xb4][0xa8][0xc6]5[0xba][0x94]U[0x99][0x93][0x98]gl[0xe4][0x90][0x98][0x93][0x2]Z[0xc][0xa1][[0x91][0x97][0x92][0x86]z@[0x92][0x89]![0xdd][0xa6][0xe1][0x90][0xce][0xe0][0xf0][0xb][0xf7]R07[0xc4]\4[0x93][0x94][0x98][0x9e][0x8f][0xab][0x12]4[0xa4][0xdb][0xea][0x13]sP[0x97][0x13][0x1a][0xb2][0xb8]*[0xc1][0xdc][0x8c][0xac][0x92][0xc4][0x1c][0xd8]=[0xe]([0xad][0xe][0xb]Cz][0xd8]f[0x8e]t[0xd8][0x6][0xce]U[0xd7][0xb9][0x89]E[0xc5][0x99]%[0xf9][0xf0]+[0xb8][0xb1]u[0xfd][0xcc][0xc0][0x87][0x7][0xd3][0xa5][0xa4][0x0][0x1d]D[0x2][\r][[0x12][0xaa][0xed][0xc4][0xbc][0xdc]Lp[0xcd][0xed][0x80]u[0xc2][0xca][0xdc][0x4]t[0xf2]$}[0xdc][0x8f][0xa8][0xfd][0x8][0x8d][0x97]f[0x16]'&[0xa5][0xe6][0xe4][0xa4][0x16][0xe4][0x97][0xe6]$b=[0x87][0xd6][0xdc][0x12][0xb4]0[0x8b]>[0xee]F[0xd4][0x86][0xb8][0x86] [0x93]s[0x12]KS2[0xf3]R[0x8d][0xc][0x1d][0x8a][0x13]K[0xcb][0x12][0xd3][0xd1][0x7]LM[0xe8]Vw#[0x9d]t[0x82]c,&[0x1f]|[0x92]![0xa8]d+./D[[0xe6]e[0x6][0x9e]V[0xa4]O[0xb0]"*>\[0x85]ZnUF[0x91][0x99][0xa9]CVb.[0xb8][0x9b][0x8a][0xb2][0x15][0xcd][0xc4][0x4][0x94][0x1f][0xe8][0xe3]R[0xc4][0x98][0xb][0x81][0xa6]fR^i[0x11]d_[0x14][0xe8]F[0xa3][0x8c]|[0xb4][0xa9]m[0xb]CP[0xb1]C[0x17]7#[0x1d][0xbf][0x82][0xb3][0xf7][0x7][0x1a]z[0xc9]4[0xb0][0xc4][0xb6][0xab][0xc4][0xd4][0x4][0xb4][0xf][0x81]>.E,[0xdf][0xc0];[0x8f][0x9d][0x9f][0x98][0x93][0x9a]V[0x99]V[0x89][0xb5][0x14][0x6]O[0xd1][0xd2][0xc7][0xb9][0x88][0x91][0x17]\5\qb.hX65/[0xb5],3[0xb5],[0xd5]![\r]t[0x16] Jg[0xcf][0xd0][0x90]^g[0xd4][0x99]#[0x9d][0x11][0x83][0xb3][0xa2][0xab][0xc8]I[0xcc].[0xce],I[0x4]m[0xd2]A[0xa9][0x90][0x8d][0xcd]@[0xeb]U[0xe8][0x13][0xae][0x88][0xfe][0x1c]i[0xb3][0xe][0xe9][0x99][0xb9][0x90]kv[0xb0]&[0xc][0xfa]m[0x9d][0x4][\r]SB[0xab]g[0x9c][0xdb][0xe4][0xaa][0x12]3[0x8a][0x12][0xe1][0xc7][0x96]`Y?ghI[0xb7][0xce]([0xe8][0xaa][\r][0xa8]{[0x89][0x9d]w(O[0x4][0xa5][0x92][0xe2][0xcc][0x12][0xac][0xa5][0x9b][0x99]1hM[0x10]}[0x12][0xb][0xa2][0xcb][0x87][0xb3]tKJ,*[0xcc][0xcd][0xc9][0xc8][0xc5][0x96],[0x8c]M[0xe8]6`[0x88]t[0x16][0xf][0xee]e[0x8a][0xc9][0x89][0xa0][0xb][0x12]3[0xf3]R[0xd3]2[0x8b][0x93]3R[0x8b][0x1c]rR[0x93][0xf3][0xf3]J[0xd0][[0x11]F[0xf4][0xba][0xb6][0xc1][0xdc][0x1c]Q[0xe5][0xe1][0x98]f[0x0][0xf]r[0x1a][0x18]9[0x80][0xb7]{[0xa2][0xae]+2[0x1][0xb5]A[0xe8][0x92][0xe]@[0xa5](4[\r][0x93]<[0xc]^[0x5]jZf'[0xe6][0x96]f[0x95][0x16][0x81][0x86][0x85][0xd2][0xf3][0xcb][0x10][0xd3][0xad][0x16][0xe6][0x86][0xe6]tZU[0x82]ty[0x1f][0xce][0xdd][0xf9][0xb9][0xf9][0xe0]{[0xcf][0xcd][0x8c][0x1c][0xd2]rRK[0x8b]*Q*[0x13]s[0x3]#[0xba][0xb9][0x15]Q[0xf9][0xe1][0x9c][0xd0]I)-([0x5][0xad]Z-(M[0x6][0xed][0x87][0x80][0x9c][0xcd][0x84][0xbc][0xde][0xc5][0xcc][0xcc][0x90]N[0x17][0xd1][0x98]#[0x9d]x[0x84]{[0xbd]KAFfNfAAjr~NN&[0xf6][0xfb][0xc2][0xe8]7[0x98][0x85]t[0xc0][0x11][0x9e])[0x11][0xd0]nOl[0xe5][0x9a][0xa1]9h[0xe][0x8b]>Y[0x8f][0xf8][0xde]\zb^j[0x1][0xa2][0x17][0x8d]u[0xb6][0xda][0xc2][0x94]n[0xeb][0x85]A[0xa7][0xb3]@[0xb][\r]B[0xb7][0x13][0x15][0xe7]T[0xe6][0xe6]e[0xe5][0x82][0xb6][0xc4]T[0xe6]9$[0xe6][0x14]%%[0x96]$&[0xa1]n[0x15]73[0xa4][0xdb][0xca]>[0xd0]D9[0xd4][0xe5]8[0xab]=[0xd0][0xbd]k[0xa0][[0xe6]![0xd7][0xff][0x14][0x80]O[0xf5]F[0x19][0xef]64[0xa4]_[0x1a]At[0xf1][0xc8][0xbf][0xfc]'1'[0xb7][0xbc][0xb8][0xbc][0xb8](17[0x3][0xbc]~[\n]"
17:11:38.733 [main] DEBUG org.apache.http.wire -  << "[0xa5][0x81]jF[0xb7]+b[0xcd]A[0x8b]e[0xa1][0x81][0x8f]c#XVbrai~[0x9]h=Rb^^[0xaa]CrNi[0x92].[0xa8]^*[0xca]C[0xbb]S[0xda][0xdc][0x9c]n[0xe3][0xcb][0xa0]s[0xc][0xa0][0xce][0xc6]Q[0x93][0xe7]U&VU&[0xe6]T[0x96]W%%Vb[0x1f][0xcd]7[0xb4][0xa4][0xdb]([0x11][0xa8][0xfd][0xb]u/[0xae][0xb1][0xd9][0xca][0xe2][0xa2][0xca][0xd4][0x94][0xf2][0xc4]<[0x87][0xa2][0xa4][0xca][0xd4][0x2][0xdd][0xc4][0x9c][0xbc][0xc2]J[0xf4]\i[0xe][0x9a][0x8f][0xa3]KI[0x8]:[0x1][0xea]b[0x1c]#.[0x19]E[0xf9][0xa5][0xc5][0xc5][0xa9]9[0xe][0xc5]i[0xa8]'[0xc8][0x1a][0xd3][0xaf][0xd4][0x3][0xcd].B][0x9][0xdf]`Ix[0xbd]~^bNF6h[0xf4]E[0xb7]85E71'[0xb5][0xb2][0xa8][0x0][0x9c][0xb]QV1[0x9a][0x99][0xd2][0xad][0xc5][0x7][0xda][0xdf][0x0][0xf5][0x6][0x9][0x83][0xa0][0xc5][0xa0]y[0xee][0xa2][0xca]R[0xd0]=~[0xc9][0xf9][0xa9][0xa8][0x87];[0x18][0x1a][0xd1]m[0xd4][0x19]t[0x3][0x1f][0xd4][0xf5]Do[0xce],[0x0][0xad]sE[0xbb][0xdf][0xd1][0xd8][0x84]ns%HG[0x8c][0xe1][0x1a][0xfd]L[0xcc][0x1][0xdf][0x91][[0x4][0xca][0x92]X:[0xb5][0x16]t[0xdb][0x85]g[0x1][0xda]-[0xf][\r]`[0xdc][\r][0xbe][0xc4][0xa2][0x92][0x8c][0xd2]"[0x3]s[0x87][0xb2][0xc4][0x9c][0x9c][0xd4][0x12][0xd4][0xe5]/f[0xc6][0xf4]*8,[0x90][0xf6]8[0x92]6[0xe4]Q\[0x92]Z[0x90][0x91][0x98][0x97]jh[0x8a][0xed]:[0x1d][0x13]z[0xd5][0xef][0x16]H[0xe7][0xa1][0x11][0x1a][0xd1][0x87][0xee]-M+JMI-[0xca]LvH[0x87][0x4]=r[0xbf][0xc0][0xc4][0x10]T[0xf6][0xd3][0xa3][0xc8][0xb6][0x0][0xad]C[0x85]&[0x13][0x9c][\r][0xa9][0x94][0xfc]"[0xf0]v[0xe][0x13][0x3][0x87][0xe4][0xc][0xd0][0x19]A[0xe8][0xe7][0xe6][0x19][0x9a][0x81]6[0x4][0xd0][0xc7][0xbd][0x88][0xf1][0xe]b[0xc7]j[0xb2][0xa0]w[0x90]C[0xaa]up[0xb][0xb6][0x18]m[0xb0][0xdf][0x8][0xbc][0xf6][0x94]>[0x1e]@[0xb4][0x4]qv[0x1c]S[0x93]@5LNIeZbNnIy[0xe][0xd6][0x91]^c[0x3]z[0xad]+[0xb0][0x0]5y[0xa0][0x89][0x4][0xe7]r[0xc0][0xb2][0xc4][0xc2][0xa4][0x8a][0xaa][0xc4]T[0xac][0xb7]{[0x98][0x1a][0xd0]k[0xf4][0xd4][0x2][0xb4][0xf0][0x10][0xe6][0xd6][0xe5]7[0x1b]o[0xac][0xba][0xd9]|c[0xf9][0x8d][0x8d][0x18][0xeb]pSR[0xf3]2[0x8b]S-[0xc][0x1d]R[0x92]r[0x13]3sP[0x8b]>c3P[0xef][0x93].[0xe9][0x1][0xb4][0xd5][0x19][0xea]^[0xe8][0xa8]4[0x0][0x0][0x0][0xff][0xff]"
17:11:38.733 [main] DEBUG org.apache.http.wire -  << "[\r][\n]"
17:11:38.733 [main] DEBUG org.apache.http.wire -  << "1670[\r][\n]"
17:11:38.733 [main] DEBUG org.apache.http.wire -  << "[0x2][0x9d]c[0x81][0xba]7 [0xaf]4[0xbd](?#[0xbf]([0xb5][\n]"
17:11:38.733 [main] DEBUG org.apache.http.wire -  << "[0xc7][0x1a][0x13]c[0x3]zm[0xfd][0xb1][0x0][0x9d][0xe][0x7]u/[0xee]ny[0x16][0xe4][0x4]{[0xcc][0xcb][0x10][0x8d][\r]AG[0x5][0xd0]'`[0x11]k[0xbb][0x8][0xcc]UA[0xb6]b[0x96]$[0xe6][0x14]d[0xe4][0xe7][0x15][0x83][0x8e][0xa8]D[0x1f]X2[0xa5][0xdb][0xdc][0xb0][0x5]h[0xe4][0x18][0x1a][0xbe][0xd8][0x97]U&V[0x94][0xe7]$[0xe6][0xe1][0xe8][0x9d][0x98][0x99][0x9b][0xd0]g[0xb0][0xce][0x2]4r[0x5]u'[0xae][0xd6]PFbn[0x8a][0xa5][0xb9]Ca[0x11][0xe8]$[\r][0xd0][0xdd][0xc6][0xa8][0x99][0xcc][0xd0][0x2][0xb4][0xfa][0x84]>i[0x1]1q[0x8d]gi[0x11][0xb4][0xd7][0x9a][0x92]X[0x96][0x99][0x82]mL[0xc9][0xdc][0x18]4S@[0x1f][0x7]#[0xaa]9[0x1c][0xdb][0xcd]3![0xeb][0xaf][0xb1]lN[0xb3][0x0][0x97][0x81][0xf4]q&[0x11][0x95]Yzzi&[0xf8]*[0x80][0x92][0xd4][0x9c]T#[0xd4][0xf1]Z[0x13][0xd0][0x9c][0x1c]}\[0x8a][0x18][0xc6][0xc7]Y[0x85][0x81][0xae][0x8]L4[0xb5][0xc0][0x16][0xf5]F[0xc6][0xc6]t[0x1a][0xa9][0xb5]@[0xda][0xb4][0x8a]w[0x16]87[0x13]r[0xf1][0xac][0x99]%[0xb6]4@[0xb7][0x91]p[0xb][0xa4][0xdd][0xab]86[0x18][0xe5]U[0xe5]V&e[0xe4][0xa6][0x94][0xe7][0xe1][0x18]T1[0xa2]S:030@*^[\r][0xbd][0x82][0x15][0x9c]L[0x8c]1Z[0x6][0xa0]q[0xaa][0xf4][0xa2][0xc4][0x12]lgi[0x5][0xf9]{"[0xa6]FLLA[\r]#[0xda]'_[0xd0]1_[0x88][0x8c][0xe6][0x95][0x98][0x93][0x98][0xa7][0xe0][0x92]Y[0x90][0x9a][0x97][0x9f][0x9e]_[0x94][0xf]>[0x8a][0xcd][0xdc][0xcc](&/$[0x11][0xb4][0x81]$=)1'1SG!8X[0xc1][0xdc][0xc2][0xdc][0xdc][0x12][0xc3]o[0xe6]-}[0xbd]`[0xc9][0xdb][0xa9]3^wMQx[0xdb][0xb1][0xe6][0xf5][0xaa]V[0x85]7Mk[0xde][0xcc]Z[0xf9]f[0xde][0x84][0xd7][0x93][0x97] <hdB[0x9f]U[0x1a]f[0x6][0x86][0xa0][0xf3]/[0xa1][0xd5][0x9][0x11][0xee]Cm[0x1e][0x5]z([0x18]ZZ*8[0xfa]"[0xb9][0xdc][0x88]>W[0xd0][0x9b][0x19][0x18][0x82]*1[0x98][0xcb][6[0xbe]nZ[0xf1][0xa6]{[0x8e][0xc2][0x9b][0x8e][0x19]o[0x16]L}[0xb5]u[\r]F[0xe8]C[0xce][+NM[0xcc][0xcd][0x1][0x1d][0xe7][0x95]Z[0x99][0x9a][0x94][0x98][0x93][0x83]|[0xa2][0x97]9hX[0x9e].[0xa9][\n]"
17:11:38.733 [main] DEBUG org.apache.http.wire -  << "i5e@iIQ&[0x86]cS[0xcb][0xf2]s[0xca]R[0x15]R[0xd3][0xd2]2[0x93]3A[0xe7]Z[0xe4][0xa5][0x96][0x94][0xe7][0x17]e#;[0xd7][0x8c]>[0xdd][0x10]PH#[0xe6][0xdc][0xde][0xf6]Lx[0xb5][0xa3][0xe3][0xd5][0x8e][\r][\n]"
17:11:38.733 [main] DEBUG org.apache.http.wire -  << "o[0x16]nx3o[0xe2][0x9b][0xd9][0x13]0[0x1c][0x8f]r[0xce]"[0xf4][0xf8]:[0x13]C[0xfa][0xf4]TA[0xae]E[0xb4]?[0x1f][0xac][[0xff]`}[0xd3][0x83]uK[0x1e][0xac][0xdb][0xff]`[0xdd][0xd4][0x7][0xeb][0xf6]a8[0x16][0xab][0x12][0xa8][0xa3][0x8d]-Ae,}R[0x4]b[0xed]Ixjq[0x89][0xc2][0xcd][0xe][0xd0][0x89]{7[0x1b]1[0xdc][0x8b].[0xb]u[0xaa][0x9][0xb8][0xfa][0xa2][0x8f]S[0x11][0xd3]n[0x90]<E[0xea][0xc9][0x87][0xc1][0xa5]y[0xe9][0x89][0x99][\n]"
17:11:38.733 [main] DEBUG org.apache.http.wire -  << "[0x1][0xa9]y[0xa5][0x19][0x88][0x92][0xc3][0xd0][0x0]4[0x96]C[0x1f][0x1f] Z[0xa5].[0xe6][0xc6][\n]"
17:11:38.733 [main] DEBUG org.apache.http.wire -  << "[0x96][0xe0][0x2][0xc][0xb5]hC[0x88]C[0x3][0xd8][0x90]Nw[0xbb][0x82][0x12]0[0xa2][\r]jff[0xac][0x10][0x1e][0xec][0x87][0x91][\n]"
17:11:38.733 [main] DEBUG org.apache.http.wire -  << "[0xe0][0xe3][0xe7][0xb8][0xf](47[0xa6]_q[0x86][0xa8]$_o[0xd8][0xf0][0xa6]m[0xa1][0xc2][0x9b][0xe5][0x8d][0xaf]6LPx;[0xa5][0xe7][0xf5][0xbc][0xd5]o[0xfb][0xf7]`x[0xc0][0xb5]$#[0xf]t2f)[0xe8],Vh[0x10][0x1b][0x9b][0x82][0xfa][0xe4][0xf4]I[0x1][0x88]V)[0xc5][0xd5][0xfa][0x83]u+[0x1e][0xac][0xdb][0xf4]`}/[0x88][0x4][0x95]3[0xb3][0x1e][0xac][0xef]@N[0xd7][0xf4][0x19]"030DZq[0xf9][0x86][0x88][0x1a][0x11][0xbb][0x1a]hd[0x98][0x9a][0xd1][0xa7][0xe1][\r]r6b[0xf9][0xe5][0x9b][0x5]-[0xaf][0xe7]m}[0xb3][0xa0][0xf1][0xcd][0xdc][0x1d][\n]"
17:11:38.733 [main] DEBUG org.apache.http.wire -  << "of[0xac]x=w[0xf][0x98][0xd5][0xbe][0xe7][0xed][0xd4][0x89][\n]"
17:11:38.733 [main] DEBUG org.apache.http.wire -  << "o[0x16][0xb4][0xbc][0x99]7[0xe1][0xed][0xcc])o[0xfb]1k[0x1d][0xc8][0xc9][0xbd][0xd8][0x8f][0xf0]52[0x2]M[0xda][0xd0]%e[0x81][0xe][0xaf][0x81][0xb6]J0[0x8f]?F-c0[0x8f]O[0x86][0x85][0xbd])[0xa8]/B[0x1f][0xe7]"*[0xcb][0xa7][0xad][0xab][0x9f][0xf7]u?];[0xe1][0xe9][0x8e]&[0x8c][0xfc][0x1a]P[0x94][0x9f]R[0x9a][0x9c]Z[0xa4][0xa3]P[0x94][0x98][0x92][0x89]t[0xc4][0xb7][0xb1])}[0xae]n[0x1][0xa5][0x13]D[0x1d][0x9]?[0xf8][0x17]5D[0xe1][0xc2][0xb0][0x80]4[0xa6]_@RZ+z[0xf8][0x84][0x1a][0x18][0x9b][0x82]z[\r]P[0xc7][0x9b]X[0xd0]gR[0x10][0x14][0xb2][0x84]+D[0xcc][0xb3]~[\r][0x8d]@[0x8b]A[0xe8][0x93]J[0x11]5bQ*[0xf4][0xa4]7,5[0x1f]jb[0xc0][0xa7][0x12][0x1a][0xc4][0xf4]:[0x14][0x17][0x14][0xc4][0xa4][0xd7][0x91][0xb8][0xeb]R[0xa8][0xf3][0x8d][0x8c]A[0x93][0x8d][0xf4][0x89][0x1]D[0x85][0x19][0x92]_Z[0x94]Y[0x9c][0xab][0x90][0xf][0xea][0x9c][0x80]OuG[\r]w,[0xbd]BCs[0xba]u[0xd8][0x91][0xd6]cb[0xaf][0xdf]P[0x1d]kjba[0xac][0xf0]`][0xe7][0x83]u[0xab]@[0xdd][0x84][0xf5][0xed][0xf][0xd6]m[0xb0][0xbe][0x17]"[0xb4][0x4][0xd4]9X7[0xf5][0xc1][0xfa][0xc6][0x7][0xeb][0xd6]=X[0xb7][0xef][0xc1][0xba][\r][0xf][0xd6][0xf7]Z[0xc7][0xe4]=X[0xd7][\n]"
17:11:38.733 [main] DEBUG org.apache.http.wire -  << "[0xee]N[0xac][0x3][0xeb][0xe9][0x5][0xb7][0x0][0xa6]Bd[0x15][0x8c][0xcc][0x8c][0xcc],-[0x10][0xf5]?h[0xec][0x83][0x1e]C[0xc3]f[0x6][0x86]H[0xeb]8[0x8d][\r][\r][0x14][0x1e][0xac][0xdb][0x9]k[0x92][0x80]\[0xaf][0xf0]`][0xfb][0x83]u[0xa0][0xc6][0x9][0xd8]7S[0x1f][0xac][0xdb][0xfc]`}/[0xc8]3;[0xc0][0x8d][0x97][\r][0xf][0xd6]7[0xa0][0xf8][0xc4][0xcc][0xc8][0xc8][0xc0][0xd2][0x0][0xa3]*[0xb0]47T[0x88][0xc]G[0xea][0xf3][0xd3][0xb1][0xe5][0xe]:][0x1c]Z[0xbb]b[0xef]8?[0xdb]4[0xed][0xf9][0x8e][0x96][0xe7]sz[0x9e][0xee][0x9a][0xf3]d[0xc7][0xda][0xa7];[0x9a][0x9e][0xee][0xdc][0xf1][0xac][0xb3][0xdb][0xd8][0xe0][0xc9][0x8e][0xc6][0xe7][0xb3][0xd7][0x19]?[0x9f][0xba][0xca][0xd0][0xf8]i[0xff]v[0x85][0xa7]s[0xe6]?[0x9d][0xd8][0xf4][0xb2]y[0xc5][0xe3][0xa6][0xed][0x8f][0x9b][0x17]?n^[0xfd][0xb8]y[0x81][0xb1][0x89][0x9]R[0xcc][0x19][0xd2][0xad]G[0x82][0xb4]J[0x94][0xfc][0x3][0xfb]QS6[0xee][0x1a][0xdb][0x4][0x94]N[0xe8]Rj[0x80]&[0xf3][0xa0][0xd1][0x5][0xaf][0x9a]Q]ilj[0xe1][0x8f][0x14][0xe4][0x86][0xa6][0xa0][0x18][0xa6][0x8f][0xdb]([0xad][0xb0][0x89][0xed][0xfc]B[0xb]kS3[0xfa]l[0xc0][0x3][0x95][0x3][0x88][0xea][0x1c][0xa9][0xda]F[\r]x[0xf4][0x93][0xfd][0xa1][0xae]42[0xa7][[0xa3][0x3][0xd4]z[0x80]&[0x8e][0xe0]D[0xd0][0xd8][0xaf][0x82][0xfb][0xe1][0x95]E[0x89]E))[0x89]y[0x18][0x85][0xe][0x11][0x95][0xb9][0x85][0x1][0xe8]<R[0xfa][0xa4][0x1d]Denb[0xa6]k[0x9][0xba]}[0x6][0xc3][0xc5]H[0x12][0xb0][0xb0][0xb5]0[0xa3][0xcb]\[0x6]([0x5] [0xaa]kj[0x8c][0xea][0x9a][0x19][0x81][0x8e][0x8][0xa3]K[0xd0]"-[0x16][0x85]d0l#[0xb6][0xa8]I[0x19][0xb7]:h[0xc0][0x9b][0x82][0xf][0x94][0xa3][0x8f][0xf3][0x11]}Yb[0x86]J[0xa9]ZM[0xc3]}[0xb][0x1a][0x19][0xa7][0x8f]o[0x11][0x3][0xc3][0x1e][0x8e][0x81][\n]"
17:11:38.733 [main] DEBUG org.apache.http.wire -  << "[0xa6][0x96][0x98][0x93]:8;[0xb9][0x16][0xf4][0xeb]> -<[0xc5][0xdb][0xc9][0xf5][0x8f][0x8c][0xd2]5[0x6][0xfb][0x1][0x1a][0x94][0x86][0xa6]t[0x1b]C[0x3][\r]P@KC[0xf4]!^[0xd4][0xd4][0x8e].[0xb]u[0xaa][0x91]!h[0xe4][0x81]>[0xb1][0x8e][0xa8]9_[0xf7][0xb7][0xbc][0x99][0x3][0x9a][0xb8]Bu#\[0x18][0xea]8P[0xff][0x87]Nm`[0xa4][0xc5][0xa2]8[0xeb]>[0x8c][0xc1]]ss[0xba][0xdd][0x1b][0x4][0xba]r[0x15][0x1a][0xcf][0xf8][0xea]4[0xd4][0xf0][0xc4]V?B[0x83][0xd6][0xc2][0x0]t[0xa3]-}[0xe2][0x1d]Q[0xeb][0x81][0xfa]:[0xa0][0xfe][0xd0]<p[0xcf]a[0xd6][0x83]u[0xfb][0x89][0xa8][0xff]LL[0xe9][0xb3]K[0xcc][0xcc][0x0]|[0xa1]=4[0x94][0x91][0xbb][0xa3][0xa8][0xa1]JD[0xcd][0x8][\r]dss[0x13]c[0xfa][0xa4]_#P#[0x11][0xea]r[0xac]#[0x9a][0xa8]^[0xc0][0xe8][0x8b][0x19]Y[0xd0][0xeb][0x9a](#[0xd0][0x82]2[0xa8]K[0xa3][0x14][0xc]M,[0x15][0x82][0x9d]0[0x12][0x81][0xb])[0x97][0xd8][0x99][0x9a]X[0xd0][0xa9]}d[0x4][0x1a]7[0x81][0xba][0x9d]*=F[0xd4]X[0x81]uM[0xa1][0xa9][0xc7][0xd8][0x98]>[0x8b]0[0xcd][0xc][0xc0]7[0xad]C[0xfd]E[0xad]~$Z[0x8d][0x9][0xf3][0x13][0x9d]N[0xee][0x7][0xf9][0x89][0xe0][0xb0]/[0xf4]@[0xff][0xa4][0x9c][0xd4][0xd4][0x94][0xcc][0xbc]t[0xdd][0xd4][0x94][0xf4]T[0x85][0xb4][0xd2][0xbc]d[0xd0]m[0x89][0x89]9[0x99]%[0x99][0xe0]{ [0xa0]N[0xb7][0xa0][0xa3][0xd3][0x9][0xd6][0x94]>[0xa9][0x89]E[0xa0][0xab][0xed][0x14]R@[0x7][0xce]d[0xe6]d[0x96]T*[0xe4][0x95][0x16][0x15]#M[0x8b][0x99][0x1b][0x80][0xe6]u[0xe8]Q[0xc2][0x1b]!-J[0xbf][0xb1][0xee][0xc6][0x8a][0x9b]]76*[0xdc]X~[0xb3][0xe9][0xc6][0xaa][0x1b][o,[0xbf][0xb1][0x9e][0xa8];[0xe0][0x8c],A[0x97][0x15][0xd0][0xc7][0xbd][0xe4][0x8c][0xb]?X[0xb7][0x15]4[0xc][0xb6]n[0x5][0xb8][0xee]Z[0x2]b[0x83][0x86][0xfd]VBV[0x7]@[0x13][0x89][0xb1])[0xa8]{J[0x1f]O [0xaa][0xd5]`[0xd0][0xed]L[0x89][0xa0]Iq[0xd4][0x2][0x5][0xb3]/ijN[0xaf][0x81][0x12]#[0xd0][0xc2][\r]h[0x99][0x82]h [0xa3][0xba][0xf]![0xe][\r]>CS[0xfa]la130[0x2][0x1d][0x81][0x6]u[0x1e]l0[0x9][0xd5]q[0xb8][0xae][0x92][0x84]:[0xd5][0xc4][0x1c][0xd4][0xe5][0xa4]KL[0x83][0xaa]f[0xa8]Si8[0xee][0x8c][0xea]{[0x92]j`3sP[0xf3][0x94]>a[0x81]([0x1a][0x11]3_[0xa8]NG[0x88]C[0xa3][0xca][0xc8][0x98]~Q[0x85][0x18]B+)J[0xcc]+N[0xcb]/[0xca]U([0xc8])M[0x7]_[0xf0]Y[0x90][0x93]X[0xa9]P[0x96]_T[0x92][0x8]^@[0x86][0xea]l[0xa4]n[0x7][0xd4][0xdd]ff[0xa0][0xcb][0x9f][0xe9][0x13][0xac][0x88][0x12][0xf1]f[0xeb][0x8d]57[n[0xac]W[0xb8][0xd9]|c[0xd5][0x8d][0x15][0x18]m3[0xa2][0xca]As[0xba][0x8d][0x81][0x1b]![0xdd][0xe][0x81][0xbb][0xcd][0x8e],[0x3][\r]]#s[0xfa][0xdc][0x9][0x2]*k[0x10][0xc3]j[0xcf][0xe7]o~[0xba]}[0xee][0xf3]9=[0xcf][0xa6]mx[0xba]n[0xff][0xd3][0x9e]][0xcf]V[0xac]z6o[0xba]%d[0x9e][0xc1][0xc8][0x8]4[0xd1]`[0x1][0x9a]hx[0xdc][0xb4][0xfe]q[0xf3][0x9a][0xc7]M;[0x1f]7w<[0xdb][0xb9][0xfe][0xe9][0xba]u[0xe6]&[0xe6][0x18][0xb1]A[0xb9]y[0xd0][0xe0]0[0xb4][0xb0][0xa4]W+[0xda][0xd8]@G[0x9]Z[0x9e][0xd1][0xbe][0x15]ma[0x1]:[0xc7][0x86][0xf6][0x99][0xc8][0xd4][0x2]\[0x8]B[0xfd][0x85]so^y[0xa6]CVizf.[0xe8][0xdc]j[0x94][0xb3]gL[0xcc][0xe9]vM)[0xe8][0xfc]A[0xa8];q[0x9f][0xdb][0x92]X[0x94][0x9e]_[0x92]TT[0x9a][0x97][0x9a]X[0xea][0x90][0x9c][0x93]Z[0x94][0xac][0x87][0xbc][0xe5][0xd1][0xd8][0x0][0xb4][0x18][0x95]>[0xc1][0x8a][0xc8]=8[0x8e]/[0x80][0xee][0xcd],,M53rHJ[0xcc][0xcc][0xc9][0xa9]D=[0xe9][0xc2][0xc4][0x88]^[0x87][0xe2]X u[0xc4][0x9d][0xf3]K[0xf3][0x8a]SAG[0xb3][0xa4]+[0x14][0x14]W&g[0x80]V[0xae]e[0x16][0x97]`d[0xe2][0xa4][0xc4][0xa4]r[0xdd][0xc4][0x9c][0x8c][0xc4],[0x87][0xaa][0x8c][0xca][0xec][0x2][0xdd][0xa4][0x94][0xa2][0xca][0x2][0xd4][0xdd]7FF[0xf4]:[0xac][0xc3][0x2][0xa9][0x87][0xee][0xa5]`hb[0xa2][0xe0][0xed][0xe5][0x83][0xe1][0xe6][0xcc],[0xd0]e[0x9a][0xe])[0x89][0xa5][0xb9][0xa8]amn[0x1]J_[0xf4]H[0x19][0x16][0xa0]!,XB[0xe]U0[0xb3]44S[0x8][0x8c][0xc4]piZbI[0x6][0xe4][0xe0]Hl;[0xbc][0xe9]vg[0x9f][0x5]R[0x83][0x98][0xc0][0x6][0xb7][0xec][0xc4][0xa2][0xac]Ds[0x3]l[0x1b][[0xcc][0x8d][0xe9]3[0xe4]hj[0x1][0xbe][0xab][0x13][0x1a][0xba]$[0x1c]X[0x90][0x9d][0x91]X[0x94]Y[0x99][0x98][0x81][0xed][0x1a][0x1d][0xb][0xba][0x1d]9[0xb][0x1e][0xce][0x82]:[0x1e][0xfb][0xb6][0xbc][0xe2][0xc4][0xa4][0xcc][0xbc]TKC<g[0x9d][0x98][0x19][0xd2][0xa7][0xfd][0x5][\n]"
17:11:38.733 [main] DEBUG org.apache.http.wire -  << "kD[0xb3]6[0xdc][0xc9]][0xd7][0xd8][0x18][0xb4][0xa0][0xb][0xb5]}XVX[0x99][0x96][0x93]"
17:11:38.736 [main] DEBUG org.apache.http.wire -  << "T[0x89][0xf5][0x84]uC[0x3][0xba]m[0xcc]2B[0xb4]pq[0x9c][0x19]R[0x99][0x9a][0x95]ib[0x8a][0xa5]d0[0xa4][0xdf][0xae]W[0xd0][0x88]14[0xfa]I?[0xee];[0xb]t[0xe6][0x6][0xe6]^X3#[0xfa][0x5]2[0xa2]o[0x8f]s[0xd3]yVjb^^f^[0xaa]9[0xe8]([0x85][0xcc][0x8a][0xd4][0xcc][0xa2]D[0xb4][0x1a][0x83]n[0x7][0xc9]X[0x18]![0xaa]h[0xf2][0x8f]KJ[0xcf][0x0][\r]c8[0x14][0xa4][0x16][0x95][0xe6][0xea][0xe5]f[0xe6] V[0xd4][0x98][0x1a][0x82][0xb6][0x81][0xd1][0xa5]JAj[0x9b][0x12]]}[0xe7]%[0xe6]$[0xe6]T[0xa5]U[0x16]a-[0xb0][0xcd]A[0xdd]w[0xfa][0xb8][0x1d]1[0x89][0x8c][0xfb][0x8][0x91][0xac][0xd4][0xfc][0xbc][0xf4][0x8c][0xca]L3K,9[0xd4][0x82]nWyX [0xdd]7[0x87][0xe3]t[0xa7][0xc4][0x94][0xa2][0xcc][0xd4][0xbc][0xbc]TKc[0x87][0xc4]R[0xd0][0x8e]T[0x94][0x6][0xa8][0x99]!}[0x86][0x8a]L-,[0x90][0xae][0x95][0xc3]yAzfqbb[0xb2][0xb1][0x89][0x3]xOrj1[0xea]9=f[0xc6][0xf4]Y[0xc7][0x8]r+b[0xd4][0x1b][0xe7]Y[0xae]Y[0xe5]E[0x95][0x5][0x6]f[0xe]%y[0xe5][0x15][0xa8]E[0x86][0x85][0xa5][0x81][0x5]=&[0xac]@[0xe]E[0xd4]x[0xb8]O[0x17][0xcd][0x1][0x9d]?[0x9c][0x97][0x9c]jh[0x80][0xa7][0x9a]61[0xa3][[0xcb][0x18][0xb4][0x9c][0x5]^[0xad][0xa4]'[0xa6][0xa7]*[0xa4][0xe4][0x97][0xe8]&[0xe7][0xe7]* m[0xb4]C[0xad][0xb6][0xf3][0x12][0xb3]rA'[0xac][0x83][0xd6][0xbf]g[0xe3]8[0xe][0xc2][0xc4][0x98]^}T[0xb][0xa4][0xb][0xef]p[0xf6]Q[0xb]rK[0xf3][0x1c][0xb2]J[0x8b]3[0xd3]3[0xf2]S[0x8b][0xd1]j[0x15]3[0xb][0xfa],[0x3][0x4]%[0x11]D-[0x88]s[0xf]x![0xd2][0xb9][0xe5]X[0x8f]g43[0x3]-[0x92][0xa4]O[0xf9][0x8b][0xa8][0x5][0xc9][0xb8][0xf][0xaa]25[0xab]4[0xcf][0xd4][0xc2][0x1]r[0xa9]URbj:j[0xde]44[0xa4][0xcf]:5S[0xb][0xf0]M_[0xd0]d[0x8e]wK{J~ei[0x9e][0x5][0xf6][\r][0xf8][0x96][0xa0][0x86]"][0x82][0x1d]th[0x14][0xd4][0xb5]86[0xb4][0xe7][0x16]U[0x95][0x17][0x82][0x8e][0x9c][0xca][0xad][0xcc]E[0xb]T[0x13][0xba][0xb5],@[0x1b][0x9c][0xa1][0xce]$[0xd0][0xfd][0x3][0xf7][0xac]MM[0x1d]*K3[0x12][0xf3][0xb0]dAcC[0xba]U'[0xa0][0xf5][0xb]PG[0x93][0xd0][0x7]D\[0xb8]eb[0x8c][0xa5][0x95]ahF[0xb7]s9@cjP[0xf7][0xe3][0xac][0xe][0xb][0x12]A[0xfb][0x12][0x12][0x8b][0x92]1[0xe]947[0x5][0xe9][0xa7]O"FT[0x87]8[0xba]U[0x5][0xa0][0xdb][0xf]S[0x93][\n]"
17:11:38.736 [main] DEBUG org.apache.http.wire -  << "[0x1c][0xc0][0x17][0x8a][0xeb]&%f[0xe4][0x14][0xa0]63L[0xc0][0xbb][0xf2][0xe9][0xe3]\D/[0x90][0xd8]c[0xbd][0xca][0x12]sR[0xf3]J2[0xf3][\n]"
17:11:38.736 [main] DEBUG org.apache.http.wire -  << "[0x12]KsRKJR[0x1d][0x92][0xf3]3R[0xf3]P[0xb3][0xa3][0x99][0xa5][0x9][0xbd][0xda][0x1f][0xa0]cL[0xa1])[0x83][0xf4][0x1e]bbFyb^[0xba]CV)j[0x4][0x18][0x19][0xd3][0xeb]4I[0xb]P8A[0x9d][0x8f][0xeb]2[0x87][0xa4][0xd4][0xa2][0xf4][0xd4][0xa2][0xd4][0x94][0xcc][0x92][0xc][0x87][0x94][0xd4][0xe2][0xe4][0xc4][0xdc][0x82]b[0xd4][0xa1]:C[0xb]K:[0xdd]@o[0x1][0x1a]I[0x81][0xba][0x17]o[0x95][0x92]UTY[0x8a][0xb3][0xe0]35[0xa5][[0xdb][0x3][0xe9]nG[0x9c]=[0xf0][0x9c][0xd2][0x8c][0xd2][0xbc][0xf4][0xaa][0xd2][0x9c][0xec][0xc4][0xa2]<[0xd0]e?[0x90][0xae]k[\n]"
17:11:38.736 [main] DEBUG org.apache.http.wire -  << "[0xa8][0xcd][0x94][0x99][0x82][0xe8][0xbe][0x1a][0x81][]t[0xc9][0x97][0xa0][0xbb]O[0xa0][0xc1][0x8c][0xa3].[0x84]e[0xbf][0xa4][0xd4][0xbc][0xc4][0xa2][0x14]<[0xcd]jS[0x13][0xfa]lc1[0xb5][0xb0][0x0][0xf5][0xe4][0xa0][0xae]&[0xfa]pQPi[0x98]SY[0x96][0x9b]W\[0xe9][0x90][0x98][0x93][0x94][0x98][0x8b]>`nb[0x2]:[0xa3][0x84]>[0xa1][0x8e][0xd8][\r][0x8b]{[0xc0]<739[0x3]t3T.[0xe8]D[0xc6][0xbc][0xd4]*[0x87][0x92][0x8c][0xfc][0xdc]D[0xd4][0xcb][0xbb]M[0xcc][0xe8]V[0xe1][0x80]nI[0x85][0x86]9iGxB[0xae],[0x81][0x14][0x80]X[[0xdc]F[0x86][0xa0][0xa6][0xe]}[0x2][0x1e]Qk[0x12][[\r][0xa5]'[0xe6]df[0x98][0x98][0x81][0xae][0xa9]G9[0x8f][0xdb][0xc4][0x88]~[0xc9][0x1d][0xb9][0xf2],[0xcb],[0xce][0xcc][0xcf]KM-RH/J[0xcc]+[0xcd]I,RHI[0x5][\r]>[0x16]%&[0xe5][0x80][0xd7][0x9f][0xa1][0xf6]'s[0xb][0xf2]KJ2S[0x8b][0xb0]^[0xc5]jl[0xe]*[0x0][0xe8][0x13][0xf4][0x88][0x15][0x3]8[0x1a],[0xc5][0xa5][0xc5][0xa0][0xc3][0xc4][0xd3][0xf3]A[0x7]H[0x83][0xae]'([0xcd][0xcc][0xc9][0xc9][0xcf]C[0xab]2[\r][0xe9][0xd6]y[0x7][0x15][0x7][0xd0][0x14]O[0xfe] eVR~iIf[0x9e]C~Qb^z*[0xca][0x88][0x94][0x11][0xdd]n [0xb3]@[0xba][0xcd][0x12][0xd7]Q[0xe3][0xa9][0xd9][0x19][0xa0]c[0x7]![0x97]X[0xa0][0xa6]t[0xf0][0x1d])tI$[0xa0][0x1d]%[0xd0] [0xc7]yS[0x1a][0xe4][0x8e]?[0xd0][0x90];[0xe8][0x2][0x80][0xf4][0xf2]D[0xb4]~[0xaf][0x99][0x11]}[0xd6][0x5][0x9a]ZX[0x80][0xa6][0xb4][0xa1][0xce][0xc5]=[0x80]Z[0x94][0x9a][0x9e][0x97][0x99]Z[0x94][0x9c][0xf]i[0xc5][0x96]%[0x16][0x17][0xa7][0x96][0x16][0xa1][0xb6]c[0x8d][0x8d]A[0xab]R[0xe8][0x13][0xc4][0x88][0xbd]48[0xc6]Q[0xc1]w([0x16]g[0x82][0xae][0xca]vH[0xcf][0xcc]MJL/[0xce]Gkw[0x9b]Z[0x82]F[0xb6][0xe8][0xe3]^D]IZ[0xbd][0x93]W[0x9c]X[0x94][0x98][0x9e][0x99][0x1][0x9d] H[0xce]G[0xb9][0x1b][0xc2][0xcc][0x88]>[0xc7][0xa5][0x80]R[0x9]b[0x88][0x95][0xd0][0xd9][0xd1][0xa0][0x1b][0xbe]@[0xe3][0xed][0xa0];[0xbe][0xb3]J[0xf5][0xb2][0x8b][0x10][0x8d]B[0xb]K[0xba]-I[0x0]m[0x1f][0x84]&k\[0x93][0x8b][0xc5][0xa9][0xf9][0x95][0xa9][0xa9][0xa5]y[0xe]E[0x95][0xb0][0xd5])[0xa8]w[0x16][0x9a][0xd3]g[0x9b][0x10](x[0x11][0xb5]#[0xbe][0xb3]?[0xf3][0xf3][0xd2][0x8b]A[0xe3]#[0xe][0xa0]R[0xa3][0xb2]4[0xf]%p[0xcd][0xe9]W[0x99][0x83]z|[0xd0][0xc0][0xbd][0xb1][0xe][0xbc][0xd8][0xb9][0xf5][0xc6]J[0x8c]5[0x8][0x89]9i%[0x95][0x89]y[0x95]yU[0x89]E[0xe]U[0x19]9[0x89][0xe5][0x95][0xba]%[0x95][0x5]z[0x99]yiH[0x87][0xa2][0x18][0x9a][0xd1][0xad][\r][0x2][0xba]E[0xc][0xea]l\[0xfd][0xc7][0xc4]<[0xc4]8[0xe][0xf8][0xb2],[0xb4];![0x8d][0x8c][0xe9]6[0x1f][\n]"
17:11:38.736 [main] DEBUG org.apache.http.wire -  << "[0xba]=[0xc][0xea]Z[0xa2]g[0xe5][0x12]sR+[0x12][0xf3]R[0x8a]R[0xd3]R[0x8b][0x8a][0x12][0xf3]R[0xb0]^[0xdd]lhN[0x9f]E[0xf2][0xa6][0x16][0x16] [0x8b][0xa0]~[0xc0][0xb1][0x8c][0xa9]2?'1/%1=1[0x5]|[0x9f]![0xca][0xf2]0[0xb]3[0xba][0x5]6[0xe8]|@[0xa8]C[0xe1][[0xcd][0x8][0xdf][0xb7][0x1][0xe9][0xcd][0x14]$[0x96][0x14]e&g&:[0xe4][0xe5][0xe7][0xa3]vm[0x8c][0xe9][0xb4]C[0x1c][0x14][0xd2][0x88]*1)5/9#7[0xb1]([0x1b]m[0x11].[0xe8][0xae][0xba][0xdc]D[0xd0][0xb1][0x88][0xa8][0xad][0xeb][0xa2][0xc4][0x8c][0xc4][0xca]RC#[0xd0]}[0x92][0x99]y[0xa0][0x95]Z[0xd0][0xe5][0x91][0xa6][0x86][0xa0]Y@[0xba][0xd4][0x90][0xa0][0x88][0x86][0x86]?i5dZbEQb[0xe][0xa8][0x9e][0xac][0xc4][0xb6][0xfa][0xc6][0xc4][0x92]n[0x9d][0x3][0xd0][0xa9][0xd6]P/[0xe0][0x1c]v[0x5]U9[0xa5]y[0x96]F[0xd8]O[0xc6][0xb6]0[0xa5][0xcf][0xe6]'Pr![0xbd][0x13][0x99][0x9a][0x9e]XP[\n]"
17:11:38.736 [main] DEBUG org.apache.http.wire -  << "[0xba]4[0xa4]$[0x13][0xbb][0xf3][0xcd][0xcc][0xe8]V_[0x82][0xc6][0xd2][0xa1]a[0x8d]sF[0xaf]4+[0xa9]2[0x7]4N[0x92][0x9b][0x98][0x7]:[0xdc][0xbb][0xb0]<[0xb1][0x18]m&[0xc4][0xc4][0xc][0xb4]f[0x86]>[0x9][0x1c][0xd1]u[0xc4]S[0xc3][0xa7][0x15]%[0x16]C[0xef][0xb0][0xc7][0x1e][0xc6]F[0x6][0xf4][0xd9]e[\r]J"[0x88][0x99]H[0xf2][0xbb][0x8e][0xd9][0xa9][0x99][0xc5][0x19][0x89][0xa6][0xc6][0xa0][0xb2][0x5][0xad][0xf5]jB[0xb7][0xdb][0x94],[0x90][0xee][0xc7]$[0xba]*[0x5][\r]Y%[0xe6]%&[0x16][0x97][0x94][0x96]db[[0xe4]bhA[0xb7]![0x1f][0xa4][0x83][0x9a]p[0xde][0xbf][0x90][0x98][0x91][0x98][0xe2][0x90][0x98][0x93][0x97][0x8b][0xde]-[0xb3][0xa0][[0xa1][0x2][0x1a][0xa8][0x86][0xe6]J[0x1c][0xb5]}6[0xe4]NZl[0xc1]idN[0x9f][0xc3][0xf1]L-,@[0xdb][0xc1][0xa0][0xee][0xc4][0xd1]}[0x84][0x8c][0xf7]Y[0x9a];[0xa4][0x14][0xa5]&[0xe6][0x96]gV[0xa1]uu[\r]@[[0xe7][0xe9]Rn[0x80]&[0xf2][0xa1]n[0xc5][0xb9][0xe]'1')=%1[0xa5][0xb2][0xb8](1[0xb]|[0xdd][0x17]j[0xb][0xdb][0xd4][0x0][0xb4][\n]"
17:11:38.736 [main] DEBUG org.apache.http.wire -  << "[0x97]>[0xae]Et[0x13][0x9]][0xd6]X[0x94][0xe9]PY[0x8a][0x1a][0xac][0xa6]ft[E[\r][0xda]=[\r][\r]V[0xd2]g[0xc2] g[0xda][0x17][0x97][0xa6][[0x18]c[0xbb][0x8d][0xdd][0xc2][0xc][0x94][0xc0][0xe8][0x13][0xde][0x88]~#[0xa1]nyfyFR[0x1][0xe4]R[0xcc]$[0xdd][0xac][0xc4]"[0xd4]!IC[0xb][0xd0][0xc1][0x1f][0xf4]q3[0xa2]&[0x84]nF.N[0xad][0xa8]TH[0xad](H[0x5][0xad]}K[0xc6]2[0xfe][0x9b][0x94][0x93][0x99][0x97]X[0x9a]R[0x94]Z[0xe9][0x90][0x94][0x9f][0x7][0xba][0x9e][0x11][0xa5][0xa3]nd[0x0]*y[0xe8][0xe3]xD[0xa5][0x88][0xab][0xb][0x99]U\ZT[0x99][0x9f][0x97][0xf][0xaa][0xf2]@NE[0x99][0x15]3[0x4][0xf5]A[0xe9][0xe3]R[0xc4][0xc2][0x1c]\[0xc3][0xa5][0xe0]A[0xb2][0x8c]|SC[0x87]L[0xd0][0x80][0x2][0xca]h[0x82])[0x9d][0xee][\r]0[0xb5][0xb0][0x0]mT[0x84][0xe6]E[0xdc]#[0x90][0x19][0x89][0xa9][0xa5]y[0xa6]&[0xd8][0xf2][0x9b][0xb9]1[0xa8]~[0xa4]K[0xa0][0x82][0xae]<[0x83]:[0x15][0xe7][0xc]i^bQV[0xa6][0xb1][0x11]h[0xb2][0x5]5[0x95][0x9a][0x9a][0xd3][0xe9][0xe2]g[0xb][0xa4];.IX[0xc1]R^[0x0][0x9a][0xaa][0x3][0xcf][0xb3][0x14][0xe4][0x83][0xae][0xdb]F[0x1b]05[0x1]/[\n]"
17:11:38.736 [main] DEBUG org.apache.http.wire -  << "[0xa5]O8#[0x6]LI[0xed][0xcd]&%[0x1a][0x99]8$[0xe6][0xa4]f[0xe5]&[0xa2][0xb9][0xdf][0xdc][0x14]t[0x1f][0x10]}[0xdc][0x8f][0xa8][0x7][0x83][0x12]s[0x13]1[0x86][0xc6] [0x97][0xa7][0xa5][0xa7][0x95][0x17][0x95]T:Tf[0x17][0xe9][0x82]'.PkC[0x13]3z[0xdd][0x1a][0x9][0xde][0x5][0x9]M[0xd6]8[0xe6][0xb5][0xf2][0xd3][0xb3][0x12]S[0xf3]s[0xb1]e?3K[0xd0]u[[0xf4][0x9]VDu[0x87]g[0xdc][0x11]\[0xac]%[0xa7][0xe6][0xe7]X[0x1a]b[0xef]D[0x99][0x98][0x19][0xd0]-'"*;[0xec][rR[0x12][0xf3]*[0xc1][0x9]67[0xaf]$[0xad][0x10][0xb4]![0xae][0xb8]2[0xaf][0x12][0xb5]r66[0x6][0x9d]xE[0x9f][0x10]F[0xd4]o[0xe4]w[0xfa]r3[0xf3][0x8a]S[0xf3][0x93][0x12][0xd3][0xb1]&[0x17][0xf0][0x81]2[0xf4][0xf1][0xc][0xa2][\n]"
17:11:38.737 [main] DEBUG org.apache.http.wire -  << "[0xc4]][0xb1][0x80]V[0x9]e[0x80][0x96][0x9]e[0x95][0xe6][0xa4][0x16];[0xe4][0xa6]Vb[0xdc][0x1c]I[0xb7][0x8d]F[0x96]H[0x1b])[0xf1][0xae][0x18][0x2][0xed]6[0xcb]+[0xc9]LN,)[0x5][0xcd][0xc9][0xa6][0x83][0xc7]N[0xd1][0x1b][0x1b][0x16][0xe0]{[0xda][0xe8][0x11][0xd2][0x96]H[0xbb]'[0xc9]X[0x5][0xc]i[0xda][0xe5]$&%[0xa5]:[0xa4][0xa4][0xe6]$[0x96][0xe6]%V[0xa2][0xcc]2[0x1b][0x9b][0x82]6[0xdb][0xd0][0xc7]'[0xe4][0x8f][0xa3][0xa6][0x16][0x97]d&[0x96]'[0xe6][0x19][0x80][0xeb][0xfe][0xdc][0xcc][0x1c][0x94][0xc9]:c[0xba][\r]f[[0x92]}SmJ^~YfIbqbQ&[0xa8][0xf5][0x9a][0x94]Y[0x85][0xe2][0x5]#3c:[0xdd][0xdc]g[0x89][0xb4][0xcb][0x15]G[0x8d][0x94][0x9b]X[0x94][0xc]j[0xaf][0x18]Y[0xc0][0xb]y[0xe4][0xbd][0xda]f[0x16][0xa0][0x1b][0xe0][0xe9][0x93]d[0x10]c[0xa9][0xb8][0xa6][0x1a][0xb3][0xf2][0x8b]S[0xb]2RsR[0xf3][0xf3][0xf2][0x8b]R[0x1d]2[0xd3][0x8a][0x12][0xf3][0x92]SQ[0xeb]{cKz[\r]*X"[0x9d]]D[0xa8][0xdb][0x8]i[0xa9][0x14]&[0xa6][0x14][0xe5]V[0x15][0xa5]&[0xe6]U:[0x14][0xa6]$[0xa6][0x16][0xe8]fU%[0xa2][\r]4[0x99][0x1b][0xd2]k6[0xda][0x12][0xb4]~[0x1d][0xda]^y1m[0xcd][0xd3][0xce]%Ow[0xac][0xc6]hc%g[0xa4][0xe6]f[0xe6])[0xa4][0xa4]*[0xf8]&[0x16]e[0xe6][0xe7][0xc5][0xe4][0x99][0x1a][0x1a][[0x9a]+[0xb8][0x94]f$[0xe6][0xa6]"[0xed][0xb4]3[0x6][0x9f][0xe5]D[0x97][0xa4][0x2]j[0xd1]A[0x1d][0x1e][0xc][0xbe][0xac]*[0xb3][0xb8]DG!-[0xbf](5[0xaf]83[0x19][0xc3][0xb][0xd8][0xd5][0xc0]fgLA[0x1d]'[0xfa]8[0x1b]Q[0x91][0xbe][0xde][0xd9][0xf2][0xb6][0xa7][0xe7][0xd5][0x96]-[\n]"
17:11:38.737 [main] DEBUG org.apache.http.wire -  << "[0xaf]65[0x80]nd[0xc3]r[0xa9][0xd5][0x9b]m+[0xdf]lZ[0xfb][0xba]i[0xc5][0xeb][0xfe][0x16][0x85]73[0x96][0xbc]i[0xda][0x0][0xba]o[0xec]mk[0xcf][0xdb][0xe9]K^[0xcf]kx[0xb5]c[0x87][0x82][0xc6][0x9b][0x8e][0x99]o[0xe6]Mx3w[0xcb][0xeb][0xfe][0x99][0x9a][0x88]%[0x2][0x86][0xc6][0xa0]9C[0xba][0xf8][\n]"
17:11:38.737 [main] DEBUG org.apache.http.wire -  << "t[0xdf][0x5]42[0x9e][0xb6][0xae]~[0xda][0xdb][0xfc]d[0xf7][0xe2][0xa7]X[0xee][0xf3]@[0x93][0x84][0x6][0xbf][0xb1][0x11][0xbd]Fy[0xc0]7kA[0x1d][\n]"
17:11:38.737 [main] DEBUG org.apache.http.wire -  << ":[0xfb][0x19][0xff][0xbd][0xa8]s{[0x84][0xd5]C[0xbd]ch[0xc]Z[0x8]D[0x9f]pGT[0xb1]o[0x96]4[0xbc][0x9d][0x81]yq[0xd7][0xf3][0xed][^.[[0xf3][0xb4]g[0x17]R[0xba]0[0xa5][0xd7]h[0xbb]%[0xd2])Y[0x88][0xe0]K[0xcf][0xc9]OJ[0xcc]Q(J[0xcd]I[0x4][0x9d][0x94]W[0x9c][0x91]Y[0x80]9[0x93]z[0xb3][0xe9][0xc6][0xf2][0x1b][0xdb][0xc0]'[0xbf]A[0x83][0xd5][0xc8][0x8]t[0xd7]3}[0x82][0x15][0xd1][0xe7]tIU[0xf0][0x7]-[0xa7][0xcc],[0xc2][0xec]z[0x12]],[0x1a][0x9a][0xd0]k=[0x97][0xa5][0x11][0xa2][0x6]}[0xda][0xb3][0x1b][a[0xe][0x17][0x86][0x86][0xab][0xb9][0x1]he#}[0xc2][0x15][0xd1][0xe9][0x4]][0xb9]4w[0xcf][0xeb]m[0x8d][0xa0][0x82][\r]t9%[0xf4]"[0xc5][0x96][0x5][0xaf][0x97]u[0xbe][0xda][0xd0][0xa0][0xa0][0xf1]fn[0xc3][0xab]M{_[0xed]lx3c[0xc9][0xeb]ek@[0x5][0x1b]j[0x86][0xc]J[0xcc]KO[0x7][0xc5][\n]"
17:11:38.737 [main] DEBUG org.apache.http.wire -  << "[0xd4]#[0x86][0xa6][0xf4][0xb9][0xbe][0xd2][0xd4][0xc2][0x12]4[0xd7][0x9]-F[0x9e][0xb6][0xb6]bT6~[0xa9][0xe5][\n]"
17:11:38.738 [main] DEBUG org.apache.http.wire -  << "7[o[0xf6][0xdf][0xd8]|c[0xe7][0xcd][0xc6][0xb2][0xcc][0x9c][0x1c][0xa4][0x83][0x15][0x8d][0xe9]6vb[0x9]JuPg[0xbe][0xd9]:[0xe7]uO[0xc3][0xdb][0x99]S^O[0x98][0x3][0xbe] m[0xfe][0x9a]W[0xdb]w([0xbc][0x99][0xba][0x4][0xcc][[0xd0][0xf1]f[0xee][0x16][0x85][0xd7][0xcb][0x97][0xbc][0xed][0xda][0xf1]z[0xd9][0xda]7][0x98][0xa7]+[0xbf][0x9c][0xbd][0xfb][0xd9][0x86][0xe9]O[0xb7]/}[0xb2][0xab][0xfb][0xe9]bP#[0x1][0x1a][0xee][0x16][0xe6][0xa0]-ttI@[0xc6][0x88][0xa3][0x9f]|J[0x93]J[0xb3]s2AI[0xa0][0x14]#[0x2][0xde],[0x98][0xf3]f[0xde]D[0x90]W_[0xaf][0xd9][0xf2][0xa6]e[0x81][0xc2][0x9b][0xb6])[0xaf][0x17][0xaf]x[0xd3]:[0x3][0xa9][0x18]4[0xa0][rA[0xda][0xac][0x8e]\[0x1e][0xa3]&g[0xd4][0xde]^qe^jQzfqIf[0xb2]BqiAAN[0xa5]nrFbf[0x1e][0xa8][0xa4][0x84][0x85][0xbb][0x11]h7.}[0xc2][0x1d]1[0x88][0xe8][0xe1][0xa3]`ij`[0xa6][0xe0][0x1e][0x8c][0x11][0xea][0x4][0x8b]x[0xa8][0xc3]M-@[0xab][0xde][0xe8][0xe3]pDIN[0xb8][0xb4]F[0x8d][0xf][0x17]w[0x5]ssSS[0xa4]kB[0xcc]Lh[0xd1][0xad][0x0][0x0][0x0][0x0][0xff][0xff]"
17:11:38.738 [main] DEBUG org.apache.http.wire -  << "[\r][\n]"
17:11:38.738 [main] DEBUG org.apache.http.wire -  << "ED[\r][\n]"
17:11:38.738 [main] DEBUG org.apache.http.wire -  << "*-*[0xc8]/N-V[0xaa][0x8d][0xad][0xd5][0xa9]V[0xf2]tQ[0xb2]2[0xb5][0xb0][0x4][0xdd][0x82][0x7][0xcd][0xb9][0x9e][0xb9]I[0xa9]E[0xa0][0xa5]D[0xa8][0xce]{[0xba]d[0xf9][0xcb][0x19][0xab][0x9e][0xee][0x9a][0xf3][0xb4]u[0xf5][0x93][0x1d][0x1d]O7o[0x83]0[0x9e]O[0xd9][0xf5]r[0xdb][0x96][0xc7][0xcd][0xdb][0x9e][0xec][0x98]a[\n]"
17:11:38.738 [main] DEBUG org.apache.http.wire -  << "=[0x15][0xce][0x0]t*[0x9c][0x19][0xe8]T[0xb8]gs[0xf7]=n[0xec]y[0xb1]a;[0xf2][0xf5]3[0x6][0x16]fH[0xd9][0x82]n{[0xf8][0xc1][0x8b][0x86][0xa1][0x9e][0xbc][0xb1][0xfe]f[0xfb][0xcd][0xd6][0x1b][0xcb]o[0xb6][0x15]gd[0x16][0x81]JKT[0xdf]b[0xca]C[0xd3][0x92][0x99][0x1][0xa8][0x8b]N[0x9f][0xb4][0x84][0x18][0x80]LKL[0x6][0x1d][0x9a][0xb][0xbe]4[0xba][0xb4][0xb8]$?7[0xb3]*5E[0xa1]<5I[0xa1]8[0xb5][0xa8],[0x13][0xdb][0xc4][0x1b]%-y[0x13]:[0xdd][0x9d][0x3]Jx[0x88][0xfe][0xc9][0xd3]%[0xab][0x9e][0xec]h[0xc0][0xc8][0xe5]&[0xe6]f[0xba]>n[0x8e][0xee][0x88]$cd[\n]"
17:11:38.738 [main] DEBUG org.apache.http.wire -  << "*[0x97][0xe9][0x12][0x7][0xa0][0xfd]M[0xd0]$[0x3]o[0xc7][0xa0][0xa6][0x14][0x9a][0xe5][0xb][0x13][0x90][0xdd]t"
17:11:38.738 [main] DEBUG org.apache.http.wire -  << "[\r][\n]"
17:11:38.738 [main] DEBUG org.apache.http.wire -  << "2000[\r][\n]"
17:11:38.738 [main] DEBUG org.apache.http.wire -  << "[0xf1]$h[0x9d][0x1d]~O[0x1a][0x19][0x19][0xe9][0x9a][0x1b][0x9a]"E[0x81]%[0xbd][0xce][0xf5][0xb2]4E[0xd4][0x5][0xcf]Ww?[0xdd]>[0x17][G[0xf]Y[0x6][0x9a]S[0xcd][0xcd][0xe9]s[0xcf][0xaa][0xa9][0x85]%[0xe8]2!h[0x0]b[0xef][0xf7][0xa3]&[0x19][0xaf][0x1c]=[0x5][0xc7][0xbc][0x92][0xc4][0x82][0xc4][0xbc]L[0x5][0x9f][0xc4][0xdc]D[0xf0][0x1d][0xeb][0x16]1y[0x1][0x89][0x95][0x89][0xd9][0xa5][0xb9]I[0xa5][0x19]: [0xf1][0x82][0xd2][0xbc]t[0x5]Ss[0xb]c#D[0xc0][0xd3][0xeb][0xe][0x7][0x90][0xaf][0x10][0xad]gc[0x3]3[0x85][0x8]'o[0x8c][0xbc][0x9]>/{[0xed][0x8d][0x15][\n]"
17:11:38.738 [main] DEBUG org.apache.http.wire -  << "7[o[0xac][0xba][0xb1][0xe6][0xc6]F$[0x87][0x9a][0xd0][0xe7][0x80]N[0x90]C[0x11][0x5][0xa5]_[0xa8][0xb3][0xae][0xa5][0x1][0xa8]zA[\r]rH[0xab][0x19][0x9a]2,[0xe8]6=g[0x9][0xea][0xea]@S[0x6]R9[0x86][0xea]6r[0x9a][0xca]P[0x9f][0x98][0x1a][0x98][0x9a][0xd1][0xe7][0x0][0x1c]K[0xa4]=\[0xa1][0xc1]~a[0xa0][0x3][0xd3][nl[0xbe][0xd9]u[0xb3][0xf1]fWL[0x9e][[0x80][0xbf][0x82]c[0x80][0x82][0x91][0x89][0xa5]9[0xe6][0xe5]8[0x11][0x1e][\n]"
17:11:38.738 [main] DEBUG org.apache.http.wire -  << "F[0xa6][0xe6][0xc6][0xa0]X[0x81][0xba][0xdb][0xd0][0x18][0x14]0t)[0xdc][0x90][0xf6]t[0x11]l/[0xa2][0xc6][0xb]J[0xcb][0x13][0xea]p[0xb][0xb]z[0x9d]jb[0x9][0x1a][0xd4][0x81]&[0x1d]D[0xf1][0x8b][0xea]B[0x84]8[0xd4]yF[0xc6]fFtJ[0xf] [0x8b][0xa0][0xce]#[0xb5][0xa5][0x9b][0x4][0xda][0xdf][0x0][0xba][\n]"
17:11:38.738 [main] DEBUG org.apache.http.wire -  << "[0xa0][0xa4](3[0xa9][0xb4]$5E[0xa1]$5[0x19]rQ6[0xca][0x15][0x6]f[0x86][0xe6]t[0xb9][0x8f][0xc4][0xd4][0xc2][0x12][0xd4]5[0x83][0xfa][0x6][0x91]J0o|[0xf][0xf2][0xf7][0xc4]([0x3]}[0x13][0x8b][0xd2][0x13]K+[0x10]%[0x9f][0xa1])hN[0x8d]>[0x89][0x1b][0xd1][0xdd] [0xa6][0xe2]y[0xd6]=[0xf9][0xf9][0x9c][0xf9]H.[0xa5][0xd3][0xe5][0xe9][0xa0][0x0]F[0x8c][0x13][0xdd][0xd8]yc[0xc5][0x8d][0xf5][0x90][0x2]d[0xe7][0xcd][0x96][0x9b]]71G4[0x82][0x9c][0x15][0xc][0xcc][0x8d][0x90][0xea]=C[0xf0]1[0xaf][0xf4][0x9]TD[0xbd][0x7][0x1f][0xf2]A[0xcd]wx[0xaa]=S3[0xd0]Q[0x17][0xf4]q'[0xa2][0xda][0x83]To[0xa8][0x8e][0xc]:[0xbc]29[0xb5][0x0]4[0xe2][0x99][0x97]Y\[0x2][0xea][0xe2][0xc0][\n]"
17:11:38.738 [main] DEBUG org.apache.http.wire -  << "[0x9][0xf0][0xc9][0xcf][0xf4]q"bM[0x2][0xd1][0xad]{sC[0xd0][0xc]"}[0x9c][0x87][0xe8]|[0x90]Z[0xa7][0xdd][0xd8][0x8]:v[0x1e][0xd4][0xee]Yqc[0xf9][0x8d][0xb5]7[0x90][0xc6][0xa7][0xcc][0xe8]v[0x84][0xa2]%h[0xc2][0x5]Zl[0xa1][0xd4]V[0xa8])[0xe1][0xe5][0xb2][0x99][0xcf]wNAd{scP[0x9b][0x9a].![0x8c][0xb4]9[0xcb]#5[0xaf]([0x13]t[0x92][0xe]F[0x9]J[0xab].[0x94][0xa9][0x19][0xe8][0xd4][0x1c][0xfa][0xf8][0x13]11[0xe2][0x9a][0x9b][0x89]y[0xb1]'[0xea][0xb0]>4#ZX[0xd2]kq[0x90]%[0xa8]"[0x85]&[0x14]R[0xeb]7,]+Ss[0xba][\r][0xa8][0x99][0x93]Vo<[0xed][0xdd][0xf0]b[0xe9]~H[0xf][0x11][0x1a][0xca][0xc6][0xa6]t[0xeb][0x7][0x82][0xa6][0x15][0xa1][0xa1][0xfc][0xba][0xa7][0xe1][0xcd][0x82][0x96]W[&[0xbe][0x99][0xbe][0x16]4[0x83][0xfa]fQ[0xeb][0xeb][0x85]s^m][0xa3][0xf0][0xa6]i[0xcf][0x9b][0x96][0x8d][0xaf]6nx[0xbd]l[\r]FV Z[0x1b][0xd4]sFF[0xf4][0xda][0xe7]g[0x89][0xb4][0x9d][0xc1]9#[0xb1]([0xfd][0xf0]J[0xd0][0x4]}QjrFjQrF[0xaa]Bj[0x89]B[\n]"
17:11:38.738 [main] DEBUG org.apache.http.wire -  << "[0xfc][0x1e][0xb4][0xdc][0xd4]<079#[0xb5][0x4]4[0x84][0x8c]Z aIR[0x16][0xc6]t[[0xa0][0x82]t]3YM[0x11]S[0xb][0xba][0x8d]} -Z&[0xd8]hF[\r]b[0xac][0x5][0x8e][0x91]!hy1][\n]"
17:11:38.738 [main] DEBUG org.apache.http.wire -  << "D[0x90]E[0xd0][0xac][0x80][0xa7]fz[0xdc][0xd8][0xf2][0xb8]q[0xe6][0xe3]F[0xd4][0x1c]kB[0xbf]6[0x14]h[0xeb][0x4][0xd4][0x99]^[0x89]9[0x89]y[\n]"
17:11:38.738 [main] DEBUG org.apache.http.wire -  << "[0xe1][0xf9]y[0xf9][0x89][0x95][0xa5][0xe0][0x11][0x19][0x3][0xcb][0x98]<[0xdf][0xc4][0xbc][0xc4][0x94]|[0x1d][0x5]o[0xd0]a[0xcf][0x89]y%[0x89]y[\n]"
17:11:38.738 [main] DEBUG org.apache.http.wire -  << "N[0x89]E[0x89]%[\n]"
17:11:38.738 [main] DEBUG org.apache.http.wire -  << "f&[0xe6][0x96][0xa0][0x1e]-j[0xb0][0x93][0x9e]3[0xa0][0x19][0xd9][0xd4][0x14]tY[0x1f]}[0xa2][0x6][0xd1]i0[0xb4]4[0x6][0x8d][0xab][0xa2][0xfa][0x1]*[0x8]s[0x98][0x5][0xbd]N[0xbc][0xb1][0xb4]D[0x94][0xf5]d[0xc]xc[0xcf][0xcb]P_[0x98][0x80][0xf]K[0xa1]O[0xf0]"[0xba][0xf][0xb8][0x86][0xcd][0x10][0xe2]p[0xe7][0xd1][0xeb]@[0x13]K[0xd0][0xd5]W[0xd0][0x14][0x9f][0x9b]_T[0x90][0xa1][0x90][0x94]Z\[0xa2][0x9b][0x9f][0xa6][0x9b]T[0x94][0x9a][0x9a][0xa2][0x90][0xaa][0xb][0xda]~[0x8e][0xad][0xd0][0x86][0xf4]1`[0xe]6[0xa1][0xd7]~/K[0x90]EP[0x7][0x83].{[0xc]O,[0xca][0xcc]K[0xcf][0xcc][0x3][0xe7]Ps[0xc3][0x98]<[0xa7]|P[0xae]L[0xd7]QpJ[0xcc][0xc9]T0240[0xc6][0x1c][0x81]"A#[0xcc][0x83]f[0xa0][0x96][0x7]}[0x12][0xc][0xa2][0x17][0x82]{[0xb6][0x96]p[0xff][0x4][0xea]p#K:[0x1d][0x92]hi[0x80][0xb4][0xe4][0x19][0xc7][0xa4]![0xc6][0x0][0x95][0x85][0x9][0x9d]v[0x1c]X[0x1a][0x80][0x6]a[0xa0][0xe9][0x6]ij[0x15][0xb5][0xa8][0x83][0xb6][0xd5][0xa1]Agl@[0xa7][0xc1]=K[0x3]Pa[0xf]u[0x1c]Z[0x1d][0x88][0xea]@[0xcc]eI[0xa6][0xf4][0x1a][0x8][0xb1][0x4][0xcf]tB[0x1d][0x89][0xdc]bCu![0xb2][0xc]4[0x1c][0xcd][\r]@[0xeb][0xb0][0xe8][0x90]w,[0xc1][0xb7]BC[0x9d]H[0xd6][0xac][\n]"
17:11:38.738 [main] DEBUG org.apache.http.wire -  << "[0xaa]_Pk>###C[0xba][0xc][0xa6]Z[0x1a][0x80][0xce][0xd1][0x81]z[0x83][0x98]U[0x9a]x[0xab]:Cs[0xfa][0x85]>[0xa2][0xaa][0xc3][0x9c]0G[\r]Z[0x8c]*[0xcf][0xc2][0x2]tJ[0xe]}[0x12][0x9]b[0xa0][0x8c][0xb4]*[0xf]1[0x9b][0x4]M[0xd9]F&[0xa0][0x81]b[0xfa]8[0x1a]1t[0x86][0xb9][0x12][\n]"
17:11:38.738 [main] DEBUG org.apache.http.wire -  << "5l1[0xe5][0xa1][0xce]53[0xa7][0xd3][0x9e]UK[0x3][0x3]D%F[0xfc][0xc2]"To[0xe0][0x19]R36[0x0]u[0xda][0xe8][0x12][0xee][0xa0]E[0x9f][0xd0][0xac][0x88][0xa8][0xbd]P[0x1d][0x8a][0x10][0x87][0x86][0xb3][0xb1]%[0xa8][0x1f]A[0x1f][0xe7]!.M[0xc1]Y[0xab][0x11][0xec]*B[0x9d]mfA[0xa7]m[0xad][0x96][0x6][0xa0]Z[0x1f][0x1a][0xaa]HU[0x1a]j[0xb0]"[0x6][0xa6]p[0xac][0xd8][0x85]:[0xdb][0xc8][0x9c]n-[0x1c]C[0xc4][0xda][0x3][0xc4]4[0xf][0xaa][0xab][0xc9][0xec]6B[0xfd]bH[0xaf]{[0x9]-[\r][0x90]v^P[0xbd][0xaa]43[0xa4][0xd3][0xad]A[0x96][0x6][0xa0][0x8d][0xc0][0xd0][0x94]D[0xf5]N"[0xbd]NA[0xb2][0x4]74[0xa1][0xbe][0x0][0x9d][0x9e][0x90][0x92]Y[0x92][0xaa][0xe0]d[0xe4][0xa4][0x90][0x9c][0x9f]W[0x92][\n]"
17:11:38.738 [main] DEBUG org.apache.http.wire -  << ">[0xc8][0xb]5[0x95][0xe1]P[0x4]MEF[0x16][0xa0][0xf1]][0xfa][0x94]?[0x88][0xba][0x14]s[0x82][0x9][0xd5][0xcd][0xa0]N[0x97]sfybqI[0x11]d[0x85][0x8b][0xb9][0x99]AL[0x9e]Sb[0xa9][0xae]Sb[0xa9][0x8e]BpinbIjQ"t<[0xc5][0xd8][0xd4][0x1c]e[0xed]#[0xfd]R[0x14][0xd2][0xb0][0x3]b[0xda][0x11][0xd5]+[0x8]qh[0x88][0x9b][0xd1][0xe9]brS[0xb]K[0xd0][0x86]ghR[0x9][0xf2]3T01[0x3]O[0x8b][0xa2][0xba]/[0xa7]4[0xb9]89#7[0xb3][0xa4][0xc4]!'5[0x1d]c[0x17],[0xf8][0x96]O:$[0xf][0xc8]}LP[0xc7][0xe2]:d[0x3]t[0xc0][0x6](Q[0x80][0xce]f[0xc2]r[0xdc][0xaf][0xb9]9[0xbd]nb[0xb1]Dj[0xb3][0xe0]8}>-[0xb7]4[0xa7]21/[0x13]z[0x88]+[0xca][0xa1][0x10][0xc6]Ft[0x1b]!@j[0x93][0xe0]<[0x10][0x4]t"q^b[0x9][0xda][0xce]D[0x13]#[0xd0]q9t[0x89]z[0xd0],[0xb]4[0xea]q[0x1c]![0x95][0xc][0xda]W[0xe][0xb9]K[0x18][0xf9]hY3[0x13]PW[0x9d]>nDL[0xd3][0x11][0x1e]PA[0xcd]bxZ[0xa7][0x16][0x96][0xa0]iN[0xfa]x[0x0][0xd1] [0xc1][0xd9][0x8e]B[0x19]o[0x87][0x96]W[0x86]t;H[0xca][0x12][0xa9][0x82][0xa6][0xfa][0xc4].j[0x94] [0xcf]([0xc3][0xfc]iH[0xaf][0x83][0xc]-AcE[0xd0][0xf4]N[0xa8][0xf3][0x8b]g[0xbd][0x88][0xb9][0xa1][0x9]][0xee]17[0x85][0x1c][0xe0][0xc]u0[0xa2]c[0x8b][0x1a][0xa2](c[0xbc][0xe6][0xf4][&[0x9]:#[0x0][0xea]4DU[0x8b][0xe6]4[0xcc][0x99]]Sc:[0xf5]_,,[0x8d][0x11][0xdd].C[0xaf]`[0x5]'[0x13][0xcc]1f[0xca]:[0x2][0xc6]t;[0x2][0xda][0x12]tX[0x1f]4[0xb0][0xc9]k[0xa2][0xa1]F[0xc]f3[0x10][0x9a][0x17]-[0x8c]-[0xe8]tV[0x8b][0xa5][0x9]b[0x9f][0x16]1[0xeb][0xe0][0xc8][0xea][0xff]@}ef[0x6]J[0xb]t)[0xec]A[0xdb][0xdc][0xa0][0x11][0x85]<[0xca][0x8a][0x1a][0xfc][0x88]^3[0xae][0xe5][0x8a]P[0x87][0xd3][0xef]6"K[0xd0]~_[0xa8][0xc3][0xc9][0x1d][0xc]B[0x9e][0x9][0x81]z[0xc0][0xc2][0x14][0xd4]R[0xa7]O[0xc8]#[0xaa]Y[0xf8][0xe2])[0xd4]`G[0x1b][0xb5][0x87]:[0xd1][0xc]|^)}[0x9c][0x88][0x98],[0x85][0xce]b[0xa0]:[0x10]*[0x8]u[0x98][0xb9]1h[0x93][0x7]}[0x1c][0x86][0x18][0x14][0xc6][0xd1]kEu([0xe]E0[0x87][0xd3][0xaf]B[0x7]-[0x16][0x83][0xa6]ZH=[0x88][0xea]ND[0x9d][0x9]u[0x9a][0x99]%[0xdd][0xda][0xd6][0xa0]5[0xa5]p[0xa7][0xe1]9[0xef][0x0]i[0x8f][0x1][0xd4][0x91][0xe6][0xf4][0xeb][0xa8]"[0xdd][0x99][0x86][0xb4][0xe2][0x1f]5[0x10][0xe1][0xa7][0x6][0xc0][0x9c]G[0xb7][0xdb]R,[0x91][0xae]H[0xc3][0x91][0xa7][0xb1]5[0x9c][0x8d]M[0xe9][0xb6][0xdf][0xf][0xe9]Z1h[0xe6]E[\r];[0xac]KzLL[0xe9]u[0x5][0xb2]%[0xf2][0x15]\[0xe4][0x1c][0x13][0x82][0xea][0x1b]J[0xf6]'Z[0xd0]k[0x82][0xd1][0xc2][0x12][0xe9]hx[0xbc];[0xc0])jR[0x18][0x81]*L[0xba][0x14][0xce][0xc8][0xa7][0xaf][0xc3][0x8e]3@[0x8d][0x17][0x2][0xc5][0xb1][0x9]([0x95][0xd2][0xc7][0xa9][0x88][0x91]F[0xac][0xc5]1[0xbe]3[0xf][0xc][0xe9][0xb7]=[0x11]t[0x15]6[0xac]h&v[0x3][0xab][0xb9][0xb9][0x19][0xbd]N[0xe3]2G[0xcc][0xcb][0xe1],[0x94][0x9][0xf][0x85]@Kk[0xb][0xb]z[0xdd]me[0x9]:[0x17][0x16][0x1a][0xac][0x88][0xe9]6[0xd4][0x94][\n]"
17:11:38.738 [main] DEBUG org.apache.http.wire -  << "[0xdf][0x90][0xb]u[0x9d]1[0xbd]F[0xc1]-,A[0x87][0x16]C][0x87][0xfb][0x14]+h![0xe]u[0x9d][0x85][0x19][0x9d][0xa6][0x8e]-[0xc0][0xcd][0x12][0xa8][0xeb][0xa0]+[0x1a]P[0x3][0x8e][0x92][0xb2][0xca][0xc2][0xc]4[0xee]A[0x97][0x2][0x0]t][0x2][0xd4][0x1b][0x84][0x6]X[0xf0][0x17]Z[0xa6][0xc6][0xa0][0xfe]!}[0xdc][0x8c]([0xb4]0[0xfb][0xc5][0xa8][0xb1]@h)[0x2]4[0xdd][0x98][0x18][0xd2][0xed][0xd4][\r][0xb][0xc4][0x92][0x3][0xb4][0x83][0xb3]P][0x8e]s[0xbd][0x81][0x91][0x1][0xe8]x:[0xfa][0x4]4[0xa2]\[0x83][0xb7])Q]I|[0xa9]fN[0xb7]&[0x14][0xe8][0xd8]7h[0x92][0xc6][0xb1]b[0xe][0xcb][0x98][0xa6][0xa9][0x9][0xe8][0xb8]3:[0x84][0xaa][0xa5][0x1][0xa8]x[0x87][0xba][0xf]G[0xa8]b[0xe9][0x97][0x9b]Y[0x80][0x86][0xef][0xe8][0xe2]>[0xd0][0x82],[0xa8][0xfb]h<[0xb6][0x8c][0xa8]t[0xa0][0xf9][0xd0][0xd8][0x98]N[0xf9][0xd0][0x12]<T[0xf][0xf5]%[0xd1][0xfb]AP[0xd3]>bP[0x8][0xff]R[\n]"
17:11:38.738 [main] DEBUG org.apache.http.wire -  << "C[0x13][0xfa]E[0x1d]bH[0x5][0xd7][0x8]*[0xf2] [0x17]4[0xd4]M[0xc0][[0xdc][0xe8][0x93][0xb6][0x10][0xcb][0xe2][0x83][0xe0][0xbb]OQ[0x83][0x15][0xfb][0xda]<[0xa8]S[\r][0xe9]u[0x9d][0xbd][0xa5][0x1][0xd2][0xa1]kd[0xd5][0xe5][0xa8][0xbe]B[0xeb][0xd7]@[0xbd]cB[0xaf][0x96][0xbe][0xa5][0x1]h[0xc2][0x17][0x9a][0xde][0x9]U[0xf4][0x98][0xf2]P[0xe7][0x9a][0x82]/[0x99][0xa5]OBA[0xd4][0xf1][0x88]1![0xd4] [0xc5]{ [0x9b][0xa1][0xa9][0x99][0x19][0x9d][0xd6][0x95][0xd2][0xe7]@63C[0xd0][0xe1][0x10][0xf4][0x9]{D[0xb5]O[0xee][0xc8]2[0xf1][0xfa][0xa0]I[0xcb][0xc2][0x10]t:[0x16]][0xbc][0x7]:[0xd7][0x8][0x9a][0x13][0x88][0xed]W[0x98][0x98][0x82][0xc6]e[0xe8][0xe3]:[0xc4]$[0x18][0xbc][0xef][0x85][0x9a][0xee]3[0xf3][0xf2][0xf2][0xcb]@[0xa7]T[0x15][0xa7]&[0xe6][0xe6][0xa4][0x16][0x17][0xe3]8[0xd9][0xc1][0xc2][0x4][0xd4][0xd6][0xa4][0x8f][0xa3][0x11]S[0xfe][0xb8][0x96][0xf0]![0xc4][0xa1]1nd[0x9][0xda]xG[0x17][0xe7][0x81]F~[0xa0]1NB[0xb5]hd@[0xa7][0xb5]'[0x96][0xe0]C[0xb][0xa1][0xe]$[0x18][0xbb][0xe4]%[0x6]#[0xf0])[0xb9]t[0x9]m[0xd0][0xb0][0xb][0xd4]3d[0x8d]?[0xa2]z[0x10][0xd1]L[0x80][0xa6][0x1b]s[0xf0]q[0xa8][0xf4][0xf1][0x9]b[0xfa][0x87][\n]"
17:11:38.738 [main] DEBUG org.apache.http.wire -  << "M[0x0][0xec][0x93][0xa6]P_[0x99][0x80][0x8f][0x1f][0xa5][0x8f][0xaf][0x10]sG[0xd8][0xd6]L[0xa0][0x6]?[0xfe]N[0xbf][0x85])[0xe8][0xc4]n[0xfa][0xb8][0x1a][0xd1] [0xc0]:R[0x9]?[0x93][\n]"
17:11:38.738 [main] DEBUG org.apache.http.wire -  << "[0x1a][0xa0][0xc6][0xf4][g[\n]"
17:11:38.738 [main] DEBUG org.apache.http.wire -  << "Z[0xff][0xf]M[0xf0]8[0x87][0xff]H[0xae][0x10]M[0xe9]uK[0x9a][0xa5][0x1]h[0x8f][0x8][0xd4][0xfd]x[0x87]$0'[0xbe]L,A[0x99][0x9d].[0xf1][0x8f]t[\n]"
17:11:38.738 [main] DEBUG org.apache.http.wire -  << "[0x7][0xa9]G![0xa1][0x8e][0x11][0x9a][0xd1][0xeb]`CK[0x3][0xd0][0x8a]5h[0xc0][0x92][0xbe]g[0x19]5[0x1f]"[0xea]-h[0xfa]61[0x3]M[0x5][0xd2]'[0xe8][0x11][0xb5];[0x89][0xb5][0x13][0xd6][0x81][0x16][0xd0]^S[0xfa][0xb8][0x1b][0xd1][0x1b]F[0x99]uD[\r]Yb[0xbb][0xf1]f[0x96]t[0x1b]!B[0x9a][0xf][0xa3]B[\r][0x8a][0xbf]Cm`L[0x9f]Y[0x12]Kpk[\n]"
17:11:38.738 [main] DEBUG org.apache.http.wire -  << "[0x9a][0x1b][0xa8]P[0x9b]b[0xef]P[0xd3]q[0xdb][\n]"
17:11:38.738 [main] DEBUG org.apache.http.wire -  << "[0xd2],[0x1f]f[0x87][0x19]5[0x89][0x91]u.:4[0x9f][0x1b]Z[0xd0]/[0xd9]![0xaa]XB[0xe3][0xea]x[0xfb][0xde][0xa6]&[0xa0].[0x16]}[0xb2]8b4[0x1d]s[0xc0][0x1c]-[0x12][0xc8]8,[0x1d][0x1a][0x7]&&t:[0x8a][0xc7][0xd2][0x0]i*[0x11]y[0x14][0x18][0xd5]+H[0xad][0xc][0xa8][0xb]-[0xc]A[0xeb][0xec][0xe9][0x12][0xe4]H[0x93][0x86]87[0xc7]!I[0xc0][0x1c]H[0xbf][0xfe][0x7][0xd2][0xbc]![0xf2]`'j[0x10]btG[0xcd][0xe8][0xb5]F[0xd8][0xd2][0x0][0xe9][0x4]#[0xe4][\n]"
17:11:38.738 [main] DEBUG org.apache.http.wire -  << "[0x12][0xd5][0x81][0xf0][0xce]?4[0x0][0x8d]MA[0x93][0xe0][0xf4][0x89]aD[0xbd][0x89][0xb6][0x2][0xf][0xd5][0x89][0xc4][0xd6][0x9c][0x16][0x86]t[0xab]c@;X[0xa1]u[0xc][0xf2])U[0xa8][0xee]&[0xab]N[0x85]F[0x83][0x99][0x19]h0[0x81]>[0xd1][0x80][0xe8]}[0xe2][0xbd][0xfa][0x0][0xd5]s[0xe8][0xc7]O[0x9a][0x1b][0xd3][0xad]0&a.[0x19]c[0xa7][0xba][0x99]!h{>}[0xc2][0x15]Q[0xcd][0xe1][0x1a]Z[0xc6][0xac][0xfe][0xa0][0xd1]obnH[0x9f][0xe5][0xd6][0x96][0x6][0xa0][0xc1];hR&T[0xb5]av[0xcc][0xc]-[0xe8]4Ili[0x0][0xba]G[0xe][0xea]N[0xe2];[0xb9][0xa8]i[0x16][0xb3]>37[0xa5][[0x91][0x81]4][0x8c][0xba][0xf8][0xf][0xd5][0x8d][0x84];[0x9d][0xd0]$bj[0x4][0xda]LH[0x97][0x94][0xc][0x1a]@[0x85][0x6]=[0xa2]>Cu6[0xa2][0x8c]&[0xb0]r[0xdd][0xcc][0x84]n[0x13]&H[0xc7][0x96]!f[0x80]Q[0x9d][\r][0x9f][0xb8][0x87][0x6][0xaa][0xb1]!h[0x9d]>}[0x2][0x95][0xc8][0xda][0xf]ik[0x18][0xd4][0x91][0x16][0xf4]:[0xce][0xc8][0xd2][0x0]t[0xa6]%4[0xe6][0xb1][0xae]>[0x82][\n]"
17:11:38.738 [main] DEBUG org.apache.http.wire -  << "B[0x1d]ff[0x2]Z[0x97]K[0x97][0xd0][0x3][0x8d][0x7]B[0x1d][0x86][0xe3]0Z[0xd0]v[0x18]"[0xcf][0x97][0x82]:[0xdf][0xc8][0x9c]Ng[0x1]Z[0x1a][0x80][0xfa]ZP[0xe7]#[0xb5]aQ[0xd3]&[0xea]p[0x92][0xa1][0x11]hO&][0xc2][0x16]t[\n]"
17:11:38.738 [main] DEBUG org.apache.http.wire -  << "%[0xd4]qx[0xc6]3[0xe0][0xeb][0xae][0xa1][0xa1]gn[0xc][0xba]9[0x81]>[0xe]D[0xcc][0xee][0xd3][0xa6][0xf5]en[0x9][0xaa]m[0xe8][0xe3][0x17]D[0xeb][0x8b][\n]"
17:11:38.738 [main] DEBUG org.apache.http.wire -  << "[0xa3][0x15]x[0x1b]p[0xd0][0x88]22[0xa3][0xd3]y[0xfd][0x96][0x6][0xa0][0x83][0xf0][0xa0])[0x89][0xac][0xb1][0x9][0xd4][0xc]A[0x96][0x11]PO[[0x18][0x81][0x8e]<[0xa5]O[0x8c][0x12]n[0xf7][0x11][0xb9]\[0xd0][0xcc][0xcc][0x8c]>[0xfb]I-[\r][0x90][0xf6][0x11][0xbe]!c[0x0][0x3]-[0xa2][0xc8]0[0x1][0x1e]Otk[0x90][0x81][0xae][0xc9][0x85]%N[0xec][0xf7]_b[0xb6][0x17][0x8d][0xe8]u[0xb2][0xa7][0xa5][0x1]h[0x99]+[0xd4]y[0x4][0xcf][0x0]B[\r]~[0x82][0xca][0xa1]amf[0x2]:[0xf4][0x8f].y[0x2][0xd4][0xaa][0x82]z[0x86][0xf8][0xa1][0x8]Cs:[0xed]9[0xb5]40![0xb2]1[0x86]6N[0x1][\r]HcK[0xd0][0xd9]B[0xf4][0x9]HD[0xd5][0x87]}[0xbc][0x1d]5) W[0x8f]0[0xc7][0xd2][0xeb]f_K[0x3][0xd0]nxh[0xac]c[0x9f][0x94]Fu,Y[0xf5][0x1f][0xcc]W[0x96][0xf4]K[0xcb][0x88]ym[0x1c]WJ`[0x8e]:[0x18][0xd1][0xad];O[0xea][0xc6]G#C[0xba][0xf5][0xc7][0x90]6>[0xe2]X[0x90][0x8c][0xe7]\[0xe]S[0xfa][0x9d][0x84][0x8][0x9a][0xf0][0x84]&[B#"[0xe4][0xd4][0x95][0xd0][0x14]kj[0x8][0x9a][0xcf][0xa7]K[0xa1][0x1][0xea][0x95]A=Dxx[0x1]5O"[0xf5]N[0xa0][0xee]64[0xa6][K[\n]"
17:11:38.738 [main] DEBUG org.apache.http.wire -  << "[0xb4][0xcd][0x19][0xea]n[0xaa][0xcf]k[0x1b][0x1a][0xd0][0xe9]>NK[0x3][0xd0].;[0xa8]7h[0xbc][0xd0][0x1d]}8[0xc3][0xd0][0x82]N[0xbb]!,[\r]@[0xb7][0x90]@=IB[0xa7][0xd1][0xc4][0x84]n5'he%[0xd4][0x81][0x88][0xb5]^[0xa8][0x89][0x1d]Kmia[0xe][0x1a]m[0xa6]O.[0xa5]O[0xd0][0x88]n[0xcb]j@W[0xdb]AC[0x9f][0xd0],6[0xfe][0xa5]`FFt;0[0x12]4[0x1a][0x4]u3[0xc9][0x3][0xf8][0x16]f[0xa0]\O[0x9f]t[0x83][0x98][0x9b]&[0xbc]M[\n]"
17:11:38.738 [main] DEBUG org.apache.http.wire -  << "5[0xc1][0xe3][0xa9]oM[0xc][0xe9]6[0x1][0x5]Zp[0xe][\r]g[0x12][0x6][0xed]P}B[0x82]Fh=F[0xb7][0xbd]x[0x96][0x6]H[0xd7][0x16][0x12][0xec][0x9b][0xa1]z[0xb]y[0xe1]8[0xd4][0xdd][0x86][0x6]t[0x1b][0x14]@[0xba][0xb5][0x90][0xea][0xf5][0xaf][0x9][0xbd].^[0xb1]4@[0xba][0xdd][0x90][0xcc]-XDk[0x83][0xc6][0x91][0x91][0x11][0xbd]F1[0xc]A'Z@3[0xf][0xd1][0xae]DMc[0xd8][0xfb][0xb4]fF[0xf4]Jf[0xe0]+[0xe2][0xa0]^[0x80][0xce]'[0xa0]:[0x10]{[0xdf][0x11][0x1a][0xd4]&[0xf4]:[0xd8][0xcc][0x12]<s[0xc]u'rK[0x1][0xd5][0xb1][0xc8]2P'[0x1a][0x99][0x83][0x86][0x17][0xe8]Q[0x17][0x18][0x82]fc[0xa1]N[0xc4]Q[0x8d][0xa2][0xba][0x16][0xde][0x81][0x85]:[0xd5][0xd0][0x94]N;[0xc2]-[\r]A[0xb3][0x97]P[0xa7]bN[0x83][0xa3][0xba][0x12][0xef]*0c3[0xd0][0xf2]W[0xfa][0x84].[0xa2][0xa6]%[0xa7][0xe3][0x87][0xea])[0xd2]k,Cc[0xd0][0x90]%}|J[0xf9][0xd6],[0xc2]m[0x11]h[0x9a]3[0xa6][0xdb]d[0x8b]![0xd2][0xd9][0xab]H[0x1d][[0xd4]xA[0x9d][0x9c][0x87][0xba][0xd1][0xd4][0x84]^[0x13]B[0x86]H[0xa7][0xab][0x93]2TJ[0xb7][\n]"
17:11:38.738 [main] DEBUG org.apache.http.wire -  << "[0x7][0xd4]a[0x83][0xe6][[0xa4][0xa9]i[0xd4]0D[0x9f][0x1b]44[0xa4][0xd3][0xbd]S[0x96][0x86]H'[0xa3][0xe3][0x9d][0xc]Cu0%C[0x8f][0xe6][0x96][0xa0][0x8d][\r]t[0xc9][0x96]H[0xc7][0xb1][0x92]9[0xfa]kaF[0xaf][0x5][0x9c][0x86][0xa0][0x9a][0x4][0x9a]P[0x8]u[0xf9][0xd0][0xab]!c3[0xd0][0xae]h[0xfa][0x4])b[0xb6][0x8e][0xd0][0xac][0x1c]j[0x92][0x81][0xec][0xe][0x82][0x96][0xf]ff[0xa0][0xb1]*[0xfa]8[0x18]Q[0x9][0x91]P[0x85][0xa0][0xb9][0x1d]v[0xb8][0x11][0xcc][0xf9][0xe6][0xf4]Z[0xf4]iH[0xf8]T[\n]"
17:11:38.738 [main] DEBUG org.apache.http.wire -  << "[0xe2]WwA]ojH[0xaf]![0x1]C[0xfa][0x9d]YAp[0x7][0xc][0xd4][0xf3][0xc6][0x16][0xa0][0x89]B[0xba][0xa4]<#[0xc4][0xfe][0x1c][0xd4]J[0x12]5q[0x11][0x1e]b[0x86]:[0xdd][0x14]|0[0x14]}[0x9c][0x8e][0x98]6[0x83]/\Eu5[0xb4][0xe7][0x1]u[0x9a][0xb9])h[0xf9]9}[0x9c][0x86][0x18][0xf6]#k[0xc1]0[0xaa]7[0xb0]W[0xb]P_[0x19][0x19][0x83][0xd6]s[0xd1][0xc7]W[0x4]'[0xc9]p[0xf4]O[0xa0]N5[0xa4][0xdb][0x8c][0x99][0xa1][0x11][0xa2][0x6][0xc0][0xde][0xd1]@[\r]a[0x94]r[0xdf][0xc2][0x2]4[0xa9]E[0x9f][0x10]E[0x94][0xfb]H[0xeb]pQ[0xdd][0x86]9][0x5][\r]N3[0x13]zM[0xda][0x18][0x82][0xe][0xa1][0x81]V[0xfb][0x84][0xbb][0x0][0xa8][0xce][0xc7]\oaL[0xb7][0xe3]5[0xc]A[0xcb][0xd7][0xa1][0xee]Fl[0x82]Du[0x1f][0xe9][0x83]`[0xd0][0xe0][0xb7]0[0xa1][0xd7],[0x82]![0xe8]@k[0xa8]7[0x8]V![0xa8][0xbe]C[0xee]m@[0xdd]mn[0x4]Z[0xc1]E[0x97][0xe4]m[0x8c][0xa8]\[0x90][0x7]=Q[0x9d]Ht[0xd5]ba[0x6]jg[0xd0][0xc7][0xe1]D.[0x1d]A[0xef][0x13][0x19][0x9b][0x80][0x6]k[0xe8][0xe3]DD[0xed][0x87][0xb6][0x9d][0x11]5x)[0xea][0x5][0x19][0xd0]kU[0xa1]!(MB[0x93]8[0xbc][0xe3][0x80][0xea][0x11][0xb8]04[0x1d][0x1b]Z[0xd0][0xad][0xfb][0xe]:X[0xc][0xea]8P[0xf3][0x9c][0xf4];[0x93][0xd0]|rxerjAIf~^^fqI[0xaa][0x92][0x8e][0x12][0xd4]K[0xe6][0xe6][0xa0][0x8d][0xa1][0xf4]I>[0x88][0x9a][0x7][0xb3][0x82]Au.[0xc8][0xcb][0xa4]-[0xba]64[0xa3][0xd7][\r][0x97][0x86][0xa0][0xd1]3h[0xd4][0xe0]XBr[0xd7][0xc3][0xdc][0x98]N[0x7][0x81]Z[0x1a][0x82][0x9a][0xf9]P[0xd7][0xe3][0xda][0xcd][0x80][0xb1][0x97][0xf]|N6][0xd2][0x8][0xd2][0x2]?[0xc2][AP[0xd3][0xc]ewm[0x98][0x18][0xd3]m[0xa8][0x0]4![\n]"
17:11:38.738 [main] DEBUG org.apache.http.wire -  << "[0x8d][0x1]|[0xfd][0x1f][0xa4][0x91]Eh^[0xa5][0xdf][0x19][0x1b][0x86][0xa0][0x99][0x6][0xa8][0x1b][0xc9][0x9c][0xe]BY[0xbd][0x1][0xf7][0x0][0xdd]z[0xd8]Hk[0x6][0xc9][0xaa][0x8e]P[0xd3][0x16]Zu[0x7][0xf5][0x8e]![0xdd][0x8e]X[0x0][0x8f]{B[0xe3][0x3]^)[0xa1]:[0x11].[0xc]u[0x9c][0x99][0x19][0xa8][\n]"
17:11:38.738 [main] DEBUG org.apache.http.wire -  << "[0xa1]O[0xa6]E[0x14][0xec]x[0xf]dA[0x93][0x84]:[0xd4][0x82]^[0xd7]PX[0x1a]"[0xad][0xc8][0xc3][0xbd][[0x1d]^[0xa6]C[0xdd]gd[0xc][0xda][0xc8]B[0x97][0x80]DZ`G[0xe3][0x15]^[0x4][0xdb][0xf4]P[0xcf][[0x18][0x82][0xb6][0x18][0xd1][0xc7][0xf3][0x88][0x93][0xe4]pu[0x9c][0x10][0xbb][0x6][0xa1][0xce]32[0xa0][0xd7]f!C[0xd0]:[0x1c]h[0xe][0xc4][0xdd][0xb1] [0xb8],[0x3][0xea]nss[0xd0]6N[0xfa][0x4]+[0xa2]_[0x1][0xef]:[0xa0][0x96][0x1c][0xd8]JjC#[0xba][\r]\!-[0xa8][0xa3]BIM[0x96][0x11][0xd0]X[0xb1]0[0xa3]_[0xac] F[0xeb][0xc8][0xb8][0xb1][0x16][0xff][0xe8][0x9c])[0xbd]V\[0x80][0x97][0xbe]B[0xf3][0x4][0xa1][0xa9][0x19]Lyh[0xa0][0x1b][0xd2]o+[0x8c]%[0xd2][0x8][0x1d][0xfc][0xfc]5[0xd4][0xbc][0x80]2*g[0x8][0x1e][0x5][0xa1]G.5[0x0][0x1d]2[0x5][\r]I[0x12][0xfa]>[0xa8]n'A#4[0xec][0xcd][0xc]@[0xab]'[0xe8][0xe3]A[0xc4]J[0x0]l[0xab][0x5]Q}[0x82]9[0x80]gh[0x1][0x9a]s[0xa7][0x87]K[\r]A[0x1b]@[0xa0]Q[0x81][0xaf]y[0x8e][0xba][0xad][0xd6][0xd8][0x8][0xd4][0x8][0xa2][0x8f][0xfb][0x10][0xf5]$[0xe9][0x3][0x89][0xa8][0xe1]L[0xb8][0x8b][0x5]M([0xe6][0xe6][0xa0][0xe1]X[0xfa]x[0xf]1[0x80][0x7][0xef][0x87][0xa2][0xba][0x1a]}u[0xba][0x99]9[0xdd][0x1a][0x1][0xa0][0xbd][0xd3][0xd0][0xb4]Afw[0x13][0xd5]+[0xc8][0x7][0xfe]@[0x83][0xda][0xc2][0x82]nK0@M;[0xa8]o[0x8][0xa7][0x4]T[0x87][0x13]V[0xf][0xf5][0x8e][0x89][0x5]h[0xd9]$]R[0xe]h[0x0][0x8][0xea][0x1d][0xb4][0xb5][0x88][0xa8]nG[0x93][0x84]9[0x14]|E[\n]"
17:11:38.738 [main] DEBUG org.apache.http.wire -  << "][0x1c][\n]"
17:11:38.738 [main] DEBUG org.apache.http.wire -  << "::[0x1a][0xea]P2*,+[0x3]-,[0xe8]7x[0x81][0x18][0x3][0xbe][0xb1][0xf3][0xc6][0x8a][0x1b][0xeb][0x15]n,[0xbf][0xd9]rc[0xe7][0xcd][0x96][0x9b]]7[[0x95]t[0x94]P[0xc3][0x1a]oK[0xc5][0xc4][0x82]^[0xfb][0x6][0xc][0x91][0xb6][0xb3][0x81][0xaa]IJ[0x87]S[0xb1]O[0xf0]AS[0x92][0xb1])h[0x12][0x82].)[0x9]i;[0x4][0xbc][0xff][0x8f][0x1a][0x1][0x94]lv7[0xb6][0xa0][{[0x18]i[0x89]8[0xe1][0xc9][0x19]T[0x1f][0xa2]V[0xd2][0xb0]80[0xa6][0xdb][0xfa]$[0xd0][0xf6];hn&m[0xe5][0xf]b3[0x8][0xd4][0xd1][0xe6][0xc6][0xa0]EqtI8[0xa0][0xb5][0xae]PG#[0xcf][0xd7][0xa1][0x86],zEkdH[0xb7][0xe9][0xf][0xd0]Q[0xe6]P[0xf7][0xe1]Xh[0x81]w5[0xb7][0xa9][0x11][0xdd][\n]"
17:11:38.738 [main] DEBUG org.apache.http.wire -  << "D[0xa4][0xd3][0xf1][0x88][0x1f][0xf6]G[\r]g[0xf4][0x11]'s[0x13][0xd0][0xe9][0xc1]tI[0x7][0xa0][0x9d][0xf1][0xd0]p[0xc6]^[0xa6][0xa1][0xba][0x14][0xa5]{db[0x8][0xba]J[0x82]>[0xce]D[0x8c]0bv$Q[0x9d][0x88][0xb1]i[0xda][0xc2][0x1c]t>-][0x9c][0x9]*.[0xa1][0xa1][0x89]c[0xac][0x5][0xd1]n[0xc2][0x9][0x8f][0xb9][0x5][0xdd]Fo[0x91]N[0xe5]"8*[0x88][0x1a][0xd4][0x4][0x95][0xc3][0xca]5[0xfa][0x8d][0xd2]![0x9d][0xd5][0x85]{[0x84][0x97][0xf0]z[0x12][0xa8][0xc3]M-[0xe8]5[0x94]bh[0x89][0x18][0xa6][0xc3]=[0xbc][0x88][0xb5][0xaa]37[0x4]U[0x9e][0xf4]I[0xdf][0x88]Q+R[0xf6][0xbe][0x9a][0xd2][0xab][0x9c]0[0x2]U[0xfa][0xd0][0xc]H[0xd6]@ j[0xfa][0x86][0xd7]<[0xd0][0xe4]`lB[0xaf][0xd5][0xb9]F[0xa0][0xd1][0xe][0xa8]Gh<[0x13][0x80]^[0xc9][0x9b][0xd1][0xed](C#[0xa4]-[\n]"
17:11:38.738 [main] DEBUG org.apache.http.wire -  << "H#>[0xa8]q[0x80]^7[0x9a]Z[0x82][0x8e][0x1c][0xa6]}j730@Z%[0x8f]2D[0x8e][0xea]@bKtC3[0xd0][0xfe]Tz8[0xdc][0x8]4_[0x5]M<[0x89][0xe9][0xe9]E[0xa9][0xe9][0xa0][0xdb]w[0x8a]R[0x13]stK2sS[0x15]Ru[0x93][0xf3]ssS[0x8b][0x92]A[0xcb]@P=CP94'[0x98][0xd1]iY[0xa5][0x99][0x1]x[0x7]$[0xd4]3)E[0x99]e[0xa9][\n]"
17:11:38.738 [main] DEBUG org.apache.http.wire -  << "[0xf0]k[0x84]R+S[0x93][0x12]sr[0x8a]1:[0x9d][0xa6]&[0x16][0xc6][\n]"
17:11:38.738 [main] DEBUG org.apache.http.wire -  << "[0xf][0xd6]u>X[0xb7][0xea][0xc1][0xba]%[0xf][0xd6][0xb7]?X[0xb7][0xfd][0xc1][0xfa]^[0x88][0xd0][0x92][0x7][0xeb][0xd6]?X7[0xf5][0xc1][0xfa][0xc6][0x7][0xeb][0xd6]=X[0xb7][0xef][0xc1][0xba][\r][0xf][0xd6][0xf7]Z[0xc7][0xe4]=X[0xd7][\n]"
17:11:38.738 [main] DEBUG org.apache.http.wire -  << "[0x12][0x7][0x9].y[0xb0][0xbe][0xf7][0xc1][0xba][0x15]`.HV[0xc1][0xc8][0xcc][0xc8][0xcc][0xd2][0x2][0xb1]j[0xc6][0xc2][0xc0][0x80].[0xc7][0xd0][0x9b][0x19][0x18][0x81][0x8e]U[0x81][0xfa]?8[0x11][0x94][0xd8][0x14][0xdc][0xf][0xaf],J,JII[0xcc][0xc3][0xf0][0xf9][0xcd][0xd6][0x1b]kn[0xb6][0xdc]X[0xaf]p[0xb3][0xf9][0xc6][0xaa][0x1b]+[0x10][0xe]6[0xb3][0xa4][0xcf][0xce][0x19]3[0x3]#[0xa4]F[0x10][0xb1][0x11][0x16][0xa5]`hb[0xa9][0x10][0xec][0x84]p[0xaf][0xb1][0x9][0xa8]p[0xa0]Gn1[0x6]u[0xd6][0xa1][0x1]lin[0xa8][0x10][0x19][0xee][0x8b][0x11][0xac]o{&[0xbc][0xda][0xd1][0xf1]j[0xc7][0x6][0x85]7[0xb]7[0xbc][0x99]7[0xf1][0xcd][0xec][0x9][0x8][0xa7][0x9a][0xd1][0xe9][0x96]93[0x3]cPk[0x4][0xea]T[0x9f][0xd4][0xc4][0xa2][0xbc][0xcc][0xbc]t[0x85][0x94][0xcc][0xe2][0xc4][0xa4][0xcc][0x9c][0xcc][0x92]J[0x85][0xbc][0xd2][0xa2]b[0xcc]<[0x8d]O%4;[0x9b][0x98][0xd2][0xab]l2FJ[0x1d]O[W?[0xef][0xeb]~[0xba]v[0xc2][0xd3][0x1d]M[0x18]A[0xe][0xca][0xa5][0xeb][0x9b]@[0xd9]w[0xdd]~p>[0xdc][0x87][0x8]q[0x13]3[0xd0][0x99][0xe9]tI[0x1c]H[0x8d][0xe3][0xd7][0x1b]6[0xbc]i[[0xa8][0xf0]fy[0xe3][0xab][\r][0x13][0x14][0xde]N[0xe9]y=o[0xf5][0xdb][0xfe]=[0x18].[0xf]N[0xcc][0xc9][0xcc]M[0xcc]@8[0xd7][0xcc][0x12]t*[0x1e]}[0x9c][0x8b][0x18]<[0xf]O-.Q[0xb8][0xd9][0x1][0x1e][0x97]k[0xc4]p$[0xba],,![0x18][0xd1]g[0x1d][0x9a][0x99][0x81]1R[0x83][0xb7](53[0xaf],5[0xaf]D!U7[0xa9][0xb4]83[0xf]tG\iqj[0x11]f[0xc9][0x8e][0xb3]|3[0x2][0xcf][0xa0][0xd1]'[0x8c][0x11]#[0xa0][0x1e]>[0xa1][0x6][0xc6][0xa6][0x96][0x18][0xa1][0x8b][0x10][0x87][0x86][0xab][0xa9][0x99]9][0xce][0xe1][0x6][0x85]+[0xa2][0x8d][0x1e][0x90]_T[0xa2]pc[0xe7][0x8d][0xf5][0xa0]D[0x80][0xe1][0xc8][0x1b][0xeb]n[0xac][0xb8][0xd9]uc#h[0x0][0xb7][0xe9][0xc6]*[0xf0][0xdd]Z[0xeb]ov![0xd2][0xad][0xb1]!h=[\n]"
17:11:38.738 [main] DEBUG org.apache.http.wire -  << "}[0xc2][0x14][0xb1][0xcd][0x83][0xd8]:[0xe3]M[0xcb][0xc6][0xd7]M+[0xde]t[0xcf]Qx[0xd3]1[0xe3][0xcd][0x82][0xa9][0xaf][0xb6][0xae]A8[0xdd][0x88]N[0xc7][0xa6][0x80][0xc2][0x1b]1[0xa9][0xc][0x99][0x12]r[0xc9],H[0xcd][0xcb]O[0xcf]/[0xca]W[0xf0][0xcb][0xd7]S073[0x8a][0xc9][0xb]I[0xcc][0xcb]*[0xcd]KOJ[0xcc]I[0xcc][0xd4]Q[0x8][0xe]V0[0xb7]07[0xc7]L7![0xf9][0xa5]E[0x99][0xc5][0xb9][\n]"
17:11:38.738 [main] DEBUG org.apache.http.wire -  << "[0xf9]ii[0x99][0xc9][0xa9]E[0x8][0xff][0x98][0x98][0x83][0x8e]W[0xa7]OT [0x86]Z@c[0xc7][0xf3][0xb6][0xbe]Y[0xd0][0xf8]f[0xee][0xe][0x85]73V[0xbc][0x9e][0xbb][0x7][0xcc]j[0xdf][0xf3]v[0xea]D[0x85]7[0xb]Z[0xde][0xcc][0x9b][0xf0]v[0xe6][0x94][0xb7][0xfd][0xa0][0xda][0x10][0xb5]![0x89][0xb7][0xc6]44[0x2][0xed][0xe9][0xa4][0x8f]o[0x10][0xd3][0xce][0x4][0xdb][0xb6][0xa8]>[0x0]M[0x13][0xf8][0x97][0x94][0xe4]+x[0x16]g'[0xe6][0xa5]$[0x16][0xa5]d[0xe6]%[0x96]$[0x82][0xe3][0xd4][0xd2]0&/2?[0xbd]21;[0xb1][0xa8]$QG[0xc1]+17)S[0xc1][0xc2][0xc0][0xc2][0xd4][0x10][0x11]g[0xe6]t:[0xae][0xc1][0xcc][0x0]|[0xfe]&[0xb4]][0x90]Z[0x96][0x9f]S[0x96][0xaa][0x90][\n]"
17:11:38.738 [main] DEBUG org.apache.http.wire -  << "JA[0x99][0xa0]25/[0xb5][0xa4]<[0xbf]([0x1b][0xb3],}[0xda][0xba][0xe6][0xc5][0xaa][0xde]'{f[0xbd]X[0xd1][0xf1]t[0xf1]j[0x84][0xc3]M[\r]@[0xd3][\n]"
17:11:38.738 [main] DEBUG org.apache.http.wire -  << "[0xf4][0x88][0x1e][0x13][0x3][0xc4]\[0xb6][0x89][0x99][0xae][0xa5][0xa5][0xa5][0xa5][0x9]F9[0xe5]Z[0x92][0x91][0x97][0x9f][0x93][0x9f]^[\n]"
17:11:38.738 [main] DEBUG org.apache.http.wire -  << "j[0xda]@[0xcb]S[0x13]#[0x13]:[0xb5][0xbf]M[0xc][0x10]U[0xaa][0xb1][0xa9][0x85]?[0xa6][0xfb]pT[0xa5][0xa6]t:[0xf8][0x4][0x14][0xfd][0x88][0xb1]#[0xe2][0xab]Rl[0x9d][0x9]h[0xe8]ZX[0x82][0xe6][0xb9][0xe9][0x93][0x0][0x10][0x95])R'[0x0]5'[0xba][0x1c]^Y[0x96][0x9a][0x93]_P[0x90]ZZ[0xa4][0x90][0xa2][0x9e]XP[0x90][0x93][0x99][0x9c][0x8][0xda][0xcb]P[0xac][0x90][0x9b][0x9f][0x94][0x99][0x93][\n]"
17:11:38.738 [main] DEBUG org.apache.http.wire -  << "J[0xdc]P[0xb7][0x9b][0x9b][0xd0][0xab]mh[0x2][0xba][0x1][0x4][0x9a][0xeb][0x8c][0xcc],[0xc]M[0x14]n,[0xbf][0xb1][0xe2]f[0x87][0xc2][0x8d][0x9d]7[0xbb]n[0xac]Wp*J[0xcc]K[0xce][0x88][0xc9][0xf3][0xcb]/*[0xc9]P[0xb8][0xd9]r[0xb3][0xe3][0xc6][0x9a][0x9b]]7[0xdb]t[0x14][0xc2][0x1c][0x15][0xc][0x8d][0xcc]L0[0x93][0x12]z[0x85][\r][0xf5][0x93][0x89][0x5]h[0xc9]8}[0xe2][0x3]Q[0x11][0x93]_[0x0][0xa2]F[0x1f][0xbe][0x96][0xbc][0xa9][0x1]h[0xa0][0x8b]>>C[0xd4][0xd3]Ovt>][0xd7][0xfa]t[0xf3]6[0x8][0xe3][0xd9][0xdc][0x89][0x18][0x85][0xe]IU[0x1f]4[0x9a][0xcc]M@[0x87]F[0xd0][0xc7]3[0x88]J[0xda][0xc3]1P[0xc1][0xd4][0xd2][0x18][0xc3][0x7]7[0xb6][0xdc]Xsc[0xf9][0x8d][0x9d][0xc9][0x19][0xa9][0xc5]%(m[0x9]K[0xd0][0xad]C[0xf4]q&[0xa2][0xf6]}3o[0xe9][0xeb][0x5]K[0xde]N[0x9d][0xf1][0xba]k[0x8a][0xc2][0xdb][0x8e]5[0xaf]W[0xb5]*[0xbc]iZ[0xf3]f[0xd6][0xca]7[0xf3]&[0xbc][0x9e][0xbc][0x4][0xc3][0xfd]N[0xf9]y%[0x89]y[0xe9][0x88]j[0xc9][0xcc][0x8c]>[0xb7][0x9a][0x99][0x19][0x98][0x80][0x12]%4gC[0x9a][0xa3][0x98][0x97][0x91][0xe4][0xa6][0x96]d[0xe4][0xa7][0x80][0xea][0xa5]Lp[0xf1][0x83][0x9a][0xe6]-[0xcc],[0xcd][0x8d][0x15]n6[0x81][0x1a][0xde][0xe0]2[0x1][0x94][0xb3][0x8b][0x15][0x1c][0xb]J[0xf4][0x14][0xcc][0xcd][0x8d]b[0xf2]nl[0xbe][0xd9]vc[0xf9][0xcd][0xd6][0xb2][0xcc][0xd4]r[0x1d][0x5][0xc7] [0x5]C[0xb]H$B[0xd3][0x92][0xb1]9[0xe8] L[0xba]D[0x12][0xa8][0xac][0x87]z[0x96][0xd8].[0xee][0xf3][0xf9][0x9b][0x9f]n[0x9f][0xfb]|N[0xcf][0xb3]i[0x1b][0x9e][0xae][0xdb][0xff][0xb4]g[0xd7][0xb3][0x15][0xab][0x9e][0xcd][0x9b]n[0xf9]dG[0xe3][0xf3][0xd9][0xeb][0x8c][0x8c][0x9e]O]eh[0xf1][0xb4][0xbb][0xc2][0xe3][0xa6][0xf5][0x8f][0x9b][0xd7]<n[0xda][0xf9][0xb8][0xb9][0xe3][0xd9][0xce][0xf5]O[0xd7][0xad]371G[0x8a]S:-[0xeb][0x3][0xc5])[0xa2][0x1e][0xa7][0xe1][0xf8] j2[0x80]$[0x1e]l[0x3][0x96][0xd0]h6[0xb5][0xa4][0xcf][0x8c][0x2][0xc8][0xff][0x88]F[0x2]f/[0x1a][0xd5][0xd9][0xf8][0x1a][0x11]P[0x87][0x1b]Y[0xd2]k[0xc4][0x8]\[0xa8]B[0xd3][0xa7]kJfI~[0x91][0x8e][0x2]h[0xfc]:[0xb3][0xb8]83[0x1f]4[0x2][0x86]Qr[0xe0]R[0x5]u[0xba][0xa1][0x5]h[0xfd][0x15]}[0xb2][0x16][0xa2]/N[0xa5][0x16][0x82][0x8b][0xb9][0xb1][0x82][0xa5]#h[0x84][0x12][0xea][0x1b]S[0x3]P[0x3][0x95]>[0xbe]A[0xb4][\r]H[0xaa][0x1e]Q[0x13][0x17]b[0x8c][0x15][0xea][0x3]#S[0xd0][0x96]D[0xfa][0xf8][0x0][0xd1][0x6][0xc0][0xec][0xfd][0xa0]:[0xf3][0xd9][0xa6]i[0xcf]w[0xb4]<[0x9f][0xd3][0xf3]t[0xd7][0x9c]';[0xd6]>[0xdd][0xd1][0xf4]t[0xe7][0x8e]g[0x9d][0xdd][0xc6][0x6][0x90]2[0xce][0x18]T[0xc4][0x19][0x83][0x8a][0xb8][0xa7]s[0xe6]?[0x9d][0xd8][0xf4][0xb2]y[0xc5][0xe3][0xa6][0xed][0x8f][0x9b][0x17]?n^[0xfd][0xb8]y[0x81]1[0xb8]u[0x7][0xf5][0xa1][0xb9][0x11]h7[0x1a]}|[0x88]h[0x18][0xbc][0xee]oy3[0x7][0xb3]^[0x85][0xb]C[0x1d]gb[0x4][0x1a][0x0][0xa7][0x8f][0xe3][0x10][0xcd][0x1][0xf0][0xec][0xca]&[0xf0]4[0xcb][0xa6][0x7][0xeb][0xf6]?X7[0xeb][0xc1][0xfa][0xe][0x8c][0x9c][0x8c]s<[0xc4][0xd8][0x14][0xb4][0x80][0x89].[0x8e]FZ$[0x8b][0x18][0xd9]EM+[0xb8][0xab]Mh[0x18][0x9b][[0x80][0x8e]S[0xa0][0x8f]s[0x11]=jj5[0xe0][0xfd]#[0xa3]t[0x8d][0xc1]-L[0xb8]w[0xe8][0xb3]g[0xdc][0xcc][0xc0][0x4][0xe9][0xac] l[0x1d]V[0xd4]x033V[0x8][0xf][0xf6]C4/[0xcc][\r]@[0x8b][0xf3][0xe8][0x13][0xee][0x88][0xea][0x95][0xb8][0xfe]*[0xaa][0xd3][0x9][0xb6][0x14][0xcc][\r]@[0xdd]M[0xfa]x[0x5][0xd1]'G[0x1f][0xdb]@u[0xb4][0x89][0xb1][0x8e]BR~iNjYbQ[0x8a]BPjz^fjQL[0x9e][0xa5][0xb9][0xa1][0xb1][0xa9][0x82]Sifqq~[0x9e]nqi[0x91][0xae]/r[0xff][0xc3][0xc8][0x4][0xb4]H[0x87]>>A[0xd4][0xbf][0xa0][0x6]8[0xee][0xb1][0xf0][0x92][0xa2][0xc4][0xbc][0xe2][0xb4][0xfc][0xa2]\[0x85][0x82][0x9c][0xd2]t[0xdd][0xc4][0xbc][0x14][0xdd][0x82][0x9c][0xc4]J[0x85][0xb2][0xfc][0xa2][0x92]D[0xf0][0xc]34[0xe9][0x1b]Y[0x1a][0xd1]k[0xe0][0xc9][0x8]Q[0xdd]R[0xa5]2B[0x8d];|[0xe3][0x84]P[0xbf]Z[0x18][0xd3]ga[0x11]([0x9b]#*fHN [0xb5][0xc3][0x85]1[0xe3]bdD[0x9f][0xb5][0xb4] [0xc7]#[0xea]\D[0xe3][0x6]5[0xb4][0xf1][0xe][0x87][[0xd0][0xe9]p"[0x90]S[0x11]50[0xe5]}8T/[0x12][0xac][0x4]-L[0xe9]3[0xee]`ji[0x88]t[0xe2]>[0xe5][0x7][0xec]"[0x9d][0x92][0x5][0xcd][0x18][0xa6]f[0xa0][0xd3][0xb2]i_[0x82][0x81]|[0x82]H[[0xa0][0xea][0x9c][0xe2]}[0xb][0xf0]m[0x8f]P[0xaf][0x18][0x9b][0x80]VZ[0xd3][0xc7]+[0x88][0xb4]G[0xf4]j/[0xb]S[0xfa]4[0x9c]L-[\r][0x91][0xe][0xd7]'[0xf3][0xc4][0xb][0xec][0xfb][0x8a]L[0x8d][0xcd][0x8d]u[0x94][0xe8][0x12][0xc2][0xa0][0x9d]V[0xd0][0x9e]2[0xee]E[0xfd]T_N[0x8]OI[0xa0][0x95]J[0xf4][0xf1]'[0xa2][0xad][0x5]Z[0x10][0x95]^[0x4]Z[0xdf][0x86]Yc[0x4][0xf9]{b[0xf4](0N[0x10][0xa0][0xdf][0x85][0x8e][0x86][0xa0][0xcd]N[0xd0][0xe8][0x81][0xaf],E-C[0xf1][0x9e]4[0xc][\r]g#S[0xd0]6f[0xfa][0x84]3[0xa2][0xf9]D[0xc6]>5[0xa2][0xb4]@=en[0x0][0xba][0x88][0x97]>[0x9e]B4[0xab][0x8]oDF_}jhJ[0x9f]%[0x11][0xa0][0xf2][0x8][0xd1]$[0x2]/[0xcd]X{c[0x85][0xc2][0xcd][0xd6][0x1b][0xab]n[0xac][0xb9][0xb1][0x11]#Ycn[0x8a][0x80][0x6][0xac][0xa9][0x9]h[0x5][0x13]}[0x2][0x16]Q[0xbe][0xa3][0x1d][0xf4][0x82][0x9a][0xc8]1[0xeb]S#c[0xb]:[0xdd]Oj[0x8][0xda]X[0x3][0xcd][0x83]8O[0x1d][0xf7][0xf0]Q[0xb0]450Sp[0xf]F[0xf4]$[\r][0xcd][0xe8][0xd3][0xfd]2[0xb5]44G[0xc]T#J+[0xd4] $\[0xea]A[0xa3][0xdf][0xc2][0x2][0xb4][0xcc][0x8a].[0xd1][0xf][0xaa][0xe5][0xa0]![0xb][0xdd][0x1a][0x8f][0xea]f[0xec]{[0x17][0xc][0xe8][0xb6][0xaf][0x1c][0xb4][0x9][0x8][0xea]>[0xc2][0xf9][0x1e]y[0xef][0x8]4(M[0xe8][0x97][0x93]@[0xa3]+P[0xa7][0xe2]8[0xdd][0x16]5h[0xe1][?[0xa1]N53[0xa6]_[0xa8]"J)b[0xf6][0x8f][0x11][0xda] [0x9][0xf5][0x80][0x85][0x19]}z[0x9e][0xa0][0xdc][0x86]h`c[0xdf][0xab][0x8c][0x1a][0xd4]d[0x1d][0xad][0xc][0xf5][0x95][0x11][0xf8][0x1e]k[0xfa]dFDYL[0xe8][0xa8]E[0xcc][0xe2][0xd8][0xdc][0x98]>S[\n]"
17:11:38.739 [main] DEBUG org.apache.http.wire -  << "[0xa6][0x96][0x86][0xa0]C[0x86][0xa0])[0x1d]gq[0x8c]$[0x1][\r]H33zm(2[0x4]-&[0x81]:[0x10]w[0x93][0x1a]Y[0x6][0xea]D[0xb][0x3]PMC[0x97][0xb8][0x6][0x9d][0xc8][0xc]u"[0x8e]f%\[0x18][0xea]8#s[0xba][0xd5][0xb7][0xa0].?[0xd4]q[0xb8][0xe][0xf5][0xf2]J[0xcc]I[0xcc]S[0x8][0xcf][0xcf][0xcb]O[0xac],[0x5]/[0xaf]3[0xb0][0x8c][0xc9][0xf3]M[0xcc]KL[0xc9][0xd7]Q[0xf0][0x6][0xaf][0xa6][0x6]-[0x5]PpJ,J,Q031[0xb7]4CT[0xcc]f&[0xf4]Y[0x19][0x9]J[0xac][0x88][0xe6]0[0xa9]{[0xd4][0x91][0xb7][0xf4]A#[0xc1][0xcc][0x12]4[0xb6]M[0x9f][0x14][0x82]h[0xf2][0x12][0xd5](G-[0xf2][0xb0][0x17][0x8b]P_[0x18][0x1a][0x83]N[0xec][0xa4][0x8f]/[0x10]e[0x1a][0xe5][0x83]:O[0xd1]n[0xae][0xb0]0[0x6][0xe5]t[0xba][0xf8][0x3]tv>4K[0x90][0x99][0xf4]Q[0xe3][0x87]LC[0xa0][0x11]hbH[0x9f][0xe9]?SKC[0xd0]E[0xb9]P[0x8f]#[0x8e]>@[0xf5][0xb]yc\P[0xaf][0x98][0x99][0xd1]g[0x99][0x1c][0xc8]+[0x88]f[0xf]|[0xff]$[0xaa]O[0x88][0xde][0x1b]M[0xbf][0x16]:[0xd2][0x19]c[0xf0][0x16]#[0xaa][0xa3]A[0xd3][0xfa]s[0xf7][0xbc][0xde][0xd6][0xf8][0xba][0xbf]E[0x1][0xb4]V[0xb][0xba][0xc0][0xbe]e[0xc1][0xeb]e[0x9d][0xaf]64(h[0xbc][0x99][0xdb][0xf0]j[0xd3][0xde]W;[0x1b][0xde][0xcc]X[0xf2]z[0xd9][0x1a]MDAlaN[0x9f]%[0xb9][0xa0][0xd0]G[0x94][0x4]H[0xad][0x17]T[0xaf] I[0xc0][0x92][0x87][0x5][0xbd]j[\n]"
17:11:38.739 [main] DEBUG org.apache.http.wire -  << "#[0xa4]#[0xc4][0x90]Z/[0xa8][0xe][0xc4]1ZH[0xb7]K[0xcc][0x8c][0x90][0xd6]^c?K[0x3][0xd5][0xbd][0xd8][0x8f][0xc0]51[0x0][0x9d][0x86]M[0x8f]r[0xd3][0x8][0xd4]([0x85][0x16][0x1f][0xc8][0xdd]3TW[0x12][0x4][0x7]4U[0x18][0x1b][0x80][0xca]c[0xfa]x[0x0]1lIf[0x99][0x8d][0xea]W[0xd2]O[0x83][0xfa][0xd9][0xd4][0x1c]t[0xec][0x7]}[0xfc][0x8c][0x98]K[0xc6]:*@[0xb8]![0x5]u[0xb3][0x5][0xdd][0xe6]\[0x8c]@"
17:11:38.739 [main] DEBUG org.apache.http.wire -  << "#=[0xd0][0x84]FVw[0xf]5[0x96][0xf0]6[0x9f][0xcc][0xe9]v:[0x9a][0x11][0xe8][0x96][0x8][0xa8][0xaf][0x10][0xc3]G8[0xe]!A[0xf5][0x1]A[0xe5][0xd0](2[0x2]o<[0xa7]O[0xb2]B[0xd4][0xbf]D[0xc][0x8e]n[0xbd][0xb1][0xfc][0x6][0xda][0xf0])[0xdc][0xc9][0xf4]:[0x0][0xd3][0xc8][0x0]1[0xd0][0x80][0xab][0xf5][0x83]y)[0xd4][0x99]f[0xc6][0xf4]:][0xd2][0x8]i50[0xa1][0x91][0x3]Ly[0xa8]sM[0x8c][\r][0xe9][0xb2][0xdb][0xd1][0xd4][0x12]<[0xc9][0xf]M[0xd5][0x84][0x8b][0x12][0xd4]d[0x8d]y[0xbe][0xbe]9[0xdd]&C[0x8d]@;[0x5][0xa0][0xee]F>[0x3][0x12][0xd5][0x85][0xc8]2[0xd0][0xa0]54[0xa2][0xd7]Y[0x97]FH[0xc7]_[0x90]9!Jl[0xc1]alL[0x9f][0x15][0xb9][0xa0][0xf4][0x82][0xe8][\n]"
17:11:38.739 [main] DEBUG org.apache.http.wire -  << "[0x13]s|![0x96][0xb3][0x16]M-@[0x7]V[0xd3][0xa5][0x94][0x3][0xe5]"h"![0xbf][0x85]ffD[0xaf][0xf9]B#[0xd0][0x1c][0x1e][0xd4][0xbd][0xb8][h[0xe8]Sj[0xf4]Z[0xa8][0x3][0x8a]|D[0xbf][0x1][0xb3][0xa8]E[0xcd]z[0x88]"[0x1a][0x96][0xf1][0xc][0xe8]5ff[0x84][0xb4][0xe2][0x94][0x88][0xca]m[0xfd][0xcd][0xf6][0x9b][0xad]7[0x96][0xdf]l+[0xce][0xc8],B[0xda]"
17:11:38.739 [main] DEBUG org.apache.http.wire -  << "[\r][\n]"
17:11:38.739 [main] DEBUG org.apache.http.wire -  << "97[\r][\n]"
17:11:38.739 [main] DEBUG org.apache.http.wire -  << ""in[0x1][0xaa][0xf1][0xe9][0x92]N[0xe9]w[0x9b]%[0x96][0x91]V[0x13]sP[0xb2][0xa3][0x8f]?[0x11]3sxg8[0xd1]$[0xa1])[0xc8][0xc2][0x8c]~[0x11][0x82][0xe8]i[0xe0][0x9a]B$[0xbb][0xf3]`dA[0xaf][0x11]?#[0xd0]RKhyBj[0xe5][0x8e]e[0xc0][0xd5][0xd8][0x84]n[0x8d]([0xd0][0xe1][0x93]P[0x87][0xe3]8[0x7][0x10]iX[0x0][0x96]<[0xc]A[0x3][0xf9][0xf4]I[0xc7][0x88]J[0x90][\n]"
17:11:38.739 [main] DEBUG org.apache.http.wire -  << "[0x1d][0x1c][0xa2][0x86][0x94][0xa1][0x9e]4[0x4]oU[0xa7][0x8f]'[0x11]][0x4][0xf8][0xfc][0x7]j[0x19][0x8f][0xbd]N[0x85][0xba][0xd4][0xdc][0x82]^[0xcb][0x99][0x8c]@[0x93]Y[0xd0][0xd4]B[0xd6][0xcc][0xb4]1[0xf8]2d[0x8a][0x2][0x15][0x0][0x0][0x0][0xff][0xff]"
17:11:38.739 [main] DEBUG org.apache.http.wire -  << "[\r][\n]"
17:11:38.739 [main] DEBUG org.apache.http.wire -  << "1F69[\r][\n]"
17:11:38.739 [main] DEBUG org.apache.http.wire -  << "[0x2]m[0xa6]V[0xb2]RJ[0xcb]/RHO[0xcc][0x5][0x1d]+TPZT[0x90]_[0x9c]Z[0xac]T[0x1b][[0xab]S[0xad][0xe4][0xe9][0xa2]deji[0x4][0x9a]W[0x86]:[0x95][0xe4][0x1a][0xd4][0xc2][0x18][0xb4][0xc4][0x8e].[0xce]D[0xba][0x83][0x93][0x6]#[0x9d]F[0x86][0xf4][0xd9][0xb4]gji[0x4]Z[0xfd][0x8][\r]o[0xaa][0xaf][0xdb]C[0xcd][0xc][0x88][0xbb][0xe0][0xa0][0x19][0xc0][0xc8][0x84]>{'@[0xbe]D[0xd4][0xab][0xa0][0x9][0x0]"/[0xfe]Cu[0xff][0x9b][0xad]s^[0xf7]4[0xbc][0x9d]9[0xe5][0xf5][0x84]9[0xe0][0xc3][0x99][0xe6][0xaf]y[0xb5]}[0x87][0xc2][0x9b][0xa9]K[0xc0][0xbc][0x5][0x1d]o[0xe6]nQx[0xbd]|[0xc9][0xdb][0xae][0x1d][0xaf][0x97][0xad]}[0xd3][0x5][0xda][0x18][0x5][0xf3][0xa9][0x5][0xdd]J^[0xa4][0x93][0xf9][0x6]v[0x8][0xd0][0xcc][0x14]t":}2#b[0x8][0x10][0xb9]VF[0x8d]>[0xa2]/N2[0xa0][0xd7][\r][0xb8]F[0xa0]>)4[0xef]![0xd5][0xd6][0xa8][0xce]&[0xba]c[0xc]Kj[0xc6][0xf4]9[0x7][\n]"
17:11:38.739 [main] DEBUG org.apache.http.wire -  << "[0x94][0xa9][0x10][0x95]<r/[0x16][0xd5][0xfd][0xd8][0xfb][0xc0]P[0xc7][0x1a]Z[0xd2][0xeb]*V#[0xd0]a[0xc7][0xd0][0xb0][0xc6]^+[0xa3]:[0x1b]^[0xa1]C]jn[0x4]*[0xf1][0xe9][0x93][0x9a][0x11][0xc3]x[0x84]+k[0x92]g#[0xc][0xcd][0xe8]s[0xae]$(} :[0xc3]D-2[0xc3][0xa1][0x8][0x1a][0x3]f[0xe0]s:[0xe9][0x12][0x3][0xa0][0xdd][0xc2][0xd0][0xb4][0x82][0xe8][0xa5][0xa3][0xa6][0xf]"[0x97][0x99][0x99][0x1a][0x82]F;[0xe9][0xe3]h[0xc4][0xb6]L[0x82]E[0x1d][0xaa]_[0x90][0xcb]Lh`[0x9b]Z[0x80][0xea][0x11][0xfa][0xb8][0x1b]Q5[0xe3][0xe8][0xc9][0x10]=[0xc8][0x7]^[0xec]E[0x1f]G#[0xba][0xbf]h[0xb3][0x96][0xa8]A[0x8b]^[0x8c][0x18][0xd3][0xaf]a[0x7][0x9a]+[0x87]&b[0xb4][0xd1][0x2]T'[0x92][0xd0][0x1e][0x82]&[0xe]s3z[0xdd][0xb1][\n]"
17:11:38.739 [main] DEBUG org.apache.http.wire -  << "[0xde][0xd5][0xe][0xf5][0x4][0xee][0xf1]>d[0x19][0xa8][0x13][0xcd][0xc0]G+[0xd3]') jA[0xa2][0xfa][0xa9][0xa8][0xa1][0x8f]\qB[0xdd]nb@[0x9f][0x83]YL-[0x8d]@-4h[0xf0]"2[0x19]q[0xdb]\[0xc8][0x1e][0xdd]13[0x6][0xcd]S[0xd1]'j[0x10]5)[0x8e][0x8b][0xbe][0x88]]C[0x3][0xaa][0xcd][0xe8][0xb3][0xc5][0xca][0x8][0xe9][0x6]Y[0x1c][0x15]"j[\n]"
17:11:38.739 [main] DEBUG org.apache.http.wire -  << "[0xc2][0xa1][0x8][0x9a][0x98]@c[0xd2]tr8h[0xdf][\n]"
17:11:38.739 [main] DEBUG org.apache.http.wire -  << "41[0x11][0xaa][0x1d]Q}[0x80]r[0xe5][0x87][0xa9][0x1][0xbd][0xf6][0x13][0x18][0x81][0xfa][0xd8]P[0x7][0x13][0xd3]$[0xc4][0xae][0x6][0x1a][0xce][0xe6][0xe6][0xa0][0xbb][0xc1][0xe8][0x92][0xaa][0x91][0xae][0x89]%[0xa1][0xec]F[\r]r[0x9c][0x13][0xab][0xc6][0x6][0xa0][0x91]E[0xfa][0xf8][0x83][0x98]^[0x1b][0x96][0xb6][0x89][0xb1]1[0xdd]Z[0xb0][0xa0][0x99]Ph[\n]"
17:11:38.739 [main] DEBUG org.apache.http.wire -  << "[0xc1][0xd9]A[0x83]7Z[0xa0])[0xc1][0xd4][0x4][0xd4][0xd5][0xa0]K[0x8]"[0x1d][0xd6][0x8d]([0xbe][0x89]Zp[0x81]}i[0x98][0xb9][0x19][0xbd][0x16][0xc][0x1b][0x81]F~[0xa0]![0x8b]k[0xd5]6[0xc2]K[0xb8]j$h[0x88][[0x18][0x18]Z[0xd2][0xa9][0x8c][0x3]-[0xb9][0x87]:[0x1b][0xfb][0xaa][0x1b][0xd4]lFT[0x83][0x0][0xea][0xb]s[0xb]P[0xb7][0x83].[0xe9][0x6]t[0xb2][\r][0xd4][0x17][0xf0][0x6]*[0xaa][0xc3][0x89][0xd9]&jfL[0xb7][0x81][0x12][0xa4][\r]k[0x98]%[0x17][0xaa][0xcb][0xd1][0xda][0xba][0xd0][0xc0]54[0xa7][0x9f][[0x11]][0x3][0xc2][0xdd]wl*[0xa0]N6[0xa6][0xd3]!&[0xa6][0x96]FH[0x1b][0xd7]([0xec][0xef]ZX[0x80][0xee][0xc7][0xa1]O"F[0xec][0x95][0xc0]U[0x82] f&aaj[\n]"
17:11:38.739 [main] DEBUG org.apache.http.wire -  << "*w[0xe8][0xe2]<[0xd0]bh[0x1e]C[0x14]dD[0x95][0xcd]H5[\r][0xd4][0xd9][0x86]&t[M[0x9]Z[0xc0][0xc]u6[0xae][0xfb][0x97][0xc8][0x9a][0xd0][0x83][0xfa][0xc4][0x9c]~[0x8b]yA[0x17][0x9]B}B[0xf4][0x18]*jQB[0xb4]6[0xa8][0xe7][0x8c][0xcc]@7[0xf5][0xd1]%u![0xdd]q[0x81][0xdc][0xfb]Eu?[0xfa]:[0x18]sK[0xba][0xad]c[0x0][0x9d][0xbf][0x4][\r]|[0x1c][0xd3]c[0x98][0x97][0xe8]Y[0xd2][0xad][0xdd][0x4][0xea]a@]GaygB[0xbf]q2[0xd0]"r[0xa8][0xa3][0x9][0xf6]ZQ[0xd3][0x1]A[0xe5][0xd0][0xf4]kL[0xb7][0x1d][0xe8]F[0x96][0x88][0xc2][0x9b][0xc4][0xc1]J[0xac][0x9b][0xbc][\r]M[0xe9]U@[0x1a]#m[0xbc][0xa0][0xca][0xfc][0x1a][0xa2][0xee][0x82][0xc6][0x82][0x85]!hG#=J[0x11]c[0xa4][0xfd][0x19][0xb8]K[0x11]<M[0x14]S[0xba][0xed],2[0x6]-l[0x82][0xa6]~[0xe4]!3[0xd4][0x84]NI[0xcd]dd[\n]"
17:11:38.739 [main] DEBUG org.apache.http.wire -  << "J[0x93][0xf4][0x9]v[0xc4][0xba][0x11]B[0xad]Y[0xcc]=F[0x16]f[0xf4]:n[0x3]<N[0x7][\r]s[0xdc][0xc9][0x3]Y[0x6][0x9a][0x82][0xcd][0xc][0xe8][0xb5][0xb0][0xc5][0x18][0xe9][0x18]m[0xd2][0x7]$Q[0x13][0xf][0x99][0xb9][0x19][0xe6]gSz[0xf5]A[0x8d]A3J[0xd0]hA9G[0x4][0xd5];[0x4][0x1b][0x9d]P[0x87][0x1b][0x9b][0x83][0x6][0x81][0xe9][0x92][0xee][0x91]V[0xa4][0xe3][0x9d]4A[0x93][0x84]:[0xd4][0xdc][0x14]4[0xa3]A[0x1f][0x87]"j'RW[0x5]b.[0xf9]71[0xa4][0xcf][0xdd]\[0xa6][0x96][0xe0]=[0x11][0xd0][0x94]AVQ[0x88][0x9a][0x82][0x90][0xcb]Yh[0x1c][0x98]Y[0x80]vx[0xd2]'[0xe][0x10]c[0xf7][0xd8]j T[0xa7][0x12]}[0xdd][0xae][0xb9]%[0xa8][0xe5]L[0x1f][0xf] f[0xbf][0x11]u<[0xaa][0xb3][0xb1][0xec][0xbe]013[0xa3][0xd3]X[0x96]1I[0x8b][0xc0][0xe1][0xad]xhJ0[0xa5][0xdb]ZRc[0xa4][0xb5][0xdf][0x4][[0xb2][0xa8][0xe1][0xb][0xdf]8[\r]u[0xb4][0x5][0xdd][0xae][0xbc]6[0x6][\r][0xa4]B[0xb3]"[0xda]X+[0xaa][0x13]QJp[0xa8]3MM[0xe8][0xb5][0xff][0xc3][0x18]4i[0x1]u&[0x15]n3&0CB[0xb7][0xb2][0x3]iU71G[0x6]a[0xae]3[0x85]F[0x84][0xa1]9hN[0x8b].[0xa5][0x5]h[0xd6][0x5][0x1a][0x11]$W9[0xa9][\n]"
17:11:38.739 [main] DEBUG org.apache.http.wire -  << "[0xfe]9[0x99]e[0xa9][0x99]E[0x89][0x88][0xbd][0xf2][0xe6]&[0xa0][0xc5]e[0xf4]q:b[0x2][0x9c][\n]"
17:11:38.739 [main] DEBUG org.apache.http.wire -  << "[0xb5][0xe]b[0xd4][0x9][0x1a][0x9]F&[0xc6]t9[0xf][0xd9][0xd4][0xd2][0x18][0xb4][0xc4][0xb][0x1a][0x9]8[0xc6][0xc5][0xc9][0xca]$0[0x8f][0x18][0x81][0xc6][0x1d][0xe8][0x12]%H[0x8b]z)m[0x16]c[0x8c][0xa1][0x1a][0x81][0x17]e[0xd0][0xc7][0x1b][0x88]v[0x18][0x15]R[0x16])[0x93]1[0x16][0xc6]t[0xab][0x86]A[0xad]Ch[0xa2]C[0xee]K[0xa1]V[0x13][0xc8]2[0xb0][0xe4]dI[0xaf])[\r]c[0xd0][0xc4][0x14][0xd4][0x89][0xf0]v[0x0][0xaa][0xfb]0F[0xf3][0x8c],[0xe9]V[0xda][0x83][0x8e]d[0x81][0xba].3[0xaf]$[0x15]rV+Q#[0xed][0xa4][0xe][0xf0][0x1a][0x9b][0x83]N[0x88][0xa0]K[0xd2][0x7][0xf5]u[0xa0][0x9e]"{[0x92][0x1f]s[0xf0][0xc0][0xc8][0x12]tB,}<[0x80]h[0xbf]#o[0xa9]CM6[0x4][0xdb]s[0xd0][0xb4]naL[0xaf][0xe3][0xb0][0x8d][0x91][0x96][0xdf]`o[0xce][0xa0][0xfa][0x0]^O[0xc0]\jF[0xaf][0xd3]J[0x8c]Am[0x13]h[0x12]!s[0xec][0x2][0xd5]+[0x88]^[\n]"
17:11:38.739 [main] DEBUG org.apache.http.wire -  << "[0xd4]/[0x86]&[0xa0][0xf5][0xf]tI-[0xd4]X[0xd3]B[0xc1][0xfe][0xc][0xb][0x13][0xba][\r][0x82][0x80][0x82][0x14][0x1a]k[0xd8][0x97][0xc6][0xa3]F[\n]"
17:11:38.740 [main] DEBUG org.apache.http.wire -  << "[0xf6]U[0x6][0xd0][0x8][0xb2][0xb0][0x0][0x1d]$B[0x9f][0x8]Bj[0xe4]-ix;[0x3][0xf3][0xbe]o[0xd2]W[0xa2][0x9b][0x83]VS[0xd0][0xc5][0xf5][0xa0][0xb3]>a[0x81][0x8e][0xb1][0x9b][0x19]5[0xc0][0xf1]/[0xa7]34[0x4][0x9d]Y@[0x1f]7#[0xd6]E[0xe3].@[0xe1][0xcb][0x1a][0xa1])[0xc2][0xc8][0x98]^[0xf3][0xef][0xc6][0xa0][0x9a][0x4][0x1a][0xa6]x{[0xb8][0xa4]V[0xb2]f[0xe0][0xd3]q[0xe8][0x12][0xc4]H[0xeb]`pD;j[0xda][0xc0][0xb6]W[0x1e][0x1a][0xf0][0xc6][0xe0]cM[0xe8][0xe3]j[0xc4][0x2][0x13][0xb4][0xc5].[0xa8][0xae][0xc5][0x9c][[0x80][0xba][0xd5][0xdc][0x0]T[0x8][0xd1][0xc7][0xad][0x88][0x16]<[0xa8][0x19]C[0xe9][0xe5][0x12]8{[0xea][0xc6]t[0xba][0xb9][0xd3][0xd4][0xd2][0x18][0xe9][0xe8]db[0x1a][0x8][0x94][0xf4][0x18]-[0xe8]v[\n]"
17:11:38.740 [main] DEBUG org.apache.http.wire -  << "[0xad]1h[0xe5][0x2]47[0xd3]x[0x1b]([0xd5][0x8d][0x87][0xa6]j[0x13]s[0xba][0x8d][0x13][0x80]&[0x9b][0xa1][0x81][0x85]:[0x1d][0x8d][0x9a][0x1][0x9][0xf][0xe4]@[0x9d]njH[0xaf][\r][0x15][0xc6]H[0xeb]{[0xe0][0xcb]CP][0x8d][0xa5][0xab]i[0x1]>[0xa9][0x87].[0x5][0x6][0xf2][0xaa][0x9d][0x9d]-o{z^m[0xd9][0xa2][0xf0]jS[0x3][0xe8]"[0xdf][0xd9][0x13]0n% kX[0x0][0x1a][0xea][0xe6][0x16][0xa0][0xf5][0xb3]t[0xf1][0x15]h[0xd2][0x1][0x9a]`[0xa8][0xd2]T[0xc7][0x18][0x94]15[0x4][0x8d]][0xd1][0xc7]/[0x88]}f[0x88]^?j[0x12][0x82][0xf][0x12]@C[0xda][0xd0][0x94]^[0xfb][0xf2][0x8d][0x91][0x16][0x1e][0xc1][0xbb]f[0xa8][0x8e]#fi[0xab][0x91][0x5][0xa8]sE[0x9f][0xe0]D[0xd4][0xe6](s[0x1][0xa8][0x8e]F_dnf@[0xaf][0xfd]y[0xc6][0xa0][0xa2][0x9][0x9a]vq-[0x96][0xc2]Y-[0x9b][0x9b][0xd0]k+[0x13][0xf8][0xd4][0xf][0xa8]3q%KJ[0xce][0x9e]5[0xb5][0x0][0xb5]w[0xe9][0x91]"L@}:[0xa8]O[0xe0][0x13]X[0xa8][0xa9][0x1][0xe3]$[0x5]S[0x13]ze[0x13][0xa4][0x85]8[0x84][0xeb]7Tg[0x13]\[0xe9][0x5]-.,[0xc][0xe8][0xb5][0x12][0xd0][0x4][0xd4][[0x82][0x86]5b[0xf8][0x3][0xd5][0xd5][0x8]q[0x98][0xf3]LA[0x8d]%[0xba]$[0x5][0xa4][0xe5]-[0xf0]2[0x15][0xd5]u[0xf8][0xba]$f[0x86]f[0xf4][0xd9][0x16]a[0x82][0xb4]$[0x5][0xb9][0xf9][0x80][0xea]Td[0x19]hP[0x9a][0xd3]m@[0xd5][0xc4][0x10][0xd1][0x9d][0xa6][0xa0]b0[0xb5][0x0][0x1d][0xa5]C[0x9f][0xb8]GT[0xc]T[0xed]_[0x1b][0x9a][0x80]R[0x15]}[0xbc][0x80][0xd8][0xe1][0x85][0xd9][0x19]EM[0x1c][0xe8][0xa7][0xe5][0x1b][0x1a][0xd2]k[\r][0x99][0x9]hD[0x7]Z[0x6][0xc0][0x87]S[0xd0][0x1d][0xb7][0xfc][0xe5][0x8c]UOw[0xcd]y[0xda][0xba][0xfa][0xc9][0x8e][0x8e][0xa7][0x9b][0xb7]A[0x18][0xcf][0xa7][0xec]z[0xb9]m[0xcb][0xe3][0xe6]mOv[0xcc]0[0x85]\[0xda]md[0x0][0xba][0xb5][0xdb][0xc]tk[0xf7][0xb3][0xb9][0xfb][0x1e]7[0xf6][0xbc][0xd8][0xb0][0x1d][0xf9][0xd6]n[0x3][0xb][0xa4][0x9b]%[0xc]MA[0xab]I[0xe9][0x13][0x15][0x88][0xf1];[0xc4][0xc]+[0x9a]/{7[0xbc]X[0xba][0xff][0xe9][0x8e]&[0xc4],[0xb2][0x85][0x1][0xe8][0xfa][0x14]z8[0xd0][0x8][0xd4]P[0x80][0xc6][0x2][0xe1][0xd5]<[0xa8][0xe]'y[0xe4][0xd1][0xd8][0xc8][0x94]N[0x8b]l[0x8c]L[0x11][0xe1][0x8e]}([0x17][0xd5]+[0x94][0xf4]gL[\r]@[0x9d];[0xfa]D[0x16]b[0x5]+M[0x87]u[0x8c],[0xe9]5[0xe1]f[0x4]:[0x88][0x6][0x9a][0xfe][0xa8][0xd2]E[0xc3][0xb2][0xb6][0xcb][0xd8][0xcc][0x98]N[0x15]28}C}[0x83]h,[0xa2]&5xY[0x7][0xad][0x8b]M[0xcc][0xe9][0xd5][0xc2]5[0x2][0xf5][0x6][0xa1][0xae][0xc3][0xd1][0xac][0x81][0xb]C[0x1d]gj[0xe][0x1a][0x18][0xa0]K[0xda]F[0x9a]+@[[0x88][0x8a][0x1a]~[0xf0]V[0x4][0xd4][0x89][0xc6][0xc6]&t[0xba]b[0xd0][0x8][0xe9][0x16]Vx[0xbd][0x89][0xea]8[0xb4][0x81]a[0xa8][0x13]-[0xc][0xe8]5[0x8d]jd[0x86]h[0xbd] [0xb7][0xfb]P]Ir[0xc1]mbdN[0xa7][0x9b]n[0x8d]@[0x99][0x1][0x9a]F[0x9][0xce]R[0xa3][0xfa][\n]"
17:11:38.740 [main] DEBUG org.apache.http.wire -  << "[0xde]i[0x83][0x86][0xba][0xa9]9[0xbd]6t[0x18][0x81][0xda]LPGC[0xe]U@u[0x19][0xa2][0xff][0xe]u[0x9a]1[0xdd][0x96][0xb9][0x18][0x99]![0xaa][0xc][0xa2][0xe6]Z[0x10][0x9d]x[0xa8][M[0x8c][0xe8][0xb5][0xa2][0xc4][0x8][0xb4][0xf6][0x7][0x1a][0x8c][0xa4][0xf6]q[0xa1]WP[0xc0][0xdd]L[0xaf][0x95][0x9c]FH[0xd3][0x12][0x86][0x96][0xc6][0xee][0x18]#[0xa5][0x94][0xcd]C[0xd0]k[0xe5][0x9a][0x11][0xe8][0xf0]:h[0xd0][0xe3]([0xda]([0x98][0xe6]7[0xa2]_[0xb][0xc9][0x1c][0xb1][0xfc][0x85][0xc2][0xe2][0xc3][0xc2][0x2]4[0xdd]@[0x97][0xaa][0xcf][0x1c][0xb1]d[0x9d][0x98][0xc6]*v5[0xd0][0xa4]on@[0xaf][0xd1][0x7]#P[0x1f][0x5][0x9a]f[0x90][0x8f][0xb]A-[0xfb][0x8]gd[0xa8][0xc3]-,[0xe8][0xb6]K[0x16]4[0x8e][0x4]u8[0xe1]=[0xe][0xc8][0xd5]([0xd4][0xa9]F[0xe6][0xf4]Z[0xe4]k[0x4]:[0xbf][0x14][0xea]T[0xb2][0x86]QQ#[0x3][0xa3]p75[0x6]M[0x91][0xd0]%[0x91][0x83]*c[0xa8]OH;[0xa6][0x8][0xfb]RrhT[0x98][0x82][0x87]m[0xe9][0xe3][0x1][0xc4][0x9c]:[0xd2][\n]"
17:11:38.740 [main] DEBUG org.apache.http.wire -  << "?[0xd4][0x0][0xc6][0x1c]n[0x81][0xba][0xd3][0xc8][0x0]tG[0x1e]}[0xdc][0x89][0xe8][0xfa]R}[0xce][0x17][0xd5][0xb7][0xe8]][0x19]c[0x3][0xba]5[0xc5]Ae345[0x11][0x1c][0xde]Fu4A[0xe5][0xd0][0x18]3[0xa5][0xdb][0x96]%#[0xd0][0xce]R[0xa8]g@[0xdd]z[0xb2]NI[0xc6][0xde][0xf3]06[0xa1][[0x8c][0x80][0xd2]7[0xd4][0x13][0xd8]+([0xd4]h[0xc0][0xbe][0x8][0xf][0x1a][0xf6][0x86]&[0xa0][0xa3]Q[0xe8][0x92][@W[0xa8]@[0x9d][0x8d][0x16][0x84][0xa8][0xee]E[0x93][0x84]:[0xd4][0xc2][0xcc][0x84]^C[0xb][0xa0]V8[0xdc][0xa1][0xad][0x18][0xed]LP[0xc2]!}[0x99][0xf][0xd4][0x1b]&&t[0xab][0x6][0x90][0xa6]5[0xb1][0xb6][0x97][0x89][0x99]&[0xb6]0[0x3][0xb5][0xba][0xe9][0x91]<[0xc0][0xf7]eCC[0x1d][0xef]l[0x0][0xca][0x1c]24T[0x8d],[0xe9][0x95]8[0xc0][0xcb][0xb4][0xa1][0xce][0xc4]63[0x85][0x9a][0x94][0xb1][0xa9][0x80]:[0xd9][0x2][0xbc][0xcc][0x8a]>![0x8b][0x98][0xa4][0xa0]q5[0x85][0xbc][0x8c][0x13][0xea]Os[0xf0]*n[0xfa][0xf8][0x13][0xd1]l@[0xda][0xa4][0x8c][0x1a]#H[0x12]P[0x7][0x1a][0xd3][0xed].*[0xf0][0xca]Uh[0xda][0x81]W[0xe8][0xa8][0xce][0xc3][0x18]Y[0xb1][0xa0][0xd7]x[0x96]1[0xd2][0xf4]!b[0x14][0x5][0xd5]u[0x84]Z[0x93][0xd0][0x10]54[0x4][\r]5[0xd3]%[0xca][\r][0x11][0x83]p[0xd8][0xf2][0x1a][0xaa][0xf3]1[0xda][0xe4][0xe6][0xc6]Ft[0xba]c[0xcf][0x18][0xd4]U[0x84]E=[0xec][0xda]lT[0xd7][0xe1]l[0xd0][0x9a][0x9b][0x83]4[0xd3]%8A[0xc1][0x1]se[0xeb][0xea][0xa7][0xbd][0xcd]Ov/[0x86]L[0x97][0x11][0xe9]V[0x13][0xb]z-[0xd3]0[0x6]MSC[0xdd]J[0xb8]k[0x19][0xe1][0xa1]`djn[0x8c]43ijL[0xaf][+[0x8d][0x91]/|I[0xcc]KO[0x7]mbE[\r]O[0xb2]:[0x9c][0xd0][0xdc]fn[0x8]j[0xa1][0xd3]%y[0x80]n9[0x87][0x6]9|[0xb9][0x16][0xaa]G[0xd0]jn[0xb8][0x13]A[0xcb]'[0xe8][0xe3]DD[0x81][0x80][0xab][0x14]C[0x88]C[0x9d]gl[0x2]:}[0x91]>[0xce]CT[0xc5][0xc8]u%j [0xc2][0xeb][0x6][0xa8][0xfb][0xcc]L[0xe8][0xb6][0xe3][\n]"
17:11:38.740 [main] DEBUG org.apache.http.wire -  << "4}[0x7][0x8d]a[0xc2][0xc3]I[0xa8][0xae]F[0x1d][0x17]6[0xa3][0xdf][0x19]O[0xa0][0xa5]TP7[0x83][0x9a][0xe6]d[0xf5][0xe9]H[0xd0][0x8][0x8d][0x14]sK[0xd0]a/[0xf4]I4[0x88]AK[0xb2][0xc6][0xb8]Q[0xe3][0x89],#[0xa0][0x9e][0xb6]0[0xa1][0xd7][0x5][0x8e][0xc6][0xa0][0xb][0xf2][0xa0][0xb1][0x8a]X[0x9f][0x86][0xea][0x13][0x84]8[0xd4]y[0xa6][0xe0]A<[0xba][0xc4][0x89][0x9][0xa2][0x9c]!~[0x8e][0xf][0xd5][0xf9][0x98]u[0x92][0xa1])h[;}[0xdc][0x8f]h+c[0xae]mEu'(o[0x90][0xdd][0xdf]52[0x7][0xf5][0xa6][0xe9][0xe3]%[0xc4]h[0x1c]Q[0x1b][0xe1]Q}I[0x94][0x16]h:3[0xa3]_[0x85][0x1][0xda][0xb5][0x9][0xcd][0x6][0xb8]G[0xfe][0x89][0x1e]h[0xb3][0x0][0xd5][0xe0]t[0x89][0xc][0xa4][0x93][0xe7]I[0xdc][0xb2][0x8e][0xbd][0x9]af[\n]"
17:11:38.740 [main] DEBUG org.apache.http.wire -  << "[0xda][0xa2]O[0x1f][0xa7]#[0xb2]6[0xe1]>[0x5]%-7Scz-[0xf9]0[0x6]M[0xd2]B[0x93][0x11][0xa2][0xf9][0x83][0x9a][0x1]([0xca][0xe6]f[0x6][0xa0][0x13]i[0xe8][0x13]=[0x88]iv[0xa4][0xce]<[0xaa]_[0x90][0xb3][\n]"
17:11:38.740 [main] DEBUG org.apache.http.wire -  << "4[0xcf][0x1a][0x81][0xaf][0x4][0xa6][0x8f][0xb][0x11]3[0xa3][0xb8][0x96]&[0xa1][0xf7][0xf3][0x8d][0xe8][0x98][0x14][0xa8][0xda][0x9a]@[@[0x4][\r]l[0xb][0xb][0xba][0xed][0xbf]DZi[0x85][0xbc] [\r]5=`[0xb4][0x14]L,@[0xf7][0x82][0xd3]%5 [0xad][0x13]"T[0xd3][0x12]9[0xbe]bL[0xb7][0xb]D[0x8c]A[0xfb][0xc7][0xa0][0xe5][0x6][0xb9][0xcd][0x1c]l[0x9d]sh217[0xa2][0xd7]=[0x17][0xc6]H[0xeb][0x86][0xc8]Z[0x81][0x8a][0x9a][0x9e][0xf0]N[0xa9][0x98][0x98][0x82][0x96]F[0xd0]'m![0xca]BP[0xf1]MV[0xd7][0x7][0xbe][0x8][0x5][0x1a])[0xc6][0xe6][0xa0][0x99]p[0xfa]8[0x1f]QP"[0x97][0xd8][0xa8]a[0x8d][0xba][0xff][0x14][0xea]HCszM[0xa3][0x80][0xd7][0x8f]A[0xb3][0x0]1[0xbb][0xa1][0xd1][0x17]M[0x9a][[0x82][0xd6]2[0xd2]%8A[0x87]M@]J[0x95][0x5][0xbe][0x18][0xa5][0xa6][0xa1])[0xa8]<[0xa0][0x8f]_[0x10][0x9b]Yp[0xf][0x94][0x10]\w[0x4]M-Ft[0xbb][0x11][0xd2][0x18]4[0x9b][\n]"
17:11:38.740 [main] DEBUG org.apache.http.wire -  << "[0x8d][0x3][0xa2][0x8f][0x85]@M[0xef][0xd8][0xe6][0xb7][0xcc][0xcd][0xe8]vt3[0xd2][0xf2]4[0xa2][0xba]D[0xa8][0x8e][0xc7]r[0xa2][0xaa][0x91]%[0xdd][0x6]ZA[0xe5].4[0xf0][0xc9][0xad][0xad][0x88][0xd7][0x7]M[[0x16]&[0xa0][0x16][0x8]}[0xf2][0x4][0xa2][0xe5][0x86][0xb3][0xe5]Kx[0xd4][0xe][0xe6]nsz[0xad]x4FZ[0xbd][0x86][0xe8][0xb][0xe2][0xba][0xf1][0x8]5=al[0x3]77[0x4][0xdd][0x12]@[0x97][0xe0]F[0xba][0xdf][0x84][0xac]^[0x1e][0xaa]O[0xc8]2[0x2][0x1a]Wf[0x6][0xa0]a[0x0][0xfa]x[0x1a][0xd1][0xf9][0xc5]1[0xc4][0x8f][0x88]B[0x1c]'[0xd0]A[0x1d]mjA[0xb7][0xde]-[0xd2][0x82]7xk[0x6]5[0xf4]Ih[0x1d]A[0x9d]oh[0x1][0xda]5G[0x9f]0G[0x8c][0xc5][0xe1]][0x93][0x81][0xea]%[0xec]=/#KPW[0x9f]>[0xce]F[0x8c][0xb7][0xe1][0x1a]S@[0x88]CC[0xd5][0xcc][0x2]t[0xe][0x1a]][0x9c][0x7]*'[0xa0][0x95][0x1][0xce]E[0x84][0xa4]'[0xb]#3zmh4[0x6]U[0xf9]P[0xf][0xc0]g[0x84]P[0x93][0x0][0xb1][0xed][0x1f]csz[0xed][0x9b]3[0xa6][0xea][0xda]4[0xf0][0x1d]z[0xf4]I,[0x88][0x8e][0x14]t[0x1e][0xb]5[0xa4][0x89][0x1e]a5[0xa7][0xdb]%[0x9][0xa0]quh[0xf2]@[0x9a]I@u6[0x92][0x4]4[0x3][0x9a][0x9a][0x81][0xc6]#[0xe8][0x11][0xa6]&Hw[0xaf] [0xaa]qT[0xf7][0x91]~t/[0xd4][0x1b]F[0x96][0xa0][0x95][0x9c][0xf4][0xf1][0x6][0xa2]'[0x82]V[0xe4][0xa2][0xfa][0x5]M[0x12][0xea]P3[0x13][0xd0][0xb6] [0xfa]8[0x14]Qu[0x13][0xac][0xa3]Q[0x9d]NtO[0x5][0xea])[0x13][0xf0]^R[0xfa]x[\n]"
17:11:38.740 [main] DEBUG org.apache.http.wire -  << "1a[0x8e][0xb3][0x14]G[0x92][0x80]:[0xd0][0xd0][0x90]^[0x9d]n[0x13]P[0xe7][0x6][0x9a][\r][0xa9]0[0xb0]DT[0x97][0xb][0xea]Ic[0xba][0xcd][0x16][0x9a][0x80][0xee][0xb3][0x86]z[0x12][0xfb][0x1e][0x1][0xd4][0xf4][0x84]][\r][0xd4][0xd9][0xa6]t[0xbb][0xf5][0xd1][0x4][0xb4][0xcd][0x5][0xea]l[0x12][0xc7][0x97],[0xc0][0xbb]#[0xe9][0x92][0xc2][0x91]V[0x7]a[0x1b]*E[\r]Y,[d,,[0xe9][0xb5][0xe4][\n]"
17:11:38.740 [main] DEBUG org.apache.http.wire -  << "|[0xe0]>4<[0xd1]f[0xe9]P][0x89][0xed]~G[0xba][0x15][0x83]HKX[0xb0][0xf][0xd3][0xa2][0xba][0x95][0xac]L[0xb]M[0xca][0x16][0xf4];+[0x5]i[0x91][0xb][0xa1]Y[0x4][0xfc][0xb9][0xf][0xdc]B[0xa3]K[0xc2]F:[0xf6][0x1d]Q[0x1f][0x91][0xd9][0xed]7[0x5][0xdf][0xe0]J[0x1f]g#FYp[0x17][0x1a][0xc8]2[0xd0][0xc4]`hI[0x9f][0xc9][0xc]3[0x3][0xf0]\+4[0x1f][0xbe][0xde][0xb0][0xe1]M[0xdb]B[0x85]7[0xcb][0x1b]_m[0x98][0xa0][0xf0]vJ[0xcf][0xeb]y[0xab][0xdf][0xf6][0xef][0xc1][0xd8][0xb4][0x10][0x9c][0x98][0x93][0x99][0x9b][0x98][0x81]t[0xf0][0x89]9h[0xa8][0x92][0xf6]![\n]"
17:11:38.740 [main] DEBUG org.apache.http.wire -  << "[0x9a][0x19]F4L[0x8c]M-[0xfc]M0[0x1c]gb[0xac][0xa3][0x90][0x94]_[0x9a][0x93]Z[0x96]X[0x94][0xa2][0x10][0x94][0x9a][0x9e][0x97][0x99]Z[0x14][0x93]ginhl[0xaa][0xe0]T[0x9a]Y\[0x9c][0x9f][0xa7][\Z[0xa4][0xeb][0x9b]Z[0x84][0xf0][0x81][0xb9])h7'}|[0x80][0xe8][0xea][0xde]Xwc[0xc5][0xcd][0xae][0x1b][0x1b][0x15]n,[0xbf][0xd9]tc[0x15]x[0x85][0xc0][0xfa][0x9b]][0x18]~[0xc2][0xad][0xe][0x9a]^[0x8c][0xc1][0xd1]H[0x1f][0xe7]#z7E[0xa9][0x99]ye[0xa9]y%[\n]"
17:11:38.740 [main] DEBUG org.apache.http.wire -  << "[0xa9][0xba]I[0xa5][0xc5][0x99]y[0xa9][0xc5][0xc5][\n]"
17:11:38.740 [main] DEBUG org.apache.http.wire -  << "[0xa5][0xc5][0xa9]E[0xc5][0x18][0x1e][0xc0][0xa7][0x12][0xea][0x5][0x13]:[0x8d]}[0x82][0xd2][0x10]b[0xaa][0xe8][0xcd][0xbc][0xa5][0xaf][0x17],y;u[0xc6][0xeb][0xae])[\n]"
17:11:38.740 [main] DEBUG org.apache.http.wire -  << "o;[0xd6][0xbc]^[0xd5][0xaa][0x0]:<s[0xd6][0xca]7[0xf3]&[0xbc][0x9e][0xbc][0x4][0xc3]'N[0xf9]y%[0x89]y[0xe9][0x88][0x94]cd[\n]"
17:11:38.740 [main] DEBUG org.apache.http.wire -  << "[0xba][0x19][0x8a]>A[0x8f](M[0x10]Y[0x10][0xb5][0x6]B[0x88]C[0x83][0xd5][0xdc][0x10]tD?][0x9c][0x7]:[0x4][0x12]Z[0x92]<[0xdb]4[0xed][0xf9][0x8e][0x96][0xe7]sz[0x9e][0xee][0x9a][0xf3]d[0xc7][0xda][0xa7];[0x9a][0x9e][0xee][0xdc][0xf1][0xac][0xb3][0xdb][0xd8][0x0]r[0xee][0x93]1[0xe8][0xd8]'c[0xd0][0xb1]OO[0xe7][0xcc]:[0xb1][0xe9]e[0xf3][\n]"
17:11:38.740 [main] DEBUG org.apache.http.wire -  << "[0xe4]c[0x9f][0x8c]M0[0xf3][0xf5][0x8d]-7[0xd6][0xdc]X~cgrFjq[0x9]r[0xd6]56[0x5][0xb5]([0xe9][0xe3]C[0xc4]a[0x9e]Ovt>][0xd7][0xfa]t[0xf3]6[0x8][0xe3][0xd9][0xdc][0x89][0x18]I[0xc5][0xd8][0xd0]@[0xe1][0xc1][0xba][0x9d][0xf][0xd6]mz[0xb0]n[0xff][0x83]u[0xeb][0x1e][0xac][0xdb][0xa7][0xf0]`][0xfb][0x83]u[0xb3][0x1e][0xac][0xef][0x0][0xf3][0xa7]>X[0xb7][0xf9][0xc1][0xfa][0xde][0x98][0xbc][0x7][0xeb]v<X[0xdf][0xfb]`[0xdd][0x86][0x7][0xeb][0x1b][0x1e][0xac][[0xf1]`[0xdd]T0[0xbb]W[0xc1][0xcc][0xc8][0xc8][0xc0][0xd2][0x0][0x91][0xda][0xc][0x8d]A[0xa7]p[0xd3][0xc7][0xb3][0x88][0xbe][0xaa]d[0x94][0xae][0xb1][0xa5]1[0x86][0xf][0x9f][0xb6][0xae]~[0xde][0xd7][0xfd]t[0xed][0x4][0xc8][0xba]~X[0x92]3[0xa3][0xcf][0xd1][0xc2]f[0x6][0xc8][0xc7]`Q[0xb3]6[0xb0]0[0xa5][0xcf][0x92][0x13][0x90][0xf][0x10]}[0xd2][0xe0][0xd2][0xbc][0xf4][0xc4]L[0x85][0x80][0xd4][0xbc]RP[0xdd][0x8a][0x9a][0xb1]-[0xcc],[0xcd][0x8d][0x15]n6[0xdd]l[0xb9][0xd9]uc[0xc5][0xcd][0xe][0x85][0x80][0xfc][0xa2][0x92]b[0x5][0xc7][0x82][0x12]=[0x5]ss[0xa3][0x98][0xbc][0x1b][0x9b]o[0xb6][0xdd]X~[0xb3][0xb5],3[0xb5]\G[0xc1]1H[0xc1][0xd0][0xc2][0x14][0x1c]e[0xd0]X14[0x2][0xb5][0xa1][0xe8][0x93]r[0x10]c[0xd0][0xf][0xd6]m[0x5][0xa5][0xf7]u+[0xc0][0xc9]{[0x9][0x88][0xbd][0xbe][0xfd][0xc1][0xba][0x95][0xf][0xd6][0xed][0xc3]HM[0xf8][0xd5][0xc2][0xbc]A[0xc7][0xc4][0x85][0xa8][0xa8]K[0x8a][0x12][0xf3][0x8a][0xd3][0xf2][0x8b]r[0x15][\n]"
17:11:38.740 [main] DEBUG org.apache.http.wire -  << "rJ[0xd3]u[0x13][0xf3]Rt[0xb]r[0x12]+[0x15][0xca][0xf2][0x8b]J"
17:11:38.742 [main] DEBUG org.apache.http.wire -  << "[0x12]s0[0xeb];#3[0xb]C[0x13][0x85][0x1b][0xcb][0xc1]1uc[0xe7][0xcd][0xae][0x1b][0xeb][0x15][0x9c][0x8a][0x12][0xf3][0x92]3b[0xf2][0xfc][0xf2][0x8b]J2[0x14]n[0xb6][0xdc][0xec][0xb8][0xb1][0xe6]f[0xd7][0xcd]6[0x1d][0x85]0G[0x5]C#3p[0x99][0x7][0xf5][0xa5][0x5][0x9d][0x86][0xfe]@[0x9][0x10]Q[0x9f][0x9b][0x9a]X[0x18]+<X[0xd7][0xf9]`[0xdd][0xaa][0x7][0xeb][0x96]<[0x0]E[0xd4][0xf6][0x7][0xeb]{!BK[0x1e][0xac][[0xf]*[0x97][0xd6]7[0x82][0x8b][0xae]}[0x90][0x2][0xca][0x1a]Tv[0xb5][0x82][0xc4]A[0xe5][0xdb][0x12]p,#[0x15]_FfFf[0x96][0x16][0x18]1[0x1d][0xa5]`hb[0xa9][0x10][0xec][0x84]([0xd7],[0xe8]t[0x89][0x1f][0xc8][0xc3][0x88][0xda][0x1f]Q[0x99][0xa3]f6[0xaf][0xc4][0x9c][0xc4]<[0x5][0x97][0xcc][0x82][0xd4][0xbc][0xfc][0xf4][0xfc][0xa2]|[0x5][0xbf]|=[0x5]s3[0xa3][0x98][0xbc][0x90][0xc4][0xbc][0xac][0xd2][0xbc][0xf4][0xa4][0xc4][0x9c][0xc4]L[0x1d][0x85][0xe0]`[0x5]s[0xb]ssK[0x84]?[0xcc][0xc1]G[0xc3][0xd3]'[0x97]!Z[0x3][0xa0][0xb8]X[0xb7][0xef][0xc1][0xba]y[0xe0][0xf0][0x9f][0xf5]`[0xdd]~[0x8c] >[0xf3][0xd3][0xed]s[0x9f][0xcf][0xe9]y6m[0xc3][0xd3]u[0xfb][0x9f][0xf6][0xec]z[0xb6]b[0xd5][0xb3]y[0xd3]-![0x15][0xb2][0x91][0x11][0xa8]F[0xb6][0x0][0xd5][0xc8][0x8f][0x9b][0xd6]?n^[0xf3][0xb8]i[0xe7][0xe3][0xe6][0x8e]g;[0xd7]?][0xb7][0xce][0xdc][0xc4][0x1c][0xe1]C#K[0xd0]y?t[0xf1]!h2[0x1c][0xda][0xa0]x[0xda][0xba][0xe6][0xc5][0xaa][0xde]'{f[0xbd]X[0xd1][0xf1]t[0xf1]j[0xc][0xef]a[0xca]Cs[0x92]9[0xf8][0x9a]W[0xfa]8[0x17][0xd1]:[0xb0]47T[0x88][0xc][0xf7][0xc5]p&-[0x9a][0x4]&f[0xf4][0xd9]!if[0x80]|[0x92]ZbzzQjzbI[0xaa]BQjb[0x8e]nIfn[0xaa]B[0xaa]nr~nnjQr*[0x86][0xc7][0x9]*[0x87]F[0x97][0xa1]9h[0xdd][0x5]}[0xa2][0xb][0xd1][0x93][0xc]O-.Q[0xb8][0xd9][0x1][0xaa][ob^[0xd5][0xe3][0x9a][0x92]Y[0x92]_[0xa4][0xa3][0x0][0xf2]\fqqf~^&r[0x7][0xc0][0xcc][0x92]>[0xc7][0xca][0x80][0xc2][0x1f][0xd1]X[0xf0][0xf0][0x9]506[0x5][0x95]<[0xa8]E[0x97]Ojb[0x11][0xc8]}[\n]"
17:11:38.742 [main] DEBUG org.apache.http.wire -  << ")[0x99][0xc5][0x89]I[0x99]9[0x99]%[0x95][\n]"
17:11:38.742 [main] DEBUG org.apache.http.wire -  << "y[0xa5]E[0xc5][0xa0]([0x81][0x86][0xb1][0x89][0x9]}[0xe6];@[0xe]F[0xb4][0x4]H[0xad]B[0x9][0xab][0x87]z[0xc7][0xd8][0x0]4{E[0x9f]$[0x83][0xa8]+][0xe][0xaf],K[0xcd][0xc9]/(H--RHQO,([0xc8][0xc9]LN,[0xc9][0xcc][0xcf]+V[0xc8][0xcd]O[0xca][0xcc]I[0xc5]l[0x15][0x10][0xa7][0x7][0xea]-S#[0xd0][0x12]<[0xfa]x[0xb]Q#R[0xde][0x1f]64[0xa1][0xcf]t[0x9](u!j@[0xd7][0x92][0x8c][0xbc][0xfc][0x9c][0xfc][0xf4]RP:G[0xcd][0x11](R[0xd0][0xc0][0xb5][0xa0][0xd3][0x2]~3[0x3]p,B+1[0xcc].,[0xaa]KqWbt:[0xa1][0x7][0xe4]\D%[0x6][0xe9][0xd9][0xe2][0xed][0xe2]"[0xea]9h[0xc0][0x9a][0x98][0xd2][0xe7][0xc8]I[0x90]K[0x11][0xfd]S[0x82][0xb5][0xb]j8[0x83]Vj[0xf8][0x97][0x94][0xe4]+x[0x16]g'[0xe6][0xa5]$[0x16][0xa5]d[0xe6]%[0x96]$[0x82][y[0x96][0x86]1y[0x91][0xf9][0xe9][0x95][0x89][0xd9][0x89]E%[0x89]:[\n]"
17:11:38.742 [main] DEBUG org.apache.http.wire -  << "^[0x89][0xb9]I[0x99][\n]"
17:11:38.742 [main] DEBUG org.apache.http.wire -  << "[0x16][0x6][0x16][0xa6][0x86]Hm [0x3][0xfa][0xf9][0x12]QK[0x95]$[0x16][0xa5][0xa7][0x96]($[0xe5][0xa4][0xa6][0xa6]d[0xe6][0xa5][0xeb][0xa6][0xa6][0xa4][0xa7]*[0xa4][0x95][0xe6]%[0x83]J[0x9d][0xc4][0x9c][0xcc][0x92]L,e[0xe]z[0xd5][0x6][0x8d]'SK[0xfa][0x1c]k[0xe][0x8a]'D[0xa5][0x95]R[0x94]Y[0x96][0xaa][0x80]9l[0x9f][0x9b]Z[0x92][0x91][0x9f][0x2][0xca][0xbf][0xd8][0xbc]@D[0x95]fn[0x4][0x9a]:[0xa5]Kai[0x8e][0xa8][0xd2][0xdc][0x13][0xf3][0xd2][0x15][0x2][0x12][0x8b]3[0x8b][0xb2][0xf3][0xb3] [0xc9][0xc7][0xcc] &[0xcf];[0xbf]$Q[0xc1]1%73/[0xb3][0xb8][0xa4]([0xb1]8S[0xc1][0xb][0x92][0x9a][0x14]BK[0x12][0x8b][0x12]u[0x14][0x82]C[0x15],[0x8d]-ML1ZI[0xc1][0x89][0xa0][0xc9][\r][0x5][0xf7][0xc3]+[0x8b][0x12][0x8b]RR[0x12][0xf3][0x10]I[0xce][0xd0][0x8c]>;[0xf3]A[0x11][0x86][0xe8][0xf7][0x6]z([0x18]ZZ*8b[0xb6]d[0x91]e[0xa0]i[0xca][0xdc][0x1c][0x14]6[0xf4][0x89][0x4]DE[0x8c]{l[0x1c]5[0xd3][0x83][0xc6]K[0x14]n[0xec][0xbc][0xb1][0x1e][0xd4][0xca]C[0x84][0xab][0x85][0x1][0xdd]R[0xe][0xd2][0xd2]UB5[0x1][0xa6]<4[0x8c][0xcd],[0xe8]s~[0x87][0x99][0x81][0x11][0xd2][0x92]UP[0xd7]}[0x13]hL`[0xdd]~p_[0x1f]s[0xf0][0x86]`[0x11][0xc][0xf5][0x80]9[0x9d][0xe6][0xc]A[0x1e]@T[0x10][0x88]z[\n]"
17:11:38.742 [main] DEBUG org.apache.http.wire -  << "5Q[0xd0][0xa4]?fI[0x9f][0xc5][0x9e] [0x1f]"*[0x7][0xf4]r[0x1e][0xd5][0x9f]DV[0x1d][0xd0]821[0xa2][0xcf][0xd6][0xc][0x90][0xf]([0xad][0x1c][0x88][0xad]R[0xa0]^3[0x6][0xef]B[0xa3]K[0x19][0x5]:[0xdd][0x0][0xda][0xf0][0xbb][0xd9]zc[0xcd][0xcd][0x96][0x1b][0xeb][0x15]n6[0xdf]Xuc[0x5]F[0xb9]_[0x84]g"[\r][0xea]ps[0xb]#[0xba][0x1c]Y[0x7][0x8a][0x13]D[0xf9][0xf][0x9e][0x8b][0xd8][0x4][0x1e]U[0x82]Lb[0x80][0xa6].0[0x9c]OD[0xa7][0x1][0xea][0xb]#3[0xfa]l[0x1a][0x7][0xf9][0x2]QE[0x4][0x94][0x96][0x14]eb[0xb8][0x1a]g[0x19]knD[0x9f][0xd3]8@[0x8e]D[0xf4][0xbc][0x8][0xf7]wQ[0xb3]4[0xee]z[0xf][0x1a][0xd6][0x16]tZ[0xd6][0x8][0xf2][0x6][0xa2]#F[0xc4]P$[0xee]e[0x6]P[0x97][0x1b][0x19][0x80].[0x9a][0xa2]K&[0x5][0x8d][0x84]@3)U[0xeb][0x2][0xd4][0xb8]BT?P[0x1f]Z[0x80]w[0x2][0xd2][0xc7][0x87][0x88]Z0[0xa0](?[0xa5]49[0xb5]HG[0xa1](1%3[0x1f]#G[0x10][[0x87][0x9b][0x1a][0xd3]ga[0xb2][0x99][0x81][0x11]h_[0x11],~[0xb0].[0xf7] [0xad]f37[0xb1][0xa0]W)[0x8a][0xb4]e[0x80][0xfc][0xb9];[0xd4]d[0xf4][0xba][0xbf][0xe5][0xcd][0x1c][0xd0][0x92][0x4]h*2[0xb3][0x0][0xdd][0xbe]A[0x9f]T[0x84][0xe8][0xf5][0xe0][0x9f][0xa6]Cu1[0x9e][0xe][0x8d][0xa9]9h[0xbd][0x0]}[0x1c][0x8f][0xa8][0xd0][0xc8][0x98][0xd9]A[0xf5]QH~iQfq[0xae]B~ZZf2[0xf2]2[0x4]S[0x13][0xba][0xad] B:[0xfc]6[0xb5],?[0xa7],U![0x15][0xe4][0x9a]L[0xd0]R[0x9c][0xbc][0xd4][0x92][0xf2][0xfc][0xa2]l[0xcc][0xc1]G[0x9c][0x83]K[0x86][0xe6][0xa0][0xfd][0xec][0xf4][0x89][0x8]Du[0xe7]bn[0xac]`[0x89][0xa5]_I[0xe9][0xcc][0xa9][0x91]%}[0xf6][0xd4][0x80][0xca]&D[0xad][0x87]4[0xa1][0x89][0x9a]\[0xde][0xb4]l|[0xdd][0xb4][0xe2]M[0xf7][0x1c][0x85]7[0x1d]3[0xde],[0x98][0xfa]j[0xeb][0x1a]D[0xdf][0xd3][0x88]N[0xd7][0xf4][0x98][0x19][0x18][0x83][0x2][0x5]Z[0x8e][0xe2][0xae]~Q[0x9d]nb[0xa6]kiii[0x9]Z[0x89][0x3]-o[0xcc][0xcd][0xe8][0xb3][0xe1][\n]"
17:11:38.742 [main] DEBUG org.apache.http.wire -  << "[0xe4]^[0xc4]0$[0xa2][0xf2]Du[0xdf][0xdb][0x9e][0x9][0xaf]vt[0xbc][0xda][0xb1]A[0xe1][0xcd][0xc2][\r]o[0xe6]M|[0x3][0xbe][0xf0][0x18][0xea]T##[0x13]#z[0xdc][0xe6][0x8]r*[0xa2][0x82]%[0xa2][0x9f]L[0xf1][0xd8][0xa3][0x89][0x85][0x91]![0xbd]|[0x86][0xe8]^[0x12]Y[0xcd][0xa2][0xc6][0xd0][0xab]M{[0xdf]t[0xcc]D[0xa4]wS#[0xfa][0xec][0xe2][0x4]E[\n]"
17:11:38.742 [main] DEBUG org.apache.http.wire -  << "[0xa2]_[0x89]o[0xf8][0x10][0xd5][0xbd][0xe8][0xf5][0xab][0x85]9[0xe8][0xfa]Vz[0x94][0x8c][0xc6]H[0xb7][0xd8][0xe2][0xeb][0xc][0xa2][0xba][0x97][\n]"
17:11:38.742 [main] DEBUG org.apache.http.wire -  << "[0xe3][0x8f][0xd0][0xec]baF[0x9f][0xc3][0xe2]@1C[0xc5][0xca][0x18]W[0xf7][0x14][0xea]+s[0x3][0xfa][0xb4]SM-M@'[0x0]A[0xcb]WBK[0xea]A%[0x0][0xd9]G[0xe0][0x99][0x9b][0xd2]g[0x18][0x18][0xe4]%D[0xf5][0x6][0xbf]_[0xe]5[0xfd]Q[0xb2][\r][0xdd][0xdc][0x82]>[0x83][0xc5][0xa6][0x96]&[0xa0][0xf5][0xb9][0xd0][0xb8]A[0x9c]B[0x82][0xea][0x13][0x84]8,[0xe9][0x98][0xd3][0xeb][0xce]K[0x13]Pq[0xe]u[0x1e][0xa9]Wybn[0xc9]44[0xa7][0xcf]b[0x10]P[0xb0]"[0xea]=[0xac]W[0x2][0xa0][0x1f]^cdA[0x9f][0x5][0x88] [0xa7]!*.[0xa4][0xfd]|[0xa8]Q[0x8e]$[0x1][0x8d]sC#[0xd0]9[0xa1][0xb4]/[0xee]A[0xe]DTOx7?[0x81][0xa6][0x83][0xd2][0x8b]@[0xab]l[0x8][0x9c][0x8f][0x0][0xbe][0xd5][0x89]>NG[0xf4][0x4]q[0xec]$[0x87][0xb]C[0xc3][0xd5][0xd4][0x1c][0xb4][0xe1][0x88]>[0x8e]CT.[0xc4][0xec][0xd7][0xc2]r[0xc2][0x8c][0xb1][0x19][0xbd][0xce]<0A9 [0x1d][0xf3]j[0x10][0xc8][0x95][0x84][0xd0]046[0xa2][0xd7][0x91][0x95]&Hg[0xa1][0x93]p[0x8][0x9e][0x11][0xdd][0xae][0xac]1[0x1]mQ[0x84][0x16][0x98]8[0x8f][0xae]A[0x92][0x80][0x86][0xa0][0xa9][0x11][0xbd][0xee][0xd4]1[0x1][0xb5][0xa5][0xa0][0xe]$[0xab][0x8a]D-[0xa8][0xc8]2[0x2][0xea]is:[0xb5]`M-M@[0x3][0xfb]PO[0x13]s[0xb4][0x19]v5Pg[[0xd0][0xa9]c[0xc]r6[0xa2][0xaa] [0xe7][0xaa]D[0xd4][0xa8][0xc2]~[0xdb][0x90]![0xdd][0x8e][0x9e]0[0x1]m[0xbc][0x80]F[0x2][0x8d]ogA[0x1c]F[\n]"
17:11:38.742 [main] DEBUG org.apache.http.wire -  << "[0x8d]3c3[0xfa][0xcc][0x9a][0x98]Z[0x9a][0x80][0x8a]B[0xa8]/[0xc1][[0xe6][0xd6][0xde]X[0xa1]p[0xb3][0xf5][0xc6][0xaa][0x1b]knl[0xc4][0x18][0xd4][0xc6][0xb8][0xa8][0xc3][0xd8][0x9c]>c[0xc0] [0x87]"F1[0x8]o[0xc7][0xc6][0xd2][0x98][0xa3][0xdf][0xc6]q[0xd0]h[0x9]4H[0xe1][0xed]6[0xd4][0xb4][0x8d]7[0xc3][0x9a]Y[0x9a]Y[0xd0]cP[0x2][0x14][0xa6][0x88][0xc][0xb][0xea]I[0x91]uL%99}[0x0][0x92]9[0x91][0x8d]D[0xcc][0x1d][0xf2]fF[0xa0]*[0x88].-.P[0xa5][\n]"
17:11:38.742 [main] DEBUG org.apache.http.wire -  << "M8[0x88]"[0x1]5[0xe5] [0xc4][0xa1]ahd[0xc][0x1a][0xc1][0xa6][0x8f][0xf3][0x10][\r]B[0xb2]6[0xe7][0xa3][0xfa]$[0xc8]Y[0xc1][0xc0][0xdc][0xc8][0x8]1[0xa2]edF[0x9f][0xb1]sP[0xba]G[0xcc]g[0x13][0x1a]a[0xc0][0xbb]i[0xdf][0xc2][0x90]>[0x8b];@NF[0xc][0xf7][0xe3]:[0xb4][0x7][0xb9][0x85][0x9]M[0x1d][0x86][0xc6]&&[0xf4]*K[0x10]C[0x1c][0xa8]'[0xc3][0xa2]F;[0xaa][0x1c][0xd4][0x99]F[0xa6][0xa0][0xa4]O[0x97]D[0xc][0x9a]([0x83][0xe6]1RG[0x8][0xb0]U;P[0xf][0x98][0x9a][0x1a][0xd3][0xe9]vx[0x13][0xa4][0x3][0xfc]I8[0x94][0x8e][0x92][0xcb]E[0xc][0x8d][0xe8]u[0xa6][0xaf][0x9]hN[0x4][0x1a];8[0xc6][0xc9][0xe0][0xc2][0xd0][0x90]74[0xa2][0xd7]El&[0xa6][0x88][0xda][0x92][0x9c]J[0xf]5[0x1f][0xc0][0xcf]C[0x84][0xfa][0xc3][0xd4][0x8c]^W1[0x81]w[0x7]B[0x3][0x19][0xa9][0xba]Cu[0x1e][0xfc][0x8c]I[0xa8][0xf3],[0xe8][0xb4][0xf5][0xdd][0xd4][0xd2][0x4][0xb4]][0x18][0xea]<[0x82][0xe7][0xe8][0xa1]:[0x9a][0xa0]r[0x98]g[0xc]@[0x1d],[0xfa][0x14]7[0x88]:[0x13]Q[0xe1][0xa1][0xba][0x1a]![0xe]u[0x9e][0x11][0xdd][0xee][0x95]31ET[0x84][0xa0][0x6] [0xe9]C[0xe9][0xa8]^[0xc1]8V[0xd2][0xd4][0x90]>KlA[0xc9][0x6]QA"W[0x84][0xa8][0xe]DT[0x9d][0xd0][0xb0]64[0x0][0x5][0x1]}[0x92][0x2][0xa2][0x82]D[0xea][0x9e][0xa0][0xba][0x8f]p[0x95][0x4]s[0xb7][0x9][0xe8]x*[0xba][0xb8][0x1b]i[0xe7](Y[0xb5][0x8][0xaa][0xf][0xf1]v}L[0xcc]A[0x97]][0xd2][0xc7]W[0x88][0xee]$Y[0x83]B[0xa8][0xbe][0xc2][0xec][0x18][0x1b][0x81][0xce]8[0xa3][0x8f]O[0x10]s[0x7][0xae][0xb9][0x99][0xa0]m[0xe][0xa8]n#[0xf6][0x88]L#:[0xed][0xbd]4[0xb5]4[0x1][0x1d]u[0x9]-[0xe2][0xd1][0x86]yP[0x9d]NN5[0xb][0xcd] [0xc6][0x86]t[0xeb][0x17][0x99]![0xfa][0x96][0xf0][0xe1]zT [0x9f][0x94][0xf]u[0x9f][0xa1][0x1][0xfd]20b[0x96][0x81][0xa8]c[0xc]Q[0xdd]NVW[0xf][0xea]Is[0xb][0xd0]>[\r][0xfa][0xe4][0x2]DE[0x8b]rP?[0xaa]g[0x88][0x9d][0x3][0xb2][0xb0][0x0]E*}[0x1c]N[0xdd]*[0x98][0xbc]j[0x1c][0x1a]_[0xc6][0x6][0xa0][0xb3][0x8d][0xe9][0xe3]mDuM[0xfa]a[0xb3][0xb8]"[0x15]s7\[0x90][0xbf]'b[0x84][0xc1][0xc4][0x82]>k[0xa1]A%[0x1c][0xa2][0xb2]'[0xfe][0xe6][0x2]To!5[0x12][0xa0][0xd1]cj@[0xb7]IU[0xd0]~ih[0x9][\r][0xef]q[0xa1]:[0xf][0xdb]h1[0xd4][0x9d]F[0x6]t[0xeb][0xcb][0x80]Np[0x82][0xba][0x13]{[0xcb][0x2][0xd5][0xd1][0xd8][0xd5]@[0x9d]mlbdJ[0xa7][0xc1][0x12][0xd0][0xbd][0xb6]Pg[0xa3][0xe][0x88][0xa0]:[0x97][0xe8][0xaa][0xdb][0x14][0xb4][0xf0][0x81].[0xf9][0x16][0xb4]Y[0x17][0xea]rx[0x17][0x16][0xd5][0xd1][0x98][0x8b][0x1]LL[0xe9][0xb3][0xf6][0xcb][0xd4][0xd2][0x4]tv"[0xd4]y[0x88][0xa1]RT[0xf7][0xa1]_[0xf1]fb[0xe][0xba]3[0x94]>[0x81][0x87][0xa8][0x89][0x11][0xbd]>T[0xd7][0x11]UCC[0x13][0xac][0x91][0x9][0xfd]\[0x8e][0xa8]^[0x89]>[0x94][0x1a][0xd5]c([0xb5]2[0xd4][0x3][0xa6]Ftk[0xa4]!][0x9f][0x83]h[0x4][0xe0][0xaa]/P]NX=[0xd4];[0xe6]F[0xa0]-0[0xf4]II[0x88][0xea][0x93][0xa2][0x11]l#[0x13][0xba]-$2GT[0x89][0x84][0xbb][0xb9][0xa8]1@|[0x15][\n]"
17:11:38.742 [main] DEBUG org.apache.http.wire -  << "[0x8b][0x9]3[0xd0][0x8e][[0xba][0xc4][0x4][0xa8][0x85][0xb]-q[0xb0][0xd7].[0xa8]^[0xc1][0xae][0x6][0xea]lC#[0xd0][0xda]G[0xfa]8[0x1b][0xd1][0xff]Et^Q[0x9d][0x8a][0xa7][0x86]73[0xa6][Ui[0x81][0xe8][0xde][0x12][0xbe]C[0x9][0xd5][0x3][0xd0][0xee]04p[0x8d][\r][\r][0xe9]5F[0xf][0xba][0xa8][0xf][0x9a]&p[0xd5]BX[0xba][0x84][0x16][0x96]FtYgojiB[0xf8]b[0x1e][0xb4]~94[0xc]M[0xe8]t[0xd4][0x5][0xc8][0x89][0x88][0xba][0x92][0x98][0xe5]g[0x88][0xfa][0x14][0xe6]T#[0xba]M'[0x82][0xd6]@@[0xa3][0x1b]>n[0x8e][0x9a][0x12][0x11]U[0x8][0xfe][0xb5][0x87][0xe6][0x16][0xa0][0x98][0xa1]O[0x1][0x80][0xe8]wB6r[0x85][0xe7][0xe7][0xe5]'V[0x96][0x82]On1[0xb0][0x8c][0xc9][0xf3]M[0xcc]KL[0xc9][0xd7]Q[0xf0][0x6][0x9f]P[\r]:[0xa9]W[0xc1])[0xb1]([0xb1]D[0xc1][0xcc][0xc4][0xdc][0xd2][0xc]cm[0x8][0xc2][0x8b][0xb8]jUh[0xc4][0x98][0xd3]1[0x1f]"jI[0xec][0xf3][0xb8][0xa8][0xb1]DQ[0xdf][0xd9][0xc8][0x88]n[0x8d]1[0xd0][0xce][0xf]hzC[0xbe]w[0x0][0xd5]3xf+[0x8d][0xe9]t&[0x81][0xa9][0xa5][0x9]h[0xe6][0x10][0xea]T[0xb4]{XP][0x8b][0xb7]Z42[0xa4][0xdb]|[\r][0xa8][0x1][0x7]u/[0x8e]~/[0xa2][0xb6][0x84][0xa6]gS:[0x9d]&[0x3][\n]"
17:11:38.742 [main] DEBUG org.apache.http.wire -  << "MD]H[0xb0]k[0x88][0x1a][0xbe][0xa8][0xbd]L[0xa8][0xcb][\r]M[0xe9][0xb6][0xa7][0x3]i[0xef]1[0x8d][0x17][0xd3]Q[0xdd]xh`[0x19][0x83]o-[0xa1]K[0xd1][0x8c][0xb4][0xdd][0x19][0xa9]3[0x8d][0x1a][0xa1][0xf0][0xce]7[0xd4]y[0x86][0x16][0xf4]9[0xb9][0xf][0x94][\n]"
17:11:38.742 [main] DEBUG org.apache.http.wire -  << "[0x11]53Q[0xbd]UT[0x87]c[0xaf][0xcc][0xa1][0xbe]0[0xa3][0xdf][0xda]{[0xe4][0xb][0xd1]z[0x1a][0xde],hy[0xb5]e[0xe2][0x9b][0xe9]k[0xc1][0xdb]K[0x17][0xb5][0xbe]^8[0xe7][0xd5][0xd6]5[\n]"
17:11:38.742 [main] DEBUG org.apache.http.wire -  << "o[0x9a][0xf6][0xbc]i[0xd9][0xf8]j[0xe3][0x86][0xd7][0xcb]@{MQ}[0x2][0xaf][0xeb][0xa1][0x8e][0xb7][0x0][0x1f][0xf3]C[0x9f][0x14][0x82][0xa8][0xbc][0x9][0xd7][0xbb][0xa8][0xae]&[0xb3][0xb2][0x87][0xfa][0xd1][0x84]N;[0xcd]A[0xc9][0xc]Qy[0x93]W1[0xa3][0xfa][0x1b]e[0xb][0x80][0x5][0x9d]N][0x0]y[0x83][0xfc]n/[0x9e]*[0xdc][0xc8][0x9c]^+[0x84]M[0x91][0xb6];[0x13][0xb5]7[0xc9][0xd4][0x98]^[0xa3]}[0xa6]H7[0xd9]a[0xeb][0xac][0xa2]&[0x0][0xb2][0xa6]ya[0xc9][0x9e]N[0x87]F[0x9a]Z[0x9a][0x1a] [0xea]x[0xe4][0xcb]lP[0xfd]B[0xb0][0xf6][0x87][0xba][0xdb][0xd4][0xd4][0x94].gt[0x80][0xdc][0x8d]X[0x1d][0x85][0xd6]wDu:[0x9a]$[0xd4][0xa1]F[0xe6][0xf4]Z@g[\n]"
17:11:38.742 [main] DEBUG org.apache.http.wire -  << "Zb[0x0]m[0xe2][0x11]N4[0xa9][0x15][0x5][0xa9])[0x99]%[0xa9][\n]"
17:11:38.742 [main] DEBUG org.apache.http.wire -  << "NFN[\n]"
17:11:38.743 [main] DEBUG org.apache.http.wire -  << "[0xc9][0xf9]y%[0xa9]y%[0x88][0x9]%3[0xfa]%[0xb][0xd0][0xd8][0x5][0xd4][0xd5]H[0xfb]qP[0x83][0x16]k#[0xcf][0xc4][0xc8][0x84]^I[0x0]T$A[0xdd][0x88]<[0xbc][0x81][0xea]H[0xc4][0x80][0x8]4[0xea][\r][0xc1]+[0xbe][0xe8]Qm[0x9a][0x82][0xe][0x93][0x83]:[0x90][0x9c][0xa5][0x5][0xa8][0x1e]y9{[0xf7][0xb3][\r][0xd3][0x9f]n_[0xfa]dW7[0xe4][0x18]u[0xa8][0x87][0x8c],@[0xbd][0x1e][0xba]x[0x8]t[0x8e][0x19][0xd4]C8[[0x8a][0xe4][0xf8][0x14][0xea][0x13]S#[0xba][0xe5]J[0xa4][\r]|[0xd4][0xd9][0xc5]i[0x8]2[0x91]>[0x91]@[0xdd][0x86]Jn~QA[0x86]BRjq[0x89]n~[0x9a]nRQjj[0x8a]B"
17:11:38.743 [main] DEBUG org.apache.http.wire -  << "[\r][\n]"
17:11:38.743 [main] DEBUG org.apache.http.wire -  << "E7A[\r][\n]"
17:11:38.743 [main] DEBUG org.apache.http.wire -  << "[0xaa]nnbQvj[0x9][0xe8]([0x1a]h[0xdc][0x98][0x19][0x82].[0xd4][0xa3][0x8f][0x7][0x11]M[0x18][0xdc]K[0xeb][0x8][0xb7]Ca[0xe]7[0xa1][0xcf]}l[0xa6][0x96][0xa6]H[0xbb][0x1b][0xdf],ix;[0x3][0xf3]<z[0xd2]g[0x16],A3[0xa0]t[0x9]v[0xd0][0xbe][0x13]h[0xe6][0xbe][0xb1][0xfe]f[0xfb][0xcd][0xd6][0x1b][0xcb]o[0xb6][0x15]gd[0x16][0xa5]b[0xc][0xbe][0xe1][0xaf][0xa6][0xcc][0xc1][0x8d][\n]"
17:11:38.743 [main] DEBUG org.apache.http.wire -  << "[0xfa][0xb8][0x19][0xd1]z[0xa1][0xc2]bA[0xbc][0xb][0xdc][0xa1][0xc9][0xc9][0xdc][0x90]^[0x83][0x18][0xe0]5[0xfe][0xd0][0x8]!u*[0x2][0xa9][0xce][0x86][0xba][0xdb][0xc2][0x12]4[0xb3]A[0x9f]H![0xb8]@[\r]}N[0xdc][0xd8][0x90]^[0xdb][0xcc]MA[0x17]>@[0x3][0x95][0xac][0xa5]f[0xa8][0x95][0xf2][0xeb][0x9d]-o{z^m[0xd9][0xa2][0xf0]jS[0x3][0xe8][0xf2]9[0xd4][0x83][0x8c]@#[0xf5][0xf4][0x9]r[0xc4]|9|[0xa4][0x6][0xd5][0xa5]8[0x9b][0xf]&t[0x1b][0x3]1[0x5]E24[0xec][0xc9][0x9c][0xd5]G[0xab][0xab][0xa1]i[0xdb][0xcc][0x94]^[0x9b]2LA[0xd3][0xd7]P/[0x10][0x9a][0x8]'[0xb2]b[0xb5]0[0xa6]_[0x9]OL[0xc5][0x8a][0xb1]f[0xdd][0xc8][0x1c]4[0xe7]L[0x97]d[0xc]Zo[0x6][\r]]l[0x83][0x11][0xa8])[0x1a]s[0xc1][0x9a]9[0xb8][0xb3]E[0x1f][0x97]"*[0x1e][0xa4][0xb2][0x16][0xd5][0x81][0x84][0xb]mh[0xfa]5[0xb7]0[0xa1][0xd3][0x16]\S[0xd0][0xa4][0x11]4[0x84][0xf1][0xd6]v[0xa8]>[0x81][0xef]+[0x86]:[0xd8][0xd0][0x80]^'[0x0][0x99][0x82]6[0x14]B[0x1d][0x8c][0xbb][0x93]G[0xf4]N[0x1c][0x13]z-[0x0][0x2][0xef]0[0x84][0xba][0x9b][\n]"
17:11:38.743 [main] DEBUG org.apache.http.wire -  << "[0xf5][0xc]Q[0x3][0xdf][0xd0][0xc8][0xb1]0[0x3][0xd5]q[0xf4][0xc9][0x5][0x88]j[0x7]>:[0x8d][0x9a]r[0x10][0xcd]t[0xfc]3[0xd1][0x16]t[0x9b]O05A[0xc]f[0x93][0xd3]WE[0xf5][0x1f][0xbc][0xb6][0x85][0x6][0xbe][0x89][0x19]h[0xad]%}[0x2][0x9f][0xba][0xfd]@[0xcc][0xea][0xc][0xea]%3[0x3]P[0xa5]G[0x1f]/[0x11]SAQ6[0xa3]`nB[0xb7][0xb2][0x16]i[0xef]/b[0x16][0x17]5[0xf9]`v[0xb4][0xa0][0x81]nj[0x9]ZAH[0x97]@G[0xda]g[0x8a]}Z[0x1c][0xd5][0xc9]h[0xf3][0xea]P[0xf7][0x9a][0x18][0x82][0xc6]9[0xe9][0xe3]^D[0xf7][0x82]`[0xb9][0x8f][0xea]t[0x82][0xca][0xa1][0x9e]16[0x4]U[0x93][0xf4][0xf1][0xc]br[0x93]`Q[0x89][0xea][0x19][0xa2][[0xd0]PO[0x19][0xd2][0xed][0x10]%[0xf0]$[0x0][0xb4][0xee]#[0xaa][0xe2]B[0xf5][0x18]QZ[0xa0][0x9e]22[0xa0][0xd7][0x2]&S[0xd0][0xc6]M[0xa8][0xa7]p[0x8e]}[0x82]&[0xe][0x89]<[0xd5][0x4][0xea][0x1]sS[0xd0][0xc4]0}[0x92][0x1a][0xa2][0xbe]@l[0x9c]E[\r]z[0x94]IK[0x13][0xb][0xfa]\?nji[\n]"
17:11:38.743 [main] DEBUG org.apache.http.wire -  << ":[0xb0][0x11][0x1a][0xb6][0x88]\[0x80]k][0x17][0xaa][0x93]I[0xdf][0xcd][0x3][\r]yccz-4E[0xda][0xd2][0x8a]{[0x1][0x15][0xb2][0xc][0xcc][0x89][0xe6][0xf4][0xda][0x1f]e[\n]"
17:11:38.743 [main] DEBUG org.apache.http.wire -  << ":X[0x4][0x1a][0x3][0x88][0xa5][0x8d][0xa8]![0x8d][0x10][0x87]:[0xcf][0xc4][0x98]^[0xdb]@LA[0x8d]*[0xa8][0xf3]([0x9f][0xa5]4[0xb7][0xa4][[0xa1][0x1][0x1a][0x0][0x82][0xba][0x1b][0xde]RD[\r]U[0xb8]04P-[0xe8]t[0xa4][0xbb][0xa9]%[0xf8]8Z[0xa8][0xe3][0x10]q[0x8b][0xea]:[0x84]8[0xd4]y&[0xc6][0xa0]r[0x90].[0xe5][0x95][0x5][0xe1][0xf2][\n]"
17:11:38.743 [main] DEBUG org.apache.http.wire -  << "Q[0x8e]A[0x9d]gn[0x2]Z[0xb]M[0x1f][0xe7]![0xda][0xaa][0xa4][0x96]Y[0xc8][0xb3][0x1a]P[0x87][X[0xd0][0xad]g[\n]"
17:11:38.743 [main] DEBUG org.apache.http.wire -  << "[0x9a]-[0x84]F;f[0xf3][0x13]5[0xfa][0xb1]MXC[0x1d]ll[0x6]Z[\r]A[0x97][0x90][0xb6]D[0x1a]kIU[0xf0][0xcf][0xc9],K[0xcd],J[0xc4][0x98][0x94] z[0xb8][0xc5][0xc2][0x8c]nC[0xe1]H[0xeb][0x10][0x11]Y[0x9]5[0x8c][0xc9][0x1a][0x1d][0x80]F[0x82])[0xfd]r#[0xa8][0x99][0x2]M5[0x88])uT[0x9f][0x10][0xdd][0xbc]63[0xa2][0xd3][0xce][0x8]S[0xd0]"E[0xa8][0xab]Q6[0x84][0xa1]:[0x9c][0xe4][0xa6][0xb4]!h[0xc][0x81][0x1e]i[0xdf][0xc][0xe9]py\[0xc1][0x8e][0x10][0x87][0xa6][\n]"
17:11:38.743 [main] DEBUG org.apache.http.wire -  << "33[0xd0][0x91][0x80][0xf4]q[0x1e]b[0x0][0x8][0xe7][0xd9]>[0x88][0xd2][0x11][0xff][0x10][0x90]![0xdd][0x8a]@3[0xd0][0xbd][0x91][0xd0]d[0x81]8>[0x1c]5M[0x90][0xdd][0xae]45[0x3][0xb5]f[0xe9][0x12][0xfa][0xa0]3?[0xa0][0xde] k[0xb5][0x19][0xaa][0x8f][0xe1][0xb][0xd0][0xa1][0xc9][0xc8][0xc4][0x92]>[0xb7]A[0x9b]Z[0x9a][0x81][0xa6]T[0xa1][0x1e][0xa1][0xf9][0xc6][0x9]CC[0xd0][\n]"
17:11:38.743 [main] DEBUG org.apache.http.wire -  << "C[0xba][0xc4][0xf][0xd2][0xe9][0xf5][0xf0][0x11]t[0xd4]0[0xc7];[0x6][0xf][0x8d][0x7]s3z[0x1d]#[0x0].[0x97][0xa1][0xf1][0x0]o[0x97][0xa2]:[0x18].[0xc]u[0x9c][0x91]%[0xbd][0xba](fF[0x88]q[0x1f][0xec][0xd3][0xae][0xa8].%e[0x18][0xc1][0xd4][0x10]tD[0xc]}[0xd2][0x4]b[0xc0][0x87][0xea][[0x7]P[0x3][0x0][0xa3]^02[0xa6][0xd7]@[0xae][0x19][0xd2]B1[0x9c][0xf5][0x2][0xf6][0xb9]\c[0x3]z[0xad]32[0x3][0xad][0xd8][0x82][0xa6]v[0x1c][0xb]ZP[0x3][0x14][0xb3][0xb5][0xc][0xcd][0x4]f[0x86][0xf4]:[0xbe][0xc5][0xc]i[0x89][0x11]h[0xb0][0x89][0xd2][0x13][0xd4][0xc8]3[0x3][0xea]ms[0xf0][0xb8][\r]]r[\r]hC[0x16]4[0xaa]H[0xaf][0x98]Qc[0x11][0xcb][0xfc]6[0xdd]2?hy#[0xd4][0x1b][0xa8][0x8b]gQ[0x9d][0x88]*[0x7][\r]m[0xb]s[0xd0]@=}B[0x9b][0xb4][0x92][0x16][0xef][0x16][0x1b][0x13]3[0xd0]*X[0xfa]8[0x9b]nE+[0xb1]=[0x1d][0xb]:[0xdd][0xba]fji[0x6]*5[0xa1]I[0x8b][0xe8][0xee][0xc]j[0xaa][0x83][0xcf][0xe0]B[0x13][0x9c][0x89][0x11][0xdd][0x1a]JH[0xb][0x83][0x8][0xaf][0xfb][0xc0]2PjB[0xb7][0xd3][0xd6][0xcd]@U(4[0x9c])[0xab]4LM[0xcd][0xe9][0xb4]P[0xde][0xcc][0x18]1T[0x85]s[0xb1][\n]"
17:11:38.743 [main] DEBUG org.apache.http.wire -  << "[0xd1][<L[0xe8]51i[0x86]tW[0x0]1[0xbd][0x2][0x9c][0x13][0xd8]&[0xe6]t+[0xe0][0x91][0x16]0![0xba][0xbd][0xc4]Md :[0xa2][0xd0][0xfc]gn[0x1][0x1a]=[0xa6]K[0xc9][0x89]4SM[0xf9][0x92][0x8][0x9c]+[\r][0xcd][\r][0xe8][0xd6]3[0x6]U[0x95][0xd0]\[0x8a]h[0x6][0xa3][0x16]w[0xc4][0x96][0xe1][0xc6]t[0x9b][0xd9]6[0x3][\r][0xad]C][\r]/[0x8c]Q[0x1d]Mt[0xd1][0xe]MC&[0xe0][0xf3][0xbb][0xe9][0x93][0x86][0x10][0xc3][0xf5][0xd8][0x86][0x8d]Q[0xfd][0x81][0xa3][0xe8][0x84][0xba][0xda][0xd0][0x18][0xd4]4[0xa7][0x8f][0xab][0x11]E#[0xf4][0xf8][0x16]T[0x87]B[0x5][0xa1][0xe][0xb3]0[0xa7][W[0x1c]i[0xce][0x10][0xef] [0x1][0xaa]s[0xf1]*[0x85]z[0xc2][0x10]|[0xe3]!]B[0x17]t[0xc7]54A[0xc3][0x7][0xe]P[0x1d][0xc][0x17][0x86]:[0xce][0xd8][0x14][0x94]u[0xe9][0xe3]8[0xc4][0xb4][0x2][0xf2][0x84][0xc][0xaa][0xfb]0JeCszM[0x1b][0x9b][0x81][0xda][0x7][0xd0][0xd0][0xc3]Ym[0x13]=[0xe9]ad[0xc][0xea]C[0xd1]#`MA[0xfb]m[0xa0][0xee][0x86]/[0xf4]G[\r]Ub[0xcb]^#[0x3][0xfa][0xed]'Et[0x1e]p[0xcd][0xd4] [0xc4][0xa1][0x89][0xd5][0x10][0xdc][0x1d][0xa7]O[0x98]"[0x6][0xda][0x83][0xf3][0xf3]*[0x15][0xf2]J[0xb3][0xb3][0xb3]1[0xa6][0xc0][\n]"
17:11:38.743 [main] DEBUG org.apache.http.wire -  << "r[0x12]+[0x15]2[0x12][0x8b][0x15]r2s3[0x91]wo[0x19][Z[0xe2]9j2[0xb6]V[0xa7]Z[0xc9][0xd3]E[0xc9][\n]"
17:11:38.743 [main] DEBUG org.apache.http.wire -  << "[0xb4][0xaf][0x16][0xb1]:[0x92][0xe8][0xca][0x6]5rQ&Z[0xa0]!edD[0xb7][0x5][0xc3][0x6][0x88]z[0x8]1=[0x8c][0xea]B[0x94]e.[0xe6][0x16][0xa0][0xa9]-[0xfa]D"[0xa2][0xb2][0xc1]][0xe2]`[0x8c]OX[0x18][0x81][0xa6]+[0xe8][0xe2]@C[0x3][0x1d]%h[0xce]EZ][0x8f][0x1a]x[0xf0][0x9d]m[0xb0][0xa8]5[0xa6][0xdb][0xe6][0xb][0xd0]1[0xaf]P[0xe7][0x11][0xb3]R[0x11]>[0xe6][0xe]u[0xa9][0xb9]1[0xbd][0xba].[0xa6][0xa0]k[0x8][0xa0].[0xc5]>:[0x82][0x1a][0xa6]X.[0xb3]42[0xa0]W[0xeb][0xdf][0x14]t[0x8] [0xd4][0xb1]8[0x7]k[0xe1][0xed]QhXZ[0x98][0xd1][0xcf]y[0x88][0xc][0x8d][0xa8][0x8d]Q[0xc3][0xf]![0xe]u[0x9e][0x91]1[0xa8][0x18][0xa0]O[0x9e]Adj\[0xe5][\r][0x91];[0x81][0xcc][0xcd]@gV[0xd2][0xc5][0xd1]H3S[0x84][0x7]\H[0xde][0xb4]jd@[0xaf]1?[0xf0]A[0xc4][0xd0][0xb4][0x8b][0xa3]O[0x81][0x9a]R[0xc8][0x9a]'[0x85]&*s[0xb][0xba]%*P[0x1b][0x13][0xea]-x)[0x86][0xea][0x11][0xb8]0[0xcc]qt[[0x93]`[\n]"
17:11:38.743 [main] DEBUG org.apache.http.wire -  << "Z[0xbd][0x1]u[0x1c][0xb4]{[0x84][0xea]4[0xa2][0xdb][0xa4]&[0x96]t[g[0x8d]4yH[0xb0][0xf1][0x89][0xea][0x1b]x[0x13][0x16][0x1a][0xd0][0x16][0x86][0xf4][0xba]I[0xc1][0x14]t[0xe8])4[0xa0][0x89][0x9a][0xcd]Du8[0x96]J[0xc5][0xdc][0x12]t`5]J[0x18][0xa4][0xc1];[0xc2][0xc3][0x1][0xd8]T@[0x83][0xdb][0xd0][0x14][0xb4][0xfc][0x8b].NF[0xba][0xea][0xc]y[0x8c][0x19]5T[0xd1][0x9b]?f[0xe0]aJ[0xfa][0xb8][0xf][0xd1]aE[0x9d]!Bu![0xaa][0x1c]4[0x18][0x8d][0xc]A[0xbe][0xa3][0x8b]3[0x91]:[0xfd]d[0x95][0xb6][0xa8][0xbe]A_[0x95]baJ[0xb7][0x9e][0x4]h[0xf9][0xb]4[0xfb][0xe1][0x1d]WAu0[0xf6][0x96]),[0x1a][0xcc]A[0xab]/[0xe9][0x13][\r][0x88][0x3][0x92][0x8][0x8e][0xed][0xa3][0xfa][0x0]{[0x2][0x2]/[0x9a][0xa2][0x8f][0xcb][0x11][0xd3][0x8f][0x94][0xe][0xde][0x9a][0x1b][0xd1]m[0xb7][0x17][0xe8][0xf8]_hjA[[0xd9][0x80][0x1a][0xba]h[0x92][0xd0][0x84]aA[0xbf][0x1d][0xb5]f[0x88][0x1e]>[0xe6]P=[0xaa][[0xc9][0x99][0xc][0x80]z[0xc8][0xc8][0x8][0xb4]f[0x9f]>[0xe9][0x5][0xd1]A[0xc0][0xd5][0x2]G[0x88]C[0x9d]ga[0x1][0xea][0xa2][0xd1][0xc7]y[0x88][0xe][0x2][0xa2]o[0x8f][0x1a][0xce][0x94]mi[0xb4][0xb0][0x4][\r][0x16][0xd3][0xc5]/H[0xf7][0xb4][0x90]z[0xa8]>r[0x95][\n]"
17:11:38.743 [main] DEBUG org.apache.http.wire -  << "[0x8d][0x4]3[0xfa]mrD[0xba][0xb8][0x5]s[0x19][0xf]jd [0xf6]jB[0x9d]I[0xc7]#[0xcd]@GA@[0xb][0x11][0xac][0x87][0x1f][0xe2][0xad]\[0x8c][0x8d][0xe9]5;a[\n]"
17:11:38.743 [main] DEBUG org.apache.http.wire -  << "jFB[0xdd]I[0xef]Ulf[0xe6][0xa0][0xc5]e[0xf4]I[0xed][0x88]1a[0xb4]R[0x1b]5[0xc5][0xa0][0xf][0x8e][0x98][0x98]Y[0xd0][0xe9]f[0x1f][0xf0][0x1a][0x2]hD[0x10][0xb3]([0x12][[0x9f][0xc0][0x0]4[0x18]@[0x9f][0xf0]D[0xd4]<h[0xc7]2[0xa2][0x85]'[0xae][0xa3][0xee][0xcc]LA3[0xd5][0xf4]q+R[0xa5][0x92]Z[0xae]p[0xb3][0xf5]f[0xff][0x8d][0xcd]7v[0xde]l,[0xcb][0xcc][0xc9][0xc1]<[0x11][0xb][0xfb][0x2][0x5]h[0x1]b[\n]"
17:11:38.743 [main] DEBUG org.apache.http.wire -  << "[0xbe][0x81][0x90]>[0xce]FT6[0xa4].@[0xa0][0xb0][0x12]2[0xa6][[0x85][\n]"
17:11:38.743 [main] DEBUG org.apache.http.wire -  << ":[0x8e][0x6][0x9a][0xe6]I[0xad][0x84][0x90]F[0xb5][0xa1]qca[0x1][0xba][0x4][0x9a].q[0x3][0xba]#[0x6][0xea]nBu[0x10]Y[0x1d]'[0xa8][0x8f]L[0x8d]A[0x3]4[0xf4][0xf1][0x11]R[0x8f][0xd4]][0xc1][0xdc][0xdc][0xd4][0xd4][0x4]cN[\n]"
17:11:38.743 [main] DEBUG org.apache.http.wire -  << "ko[0xc2][0xd8][0x8][0xb4][0xe4][0x9f]>nD[0xf4][0x83][0xb0]V[0xa9][0xe8][0x3]i[0xa6]&t[0xeb]`[0x82][0xb6][0xa1]B[0x13][0x4][0xee][0xb3]m[0xa8]^[0xbf]B[0x93][0x89][0x91][0x1][0xe8]^[0x7][0xfa]D[0x1][0xa2][0x1e][0x85]W[0x95][0xa8]%>[0xd2][0xbc][0x3][0xdc]y[0xa0]6[0x6]][0x9c][0x87]t[0x9][0x3][0xf1]C[0xdd][0xa8][0xee]G[0x1f][0x15]27[0xa3][0xdb][0xde]y[0xa4][0xd3][0xfb][0xb1][0xa6]o[0xbc]MFC[0xb][0xd0]"[0x3][0xfa][0x84]2"[0x11][0xe0]<?[0x1][0xad]U[0x0]M[\n]"
17:11:38.743 [main] DEBUG org.apache.http.wire -  << "fft[0x1b]&[0x6]m[0xc2][0x85][0xe6]H[0xec]5:j[0xb4]cW[0x3]u[0xb6][0x5][0xf8][0xb0]8[0xfa][0x84]-[0xa2][0xd6]GL[0x85][0xa1]:[0x95][0xf4]e[0xf3]Po[0x18][0x9a][0x81][0xf2][0x7]=[0xbc]a[0x6]Zo[0xc][\r]}B[0x15]$[0xa6]<[0xd4][0xb9]ff[0xa0]=[0x9f][0xf4]q.[0xe2]N3R[0xdb]!X:[0xc3][0xa6][0xf4][0xdb][0xe6][0x85]t[0xe6];j[0xed][0x8c][0x9a]d[0x88][0x9e][0xc7]15[0x0]u[0xaf][0xe9][0x13][0xe6][0x88][0xda][0x1c]g)B[0xc9][0xa8][0x95]9[0xbd][0x86]R[0xcc][0x90]VI[0x91][0xd9]s[0xb3]0[0xa5]W7[0xd3][0xc]4[0xf1][0x9][0xcd][0x99]$[0xc][0x85]c4[0xad][0xcc]A[0xdb][0x99][0xe9][0x93]N[0x10]%"[0xb6][0xc9]%[0xd4][0x84][0x8e]c[0xe6][0x18]Z[0xa2][0x18][0x83][0x17][0xe2][0xd1][0xc5][0xd5]H[0xeb]o[0xc8][0xdb][0x99][0x85][0xea]/"[0xd7][0x1d]X[0x18][0x82][\n]"
17:11:38.743 [main] DEBUG org.apache.http.wire -  << "[0x4][0xfa]x[0x10]Qd[0x92][0xdb][0xd4][0xc2][0xec][0xc2][0x19][0x9b][0x81]6B[0xd3][0xc7][0xfd]Dtx[0x90][0xf][0xa8][0x81]&![0x13]c3|[0xeb][0xef] [0x8b][0xef][0xc]M[0x8c][0x90][0xb6][0xf][0xa4]'[0xe6]f[0xe6][0xa5]c[0xf4][0xa6][0xd2][0xf2][0x8b][0x14] R[\n]"
17:11:38.743 [main] DEBUG org.apache.http.wire -  << "[0x5][0xa5]E[0x5][0xf9][0xc5][0xa9][0xc5]J[0xb5]H[0xeb][0xf7][0xcc][0x90].n[0x0]%!"O[0xa3]BM7$h[0x84]z[0xd0][0x98]n[0xab]K[0xcd][0x90]n}[0x80]O[0xcd][0xa3]:[0x1f].[0xc]u[0x9c][0x99]1h[0xdf][0x1d]}[0xd2][0x7][0xa2][0x91][0x8b]X-[0x8a][0xea]:,CpFtk)[0x9a][0x81][0x6]i[0xa0][0x5]9[0xca]:MT7f[0xe6][0x95][0xa4][0xa6][0x17]%[0x96][0xa4]*[0xe0]?[0xb2][0xc1][0x98]n[0xb]}[0xcc][0x90][0x16][0xa9][0xe1]k[0xb3][0x10][0x9c][0xea][0x84][0xa6][0x9]c3[0xba][0xad]3[0x7][0x1d][0x92][0x5][\r]r[0x12]V}[0xd2]qO1[0xd2]b#x?[0x16]5=[0x10]n[0xde]B[0x83][0xd5][0xc2][0x82]^[0xbd]v3#[0xc4][0x0]-rk[0x1a][0xd5][0xe1][0x98][0x95][0x85][0xb9][0x5]h[0x18][0x8e].[0x85][0x1]h[0x9d][0x10]4[0xe2]Ih4a?_[0xd3][0xcc][0x82]^[0x7][[0x99]![0xdd][0x3][0x81][0xb3][0x89][0x8d][0xbe]m[0xc3][0xc8][0x18][0xb4][0xea][0x83].[0xa1][\n]"
17:11:38.743 [main] DEBUG org.apache.http.wire -  << ":[0xdb][0x6][0x1a][0xaa][0xf0][0xf6]%j[0xa4]C[0x87]A[0xa0]I[0xd2][0x10]|[0xba][0x8]}[0x9c][0x86][0xe8][0x9c][0x10][0x9a]YG[0xf]@C[0xf0][0xaa]:[0xfa][0xb8][0x12][0xb1][0xbc][0x82][0x98][0x8e][0x7][0xa2][0x1e][0x83][0x6][0xa8][0xa9][0xa5][0x9][0x9d]f[0xb7][0xcc]@[0x16]A[0xe3][0x1a][0xf7][0x0])zuod[0x8a]w[0xb3][0x3]5[0x1b][[0xa0][0xab][0xae][0xa0][0xee][0xc3];A[0x88]R[0xd5]B[0x83][0xd1][0xd0][0x90]n[0x5][0x11][0xe8][0xb4]*[0xa8]3[0x11][0x93][0xdb][0xa8]y[0x86][0xa2][0x9][0x7]#P[\r]B[0x9f][0xb4][0x8b]([0xf4][0x9][0xaf][&[0xba][0xd6]2[0xb7][0xa4][0xd7][0x1c][0x10]xX[0x18][0x1a][0x15][0x4][0x9b]*[0xa8]1[0x84][0xda][0xea][0x81]&"SC[0xba]U[0xb][0xa0][0xf5][0x83]P[0x97][0xe3](w[0xe1][0xc2]P[0xc7][0x99][0x18][0xd1]m[0xdf]5([0xfe][0xa0][0x8e][0xc3]5[0x0]J[0xd9][0xf4][0xa6][0xa1][0x9][0xbd]6[0xe1][0x98][0x99]"[0xca]gPG[0x8c][0xd2]#^P6;[0x99][0x9a][0xd3]og-[0xa2]+D[0xcc][0x16][0x18][0xec]j[0xa0])[0xc9][0xcc][0x88]^[0xcb]&[0xcd]@[0x1b][0xe][0xa1])[0x9]w[0xb3][0x92][0xf8][0xb1][0xb][0xa8][0x7][0xc][\r][0xe9]5[0x1f]d[0x6][0xca]sP[0xf][0x90][0xb8][0xd2][0x9d]V3[0x8d][0xc6]f[0xf4][0xda]ag[0x6]:[0x87][0x9][0xea]yJ[0xbb]2[0x86][0x6]t[0xab][0xd5][0x90][0xe]_[0xc6]>[0xa3][0x84]Z[0x13][0x10]9[0xac]gfL[0xb7]a1[0xa4][0xb5][0xaf]dlT[0xa0][0xe4][0x4]T[0xb][0xf0]R4[0xba][0xb4]=[0x90][0xd6][0xcd][0x92][0xd5]ZB[0x8d]D[0xfc]c[0xce][0xe6][0xf4][0xab][0xd7]A#[0x93][0xb0],[0xb3]`[0xce][0x9b]y[0x13]_O[0x98][0xa3][0xf0]z[0xcd][0x96]7-[0xb][0x14][0xde][0xb4]My[0xbd]x[0xc5][0x9b][0xd6][0x19][0x18][0xe3][0x90]d[0xdd][0xb6][0x7]-[0xc]M[0x8c][0xe9][0xb5][0xc2][0xc2][0xc]i[0xbd]*[0x99][0xbb][0x99][0x89][0x1e][\n]"
17:11:38.743 [main] DEBUG org.apache.http.wire -  << "3[0x7][0xd5][0x1c]tI[0x88][0xa0][0xc9]6h[0x8c][0xe1][0xee][0x15]!V[0xce]CC[0xdd][0x88]nk[0xe7][0xc0]W[0xe0]@[0x1d][0x88]{[0xc4][0xb][0xd1]N[0x83]:[0xd0][0x84]~[0xc7][0x13]"-[0xb3]%[0xd4]Q[0xc7][0x94][0x87]:[0xd7][0xdc][0x12]4)F[0x9f][0x8]G[0xb4][0x8]1[0xe7][0xbd]I)V[0xc]-[0xe9][0xd6]][0x0]eqh[0x1a] [0xa3]J[0xc0]>0[0x1][\r]y#[0x13]z[0xad]s6[0x3]m[0x18][0x87][0xfa][0x2]m\[0xe]5[0xd8][0xd1][0xbb]>F[0x86][0xa0][0xfd]o[0xf4]I[0x1c][0x88][0x99]N2[0x8b]8,[0x8b][0xaf][0xe8][0xb6],[0xc8][0xc]4[0x8][0x2][\r][0xe1][0xa7]=[0xbb][0x9f][0xee]X[0x8d]Q[0xd5][0xd0][0xaa]YjfN[0xb7]69[0xe8][0xbc]y[0xa8]'I_[0x87][0x83][0x9a][0xd2][0x90][0xb]Th~[0xb0]0[0xa4][C[0xf]i[0xc5]"[0xae][0x91]$[0xcc][0x12][\n]"
17:11:38.743 [main] DEBUG org.apache.http.wire -  << "[0xe6]L[0xb]P[0xb1]K[0x97]<[0x1]Z[0x17][0x1][\r]o[0x12]F[0xde])i[0xd3][0x98][0x99][0x82][0xe][0xd9][0xa3][0x8b][0xe7]@]a[0xa8][0xe7][0xc8][0x1c][0xd3]@MQ[0x88][0x16][0xe][0xae][0x83][0xea][0xe0][0x11][0x8][0x9a][0xd1][0xa0][0x8f][0x1f][0x11]5[0x1e]|[0x3]([0xaa][0xab]q&3#[0x3]z[0xad][0x16]4[0x3][0x1d]}[\r][0x8d][0x9][0x94][0x11]^T[0x97][0x12]]*[0xc3][0x82][0xd9][0x4][0xb4][0xc][0x80]>[0xc1][0x8c]8U[0x8][0xf3][0xf4]DT_`[0xec][0xa0]34[0xa0][0xdb]P[0x12]hE[0x1f]4[0x9c][0xc9][0xea]+[0xa2][0xfa][0x4][0xcb][0x4][0xbc][0x89]%[0xbd][0xe][0xc7]2[0x3][0xcd]M@[0xfd]B[0xe2][0xf0][0xc][0xfa]<[0x87][0xa1])h[0xe9]/=[0xd2][0x89]9[0xe8][0x84][0x1f][0xa8][0xa3][0xf1]6[0x83]Pg[0xde]L[0xcc]Ak5[0xe8][0xe3]@[0x82][0xe5][0x5][0xbc][0x18][0x81][0xe6]2[0x13][0xba][0x1d]^mn[0x80][0xc8]e[0x84][0xa7]$P[0xd3]*[0xb6]I[0xe][0xa8][0x7][0xcc][0x8c][0xe9][0xb5]~[0xdf][0x1c][0xd4][0xd1][0x81]F?[0xa2][0xd7][0x86][0xea]P[0xc4][0xce]V[0xa8][0xf3][0xcc][0xc1][0xa7]Y[0xd2]%[0xf2][0x91]V[0xcd]a[0xef]7[0xa0]:[0x95][0xa8][0xee][0x8][0xd4][0x17][0x86]&[0xa0][0xe1][0x11][0xfa][0xf8][0x2]1yLVC[0x4][0xd5][0x93]xW[0xfd][0x1b]Y[0x82]&s[0xe8][0xe3]+D[0xc6]$4l[0x89][0xea][0x1][0xcc][0xfa][0x8][0x1a]%&[0x16][0xa0][0xd6]4}[0x1c][0x8f][0xd8][0xaf][0x88]H[0xdf][0xa8][0xce]D[0xe4][0x7][0xa8][0xf3]L[0xcd]A=[0x1a][0xfa]8[0xf]1[0x19]Jt[0x1b][0x3][0xd5][0xf5][0x98]=?c[0xba][0xdd][0x90]m[0xe][0xda]v[\n]"
17:11:38.743 [main] DEBUG org.apache.http.wire -  << "-U[0xb0]O[0xfe][0xa0][0xba][0x95][0xe8][0x9a][0x1f][0x0][0x0][0x0][0xff][0xff]"
17:11:38.743 [main] DEBUG org.apache.http.wire -  << "[\r][\n]"
17:11:38.743 [main] DEBUG org.apache.http.wire -  << "1186[\r][\n]"
17:11:38.743 [main] DEBUG org.apache.http.wire -  << "[0x9a]7[0xe1][0xcd][0xdc]-[0xaf][0xfb]gj*[0xe9]([0xc1]#[0x85]^'[0xf][0x9b]#[0xad][0xf6][0xa2][0xb0]~71[0x6][0xb5]/[0xe9][0x92][0x92]@3[0x1d][0xd0][0xa8][0xc0][[0xbf][0xa3][0xf]s[0x98][0x1b][0xd1][0xcf][0x89][0x88][0xe2][0x11]^[0x95][0xa3]&[0x10][0x9c]=[0x2]sC[0xd0][0xd0]=}[0x2][0x12]Q[0xdc]Qc[0xee][0x96]P[0x91][0x9]M[0xde]&&[0xf4][0xda]Mi[0x8e]t$[0x15][0xd6][0xb3][0xbf][0x90][0xe][0xaa][0x85]:[0xce][0xd8][0x10]t[0xac]5}B[0x1f][0xd1][0xd0][0xc2]=w[0xb][0x9f][0x17][0x84][0xba][0xcf][0xc4][0x82]^m[0xf0][0xdc];4[0x9b][0x91]Y`#[0xfa][0xea][0xf8][0x17][0xe6][0x9a][0x98][0x18][0xd3]i[0x8d][0x96]9[0xd2]:Lb[0x8a]qRZ_f[0x86][0xf4]K[0xd7][0x88]QTr[0xb6][0xf][0xa1][0x96]D[0xd8][0xb7]1[0x9a][[0x82]2[0xf]]2[0x2][0xd2]-A[0xd8][0x1b][0x82][0xa8][0xee][0xc5][0xae][0x6][0x9a]?L[0xcd]@C[0xf9][0xf4]q6bw[0x8][0x85]u[0xa7][0xa9][0x5]([0x8][0xe8][0xe3]h[0xc4][0x96][0x10][0x1c]s[0xba][0xa8][0x81][\r][0xaf][0xbd][0xa0][0xe1]knL[0xaf]3-[0xcc]A[0xdb] [0xa0][0xe5][0xf]dU[0x10][0xaa][0xcb][0xc8][0xab][0xb1][0xa0][0xde]02[0xa7][0xd7][0x99][0x9f][0xe6][0xc6][0x88]J[0x96][0xf0][0x16]ET/[0x12]\s[0x7][0xf5][0x8d][0xa9]9h[0x1f][\r]][0xd2][0xf][0xe8][0x80]2h[0xa4][0x90][0xd5][0xc4]E[0xf5] )[0xc5][0xab][0xb1]%h[0x9c][0x9c]>[0x9e]D[0x14][0xaf][0xd0]1"Tg[0xa3]7,[\r][\r]ACNtq[0x1a]([0xf7]A[0xc3][0x1f][0xf7]l:[0xfa][0xd8][0x9b][0x89]%[0xbd]v2[0x9a][0x83][0xba][0xea]P[0xf7][0x11][0xdd][0x9]5[0xa7][0xdb][0xbd]S[0xe6]H+/[0xe1]%[0x1b]j[0xdc][0xe2]([0x15][0xa1]9[0xcd][0xc4][0x4][0xd4][0x80][0xa0]OL#[0xba][0x10][0xd8][0x8a]?[0x8c][0x11]n[0x13][0x13][0xfa]E2[0xa2]HC[0xde]>[0x88][0x1a][0x90][0xd0][0x6]74[0xe0],L[0xe8][0xb5][0xe0][0xc4][0xdc][0x14][0xb1][0x94][0x13]w[0xbb][0x9a][0xe4]5[0x91][0xe6][0x16][0xf4][0x9a]#[0x7]/[0xcd][0x81][0xe6]![0xbc][0xeb][0xf4]1[0xc7]C[0x8c]L[0xe9]u&[0xb7]9[0xa8][0x9b][0x4]u$[0xad][0x9a][0xa0][0xa6]t;[0xbb][0xd8][0xdc][0x14]18E[0x85][0xe1]L[0xb2][0x8c][0x80]f[0x14]3[0xfa][\r]R[0x80]F[0x99][0xa0]Q[0x88]X[0x85][0x9a][0x89][0x11][0xe2]P[0xe7][0x99][[0xd2][0xeb]<;[0xf0][0xd9][0x6]P[0xe7][0x11][0xd5]N@u9[0xf6][0xde][0x1d][0xd4][0x17]&[0x16][0xf4]:[0xee][0xd3][0x1c][0xb4][0xd3][0xc][0xea][0xb]Dw[0x18][0xd7][0xd4]5[0xaa][0x17][0x8][0xab][0x87]z[0xc7][0xc8][0x12][0xb4]&[0x97].[0xb5][0x12][0xd2])[0xc3]8jJT?[0xe0][0x1c][0xe6][0xa2][0xe3]([0x10][0xd2][0x1a]s[0x82]-jT[0xd7]c[0xdf][0xc5]b@[0xbf],[0x80]([0x96]HX[0x19][0x82][0xbf][0x83]L[0xb7]+[0xab][0xcc][0x91][0x96][0xb3]"[0xca][0x11][0xd4][0x0]F[0x88]C[0x93][0xb2][0x99]9[0xdd]Z[0xf9]H[0xb]Sq5U[0x11][0xe2]0[0xe7][0x99][0x82][0xa6][0xef][0xe8][0x92][0xd3]@%[0x14][0xb4][0xe0][0xc0][0xb5]x[0x89][0xac][0x85][0xdd]P[0x9f][0x98][0xd3]m[0xdf][0xa1]9h![0x15][0xd4]'[0xb8][0x9b][0x8b][0x4]s&[0xd4][0xdd][0xa6][0xe6][0xa0].(}b[0x0][0xd1][0xcc]E[0xb4][0xb6]Q[0xd3]/[0x91]C[0xde]f&f[0x16]xn[0xb4][0xa2][0xe2]&Os[0xd0][0xf0][0x17]4[0xb0][0xa9]8}ol[0xe]Z[0x9]B[0x9f]PG[0xc][0x8b]#*@[0x1c][0xe3][0xc7][0xa8][0x91]AP94[0x9][0x99][0x98][0xd2]kE[0xae]9[0xd2][0x8a]\[0xb2][0x1a][0x85][0xa8][0x1e][0x84][0xe]F@[0xbd]ah[0x1][0xaa][0x8c][0xe9][0x13]'H[0xf5][0xd0][0xd6]9[0xaf]{[0x1a][0xde][0xce][0x9c][0x2][0xda]x[0xf1]vJ[0xcf][0xeb][0xf9]k^m[0xdf][0xa1][0xf0]f[0xea][0x12][0x5][0x10]oA[0xc7][0x9b][0xb9][[0x14]^/_[0xf2][0xb6]k[0xc7][0xeb]ek[0xdf]t-[0xc1][0xb2]Bv[0xd5][0x93][0x1d][\r][0x88][0xe9]N#[0x13][0xd0][0x1a]A[0xfa][0xf8][0x3]1[0xb0][0x83]{[0xf4][0x4][0xa3]N2[0xb4]04[0xa2]S[0xee][0x5]-[0x16][0x80][0xe6]^[0xb2][\n]"
17:11:38.743 [main] DEBUG org.apache.http.wire -  << "w[0xd4][0xf4][0x82][0xed],)h[0xe2]11[0xa6][Ef[0x81]H<[0xb8][0x3][0x1d]Y[0x6][0xea]D3K[0xd0]D/][0xd2][0x5]hi[0x1a]4[0xd8][0xa9][0xb8][0xa5][0xcd][0xdc][0xc]t[0xfa][0x3]}<[0x80][0x18][0xf3][0xc0][0xb6][0x8][0xb]5Y[0xa0][0xcf])[0x1a][0x99][0xd2]k[0xb7][0xb0]9hk%4[0xa0][0x91]F/P[0x9d][0x87]$[0x1]M[0x9][0xa6][0xa6][0xa0]At[0xfa][0x4]$b[0x11][\r]Ik[0xb][0xc][0xe9]w[0xba][0x1d][0xa8])[0x1][\r]C[0xa4][0xf9]k[0xd4]0[0xc4][0xda]q12[0xa2][0xcf][0xa4][0x87][0x99][0x81][0x1]h[0xee][0x10][0xea][0xc6][0x1b][n[0xac][0xb9][0xb1][0xfc][0xc6][0xce][0xe4][0x8c][0xd4][0xe2][0x92][0xd4]"[0x8c][0xea] [0xb5],?[0xa7],U!5--3935[0xaf]D!/[0xb5][0xa4]<[0xbf]([0xbb][0x18][0xa9][0x86]0[0x2][0xed][0x94][0xa5]}[0xfc][0x9b][0x19][0x18][0x99] [0xda]|[0xaf][0xfb][[0xde][0xcc][0xc1][0xac][0xbe][0xe0][0xc2][0xd0][0xc4]iB[0xa7][0xb5][0xf4]f[0x6]F[0xe6][0x88][0x92][0xf4][0xf9][0xfc][0xcd]O[0xb7][0xcf]}>[0xa7][0xe7][0xd9][0xb4][\r]O[0xd7][0xed][0xda][0xb3][0xeb][0xd9][0x8a]U[0xcf][0xe6]M[0xb7]|[0xb2][0xa3][0xf1][0xf9][0xec]uFF[0xcf][0xa7][0xae]2[0xb4]x[0xda][0xbf]][0xe1]q[0xd3][0xfa][0xc7][0xcd]k[0x1e]7[0xed]|[0xdc][0xdc][0xf1]l[0xe7][0xfa][0xa7][0xeb][0xd6][0x99][0x9b][0x98]c[0xc4][0x82]kIF^~N~z)[0xe8][0xb0]x[0x98][0xcf],@[0xa3][0xf9][0xf4][0x8]vcP[0x1]Ddz[0xf1]p[0xc]T0[0xb5]4FJ[0x1d][0xe0]UL[0xf4]q&"[0x2]n[0xac][0xbb][0xb1][0xe2]f[0xd7][0x8d][0x8d][\n]"
17:11:38.743 [main] DEBUG org.apache.http.wire -  << "7[0x96][0xdf]l[0xba][0xb1][\n]"
17:11:38.743 [main] DEBUG org.apache.http.wire -  << "\[0xd5][0xae][0xbf][0xd9][0x85][0x11][0xb0].[0xe6][0xc6][\n]"
17:11:38.743 [main] DEBUG org.apache.http.wire -  << "[0x96][0x8e][0xbe]H[0xce]5[0xa2][0xcf][0x15]af[0x6][0xe0][0xb]6[0xa0][0xa1]jb[0xa6]kiii[0x89]y[0xe0][0xf9][0x83]u[0x1b][0x1e][0xac][0xdb][0xf7]`[0xdd][0xbc][0x7][0xeb]{[0x1f][0xac][0x9b][0xf5]`[0xdd]~[0x84]SM,A[0xd3]Mt[0x9]Y[0xa4][0xcb]RMM,[0x8c][0x15][0x1e][0xac][0xeb]|[0xb0]n[0xd5][0x83]uK[0x1e][0xac]o[0xb0]n[0xfb][0x83][0xf5][0xbd][0x10][0xa1]%[0xf][0xd6][0xad][0xb0]n[0xea][0x83][0xf5][0x8d][0xf][0xd6][0xad][0x3];|[0xc3][0x83][0xf5][0xbd][0xd6]1y[0xf][0xd6][0xb5][0x82][0xc4]A[0x82]K[0xc0]^Y[0x1][0xe6][0x82]d[0x15][0x8c][0xcc][0x8c][0xcc],-0[0xa2][0x86][0x86][0x16]As[0x90][0x85]!h3[0x0]}[0x2][0x10]1[0xb1][0xff][0xb4]u[0xf5][0xf3][0xbe][0xee][0xa7]k'<[0xdd][0xd1][0x84][0xe1][0xe9][0xc4][0xf4][0xf4][0xa2][0xd4]t[0xd0]ayE[0xa9][0x89]9[0xba]%[0x99][0xb9][0xa9][\n]"
17:11:38.743 [main] DEBUG org.apache.http.wire -  << "[0xa9][0xba][0xc9][0xf9][0xb9][0xb9][0xa9]E[0xc9]H[0x99][0xdf][0xd0][0x90]>k[0x89][0xcd][0xc][0x8c]A[0x93][0xd7][0xd0]dZ[0x92]X[0x94][0x9e]Z[0xa2][0x90][0x94][0x93][0x9a][0x9a][0x92][0x99][0x97][0xae][0x9b][0x9a][0x92][0x9e][0xaa][0x90]V[0x9a][0x97]\[0x92][0x99][0x9f][0x97][0x98][0x93]Y[0x92][0x99][\n]"
17:11:38.743 [main] DEBUG org.apache.http.wire -  << "[0xaa][0x17]P+;cS[0xb]P[0xc2][0x86][0x5][0xba][0x19]h4[0x9f]>[0x81][0x8e][0xa8]-R[0x8a]2[0xcb]R[0x15]0[0x7]vsSK2[0xf2]S@E+6[0xa7][0xfb][0xa4]&[0x16][0xe5]e[0xe6][0xa5]+[0xa4]d[0x16]'&e[0xe6]d[0x96][0x80].[0xcb].*F[0x8a][0x8][0xb]3P[0xeb][0x94]>[0xde]A[0xb4]"o[0xb6][0xde]Xs[0xb3][0xe5][0xc6]z[0x85][0x9b][0xcd]7V[0xdd]X[0x81][0x91][0x8c][0xcc][0xcc][0x8c][0x15][0xc2][0x83][0xfd][0x10]e[0x85][0xa9][0x11]h[0xdd]=}[0x9c][0x89][0x18]![0x80]l)s[0xc9],H[0xcd][0xcb]O[0xcf]/[0xca]W[0xf0][0xcb][0xd7]S073[0x8a][0xc9][0xb]I[0xcc][0xcb]*[0xcd]KOJ[0xcc]I[0xcc][0xd4]Q[0x8][0xe]V0[0xb7]07[0xb7][0xc4][0xf0]G[0xa0][0x87][0x82][0xa1][0xa5][0xa5][0x2]r[0x1]mF[0xa7][0x9d]*[0xa0][0x94][0x8f]hm>[0xdb]4[0xed][0xf9][0x8e][0x96][0xe7]sz[0x9e][0xee][0x9a][0xf3]d[0xc7][0xda][0xa7];[0x9a][0x9e][0xee][0xdc][0xf1][0xac][0xb3][0xdb][0xd8][0x0]R[0xa3][0x1b][0x83]*tcP[0x85][0xfe]t[0xce][0xfc][0xa7][0x13][0x9b]^6[0xaf]x[0xdc][0xb4][0xfd]q[0xf3][0xe2][0xc7][0xcd][0xab][0x1f]7/06[0x1][0xe5][0x0][0xd4]|A[0x15]#[0xa1][0x99][0xca][0xd8][0x80]>K[0x94]@[0x81][0x82]T[0xc9]n[0xbc][0xd9]uc[0xf9][0xcd]6[0x8c]h32[0xb3]04Q[0xb8][0xb1][0xfc][0xc6][0x8a][0x9b][0x1d][\n]"
17:11:38.743 [main] DEBUG org.apache.http.wire -  << "7v[0xde][0xec][0xba][0xb1]^[0xc1][0xa9](1/9#&[0xcf]/[0xbf][0xa8]$C[0xe1]f[0xcb][0xcd][0x8e][0x1b]knv[0xdd]l[0xd3]Q[0x8]sT042[0x3][0x87][0xd0][0x0]x[0x7]1[0xe6][0x80][0xd2][0xc8]B[0x8d]+|[0xd5][0xb0][0xa1][0xa1][0x81]!=[0xc6][0x1f][0xcc][0xc][0x8c][0x91]V[0xb9]?[0xd9][0xd1][0xf9]t][0xeb][0xd3][0xcd][0xdb] [0x8c]gs'b[0xc4][0xc2][0xdb][0x9e][0x9][0xaf]vt[0xbc][0xda][0xb1]A[0xe1][0xcd][0xc2][\r]o[0xe6]M|3{[0x2][0xa2]@03[0x5]m[0xbf][0xa5]K[0x81][0x0][0x1a]'[0x80]V [0xa0][0xe6][0xc1][0xfa]&P[0xbb]a[0xdd]~p[0x3]`[0x1f][0x86][0xab][0xfd]#[0xa3]t[0x8d][0x91][0x1b][0x90][0x16][0xa6][0xf4]Y[0x9b][0x0][\n]"
17:11:38.743 [main] DEBUG org.apache.http.wire -  << "_[0xc4][0xa2][0xe][0x13]c[0x1d][0x85][0xa4][0xfc][0xd2][0x9c][0xd4][0xb2][0xc4][0xa2][0x14][0x85][0xa0][0xd4][0xf4][0xbc][0xcc][0xd4][0xa2][0x98]<KsCcS[0x5][0xa7][0xd2][0xcc][0xe2][0xe2][0xfc]<[0xdd][0xe2][0xd2]"]_,[0x9d]&[0xd7][0x94][0xcc][0x92][0xfc]"[0x1d][0x5]P[0xbd][0x9d]Y\[0x9c][0x99][0xf][0xaa]D[0x10]aoL[0xa7][0x8d]@ [0x1f]![0xaa]@|[0x95][0x19]jj[0xc7][0xa7][0x12][0x9a]C[\r]M@]1[0xfa]$[0x1f]D[0xb5][0xe7][0x9e][0x98][0x97][0xae][0x10][0x90]X[0x9c]Y[0x94][0x9d][0x9f][0x95][0x8][0xae]M[0xcc][0xc]b[0xf2][0xbc][0xf3]K[0x12][0x15][0x1c]Sr3[0xf3]2[0x8b]K[0x8a][0x12][0x8b]3[0x15][0xbc][0x12][0xb3][0x13][0x8b]J[0x12][0x15]BK[0x12][0x8b][0x12]u[0x14][0x82]C[0x15],[0x8d]-ML1[0x12][0xdb][0x83]u[[0xc1][0xad][0xea][0x15][0xe0]6[0xe9][0x12][0x10][0x1b][0xd4][0xa0]][0xf9]`[0x1d](aB[0xfd]jdA[0x9f]e[0x1b][0xa0][0xe8][0xa2]b[0xdd][0x19][0x92]_Z[0x94]Y[0x9c][0xab][0x90][0xf][0xea][0xba][0x83][0x13])[0xdc]?t[0xab],@[0xbb]z[0xa1]Y[0x1f][0xd1]1DMl[0xd4][0xac][0x6]M[0x8c][0xe9]WT [0xaa]A[0xb2]k;[0xd4][0x80]()J[0xcc]+N[0xcb]/[0xca]U([0xc8])M[0xd7]M[0xcc]K[0xd1]-[0xc8]I[0xac]T([0xcb]/*I[0xcc][0x1][0xb5][0xab][0xa1][0xf1]gfilN[0xa7][\n]"
17:11:38.743 [main] DEBUG org.apache.http.wire -  << "[0x7][0x94]P[0xa0][0xf1][0xe7]rxeYjN~AAji[0x91]B[0x8a]zbAANfr"[0xa8][0xe1]_[0xac][0x90][0x9b][0x9f][0x94][0x99][0x83][0xa5][0xe9]O[0x9c][0x1e][0xa8][0xb7][0x8c]M[0xe9]ss[0x80][0x99][0x81]1[0xd2][0xa9][0xc4]D[0xd4]HX[0x95]@[0x1d]ma[0x8]2[0x8b].[0xe5] [0xd2][0x82][0xeb][0xf0][0xd4][0xe2][0x12][0x85][0x9b][0x1d]7[nv[0xdd]l[0xc4]([0xd4][0x8][0xd4]>[0xa6]t[0x9a][0xc3][0x7][0x85]3[0xa2][0xf6][0x9].[0xcd]KO[0xcc]T[0x8]H[0xcd]+[0xcd][0xc0]p[0xb1][0x85][0x99][0xa5][0xb9][0xb1][0xc2][0xcd]&[0x90][0x87][0xc0]m[0xc6][0x80][0xfc][0xa2][0x92]b[0x5][0xc7][0x82][0x12]=[0x5]ss[0xa3][0x98][0xbc][0x1b][0x9b]o[0xb6][0xdd]X~[0xb3][0xb5],3[0xb5]\G[0xc1]1H[0xc1][0xd0][0x2]u[0x90][0xc9][0x94]>[0x8b]>@~BTGE[0xa9][0x99]ye[0xa0]1[0xd1]T[0xdd][0xa4][0xd2][0xe2][0xcc][0xbc][0xd4][0xe2]b[0x85][0xd2][0xe2][0xd4]"P^E[0xcd][0xdb][0xc1][0x89][0xa0][0xd9]O[0x5][0xf7][0xc3]+[0x8b][0x12][0x8b]RR[0x12][0xf3][0x10][0x8d][0x1]sc[0xfa][0xac][0xe][0x2]9[0x1d]Q[0xbb] w[0xac]P[0x9d][0xea][0x94][0x9f]W[0x92][0x8][0xbe],[0x2][0x9a][0xc4][0xcd]-[0xe9][0xb3][0xfd][0xc7][0xcc][0xc0][0x18]4![0x3]-n[0x82][0x13]s2s[0x13]1[0x93][\n]"
17:11:38.743 [main] DEBUG org.apache.http.wire -  << "J#[0x1d][0xee]B[0xd0]-[0x8e]t[0xc9][0x84][0xa0][0xe3]@[0xa0].[0x84][0x8d]k[0xa0][0x6][0x1f][0x81][0xcc]gb[0x2][0xda][0xc0]O[0x1f][0xa7]"2[0x1f][0xbe][0x6][0x1d][0xaa][0xf3][0x89][0x1d]'[0x81][0x86][0xbc][0x89])}[0xf6][0xbb][0x81][0xd2][0x6]"[0xdf][0xe1]o[0xb5][0xa1]z[0x8][0xbf]Z[0x98]7[0xcc][0x8c]L[0xe8]T[0xa3]"[0x1d][0x9f][0xed][0x95][0x98][0x93][0x98][0xa7]@[0xc1][0xe8][0xc8][0x83]u+[0x1e][0xac][0xdb][0x4]n[0xba]nz[0xb0]n?[0xb8][0xf5][0xda][0x81]T[0xb2][0x98][0x81][0xe6]y[0xe8][0x93][0xd6][0x10][0xad]!H[0x94][0xfc][0x8e][0xa9][0xb1]1[0xdd][0x6]eAGvA33[0xd6]:[0x1e]=%[0xad][0x80][0xd1]w[0x85]& #[0x3][0xd0]j][0xba][0x4]5h[0xcc][0x1f][0xea]h\e$[0xe5][0xb3]OPo[0x99][0x18][0x80][0x82][0x88]>[0xde]Bl[0xd7][0xa3]R{[0x1a]cj[0xc7][0xd4][0x10]tM[0x1a]}|[0x83][0x18][0xee][0xb5]i[0xef][0x9b][0x8e][0x99][0x18]M[0x1e][0x2][0xf5][0x84][0x99][0x11][0xdd][0x86][0x95][0x91][0xb6][\n]"
17:11:38.743 [main] DEBUG org.apache.http.wire -  << "[0xe0]*PP3[0xc2][0x9b]yK_/X[0xf2]v[0xea][0x8c][0xd7]]S[0x14][0xde]v[0xac]y[0xbd][0xaa]U[0xe1]M[0xd3][0x9a]7[0xb3]V[0xbe][0x99]7[0xe1][0xf5]d[0xd0][0x9c],,[0xfd][0x18][0xd3][0xcf][0x17][0x88][0x12][0xc8][0xd2][0xdc]P!2[0x1c]4[0xa7][0x87][0xea]n[0xe7][0x8c][0xa2][0xcc][0xe2][0x92][0xcc][0xc4]<[0xe4][0xe1]{s[0xba][0xcd][0xa3][0x80]J[0x8]h[0xc6][0x5]m[0x8e][0xf4]/)[0xc9]W[0xf0],[0xce]N[0xcc]KI,J[0xc9][0xcc]K,[0x81][0xc]hX[0x1a][0xc6][0xe4]E[0xe6][0xa7]WBF0t[0x14][0xbc][0x12]s[0x93]2[0x15],[0xc],L[\r]1[0x12][0x11][0xc6]X[0x99][0xa1][0x9][0xdd][0xba][0x86][0xa0][0xbb][\r][0xa1][0xde][0xc1][0xde][0x12]"r[0xb2][0x8][0x9a]T,[0xcc]A[0xd7][0xa5][0xd2]%s[0x82][0xd6][0xe5]A]N\[0x7][0x15]5[0x19]A[0x9a]H[0xc5][0xa9][0x89][0xb9]9[0xa0][0x6]jejRb[0xe]J[0xff][0x9c]N[0x97]o[0x9a][0x19][0x18]#[0xad][0x9d][0xa7][0xfa][0xd8][0x18][0xbe][0xde][\r],[0xd2][0xe8][0xb4][0xb3][0x12][0xe4]SDk[0x96][0xd8][0xb9]}[0xdc][0xea][0xa0][0xce]73[0x1]-[0xd9][0xa0]O[0x9a]Ct[0xbd]JR[0x8b]21rrRbFb[0x9e]BqbnRb[0xe][0xa2][0x5]g[0x8][0xba][0xc4][0x16][0xa7][0xfb][0xe0]7[0xf5][0x81][0x82][0x7]1U[0xf5][0xb4]u[0xcd][0x8b]U[0xbd]O[0xf6][0xcc]z[0xb1][0xa2][0xe3][0xe9]b,G[0xa0]b[0xc8]C[0x83][0xc3][0xc4][0x98]>[0x7][0xfa][0x82][0x9c][0x8b]([0xad])n[0x5][0x93]a[0x0][0xcc][0xc3]&[0xa0]2[0x19]g[0xf8]Rm[0xdd]7[0xc8][0xc3][0x88]i&"[0x1a][0xc8]X[0x95]@[0x1d]mnhlF[0xa7][0xbe][\n]"
17:11:38.744 [main] DEBUG org.apache.http.wire -  << "[0xd2][0xe][0x11]DM[0x83]Z[0x18][0xa2]-f[0x80][0xba][0xd1][0xcc][0x2]t[0xd9][0x12]][0x2][0x16]i[0x9b][0x8][0xd6]I:T[0xe7]b[0x1b]=04[0xa4][[0x1f][0x16]i[0xd3][0x8][0x8e]f![0xfa][0xc8][0x1e]4@[0x8d][0xe9]t[0xa6][0xa4][0x99][0x81][0xb1]9b[0xe][0xc]_[\r][0x80][0x1a][0xae]T[0xa8]|`>5[0x5][0xf5][0x90][0xe9][0x93]t[0x10]U[0xca][0x9b][0x96][0x8d][0xaf][0x9b]V[0xbc][0xe9][0x9e][0xa3][0xf0][0xa6]c[0xc6][0x9b][0x5]S_m][0x83]QD[0x13][0xd7]V[0x80]y[0xc3][0xc][0xd4]>[0xa2][0x8f]7[0x10][0x3]#[0x88].[0xf]j[0xf4] [0xc4][0xa1][0xce]3[0xa3][0xdb]ZScsD[0xcd]G[0xfe]0/[0xaa]w[0xd0][0xc6][0x92][0xa1]~[0xb2]0[0xa7][0xcf][0xbe][0x11]P[0x1e]![0xbe][0xb6][0xa5][0xe6][0xf4][0x96][0xa9][0x11]}[0xce][0x85][0x6][0xf9][0x10]QA[0x13][0xd1][0xdd]C[0x8d][0x1e]\[0xbd]Hh<[0x19][0x99][0xd1][0xad][0x8f][0x2][0x9a][0xb7][0x85][0xb6][0xf4][0xb1]/[0x86]@u[0xb8][0xb1][0xa1][0x81][0xc2][0x83]u;Acj[0xa0][0xd1]4[0xd0][0x2]F[0x85][0x7][0xeb][0xda]![0xe3]j[0xe0][0x5][0x8d]S[0x1f][0xac][0xdb][0xfc]`}/h=[0xe3][0xe][0xf0][0xb8][0xdb][0x86][0x7][0xeb][0x1b][0xc0][0xfe][0x9d][\n]"
17:11:38.744 [main] DEBUG org.apache.http.wire -  << "[0xaa]}[0xd6][0xf7]*[0x98][0x19][0x19][0x19]X[0x1a] [0x9a]pf[0x86]t[0x9b][0x92][0x4][\r][0x82]C}[0x8b]V-[0xa3]z[0x93][0xfc][0xde]'4[0x6]ML@]([0xba][0x14]n[0xa0][0xf3]/[0xa1]~[0xc2][0xb9]F[0x16]I[0x2][0xea]@S[0x13][0xfa][0x1c][0xd2]gf`[0x8c][0xb4]%[0x88][\n]"
17:11:38.744 [main] DEBUG org.apache.http.wire -  << "[0x95] ZDQ[0xbe][0xdc][0x1][0x16] [0x86][0xa0]aC[0xfa][0xc4][0x18][0xa2][0xfd]@[0xd1][0x1a][0x1a][0x12]5C=jl[0x8][0xca][0x5][0xf4][0xf1]([0xa2][0xf9][0x10][0xa5]`hb[0xa9][0x10][0xec][0x84][0xd1]f[0xa0][0xfd][0x1a]f3C[0xba]-[0xc4][0x1]m[0xfd][0x86][0xe6]ED[0x83][0x2]5[0xc5][0x92]=t[0xb][0x8d]>[0xb]#[0xba][0xcd]5Z [0xda]%[0xc4]O[0x8f]y[0xf8][0x84][0x1a][0x18][0x9b][0x82][0xd6][0xa9]B[0x1d]lD[0xa7][0xbb][0xf8]@%[\r][0xa2][0xd1]A[0xd5][0x8a][\n]"
17:11:38.744 [main] DEBUG org.apache.http.wire -  << "5[0x6][0xf1]u=[0xcd][0xc][0xe9][0xd6][0xa8]E[0xde][0x95][0x8][0xdf]Q[0x82][0xea][0xd2][0x80][0xd2][0x12][0xf0]@[\n]"
17:11:38.744 [main] DEBUG org.apache.http.wire -  << "4&[0xcc][\r][0xe8][0xb3][0x7][0x1a][0x14][0x13][0x88][0xce]<[0x19][0x83][0xf][0xa8][0xbe] [0xa2]u[0x5][0xf5][0xa0]1[0xdd][0xe][0x83]6[0x3][\r][0x8b]As:[0xf1]'1[0xa1][0xfa][0xb][0xf9]l'[0xa8][0x7]L[0x8d][0xe8]3*`ji[0x6][0xaa][0x4][0xa0][0x1e] t[0x6][0x0][0xaa][0xb3]Am#[0xd2]/IEx[0x90].[0xb][0xb3]@[0x1e]D[0xd4][0xb2][0xf0][0xdb][0xbf]Q}B[0xce][0xb1]OP[0x98][0x1b][0x19][0xd3][0xe9]<[0x4]3[0xa4]R[0x18][0xb4]B&[0xbd][0x8][0xb4][0xf5][0x85][0xaa][0xc7][0x9][0x18][0x99][0x83][0xd6][0x1f][0xd3][0xbe]E[0x0][0x8a][0x14]D[0x9]Mx[0x9b]o[0x84][0x87][0x82][0x91][0xa9][0xb9][0xb1][0x19][0xa2][0xab]`l[0x4][0x1a]{[0xa1][0x8f]K[0x11][0xdd];[0xe8]Ap[0xa8][0x89][0x7][0xfb][0x6]UK[0xba][0xdd]%[0x3][0xba][0x8d][0x2][0x9a][0xa9][0xb8][0xe3][0xdb][0xd4][0x92]>[0xfd]gSK3K[0xc4]t6[0xfc][0xb8]G[0xd4] [0xa6][0xd5]Md[0xa6]F[0xf4][0x19][0xd4][0x6]y[0x12]1[0xcb][0x1d][0xe4][0xac]``nd[0x84][0xd1][0x0]&[0xeb][0x14]RX1D[0xa7][0x9d]b [0x9f] [0x8a]S[0xf8][0xe9][0xa1][0xa8][0xd1][0x85][0xf7][0x80]'[0xa8][0x83][0xcd]L[0xe9]u[0xc6][0xa3][0x19]h[0xb2][0x14][0x9a]A[0xd0][0xe][0x88]Fu6[0xce][0x1b]'M-[0xe9][0xb3][0xda][0xd6][0xd4][0xd2][0x1c]4[0x89][0x5]u+[0xd6][0xc2]&[0xa9](1/[0x5][0xb4][0xc5][0xae][0xa4](3[0xa9][0xb4]$5E[0xa1]$5[0x19][0xb2][0xdf][0x19][0xb2])[0xf][0x1a][0xbc][0xe6][0x86][0xa0][0xf3]A[0xe9]Q>[0x9a][0x83]v[0xf4]@[0x9d]L[0xea]1=[0xc4]7[0x98]`[0xde]25[0xa4]S[0xab][0xc1][0x1c][0x14][0xe5]Po!j[[0xcc]M[0x91]A[0xfe][0x9e][0x18][0x19][0x19][0xe3]n[0x12]Cc[0xd0][0xe2]p[0xfa][0xc4][0x6]b[0x84][0x9b][0xb4][0xd6][0x1c]![0xd5][0xb0][0x18]0[0xa7][0xcf]^(P^@4[0x11]p[0xdc]P[0x89]q[0xbe][0x8d][0xb9][0x19]h[0x8][0x9d]>[0x1][0x8d][0xe8][0xd8]`[0x16][0x1c][0xa8][0x5][0x8b][0x89][0xb9][0x99][0xae][0x8f][0x9b][0xa3];R[0xf3][0x85][0x8e]w[0xe9] j[0xd7][0x97][0xcb]f>[0xdf]9[0x5]#[0xb9]z[0xf8](X[0x9a][0x1a][0x98])[0xb8][0x7]#[0x1c]hfD[0x9f][0x81]gSKs[0xd0][0x89]D[0xd0][0x8c][0x86][0xfb]L5ha[0x8]K[0x84]&[0xa0][0xd1]j[0xba]D3[0xe8][0x9c][0x11][0xa8][0xeb][0x90][0xbb]i[0xa8][0x11]L[0xb8][0xdc][0x83]:[0xdc][0x98]nw[0xdb][0x9b][0x1b]"[0xc6]lp[0x7]+[0xb1][0xd5][0x89][0xb1][0x5]}[0x8e]-[0x1]%[0x7]D[0xbe]"[0xa7][[0x86][0x1a]1[0x98]9[0x13][0x1a][0x11][0x86][0xa6]t[0xbb]"[0xf]4JG0[0x5][0xa1][0x1f]ddjD[0x9f]U[0xd6][0xa6][0x96][0xe6][0xa0]%[0x12]P[0xf7][0xa1][0x94][0x4][0xa8]![0x89]"[0x5][\r]DS[0x13]Ps[0x85].[0xd9][0x10]T[0x1a]A[0x1d][0x89][0xab][0xf9]L[0xd4][0xc9][0xba]P[0x97][0x9b][[0xd0][0xab][0xf5]i[0xe][0x1a][0x1e][0x80][0xba][0x1c][0xc7][0xe8][0x3][0xee]DJ[0xa7]1DP"@[0xe4]:[0xe8][0xd1]|[0xa8][0xd1][0x8f]v[0x82][0x14]4[0x18][\r][0x8d][0xe8]vO[0xc][0xe8][0xc8]rh0"j}T7[0xd2][0xaa][0x97]hl[0x4][0x1a]a[0xa5]K2[0x7][\r][0x1a]@}[0x9][0x19]-[\r][0xcf][0xcf][0xcb]O[0xac],[0x5]o[0xdf]5[0xb0][0x8c][0xc9][0xf3]M[0xcc]KL[0xc9][0xd7]Q[0xf0][0x6]o[0xf9][0x1][0xed]>RpJ,J,Q031[0xb7][0x4][0x8d][0x8f][0xa0][0x6][0x9][0xe9][0x97]^Cc[0xd6][0xdc][0x82]n[0x17][0x8c]!md[0xa2][0xc2]A[0x81][0x88][0x3]f[0xa1]>12[0xb7][0xa0]W[0x97][0x1]i[0xc3][0x13][0xa1][0xd6]4j4AnE[0x80]:[0xd8][0xd4][0x4]4OJ[0x9f][0xe4][0x86][0x98][0x96][0xc3]y[0xfe][0x1a]j[0xcb][0xcb][0xc4][0x94]^WQ[0x9b][0x83][0x6][0xc0][0xa1]y[0x1]^;[0xa2][0x6][0x1b]\[0x18][0x1a]r[0x86][0xa6][0xf4][0x99][0xdf]3[0xb5]47A[0xb4][0xae][0x90][0xe][0xf9]Cu[0x1e][0xda][0x8d][0x7]PG[0x9a][0xd2]i[0xa7][0x11][0xc8][0x91][0x88][0xe][0x14]f[0x1d][0x83][0xea]VLy[0xa8]s[0xcd][0xe8]tf[0x8f][0xa9][0xa5]9[0xa8][0x89][0x9][0x8d]pH[0x86]@u"[0xce][0x8b]I[0x8d]M[0xe8]s^[0xf][0xc8][0x89][0x88][0xde]5[0xe1]Qk[0xe4][0xfe][0x2]44-[0xc][0xe9]vV[0xa9][0x19]"[0x85][0xe2][0xe8][0xf7]!%\[0xa8][0xf3]L[0xcd]L[0xe9][0xb2][0xb7][0xf][0x14][0x92][0x88][0xb4][0x9][0x9a]G[\n]"
17:11:38.744 [main] DEBUG org.apache.http.wire -  << "O,[0xca][0xcc]K[0xcf][0xcc][0x3]Wt[0xe6][0x86]1y[0xd0][0xad][0xb5]:[\n]"
17:11:38.744 [main] DEBUG org.apache.http.wire -  << "N[0x89]9[0x99][\n]"
17:11:38.744 [main] DEBUG org.apache.http.wire -  << "F[0x86][0x6][0xc6][0xa0]s[0xf2]PS[0x4]9[0xfd][0x3][0xa8]OM[0xe8][0xb4][0x93][0x18][0xe4]SD[0xd3][0x8a][0xda][0xb7]$[0xd3]k[0xff][0x9f][0xa9][0xa5]9[0xd2],![0xa9][0xc3]a[0x84][0xd5]C#[0xc5][0xcc][0x82]n[0xb9][0x3]i[0xad][0x14][0xf6][0xeb]5[0xd0]R[0xda][0xb6][0x95]o6[0xad]}[0xdd][0xb4][0xe2]u[0x8b][0xc2][0x9b]"
17:11:38.744 [main] DEBUG org.apache.http.wire -  << "[0x19]K[0xde]4m[0x0]-[0x80]}[0xdb][0xda][0xf3]v[0xfa][0x92]"
17:11:38.744 [main] DEBUG org.apache.http.wire -  << "[\r][\n]"
17:11:38.744 [main] DEBUG org.apache.http.wire -  << "2000[\r][\n]"
17:11:38.744 [main] DEBUG org.apache.http.wire -  << "[0xd7][0xf3][0x1a]^[0xed][0xd8][0xa1][0xa0][0xf1][0x6][0xc7][0x1d][0xb8][0x16][0xf4][0xd9][0xb4][0xe][0x8a]$[0xc4][0xd0]<i[\r][0x10]P[0x16]$*[0xd7][0x84]>[0xcb][0x90]A[0x1e]D4X([0x1f][0xd4]01[0xa3][[0xbb][0x1e]i9[0x10][0xe1][0xb1]"[0xb4][0xa4][0xb7][0xa4][0xe1][0xed][0xc][0xd0][0xc1][0x15][0xd0]Lba[0x9]:[0x17][0x9f].[0xcd]C[0xa4][0x9]g[0xa4][0xba][0x2][0xd5]y[0xf0][0xba][0x5][0xea]<3[0x13]P{[0x9e]>[0xce]CT!X[0xfb][0xac][0xc4]LC[0x99][0x9a][0xd2][0xad][0xb1][0x8d]4OK[0xb8]DD[\r]d[0x8c][0x9][0x5]ssszU[0xd4][0xa0][0x13][0xed]a[0xad][0xb2][0xde][\r]/[0x96][0xee][0xc7]v[0x14]'bL[0x6][0x9a][0xc]L[0x8c][0xe8][0xb3][0x9f][0xde][0xd4][0xd2][0x1c]i[0xfa][0x18][0xc7]Ex[0xe0][0x13]m[0xd7][0xde]X[0xa1]p[0xb3][0xf5][0xc6][0xaa][0x1b]knlD[0x8c]s[0x9b][0x9b][0x81]Z[0xf2]tI[0xae][0xa0][0xb3]ra[0x1][0xb9][0x4]zo[0x0]j4[0xc3][0xc7][0x87]`[0x81]h[0xc][0x1a];[0xa4][0x8f][0xe3][0x10]5[0x7][0xb4][0xc3][0x87][0xea]4[0xac][0x8b][0x1c]L[0xe8][0xb4][0xa0][0xcf][0xd4][0xd2][0x2]4[0xd0][0x8][\r]<D[0xf][0x1f][0xd5][0x89][0xf0][0xc8][0x87][0x86][0x9e][0x99][0x19]h[0xcc][0x88][0x1e][0xa1]g[0x81]4[0x5][0x8a][0xc8][0x9]h[0xae][0x83]O[0xfa]C[0x9d]gj[0x0]*[0x10][0xe8][0xe3]<[0xc4][0xda][0x3][0xa4][0xa9](T[0xf7]Q[0xd0][0x96]63[0xa1]Wad[0x1][0xba][0x9c][0x14][0x9a][0xc]hu[0x3][0xad]1[0xdd][0xc6][0x8b],@G,@}[0x83][0xad][0xc3]KQ[0xa3][0xcc][0xcc][0x92]^[0x9d]b[0xf0]P:[0xd4][0x1b][0xc4]O[0xe8][0xa3][0xa6]>,]eCK[0xfa]l[0x9c][0x0][0x15].[0x88][0xae]2[0x99][0xd7][0xc3][0xa3][0xb7][0x82]LM@[0xc7][0x8f][0xd2]'s[0x13]h[0x5][0x91]uY[0xf][0xb4][0x8c]2[0xb1][0x4][0x8d]"[0xd0][0xc7][0x1b][0x88]Uv[0x98][0x17][0xed][0xa1]&[0x16][0xb2]F[0x89][0xa1]>235[0xa2][0xcb][0x1][0xb4][0xa6][0x96][0xe0][0xbe],4[ ._C[0xf5][0xc9][0xf3][0xd5][0xdd]O[0xb7][0xcf][0x85]4[0xa8][0xa0][0xe]44[0x3]uM[0xe9][0x12][0xe4][0xa0][0x19]P[0xa8][0x3]q6[0xef][0x11]-U[0x1c][0xb]Ma[0xce]66[0xb7][0xa4][0xc7]NkP[0xb8]"[0xc6][0xe0][0x88]Y[0xef][0x88]][\r][0xd4][0xd9]&&[0xf4][0xd9][0xc6][0xf]r6[0xa2][0x90]A[0x9b]LCM[0x13][0x94][0xe4]W3cz[0xb5][0xba]-@[0xeb][0xb0][0xa0][0x89][0x87][0xd4][0x9a][0x18]k[[0xd2][0xd8][0xd8][0xd8][0x98]^[0x9][0x8]Q[0xd4][0xe0]jK[0xe2][0xb8][0x10][0x14][0x9a]jL[0xe9]6/k[0x1][0x9a]_[0x85][0x6]3Q[0xf3][0xdb][0xa8]i[0x9][0xfb][0xd0][0x16][0xd4][0x17][0xc6]t[0x1b][0x8b][0xb6][0x0]U[0x86]P_[0xc0][0xfb]8[0xa8].E[[0x98][0x9]u[0xa2][0x5][0xdd][0x16][0x9b]Y[0x80][0xaa][0x5][0xa8][0x13]q[0xcd]/#[0xc4][0xa1][0xce]34[0xa0][0xcf][0x91]M[0xa6][0x96][0x16][0xa0]u[0xf9]P[0xe7][0x91]>[0xa7][0x8b][0x1a][0xd4][0x88][0xca][0x8][0xea][\r]cc[0xba][0xd5][0xf2]F[0x88]n&[0xb9]ME[0xc2][0xe3]gPoY[0x18][0xd0]k6[0xd0][0x2][0xb4]V[0x7][0x1a];h[0x93]~[0xa8]AOt[0xeb][0x12][0xea][0x5]cC[0xba][0xb5][0x81]A[0x15][0x7][0xd4][0xb][0xe4][0xf5];P}[0x8a]s[0xb2][0xce][0xc2][0x12][0xd4]Y[0xa6]K[0xfb][0x6]t[0xcc]-[0xd4]KdU[0xaa][0xa8]>[0x82][0xaf]u[0x87][0xc5][0x8d][0x11][0xc8]|[0xba]x[0x4][0xb4]x[0x18][0xea][0x11]D[0xe6]Eu[0x1d][0xe9][0x85][0x2][0xd4][0x1b][0xe6][0xe0][0x85][0xce][0xf4][0xf1][0x6]b%*[0xa2](E[0xf5][0x6]|[0x9d]/[0xd4]uF[0xf4][0x1b][0xc3][0x1][\r][0xb5]A[0x3][0x19]3[0xf1][0xa2][0xb9][0xb2][0xb5][0x15]1[0x82]hf[\n]"
17:11:38.744 [main] DEBUG org.apache.http.wire -  << ":[0x14][0x90].[0x1][0x8][0x1a][0xcf][0x82]:[0x11][0xf9][0x92]I4[0xc7][0xf5][0xec]~[0xba][0x3]t[0x92][0x15]4[0x8][0xcd]M[0xe8]V[0xba][0x83]F[0xfe][0xa1][0xee][0xc3]Q[0xcd][0x83][0x8a][0x16]"[0xa7]z[0xa1][0xce]73[0xa0][0xd7]8[0x86]9[0xe8],U[0xa8][0xf3][0x91];f[0xa8][0xc1]K[0xe6][0xb2],[0xa8]o,[0x8c][0xe8][0xd5][0xbb][0x3][0xdf]r[0xc][0xf5][\r][0x8e]]U[0x99]yy[0xf9]e[0xa0]=[0x84][0xf0][0xf3][0xf9][0xb0][0xef]%13[0x5]]iF[0x97][0x14][0xe]:[0x95][0x6][0xea][0xe8][0xa7]8'[0x1b][0x88]j[0x8]C[0x3][0xdc][0xc4][0x84]^wl[[0x80][0x2][0x9][0xe6][0xf6][0xd6][0xd5]O{[0x9b][0x9f][0xec]^[0xc][0xe9][0xda][0xa3][0xa6] [0xa4]!X[0xa8]#[\r][0xcd][0xe9][0xd6]RAZlO[0xf5][0xe5][0x92][0xa8][0xde]D/[0xca]M,@;[0xa5][0xe9][0x92][0x8a][0x90]na#[0xbc]J[0x7]}[0x11][0x99][0x91][0x11][0xdd]F[0xb3][0x91]n[0xfc][0xc0]=[0x9b][0x8d],[0x3]M/[0xc6]t:[0x88][0x15][0xd4][0xef]@[0xf4][0x95][0xc9][0x1a]vCM[0x13][0xe8]S4Ff[0xa0]n[0x17]][0xd2][0x4]h[0xd9]"4w[0x12]U~[0xa0]:[0x1c][0xfb][0xc2][0x1d]ht[0x18][0x99][0xd1][0xab][0x8a][0xb2][0x0][0x9d][0xbe][0x7][0xf5][0xc5][0x1b][0xaa][0xdf]^nL[0xbf][0xb2][0x12]4[0xd6][0x3][0xf5][0x7][0xc1][0x11]F[0xb4][0x98][0xe8]ix[0xb3][0xa0][0xe5][0xd5][0x96][0x89]o[0xa6][0xaf][0x5]-[0xc1]y[0xb3][0xa8][0xf5][0xf5][0xc2]9[0xaf][0xb6][0xae]Qx[0xd3][0xb4][0xe7]M[0xcb][0xc6]W[0x1b]7[0xbc]^[0x6]:[0x90][0xe][0x1a]9[0x16][0xe0]C[0xfa][0xe8][0x92][0xc4]@7;C=E[0xb8][0x93][0x8a][0xea]+[0xe2];[0xc3]0o[0x19][0x82][0x16][0x1b][0xd3][0xc7][[0x88][0x81]K[0x1a]t[0xa3],[0xe8][0xb6][0x0][0xc3][0x2]i[0xf][0x9]r[0xa1][0x8a][0x1a][0x13][0xd8][0x7]'[0xe9]tm[0x9d][0xa9][0xa5][0x5][0xd2]v[0x11]*[0x14][0xb8][0xf8][0xc7]1[0xcd][\r][0xe8]s[0xde][0x1a][0xc8][[0x88]E[0x90][0x88][0xc5],[0xa8]!OY[0xcb][0xda][0xc4][0xc][0xb4]S[0x8f].[0x19][0x2]i[0x93][0x6][0xf6]z[0x1][0xd5]_DU7[0xd0]lmb[0x9]*[0x19][0xe9][0xe2][0xb][0xd0][0xfe]phi[0x85][0xbb]3[0x9][0xef]9@[0xdd]gN[0xa7]#[0xc3]L--L[0x11]C[0x85]~[0xa1][0xce][0xba][0x96][0x6][0x98][0xbb][[0x8][0xad]q[0x84]:[0xda][0xc8][0x1c]t[0xf4]7}[0x2][0x15][0xb1]>[0x11][0xde][0xae]DM[\r][0xd8]f[0xba][0xcd]A[0x93])tq[0x1f]( [0xa0][0x91]N[0xb8]eLr[0xa5]djjH[0xa7][0xb3]p[0xc0][0xdb][0xa7][0xa1][0x1e][0xc1]>[0xc1][0x87][0x1a][0xea][0xa0]q[0x7][0xb2][0xd7][0xb7][0x1a][0x1a][0x81][0x86][0xad][0xe9][0x12]?[0xa0][0xd9]H[0xa8][0xb7][0xb0].i[0x84][\n]"
17:11:38.744 [main] DEBUG org.apache.http.wire -  << "B[0x13][0xb6]98[0x18][0xe8][0xe3]0[0x82][0x9][0x1b][0xf3][0x8c][0x1e]s[0x3][0xfa][0x1c][0x81]fji[0x81][0xb4][0xbe][0x96][\n]"
17:11:38.744 [main] DEBUG org.apache.http.wire -  << "[0xb5]&bV[0x10][0x1a][0xd0]F[0x86][0xf4]Z[0xc2][\r][0xde]v[0x7]M[0x1][0xd8][0x96]-[0xa2]&k[0xfc][0xd5][0xbb][0x89]1[0xa8][0xa6][0xa2]K[0xf2][0xb0]D[0xb4][0x11][0x89][0xa9][0x12][0xf1][0xcf]K[0x9a][0xd2][0xe7]"[0x1d]SK[0xb][0xa4][0x11]?[0x82];[0xe1]QC[0x9e][0xa0]rh[0xca]15[0x4][0xd9]A[0x8f]8[0xb0]DZ"[0x89][0xb2]Y[0x1b][0xd5][0xe1][0xa4]NA[0x99][0x98][0x83]F[0x9d][0xe9][0xe3][0x1][0xc4][0xfc][0x0][0xbc][0xdd][0x81][0xea]x[0xe4][0x86][\n]"
17:11:38.744 [main] DEBUG org.apache.http.wire -  << "4[0x80][0xcd][0xc]@[0x7][0xc5][0xd3][0xc7]}[0x88]e[0x94][0xa4]O[0xb7][0xa0]z[0x84][0xb2][0xb6][0xae][0xa1]![0xbd]F[0x91]-[0x91][0x16]\[0x92][0xda][0xa7][0x85]7[0x80][0xa0]1eb@?W#[0xd5]V[0xb][0xe6][0xbc][0x99]7[0xf1][0xf5][0x84]9[\n]"
17:11:38.744 [main] DEBUG org.apache.http.wire -  << "[0xaf][0xd7]ly[0xd3][0xb2]@[0xe1]M[0xdb][0x94][0xd7][0x8b]W[0xbc]i[0x9d][0x81]q[0xe][\n]"
17:11:38.744 [main] DEBUG org.apache.http.wire -  << "Y[0xbd][[0xa8][0xe7][0xcc][0xcc][0xe9][0xb5][0xfe][0xc9][0xd2][0x0][0xb1][0xe0][0xf]>[0x9e][0x86][0x9a][0xba]0[0x17][0xd0]A]in[0x2]jU[0xd3]'[0xb3] [0x6][0xe][0xc9]k|[0xa1]z[0x9][0xb2]>[0x16][0xea][\r]C[0xba][0x8d]Z[0x82]6[0xa4]A[0xab]c[0xa2]KNT[0x97][0x13][0x1c][0xdf][0x82]z[0xca][0x8]<cC[0x97][0xb8]A[0x9a][0xa9][0xc0]5[0x11]K[0xec][0xdc][0x90][0xb1][0x1][0xbd][0xe]\[0xb2]D[0x9a][0xba] [0xb3][0xf8]D[0x8d][0x18][0xd2][0xcb]phL[0x19][0x1a][0x83][0x86]a[0xe9][0x13]S[0x88]N0[0xde]E[0x83]h[0x92]P[0x87][0x1a][0x99][0x81]fB[0xe8][0xe3]PD[0x89]Kj=[0x81][0xa5]Gl[0x4]^[0xf7]F[0x1f][0x87]#V[0x93][0x92][0xba][0x8e][0x11][0xba]Q[0x6][0x1a][0xd8]f[0x16][0xf4]j[0xb6]Z"[0x1d][0xed][0x84]s[0xe1].[0xda]:$[0xa8]#-,[0xcd][0xe8][0xb4][0xfc][0xd9][0x12]4[0x14][0x0]-9[0x91]f<Q[0xb3] [0xce]S[0x7][0x8c][0xcd]@=a[0xfa]$[0x0][0xc4][0xc8]$[0xae]q&[0xec]#[0xc][0xd0] 52[0x6][0x1d]TA[0x17][0xa7]"-[0xa3]$[0xa6][0x97]E[0xc9]y[0xa2][0xc6][0x86][0xa0][0xcd][0x9f][0xf4][0xf1][0x15][0xa2][0xd9][0x8f][0xdc][0xbe]GM)[0xe8][0xb3][0xc9]F[0x96][0xa0][0x15][0x91][0xf4]q[0x1f][0xa2][0xd9]O[0x95]z[0x7][0xb1][0x84][0xb][0x9a][0x82],[0xc]A'_[0xd0][0xc7]/[0x88][0xfa][0x4][0xbe][0x9e][\r]5[0xa0][0x83][0x93]3S[0xf3]J2[0x8b]Kt[0x14][0xd2][0xf2][0x8b]R[0xf3][0x8a]3[0x93][0x11]k[0x9d]L[0xe9]t[0x85][0xb5][0xa9][0xa5]%[0xd2][0x92]J*T(&F[0xf4][0xda]4m[0x89][0xb4][0x90][0x12][0xf7],[0x13][0xb1][0xc3][0x7]FF[0xa0]s[0x17][0xe8][0x93]4[0x10]C8D[0xcd]X[0xa0]&[0x1b][0xc4][0xb6]Gh[0xa2]62[0xa6][0xd7]r[0xf]K[0xa4]e[0x14]x[0x6]>[0xb0]W[0x88]f[0xc6][0xf4][0xb9][0xec][0x5][0x94][0xa2][0x11]="[0xcc][0xe][0x1a]jhb[0x1b][0xf9][0x83][0x86][0xab][0x85][0x1][0xa8][0xff]G[0x97][0x14][0x81][0xb4][0xec][0x14]w[0xc1]LlG[0xc1][0x14][0xbc][0x84][0x9d]>[0xee]FT(T)[0xb0][0xc9]4[0x4][0x1a]a[0xa6]f[0xf4][0xda][0xe7][0xb][0xbe][0xf7][0x10][0xda][0xe4]"<[0xbb]C[0xb8]T[0x85]z[0xc0][0xcc][0xc][0xd4][0x9][0xa6]O[0xcc]![0xaa]'[0xbc][0x87]7[0xa0][0xe6][0x16][0xbc]U[0x96]![0xdd][0xce][0xa8][0xb4]DZ[0xff][0x81][0xf3]45[0xc2]}[0xc]h[0xa8][0x1b][0xd2][0xaf][0x5][0x8c][0xb4][0xf2][0x19][0xfb][0xc0]<jpc[0x14][0xf5]fF[0xf4]Zal[0x89]tV)[0xa1]E[0xda]x[0x1b][0xed][0xe6][0xe0][0x81]M[0xfa][0xa4]iD[0xff][0x2]4[0x10]F[0xe4][0xea]g[0xd4] G[0xea]@A[0x93][0x87][0xa9][0x9][0xe8]\[0xe][0xba]x[0x0]4[0xfe][0xf]-U[0x10][0x13]c[0xa8][0xee]#k[0xce][\r][0xea][0x13][0xb][0x13]z-y[0x0]_[0xc9][0x1][0xf5][0x9][0xe9][0x83]?[0xa8]>[0xc6]h[0xc4][0x9b][0x1a][0xd3]m[0xa2][0x7]i[0x99]=[0xf2][0xd8][0x9][0xaa][0x3][0x91]e[0xa0]!mnA[0xaf]+=,A[0x7]BAC[0x1a][0x94][0xe8]I[0x9f]zG[0xf5][0xc][0xde][0xbc]lj[0x6][0x9a][0xfd][0xa5]OV@[0xe4]e[0xdc]-"[0xc4][0x90]*4[0xdc]-[0xc][0xe8][0xb5][0xca][0xd5][0x12][0xd4][0x98][0x85][0x86];[0xa9]s[0x3][0xa6][0x86]ft[0xda][0xc1]mi[0x8a]h[0xa0]Q[0x9a][0xf][0x11][0xa3][0xeb][0xb8][0xae]f[0x80]F[0x82][0xa9]9[0xa8][0x9a][0xa3]K*AZY[0x5][0x9f][0x3]CM[0xcf][0xd8]ZgPw[0x9a][0x99][0xd0]m>[0x13]4[0x17][0x4]M,h[0xe3][0xc7][0xa8][0xae][0xa5]h^[0xc][0xbc]7[0x92]>[0xc1][0x8e][0x18][0x82]F][0xc4][0x89][0xea][0x1b][0xd4]Q[#[0x13]P[0x96][0xa1][0x8f][0xfb][0x10]#[0xcd][0xb8][0xf7][0xb6]`6[0xae][0xcc]A[0xcb]V[0xe9][0xe3]@[0xc4][0x8][0x0][0x9d][0xf7][0x86][0x98][0xd3][0xed][0xb6];K[0xd0]f=h[0xa2][0xa7][0xf1][0x84][0x9e][0xb9][0x19][0xfd][\n]"
17:11:38.744 [main] DEBUG org.apache.http.wire -  << "T[0xc4][0xd0][0x2][0xe5][0xdb][0x2]p[0xe][0xca][0x9b][0x19][0x81][\n]"
17:11:38.744 [main] DEBUG org.apache.http.wire -  << "n[0xba]$E[0xd0][0xc2]1h,[0x91][0xd9][0xfb]F[0xcd][0xf4][0x88]5[0xc7][0xd0]b[0xd6][0xc8][0x8]T[0xfa][0xd1][0xc7]/[0x88][0xf1]cl[0xe5]>[0xaa]C1W[0xd1][0x19][0x1b][0x83][0xa6]{[0xe8][0xe1]R[0xb][0xd0][0x96][0x2]h[0xa8]#[0xb9][0x3][0xd5][0x81][0xd8][0xbc][0x0][\r]S[0x13][0x3]z[0x9d][0xb4]n[0x1][0xda]/[0x7]u)[0xcd][0xdb][0x97]F[0xf4][F[0x7][0x9a]I[0x82]z[0xb][0xba][0xd2][0x13]5[0xf0])[0xab][0x89][0xe9]5[0xe]e[0x1]:R[0x11][0xea][\r][0x9c][0x3]![0xa8]U44[0x5][0x19][0x1b][0x83]:[0xf8][0xf4]I[0xeb][0x88]U4[0xb8]z[0xb5]xFa[0x8d]-[0xe9][0xd5]J[0xb3][0x0][0xed]_[0x85][0x6]&[0xda][0x10]6j[0xda]@[0x19][0xfa][0x86][0x85][0xa7][0x81][0xb9][0x1][0x9d][0xe][0xd5][0x1]M~C[0x9d][0x89][0xe8][0x1b][0xa3][0xba][0x10]yS5[0xd4][0x81][0x86][0x96][0xa0][0x9c]L[0x97][0x8][0x7][0xb5][0xf3][0xa0][0xe]$f[0xf2][0x14][0xb9][0x89][0x6]u[0xac][0x99][0x19][0xbd][0xce][0x8a][0xb5][0x0]U[0xb4]P[0xc7][0xa2][0x9d][0x8c][0x83][0x1a][0xa4]h[0x92]P[0x87][0x1a][0x19][0x83][0xd6][0xf9][0xd3]'T[0x11][0x8d]Z[0x1c][0x13][0x8a][0x94][0x94]Y[0x86][0x16][0xf4][0x1a][0xe5][0xb2][0x0][0xed][0x84][0x82][0x86]8[0xa1][0xd9][0x19]JF[0xbb][0xcc][0xc][0xe9]5-fAyK[0x17][0xfd]TC3#[0xba]5EL[0x11]-Z[0xc2]]|[0xd4]<[0x81][0xa5][0x98]11[0xa0][0x9f][0xc3][0x11]CD[0xc4][0x14]3[0x18][0xfd]=[0xb]c3:]Wc[0x81][0xd4][0xc8][0x6]5[0xa2][0xc8][0x1a][0x99]&A#[0xb4]p[0xb2]0[0xa2][0xd7][0x5][0x92][0x16][0xa0][0xb5]N[0xd0]<[0x8d][0x18][0x94]CM,T[0xef][0xe8][0xc2]|I[0xb7]q[0x5][0xb][0xd0][0x11]QP_[0x12][0xda][0x10][0x87][0xea]w[0xc4]r'[0xa8][0xa3][\r][0xc1][0xbd]c[0xba][0xd4][0x1b][0xa0]"
17:11:38.919 [main] DEBUG org.apache.http.wire -  << "[0x15]/PGcm[0xe9][0xc2]+[0x13][0xa8][0xd3][0xe8]wk[0xe][0xf8][0xb6][0x6][0xa8][0xd3][0xc8]*[0xe9]Q[0x3][0x19][0xd1][0xb8][0x84][0xfa][0xc4][0xd0][0x84]^[0x13][0x5][0x16][0xa0]i9[0xa8]O[0x8].8Au5A[0xe5]P[0xcf][0x18][0x1b][0xd2][0xad][0x1d][0xc]*[0x16][0xa1][0x9e]A[0xd4][0x8]8[0xe]%E[0xf5][0xc][0xb6][0x96][0xb1][0xa9]9[0xbd]n[0xfe][0xb6]0CTe[0xc8]U[0x13][0xaa][0x1b][0x11]^"0[0x8e]mfD[0xb7][0x16]3h[0xf8][\n]"
17:11:38.919 [main] DEBUG org.apache.http.wire -  << "[0x1a][0xe2]d[0xac][0x8][0xc2][0xd2][0x80]64[0x0][0xa5]H[0xba][0x94]/[0xa0]~[0xf][0xd4][0xed]hmd[0xd4]p[0xc7][0x9c]Y51[0xa2][0xdb]Frs[0xc4]<[0x8][0xee][0xe9]$b[0x17][0xd8]X[0x80][0xcf][0xc8][0xa7]O[0xe0]"F[0xb4][0x10]u[0x8]j[0xb8][0x12][0xaa][0x89][0xa0][0xe5][0x87][0x9][0xdd][0xd6][0x96]X[0x98]#[0xd6][0x96][0x10][0xbf][0xb1][0x19][0xd5]S[0xf0][0xd9][0x1c][0xa8][0xeb]-[0x8c]Aw:[0xd0]'[0xc8][0x11][0x93][0x1b]$[0xac][0x8c]A[0x9b][0xd6][0x81]:[0xdb][0xd8][0x8c]^K[0xc8],@[0xab].[0xa1][0xd9][0x10][0xdb]h[\n]"
17:11:38.919 [main] DEBUG org.apache.http.wire -  << "j[0xf0][0xc2]g,[0xa1][0xee]4[0xa4][0xdb]n%[0xb][0xd0]&[0x16][0xa8];Q[0x7][0xa6]P][0x88]:wda[0x4][0x1a]0[0xa5]O[0xf4]#F[0xab]p[0xae][0xf8]'z:[0x3][0x1a][0xbc][0xa6][0x96][0xa0]>/}[0x9c][0x8f][0xa8][0x2][0x9]Wt[0xa8]AN[0xfa][0x4]1[0xd4]{[0xe6][0xe0][0x91]3[0xfa]x[0xf][0xd1][0xe7]C[0xf4][0xe7]P[0xbd][0x81][0xa5]642[0x0][0xad]q[0xa6][0x8b][0x3]A[0x8b][0x88][0xa1][0xc9][0x1b]sv[0x7][0xd5][0xa1][0x98][0x15][0xa2][0xa1][0x11][0xa8][0x87]A[0x1f]w"*D\[0x1d]6[0xe4][0x8a][0x12][0x16][0xd3]f[0xa0][0xa1][0xe][0xfa]8[0x10]1E[0x8a][0xaf][0x9c]@[0x1a][0xf5][0x86][0xba][0xd1][0x90]~[0x7][0xa7][0x80]&a[0xa0][0x91][0x8d][0xb3][0xac]@[0x1b]I[0x86]:[0xd2][0xc4][0x80]n][0x13][0xd0][0xcd]kPGR>c[0x89][0x99]fM[0xcc][0xe8][0xd6]/[0x1][0xcd][0xaa]@}B[0x9d]V[0xb2][0xa9]9[0xbd][0xee]&[0x7][0x8f][0xae]B[0xdd][0x8e][0x98]!E-[0xf][0x8][0x97][0xd7][0xd0][0xc4]c[0xc][0xbe][0x12][0x80].[0xb9][0x10][0xe9][0xc6]/\[0xc5][0x4][0xad][0xc6]u[0x8c][0x8c]@[0x7][0x9][0xd2][0xc7][0x97][0x88]V6[0xf2]b>[0xd4][0xe8]Ao[0x92][0x1a][0x1a][0x80][0xe6][0x8b][0xe8][0xe3]>D[0x83][0x9a]p"Au5a[0xf5][0xd0]Def[0x6][0x1a][0xa4][0xa4][0x8f]w[0x10]-l[0xec][0xb][0xca]Q[0xbd][0x80][0xbd]imh[0x0]Z[0xf9]H[0x1f][0xf7]"[0x9a][0x84][0x84][0xea]t[0xd2][0x7]iM[0x8d]@[0x9d][0xfa][0xf8][0x3][0xa9][0xf1]txerjAIf~^^fqI*[0xc6][0x1][\r][0x88][0xce]&4y[0x18][0x9a][0xd1]mQ[0x1f][0xa8]L[0x86][0x16][0x95][0x94]WX[0xf0][0xd3][0xb1][0xa1][0xfe]0[0xa7][0xdb]m[0xc4][0x96][0x6][0x88][0x16][0xc][0xe1][0xbd][0x8][0xa8]I[0x1e][0xb5][0xf7]cj[0x0][0x9a][0xa3][0xa1]G[0x12][0xb1]$[0xea]Th[0xec][[0x17][0xa0][0x1]la[0x8][0xda][0x9c]A[0x17][0xc7][0x82][0xce]r[0x83]&[0x14]B[0x13][0x89][0xf8][0x8f]o2[0xb7]00[0xa2][0xcf][0xe4][0xbd]%[0xa8]N[0x83][0xba][0x99][\n]"
17:11:38.919 [main] DEBUG org.apache.http.wire -  << "[0x89][0x1b][0xf5][0xf0]kh[0xc][0x98][0x1b][0xd3][0xeb][0x10]5K[0xd0][0x82]I[0xa8]o2[0xf3]JR[0xd3][0x8b]@g[0x9c][0x13]5RLP9[0xd4]3&[0x16][0xa0][0xbd]qtINH[0xe7][0x81][0xc2][0xf7]@[0xa3]fKZ5uL[0xc]@[0xc9][0x82].[0x9e][0x4][0x8d][0xa3]@c[0x8c][0x84][0xd1]-[0xe8][0xc4][0x11]4N[0x8c][0xcd]@[0xa6][0xd0][0xc7][0xb9][0x88][0xa6][0x2]RO[0xf]5VP[0xbb][0x87]P7[0x1a][0x9a][0xd2][0xeb][0xa4]hK[0xa4][0xa5]d[0xb8][0xc6]$(:[0x1f][0xc0][0xcc][0x88]NG=Z"[0xad]&#z[0x88][0xb]5.[0x88][0xcd][0xd6][0xc6][0xe6][0xc6][0xf4]:[0x1d][0x3][0xd4]J[0x87][0xa6]xxc[0x0][0xd5][0xd1][0x98][0x8d]:h"2[0xa7][0xdb]u[0xc][0x96][0xa0]92[0xa8]+q[0xd4]U[0xa8]n[0xc6]6[0xc6][0xb]u[0xb5][0x9]xo[\n]"
17:11:38.919 [main] DEBUG org.apache.http.wire -  << "][0xb2]'[0xd2][0xb4]?E[0x9b][0x4][0xcd][0x8c]@g[0x98][0xd0][0xde][0xc9]f[0x6][0xe0][0x9b][0xaa][0xa0][0x1][0xfd][0xb4]u[0xf5][0xf3][0xbe][0xee][0xa7]k'`[0xbb];"[0xa0](?[0xa5]49[0xb5]HG[0xa1](1%3[0x1f]q2[0x83][0x85][0x11]}VN[0x82][0xdc][0x8a][0xe8]x[0x18][0x99]Y[0x18][0x9a]([0xdc]X~c[0xc5][0xcd][0xe][0x85][0x1b];ov[0xdd]X[0xaf][0xe0]T[0x94][0x98][0x97][0x9c][0x11][0x93][0xe7][0x97]_T[0x92][0xa1]p[0xb3][0xe5]f[0xc7][0x8d]57[0xbb]n[0xb6][0xe9]([0x84]9*[0x18][0x1a][0x99][0x99][0x98]`[0xb4][0xeb][0x3][0xf2][0x8b]J[0x14]n[0xec][0xbc][0xb1][0xfe]f[0xcb][0xcd].$?Y[0xd0][0xe7][0x10][0x18]3[0x3][0xf0][0xf6][0x3]h[0xf8][0xbb][0x1c]^Y[0x96][0x9a][0x93]_P[0x90]ZZ[0xa4][0x90][0xa2][0x9e]XP[0x90][0x93][0x99][0x9c][0x8][0xea][0x94][0x14]+[0xe4][0xe6]'e[0xe6][0xa4][0x16]cx[0xe0][0xcd][0x8c][0xa5]o:[0xe6] \nfD[0x9f][0xa6][0x9b][0x99][0x81][0x11][0xe8][0xd8]9[\n]"
17:11:38.919 [main] DEBUG org.apache.http.wire -  << "\[0x1e][0xa5]`hb[0xa9][0x10][0xec][0x84]p[0xbb][0x85][0xb1]9][0x16] [0x99][0x19][0x18][0x83][0xf6][0x95]C[0xdd][0xe]Zi1o[0xeb][0x9b][0x5][0x8d]o[0xe6][0xee]Px3c[0xc5][0xeb][0xb9]{[0xc0][0xac][0xf6]=o[0xa7]NTx[0xb3][0xa0][0xe5][0xcd][0xbc][0x9]ogNy[0xdb]?[0x1]#[0xf0][0xdf][0xf6]Lx[0xb5][0xa3][0xe3][0xd5][0x8e][\r][\n]"
17:11:38.919 [main] DEBUG org.apache.http.wire -  << "o[0x16]nx3o[0xe2][0x9b][0xd9] 5[0xd0]b[0xc7][0x10][0xbc])[0x9e][0x1e]y[0xd8][0x18][0xb4][0xc9][0xf][0xe6][0x9b][0x96][0x8d][0xaf][0x9b]V[0x80][0xaf]'[0xe8][0x98][0xf1]f[0xc1][0xd4]W[A7[0x12][0xa0][0x96][0x95][0xa6]&[0x16][0xc6][\n]"
17:11:38.919 [main] DEBUG org.apache.http.wire -  << "[0xf][0xd6]u>X[0xb7][0xea][0xc1][0xba]%[0xf][0xd6][0xb7]?X[0xb7][0xfd][0xc1][0xfa]^[0x88][0xd0][0x92][0x7][0xeb][0xd6]?X7[0xf5][0xc1][0xfa][0xc6][0x7][0xeb][0xd6]=X[0xb7][0xef][0xc1][0xba][\r][0xf][0xd6][0xf7]Z[0xc7][0xe4]=X[0xd7][\n]"
17:11:38.919 [main] DEBUG org.apache.http.wire -  << "[0x12][0x7][0x9].y[0xb0][0xbe][0xf7][0xc1][0xba][0x15]`.HV[0xc1][0xc8][0xcc][0xc8][0xcc][0xd2][0x2][0x11][0x93][0xe6][0x6][0xa0][0x81]2[0xfa][0xf8][0x1d][0xd1][0x89]>[0xf3][0xd3][0xed]s[0x9f][0xcf][0xe9]y6m[0xc3][0xd3]u[0xfb][0x9f][0xf6][0xec]z[0xb6]b[0xd5][0xb3]y[0xd3]-[0x9f][0xec]h|>{[0x9d][0x91][0xd1][0xf3][0xa9][0xab][0xc]-[0x9e][0xf6]oWx[0xdc][0xb4][0xfe]q[0xf3][0x9a][0xc7]M;[0x1f]7w<[0xdb][0xb9][0xfe][0xe9][0xba]u[0xe6]&[0xe6][0x18][0xd1]kb[0xa6]kiii[0x9]*5[0xa0]qja[0x6][0xda]aG[0x17]!u%[0x9e][0xb6][0xae]y[0xb1][0xaa][0xf7][0xc9][0x9e]Y/Vt<][0xc][0xba]`[0xb]5>[0x3]JK[0x8a]2[0x11][0x81]ob[0x6]ZpL[0x1f]G"f[0xd7],[0xcd][\r][0x15]"[0xc3]}1[0x2][0xd1]9[0xa3]([0xb3][0xb8]$31[0xf]4[0xa8][0x2][\r]Fz-t030[0x6][0xed];[0x86]f[\r]P[0xc2]^[0xdf][0x4]J[0xf1][0xeb][0xf6][0x83][0x93][0xee]>[0xc][0xc7][0xfa]GF[0xe9][0x1a][[0x1a]#[0xc2][0xd2][0x8c]Ng8[0x98][0x19][0x18]#mv/)J[0xcc]+N[0xcb]/[0xca]U([0xc8])M[0xd7]M[0xcc]K[0xd1]-[0xc8]I[0xac]T([0xcb]/*I[0xcc][0xc1][0xac][0x4][0x8][0xab][0x87][0x5][0xbc]%[0xa8][0xa8][0xa0]K[0xd2][0x0][0x1d][0x0][\r][\r]x[0x1a][0x96]7[0xa8][0x19][0xe1][\r][0xd6][0xc2][0xf][0xea]wc:[0xad][0xc4][0x5]E%b[0xa4]+[0xb5],?[0xa7],U!5--[0x13]|[0xbc][0x95]B^jIy~Q6f$b[0xe6]r[0xa8][0xc3]-,[0xe8]s[0xd7][0xab][0x99][0x81]1hg[0x1a]4[0xd2][0x90][0xaa]g[0xd4]@F[0x92][0x80]:[0xd0][0xdc][0x4][0xb4][0x9c][0x88].[0xa9][0xca][0x14][0xd1][0xff]}[0xdd][0xdf][0xf2]f[0xce][0x12][0x8c],lafin[0xac]p[0xb3][0x9][0xd4][0xa0][0x3]7[0xe]AM[0xbc]b[0x5][0xc7][0x82][0x12]=[0x5]ss[0xa3][0x98][0xbc][0x1b][0x9b]o[0xb6][0xdd]X~[0xb3][0xb5],3[0xb5]\G[0xc1]1H[0xc1][0xd0][0xc2][0x14]9[0xcb][0x9b][0x18][0xd2]g [0x1d][0x14][0xdc][0x88]-[0xc][0xee][0x89]y[0xe9][\n]"
17:11:38.920 [main] DEBUG org.apache.http.wire -  << "[0x1][0x89][0xc5][0x99]E[0xd9][0xf9]Y[0x89][\n]"
17:11:38.920 [main] DEBUG org.apache.http.wire -  << "~[0xf9]z[\n]"
17:11:38.920 [main] DEBUG org.apache.http.wire -  << "f[0x6]1y[0xde][0xf9]%[0x89][\n]"
17:11:38.920 [main] DEBUG org.apache.http.wire -  << "[0x8e])[0xb9][0x99][0xa0]a[0xe9][0xa2][0xc4][0xe2]L[0x5][0xaf][0xc4][0xec][0xc4][0xa2][0x92]D[0x85][0xd0][0x92][0xc4][0xa2]D[0x1d][0x85][0xe0]P[0x5]KcK[0x13]S[0x8c]p[0x8]N[0x4][0xf5]=[0x15][0xdc][0xf][0xaf],J,JII[0xcc]C[0x14]j[0xc6]tZg[0x6][0xf2]!"'`[0xa6]o[0xd4]t[0x85]^[0x8b][0x99][0xd2]-[0xd5]#[0xf5][0xda][0x90][0xaa]|T[0xd7][0xbd][0xde][0xb0][0xe1]M[0xdb]B[0x85]7[0xcb][0x1b]_m[0x98][0xa0][0xf0]vJ[0xcf][0xeb]y[0xab][0xdf][0xf6][0xef]A[0x4][0xaa][0x91][0x99][0xa9])[0x9d][0xc6]LA[l[0xa0][0xb9][0x14]:[0x10][0x85][0xea]V[0xec][0x93]H[0xd0][0xcc]jdI[0xb7][0xb3][0xb0][0x91]VZ[0xe3]>[0x8f][0x8e][0xf0]T[0x0][0xcc][0xe1]f[0xf4]Y[0xbd][0xf][0xea]g"R-[0xb8][0x99][0xbb][0x9][0xdc][0xde][0xdd][0xf4][0x0][0xd4]n[0x98][0xf5]`}[0x7]Ff[0xc3][0xa5][\n]"
17:11:38.920 [main] DEBUG org.apache.http.wire -  << "[0xea]t[0xb]c[0xfa][0x1c][0x19][0x9]r:[0xa2]Ev[0xb3][0xf5][0xc6][0x9a][0x9b]-7[0xd6]+[0xdc]l[0xbe][0xb1][0xea][0xc6][\n]"
17:11:38.920 [main] DEBUG org.apache.http.wire -  << "[0xc]Gc[0xca]C[0x9d]kbJ[0xaf]~[0x98][0x1][0xd2][0xde]=[0x1c][0xe5][0xb9]OjbQ^f^[0xba]BJfqbRfNfI[0xa5]B^iQ1rs[0xd2][0x1c]T-[0xd0][0xa3][0xfe]1[0x0][0xb5][0xac][0xa1]Y[0xf]{c[0x3]5'[0xa6][0x14]e[0x96][0xa5]*[0xc0]/9M[0xad]LMJ[0xcc][0x1]7[0xe0][0xa0]AmN[0xa7]m[0x92]f[0x6][0x6]H[0x1b][0xfb]`E-[0xaa]c[0x9f]m[0x9a][0xf6]|G[0xcb][0xf3]9=Ow[0xcd]y[0xb2]c[0xed][0xd3][0x1d]MOw[0xee]x[0xd6][0xd9]ml[0x0][0xe9]?[0x19][0x83][0xba]O[0xc6][0xa0][0xee][0xd3][0xd3]9[0xf3][0x9f]Nlz[0xd9][0xbc][0xe2]q[0xd3][0xf6][0xc7][0xcd][0x8b][0x1f]7[0xaf]~[0xdc][0xbc][0xc0][0x18]<[0xbc][0x2][0xf5][0x97][0xa1]9}[0xae][0xb2][0x4][0xf9][0xb][0xb1]X[0xe1][0xc9][0x8e][0xce][0xa7][0xeb]Z[0x9f]n[0xde][0x6]a<[0x9b];[0x11]#[0xd1][0xe3][0xed][0xb2][0x9b][0x1a][0xd1][0xab][0xce]1@ji[0x5]'[0xe6]d[0xe6]&f`8[0x15][0xd4][0xf3][0x6][0xf5][0xbf][0xe7][0x81]K[0x9f]Y[0xf][0xd6][0xed]G[0xaa]mL[0xe9]s[0x97]9(|[0x11]M[0xae][0xf0][0xd4][0xe2][0x12][0x85][0x9b][0x1d][0xa0][0xa6][0xd5][0xcd]F[0xc][0xf7][0xba][0xa6]d[0x96][0xe4][0x17][0xe9]($[0xe7][0xe7][0xe6]f[0x16][0x17]g[0xe6][0x83][0xb2]-[0xc2][0xc9]f[0x96][0xf4][0xb9][0xb5][0x1c][0xe4]dD[0xbb][\n]"
17:11:38.920 [main] DEBUG org.apache.http.wire -  << "s[0xd8][0x12]5[0xd1]c[0xf4][0xf8][0x8c]-@s[0xbe][0xf4])L[0x10][0xd5]L[0xa0][0x87][0x82][0xa1][0xa5][0xa5][0x82]#f[0xff][0xd9])?[0xaf]$1/[0x1d])[0x1c][\r][0xc]M[0xe8][0xd1][0xd0]030@[0xaa][0xc0][0xf1]G[0xbd][0x89][0xb1][0x8e]BR~iNjYbQ[0x8a]BPjz^fjQL[0x9e][0xa5][0xb9][0xa1][0xb1][0xa9][0x82]Sifqq~[0x9e]nqi[0x91][0xae]oj[0x11][0xc2]'[0x86][0x6][0xa0]!D[0xba][0x4]5[0xe8][0x12]%h[0xb9]M[0xc4]0@bzzQj:h[0xee][0xb6](51G[0xb7]$37U!U[0x17][0x94][0xae]S[0x8b][0x92][0x91]+[0x1e]c[0xd0][0x1][0xb0][0xf4][0xf1][0x0]"[0xad][0xb8][0x98][0x1b]+XbI)7[0xd6][0xdd]Xq[0xb3][0xeb][0xc6]F[0x85][0x1b][0xcb]o6[0xdd]X[0x5][0x9e][0x11]Y[0x8f]2[0xaa]mF[0xaf]Q9[0x3][0xa4][0x9d]G[0x90]:[0x10]soQnjIF~J~N~z&[0x96]qmbuA[0xeb][0x1b][0xb][0x13][0xfa][0xcc][0xf1][0x9b][0x19][0x18] m,[0xc0]U[0xe2][0xa1][0x16]1[0xc6][0xa6][0x16][0xfe]Hc[0x88][0x86]f[0xa0]e[0xb2]tI4H{[0xb][0x8a]R3[0xf3][0xca]R[0xf3]J[0x14]Ru[0x93]J[0x8b]3[0xf3]R[0x8b][0x8b][0x15]J[0x8b]S[0x8b]0[0xc7]![0xcc][0xcc][0x8c][0x15][0xc2][0x83][0xfd][0x10][0xd9][0xd4][0xd4][0x80]>[0x87][0xf][0x80][0xc2][0x16]1[0xc1][0xe3][0xe1][0x13]j`lj[0x89]Q[0xcb][0x10][0xd1][0x1e][0xb4]0[0xa6][0xcf][0xb2]q[0x90][0x83][0x11][0xcd][0xed][0x1b][0x1b]ov[0xdd]X~[0xb3][\r][0xc3][0xc5]H[0x12][0xd0][0xd4]jd[\n]"
17:11:38.920 [main] DEBUG org.apache.http.wire -  << "[0x1a][0xec][0xa3]K[0x12][0x0][0xa5]5h[0xc1][0x87]mD[0x0]5[0xa5][0xe2][0xec][0x11][0x98][0x9b][0xd2][0xe7]:[0xf]3[0x3][0x3][0xa4][0xe5][0xd9][0xa0][0x91][0x1b][0xe4][0xc9]9T[0xc7]b[0x6][0xab]1[0x9d][0xee][0xf4]630[0xb0]D[0xb4]0\K2[0xf2]@[0xa5]X)[0xa8]b@u"[0xd2]h[0x2]4[0xe6][0xcd][0xc]@3O[0xf4][0x88]yC[0xd0]N+h[0xcc]#[0xb9][0x3][0xd5][0x81][0x4]G5L[0xe8][0xb4]y[0x0][0x14].[0x88][0xac][0x84][0xab];[0x8d][0xea]x[0xaf][0xc4][0x9c][0xc4]<[0x5][0x97][0xcc][0x82][0xd4][0xbc][0xfc][0xf4][0xfc][0xa2]|[0xf0][0xa0][0x99][0xb9][0x99]QL^Hb^Vi^zRbNb[0xa6][0x8e]Bp[0xb0][0x82][0xb9][0x85][0xb9]9[0xa8]([0x81][0xc6][0x82][0xa9][0x19]([0xfe][0xe8][0x13][0xb][0x88][0xe9])[0xc2][0xf9][0xf]_![\r]s[0xba][0x9]}[0x96][0x13][0x9a][0x19][0x18][0x82]R*4[0x1]Ajcl[0xfd]X[0xd4](A[0x9f][0x8d]6[0xa2][0xdb]<[0xa0]![0xd2][0xcd]R[0xd8][0xfb]x[0xa8].[0xc5][0xae][0x6][0x16][0xc8][0x86][0xf4]j[0x98][0x1a][0x1a]"z[0xaf][0x1e][0x8e][0x81][\n]"
17:11:38.920 [main] DEBUG org.apache.http.wire -  << "[0x90][0x91]hT[0xa7][0xde][0xd8]rc[0xcd][0x8d][0xe5]7v&g[0xa4][0x16][0x97] [0xb7][0x9f]-[0xcc][0xe8]s~1(- V[0xdc][0x83][0x96]t[0xfb][0x97][0x94][0xe4]+x[0x16]g'[0xe6][0xa5]$[0x16][0xa5]d[0xe6]%[0x96]@[0x86][0xac]-[\r]c[0xf2]"[0xf3][0xd3]+!c[0xd4]:[\n]"
17:11:38.920 [main] DEBUG org.apache.http.wire -  << "^[0x89][0xb9]I[0x99][\n]"
17:11:38.920 [main] DEBUG org.apache.http.wire -  << "[0x16][0x6][0x16][0xa6][0x86][0x18][0xd5]"[0xd6]v84[0x2][0x8c][0xe8]t[0xf4]$[0xc8]g[0x88][0xee]-[0xac][0xa1][0x86][0x1a][0xfc][0xb8][0x1a]yP[0xa7][0x1a][0x1a][0xd0][0xab][0xb1]a[0x8][0xda][0x1d][0x8e][0x92]!ImT[0xc3][0x87][0xd8][0xa0]n[0xb7]0[0xa4]W[0xff][0xc5][0x10]t[\n]"
17:11:38.920 [main] DEBUG org.apache.http.wire -  << "[0xe][0xd4][0xed][0xb8][0xfa]/[0x8]q[0xa8][0xf3][0xcc][0x8c][0xe8]3Tmf[0x0][0xe][0x7][0xa8][0xf3][0xa8]>[0x13][0xf3]`[0xdd][0xd6][0x7][0xeb]f[0x81][0xea]4[0xd0][0xaa][0x89]% 6h[0xc9][0xc5][0xca][0x7][0xeb]@[0x13][0xd0]0[0xbf][0x9a][0xd2][0xe7][0xd6]#[0x90]_[0x11][0x15]-mWQ[0x99][[0x82]v[0xd2][0xa5][0x9a][0x5][0xad][0x17][0x86][0xc6][0x1f][0x9e][0xf6][0x18][0xc1][0xe6][0x8e][0x11][0x9d][0x16][0xeb][0x9b][0x19][0x18][0x82][0x96]qC][0x8c]4[0xa3][0x8a]Z[0xf4][0xd0]p[0xe2][0x1c][0x9a][0xec]L[0xe9]t[0xcb][0xf][0xc8][0xc3][0x88][0x1d][0xb6][0x90][0xe1]Y[0xbc][0xe3][0xb4][0xd8][0x96][0x8d][0x98][0xd1][0xe9][0xc6]G[0x90]c[0x11][0xd5]2[0xf6][0xc1]r[0xcc][0xd9]Lx[0x88][0x82][0x8a]:[0xba]$zP[0xed][0xf]MB[0xd4][0xaa][0x94][0xc9]7[0x7][0xea]}3[0xf0][0xa1]3[0xf4][0xf1]>[0xa2][0xe6][0xc6]UG[0xa3]f'X[0xfd][0xe]u[0xaa][0x85][0x1]}[0x16][0x92][0x83][0x92][0x13][0xa2][0xbb][0x8][0xaf][0x83]Q[0xdd]F[0xf1][0xb2][0x5]s#[0xfa][0x9c][0x8][0x2][0xf2][\r]b,[0x92]*}[0x1a]#CP[0xf1]M[0x9f]4[0x83][0x18]`[0xa2]R[0xdd][0x87]9[0xc]aaJ[0xaf][0xc5][0xc3][0x86]H[0xd3][0xa7][0xb8]f[0x91][0x90][0xfa][0xfe][0xd0]toL[0xa7]{[0xd5][0xcd][0xc][0xc][0x91][0xa6]KqVr[0xd8][0xe7]Q[0xa1]n[0xb5]0[0x4][0xdd]-O[0x97][0xa4]Ap~[0x14][0xd1]?[0x83]9[0xce][0x1c]4[0x8b]G[0x1f][0xc7]![0xea]#cC[0x3][0x85][0x7][0xeb]v>X[0x7]Y[0x8f][0x0]Z[0xa3][0xab][0xf0]`];[0xb8]Y[0xd9][0x1]^[0xb3];[0xf5][0xc1][0xba][0xcd][0xf][0xd6][0xf7][0x82][0x96][0xec][0xee][0x0][0xcf][0x1d]nx[0xb0][0xbe][0x1][0xd4][0xfe]\7[0x15]4[0xa7][0xb8][0xbe]W[0xc1][0xcc][0xc8][0xc8][0xc0][0xd2][0x0][0xa3]KF[0xd2]Rhh [0x98][0x81][0xf7]H[0xd2]'[0x10][0x10][0x9d]P[0x82]34[0xa8][0xa5]+[0xbe][0xbe][0xa6][0xb1][0x9][0xdd]*l[0xd0]2[0x5]h[0x85][0x8d]>[\r]W}[0x6][\r]s[0xb]3P[0xeb][0x91]>a[0x8e][0xa8][0xb9][0xc8][0xaf][0xa2]P##[0xb8]4/=1S! 5[0xaf][0x14]4[0xe9][\r][0xf5][0x93][0xa1][0x5][0xdd][0x6][0xb6]@[0x87][0xf]A[0xa3][0x1][0xff][0x10]3[0xd1][0xeb]j-[0xcc]A[0xc3]O[0xf4][0x89][0x10]D[\r]F[0xf5][0x9e]*[0x15][0xc][0x84][0xc6][0xa6][0x91][0x1][0xfd][0xca]m[0xc4][0x8]+R][0x87][0x9a][0xe4][0x8]v[0xfc]LLA[0xc5]?="[0xd0][0x8]iD[0x98][0x8c][0x11]lT!/[0x1b][0x80][0x85]<x!9]|[0x82]4@[0x8c][0xbd][0x93][0x84]s[0xe4][0xd2][0xd0][0x9c]>[0x87][0xe4][0x98][0x19][0x18][0x81]2&4[0xb3]c[0x1f][0xf3]E[\r]Q[0xc4]6[0x6]hx[0x9a][0x18][0xd2][0xe7][0x88]'[0x90]S[0x11][0x95]<[0xae][\n]"
17:11:38.920 [main] DEBUG org.apache.http.wire -  << "[0x0][0xd5][0xb1][0xe4]-[0xbb]06[0xa6][0xd7][0xec][0x87][0x11]h[0xd6][0x10][0x1a][0xf8]T[0xac][0xb1][0x8d][0xe8]6<o[0x4]Zj[0x3][0xf5][0x0][0xf6]v*j[0x84][0xd0]a[0xc0][0xc6][0x82]^;[0x90][0xc0][0x8b][0xc4][0xa1]~[0xc7][0xd1]i[0x85][0xb]C[0xf3][0x8a][0x85]9[0xfd][0x1c][0x87][0xe8][0x83][0x12][0xae][0xa5]Q#[0x9][0xbd][0xce][0x87]:[0xde][0xc8][0x94]>[0x97][0xf9][0x81]2:[0xa2][0xe]'[0xdc][0x81]&j[0xf8][0xd8][0xd8][0x94]^-B[0xf0][0xce]dh[0xb2]@[0xac]MC[\r]a[0x84]84l[\r][0xc1][0xeb][0x1d][0xe9]S)![0x9a][0x3][0x94][0x8c][0x4][0x1b][0x1b][0x83]6[0xff][0xd3][0xc5][0xc5]F[0x6]:J[0xd0][0x0][0xc5]^[0x8d][0xc2]D[0xa1][0x81]iB[0xa7][0xcb]4[0xcd][0xc][0x8c]@[0xbb][0xc5][0xa0]N[0x1b]d[0xdd]N[0xb]C[0xd0]:,[0xba][0xc4][0xf][0xe8]d[0x6]h [0x90][0xd4]AF[0xcd][0x13][0xd8][0x1b][0x1f][0xb0](5[0x1]m[0x97][0xa3][0x8f]o[0x10][0x8d][0xc][0x12][0x9b][0xf][0xa8][0xfe]y[0xb5]i[0xef][0x9b][0x8e][0x99]H[0xab][0xc4],@u%}[0xbc]@[0xfd]>)[0xf9]}[h[0xc][0x1a][0x1a][0xd2][0xad][0xbc][0x0][0x1d][0xb7][0x0]M[0x8f][0x88])S[0xd4][0xc8]![0xb8][0x14][0xd4][0xc8][0x0]tJ[0xb]}b[0xb]Q[0xd9]![0x96][0x16][0xa2]:[0x97]z[0xfd]N[0xb]KzmE4B:[0x1e])$[0xbf][0xb4]([0xb3]8W![0x1f][0xb4][0xcb][0x13][0xbc]B[0x3][0xd5]d[0xf4][0xf3][0xa0][0xc9][0xca][0xc4][0x84]>[0xbb][0xca][0xcc][0xc][0x8c][0x8c][0x11][0x15]'[0xee][0xee]2[0xaa][0xbf]([0xdf]p[0xf][0xf5][0xa6][0xb9][0x19][0xdd][0xba][0xdf][0xa0][0x95][0x97][0xd0][0xdc][0x83][0xd9]=E[0xf5][0x1e][0xa6]<[0xd4][0xb9][0xc6][0x96][0xa0][0xf5][0xcd]t[0xc9]=[0xa0]z[0x1][0xea]\D[0xd7][0x14][0xd5][0x99][0xd8][0xa6]J[0x8d][0xc0][0xb][0x8b][0xe8][0xe3]BD[0x85][0x82]u[0x98][0x15][0xd5][0xb1][0x98][0xfb]1[0xa0]aj[0x2]^[0xde]B[0xf][0x17][0x9b][0x80][0x9a][0xca][0xd0]0%[0x94]s[0xc1][0xa3][0xe6]X[0xb6][0xff][0xc1][0x1c]mL[0xaf]U[0x1b]&H[0xad][0x10][0x12][0xbb][0xd2]h[0xc7][0xfa]@[0x9d]nlJ[0xaf][0xb5]?&[0xc6][0x88][0x14]B[0xc3][0xe]2j:[0xc3][0xde][[0x87][0xfa][0xdd][0xc2][0xdc][0xd2][0x98]>[hL[0x90][0xe6][0xe8][0xf1]w[0xe4]P[0x9d][0x8f]{%[0xb6][0xa1][0x5][0x9d]v[0xff][0x98][0x80][0xe]8[0x85]f[0x13][0x8a]Z[0x8a][0xb8][0xc6][0xb2][0xa0][0x91]an[0x6]J[0x1f][0xf4][0xc9][0xf8][0x88]A[0x3][0xf8][0xd0][0x5]j[0xb8]c[0x9f][0x9b]01[0xa1][0xd7][0xdc][0xba][0x9]R[0xab][0x82]*[0xfb]1Q[0xbd][0x87][0xb3]F32[0x4]u[0xf5][0xe8][0x13][0x9][0x88]v[0x6][0xe5][0xed][0x7]T[0xef]![0x8d][0xff]C[0x13][0x97][0x91])[0xa8]wM[0x17]!5,[0xc8]h[0xef][0xa1]z[0x4][0xb3]Z[0x82][0xfa][0xc7][0xdc][0xcc][0x80]^[0xd9][0x1f]im[0x1]R[0xb8][0xa2][0xba][0x13][0xb1][0xe8][0x0][0xea]>[0xb]Sz[0x8d][0x0][0x9a] [0xad]-[0xc0]lT[0xa0]:[0x93][0xf2]UM&[0x6][0xf4][0xaa]0@[0xb3][\r][0xd0]R[0x17]W[0xef][0x8e][0xec][0x95]+[0xd0]H26[0x2][0x9d][0x1]I[0x97]L[0x81]t[0xb4][0x6]d[0xf][0x1][0xa5]K[0x96]M,[0xe8][0xb5]&[0xd8][0x4][0xe9][0x98][\r][0xcc]r[0x13]5[0x81][0xe1];[0xe5][0x7][0x1a][0xe8]f[0xc6][0xf4]9[0xb4][0xda][0xcc][0xc0][0x4]t[0xd5][0x19]4[0x9]Q0`E[0x92]V[0xa8]'M[0xc0][0x87][0x2][0xd2]'e![0x86][0x15][0xd0][0x7][0xf4]Q[0xe3][0x86][0xe0]X[0x88]1[0xdd][0xfa]J&[0xa0]n#4f[0x88][0xed]c[0x83]V[0xec][0xe0]:[0x5][0xc0][0xdc][0x18][0xd4]+[0xa0]Op#jm[0xf8]&[0x1f][0xd4]p[0xa6]a[0xd3][0x1e][0x9a][0xba]L[0x8d][0xe8]5[0xb8]c[0x82]t[0x89][0x1f][0xbe][\r][0xa7][0xa8]![0xe0][0x1][0xdf][0xb2][\n]"
17:11:38.920 [main] DEBUG org.apache.http.wire -  << "u[0xb0][0xb9]%h[0xdf]9][0xe2][0x7][0x14]2[0xd0][0x94][0xf5]f[0xde][0xd2][0xd7][0xb][0x96][0xbc][0x9d]:[0xe3]u[0xd7][0x14][0x85][0xb7][0x1d]k^[0xaf]jUx[0xd3][0xb4][0xe6][0xcd][0xac][0x95]o[0xe6]Mx=[0x19][0xf3][0xc8],[0x2][0x9d]\[0xb][0xfa][0xb5]9@[0xab][0x2][0xa0][0xbe][0xa0]d,[0xc1][0xc8][0x2][0xb4][0xad][0x8a]>[0xe1][0x8e]X[0x93][0x86]kt[0x13]![0xe]M[0x16][0x16]F[0xf4][0x9a]i4[0x1][0x9d][0xc2][0x2][\r]P|u[0x14]j:[0xc6][0xac][0xed][0xa0][0xe]73[0xa3][0xd7][0x11][0x1e]&H[[0xd7]Q[0xc6][0xb7]P][0x8a]u#[0x1][0xd4][0xb1][0xc6][0xc6][0xa0]#4[0xe9][0x93][0x8][0x10]u[0x11][0xee][0xda][0x6][0xd5][0xe5][0x94][0xb6][0xe1][0xc][0xe9]v[0xce][0xaf][0x9][0xe8][0xda]xh[0x1a]"[0xb6][0xd2][0xa2][0xbc]c[0x7][0x8d]DS#[0xd0]A[0xe0][0xf4][0x89]DD[\r][0x87]s[0xad]2[0xa4][\r][0x8b]m[0x1f],[0xd4][0xbd][0xc6]ftk[0x9e][0x82][0xf6]V[0xc1][0xa2][0x85]FG![0x1a][0x19][0xd0][0xeb]T[\r][0x13]P[0xb0]A}[0x83][0xd9][0xf9]E[0xcd]:X[0x16][0xbd]Y[0x18][0xd3]k[0xf2][0xd1][0x4]t[0x16][0x6][0xd4][0xa1]DTQ[0x4][0x87]j[0xa1][0xe9][0xc6][0xc8][0x84]^[0xf3]q&[0xa0][0xcd][0x9]P[0xf]P[0xa1]J0[0xa1]_)[0xb][0x1a]j[0x87]:[0x1c][0xfb]d:j2[0xa1][0xea][0x82][0x5]h4[0x99][0x99][0x80].c[0xa2]Kq[0x84]tp[0x7][0xd2][0x16][0x13]T/[0xe2][0xae]l[0xa0][0xee]54[0x5]%W[0xfa][0xb8][0x17][0xb1][0xab][0x14]1*[0x84][0xea]\[0xa4]a$[0xa8][0xfb]L[\r]A[\r][0x14][0xfa][0xb8][0xf]Q[0xbc][0xe3].[0xc5]Q[0xdd]K[0xdc]y[0xfc]P[0xaf]X[0x18][0xd2][0xad][0x8][0xb2]D,[0x18]B[0x1b][0xaf]Fu?[0xc5][0x8b][0x1a][0xcc],[0xe9][0x96]|@'SA37[0xc9][0xfd][0x17][0x8c][0xe5]fF[0xe6]t[0xab][0xb7]@[0x13]IPwc6[0x9b]Q[0xa3][0x3]m[0x19][0x97][0xa1][0xa5][0x9][0xbd][0x86]rA[0xa7][0x1a]B[0x1d]I[0x85][0xa5][0x16][0xa8][0xbe][0xc2]?[0xab][0x5][0xcd][0x1c][0xc6]f[0xf4][0xba][0xcf][0xc4][0x4][0xb4][0xb6][0x19][0xea]W[0x8a]f[0xad][0xd0]7[0xe8]@}b[0x1][0xbe][0xb0][0x83].%[0x96]%b[0xb6][0x8a][0xa4][0xb1]8[0xd4][0xf8]A[0xac][0x1a][0x80][0xfa][0xc0][0xcc][0x9c]~[0xe9][0xe][0xd1]/[0xc2]5[0x96][0x8d][0x10][0x87]:[0xcf][0xd8][0x80]n[0x9d]c[0xd0][0x95][0xc3][0xd0][0xa4][0x82][0xab][0xca][0xc2][0xdd][0xe1][0x81]:[0xd7][0xc4][0x18]4OB[0x9f][0xf4][0x80][0xa8][0xc1]pvP[0xe0]csP[0xe7][0x99][0x9b][0xd0][0xab][0xc7]n[\n]"
17:11:38.920 [main] DEBUG org.apache.http.wire -  << "[0xda][0xf0][0x3][\r]M[0xf2]+[0x1e][0xd4][0xb4][0x8b]o[0xe8][\r][0xea]A[0x13]SzM[0x88][0x81]O\[0x85]z[0x90]P[0x17][0x85][0xd0][0x88][0x9a]1[0xbd][0xa6][0x93]LA[0xb7][0x1]A[0x1d]M[0xb0]/[0x82][0x1a][0xf8][0x98][0x93]j[0xd0] 7[0xb3][0x4]e[0x1c]z$ySP0A][0x8f][0x18]ECu&B[0x1c][0xea]<[0xb]S[0xd0]J6[0xfa]8[0xf][0xb1][0x10][0xb5]$[0xb1](=[0xb5]D!)'55%3/]75%=U![0xad]4/[0x19]t}SbNf[0x9][0xb6]C.[0x9][0xac][0x8c]05[0xa0]Wo[0xc3][0x14][0xe9]nV[0xaa][0xf6][0x9b]P[0xe3][\n]"
17:11:38.920 [main] DEBUG org.apache.http.wire -  << "[0xa3].24[0x6][0x9d]iD[0x9f][0xb8]B[0xd4]Ed[0x8f][0xbd][0xa1][0xfa][0x86]lc[0xa0][0x9][0xd5][0xd8][0x84]^'G[0x99]"[0xed]9[0x84][0xd7][0x10][0xa8][0x9e][0x81][0xb]C[0x1d]gj[0xc]ZyH[0x97][0x98]A[0xda]F[0x88][0xb7];CDm`naN[0xa7]yz[0xf0]M[0x88][0xd0][0xa2][0x9]Wi[0x8f][0x16][0xc2][0x84][0xa7]e[0xa0]aO[0xbf]K[0x87]LA[0xf3]$p_[0xac]@[0xe0]z$[0xec]+[0x9]MMA[0x93]O[0xf4]I*[0x88][0xd9][0x16][0xf8][0xfe][0x3][0xd4]P&[0xb1][0xcd][0xf][0xb]q[0xb]z[0xad][0x88]0E[0xba][0xa4][0x99][0x9a][0xad]z[0xb][0x3]PO[0x94]>[0x91][0x80][0x18][0xe9][0x81][0x97][0x1a][0xa8][0x91]@[0xd2][0xc0][0x89][0xb9][0x1]h[0x8d]$}\[0x8e]hAS>C[0x81][0xea]eD[0x7][0x2][0x9a][0xa4]L-[0x8c][0xe8]r[0x1f][0x8c][0x99][0x1]x[0x89][0x1b]4[0x13]#[0xa6][0xa0][0xd1][0x9c][0x87][0xf5][0xcc][0x5]SSzM[0x91][0x99][0x82][0x96][0x17]B[0xdd][0x88]<~[0x8f][0xea]J[0xcc]f540[0x8d][0xe8][0x97][0xba]A7[0xb5]@[0x1d]J[0xc4][0xf8]>[0xf6][0x12][0xd1][0x90]n[0xf3][0xa4][0xa6][0xa0][0x81].[0xa8]s[0xc9]j[0x82][0x12][0xa9][0x9][0x16][0xf]F[0xf4][0xda][0xe5]dj[0x84]8[0xdd][0xb]6p[0x86][0x9a]X0[0x8e][0xe3]16[0x5]M[0x1a][0xd3][0xa5] [0x1]-[0x9d][0x87][0x85]z[0x11]iw[0xf5]a[0xc]x[0x18][0x9a][0xd1]k[0x90][0xd5][0x14]t[0xde][0x19][0xd4][0xd9][0xb8][0x7]6PC[0x19][0xef][0xf2]#Sz-o1[0x5][0x1d][0x10][0x6]u9q[0x95][0xb][0xaa]/[0x90][0xc6]K[0xa0])[0xd9][0xc2][0x2]4^A[0x97][0xc4][0x82][0xb4][0xdd][0x84]Z[0x3]#[0x90][0x19][0xc][0xc2]k)[0xa1][0x9e]56[0xa3][[0xb3][0x18][0xb4][0x96][0x1f][0x1a]Q[0x98][0x3][0x8][0xa8][0x91][0x82]q[0xf5][0x8a][0x85]%h[0xf5];}[0xe2][0x4][0xd1][0x90]D[0x1f][0xe8]Eu$i[0xe5][0xa3])[0xdd][0xd6][0x9][0x9b][0x82]NK[0x82][0x6]4[0xf1][0xd3][0xb8][0xb0][0x92][0x14][0x9a].[0xcc][0xcc]A[0x87][0xc4][0xd3]'[0xc0][0x11][0xdd][0xef][0xe0][0xfc][0xbc]J[0x85][0x80]`[0xcc]+[0xb][0xc1]w[0x9c]f$[0x16]+[0xe4][0xe5]+[0xe4]d[0xe6]f[0x96][0x80].[0xa7][0x80]:[0xd5][0xc8][0xd2][0x12][0xcf][0x8e][0x9d][0xd8]Z[0x9d]j%O[0x17]%+3[0x3]SP[0x1a][0x82][0x6][0xc][0x5][\r]l|+[0x8b][0xcc][0xcd][0xe8]5[0x82][0xe][0x1e][0xca][0x82]z[0x6][0xd1][0xc2]DM[0xa1][0x94][0xb7]d[0xa1]AlL[0xb7]q=[0xf0][0x19][0xf6]Po[0x91]zz[0x7][0xa5][0xa3].f[0x6][0xa0]u[0xdd][0xf4]H[0xf3]&[0xa0][0xc6]5[0xd4][0x97][0x88][0x91]/[0xd4][0xc8]CY[0xdb][0x6][0x8d][0x7]3p[0xde][0xa6][0x8b][0xb]Ac<P[0x17][0x12][0xd1][0xd8][0xa5]|[0x1b][0x85][0x5][0xa8]UG"
17:11:38.920 [main] DEBUG org.apache.http.wire -  << "[\r][\n]"
17:11:38.920 [main] DEBUG org.apache.http.wire -  << "55A[\r][\n]"
17:11:38.920 [main] DEBUG org.apache.http.wire -  << "[0x1f][0x9f]![0xf6][0x1c]b[0xdf][\n]"
17:11:38.920 [main] DEBUG org.apache.http.wire -  << "[0x88][0x1a][0xf][0xb4]_[0xbc]lfnf[0x80][0xa7][0x4][0x83][0x14]_[0x86]&FHQ[0x92][0x9e][0x98][0x9b][0x9][0xbe][0xf9][0xb][0xd5][0xad]i[0xf9]E[\n]"
17:11:38.920 [main] DEBUG org.apache.http.wire -  << "[0x10])[0x85][0x82][0xd2][0xa2][0x82][0xfc][0xe2][0xd4]b[0xa5]Z[0xa4][0x12][0xd0][0xc4][0x4]Q[0xb9][0xe1][0x9f][0x9d]E5[0x17][0xbf]ZX[0xe2]4[0x0][0xa5]j[0xfa]D![0xa2][0x7]@[0xe2][0xa8][0xe][0xaa][0xbf]H[0xd4][0xc][0xf5][0xa8][0x5][0xdd][0x86][0x84][0xc0]K[0xbf][0xa0][0xb9][0x90][0xd4][0xd2][0x10]ii[0x10][0xd4][0xdd]Ft;[0x94][0xd4][0x4][0xd4][0x17][0x84][0xba][0x9b][0xc4]q[0x7]3[0xbc][0xb5]9U[0xf3][0x2][0xa2][0xdd]A[0xc3][0x89][\r][0xec][0xeb][0xd1][0xa0]1bl@[0xbf]=[0x88][0x88][0xa1]9[0xdc][0xa3],d[0xec]N[0x84][0xfa][0xc4][0xd4][0x84]n[0xf1][0x6]:[0xf][0x2][0x9a][0xb6]H[0xcd][0x13][0x18]=lcC[0xd0][0xc1][0xab]t)[0xb3]@[0xbb][0x1f][0xa1][0xce]F[0xea]s[0xa2][0x96]GH[0x12][0xd0]p5[0xb1][0xa0][0xd7][0xe0][0xad][0x9][0xe8][0xc4]b[0xa8][0x3]1[0xf7][0x98][0xa3][0xba][0x13]S[0x1e][0xea]\3[0xb][0xd0][0xb6]>[0xfa][0x84]'[0xa2][0xe][0xc0]<q[0x1f][0xd5][0xb9]h}[0x1b]s[0xba]][0x17][\r]>[0xa2][0x5][0x1a][0xa6]8[0xb6][0x95]#[0x8a]Gh[0x10][0x1a][0x1b][0x83][0xee]9[0xa3]O[0x10]"[0x96][0x11]a[0xed][0xd4][0xa0][0x86]"[0xde][0x92][0x8c]~'[0x9b][0x9b][0x80]6KB[0xc3][0x14][0xeb][0x10][0x14][0xaa][0xab]1W[0x96]Z[0x98][0x80][0xf6]c[0xd3]'[0x80][0x11][0xb3][\n]"
17:11:38.920 [main] DEBUG org.apache.http.wire -  << "[0x90]q[0x19]l[0xfb][0x3]P[0xdd]K[0xdc][0x18][0x16]4[0xad][0x98][0x99][0xd1]o[0x97][0x1f]be)[0x19][0xb5][0x4][0xaa][0x1f][0x89]X[0xc6][0x9][0xf5][0xa0]9[0xfd][0x8e]"[0x1][0xcd][0xb8]C[0x93][0x15]b[0xf8][0x9][0xd5][0xdd][0x4][0x97][0xc9]@]ml[0x1][0x1a][0x5][0xa6]K[\n]"
17:11:38.920 [main] DEBUG org.apache.http.wire -  << "C[0xba][0x87][0x17][0xb3]PFu=[0xc6]r[0x18]#[0x3][0xd0][0xba]y[0xfa]8[0x13][0xb1][0x1c][0x6][0xff][0xa0][0x1a][0xda]E[0x1c][0xa6][0xe0]N[0xf]][0x9c][0x8]:4[0x10][0x1a][0xff]T[0x9d]@64[0xa0][0xd7]B[0x16][0x13][0xd0][0xf9]/P/[0xe0][0xef][0xb1][0x11]H[0x18]f[0xc6][0xa0][0xe9][0x0][0xba][0x84]:hE'[0xd4][0xc9][0xf8][0x13][0x6]<N[0xa0]y[0xcc][0xd0][0x92]^S:[0xe0][0x13]^[0xa0]n$4p[0x8d]u[0xa8][0x4][0xea]b3K[0x3][0xb][0xfa]t[0xf3][0xc1][0xb][0x1f][0xa1].&[0xd4]6[0xc2]7B[0xc]u[0xb8]![0xdd]F[0x9d]LA![0x4]u8[0xb1][0xd3]PT[0x1b][0xe4]41[0xb4]4[0xa7]S[0xfc][0x80][0xf6][0x83]@[0xbd]I[0xf5]U[0xf7]T0[0x10][0x1a][0xef][0xa6]Ft[d[0x8]*"[0xa1][0x1][0x82][0x98][0xbc]E-[0xa5][0x10][0xe2]P[0xe7][0x19][0x99][0x80][0x82][0x91][0x1e][0xa5][0x94])[0xe8][0x1a][0x10][0xa8][0xf3][0x10]]HT[0xe7]![0xc4][0xa1][0xce]33[0x3][0x9d]/O[0x17][0xe7][0x81][0x96][0x93]@[0x9d][0x87][0xa8][0xe4]Q[0x9d]G[0xcc][0xfd][0xb1][0x16][0xf4][0x9b][0xb3]Et<p[\r]c[0xed][0x90]@[0x83][0xd6][0xd8][0x8][0xb4][0x14][0x83].A[0xb]j_C[0x83][0x96][0x88]V+j[0x98][0x93][0xd1]N[0x86]z[0xd0][0xd0][0x1c][0x14][0xa5][0xf4][0xf1] [0xa2]e[0x86]/[0x8d][0xa0][0xfa][0xc][0xdb][0xd1][0xe4]P[0xa7][0xd3]q[0x9d]%[0xd2]i[0xb7][0xa4][0xe][0x4][0x11]V[0xf][0xf3][0x8e])[0xdd]b[0x2]il[0x1e]m[0xed][0x10]j[0xe0]S<[0xd7]blN[0xaf]A/S[0xd0]l(4[0xfb][0xc0]Z[0xf6][0xa8][0x9e]![0xb0][0xce][0xdd][0xc8][0xc0][0x9c]^u2h[0x97]5[0xd4][0xa9][0x84][0xda]L[0x98][0xf2][0xd0][0xd4]bJ[0xb7][0x9d][0x9e][0xa6]H#[0xec][0x14][0xb5][0xf5][0x8d][\r]A{F[0xe9]R[0xd4][0x98] [0x6][0xdc])o[0xb4][0xa1]%[0xa3][0x92][0x8c][0xbc][0xfc][0x9c][0xfc][0xf4][0xd2]T[0xc4][0xb1][0xe3][0x86][0xe6]t[0xdb][0x8c][0x82]4$[0x8d]c[0x98][0x8f][0x88][0x15][0xea][0xc6][0x16][0xf4]:[0xd0][0x2]|[0x12][0x1f]4[0xad][0x13][0xb7]B[0x1d]y[0xca][0x0][0x9a][0xd6][0x8d][0xcc]A;C[0xe8][0x92]p@[0xc5][0x15][0xd4][0xb9]Th[0xdd][0xa2][0xa6][0x1c]*[0x18][0x8][\r][0x10]c[0xb][0xd0][0x19]E[0xf4][0x9][0x10]D[0xa5]M[0xcf][0xa3]@[0xcd],[0xe9][0xb5][0xa3][0xd1][0x14][0x94][0x15][0xa0]Q[0x8e]#GA[0x6]T[0x89]^[0xe8]fA[0xbf][0xde][0x1d]h6[0x1f][0xea]vR[0x8a]f[0xcc][0xf1];h[0xc2]2[0xb3][0xa0][[0xc7][0x14]4{[0x3]u:[0xe6][0x8a]k[0xd4][0x8c][0x83][0xb1][0xb5][0xde][0xd4][0x92]^'6[0x98]"[0x8d][0xd5][0xe2]>[0xe8][0x2][0xd5][0xb9][0x98][0xd3][0xe1][0xa6][0xe6][0xf4][0x9a]h1[0x5][0xad]+[0x82][0x6]+[0xa1][0xa3][0x0]p[0xb6]-[0x8c][0xcd]@[0x13][0x1f]t)^[0x90][0x6][0x95][0x89]Y![0x83]][\r]4[0xf1][0x9a]X[0x80]"[0x8b]>[0xce]F[0x94][0x8a]$.[0xec]@M*[0xe8][0x3][0x91]P[0x9f][0x98][[0xd0]mI[0xa4][0x19][0xa2][0xa5]D[0xc3][0xa5][0x9]T5[0x1a][0x1a]H[0x86][0xe0][0xe9]9[0xfa]D7br[\r]_[0xeb][\n]"
17:11:38.921 [main] DEBUG org.apache.http.wire -  << "5n[0xe1][0x95][0x9][0xd4][0xbd]F[0x96][0xa0][0xc3][0x82][0xe9][0xe2]^[0xd0]x5[0xb4][0x10]@Y[0xdb][0x87][0xea]@[0x14])[0xa8]#M,[0xe8]V[0xef][0x82][0xba][PG"-F@u"IS[0x94][0x86][0xa6]t[0x1b]DD:[0x8d][0xe][0xa9][0xb4]Gu;[0xa5]kD[0x8d][0xcd]@[0x85]#}[0xd2][0xb]"}[0x13][0xdb][0xd6]A[0xf5]+[0xda][0x96]Yhb2[0xa4][0xdf][0xde]b[0xa4]s[0xe8][0xc8][0xae][0xf6][0xc]-A[0xe7][0xff][0xd0]%[0xc0][0x91][0xe][0x9a]C[0xee][0xef][0xa0][0x6]*[0xb2][0xc]4D-[0xc0][0x9b][0xa8][0xe9][0xe3]D[0xc4][0xc0])[0x91][0xdb][0xf]P][0x8f][0xa3]j3[0xb6][0x0][0xcd][0xc3][0xd1][0xc7][0x7][0x88][0xaa][0x8d][0xfc][0x81],TO![0xa6][0xeb][0xa1][0x11]bh[0xc][0xda][0xd5]N[0x1f][0xef] [0x96][0xd5][0x11][0x1e]SDu6[0xfa][0xd9][0xd4]P[0xc7][0x9b][0x1a][0xd2]/[0xc1]#J[0x18][0xb4][0xb2][0x2][0xd5][0xa5][0x98]k[0x94][0xcc][0xcc][0xf0][0xed][0xb9][0xa0][0xe2]*MS[0xd0][0xe8][0x14][0xb4]B[0xc2]l[0x1a][0xa3]:[0x13]m[0x99][0x97][0x91][0x5][0xdd][0x1a][0xcc][0xa0][0x18][0x83]:[0x12][0xb9]|@u[0x1e][0xb2][0xc]4[0xae][0x8d][0xcd][0xe9][0xb6][0xc1][0x19]tM[0x9][0xd4][0x89][0xb8][0xb6][0x8b]`.[0x95]2[0xb2][0xa4]_[0x10]"V[0xa6][0x13]\f[0x83][0x1a][0xae][0x98]s[0xf2][0xb0][0xd0]5[0xa0][0xd7][0x9]Gf[0xa0][0x1d][0x83][0xd0][0xd0]%T[0xd3]a[0xca][0xc3][0x9c]kB[0xaf][0xa6][0x85][0x99][0x81]![0xfc]^Q2&[0xa9]P[0x83][0x1f]K[0xb2]63[0x6][0xed]=[0xa6]G[0xf9]k[0x86]t[0x88][0x11]R[0xf2]Eu!"[0xbd][0xc3]B[0xda][0x8][0xd4]![0xa7][0x8f][0xfb][0xc8]N[0xd6]x[0x97][0x92]X[0x80]V+[0xd1][0xc7][0x3][0x88]e[0xb6]d[0xed][0x99][0x3][0x0][0x0][0x0][0xff][0xff]"
17:11:38.921 [main] DEBUG org.apache.http.wire -  << "[\r][\n]"
17:11:38.921 [main] DEBUG org.apache.http.wire -  << "8C7[\r][\n]"
17:11:38.921 [main] DEBUG org.apache.http.wire -  << "[0xca][0xcc][0xcf]S[0xb2]R[0xc2][0xda][0xab]1[0x4]u6[0xe8][0xe3][0x9][0xc4][0xc8][0x0]z[0xb][0x8]5[0xa9][0x10][0x98][0x8e][0xb2][0xb0][0x4][0x8d][0xbc][0xd2][0xc7][0xc9][0x88]v[0x12]zC[0x1][0xd5][0xc9][0xe8][0xb2][0xd0]4njF[0xaf]~[0x97][0x19][0xd2][0xa2][0x1d]X[0x15][0x8c][0xea]D"[0xd6][0x18]Y[0x98][0x81]f[0x87][0xe8][0x12][0xb2]HkMH[0x19][0x9e]E[0xac][0xac][0x80][0x86][0xb0][0xb1][0x1]h[0xc6][0x96][0x1e]N6[0x5]-X[0x86]V/8{[0xe5][0xb4][0xdf][0xa7]fjJ[0xb7]V[0x1f][0xd2]V7[0xf8][0x88][\r]j[0x9a][0xc2]l[0x93]Z[0xd0]m[0xf8][0xd9][0x4][0xb1][0x83][0x90][0x16][0xd5]'=[0xc3][0x19][0xd1]}[0xc1][0xba][0xe0][0x6]5[0xcc][0xb1]*[0x81][0xe6][0x6]#K[0xba]MR[0x80][0x6][0xc3][0xa0][0xb9][0x1][0xfb][0xd0]3[0xaa][0xab]![0x83]'[0xd8]V[0xde]C[0x9d]nhI[0xaf][0xbd][0xa7][0xa6][0xa0][0xc1]F[0xa8][0xd3][0x11][0xb][0xc6]P[0x9d]K[0xe9][0x8][0x95][0x99][0x9][0xdd]r)[0xd2][0x8e]![0xac][0xad][0x15]T[0x8f]aU[0x2][0x8d][0x2]3[0xba]5[0xd5]MM[0x11]C([0x14][0xcd][0x12][0xa0]/H6[0xa1][0xdb][0xf1][0xbf][0xa6]H[0x17][0xc1]a[0xcd][0x92][0xa8][0xe1]N[0x8b]a~sc[0xba][0x9d][0xa4][0x9][0xea][0x81]B[0xb3][0xc][0xce][0x16][0xbe]+[0x96][0xe5][0x1f][0xe6][0xe0][0x93]+[0xe9]R=#[0xdd][0xaa]Fb[0xdf][0x15]_[0x9e]02[0xa7]W[0x93][0xc8][0x14][0xe9][0xf2][0xb1][0x1b][0x1b]ov[0xdd]X~[0xb3]MIG[0x9]5[0x19]![0xca]+h[0x9e]5[0xa5][0xdb][0xde][0x1c]S[0xa4];[0xb7][0x8]MKc[0xe9][0x8e][0x1a][0x1b][0x83][0xe][0xfe][0xa0]KJ[0x0][0x1d]w[0x8]M[0xac][0x88][0xf5][0xca][0xa8][0xe1][0x8]k"CC[0xd1][0xcc][0xd8][0x90]^Ci[0xa0][0xe5])P[0xc7][0xa1]d[0x18]T[0xf7]Q[0xbe]4[0xb][0xea]3[0x13][0xfa][0xad][0x87][0x1][0x9d]a[0x4][0xf5][0x19][0xa2][0x99][0x8e][0xea]-[0xdc][0xab]+,A[0x1d][0x2][0xfa][0xa4][0xe]D_[0x9a]Zc[0xdf][0x4][0xcb][0x1b]hd[0x98][0x19][0x80][0xa6][0x1f][0xe9][0xe3]KDg[0x9b][0xac]9[\n]"
17:11:38.921 [main] DEBUG org.apache.http.wire -  << "[0xf4][0x8a][0xd5][0xd0][0x2]4\E[0x17][0xa7][0x83][0x8e][[0x83][0xa6]#R[0xba][0x86]8[0xd3][0x96][0x89][0x19][0xdd][0xe][0xf]E[0xba][0xbb][0x87][0xb8][0xf9]Y[0xd4][0xec][0x1]?[0xae][0x13][0x9a]^[0x8c][0xcd][0xe8][0xb6]8[0x6]i[0xd7][0x1a][0x9e]b[0x9]E[\n]"
17:11:38.921 [main] DEBUG org.apache.http.wire -  << "[0xe6]Hs[0xd0][0xd9][0x91][0xf4]I[0x19][0x88]DM[0xe5]a0SSP[0xe9]E[0x17]O ][0xf6]A[0xd5]F!jR[0xc2]:[0xd6]G[0xbf][0xa1][0x3][0xa4][>[0x88][0xe9][0x1d][0x12][0x97]Y[0xa0][0x9][0xce][0xd4][0x9c]^3[\n]"
17:11:38.921 [main] DEBUG org.apache.http.wire -  << "[0xa6]HW|[0x90]R[0x14]![0xaa]?[0xa8][0x93][0xcd]M@[0xbd][0x5][0xfa]$/[0xc4][0x90]%[0xfe]QV"[0xab][0x5][0xa8][0xf][0x8c][0xc][0xe9]v[0x8f][0x3]h[0xc1]8[0xb4][0xfc]'[0xbb][0x1b][0x8e][0x9a][0x19][0xc8]6[0x6][0xe6]y[0xfa][0x1d][0xab][\n]"
17:11:38.921 [main] DEBUG org.apache.http.wire -  << ":[0xc0][0x5][0xea]y[0x1c]cn[0x90][0x91][0x14][0xa2][0x97][0xdc][0x9a]Y[0xd2][0xab][0x93]h[0x6]Z[0x8a][0xe]u;[\r][0xc7]AQ[0xa3][0x96][0x86][0x16]A#[0xdf][0x8c]n[0x1d][0x17]3[0xd0][0x82][0x9]h[0x0]"[0x8a][0x10]T[0xff]"[0xc4][0xa1][0xce]35[0x7][0x95][0xb5][0xf4](Z[0xcc][0x88][0xbd][0x8][0x0]m[0x19][0x3][0xd4][0xa1][0x16][0x86][0xa0]#1[0xe9][0xe3]P[0xc4][0xcc]*rO[0x14]5$1[0x96]N[0xd3]o[0xab][0x8a][0x19][0xd2][0xb1][0xfe](M*T[0x17][0xa2]HAC[0xd1][0xc8][0x14]4*O[0x9f]PD[0xcc][0x9a][0xe2][0xdd][\n]"
17:11:38.921 [main] DEBUG org.apache.http.wire -  << "[0x87][0xb9][0xf2][0xc7][0x2]T[0x8a][0xd1][0xc7][0x8d][0x88][0xce][0x1c][\r][0x1b]S$56[0xa1][0x11]ebF[0xaf]s=[0xcc][0x90]6Fc[0xae]k@MR[0x98][0xf2]P[0xe7][0x9a][0x1b][0x80]F[0xc5][0xe9][0x13]g[0x88][0x5]O8[0xaa]8[0xf2][0x8f]a[0x86][0xf9][0xc6][0x1c][0xb4]b[0x89].[0xbe][0x1][0xb5]E[0xa1]e6[\r]v[0x1][0x11]3iK[0xb7]c[0xd5][0xcd]@[0x7][0xea]@[0xfd]J\[0x8b][0x1d]5[0xf1]a[0xef][0x9]@[0xa3][0xcc][0xd8][0x0]T([0xd2]'[0xca][0x10][0xf3]md[0xb7][0xc]Q}[0x86]{[0xff][0xb][0xd4]w[0xe6]F[0xf4][0x1a]`4C:[0xce][0x1c]sQ[0x16][0xaa][0xb3][0xc9][0x1f][0xff][0x82]z[0xcb][0x88]nwd[0x9a]![0xed]3[0xc7],[0xc4]P[0xbd]E[0x95]|[0x8][0xf5][0xa1][0xa9][0x9][0xbd]n[0xc6]4[0x3][0x1d][0xdc][\n]"
17:11:38.921 [main] DEBUG org.apache.http.wire -  << "[0xcd]][0x98]cY[0xa8]>[0xc4][0x94][0x87]:[0xd7][0xc4][0x88]^[0xe7]][0x98][0x81][0x86][0xf3][0xa1][0xce]%u[0xd1]-a[0xf5]P[0xef][0x98][0x81]W[0x9e][0xd2][0xa5]P[0x0][0xf5][0x92][0xa0][0xde][0xa1]|[0xf0][0x1d]5[0xb6]0[0x97][0xbe]Y[0x80]N[0xb4][0xa0][0x8b][0xb7]@[0xb3]WPo![0x1a][0xbc][0xa8][0xce]Cn"C[0xc3][0xdd][0x88]nK[0xd1][0xc1]c[0xb3]P[0x7][0x12][0x1c]FGu7[0xc5][0xa5][0x97][0x99][0x9][0xdd][0xaa][0x1c][0xa4][0xbd][0xe9]([0xad]zT[0x1f]Q[0x9e][0xf0]`[0xf1]G[0xb7][0xc3]5[0xcd]@k[0xf1][0xa0][0xf1][0x87]k[0xb2][0x8d][0x88]F[0x8c][0xb1]![0xdd][0x16][0xab]"-=[0xc0]]m[0xa3][0xc6][0xb][0x8e][0xd5]}[0xe6]F[0xa0][0xdc]E[0x97]l[0xc][0x1a]>[0x84][0x86]2[0xfe]Q=[0x2]k'[\r]-[0xe8][0x97][0xe4][0x11][0xad],[0xf2][0x8f]7[0xb0][0x0]M[0x8a][0xd3]%[0x84]A[0x8b][0x91][0xa1]!L[0xec][0xa1]g[0x18][0xe5][0xba])[0xdd][0xe][0xc3][0x2]o[0x80][0x83]:[0x97][0xd0][0x8e][0xc][0xaa]6[0x87],[0xe9]u<[0x15]xs[0xb][0xd4][0x87][0xc4][0xe]y[0xa2][0xe6]Zx[0xe7][0x12]Z([0x1a][0x1a][0xd0][0xad][0xd6]EZ[0x81][0x80][0xa7][0xb8][0xc7]L?f[0xf4][0xda][0x1]f[0x6][0x9a][0x88][0x86][0x86].[0xe1][0xfb]^[0xc8][0xbe][0xec][0xc5][0xc][0xb4][0xb8][0x1c]jMvfAb[0xb1]Bb^zf[0x1e][0xc6][0xb2][0x96][0xdc][0xd4][0xbc][0xf4][0xd4][0x9c][0xd2][0xc4][0xa2][0xec][0xc4]<[0x88][0x12][0x85][0xe2][0xc4][0xbc][0xf4][0xc4][0x12][0x85][0xec][0xd4][0xbc][0xe4]D[0xf0]%[0xb][0xf0]X[0xc4]wM[0x3][0xd2]5[0xb]fH;Q[0xc1]^[0xcc]+[0xcd][0xce][0xc6][0xb0][0x19]~[0xa7][\r][0xba][0x1f][0x8d][0xf1][0x8e]a![0xdb][0x83][0xb4]c[0x11]l[0xf][0xcd][0xae][0xce][0x1]W[0xea][0xd0][0xd0][0xa4][0xb5]M[0x88][0x99]VZ[0xdb][0x84]X[0x9]Hk[0x9b][0x10]3c4[0xb6][0x9]i'[0x1a][0xd8][0xa6][0xbc]R[0x9a]$<[0xa4][0xdd]d[0x11]N[0xfe][0x11][0x86][0x18][0x89][0xdb][\r]~[0x13][0x9][0xe2]@&[0xfc]W[0x4] [0xa7]k[0xa4][0x89]j[0xec][0xc6][0x93]e("aa7[0x94]B7#[0xe2][0x18][0xbb][0xf1]d[0xb9][0x19][0xd1][0x92][0x1]G'[0xde][0xc][0x8e]^[0x8e][0x10]}1[0x96]9[0xd2].*[0xc2][0xd6]Pr[0x5][0x97][0x19][0xd2][0x1d][0xb7][0x90][0xaa][0x15][0xdb][0xba]l[0xd4][0xca][0x94][0xb8][0xf1]>h[0x19]md[0x2][0xba]g[0x81].[0xcd]6[0xd0][0xe8][0xc][0xb4]H[0xc4][0xd5][0xf4]E[0xf5][0x8][0x89][0xcb][0x8d][0xa1]>26[0x1]-[0xed][0xa1][0x8b][0x8f]@[0x97][0x91]@}[0x84]h [0xa0][0xfa][0x1][0xa5]M[0x1]u[0xa1][0x99])h[0xde][0x9c]>.DL[0xaf][0xa1][0xf7][0x8c]P[0xdd][0x89][0xb4][0x8c][0x15][0xea]J[0xfa]]!h[0x6]:[0x9d][0x14][0x1a][0x8e][0x84][0x96][0xab]"FF[0xa0][0xce]42[0xa4][[0x2][0x6][0xf5]{[0xa1][0xce]DY[0xb3][0x83][0x1a][0x92]XW[0x98][0xc3][0x1c]kL[0xaf][0xb5][0x93]f[0xa0]-[0x1a]P[0xc7]b]4[0x8d][0xea]h[0xac]J[0xa0][0x8e]64[0xa5][0xdb][0x80]8[0xe8][0xec]P[0xb8][0xa3][0xb7]>X7[0xb][0xd4][0x1d]][0xdf][0xfb]`[0xdd][0x12][0x10]{}[0xfb][0x83]u+[0x1f][0xac][0xdb][0x87]Qy[0xe2][0x1c]c52[0x5][0xd5][0x8c][0xf4][0xc9]i[0x88][0xa9]2[0x8a][0xf7]8[0x81]|[0xbd]n[0xd3][0x3][0x90][0xc7]7=X[0xb7][0x1f][0xec][0xf7][0xe]Duhl[0xc][0xda][0xd1]C[0x17]_[0x81][0xba]a[0xd0][0x8]![0xae][0xcc]F[0x1f][0xf2][0x80][0xa6]![0xb]K[0xba][0xed][0xd5]F[0xba]6[0x95][0x88][0xeb]N[0xb0]*[0x81]:[0xda][0xc4][0x9c]n[0x9][0x1f]t[0xac][0x1]4[0x9c][0xd1][0x96]d[0xa0][0xe6]S[0x8c][0x8e][0xb2][0x19][0xe8][0xe0]?[0xfa]$[0x5][0xc4][0xfc]=[0x9e][0xd2][0xf][0xef][0xa5]7&&[0xa0][0xf9]o[0xfa][0xb8][0x16][0xd1]x[0xc5][0xb9][0x3][0x14]w[0x83][\n]"
17:11:38.921 [main] DEBUG org.apache.http.wire -  << "[0x9a][0x0],[0x8c]A#[0x90]tq/[0xd2][0x8e]U[0xf2][0x7][0xcb]Q[0xd3][\n]"
17:11:38.921 [main] DEBUG org.apache.http.wire -  << "[0xf9][0xe6]@[0xbd]ob[0x9]:W[0x8d]>[0xde]G[0xb4]Sh[0xb8]8[0x4]%[0xdd]B=ihL[0xb7][0xa3][0x1][0x90][0xb6][0xc1][0xe2][0xcd][0xe4][0x14][0xaf][0xa9]02[0xa0][0xd7]I[0xff]f[0xa0]-[0xdd][0xd0][0x82][0x8b][0xe2]j[0xf][0xcb][0xec][0x96][0x99]%[0xe8]pP[0xfa]$AD[0xf9][0x6][0xdf]Q[0x81][0x9a][0xa1][0xe0][0xc2][0xb0][0xa4]c[0x4][0xda]kG[0x1f][0xc7]![0x8a]3[0xd8]~(T[0xb7]a[0x8e],C[0x1d]il[0x0][0x9a][0xf6][0xa1][0x8f]#[0x11][0xe3]C[0xf8];[0x1b]DO*[0x1b][[0xd0][0xad]/[0x7]jRA[0x13]2[0xf6]:[0xc]5[0xbc][0xf1][0xb5][0xf2][0xcd]-[0xe8][0xd6]%[0x1][0xad][0x4][0x83][0xba][0x1a][0x9e]:Q[0x1d]Jf'[0xda][0x18][0xb4][0x88][0x3][0x9e]j[0x8c]t[0x94][0x9c][0x13]KR[0xd3][0xf3][0x8b]2S[0x8b][0x95][0xac][0xa2][0xa9]x`[0x95][0x19]([0xac][0xa0]^@[0xac][0x98]E[0xf5][0x3][0x9e][0xeb][0x13][0x8c][\r][0xe8][0x96]B[0x90]vo[0x13]~&[0xc6][0xb1][0xb]fF[0xa0][0x81]vx[0xc8][0x1a][0xd0]2d[0x11]%[0x1a][0xee][0xa6][0xe]jH#[0xb5][0x95][0xa0][0xe5][0x87][0x85][0x5][0xdd][0x6]+@E=4%[0x90][0xb4][0x8c][0x13][0xd5][0xb]$i[0x85]z[0xd2][0x88]n7[0x14][0x9b]![0x9d][0x18]M[0xdc]@[0x1d][0xaa][0xef]h[0xbf][0x88][0xde][0xc8][0x4]4[0xba]I[0x97][0x4][\n]"
17:11:38.921 [main] DEBUG org.apache.http.wire -  << ":[0xe9][0x18][0x1a][0xe1][0xc4][0xe7]([0x8a][G[0x86][0x86][0xf4][0xda]@f[0x6][0x9a][0x81][0x85]z[0x90][0x94]MI[0xb8][0xc7]3,A[0x13][0x9][0xf4][0x89][0x1b]De[0x8e][0xd8][0xc9][0x8e][0x9a][0x16][0x89][0xae][0xc6][0x8d][0x8c][0xe8][0xd6][0x8f][0x2][0xf5]X[0xa0]!N[0xe4][0xae])T?[0xe1][0x18][0xbf]0[0xa4][0xdf][0xe9]P[0xa0]e[0x14]P[0x1f][0x10]Z[0x14][0x8a])[0xf]-[0xcf],[0xc][0xe8][0xb6][0xd3][0x4][0xe9][0xa8][0x1]*\[\r][0x81][0x1a][0x19][0x88][0xf6][0x0][0xd4]_&[0x86]t[0x1b][0x91]A[0xda][0xfc][0x8f]T)[0xa2][0xba][0xf][0xef]*i3C[0x90][0x11]t[0xc9][0xab][0xa0][0xf2][0xc][0x9a]d[0xa8][0xb2][0x82][0x4][0xd5][0x97][0x88][0xb5]b[0xd0]X03[0xa6][0xdb][0x92]}[0xd0][0x11]UP[0x9f][0xe1][0xba][0xf8][0x8c][0xaa][0xe3][0x5]P[0x1f][0xd2]qu[0x10]h[0xf4][0x1][0xea]C[0x92]/L[0xc3][0xd2]a62[0xa3][0xdb][0xd6]-s[0xc4][0x88]7[0x8d]'A[0x91][0xce][0xc5][0x6][0xdb]D[0xa3]Iz[0xa4][0xd3][0xc][0xc0][0xd6][0xe0][0x9d]<[0xa6]hV[0x17][0xd4]g[0x81]Fz@[0xb0][0x82])[0xc6][0x84]Fzbn[0xaa][0x82][0xa9]BqIb[0x11]b[0xd8][0x9f][0xf8][0xe5][0x0][0xa0][0xa3][0x8][0xa0][0xc6][0xd3][0xda]#tK[0x3][0xa0]"[0x87]h?[0x91]=[0xb3]o[0x6]ZJ[0x4][0xb5][0x6][0xfb][0xaa][0x4][0x8a][0x16]=[0x98][0x83]N[0xe6][0xc0]k<[0xf1][0xd1][0x1d][[0xcb][0x5][0x0][0x0][0x0][0xff][0xff]"
17:11:38.921 [main] DEBUG org.apache.http.wire -  << "[\r][\n]"
17:11:38.921 [main] DEBUG org.apache.http.wire -  << "A[\r][\n]"
17:11:38.921 [main] DEBUG org.apache.http.wire -  << "[0x3][0x0][0xfe][0x9a]*n[0x18][0xe8][0x13][0x0]"
17:11:38.921 [main] DEBUG org.apache.http.wire -  << "[\r][\n]"
17:11:38.921 [main] DEBUG org.apache.http.wire -  << "0[\r][\n]"
17:11:38.921 [main] DEBUG org.apache.http.wire -  << "[\r][\n]"
17:11:38.922 [main] DEBUG io.restassured.internal.RestAssuredHttpBuilder - Parsed data to instance of: class org.apache.http.conn.EofSensorInputStream
17:11:38.940 [main] DEBUG org.apache.http.impl.conn.BasicClientConnectionManager - Releasing connection org.apache.http.impl.conn.ManagedClientConnectionImpl@4ef55aa6
17:11:38.940 [main] DEBUG org.apache.http.impl.conn.BasicClientConnectionManager - Connection can be kept alive indefinitely
17:11:39.431 [main] DEBUG net.thucydides.core.steps.StepInterceptor - STEP DONE: I send GET HTTP request all products
  &amp#27;[32mWhen &amp#27;[0m&amp#27;[32mI send GET HTTP request all products&amp#27;[0m      &amp#27;[90m# starter.stepdefinitions.ProductsSteps.sendGetHttpRequestAllProducts()&amp#27;[0m
17:11:39.435 [main] DEBUG net.thucydides.core.steps.StepInterceptor - STARTING STEP: ProductsSteps.receiveValidHttpResponseCode200 - I receive valid HTTP response code 200
17:11:39.435 [main] DEBUG net.thucydides.core.steps.StepInterceptor - STEP DONE: I receive valid HTTP response code 200
  &amp#27;[32mThen &amp#27;[0m&amp#27;[32mI receive valid HTTP response code 200&amp#27;[0m    &amp#27;[90m# starter.stepdefinitions.ProductsSteps.receiveValidHttpResponseCode200()&amp#27;[0m
17:11:39.438 [main] DEBUG net.thucydides.core.steps.StepInterceptor - STARTING STEP: ProductsSteps.receiveValidDataForResponseCode200 - I receive valid data for response code 200
17:11:39.894 [main] DEBUG net.thucydides.core.steps.StepInterceptor - STEP DONE: I receive valid data for response code 200
  &amp#27;[32mAnd &amp#27;[0m&amp#27;[32mI receive valid data for response code 200&amp#27;[0m &amp#27;[90m# starter.stepdefinitions.ProductsSteps.receiveValidDataForResponseCode200()&amp#27;[0m
17:11:39.895 [main] INFO  - 
  _____   ___   ___   _____     ___     _     ___   ___   ___   ___  
 |_   _| | __| / __| |_   _|   | _ \   /_\   / __| / __| | __| |   \ 
   | |   | _|  \__ \   | |     |  _/  / _ \  \__ \ \__ \ | _|  | |) |
   |_|   |___| |___/   |_|     |_|   /_/ \_\ |___/ |___/ |___| |___/ 

GET As a user I can get all products
----------------------------------------------------------------------
]]></system-out>
  </testcase>
  <testcase name="GET As a user I can&apos;t get all products" classname="Products" time="2.221">
    <system-out><![CDATA[
@Products @GetAllProducts-
Scenario: GET As a user I can't get all products     &amp#27;[90m# src/test/resources/api/Products.feature:12&amp#27;[0m
17:11:39.901 [main] INFO io.cucumber.core.plugin.SerenityReporter - Running feature from file:///C:/KULIAH/SEMESTER%206/MSIB/QA/Tugas/Mini%20Project/API/rest-api/src/test/resources/api/Products.feature
17:11:39.901 [main] WARN io.cucumber.core.plugin.SerenityReporter - Feature from file:///C:/KULIAH/SEMESTER%206/MSIB/QA/Tugas/Mini%20Project/API/rest-api/src/test/resources/api/Products.feature is not under the 'features' directory. Requirements report will not be correctly generated!
17:11:39.902 [main] INFO  - 
  _____   ___   ___   _____     ___   _____     _     ___   _____   ___   ___  
 |_   _| | __| / __| |_   _|   / __| |_   _|   /_\   | _ \ |_   _| | __| |   \ 
   | |   | _|  \__ \   | |     \__ \   | |    / _ \  |   /   | |   | _|  | |) |
   |_|   |___| |___/   |_|     |___/   |_|   /_/ \_\ |_|_\   |_|   |___| |___/ 

GET As a user I can't get all products(products;get-as-a-user-i-can-t-get-all-products)
--------------------------------------------------------------------------------
17:11:39.917 [main] DEBUG net.thucydides.core.steps.StepInterceptor - STARTING STEP: ProductsSteps.setGetApiEndpointsAllProductsInvalid - I set GET api endpoints all products invalid
17:11:39.917 [main] DEBUG net.thucydides.core.steps.StepInterceptor - STEP DONE: I set GET api endpoints all products invalid
  &amp#27;[32mGiven &amp#27;[0m&amp#27;[32mI set GET api endpoints all products invalid&amp#27;[0m &amp#27;[90m# starter.stepdefinitions.ProductsSteps.setGetApiEndpointsAllProductsInvalid()&amp#27;[0m
17:11:39.919 [main] DEBUG net.thucydides.core.steps.StepInterceptor - STARTING STEP: ProductsSteps.sendGetHttpRequestAllProductsInvalid - I send GET HTTP request all products invalid
17:11:39.920 [main] DEBUG net.thucydides.core.steps.StepInterceptor - STARTING STEP: GetAllProducts.sendGetHttpRequestInvalid - I set GET api endpoints all products invalid
17:11:39.920 [main] DEBUG net.thucydides.core.steps.StepInterceptor - STEP DONE: I set GET api endpoints all products invalid
17:11:39.924 [main] DEBUG org.apache.http.impl.conn.BasicClientConnectionManager - Get connection for route {s}->https://altashop-api.fly.dev:443
17:11:39.924 [main] DEBUG org.apache.http.impl.conn.DefaultClientConnectionOperator - Connecting to altashop-api.fly.dev:443
17:11:41.239 [main] DEBUG org.apache.http.client.protocol.RequestAddCookies - CookieSpec selected: ignoreCookies
17:11:41.239 [main] DEBUG org.apache.http.client.protocol.RequestAuthCache - Auth cache not set in the context
17:11:41.239 [main] DEBUG org.apache.http.client.protocol.RequestTargetAuthentication - Target auth state: UNCHALLENGED
17:11:41.239 [main] DEBUG org.apache.http.client.protocol.RequestProxyAuthentication - Proxy auth state: UNCHALLENGED
17:11:41.239 [main] DEBUG org.apache.http.impl.client.DefaultHttpClient - Attempt 1 to execute request
17:11:41.239 [main] DEBUG org.apache.http.impl.conn.DefaultClientConnection - Sending request: GET /api/productss HTTP/1.1
17:11:41.239 [main] DEBUG org.apache.http.wire -  >> "GET /api/productss HTTP/1.1[\r][\n]"
17:11:41.239 [main] DEBUG org.apache.http.wire -  >> "Accept: */*[\r][\n]"
17:11:41.239 [main] DEBUG org.apache.http.wire -  >> "Host: altashop-api.fly.dev[\r][\n]"
17:11:41.239 [main] DEBUG org.apache.http.wire -  >> "Connection: Keep-Alive[\r][\n]"
17:11:41.239 [main] DEBUG org.apache.http.wire -  >> "User-Agent: Apache-HttpClient/4.5.13 (Java/11.0.12)[\r][\n]"
17:11:41.239 [main] DEBUG org.apache.http.wire -  >> "Accept-Encoding: gzip,deflate[\r][\n]"
17:11:41.239 [main] DEBUG org.apache.http.wire -  >> "[\r][\n]"
17:11:41.239 [main] DEBUG org.apache.http.headers - >> GET /api/productss HTTP/1.1
17:11:41.239 [main] DEBUG org.apache.http.headers - >> Accept: */*
17:11:41.239 [main] DEBUG org.apache.http.headers - >> Host: altashop-api.fly.dev
17:11:41.239 [main] DEBUG org.apache.http.headers - >> Connection: Keep-Alive
17:11:41.239 [main] DEBUG org.apache.http.headers - >> User-Agent: Apache-HttpClient/4.5.13 (Java/11.0.12)
17:11:41.239 [main] DEBUG org.apache.http.headers - >> Accept-Encoding: gzip,deflate
17:11:41.362 [main] DEBUG org.apache.http.wire -  << "HTTP/1.1 404 Not Found[\r][\n]"
17:11:41.362 [main] DEBUG org.apache.http.wire -  << "date: Thu, 11 May 2023 10:11:43 GMT[\r][\n]"
17:11:41.362 [main] DEBUG org.apache.http.wire -  << "content-encoding: gzip[\r][\n]"
17:11:41.362 [main] DEBUG org.apache.http.wire -  << "content-type: text/plain; charset=utf-8[\r][\n]"
17:11:41.362 [main] DEBUG org.apache.http.wire -  << "transfer-encoding: chunked[\r][\n]"
17:11:41.362 [main] DEBUG org.apache.http.wire -  << "server: Fly/3f2597ca (2023-05-03)[\r][\n]"
17:11:41.362 [main] DEBUG org.apache.http.wire -  << "via: 1.1 fly.io[\r][\n]"
17:11:41.362 [main] DEBUG org.apache.http.wire -  << "fly-request-id: 01H054Q3P49KDEBYV90GJ5DEXS-sin[\r][\n]"
17:11:41.362 [main] DEBUG org.apache.http.wire -  << "[\r][\n]"
17:11:41.362 [main] DEBUG org.apache.http.impl.conn.DefaultClientConnection - Receiving response: HTTP/1.1 404 Not Found
17:11:41.362 [main] DEBUG org.apache.http.headers - << HTTP/1.1 404 Not Found
17:11:41.362 [main] DEBUG org.apache.http.headers - << date: Thu, 11 May 2023 10:11:43 GMT
17:11:41.362 [main] DEBUG org.apache.http.headers - << content-encoding: gzip
17:11:41.362 [main] DEBUG org.apache.http.headers - << content-type: text/plain; charset=utf-8
17:11:41.362 [main] DEBUG org.apache.http.headers - << transfer-encoding: chunked
17:11:41.362 [main] DEBUG org.apache.http.headers - << server: Fly/3f2597ca (2023-05-03)
17:11:41.362 [main] DEBUG org.apache.http.headers - << via: 1.1 fly.io
17:11:41.362 [main] DEBUG org.apache.http.headers - << fly-request-id: 01H054Q3P49KDEBYV90GJ5DEXS-sin
17:11:41.362 [main] DEBUG org.apache.http.impl.client.DefaultHttpClient - Connection can be kept alive indefinitely
17:11:41.362 [main] DEBUG io.restassured.internal.RestAssuredHttpBuilder - Parsing response as: text/plain; charset=utf-8
17:11:41.362 [main] DEBUG org.apache.http.wire -  << "1E[\r][\n]"
17:11:41.362 [main] DEBUG org.apache.http.wire -  << "[0x1f][0x8b][0x8][0x0][0x0][0x0][0x0][0x0][0x4][0xff][0xcb][0xcb]/QH[0xcb]/[0xcd]K[0xe1][0x2][0x0][0xd4]I[0xfa]r[\n]"
17:11:41.362 [main] DEBUG org.apache.http.wire -  << "[0x0][0x0][0x0]"
17:11:41.362 [main] DEBUG org.apache.http.wire -  << "[\r][\n]"
17:11:41.362 [main] DEBUG org.apache.http.wire -  << "0[\r][\n]"
17:11:41.362 [main] DEBUG org.apache.http.wire -  << "[\r][\n]"
17:11:41.362 [main] DEBUG io.restassured.internal.RestAssuredHttpBuilder - Parsed data to instance of: class org.apache.http.conn.EofSensorInputStream
17:11:41.365 [main] DEBUG org.apache.http.impl.conn.BasicClientConnectionManager - Releasing connection org.apache.http.impl.conn.ManagedClientConnectionImpl@6685d5e4
17:11:41.365 [main] DEBUG org.apache.http.impl.conn.BasicClientConnectionManager - Connection can be kept alive indefinitely
17:11:41.365 [main] DEBUG net.thucydides.core.steps.StepInterceptor - STEP DONE: I send GET HTTP request all products invalid
  &amp#27;[32mWhen &amp#27;[0m&amp#27;[32mI send GET HTTP request all products invalid&amp#27;[0m  &amp#27;[90m# starter.stepdefinitions.ProductsSteps.sendGetHttpRequestAllProductsInvalid()&amp#27;[0m
17:11:41.367 [main] DEBUG net.thucydides.core.steps.StepInterceptor - STARTING STEP: ProductsSteps.receiveHttpResponseCode404 - I receive valid HTTP response code 404
17:11:41.368 [main] DEBUG net.thucydides.core.steps.StepInterceptor - STEP DONE: I receive valid HTTP response code 404
  &amp#27;[32mThen &amp#27;[0m&amp#27;[32mI receive valid HTTP response code 404&amp#27;[0m        &amp#27;[90m# starter.stepdefinitions.ProductsSteps.receiveHttpResponseCode404()&amp#27;[0m
17:11:41.370 [main] DEBUG net.thucydides.core.steps.StepInterceptor - STARTING STEP: ProductsSteps.receiveValidDataForResponseCode404 - I receive valid data for response code 404
17:11:41.371 [main] DEBUG net.thucydides.core.steps.StepInterceptor - STARTING STEP: GetAllProducts.validateDataInvalidForResponseCode404 - I set GET api endpoints all products invalid
17:11:41.371 [main] DEBUG net.thucydides.core.steps.StepInterceptor - STEP DONE: I set GET api endpoints all products invalid
17:11:41.376 [main] DEBUG org.apache.http.impl.conn.BasicClientConnectionManager - Get connection for route {s}->https://altashop-api.fly.dev:443
17:11:41.376 [main] DEBUG org.apache.http.impl.conn.DefaultClientConnectionOperator - Connecting to altashop-api.fly.dev:443
17:11:41.706 [main] DEBUG org.apache.http.client.protocol.RequestAddCookies - CookieSpec selected: ignoreCookies
17:11:41.706 [main] DEBUG org.apache.http.client.protocol.RequestAuthCache - Auth cache not set in the context
17:11:41.706 [main] DEBUG org.apache.http.client.protocol.RequestTargetAuthentication - Target auth state: UNCHALLENGED
17:11:41.706 [main] DEBUG org.apache.http.client.protocol.RequestProxyAuthentication - Proxy auth state: UNCHALLENGED
17:11:41.706 [main] DEBUG org.apache.http.impl.client.DefaultHttpClient - Attempt 1 to execute request
17:11:41.706 [main] DEBUG org.apache.http.impl.conn.DefaultClientConnection - Sending request: DELETE /api/productss HTTP/1.1
17:11:41.706 [main] DEBUG org.apache.http.wire -  >> "DELETE /api/productss HTTP/1.1[\r][\n]"
17:11:41.706 [main] DEBUG org.apache.http.wire -  >> "Accept: */*[\r][\n]"
17:11:41.706 [main] DEBUG org.apache.http.wire -  >> "Host: altashop-api.fly.dev[\r][\n]"
17:11:41.706 [main] DEBUG org.apache.http.wire -  >> "Connection: Keep-Alive[\r][\n]"
17:11:41.706 [main] DEBUG org.apache.http.wire -  >> "User-Agent: Apache-HttpClient/4.5.13 (Java/11.0.12)[\r][\n]"
17:11:41.706 [main] DEBUG org.apache.http.wire -  >> "Accept-Encoding: gzip,deflate[\r][\n]"
17:11:41.706 [main] DEBUG org.apache.http.wire -  >> "[\r][\n]"
17:11:41.706 [main] DEBUG org.apache.http.headers - >> DELETE /api/productss HTTP/1.1
17:11:41.706 [main] DEBUG org.apache.http.headers - >> Accept: */*
17:11:41.706 [main] DEBUG org.apache.http.headers - >> Host: altashop-api.fly.dev
17:11:41.706 [main] DEBUG org.apache.http.headers - >> Connection: Keep-Alive
17:11:41.706 [main] DEBUG org.apache.http.headers - >> User-Agent: Apache-HttpClient/4.5.13 (Java/11.0.12)
17:11:41.706 [main] DEBUG org.apache.http.headers - >> Accept-Encoding: gzip,deflate
17:11:42.113 [main] DEBUG org.apache.http.wire -  << "HTTP/1.1 404 Not Found[\r][\n]"
17:11:42.113 [main] DEBUG org.apache.http.wire -  << "date: Thu, 11 May 2023 10:11:44 GMT[\r][\n]"
17:11:42.113 [main] DEBUG org.apache.http.wire -  << "content-encoding: gzip[\r][\n]"
17:11:42.113 [main] DEBUG org.apache.http.wire -  << "content-type: text/plain; charset=utf-8[\r][\n]"
17:11:42.113 [main] DEBUG org.apache.http.wire -  << "transfer-encoding: chunked[\r][\n]"
17:11:42.113 [main] DEBUG org.apache.http.wire -  << "server: Fly/3f2597ca (2023-05-03)[\r][\n]"
17:11:42.113 [main] DEBUG org.apache.http.wire -  << "via: 1.1 fly.io[\r][\n]"
17:11:42.113 [main] DEBUG org.apache.http.wire -  << "fly-request-id: 01H054Q43NV1T7JH6CNR0CZ7RQ-sin[\r][\n]"
17:11:42.113 [main] DEBUG org.apache.http.wire -  << "[\r][\n]"
17:11:42.113 [main] DEBUG org.apache.http.impl.conn.DefaultClientConnection - Receiving response: HTTP/1.1 404 Not Found
17:11:42.113 [main] DEBUG org.apache.http.headers - << HTTP/1.1 404 Not Found
17:11:42.113 [main] DEBUG org.apache.http.headers - << date: Thu, 11 May 2023 10:11:44 GMT
17:11:42.113 [main] DEBUG org.apache.http.headers - << content-encoding: gzip
17:11:42.113 [main] DEBUG org.apache.http.headers - << content-type: text/plain; charset=utf-8
17:11:42.113 [main] DEBUG org.apache.http.headers - << transfer-encoding: chunked
17:11:42.113 [main] DEBUG org.apache.http.headers - << server: Fly/3f2597ca (2023-05-03)
17:11:42.113 [main] DEBUG org.apache.http.headers - << via: 1.1 fly.io
17:11:42.113 [main] DEBUG org.apache.http.headers - << fly-request-id: 01H054Q43NV1T7JH6CNR0CZ7RQ-sin
17:11:42.113 [main] DEBUG org.apache.http.impl.client.DefaultHttpClient - Connection can be kept alive indefinitely
17:11:42.113 [main] DEBUG io.restassured.internal.RestAssuredHttpBuilder - Parsing response as: text/plain; charset=utf-8
17:11:42.113 [main] DEBUG org.apache.http.wire -  << "1E[\r][\n]"
17:11:42.113 [main] DEBUG org.apache.http.wire -  << "[0x1f][0x8b][0x8][0x0][0x0][0x0][0x0][0x0][0x4][0xff][0xcb][0xcb]/QH[0xcb]/[0xcd]K[0xe1][0x2][0x0][0xd4]I[0xfa]r[\n]"
17:11:42.114 [main] DEBUG org.apache.http.wire -  << "[0x0][0x0][0x0]"
17:11:42.114 [main] DEBUG org.apache.http.wire -  << "[\r][\n]"
17:11:42.114 [main] DEBUG org.apache.http.wire -  << "0[\r][\n]"
17:11:42.114 [main] DEBUG org.apache.http.wire -  << "[\r][\n]"
17:11:42.114 [main] DEBUG io.restassured.internal.RestAssuredHttpBuilder - Parsed data to instance of: class org.apache.http.conn.EofSensorInputStream
17:11:42.115 [main] DEBUG org.apache.http.impl.conn.BasicClientConnectionManager - Releasing connection org.apache.http.impl.conn.ManagedClientConnectionImpl@6c5a347d
17:11:42.115 [main] DEBUG org.apache.http.impl.conn.BasicClientConnectionManager - Connection can be kept alive indefinitely
17:11:42.115 [main] DEBUG net.thucydides.core.steps.StepInterceptor - STEP DONE: I receive valid data for response code 404
  &amp#27;[32mAnd &amp#27;[0m&amp#27;[32mI receive valid data for response code 404&amp#27;[0m     &amp#27;[90m# starter.stepdefinitions.ProductsSteps.receiveValidDataForResponseCode404()&amp#27;[0m
17:11:42.116 [main] INFO  - 
  _____   ___   ___   _____     ___     _     ___   ___   ___   ___  
 |_   _| | __| / __| |_   _|   | _ \   /_\   / __| / __| | __| |   \ 
   | |   | _|  \__ \   | |     |  _/  / _ \  \__ \ \__ \ | _|  | |) |
   |_|   |___| |___/   |_|     |_|   /_/ \_\ |___/ |___/ |___| |___/ 

GET As a user I can't get all products
----------------------------------------------------------------------
]]></system-out>
  </testcase>
  <testcase name="POST As a user I can create a new product" classname="Products" time="0.656">
    <system-out><![CDATA[
@Products @PostProduct+
Scenario: POST As a user I can create a new product &amp#27;[90m# src/test/resources/api/Products.feature:19&amp#27;[0m
17:11:42.125 [main] INFO io.cucumber.core.plugin.SerenityReporter - Running feature from file:///C:/KULIAH/SEMESTER%206/MSIB/QA/Tugas/Mini%20Project/API/rest-api/src/test/resources/api/Products.feature
17:11:42.125 [main] WARN io.cucumber.core.plugin.SerenityReporter - Feature from file:///C:/KULIAH/SEMESTER%206/MSIB/QA/Tugas/Mini%20Project/API/rest-api/src/test/resources/api/Products.feature is not under the 'features' directory. Requirements report will not be correctly generated!
17:11:42.126 [main] INFO  - 
  _____   ___   ___   _____     ___   _____     _     ___   _____   ___   ___  
 |_   _| | __| / __| |_   _|   / __| |_   _|   /_\   | _ \ |_   _| | __| |   \ 
   | |   | _|  \__ \   | |     \__ \   | |    / _ \  |   /   | |   | _|  | |) |
   |_|   |___| |___/   |_|     |___/   |_|   /_/ \_\ |_|_\   |_|   |___| |___/ 

POST As a user I can create a new product(products;post-as-a-user-i-can-create-a-new-product)
--------------------------------------------------------------------------------
17:11:42.139 [main] DEBUG net.thucydides.core.steps.StepInterceptor - STARTING STEP: ProductsSteps.setPostApiEndpointsNewProduct - I set POST endpoints new product
17:11:42.139 [main] DEBUG net.thucydides.core.steps.StepInterceptor - STEP DONE: I set POST endpoints new product
  &amp#27;[32mGiven &amp#27;[0m&amp#27;[32mI set POST api endpoints new product&amp#27;[0m        &amp#27;[90m# starter.stepdefinitions.ProductsSteps.setPostApiEndpointsNewProduct()&amp#27;[0m
17:11:42.142 [main] DEBUG net.thucydides.core.steps.StepInterceptor - STARTING STEP: ProductsSteps.sendPostHttpRequestNewProduct - I send POST HTTP request new product
17:11:42.143 [main] DEBUG net.thucydides.core.steps.StepInterceptor - STARTING STEP: PostProduct.sendPostHTTPRequest - I set POST endpoints new product
17:11:42.143 [main] DEBUG net.thucydides.core.steps.StepInterceptor - STEP DONE: I set POST endpoints new product
17:11:42.147 [main] DEBUG org.apache.http.impl.conn.BasicClientConnectionManager - Get connection for route {s}->https://altashop-api.fly.dev:443
17:11:42.147 [main] DEBUG org.apache.http.impl.conn.DefaultClientConnectionOperator - Connecting to altashop-api.fly.dev:443
17:11:42.517 [main] DEBUG org.apache.http.client.protocol.RequestAddCookies - CookieSpec selected: ignoreCookies
17:11:42.517 [main] DEBUG org.apache.http.client.protocol.RequestAuthCache - Auth cache not set in the context
17:11:42.517 [main] DEBUG org.apache.http.client.protocol.RequestTargetAuthentication - Target auth state: UNCHALLENGED
17:11:42.517 [main] DEBUG org.apache.http.client.protocol.RequestProxyAuthentication - Proxy auth state: UNCHALLENGED
17:11:42.517 [main] DEBUG org.apache.http.impl.client.DefaultHttpClient - Attempt 1 to execute request
17:11:42.517 [main] DEBUG org.apache.http.impl.conn.DefaultClientConnection - Sending request: POST /api/products HTTP/1.1
17:11:42.517 [main] DEBUG org.apache.http.wire -  >> "POST /api/products HTTP/1.1[\r][\n]"
17:11:42.517 [main] DEBUG org.apache.http.wire -  >> "Accept: */*[\r][\n]"
17:11:42.517 [main] DEBUG org.apache.http.wire -  >> "Content-Type: application/json[\r][\n]"
17:11:42.517 [main] DEBUG org.apache.http.wire -  >> "Content-Length: 83[\r][\n]"
17:11:42.517 [main] DEBUG org.apache.http.wire -  >> "Host: altashop-api.fly.dev[\r][\n]"
17:11:42.517 [main] DEBUG org.apache.http.wire -  >> "Connection: Keep-Alive[\r][\n]"
17:11:42.517 [main] DEBUG org.apache.http.wire -  >> "User-Agent: Apache-HttpClient/4.5.13 (Java/11.0.12)[\r][\n]"
17:11:42.517 [main] DEBUG org.apache.http.wire -  >> "Accept-Encoding: gzip,deflate[\r][\n]"
17:11:42.517 [main] DEBUG org.apache.http.wire -  >> "[\r][\n]"
17:11:42.517 [main] DEBUG org.apache.http.headers - >> POST /api/products HTTP/1.1
17:11:42.517 [main] DEBUG org.apache.http.headers - >> Accept: */*
17:11:42.517 [main] DEBUG org.apache.http.headers - >> Content-Type: application/json
17:11:42.517 [main] DEBUG org.apache.http.headers - >> Content-Length: 83
17:11:42.517 [main] DEBUG org.apache.http.headers - >> Host: altashop-api.fly.dev
17:11:42.517 [main] DEBUG org.apache.http.headers - >> Connection: Keep-Alive
17:11:42.517 [main] DEBUG org.apache.http.headers - >> User-Agent: Apache-HttpClient/4.5.13 (Java/11.0.12)
17:11:42.517 [main] DEBUG org.apache.http.headers - >> Accept-Encoding: gzip,deflate
17:11:42.517 [main] DEBUG org.apache.http.wire -  >> "{"price":299,"name":"Sony PS5","description":"play has no limits","categories":[2]}"
17:11:42.705 [main] DEBUG org.apache.http.wire -  << "HTTP/1.1 200 OK[\r][\n]"
17:11:42.706 [main] DEBUG org.apache.http.wire -  << "content-type: application/json[\r][\n]"
17:11:42.706 [main] DEBUG org.apache.http.wire -  << "date: Thu, 11 May 2023 10:11:45 GMT[\r][\n]"
17:11:42.706 [main] DEBUG org.apache.http.wire -  << "content-encoding: gzip[\r][\n]"
17:11:42.706 [main] DEBUG org.apache.http.wire -  << "transfer-encoding: chunked[\r][\n]"
17:11:42.706 [main] DEBUG org.apache.http.wire -  << "server: Fly/3f2597ca (2023-05-03)[\r][\n]"
17:11:42.706 [main] DEBUG org.apache.http.wire -  << "via: 1.1 fly.io[\r][\n]"
17:11:42.706 [main] DEBUG org.apache.http.wire -  << "fly-request-id: 01H054Q4Y83Y5SC4SGM3M0W1NT-sin[\r][\n]"
17:11:42.706 [main] DEBUG org.apache.http.wire -  << "[\r][\n]"
17:11:42.706 [main] DEBUG org.apache.http.impl.conn.DefaultClientConnection - Receiving response: HTTP/1.1 200 OK
17:11:42.706 [main] DEBUG org.apache.http.headers - << HTTP/1.1 200 OK
17:11:42.706 [main] DEBUG org.apache.http.headers - << content-type: application/json
17:11:42.706 [main] DEBUG org.apache.http.headers - << date: Thu, 11 May 2023 10:11:45 GMT
17:11:42.706 [main] DEBUG org.apache.http.headers - << content-encoding: gzip
17:11:42.706 [main] DEBUG org.apache.http.headers - << transfer-encoding: chunked
17:11:42.706 [main] DEBUG org.apache.http.headers - << server: Fly/3f2597ca (2023-05-03)
17:11:42.706 [main] DEBUG org.apache.http.headers - << via: 1.1 fly.io
17:11:42.706 [main] DEBUG org.apache.http.headers - << fly-request-id: 01H054Q4Y83Y5SC4SGM3M0W1NT-sin
17:11:42.706 [main] DEBUG org.apache.http.impl.client.DefaultHttpClient - Connection can be kept alive indefinitely
17:11:42.706 [main] DEBUG io.restassured.internal.RestAssuredHttpBuilder - Parsing response as: application/json
17:11:42.706 [main] DEBUG org.apache.http.wire -  << "87[\r][\n]"
17:11:42.706 [main] DEBUG org.apache.http.wire -  << "[0x1f][0x8b][0x8][0x0][0x0][0x0][0x0][0x0][0x4][0xff][0xab]VJI,IT[0xb2][0xaa]V[0xf2]tQ[0xb2]23070[0xd6]Q[0xf2]K[0xcc]MU[0xb2]R[\n]"
17:11:42.706 [main] DEBUG org.apache.http.wire -  << "[0xce][0xcf][0xab]T[0x8][0x8]6U[0xd2]QrI-N.[0xca],([0xc9][0xcc][0xcf]S[0xb2]R*[0xc8]I[0xac]T[0xc8]H,V[0xc8][0xcb]W[0xc8][0xc9][0xcc][0xcd],)V[0xd2]Q[\n]"
17:11:42.706 [main] DEBUG org.apache.http.wire -  << "([0xca]LNU[0xb2]2[0xb2][0xb4][0xd4]Q[\n]"
17:11:42.706 [main] DEBUG org.apache.http.wire -  << "J,[0xc9][0xcc]K/V[0xb2]2[0xd0]QrN,IM[0xcf]/[0xca]L-V[0xb2][0x8a][0x8e][0xad][0xad][0xe5][0x2][0x0][0xde]O[0xd1][0xf3]s[0x0][0x0][0x0]"
17:11:42.706 [main] DEBUG org.apache.http.wire -  << "[\r][\n]"
17:11:42.706 [main] DEBUG org.apache.http.wire -  << "0[\r][\n]"
17:11:42.706 [main] DEBUG org.apache.http.wire -  << "[\r][\n]"
17:11:42.706 [main] DEBUG io.restassured.internal.RestAssuredHttpBuilder - Parsed data to instance of: class org.apache.http.conn.EofSensorInputStream
17:11:42.707 [main] DEBUG org.apache.http.impl.conn.BasicClientConnectionManager - Releasing connection org.apache.http.impl.conn.ManagedClientConnectionImpl@38f20b58
17:11:42.707 [main] DEBUG org.apache.http.impl.conn.BasicClientConnectionManager - Connection can be kept alive indefinitely
17:11:42.707 [main] DEBUG net.thucydides.core.steps.StepInterceptor - STEP DONE: I send POST HTTP request new product
  &amp#27;[32mWhen &amp#27;[0m&amp#27;[32mI send POST HTTP request new product&amp#27;[0m         &amp#27;[90m# starter.stepdefinitions.ProductsSteps.sendPostHttpRequestNewProduct()&amp#27;[0m
17:11:42.709 [main] DEBUG net.thucydides.core.steps.StepInterceptor - STARTING STEP: ProductsSteps.receiveValidHttpResponseCode200 - I receive valid HTTP response code 200
17:11:42.709 [main] DEBUG net.thucydides.core.steps.StepInterceptor - STEP DONE: I receive valid HTTP response code 200
  &amp#27;[32mThen &amp#27;[0m&amp#27;[32mI receive valid HTTP response code 200&amp#27;[0m       &amp#27;[90m# starter.stepdefinitions.ProductsSteps.receiveValidHttpResponseCode200()&amp#27;[0m
17:11:42.711 [main] DEBUG net.thucydides.core.steps.StepInterceptor - STARTING STEP: ProductsSteps.validateDataNewProduct - I receive valid data for new product
17:11:42.771 [main] DEBUG net.thucydides.core.steps.StepInterceptor - STEP DONE: I receive valid data for new product
  &amp#27;[32mAnd &amp#27;[0m&amp#27;[32mI receive valid data for new product&amp#27;[0m          &amp#27;[90m# starter.stepdefinitions.ProductsSteps.validateDataNewProduct()&amp#27;[0m
17:11:42.772 [main] INFO  - 
  _____   ___   ___   _____     ___     _     ___   ___   ___   ___  
 |_   _| | __| / __| |_   _|   | _ \   /_\   / __| / __| | __| |   \ 
   | |   | _|  \__ \   | |     |  _/  / _ \  \__ \ \__ \ | _|  | |) |
   |_|   |___| |___/   |_|     |_|   /_/ \_\ |___/ |___/ |___| |___/ 

POST As a user I can create a new product
----------------------------------------------------------------------
]]></system-out>
  </testcase>
  <testcase name="POST As a user I can&apos;t create new product" classname="Products" time="3.69">
    <system-out><![CDATA[
@Products @PostProduct-
Scenario: POST As a user I can't create new product  &amp#27;[90m# src/test/resources/api/Products.feature:25&amp#27;[0m
17:11:42.778 [main] INFO io.cucumber.core.plugin.SerenityReporter - Running feature from file:///C:/KULIAH/SEMESTER%206/MSIB/QA/Tugas/Mini%20Project/API/rest-api/src/test/resources/api/Products.feature
17:11:42.778 [main] WARN io.cucumber.core.plugin.SerenityReporter - Feature from file:///C:/KULIAH/SEMESTER%206/MSIB/QA/Tugas/Mini%20Project/API/rest-api/src/test/resources/api/Products.feature is not under the 'features' directory. Requirements report will not be correctly generated!
17:11:42.779 [main] INFO  - 
  _____   ___   ___   _____     ___   _____     _     ___   _____   ___   ___  
 |_   _| | __| / __| |_   _|   / __| |_   _|   /_\   | _ \ |_   _| | __| |   \ 
   | |   | _|  \__ \   | |     \__ \   | |    / _ \  |   /   | |   | _|  | |) |
   |_|   |___| |___/   |_|     |___/   |_|   /_/ \_\ |_|_\   |_|   |___| |___/ 

POST As a user I can't create new product(products;post-as-a-user-i-can-t-create-new-product)
--------------------------------------------------------------------------------
17:11:42.789 [main] DEBUG net.thucydides.core.steps.StepInterceptor - STARTING STEP: ProductsSteps.setPostApiEndpointsNewProductInvalid - I set POST endpoints new product invalid
17:11:42.789 [main] DEBUG net.thucydides.core.steps.StepInterceptor - STEP DONE: I set POST endpoints new product invalid
  &amp#27;[32mGiven &amp#27;[0m&amp#27;[32mI set POST api endpoints new product invalid&amp#27;[0m &amp#27;[90m# starter.stepdefinitions.ProductsSteps.setPostApiEndpointsNewProductInvalid()&amp#27;[0m
17:11:42.791 [main] DEBUG net.thucydides.core.steps.StepInterceptor - STARTING STEP: ProductsSteps.sendPostHttpRequestNewProductInvalid - I send POST HTTP request new product invalid
17:11:42.792 [main] DEBUG net.thucydides.core.steps.StepInterceptor - STARTING STEP: PostProduct.sendPostHTTPRequestInvalid - I set POST endpoints new product invalid
17:11:42.792 [main] DEBUG net.thucydides.core.steps.StepInterceptor - STEP DONE: I set POST endpoints new product invalid
17:11:42.796 [main] DEBUG org.apache.http.impl.conn.BasicClientConnectionManager - Get connection for route {s}->https://altashop-api.fly.dev:443
17:11:42.796 [main] DEBUG org.apache.http.impl.conn.DefaultClientConnectionOperator - Connecting to altashop-api.fly.dev:443
17:11:43.140 [main] DEBUG org.apache.http.client.protocol.RequestAddCookies - CookieSpec selected: ignoreCookies
17:11:43.140 [main] DEBUG org.apache.http.client.protocol.RequestAuthCache - Auth cache not set in the context
17:11:43.140 [main] DEBUG org.apache.http.client.protocol.RequestTargetAuthentication - Target auth state: UNCHALLENGED
17:11:43.140 [main] DEBUG org.apache.http.client.protocol.RequestProxyAuthentication - Proxy auth state: UNCHALLENGED
17:11:43.140 [main] DEBUG org.apache.http.impl.client.DefaultHttpClient - Attempt 1 to execute request
17:11:43.140 [main] DEBUG org.apache.http.impl.conn.DefaultClientConnection - Sending request: POST /api/products/1 HTTP/1.1
17:11:43.140 [main] DEBUG org.apache.http.wire -  >> "POST /api/products/1 HTTP/1.1[\r][\n]"
17:11:43.140 [main] DEBUG org.apache.http.wire -  >> "Accept: */*[\r][\n]"
17:11:43.140 [main] DEBUG org.apache.http.wire -  >> "Content-Type: application/json[\r][\n]"
17:11:43.140 [main] DEBUG org.apache.http.wire -  >> "Content-Length: 83[\r][\n]"
17:11:43.140 [main] DEBUG org.apache.http.wire -  >> "Host: altashop-api.fly.dev[\r][\n]"
17:11:43.140 [main] DEBUG org.apache.http.wire -  >> "Connection: Keep-Alive[\r][\n]"
17:11:43.140 [main] DEBUG org.apache.http.wire -  >> "User-Agent: Apache-HttpClient/4.5.13 (Java/11.0.12)[\r][\n]"
17:11:43.140 [main] DEBUG org.apache.http.wire -  >> "Accept-Encoding: gzip,deflate[\r][\n]"
17:11:43.140 [main] DEBUG org.apache.http.wire -  >> "[\r][\n]"
17:11:43.140 [main] DEBUG org.apache.http.headers - >> POST /api/products/1 HTTP/1.1
17:11:43.140 [main] DEBUG org.apache.http.headers - >> Accept: */*
17:11:43.140 [main] DEBUG org.apache.http.headers - >> Content-Type: application/json
17:11:43.140 [main] DEBUG org.apache.http.headers - >> Content-Length: 83
17:11:43.140 [main] DEBUG org.apache.http.headers - >> Host: altashop-api.fly.dev
17:11:43.140 [main] DEBUG org.apache.http.headers - >> Connection: Keep-Alive
17:11:43.140 [main] DEBUG org.apache.http.headers - >> User-Agent: Apache-HttpClient/4.5.13 (Java/11.0.12)
17:11:43.140 [main] DEBUG org.apache.http.headers - >> Accept-Encoding: gzip,deflate
17:11:43.140 [main] DEBUG org.apache.http.wire -  >> "{"price":299,"name":"Sony PS5","description":"play has no limits","categories":[2]}"
17:11:45.354 [main] DEBUG org.apache.http.wire -  << "HTTP/1.1 405 Method Not Allowed[\r][\n]"
17:11:45.355 [main] DEBUG org.apache.http.wire -  << "date: Thu, 11 May 2023 10:11:45 GMT[\r][\n]"
17:11:45.355 [main] DEBUG org.apache.http.wire -  << "content-encoding: gzip[\r][\n]"
17:11:45.355 [main] DEBUG org.apache.http.wire -  << "content-type: text/plain; charset=utf-8[\r][\n]"
17:11:45.355 [main] DEBUG org.apache.http.wire -  << "transfer-encoding: chunked[\r][\n]"
17:11:45.355 [main] DEBUG org.apache.http.wire -  << "server: Fly/3f2597ca (2023-05-03)[\r][\n]"
17:11:45.355 [main] DEBUG org.apache.http.wire -  << "via: 1.1 fly.io[\r][\n]"
17:11:45.355 [main] DEBUG org.apache.http.wire -  << "fly-request-id: 01H054Q5FXTZSNFCCFFQYGJP07-sin[\r][\n]"
17:11:45.355 [main] DEBUG org.apache.http.wire -  << "[\r][\n]"
17:11:45.355 [main] DEBUG org.apache.http.impl.conn.DefaultClientConnection - Receiving response: HTTP/1.1 405 Method Not Allowed
17:11:45.355 [main] DEBUG org.apache.http.headers - << HTTP/1.1 405 Method Not Allowed
17:11:45.355 [main] DEBUG org.apache.http.headers - << date: Thu, 11 May 2023 10:11:45 GMT
17:11:45.355 [main] DEBUG org.apache.http.headers - << content-encoding: gzip
17:11:45.355 [main] DEBUG org.apache.http.headers - << content-type: text/plain; charset=utf-8
17:11:45.355 [main] DEBUG org.apache.http.headers - << transfer-encoding: chunked
17:11:45.355 [main] DEBUG org.apache.http.headers - << server: Fly/3f2597ca (2023-05-03)
17:11:45.355 [main] DEBUG org.apache.http.headers - << via: 1.1 fly.io
17:11:45.355 [main] DEBUG org.apache.http.headers - << fly-request-id: 01H054Q5FXTZSNFCCFFQYGJP07-sin
17:11:45.355 [main] DEBUG org.apache.http.impl.client.DefaultHttpClient - Connection can be kept alive indefinitely
17:11:45.355 [main] DEBUG io.restassured.internal.RestAssuredHttpBuilder - Parsing response as: text/plain; charset=utf-8
17:11:45.355 [main] DEBUG org.apache.http.wire -  << "27[\r][\n]"
17:11:45.355 [main] DEBUG org.apache.http.wire -  << "[0x1f][0x8b][0x8][0x0][0x0][0x0][0x0][0x0][0x4][0xff][0xcb]M-[0xc9][0xc8]OQ[0xc8][0xcb]/QH[0xcc][0xc9][0xc9]/OM[0xe1][0x2][0x0][0xe5]Yf[0xfa][0x13][0x0][0x0][0x0]"
17:11:45.355 [main] DEBUG org.apache.http.wire -  << "[\r][\n]"
17:11:45.355 [main] DEBUG org.apache.http.wire -  << "0[\r][\n]"
17:11:45.355 [main] DEBUG org.apache.http.wire -  << "[\r][\n]"
17:11:45.355 [main] DEBUG io.restassured.internal.RestAssuredHttpBuilder - Parsed data to instance of: class org.apache.http.conn.EofSensorInputStream
17:11:45.357 [main] DEBUG org.apache.http.impl.conn.BasicClientConnectionManager - Releasing connection org.apache.http.impl.conn.ManagedClientConnectionImpl@2031cad2
17:11:45.357 [main] DEBUG org.apache.http.impl.conn.BasicClientConnectionManager - Connection can be kept alive indefinitely
17:11:45.357 [main] DEBUG net.thucydides.core.steps.StepInterceptor - STEP DONE: I send POST HTTP request new product invalid
  &amp#27;[32mWhen &amp#27;[0m&amp#27;[32mI send POST HTTP request new product invalid&amp#27;[0m  &amp#27;[90m# starter.stepdefinitions.ProductsSteps.sendPostHttpRequestNewProductInvalid()&amp#27;[0m
17:11:45.366 [main] DEBUG net.thucydides.core.steps.StepInterceptor - STARTING STEP: ProductsSteps.receiveHttpResponseCode405 - I receive valid HTTP response code 405
17:11:45.367 [main] DEBUG net.thucydides.core.steps.StepInterceptor - STEP DONE: I receive valid HTTP response code 405
  &amp#27;[32mThen &amp#27;[0m&amp#27;[32mI receive valid HTTP response code 405&amp#27;[0m        &amp#27;[90m# starter.stepdefinitions.ProductsSteps.receiveHttpResponseCode405()&amp#27;[0m
17:11:45.372 [main] DEBUG net.thucydides.core.steps.StepInterceptor - STARTING STEP: ProductsSteps.receiveValidDataForResponseCode405 - I receive valid data for response code 405
17:11:45.373 [main] DEBUG net.thucydides.core.steps.StepInterceptor - STARTING STEP: DeleteProduct.validateDataInvalidForResponseCode405 - I set DELETE api endpoints invalid delete product
17:11:45.374 [main] DEBUG net.thucydides.core.steps.StepInterceptor - STEP DONE: I set DELETE api endpoints invalid delete product
17:11:45.380 [main] DEBUG org.apache.http.impl.conn.BasicClientConnectionManager - Get connection for route {s}->https://altashop-api.fly.dev:443
17:11:45.380 [main] DEBUG org.apache.http.impl.conn.DefaultClientConnectionOperator - Connecting to altashop-api.fly.dev:443
17:11:46.382 [main] DEBUG org.apache.http.client.protocol.RequestAddCookies - CookieSpec selected: ignoreCookies
17:11:46.382 [main] DEBUG org.apache.http.client.protocol.RequestAuthCache - Auth cache not set in the context
17:11:46.382 [main] DEBUG org.apache.http.client.protocol.RequestTargetAuthentication - Target auth state: UNCHALLENGED
17:11:46.382 [main] DEBUG org.apache.http.client.protocol.RequestProxyAuthentication - Proxy auth state: UNCHALLENGED
17:11:46.382 [main] DEBUG org.apache.http.impl.client.DefaultHttpClient - Attempt 1 to execute request
17:11:46.382 [main] DEBUG org.apache.http.impl.conn.DefaultClientConnection - Sending request: DELETE /api/products/ HTTP/1.1
17:11:46.382 [main] DEBUG org.apache.http.wire -  >> "DELETE /api/products/ HTTP/1.1[\r][\n]"
17:11:46.382 [main] DEBUG org.apache.http.wire -  >> "Accept: */*[\r][\n]"
17:11:46.382 [main] DEBUG org.apache.http.wire -  >> "Host: altashop-api.fly.dev[\r][\n]"
17:11:46.382 [main] DEBUG org.apache.http.wire -  >> "Connection: Keep-Alive[\r][\n]"
17:11:46.382 [main] DEBUG org.apache.http.wire -  >> "User-Agent: Apache-HttpClient/4.5.13 (Java/11.0.12)[\r][\n]"
17:11:46.382 [main] DEBUG org.apache.http.wire -  >> "Accept-Encoding: gzip,deflate[\r][\n]"
17:11:46.382 [main] DEBUG org.apache.http.wire -  >> "[\r][\n]"
17:11:46.382 [main] DEBUG org.apache.http.headers - >> DELETE /api/products/ HTTP/1.1
17:11:46.382 [main] DEBUG org.apache.http.headers - >> Accept: */*
17:11:46.382 [main] DEBUG org.apache.http.headers - >> Host: altashop-api.fly.dev
17:11:46.382 [main] DEBUG org.apache.http.headers - >> Connection: Keep-Alive
17:11:46.382 [main] DEBUG org.apache.http.headers - >> User-Agent: Apache-HttpClient/4.5.13 (Java/11.0.12)
17:11:46.382 [main] DEBUG org.apache.http.headers - >> Accept-Encoding: gzip,deflate
17:11:46.455 [main] DEBUG org.apache.http.wire -  << "HTTP/1.1 405 Method Not Allowed[\r][\n]"
17:11:46.455 [main] DEBUG org.apache.http.wire -  << "date: Thu, 11 May 2023 10:11:49 GMT[\r][\n]"
17:11:46.455 [main] DEBUG org.apache.http.wire -  << "content-encoding: gzip[\r][\n]"
17:11:46.456 [main] DEBUG org.apache.http.wire -  << "content-type: text/plain; charset=utf-8[\r][\n]"
17:11:46.456 [main] DEBUG org.apache.http.wire -  << "transfer-encoding: chunked[\r][\n]"
17:11:46.456 [main] DEBUG org.apache.http.wire -  << "server: Fly/3f2597ca (2023-05-03)[\r][\n]"
17:11:46.456 [main] DEBUG org.apache.http.wire -  << "via: 1.1 fly.io[\r][\n]"
17:11:46.456 [main] DEBUG org.apache.http.wire -  << "fly-request-id: 01H054Q8NP3JHCN4NHK9TCESKK-sin[\r][\n]"
17:11:46.456 [main] DEBUG org.apache.http.wire -  << "[\r][\n]"
17:11:46.456 [main] DEBUG org.apache.http.impl.conn.DefaultClientConnection - Receiving response: HTTP/1.1 405 Method Not Allowed
17:11:46.456 [main] DEBUG org.apache.http.headers - << HTTP/1.1 405 Method Not Allowed
17:11:46.456 [main] DEBUG org.apache.http.headers - << date: Thu, 11 May 2023 10:11:49 GMT
17:11:46.456 [main] DEBUG org.apache.http.headers - << content-encoding: gzip
17:11:46.456 [main] DEBUG org.apache.http.headers - << content-type: text/plain; charset=utf-8
17:11:46.456 [main] DEBUG org.apache.http.headers - << transfer-encoding: chunked
17:11:46.456 [main] DEBUG org.apache.http.headers - << server: Fly/3f2597ca (2023-05-03)
17:11:46.456 [main] DEBUG org.apache.http.headers - << via: 1.1 fly.io
17:11:46.456 [main] DEBUG org.apache.http.headers - << fly-request-id: 01H054Q8NP3JHCN4NHK9TCESKK-sin
17:11:46.456 [main] DEBUG org.apache.http.impl.client.DefaultHttpClient - Connection can be kept alive indefinitely
17:11:46.456 [main] DEBUG io.restassured.internal.RestAssuredHttpBuilder - Parsing response as: text/plain; charset=utf-8
17:11:46.456 [main] DEBUG org.apache.http.wire -  << "27[\r][\n]"
17:11:46.456 [main] DEBUG org.apache.http.wire -  << "[0x1f][0x8b][0x8][0x0][0x0][0x0][0x0][0x0][0x4][0xff][0xcb]M-[0xc9][0xc8]OQ[0xc8][0xcb]/QH[0xcc][0xc9][0xc9]/OM[0xe1][0x2][0x0][0xe5]Yf[0xfa][0x13][0x0][0x0][0x0]"
17:11:46.456 [main] DEBUG org.apache.http.wire -  << "[\r][\n]"
17:11:46.456 [main] DEBUG org.apache.http.wire -  << "0[\r][\n]"
17:11:46.456 [main] DEBUG org.apache.http.wire -  << "[\r][\n]"
17:11:46.456 [main] DEBUG io.restassured.internal.RestAssuredHttpBuilder - Parsed data to instance of: class org.apache.http.conn.EofSensorInputStream
17:11:46.458 [main] DEBUG org.apache.http.impl.conn.BasicClientConnectionManager - Releasing connection org.apache.http.impl.conn.ManagedClientConnectionImpl@18505320
17:11:46.458 [main] DEBUG org.apache.http.impl.conn.BasicClientConnectionManager - Connection can be kept alive indefinitely
17:11:46.458 [main] DEBUG net.thucydides.core.steps.StepInterceptor - STEP DONE: I receive valid data for response code 405
  &amp#27;[32mAnd &amp#27;[0m&amp#27;[32mI receive valid data for response code 405&amp#27;[0m     &amp#27;[90m# starter.stepdefinitions.ProductsSteps.receiveValidDataForResponseCode405()&amp#27;[0m
17:11:46.461 [main] INFO  - 
  _____   ___   ___   _____     ___     _     ___   ___   ___   ___  
 |_   _| | __| / __| |_   _|   | _ \   /_\   / __| / __| | __| |   \ 
   | |   | _|  \__ \   | |     |  _/  / _ \  \__ \ \__ \ | _|  | |) |
   |_|   |___| |___/   |_|     |_|   /_/ \_\ |___/ |___/ |___| |___/ 

POST As a user I can't create new product
----------------------------------------------------------------------
]]></system-out>
  </testcase>
  <testcase name="GET As a user I can get product by id" classname="Products" time="1.553">
    <system-out><![CDATA[
@Products @GetIdProduct+
Scenario: GET As a user I can get product by id &amp#27;[90m# src/test/resources/api/Products.feature:32&amp#27;[0m
17:11:46.476 [main] INFO io.cucumber.core.plugin.SerenityReporter - Running feature from file:///C:/KULIAH/SEMESTER%206/MSIB/QA/Tugas/Mini%20Project/API/rest-api/src/test/resources/api/Products.feature
17:11:46.476 [main] WARN io.cucumber.core.plugin.SerenityReporter - Feature from file:///C:/KULIAH/SEMESTER%206/MSIB/QA/Tugas/Mini%20Project/API/rest-api/src/test/resources/api/Products.feature is not under the 'features' directory. Requirements report will not be correctly generated!
17:11:46.479 [main] INFO  - 
  _____   ___   ___   _____     ___   _____     _     ___   _____   ___   ___  
 |_   _| | __| / __| |_   _|   / __| |_   _|   /_\   | _ \ |_   _| | __| |   \ 
   | |   | _|  \__ \   | |     \__ \   | |    / _ \  |   /   | |   | _|  | |) |
   |_|   |___| |___/   |_|     |___/   |_|   /_/ \_\ |_|_\   |_|   |___| |___/ 

GET As a user I can get product by id(products;get-as-a-user-i-can-get-product-by-id)
--------------------------------------------------------------------------------
17:11:46.503 [main] DEBUG net.thucydides.core.steps.StepInterceptor - STARTING STEP: ProductsSteps.setGetApiEndpointsById - I set GET api endpoints product by id
17:11:46.503 [main] DEBUG net.thucydides.core.steps.StepInterceptor - STEP DONE: I set GET api endpoints product by id
  &amp#27;[32mGiven &amp#27;[0m&amp#27;[32mI set GET api endpoints product by id&amp#27;[0m   &amp#27;[90m# starter.stepdefinitions.ProductsSteps.setGetApiEndpointsById()&amp#27;[0m
17:11:46.507 [main] DEBUG net.thucydides.core.steps.StepInterceptor - STARTING STEP: ProductsSteps.sendGetHttpRequestById - I send GET HTTP request product by id
17:11:46.507 [main] DEBUG net.thucydides.core.steps.StepInterceptor - STARTING STEP: GetIdProduct.sendGetHttpRequest - I set GET api endpoints product by id
17:11:46.507 [main] DEBUG net.thucydides.core.steps.StepInterceptor - STEP DONE: I set GET api endpoints product by id
17:11:46.511 [main] DEBUG org.apache.http.impl.conn.BasicClientConnectionManager - Get connection for route {s}->https://altashop-api.fly.dev:443
17:11:46.511 [main] DEBUG org.apache.http.impl.conn.DefaultClientConnectionOperator - Connecting to altashop-api.fly.dev:443
17:11:47.857 [main] DEBUG org.apache.http.client.protocol.RequestAddCookies - CookieSpec selected: ignoreCookies
17:11:47.857 [main] DEBUG org.apache.http.client.protocol.RequestAuthCache - Auth cache not set in the context
17:11:47.857 [main] DEBUG org.apache.http.client.protocol.RequestTargetAuthentication - Target auth state: UNCHALLENGED
17:11:47.857 [main] DEBUG org.apache.http.client.protocol.RequestProxyAuthentication - Proxy auth state: UNCHALLENGED
17:11:47.857 [main] DEBUG org.apache.http.impl.client.DefaultHttpClient - Attempt 1 to execute request
17:11:47.857 [main] DEBUG org.apache.http.impl.conn.DefaultClientConnection - Sending request: GET /api/products/52484 HTTP/1.1
17:11:47.857 [main] DEBUG org.apache.http.wire -  >> "GET /api/products/52484 HTTP/1.1[\r][\n]"
17:11:47.857 [main] DEBUG org.apache.http.wire -  >> "Accept: */*[\r][\n]"
17:11:47.857 [main] DEBUG org.apache.http.wire -  >> "Host: altashop-api.fly.dev[\r][\n]"
17:11:47.857 [main] DEBUG org.apache.http.wire -  >> "Connection: Keep-Alive[\r][\n]"
17:11:47.857 [main] DEBUG org.apache.http.wire -  >> "User-Agent: Apache-HttpClient/4.5.13 (Java/11.0.12)[\r][\n]"
17:11:47.857 [main] DEBUG org.apache.http.wire -  >> "Accept-Encoding: gzip,deflate[\r][\n]"
17:11:47.857 [main] DEBUG org.apache.http.wire -  >> "[\r][\n]"
17:11:47.857 [main] DEBUG org.apache.http.headers - >> GET /api/products/52484 HTTP/1.1
17:11:47.857 [main] DEBUG org.apache.http.headers - >> Accept: */*
17:11:47.857 [main] DEBUG org.apache.http.headers - >> Host: altashop-api.fly.dev
17:11:47.857 [main] DEBUG org.apache.http.headers - >> Connection: Keep-Alive
17:11:47.857 [main] DEBUG org.apache.http.headers - >> User-Agent: Apache-HttpClient/4.5.13 (Java/11.0.12)
17:11:47.857 [main] DEBUG org.apache.http.headers - >> Accept-Encoding: gzip,deflate
17:11:47.994 [main] DEBUG org.apache.http.wire -  << "HTTP/1.1 200 OK[\r][\n]"
17:11:47.994 [main] DEBUG org.apache.http.wire -  << "content-type: application/json[\r][\n]"
17:11:47.994 [main] DEBUG org.apache.http.wire -  << "date: Thu, 11 May 2023 10:11:50 GMT[\r][\n]"
17:11:47.994 [main] DEBUG org.apache.http.wire -  << "content-encoding: gzip[\r][\n]"
17:11:47.994 [main] DEBUG org.apache.http.wire -  << "transfer-encoding: chunked[\r][\n]"
17:11:47.994 [main] DEBUG org.apache.http.wire -  << "server: Fly/3f2597ca (2023-05-03)[\r][\n]"
17:11:47.994 [main] DEBUG org.apache.http.wire -  << "via: 1.1 fly.io[\r][\n]"
17:11:47.994 [main] DEBUG org.apache.http.wire -  << "fly-request-id: 01H054QA3J8212FSV7SZ1YW067-sin[\r][\n]"
17:11:47.994 [main] DEBUG org.apache.http.wire -  << "[\r][\n]"
17:11:47.994 [main] DEBUG org.apache.http.impl.conn.DefaultClientConnection - Receiving response: HTTP/1.1 200 OK
17:11:47.994 [main] DEBUG org.apache.http.headers - << HTTP/1.1 200 OK
17:11:47.994 [main] DEBUG org.apache.http.headers - << content-type: application/json
17:11:47.994 [main] DEBUG org.apache.http.headers - << date: Thu, 11 May 2023 10:11:50 GMT
17:11:47.994 [main] DEBUG org.apache.http.headers - << content-encoding: gzip
17:11:47.994 [main] DEBUG org.apache.http.headers - << transfer-encoding: chunked
17:11:47.994 [main] DEBUG org.apache.http.headers - << server: Fly/3f2597ca (2023-05-03)
17:11:47.994 [main] DEBUG org.apache.http.headers - << via: 1.1 fly.io
17:11:47.994 [main] DEBUG org.apache.http.headers - << fly-request-id: 01H054QA3J8212FSV7SZ1YW067-sin
17:11:47.994 [main] DEBUG org.apache.http.impl.client.DefaultHttpClient - Connection can be kept alive indefinitely
17:11:47.995 [main] DEBUG io.restassured.internal.RestAssuredHttpBuilder - Parsing response as: application/json
17:11:47.995 [main] DEBUG org.apache.http.wire -  << "8A[\r][\n]"
17:11:47.995 [main] DEBUG org.apache.http.wire -  << "[0x1f][0x8b][0x8][0x0][0x0][0x0][0x0][0x0][0x4][0xff][0xab]VJI,IT[0xb2][0xaa]V[0xf2]tQ[0xb2]252[0xb1]0[0xd1]Q[0xf2]K[0xcc]MU[0xb2]R[0xf2],*NLQ[0xd2]QrI-N.[0xca],([0xc9][0xcc][0xcf]S[0xb2]R*I,.[0xcf],*N,JL[0xcf][0xcc]p[0xa8]L[0xcc][0xc8][0xcf][0xd7]K[0xce][0xcf]U[0xd2]Q[\n]"
17:11:47.995 [main] DEBUG org.apache.http.wire -  << "([0xca]LNU[0xb2]2564[0xd7]Q[\n]"
17:11:47.995 [main] DEBUG org.apache.http.wire -  << "J,[0xc9][0xcc]K/V[0xb2]2[0xd1]QrN,IM[0xcf]/[0xca]L-V[0xb2][0x8a][0x8e][0xad][0xad][0xe5][0x2][0x0][0xc0]a[0xfc][0xa8]v[0x0][0x0][0x0]"
17:11:47.995 [main] DEBUG org.apache.http.wire -  << "[\r][\n]"
17:11:47.995 [main] DEBUG org.apache.http.wire -  << "0[\r][\n]"
17:11:47.995 [main] DEBUG org.apache.http.wire -  << "[\r][\n]"
17:11:47.995 [main] DEBUG io.restassured.internal.RestAssuredHttpBuilder - Parsed data to instance of: class org.apache.http.conn.EofSensorInputStream
17:11:47.995 [main] DEBUG org.apache.http.impl.conn.BasicClientConnectionManager - Releasing connection org.apache.http.impl.conn.ManagedClientConnectionImpl@2236756e
17:11:47.995 [main] DEBUG org.apache.http.impl.conn.BasicClientConnectionManager - Connection can be kept alive indefinitely
17:11:47.996 [main] DEBUG net.thucydides.core.steps.StepInterceptor - STEP DONE: I send GET HTTP request product by id
  &amp#27;[32mWhen &amp#27;[0m&amp#27;[32mI send GET HTTP request product by id&amp#27;[0m    &amp#27;[90m# starter.stepdefinitions.ProductsSteps.sendGetHttpRequestById()&amp#27;[0m
17:11:47.998 [main] DEBUG net.thucydides.core.steps.StepInterceptor - STARTING STEP: ProductsSteps.receiveValidHttpResponseCode200 - I receive valid HTTP response code 200
17:11:47.998 [main] DEBUG net.thucydides.core.steps.StepInterceptor - STEP DONE: I receive valid HTTP response code 200
  &amp#27;[32mThen &amp#27;[0m&amp#27;[32mI receive valid HTTP response code 200&amp#27;[0m   &amp#27;[90m# starter.stepdefinitions.ProductsSteps.receiveValidHttpResponseCode200()&amp#27;[0m
17:11:48.001 [main] DEBUG net.thucydides.core.steps.StepInterceptor - STARTING STEP: ProductsSteps.receiveValidDataForProductById - I receive valid data for product by id
17:11:48.014 [main] DEBUG net.thucydides.core.steps.StepInterceptor - STEP DONE: I receive valid data for product by id
  &amp#27;[32mAnd &amp#27;[0m&amp#27;[32mI receive valid data for product by id&amp#27;[0m    &amp#27;[90m# starter.stepdefinitions.ProductsSteps.receiveValidDataForProductById()&amp#27;[0m
17:11:48.016 [main] INFO  - 
  _____   ___   ___   _____     ___     _     ___   ___   ___   ___  
 |_   _| | __| / __| |_   _|   | _ \   /_\   / __| / __| | __| |   \ 
   | |   | _|  \__ \   | |     |  _/  / _ \  \__ \ \__ \ | _|  | |) |
   |_|   |___| |___/   |_|     |_|   /_/ \_\ |___/ |___/ |___| |___/ 

GET As a user I can get product by id
----------------------------------------------------------------------
]]></system-out>
  </testcase>
  <testcase name="GET As a user I can&apos;t get product by id" classname="Products" time="0.296">
    <system-out><![CDATA[
@Products @GetIdProduct-
Scenario: GET As a user I can't get product by id     &amp#27;[90m# src/test/resources/api/Products.feature:38&amp#27;[0m
17:11:48.021 [main] INFO io.cucumber.core.plugin.SerenityReporter - Running feature from file:///C:/KULIAH/SEMESTER%206/MSIB/QA/Tugas/Mini%20Project/API/rest-api/src/test/resources/api/Products.feature
17:11:48.021 [main] WARN io.cucumber.core.plugin.SerenityReporter - Feature from file:///C:/KULIAH/SEMESTER%206/MSIB/QA/Tugas/Mini%20Project/API/rest-api/src/test/resources/api/Products.feature is not under the 'features' directory. Requirements report will not be correctly generated!
17:11:48.022 [main] INFO  - 
  _____   ___   ___   _____     ___   _____     _     ___   _____   ___   ___  
 |_   _| | __| / __| |_   _|   / __| |_   _|   /_\   | _ \ |_   _| | __| |   \ 
   | |   | _|  \__ \   | |     \__ \   | |    / _ \  |   /   | |   | _|  | |) |
   |_|   |___| |___/   |_|     |___/   |_|   /_/ \_\ |_|_\   |_|   |___| |___/ 

GET As a user I can't get product by id(products;get-as-a-user-i-can-t-get-product-by-id)
--------------------------------------------------------------------------------
17:11:48.034 [main] DEBUG net.thucydides.core.steps.StepInterceptor - STARTING STEP: ProductsSteps.setGetApiEndpointsByIdInvalid - I set GET api endpoints product by id invalid
17:11:48.035 [main] DEBUG net.thucydides.core.steps.StepInterceptor - STEP DONE: I set GET api endpoints product by id invalid
  &amp#27;[32mGiven &amp#27;[0m&amp#27;[32mI set GET api endpoints product by id invalid&amp#27;[0m &amp#27;[90m# starter.stepdefinitions.ProductsSteps.setGetApiEndpointsByIdInvalid()&amp#27;[0m
17:11:48.037 [main] DEBUG net.thucydides.core.steps.StepInterceptor - STARTING STEP: ProductsSteps.sendGetHttpRequestByIdInvalid - I send GET HTTP request product by id invalid
17:11:48.037 [main] DEBUG net.thucydides.core.steps.StepInterceptor - STARTING STEP: GetIdProduct.sendGetHttpRequestInvalid - I set GET api endpoints product by id invalid
17:11:48.037 [main] DEBUG net.thucydides.core.steps.StepInterceptor - STEP DONE: I set GET api endpoints product by id invalid
17:11:48.041 [main] DEBUG org.apache.http.impl.conn.BasicClientConnectionManager - Get connection for route {s}->https://altashop-api.fly.dev:443
17:11:48.041 [main] DEBUG org.apache.http.impl.conn.DefaultClientConnectionOperator - Connecting to altashop-api.fly.dev:443
17:11:48.219 [main] DEBUG org.apache.http.client.protocol.RequestAddCookies - CookieSpec selected: ignoreCookies
17:11:48.219 [main] DEBUG org.apache.http.client.protocol.RequestAuthCache - Auth cache not set in the context
17:11:48.219 [main] DEBUG org.apache.http.client.protocol.RequestTargetAuthentication - Target auth state: UNCHALLENGED
17:11:48.219 [main] DEBUG org.apache.http.client.protocol.RequestProxyAuthentication - Proxy auth state: UNCHALLENGED
17:11:48.219 [main] DEBUG org.apache.http.impl.client.DefaultHttpClient - Attempt 1 to execute request
17:11:48.219 [main] DEBUG org.apache.http.impl.conn.DefaultClientConnection - Sending request: GET /api/products/1 HTTP/1.1
17:11:48.219 [main] DEBUG org.apache.http.wire -  >> "GET /api/products/1 HTTP/1.1[\r][\n]"
17:11:48.219 [main] DEBUG org.apache.http.wire -  >> "Accept: */*[\r][\n]"
17:11:48.219 [main] DEBUG org.apache.http.wire -  >> "Host: altashop-api.fly.dev[\r][\n]"
17:11:48.219 [main] DEBUG org.apache.http.wire -  >> "Connection: Keep-Alive[\r][\n]"
17:11:48.219 [main] DEBUG org.apache.http.wire -  >> "User-Agent: Apache-HttpClient/4.5.13 (Java/11.0.12)[\r][\n]"
17:11:48.219 [main] DEBUG org.apache.http.wire -  >> "Accept-Encoding: gzip,deflate[\r][\n]"
17:11:48.219 [main] DEBUG org.apache.http.wire -  >> "[\r][\n]"
17:11:48.219 [main] DEBUG org.apache.http.headers - >> GET /api/products/1 HTTP/1.1
17:11:48.219 [main] DEBUG org.apache.http.headers - >> Accept: */*
17:11:48.219 [main] DEBUG org.apache.http.headers - >> Host: altashop-api.fly.dev
17:11:48.219 [main] DEBUG org.apache.http.headers - >> Connection: Keep-Alive
17:11:48.219 [main] DEBUG org.apache.http.headers - >> User-Agent: Apache-HttpClient/4.5.13 (Java/11.0.12)
17:11:48.219 [main] DEBUG org.apache.http.headers - >> Accept-Encoding: gzip,deflate
17:11:48.300 [main] DEBUG org.apache.http.wire -  << "HTTP/1.1 404 Not Found[\r][\n]"
17:11:48.300 [main] DEBUG org.apache.http.wire -  << "content-type: application/json[\r][\n]"
17:11:48.300 [main] DEBUG org.apache.http.wire -  << "date: Thu, 11 May 2023 10:11:50 GMT[\r][\n]"
17:11:48.300 [main] DEBUG org.apache.http.wire -  << "content-encoding: gzip[\r][\n]"
17:11:48.300 [main] DEBUG org.apache.http.wire -  << "transfer-encoding: chunked[\r][\n]"
17:11:48.300 [main] DEBUG org.apache.http.wire -  << "server: Fly/3f2597ca (2023-05-03)[\r][\n]"
17:11:48.300 [main] DEBUG org.apache.http.wire -  << "via: 1.1 fly.io[\r][\n]"
17:11:48.300 [main] DEBUG org.apache.http.wire -  << "fly-request-id: 01H054QAEHG7MNGBN234SPW5DD-sin[\r][\n]"
17:11:48.300 [main] DEBUG org.apache.http.wire -  << "[\r][\n]"
17:11:48.300 [main] DEBUG org.apache.http.impl.conn.DefaultClientConnection - Receiving response: HTTP/1.1 404 Not Found
17:11:48.300 [main] DEBUG org.apache.http.headers - << HTTP/1.1 404 Not Found
17:11:48.300 [main] DEBUG org.apache.http.headers - << content-type: application/json
17:11:48.300 [main] DEBUG org.apache.http.headers - << date: Thu, 11 May 2023 10:11:50 GMT
17:11:48.300 [main] DEBUG org.apache.http.headers - << content-encoding: gzip
17:11:48.300 [main] DEBUG org.apache.http.headers - << transfer-encoding: chunked
17:11:48.300 [main] DEBUG org.apache.http.headers - << server: Fly/3f2597ca (2023-05-03)
17:11:48.300 [main] DEBUG org.apache.http.headers - << via: 1.1 fly.io
17:11:48.300 [main] DEBUG org.apache.http.headers - << fly-request-id: 01H054QAEHG7MNGBN234SPW5DD-sin
17:11:48.300 [main] DEBUG org.apache.http.impl.client.DefaultHttpClient - Connection can be kept alive indefinitely
17:11:48.300 [main] DEBUG io.restassured.internal.RestAssuredHttpBuilder - Parsing response as: application/json
17:11:48.300 [main] DEBUG org.apache.http.wire -  << "31[\r][\n]"
17:11:48.300 [main] DEBUG org.apache.http.wire -  << "[0x1f][0x8b][0x8][0x0][0x0][0x0][0x0][0x0][0x4][0xff][0xab]VJ-*[0xca]/R[0xb2]R*JM[0xce]/JQ[0xc8][0xcb]/QH[0xcb]/[0xcd]KQ[0xaa][0xe5][0x2][0x0]6`[0x14][0x2][0x1d][0x0][0x0][0x0]"
17:11:48.300 [main] DEBUG org.apache.http.wire -  << "[\r][\n]"
17:11:48.300 [main] DEBUG org.apache.http.wire -  << "0[\r][\n]"
17:11:48.300 [main] DEBUG org.apache.http.wire -  << "[\r][\n]"
17:11:48.300 [main] DEBUG io.restassured.internal.RestAssuredHttpBuilder - Parsed data to instance of: class org.apache.http.conn.EofSensorInputStream
17:11:48.301 [main] DEBUG org.apache.http.impl.conn.BasicClientConnectionManager - Releasing connection org.apache.http.impl.conn.ManagedClientConnectionImpl@481f2acb
17:11:48.301 [main] DEBUG org.apache.http.impl.conn.BasicClientConnectionManager - Connection can be kept alive indefinitely
17:11:48.301 [main] DEBUG net.thucydides.core.steps.StepInterceptor - STEP DONE: I send GET HTTP request product by id invalid
  &amp#27;[32mWhen &amp#27;[0m&amp#27;[32mI send GET HTTP request product by id invalid&amp#27;[0m  &amp#27;[90m# starter.stepdefinitions.ProductsSteps.sendGetHttpRequestByIdInvalid()&amp#27;[0m
17:11:48.303 [main] DEBUG net.thucydides.core.steps.StepInterceptor - STARTING STEP: ProductsSteps.receiveHttpResponseCode404 - I receive valid HTTP response code 404
17:11:48.303 [main] DEBUG net.thucydides.core.steps.StepInterceptor - STEP DONE: I receive valid HTTP response code 404
  &amp#27;[32mThen &amp#27;[0m&amp#27;[32mI receive valid HTTP response code 404&amp#27;[0m         &amp#27;[90m# starter.stepdefinitions.ProductsSteps.receiveHttpResponseCode404()&amp#27;[0m
17:11:48.305 [main] DEBUG net.thucydides.core.steps.StepInterceptor - STARTING STEP: ProductsSteps.receiveValidDataForProductById404 - I receive valid data for product by id 404
17:11:48.311 [main] DEBUG net.thucydides.core.steps.StepInterceptor - STEP DONE: I receive valid data for product by id 404
  &amp#27;[32mAnd &amp#27;[0m&amp#27;[32mI receive valid data for product by id 404&amp#27;[0m      &amp#27;[90m# starter.stepdefinitions.ProductsSteps.receiveValidDataForProductById404()&amp#27;[0m
17:11:48.313 [main] INFO  - 
  _____   ___   ___   _____     ___     _     ___   ___   ___   ___  
 |_   _| | __| / __| |_   _|   | _ \   /_\   / __| / __| | __| |   \ 
   | |   | _|  \__ \   | |     |  _/  / _ \  \__ \ \__ \ | _|  | |) |
   |_|   |___| |___/   |_|     |_|   /_/ \_\ |___/ |___/ |___| |___/ 

GET As a user I can't get product by id
----------------------------------------------------------------------
]]></system-out>
  </testcase>
  <testcase name="DELETE As a user I can delete product by id" classname="Products" time="0.394">
    <system-out><![CDATA[
@Products @DeleteProduct+
Scenario: DELETE As a user I can delete product by id &amp#27;[90m# src/test/resources/api/Products.feature:45&amp#27;[0m
17:11:48.318 [main] INFO io.cucumber.core.plugin.SerenityReporter - Running feature from file:///C:/KULIAH/SEMESTER%206/MSIB/QA/Tugas/Mini%20Project/API/rest-api/src/test/resources/api/Products.feature
17:11:48.318 [main] WARN io.cucumber.core.plugin.SerenityReporter - Feature from file:///C:/KULIAH/SEMESTER%206/MSIB/QA/Tugas/Mini%20Project/API/rest-api/src/test/resources/api/Products.feature is not under the 'features' directory. Requirements report will not be correctly generated!
17:11:48.319 [main] INFO  - 
  _____   ___   ___   _____     ___   _____     _     ___   _____   ___   ___  
 |_   _| | __| / __| |_   _|   / __| |_   _|   /_\   | _ \ |_   _| | __| |   \ 
   | |   | _|  \__ \   | |     \__ \   | |    / _ \  |   /   | |   | _|  | |) |
   |_|   |___| |___/   |_|     |___/   |_|   /_/ \_\ |_|_\   |_|   |___| |___/ 

DELETE As a user I can delete product by id(products;delete-as-a-user-i-can-delete-product-by-id)
--------------------------------------------------------------------------------
17:11:48.330 [main] DEBUG net.thucydides.core.steps.StepInterceptor - STARTING STEP: ProductsSteps.setDeleteApiEndpoints - I set DELETE api endpoints delete product
17:11:48.330 [main] DEBUG net.thucydides.core.steps.StepInterceptor - STEP DONE: I set DELETE api endpoints delete product
  &amp#27;[32mGiven &amp#27;[0m&amp#27;[32mI set DELETE api endpoints delete product&amp#27;[0m     &amp#27;[90m# starter.stepdefinitions.ProductsSteps.setDeleteApiEndpoints()&amp#27;[0m
17:11:48.331 [main] DEBUG net.thucydides.core.steps.StepInterceptor - STARTING STEP: ProductsSteps.sendDeleteApiEndpoints - I send DELETE HTTP request delete product
17:11:48.332 [main] DEBUG net.thucydides.core.steps.StepInterceptor - STARTING STEP: DeleteProduct.sendDeleteHttpRequest - I set DELETE api endpoints delete product
17:11:48.332 [main] DEBUG net.thucydides.core.steps.StepInterceptor - STEP DONE: I set DELETE api endpoints delete product
17:11:48.335 [main] DEBUG org.apache.http.impl.conn.BasicClientConnectionManager - Get connection for route {s}->https://altashop-api.fly.dev:443
17:11:48.335 [main] DEBUG org.apache.http.impl.conn.DefaultClientConnectionOperator - Connecting to altashop-api.fly.dev:443
17:11:48.631 [main] DEBUG org.apache.http.client.protocol.RequestAddCookies - CookieSpec selected: ignoreCookies
17:11:48.631 [main] DEBUG org.apache.http.client.protocol.RequestAuthCache - Auth cache not set in the context
17:11:48.631 [main] DEBUG org.apache.http.client.protocol.RequestTargetAuthentication - Target auth state: UNCHALLENGED
17:11:48.631 [main] DEBUG org.apache.http.client.protocol.RequestProxyAuthentication - Proxy auth state: UNCHALLENGED
17:11:48.631 [main] DEBUG org.apache.http.impl.client.DefaultHttpClient - Attempt 1 to execute request
17:11:48.631 [main] DEBUG org.apache.http.impl.conn.DefaultClientConnection - Sending request: DELETE /api/products/1 HTTP/1.1
17:11:48.631 [main] DEBUG org.apache.http.wire -  >> "DELETE /api/products/1 HTTP/1.1[\r][\n]"
17:11:48.631 [main] DEBUG org.apache.http.wire -  >> "Accept: */*[\r][\n]"
17:11:48.631 [main] DEBUG org.apache.http.wire -  >> "Host: altashop-api.fly.dev[\r][\n]"
17:11:48.631 [main] DEBUG org.apache.http.wire -  >> "Connection: Keep-Alive[\r][\n]"
17:11:48.631 [main] DEBUG org.apache.http.wire -  >> "User-Agent: Apache-HttpClient/4.5.13 (Java/11.0.12)[\r][\n]"
17:11:48.631 [main] DEBUG org.apache.http.wire -  >> "Accept-Encoding: gzip,deflate[\r][\n]"
17:11:48.631 [main] DEBUG org.apache.http.wire -  >> "[\r][\n]"
17:11:48.631 [main] DEBUG org.apache.http.headers - >> DELETE /api/products/1 HTTP/1.1
17:11:48.631 [main] DEBUG org.apache.http.headers - >> Accept: */*
17:11:48.631 [main] DEBUG org.apache.http.headers - >> Host: altashop-api.fly.dev
17:11:48.631 [main] DEBUG org.apache.http.headers - >> Connection: Keep-Alive
17:11:48.631 [main] DEBUG org.apache.http.headers - >> User-Agent: Apache-HttpClient/4.5.13 (Java/11.0.12)
17:11:48.631 [main] DEBUG org.apache.http.headers - >> Accept-Encoding: gzip,deflate
17:11:48.694 [main] DEBUG org.apache.http.wire -  << "HTTP/1.1 200 OK[\r][\n]"
17:11:48.694 [main] DEBUG org.apache.http.wire -  << "content-type: application/json[\r][\n]"
17:11:48.694 [main] DEBUG org.apache.http.wire -  << "date: Thu, 11 May 2023 10:11:51 GMT[\r][\n]"
17:11:48.694 [main] DEBUG org.apache.http.wire -  << "content-encoding: gzip[\r][\n]"
17:11:48.694 [main] DEBUG org.apache.http.wire -  << "transfer-encoding: chunked[\r][\n]"
17:11:48.694 [main] DEBUG org.apache.http.wire -  << "server: Fly/3f2597ca (2023-05-03)[\r][\n]"
17:11:48.694 [main] DEBUG org.apache.http.wire -  << "via: 1.1 fly.io[\r][\n]"
17:11:48.694 [main] DEBUG org.apache.http.wire -  << "fly-request-id: 01H054QAVFGXG6GAA20Y5S6MD6-sin[\r][\n]"
17:11:48.694 [main] DEBUG org.apache.http.wire -  << "[\r][\n]"
17:11:48.694 [main] DEBUG org.apache.http.impl.conn.DefaultClientConnection - Receiving response: HTTP/1.1 200 OK
17:11:48.694 [main] DEBUG org.apache.http.headers - << HTTP/1.1 200 OK
17:11:48.694 [main] DEBUG org.apache.http.headers - << content-type: application/json
17:11:48.694 [main] DEBUG org.apache.http.headers - << date: Thu, 11 May 2023 10:11:51 GMT
17:11:48.694 [main] DEBUG org.apache.http.headers - << content-encoding: gzip
17:11:48.694 [main] DEBUG org.apache.http.headers - << transfer-encoding: chunked
17:11:48.694 [main] DEBUG org.apache.http.headers - << server: Fly/3f2597ca (2023-05-03)
17:11:48.694 [main] DEBUG org.apache.http.headers - << via: 1.1 fly.io
17:11:48.694 [main] DEBUG org.apache.http.headers - << fly-request-id: 01H054QAVFGXG6GAA20Y5S6MD6-sin
17:11:48.694 [main] DEBUG org.apache.http.impl.client.DefaultHttpClient - Connection can be kept alive indefinitely
17:11:48.694 [main] DEBUG io.restassured.internal.RestAssuredHttpBuilder - Parsing response as: application/json
17:11:48.694 [main] DEBUG org.apache.http.wire -  << "22[\r][\n]"
17:11:48.694 [main] DEBUG org.apache.http.wire -  << "[0x1f][0x8b][0x8][0x0][0x0][0x0][0x0][0x0][0x4][0xff][0xab]VJI,IT[0xb2][0xca]+[0xcd][0xc9][0xa9][0xe5][0x2][0x0][0xa3][0xab][0x8f]W[0xe][0x0][0x0][0x0]"
17:11:48.694 [main] DEBUG org.apache.http.wire -  << "[\r][\n]"
17:11:48.694 [main] DEBUG org.apache.http.wire -  << "0[\r][\n]"
17:11:48.694 [main] DEBUG org.apache.http.wire -  << "[\r][\n]"
17:11:48.694 [main] DEBUG io.restassured.internal.RestAssuredHttpBuilder - Parsed data to instance of: class org.apache.http.conn.EofSensorInputStream
17:11:48.695 [main] DEBUG org.apache.http.impl.conn.BasicClientConnectionManager - Releasing connection org.apache.http.impl.conn.ManagedClientConnectionImpl@32b1d581
17:11:48.695 [main] DEBUG org.apache.http.impl.conn.BasicClientConnectionManager - Connection can be kept alive indefinitely
17:11:48.695 [main] DEBUG net.thucydides.core.steps.StepInterceptor - STEP DONE: I send DELETE HTTP request delete product
  &amp#27;[32mWhen &amp#27;[0m&amp#27;[32mI send DELETE HTTP request delete product&amp#27;[0m      &amp#27;[90m# starter.stepdefinitions.ProductsSteps.sendDeleteApiEndpoints()&amp#27;[0m
17:11:48.697 [main] DEBUG net.thucydides.core.steps.StepInterceptor - STARTING STEP: ProductsSteps.receiveValidHttpResponseCode200 - I receive valid HTTP response code 200
17:11:48.697 [main] DEBUG net.thucydides.core.steps.StepInterceptor - STEP DONE: I receive valid HTTP response code 200
  &amp#27;[32mThen &amp#27;[0m&amp#27;[32mI receive valid HTTP response code 200&amp#27;[0m         &amp#27;[90m# starter.stepdefinitions.ProductsSteps.receiveValidHttpResponseCode200()&amp#27;[0m
17:11:48.699 [main] DEBUG net.thucydides.core.steps.StepInterceptor - STARTING STEP: ProductsSteps.receiveValidDataForDelete - I receive valid data for delete product
17:11:48.706 [main] DEBUG net.thucydides.core.steps.StepInterceptor - STEP DONE: I receive valid data for delete product
  &amp#27;[32mAnd &amp#27;[0m&amp#27;[32mI receive valid data for delete product&amp#27;[0m         &amp#27;[90m# starter.stepdefinitions.ProductsSteps.receiveValidDataForDelete()&amp#27;[0m
17:11:48.707 [main] INFO  - 
  _____   ___   ___   _____     ___     _     ___   ___   ___   ___  
 |_   _| | __| / __| |_   _|   | _ \   /_\   / __| / __| | __| |   \ 
   | |   | _|  \__ \   | |     |  _/  / _ \  \__ \ \__ \ | _|  | |) |
   |_|   |___| |___/   |_|     |_|   /_/ \_\ |___/ |___/ |___| |___/ 

DELETE As a user I can delete product by id
----------------------------------------------------------------------
]]></system-out>
  </testcase>
  <testcase name="DELETE As a user I can&apos;t delete product by id" classname="Products" time="0.849">
    <system-out><![CDATA[
@Products @DeleteProduct-
Scenario: DELETE As a user I can't delete product by id   &amp#27;[90m# src/test/resources/api/Products.feature:51&amp#27;[0m
17:11:48.712 [main] INFO io.cucumber.core.plugin.SerenityReporter - Running feature from file:///C:/KULIAH/SEMESTER%206/MSIB/QA/Tugas/Mini%20Project/API/rest-api/src/test/resources/api/Products.feature
17:11:48.712 [main] WARN io.cucumber.core.plugin.SerenityReporter - Feature from file:///C:/KULIAH/SEMESTER%206/MSIB/QA/Tugas/Mini%20Project/API/rest-api/src/test/resources/api/Products.feature is not under the 'features' directory. Requirements report will not be correctly generated!
17:11:48.713 [main] INFO  - 
  _____   ___   ___   _____     ___   _____     _     ___   _____   ___   ___  
 |_   _| | __| / __| |_   _|   / __| |_   _|   /_\   | _ \ |_   _| | __| |   \ 
   | |   | _|  \__ \   | |     \__ \   | |    / _ \  |   /   | |   | _|  | |) |
   |_|   |___| |___/   |_|     |___/   |_|   /_/ \_\ |_|_\   |_|   |___| |___/ 

DELETE As a user I can't delete product by id(products;delete-as-a-user-i-can-t-delete-product-by-id)
--------------------------------------------------------------------------------
17:11:48.722 [main] DEBUG net.thucydides.core.steps.StepInterceptor - STARTING STEP: ProductsSteps.setDeleteApiEndpointsInvalid - I set DELETE api endpoints invalid delete product
17:11:48.722 [main] DEBUG net.thucydides.core.steps.StepInterceptor - STEP DONE: I set DELETE api endpoints invalid delete product
  &amp#27;[32mGiven &amp#27;[0m&amp#27;[32mI set DELETE api endpoints invalid delete product&amp#27;[0m &amp#27;[90m# starter.stepdefinitions.ProductsSteps.setDeleteApiEndpointsInvalid()&amp#27;[0m
17:11:48.724 [main] DEBUG net.thucydides.core.steps.StepInterceptor - STARTING STEP: ProductsSteps.sendDeleteApiEndpointsInvalid - I send DELETE HTTP request invalid delete product
17:11:48.725 [main] DEBUG net.thucydides.core.steps.StepInterceptor - STARTING STEP: DeleteProduct.sendDeleteHttpRequestInvalid - I set DELETE api endpoints invalid delete product
17:11:48.725 [main] DEBUG net.thucydides.core.steps.StepInterceptor - STEP DONE: I set DELETE api endpoints invalid delete product
17:11:48.728 [main] DEBUG org.apache.http.impl.conn.BasicClientConnectionManager - Get connection for route {s}->https://altashop-api.fly.dev:443
17:11:48.728 [main] DEBUG org.apache.http.impl.conn.DefaultClientConnectionOperator - Connecting to altashop-api.fly.dev:443
17:11:49.006 [main] DEBUG org.apache.http.client.protocol.RequestAddCookies - CookieSpec selected: ignoreCookies
17:11:49.006 [main] DEBUG org.apache.http.client.protocol.RequestAuthCache - Auth cache not set in the context
17:11:49.006 [main] DEBUG org.apache.http.client.protocol.RequestTargetAuthentication - Target auth state: UNCHALLENGED
17:11:49.006 [main] DEBUG org.apache.http.client.protocol.RequestProxyAuthentication - Proxy auth state: UNCHALLENGED
17:11:49.006 [main] DEBUG org.apache.http.impl.client.DefaultHttpClient - Attempt 1 to execute request
17:11:49.006 [main] DEBUG org.apache.http.impl.conn.DefaultClientConnection - Sending request: DELETE /api/products/ HTTP/1.1
17:11:49.006 [main] DEBUG org.apache.http.wire -  >> "DELETE /api/products/ HTTP/1.1[\r][\n]"
17:11:49.006 [main] DEBUG org.apache.http.wire -  >> "Accept: */*[\r][\n]"
17:11:49.006 [main] DEBUG org.apache.http.wire -  >> "Host: altashop-api.fly.dev[\r][\n]"
17:11:49.006 [main] DEBUG org.apache.http.wire -  >> "Connection: Keep-Alive[\r][\n]"
17:11:49.006 [main] DEBUG org.apache.http.wire -  >> "User-Agent: Apache-HttpClient/4.5.13 (Java/11.0.12)[\r][\n]"
17:11:49.006 [main] DEBUG org.apache.http.wire -  >> "Accept-Encoding: gzip,deflate[\r][\n]"
17:11:49.006 [main] DEBUG org.apache.http.wire -  >> "[\r][\n]"
17:11:49.006 [main] DEBUG org.apache.http.headers - >> DELETE /api/products/ HTTP/1.1
17:11:49.006 [main] DEBUG org.apache.http.headers - >> Accept: */*
17:11:49.006 [main] DEBUG org.apache.http.headers - >> Host: altashop-api.fly.dev
17:11:49.006 [main] DEBUG org.apache.http.headers - >> Connection: Keep-Alive
17:11:49.006 [main] DEBUG org.apache.http.headers - >> User-Agent: Apache-HttpClient/4.5.13 (Java/11.0.12)
17:11:49.006 [main] DEBUG org.apache.http.headers - >> Accept-Encoding: gzip,deflate
17:11:49.119 [main] DEBUG org.apache.http.wire -  << "HTTP/1.1 405 Method Not Allowed[\r][\n]"
17:11:49.119 [main] DEBUG org.apache.http.wire -  << "date: Thu, 11 May 2023 10:11:51 GMT[\r][\n]"
17:11:49.119 [main] DEBUG org.apache.http.wire -  << "content-encoding: gzip[\r][\n]"
17:11:49.119 [main] DEBUG org.apache.http.wire -  << "content-type: text/plain; charset=utf-8[\r][\n]"
17:11:49.119 [main] DEBUG org.apache.http.wire -  << "transfer-encoding: chunked[\r][\n]"
17:11:49.119 [main] DEBUG org.apache.http.wire -  << "server: Fly/3f2597ca (2023-05-03)[\r][\n]"
17:11:49.119 [main] DEBUG org.apache.http.wire -  << "via: 1.1 fly.io[\r][\n]"
17:11:49.119 [main] DEBUG org.apache.http.wire -  << "fly-request-id: 01H054QB7R9QFPDME95RMEWDYE-sin[\r][\n]"
17:11:49.119 [main] DEBUG org.apache.http.wire -  << "[\r][\n]"
17:11:49.119 [main] DEBUG org.apache.http.impl.conn.DefaultClientConnection - Receiving response: HTTP/1.1 405 Method Not Allowed
17:11:49.119 [main] DEBUG org.apache.http.headers - << HTTP/1.1 405 Method Not Allowed
17:11:49.119 [main] DEBUG org.apache.http.headers - << date: Thu, 11 May 2023 10:11:51 GMT
17:11:49.119 [main] DEBUG org.apache.http.headers - << content-encoding: gzip
17:11:49.119 [main] DEBUG org.apache.http.headers - << content-type: text/plain; charset=utf-8
17:11:49.119 [main] DEBUG org.apache.http.headers - << transfer-encoding: chunked
17:11:49.119 [main] DEBUG org.apache.http.headers - << server: Fly/3f2597ca (2023-05-03)
17:11:49.119 [main] DEBUG org.apache.http.headers - << via: 1.1 fly.io
17:11:49.119 [main] DEBUG org.apache.http.headers - << fly-request-id: 01H054QB7R9QFPDME95RMEWDYE-sin
17:11:49.119 [main] DEBUG org.apache.http.impl.client.DefaultHttpClient - Connection can be kept alive indefinitely
17:11:49.119 [main] DEBUG io.restassured.internal.RestAssuredHttpBuilder - Parsing response as: text/plain; charset=utf-8
17:11:49.119 [main] DEBUG org.apache.http.wire -  << "27[\r][\n]"
17:11:49.119 [main] DEBUG org.apache.http.wire -  << "[0x1f][0x8b][0x8][0x0][0x0][0x0][0x0][0x0][0x4][0xff][0xcb]M-[0xc9][0xc8]OQ[0xc8][0xcb]/QH[0xcc][0xc9][0xc9]/OM[0xe1][0x2][0x0][0xe5]Yf[0xfa][0x13][0x0][0x0][0x0]"
17:11:49.119 [main] DEBUG org.apache.http.wire -  << "[\r][\n]"
17:11:49.119 [main] DEBUG org.apache.http.wire -  << "0[\r][\n]"
17:11:49.119 [main] DEBUG org.apache.http.wire -  << "[\r][\n]"
17:11:49.119 [main] DEBUG io.restassured.internal.RestAssuredHttpBuilder - Parsed data to instance of: class org.apache.http.conn.EofSensorInputStream
17:11:49.120 [main] DEBUG org.apache.http.impl.conn.BasicClientConnectionManager - Releasing connection org.apache.http.impl.conn.ManagedClientConnectionImpl@6d82a9bb
17:11:49.120 [main] DEBUG org.apache.http.impl.conn.BasicClientConnectionManager - Connection can be kept alive indefinitely
17:11:49.120 [main] DEBUG net.thucydides.core.steps.StepInterceptor - STEP DONE: I send DELETE HTTP request invalid delete product
  &amp#27;[32mWhen &amp#27;[0m&amp#27;[32mI send DELETE HTTP request invalid delete product&amp#27;[0m  &amp#27;[90m# starter.stepdefinitions.ProductsSteps.sendDeleteApiEndpointsInvalid()&amp#27;[0m
17:11:49.124 [main] DEBUG net.thucydides.core.steps.StepInterceptor - STARTING STEP: ProductsSteps.receiveHttpResponseCode405 - I receive valid HTTP response code 405
17:11:49.124 [main] DEBUG net.thucydides.core.steps.StepInterceptor - STEP DONE: I receive valid HTTP response code 405
  &amp#27;[32mThen &amp#27;[0m&amp#27;[32mI receive valid HTTP response code 405&amp#27;[0m             &amp#27;[90m# starter.stepdefinitions.ProductsSteps.receiveHttpResponseCode405()&amp#27;[0m
17:11:49.127 [main] DEBUG net.thucydides.core.steps.StepInterceptor - STARTING STEP: ProductsSteps.receiveValidDataForResponseCode405 - I receive valid data for response code 405
17:11:49.128 [main] DEBUG net.thucydides.core.steps.StepInterceptor - STARTING STEP: DeleteProduct.validateDataInvalidForResponseCode405 - I set DELETE api endpoints invalid delete product
17:11:49.128 [main] DEBUG net.thucydides.core.steps.StepInterceptor - STEP DONE: I set DELETE api endpoints invalid delete product
17:11:49.132 [main] DEBUG org.apache.http.impl.conn.BasicClientConnectionManager - Get connection for route {s}->https://altashop-api.fly.dev:443
17:11:49.132 [main] DEBUG org.apache.http.impl.conn.DefaultClientConnectionOperator - Connecting to altashop-api.fly.dev:443
17:11:49.359 [main] DEBUG org.apache.http.client.protocol.RequestAddCookies - CookieSpec selected: ignoreCookies
17:11:49.359 [main] DEBUG org.apache.http.client.protocol.RequestAuthCache - Auth cache not set in the context
17:11:49.359 [main] DEBUG org.apache.http.client.protocol.RequestTargetAuthentication - Target auth state: UNCHALLENGED
17:11:49.359 [main] DEBUG org.apache.http.client.protocol.RequestProxyAuthentication - Proxy auth state: UNCHALLENGED
17:11:49.359 [main] DEBUG org.apache.http.impl.client.DefaultHttpClient - Attempt 1 to execute request
17:11:49.359 [main] DEBUG org.apache.http.impl.conn.DefaultClientConnection - Sending request: DELETE /api/products/ HTTP/1.1
17:11:49.359 [main] DEBUG org.apache.http.wire -  >> "DELETE /api/products/ HTTP/1.1[\r][\n]"
17:11:49.359 [main] DEBUG org.apache.http.wire -  >> "Accept: */*[\r][\n]"
17:11:49.359 [main] DEBUG org.apache.http.wire -  >> "Host: altashop-api.fly.dev[\r][\n]"
17:11:49.359 [main] DEBUG org.apache.http.wire -  >> "Connection: Keep-Alive[\r][\n]"
17:11:49.359 [main] DEBUG org.apache.http.wire -  >> "User-Agent: Apache-HttpClient/4.5.13 (Java/11.0.12)[\r][\n]"
17:11:49.359 [main] DEBUG org.apache.http.wire -  >> "Accept-Encoding: gzip,deflate[\r][\n]"
17:11:49.359 [main] DEBUG org.apache.http.wire -  >> "[\r][\n]"
17:11:49.359 [main] DEBUG org.apache.http.headers - >> DELETE /api/products/ HTTP/1.1
17:11:49.359 [main] DEBUG org.apache.http.headers - >> Accept: */*
17:11:49.359 [main] DEBUG org.apache.http.headers - >> Host: altashop-api.fly.dev
17:11:49.359 [main] DEBUG org.apache.http.headers - >> Connection: Keep-Alive
17:11:49.359 [main] DEBUG org.apache.http.headers - >> User-Agent: Apache-HttpClient/4.5.13 (Java/11.0.12)
17:11:49.359 [main] DEBUG org.apache.http.headers - >> Accept-Encoding: gzip,deflate
17:11:49.553 [main] DEBUG org.apache.http.wire -  << "HTTP/1.1 405 Method Not Allowed[\r][\n]"
17:11:49.553 [main] DEBUG org.apache.http.wire -  << "date: Thu, 11 May 2023 10:11:52 GMT[\r][\n]"
17:11:49.553 [main] DEBUG org.apache.http.wire -  << "content-encoding: gzip[\r][\n]"
17:11:49.553 [main] DEBUG org.apache.http.wire -  << "content-type: text/plain; charset=utf-8[\r][\n]"
17:11:49.553 [main] DEBUG org.apache.http.wire -  << "transfer-encoding: chunked[\r][\n]"
17:11:49.553 [main] DEBUG org.apache.http.wire -  << "server: Fly/3f2597ca (2023-05-03)[\r][\n]"
17:11:49.553 [main] DEBUG org.apache.http.wire -  << "via: 1.1 fly.io[\r][\n]"
17:11:49.553 [main] DEBUG org.apache.http.wire -  << "fly-request-id: 01H054QBJHZPYFBGDEX8FJTMWQ-sin[\r][\n]"
17:11:49.553 [main] DEBUG org.apache.http.wire -  << "[\r][\n]"
17:11:49.553 [main] DEBUG org.apache.http.impl.conn.DefaultClientConnection - Receiving response: HTTP/1.1 405 Method Not Allowed
17:11:49.553 [main] DEBUG org.apache.http.headers - << HTTP/1.1 405 Method Not Allowed
17:11:49.553 [main] DEBUG org.apache.http.headers - << date: Thu, 11 May 2023 10:11:52 GMT
17:11:49.553 [main] DEBUG org.apache.http.headers - << content-encoding: gzip
17:11:49.553 [main] DEBUG org.apache.http.headers - << content-type: text/plain; charset=utf-8
17:11:49.553 [main] DEBUG org.apache.http.headers - << transfer-encoding: chunked
17:11:49.553 [main] DEBUG org.apache.http.headers - << server: Fly/3f2597ca (2023-05-03)
17:11:49.553 [main] DEBUG org.apache.http.headers - << via: 1.1 fly.io
17:11:49.553 [main] DEBUG org.apache.http.headers - << fly-request-id: 01H054QBJHZPYFBGDEX8FJTMWQ-sin
17:11:49.553 [main] DEBUG org.apache.http.impl.client.DefaultHttpClient - Connection can be kept alive indefinitely
17:11:49.554 [main] DEBUG io.restassured.internal.RestAssuredHttpBuilder - Parsing response as: text/plain; charset=utf-8
17:11:49.554 [main] DEBUG org.apache.http.wire -  << "27[\r][\n]"
17:11:49.554 [main] DEBUG org.apache.http.wire -  << "[0x1f][0x8b][0x8][0x0][0x0][0x0][0x0][0x0][0x4][0xff][0xcb]M-[0xc9][0xc8]OQ[0xc8][0xcb]/QH[0xcc][0xc9][0xc9]/OM[0xe1][0x2][0x0][0xe5]Yf[0xfa][0x13][0x0][0x0][0x0]"
17:11:49.554 [main] DEBUG org.apache.http.wire -  << "[\r][\n]"
17:11:49.554 [main] DEBUG org.apache.http.wire -  << "0[\r][\n]"
17:11:49.554 [main] DEBUG org.apache.http.wire -  << "[\r][\n]"
17:11:49.554 [main] DEBUG io.restassured.internal.RestAssuredHttpBuilder - Parsed data to instance of: class org.apache.http.conn.EofSensorInputStream
17:11:49.555 [main] DEBUG org.apache.http.impl.conn.BasicClientConnectionManager - Releasing connection org.apache.http.impl.conn.ManagedClientConnectionImpl@1c5fc
17:11:49.555 [main] DEBUG org.apache.http.impl.conn.BasicClientConnectionManager - Connection can be kept alive indefinitely
17:11:49.555 [main] DEBUG net.thucydides.core.steps.StepInterceptor - STEP DONE: I receive valid data for response code 405
  &amp#27;[32mAnd &amp#27;[0m&amp#27;[32mI receive valid data for response code 405&amp#27;[0m          &amp#27;[90m# starter.stepdefinitions.ProductsSteps.receiveValidDataForResponseCode405()&amp#27;[0m
17:11:49.557 [main] INFO  - 
  _____   ___   ___   _____     ___     _     ___   ___   ___   ___  
 |_   _| | __| / __| |_   _|   | _ \   /_\   / __| / __| | __| |   \ 
   | |   | _|  \__ \   | |     |  _/  / _ \  \__ \ \__ \ | _|  | |) |
   |_|   |___| |___/   |_|     |_|   /_/ \_\ |___/ |___/ |___| |___/ 

DELETE As a user I can't delete product by id
----------------------------------------------------------------------
]]></system-out>
  </testcase>
  <testcase name="POST As a user I can create a new product rating" classname="Products" time="0.332">
    <system-out><![CDATA[
@Products @PostProductRating+
Scenario: POST As a user I can create a new product rating &amp#27;[90m# src/test/resources/api/Products.feature:58&amp#27;[0m
17:11:49.564 [main] INFO io.cucumber.core.plugin.SerenityReporter - Running feature from file:///C:/KULIAH/SEMESTER%206/MSIB/QA/Tugas/Mini%20Project/API/rest-api/src/test/resources/api/Products.feature
17:11:49.564 [main] WARN io.cucumber.core.plugin.SerenityReporter - Feature from file:///C:/KULIAH/SEMESTER%206/MSIB/QA/Tugas/Mini%20Project/API/rest-api/src/test/resources/api/Products.feature is not under the 'features' directory. Requirements report will not be correctly generated!
17:11:49.565 [main] INFO  - 
  _____   ___   ___   _____     ___   _____     _     ___   _____   ___   ___  
 |_   _| | __| / __| |_   _|   / __| |_   _|   /_\   | _ \ |_   _| | __| |   \ 
   | |   | _|  \__ \   | |     \__ \   | |    / _ \  |   /   | |   | _|  | |) |
   |_|   |___| |___/   |_|     |___/   |_|   /_/ \_\ |_|_\   |_|   |___| |___/ 

POST As a user I can create a new product rating(products;post-as-a-user-i-can-create-a-new-product-rating)
--------------------------------------------------------------------------------
17:11:49.574 [main] DEBUG net.thucydides.core.steps.StepInterceptor - STARTING STEP: ProductsSteps.setPostApiEndpointsNewProductRating - I set POST endpoints new product rating
17:11:49.575 [main] DEBUG net.thucydides.core.steps.StepInterceptor - STEP DONE: I set POST endpoints new product rating
  &amp#27;[32mGiven &amp#27;[0m&amp#27;[32mI set POST api endpoints new product rating&amp#27;[0m        &amp#27;[90m# starter.stepdefinitions.ProductsSteps.setPostApiEndpointsNewProductRating()&amp#27;[0m
17:11:49.576 [main] DEBUG net.thucydides.core.steps.StepInterceptor - STARTING STEP: ProductsSteps.sendPostHttpRequestNewProductRating - I send POST HTTP request new product rating
17:11:49.577 [main] DEBUG net.thucydides.core.steps.StepInterceptor - STARTING STEP: PostProductRating.sendPostHTTPRequest - I set POST endpoints new product rating
17:11:49.577 [main] DEBUG net.thucydides.core.steps.StepInterceptor - STEP DONE: I set POST endpoints new product rating
17:11:49.580 [main] DEBUG org.apache.http.impl.conn.BasicClientConnectionManager - Get connection for route {s}->https://altashop-api.fly.dev:443
17:11:49.580 [main] DEBUG org.apache.http.impl.conn.DefaultClientConnectionOperator - Connecting to altashop-api.fly.dev:443
17:11:49.766 [main] DEBUG org.apache.http.client.protocol.RequestAddCookies - CookieSpec selected: ignoreCookies
17:11:49.766 [main] DEBUG org.apache.http.client.protocol.RequestAuthCache - Auth cache not set in the context
17:11:49.766 [main] DEBUG org.apache.http.client.protocol.RequestProxyAuthentication - Proxy auth state: UNCHALLENGED
17:11:49.766 [main] DEBUG org.apache.http.impl.client.DefaultHttpClient - Attempt 1 to execute request
17:11:49.766 [main] DEBUG org.apache.http.impl.conn.DefaultClientConnection - Sending request: POST /api/products/52484/ratings HTTP/1.1
17:11:49.766 [main] DEBUG org.apache.http.wire -  >> "POST /api/products/52484/ratings HTTP/1.1[\r][\n]"
17:11:49.766 [main] DEBUG org.apache.http.wire -  >> "Authorization: Bearer eyJhbGciOiJIUzI1NiIsInR5cCI6IkpXVCJ9.eyJGdWxsbmFtZSI6IkpvaG4gRG9lIiwiRW1haWwiOiJzb21lb25lQG1haWwuY29tIn0.WvBSxcQEqqniC1v08LzkrHcELegs0b7vtjGPWiaEWcI[\r][\n]"
17:11:49.766 [main] DEBUG org.apache.http.wire -  >> "Accept: */*[\r][\n]"
17:11:49.766 [main] DEBUG org.apache.http.wire -  >> "Content-Type: application/json[\r][\n]"
17:11:49.766 [main] DEBUG org.apache.http.wire -  >> "Content-Length: 11[\r][\n]"
17:11:49.766 [main] DEBUG org.apache.http.wire -  >> "Host: altashop-api.fly.dev[\r][\n]"
17:11:49.766 [main] DEBUG org.apache.http.wire -  >> "Connection: Keep-Alive[\r][\n]"
17:11:49.766 [main] DEBUG org.apache.http.wire -  >> "User-Agent: Apache-HttpClient/4.5.13 (Java/11.0.12)[\r][\n]"
17:11:49.766 [main] DEBUG org.apache.http.wire -  >> "Accept-Encoding: gzip,deflate[\r][\n]"
17:11:49.766 [main] DEBUG org.apache.http.wire -  >> "[\r][\n]"
17:11:49.766 [main] DEBUG org.apache.http.headers - >> POST /api/products/52484/ratings HTTP/1.1
17:11:49.766 [main] DEBUG org.apache.http.headers - >> Authorization: Bearer eyJhbGciOiJIUzI1NiIsInR5cCI6IkpXVCJ9.eyJGdWxsbmFtZSI6IkpvaG4gRG9lIiwiRW1haWwiOiJzb21lb25lQG1haWwuY29tIn0.WvBSxcQEqqniC1v08LzkrHcELegs0b7vtjGPWiaEWcI
17:11:49.766 [main] DEBUG org.apache.http.headers - >> Accept: */*
17:11:49.766 [main] DEBUG org.apache.http.headers - >> Content-Type: application/json
17:11:49.766 [main] DEBUG org.apache.http.headers - >> Content-Length: 11
17:11:49.766 [main] DEBUG org.apache.http.headers - >> Host: altashop-api.fly.dev
17:11:49.766 [main] DEBUG org.apache.http.headers - >> Connection: Keep-Alive
17:11:49.766 [main] DEBUG org.apache.http.headers - >> User-Agent: Apache-HttpClient/4.5.13 (Java/11.0.12)
17:11:49.766 [main] DEBUG org.apache.http.headers - >> Accept-Encoding: gzip,deflate
17:11:49.766 [main] DEBUG org.apache.http.wire -  >> "{"count":4}"
17:11:49.882 [main] DEBUG org.apache.http.wire -  << "HTTP/1.1 200 OK[\r][\n]"
17:11:49.882 [main] DEBUG org.apache.http.wire -  << "content-type: application/json[\r][\n]"
17:11:49.882 [main] DEBUG org.apache.http.wire -  << "date: Thu, 11 May 2023 10:11:52 GMT[\r][\n]"
17:11:49.882 [main] DEBUG org.apache.http.wire -  << "content-encoding: gzip[\r][\n]"
17:11:49.882 [main] DEBUG org.apache.http.wire -  << "transfer-encoding: chunked[\r][\n]"
17:11:49.882 [main] DEBUG org.apache.http.wire -  << "server: Fly/3f2597ca (2023-05-03)[\r][\n]"
17:11:49.882 [main] DEBUG org.apache.http.wire -  << "via: 1.1 fly.io[\r][\n]"
17:11:49.882 [main] DEBUG org.apache.http.wire -  << "fly-request-id: 01H054QBYX0P7VJQXCSVG5TQZH-sin[\r][\n]"
17:11:49.882 [main] DEBUG org.apache.http.wire -  << "[\r][\n]"
17:11:49.882 [main] DEBUG org.apache.http.impl.conn.DefaultClientConnection - Receiving response: HTTP/1.1 200 OK
17:11:49.882 [main] DEBUG org.apache.http.headers - << HTTP/1.1 200 OK
17:11:49.882 [main] DEBUG org.apache.http.headers - << content-type: application/json
17:11:49.882 [main] DEBUG org.apache.http.headers - << date: Thu, 11 May 2023 10:11:52 GMT
17:11:49.882 [main] DEBUG org.apache.http.headers - << content-encoding: gzip
17:11:49.882 [main] DEBUG org.apache.http.headers - << transfer-encoding: chunked
17:11:49.882 [main] DEBUG org.apache.http.headers - << server: Fly/3f2597ca (2023-05-03)
17:11:49.882 [main] DEBUG org.apache.http.headers - << via: 1.1 fly.io
17:11:49.882 [main] DEBUG org.apache.http.headers - << fly-request-id: 01H054QBYX0P7VJQXCSVG5TQZH-sin
17:11:49.882 [main] DEBUG org.apache.http.impl.client.DefaultHttpClient - Connection can be kept alive indefinitely
17:11:49.882 [main] DEBUG io.restassured.internal.RestAssuredHttpBuilder - Parsing response as: application/json
17:11:49.882 [main] DEBUG org.apache.http.wire -  << "8A[\r][\n]"
17:11:49.882 [main] DEBUG org.apache.http.wire -  << "[0x1f][0x8b][0x8][0x0][0x0][0x0][0x0][0x0][0x4][0xff][0xab]VJI,IT[0xb2][0xaa]V[0xf2]tQ[0xb2]252[0xb1]0[0xd1]Q[0xf2]K[0xcc]MU[0xb2]R[0xf2],*NLQ[0xd2]QrI-N.[0xca],([0xc9][0xcc][0xcf]S[0xb2]R*I,.[0xcf],*N,JL[0xcf][0xcc]p[0xa8]L[0xcc][0xc8][0xcf][0xd7]K[0xce][0xcf]U[0xd2]Q[\n]"
17:11:49.882 [main] DEBUG org.apache.http.wire -  << "([0xca]LNU[0xb2]2564[0xd7]Q[\n]"
17:11:49.882 [main] DEBUG org.apache.http.wire -  << "J,[0xc9][0xcc]K/V[0xb2]2[0xd1]QrN,IM[0xcf]/[0xca]L-V[0xb2][0x8a][0x8e][0xad][0xad][0xe5][0x2][0x0][0xc0]a[0xfc][0xa8]v[0x0][0x0][0x0]"
17:11:49.882 [main] DEBUG org.apache.http.wire -  << "[\r][\n]"
17:11:49.882 [main] DEBUG org.apache.http.wire -  << "0[\r][\n]"
17:11:49.882 [main] DEBUG org.apache.http.wire -  << "[\r][\n]"
17:11:49.882 [main] DEBUG io.restassured.internal.RestAssuredHttpBuilder - Parsed data to instance of: class org.apache.http.conn.EofSensorInputStream
17:11:49.883 [main] DEBUG org.apache.http.impl.conn.BasicClientConnectionManager - Releasing connection org.apache.http.impl.conn.ManagedClientConnectionImpl@5ce0b14f
17:11:49.883 [main] DEBUG org.apache.http.impl.conn.BasicClientConnectionManager - Connection can be kept alive indefinitely
17:11:49.884 [main] DEBUG net.thucydides.core.steps.StepInterceptor - STEP DONE: I send POST HTTP request new product rating
  &amp#27;[32mWhen &amp#27;[0m&amp#27;[32mI send POST HTTP request new product rating&amp#27;[0m         &amp#27;[90m# starter.stepdefinitions.ProductsSteps.sendPostHttpRequestNewProductRating()&amp#27;[0m
17:11:49.885 [main] DEBUG net.thucydides.core.steps.StepInterceptor - STARTING STEP: ProductsSteps.receiveValidHttpResponseCode200 - I receive valid HTTP response code 200
17:11:49.885 [main] DEBUG net.thucydides.core.steps.StepInterceptor - STEP DONE: I receive valid HTTP response code 200
  &amp#27;[32mThen &amp#27;[0m&amp#27;[32mI receive valid HTTP response code 200&amp#27;[0m              &amp#27;[90m# starter.stepdefinitions.ProductsSteps.receiveValidHttpResponseCode200()&amp#27;[0m
17:11:49.887 [main] DEBUG net.thucydides.core.steps.StepInterceptor - STARTING STEP: ProductsSteps.receiveValidDataForResponseCode200 - I receive valid data for response code 200
17:11:49.888 [main] DEBUG net.thucydides.core.steps.StepInterceptor - STEP DONE: I receive valid data for response code 200
  &amp#27;[32mAnd &amp#27;[0m&amp#27;[32mI receive valid data for response code 200&amp#27;[0m           &amp#27;[90m# starter.stepdefinitions.ProductsSteps.receiveValidDataForResponseCode200()&amp#27;[0m
17:11:49.888 [main] INFO  - 
  _____   ___   ___   _____     ___     _     ___   ___   ___   ___  
 |_   _| | __| / __| |_   _|   | _ \   /_\   / __| / __| | __| |   \ 
   | |   | _|  \__ \   | |     |  _/  / _ \  \__ \ \__ \ | _|  | |) |
   |_|   |___| |___/   |_|     |_|   /_/ \_\ |___/ |___/ |___| |___/ 

POST As a user I can create a new product rating
----------------------------------------------------------------------
]]></system-out>
  </testcase>
  <testcase name="POST As a user I can&apos;t create new product rating" classname="Products" time="0.35">
    <system-out><![CDATA[
@Products @PostProductRating-
Scenario: POST As a user I can't create new product rating  &amp#27;[90m# src/test/resources/api/Products.feature:65&amp#27;[0m
17:11:49.894 [main] INFO io.cucumber.core.plugin.SerenityReporter - Running feature from file:///C:/KULIAH/SEMESTER%206/MSIB/QA/Tugas/Mini%20Project/API/rest-api/src/test/resources/api/Products.feature
17:11:49.894 [main] WARN io.cucumber.core.plugin.SerenityReporter - Feature from file:///C:/KULIAH/SEMESTER%206/MSIB/QA/Tugas/Mini%20Project/API/rest-api/src/test/resources/api/Products.feature is not under the 'features' directory. Requirements report will not be correctly generated!
17:11:49.895 [main] INFO  - 
  _____   ___   ___   _____     ___   _____     _     ___   _____   ___   ___  
 |_   _| | __| / __| |_   _|   / __| |_   _|   /_\   | _ \ |_   _| | __| |   \ 
   | |   | _|  \__ \   | |     \__ \   | |    / _ \  |   /   | |   | _|  | |) |
   |_|   |___| |___/   |_|     |___/   |_|   /_/ \_\ |_|_\   |_|   |___| |___/ 

POST As a user I can't create new product rating(products;post-as-a-user-i-can-t-create-new-product-rating)
--------------------------------------------------------------------------------
17:11:49.901 [Finalizer] DEBUG org.apache.http.impl.conn.DefaultClientConnection - Connection 0.0.0.0:49263<->149.248.193.56:443 closed
17:11:49.902 [Finalizer] DEBUG org.apache.http.impl.conn.DefaultClientConnection - Connection 0.0.0.0:49249<->149.248.193.56:443 closed
17:11:49.903 [Finalizer] DEBUG org.apache.http.impl.conn.DefaultClientConnection - Connection 0.0.0.0:49254<->149.248.193.56:443 closed
17:11:49.904 [Finalizer] DEBUG org.apache.http.impl.conn.DefaultClientConnection - Connection 0.0.0.0:49255<->149.248.193.56:443 closed
17:11:49.905 [Finalizer] DEBUG org.apache.http.impl.conn.DefaultClientConnection - Connection 0.0.0.0:49259<->149.248.193.56:443 closed
17:11:49.906 [Finalizer] DEBUG org.apache.http.impl.conn.DefaultClientConnection - Connection 0.0.0.0:49261<->149.248.193.56:443 closed
17:11:49.906 [Finalizer] DEBUG org.apache.http.impl.conn.DefaultClientConnection - Connection 0.0.0.0:49262<->149.248.193.56:443 closed
17:11:49.907 [Finalizer] DEBUG org.apache.http.impl.conn.DefaultClientConnection - Connection 0.0.0.0:49260<->149.248.193.56:443 closed
17:11:49.908 [Finalizer] DEBUG org.apache.http.impl.conn.DefaultClientConnection - Connection 0.0.0.0:49256<->149.248.193.56:443 closed
17:11:49.909 [Finalizer] DEBUG org.apache.http.impl.conn.DefaultClientConnection - Connection 0.0.0.0:49257<->149.248.193.56:443 closed
17:11:49.910 [Finalizer] DEBUG org.apache.http.impl.conn.DefaultClientConnection - Connection 0.0.0.0:49258<->149.248.193.56:443 closed
17:11:49.917 [main] DEBUG net.thucydides.core.steps.StepInterceptor - STARTING STEP: ProductsSteps.setPostApiEndpointsNewProductRatingInvalid - I set POST endpoints new product rating invalid
17:11:49.917 [main] DEBUG net.thucydides.core.steps.StepInterceptor - STEP DONE: I set POST endpoints new product rating invalid
  &amp#27;[32mGiven &amp#27;[0m&amp#27;[32mI set POST api endpoints new product rating invalid&amp#27;[0m &amp#27;[90m# starter.stepdefinitions.ProductsSteps.setPostApiEndpointsNewProductRatingInvalid()&amp#27;[0m
17:11:49.919 [main] DEBUG net.thucydides.core.steps.StepInterceptor - STARTING STEP: ProductsSteps.sendPostHttpRequestNewProductRatingInvalid - I send POST HTTP request new product rating invalid
17:11:49.920 [main] DEBUG net.thucydides.core.steps.StepInterceptor - STARTING STEP: PostProductRating.sendPostHTTPRequestInvalid - I set POST endpoints new product rating invalid
17:11:49.920 [main] DEBUG net.thucydides.core.steps.StepInterceptor - STEP DONE: I set POST endpoints new product rating invalid
17:11:49.929 [main] DEBUG org.apache.http.impl.conn.BasicClientConnectionManager - Get connection for route {s}->https://altashop-api.fly.dev:443
17:11:49.930 [main] DEBUG org.apache.http.impl.conn.DefaultClientConnectionOperator - Connecting to altashop-api.fly.dev:443
17:11:50.162 [main] DEBUG org.apache.http.client.protocol.RequestAddCookies - CookieSpec selected: ignoreCookies
17:11:50.162 [main] DEBUG org.apache.http.client.protocol.RequestAuthCache - Auth cache not set in the context
17:11:50.162 [main] DEBUG org.apache.http.client.protocol.RequestProxyAuthentication - Proxy auth state: UNCHALLENGED
17:11:50.162 [main] DEBUG org.apache.http.impl.client.DefaultHttpClient - Attempt 1 to execute request
17:11:50.162 [main] DEBUG org.apache.http.impl.conn.DefaultClientConnection - Sending request: POST /api/products/2/ratings HTTP/1.1
17:11:50.162 [main] DEBUG org.apache.http.wire -  >> "POST /api/products/2/ratings HTTP/1.1[\r][\n]"
17:11:50.162 [main] DEBUG org.apache.http.wire -  >> "Authorization: Bearer eyJhbGciOiJIUzI1NiIsInR5cCI6IkpXVCJ9.eyJGdWxsbmFtZSI6IkpvaG4gRG9lIiwiRW1haWwiOiJzb21lb25lQG1haWwuY29tIn0.WvBSxcQEqqniC1v08LzkrHcELegs0b7vtjGPWiaEWcI[\r][\n]"
17:11:50.162 [main] DEBUG org.apache.http.wire -  >> "Accept: */*[\r][\n]"
17:11:50.162 [main] DEBUG org.apache.http.wire -  >> "Content-Type: application/json[\r][\n]"
17:11:50.162 [main] DEBUG org.apache.http.wire -  >> "Content-Length: 11[\r][\n]"
17:11:50.162 [main] DEBUG org.apache.http.wire -  >> "Host: altashop-api.fly.dev[\r][\n]"
17:11:50.162 [main] DEBUG org.apache.http.wire -  >> "Connection: Keep-Alive[\r][\n]"
17:11:50.162 [main] DEBUG org.apache.http.wire -  >> "User-Agent: Apache-HttpClient/4.5.13 (Java/11.0.12)[\r][\n]"
17:11:50.162 [main] DEBUG org.apache.http.wire -  >> "Accept-Encoding: gzip,deflate[\r][\n]"
17:11:50.162 [main] DEBUG org.apache.http.wire -  >> "[\r][\n]"
17:11:50.162 [main] DEBUG org.apache.http.headers - >> POST /api/products/2/ratings HTTP/1.1
17:11:50.162 [main] DEBUG org.apache.http.headers - >> Authorization: Bearer eyJhbGciOiJIUzI1NiIsInR5cCI6IkpXVCJ9.eyJGdWxsbmFtZSI6IkpvaG4gRG9lIiwiRW1haWwiOiJzb21lb25lQG1haWwuY29tIn0.WvBSxcQEqqniC1v08LzkrHcELegs0b7vtjGPWiaEWcI
17:11:50.162 [main] DEBUG org.apache.http.headers - >> Accept: */*
17:11:50.162 [main] DEBUG org.apache.http.headers - >> Content-Type: application/json
17:11:50.162 [main] DEBUG org.apache.http.headers - >> Content-Length: 11
17:11:50.162 [main] DEBUG org.apache.http.headers - >> Host: altashop-api.fly.dev
17:11:50.162 [main] DEBUG org.apache.http.headers - >> Connection: Keep-Alive
17:11:50.162 [main] DEBUG org.apache.http.headers - >> User-Agent: Apache-HttpClient/4.5.13 (Java/11.0.12)
17:11:50.162 [main] DEBUG org.apache.http.headers - >> Accept-Encoding: gzip,deflate
17:11:50.162 [main] DEBUG org.apache.http.wire -  >> "{"count":4}"
17:11:50.223 [main] DEBUG org.apache.http.wire -  << "HTTP/1.1 500 Internal Server Error[\r][\n]"
17:11:50.223 [main] DEBUG org.apache.http.wire -  << "content-type: application/json[\r][\n]"
17:11:50.223 [main] DEBUG org.apache.http.wire -  << "date: Thu, 11 May 2023 10:11:52 GMT[\r][\n]"
17:11:50.223 [main] DEBUG org.apache.http.wire -  << "content-encoding: gzip[\r][\n]"
17:11:50.223 [main] DEBUG org.apache.http.wire -  << "transfer-encoding: chunked[\r][\n]"
17:11:50.223 [main] DEBUG org.apache.http.wire -  << "server: Fly/3f2597ca (2023-05-03)[\r][\n]"
17:11:50.223 [main] DEBUG org.apache.http.wire -  << "via: 1.1 fly.io[\r][\n]"
17:11:50.223 [main] DEBUG org.apache.http.wire -  << "fly-request-id: 01H054QCB5BXB51M0FAS714N5K-sin[\r][\n]"
17:11:50.223 [main] DEBUG org.apache.http.wire -  << "[\r][\n]"
17:11:50.223 [main] DEBUG org.apache.http.impl.conn.DefaultClientConnection - Receiving response: HTTP/1.1 500 Internal Server Error
17:11:50.223 [main] DEBUG org.apache.http.headers - << HTTP/1.1 500 Internal Server Error
17:11:50.223 [main] DEBUG org.apache.http.headers - << content-type: application/json
17:11:50.223 [main] DEBUG org.apache.http.headers - << date: Thu, 11 May 2023 10:11:52 GMT
17:11:50.223 [main] DEBUG org.apache.http.headers - << content-encoding: gzip
17:11:50.223 [main] DEBUG org.apache.http.headers - << transfer-encoding: chunked
17:11:50.223 [main] DEBUG org.apache.http.headers - << server: Fly/3f2597ca (2023-05-03)
17:11:50.223 [main] DEBUG org.apache.http.headers - << via: 1.1 fly.io
17:11:50.223 [main] DEBUG org.apache.http.headers - << fly-request-id: 01H054QCB5BXB51M0FAS714N5K-sin
17:11:50.223 [main] DEBUG org.apache.http.impl.client.DefaultHttpClient - Connection can be kept alive indefinitely
17:11:50.223 [main] DEBUG io.restassured.internal.RestAssuredHttpBuilder - Parsing response as: application/json
17:11:50.223 [main] DEBUG org.apache.http.wire -  << "31[\r][\n]"
17:11:50.223 [main] DEBUG org.apache.http.wire -  << "[0x1f][0x8b][0x8][0x0][0x0][0x0][0x0][0x0][0x4][0xff][0xab]VJ-*[0xca]/R[0xb2]R*JM[0xce]/JQ[0xc8][0xcb]/QH[0xcb]/[0xcd]KQ[0xaa][0xe5][0x2][0x0]6`[0x14][0x2][0x1d][0x0][0x0][0x0]"
17:11:50.223 [main] DEBUG org.apache.http.wire -  << "[\r][\n]"
17:11:50.223 [main] DEBUG org.apache.http.wire -  << "0[\r][\n]"
17:11:50.223 [main] DEBUG org.apache.http.wire -  << "[\r][\n]"
17:11:50.223 [main] DEBUG io.restassured.internal.RestAssuredHttpBuilder - Parsed data to instance of: class org.apache.http.conn.EofSensorInputStream
17:11:50.224 [main] DEBUG org.apache.http.impl.conn.BasicClientConnectionManager - Releasing connection org.apache.http.impl.conn.ManagedClientConnectionImpl@39a4bd89
17:11:50.224 [main] DEBUG org.apache.http.impl.conn.BasicClientConnectionManager - Connection can be kept alive indefinitely
17:11:50.225 [main] DEBUG net.thucydides.core.steps.StepInterceptor - STEP DONE: I send POST HTTP request new product rating invalid
  &amp#27;[32mWhen &amp#27;[0m&amp#27;[32mI send POST HTTP request new product rating invalid&amp#27;[0m  &amp#27;[90m# starter.stepdefinitions.ProductsSteps.sendPostHttpRequestNewProductRatingInvalid()&amp#27;[0m
17:11:50.228 [main] DEBUG net.thucydides.core.steps.StepInterceptor - STARTING STEP: ProductsSteps.receiveHttpResponseCode500 - I receive valid HTTP response code 500
17:11:50.228 [main] DEBUG net.thucydides.core.steps.StepInterceptor - STEP DONE: I receive valid HTTP response code 500
  &amp#27;[32mThen &amp#27;[0m&amp#27;[32mI receive valid HTTP response code 500&amp#27;[0m               &amp#27;[90m# starter.stepdefinitions.ProductsSteps.receiveHttpResponseCode500()&amp#27;[0m
17:11:50.230 [main] DEBUG net.thucydides.core.steps.StepInterceptor - STARTING STEP: ProductsSteps.receiveValidDataForResponseCode500 - I receive valid data for response code 500
17:11:50.237 [main] DEBUG net.thucydides.core.steps.StepInterceptor - STEP DONE: I receive valid data for response code 500
  &amp#27;[32mAnd &amp#27;[0m&amp#27;[32mI receive valid data for response code 500&amp#27;[0m            &amp#27;[90m# starter.stepdefinitions.ProductsSteps.receiveValidDataForResponseCode500()&amp#27;[0m
17:11:50.239 [main] INFO  - 
  _____   ___   ___   _____     ___     _     ___   ___   ___   ___  
 |_   _| | __| / __| |_   _|   | _ \   /_\   / __| / __| | __| |   \ 
   | |   | _|  \__ \   | |     |  _/  / _ \  \__ \ \__ \ | _|  | |) |
   |_|   |___| |___/   |_|     |_|   /_/ \_\ |___/ |___/ |___| |___/ 

POST As a user I can't create new product rating
----------------------------------------------------------------------
]]></system-out>
  </testcase>
  <testcase name="GET As admin I can get product ratings" classname="Products" time="1.522">
    <system-out><![CDATA[
@Products @GetProductRatings+
Scenario: GET As admin I can get product ratings &amp#27;[90m# src/test/resources/api/Products.feature:72&amp#27;[0m
17:11:50.245 [main] INFO io.cucumber.core.plugin.SerenityReporter - Running feature from file:///C:/KULIAH/SEMESTER%206/MSIB/QA/Tugas/Mini%20Project/API/rest-api/src/test/resources/api/Products.feature
17:11:50.245 [main] WARN io.cucumber.core.plugin.SerenityReporter - Feature from file:///C:/KULIAH/SEMESTER%206/MSIB/QA/Tugas/Mini%20Project/API/rest-api/src/test/resources/api/Products.feature is not under the 'features' directory. Requirements report will not be correctly generated!
17:11:50.246 [main] INFO  - 
  _____   ___   ___   _____     ___   _____     _     ___   _____   ___   ___  
 |_   _| | __| / __| |_   _|   / __| |_   _|   /_\   | _ \ |_   _| | __| |   \ 
   | |   | _|  \__ \   | |     \__ \   | |    / _ \  |   /   | |   | _|  | |) |
   |_|   |___| |___/   |_|     |___/   |_|   /_/ \_\ |_|_\   |_|   |___| |___/ 

GET As admin I can get product ratings(products;get-as-admin-i-can-get-product-ratings)
--------------------------------------------------------------------------------
17:11:50.258 [main] DEBUG net.thucydides.core.steps.StepInterceptor - STARTING STEP: ProductsSteps.setGetApiEndpointsProductRatings - I set GET api endpoints product ratings
17:11:50.258 [main] DEBUG net.thucydides.core.steps.StepInterceptor - STEP DONE: I set GET api endpoints product ratings
  &amp#27;[32mGiven &amp#27;[0m&amp#27;[32mI set GET api endpoints product ratings&amp#27;[0m  &amp#27;[90m# starter.stepdefinitions.ProductsSteps.setGetApiEndpointsProductRatings()&amp#27;[0m
17:11:50.260 [main] DEBUG net.thucydides.core.steps.StepInterceptor - STARTING STEP: ProductsSteps.sendGetHttpRequestProductRatings - I send GET HTTP request product ratings
17:11:50.260 [main] DEBUG net.thucydides.core.steps.StepInterceptor - STARTING STEP: GetProductRatings.sendGetHttpRequest - I set GET api endpoints product ratings
17:11:50.261 [main] DEBUG net.thucydides.core.steps.StepInterceptor - STEP DONE: I set GET api endpoints product ratings
17:11:50.264 [main] DEBUG org.apache.http.impl.conn.BasicClientConnectionManager - Get connection for route {s}->https://altashop-api.fly.dev:443
17:11:50.264 [main] DEBUG org.apache.http.impl.conn.DefaultClientConnectionOperator - Connecting to altashop-api.fly.dev:443
17:11:51.680 [main] DEBUG org.apache.http.client.protocol.RequestAddCookies - CookieSpec selected: ignoreCookies
17:11:51.680 [main] DEBUG org.apache.http.client.protocol.RequestAuthCache - Auth cache not set in the context
17:11:51.680 [main] DEBUG org.apache.http.client.protocol.RequestTargetAuthentication - Target auth state: UNCHALLENGED
17:11:51.680 [main] DEBUG org.apache.http.client.protocol.RequestProxyAuthentication - Proxy auth state: UNCHALLENGED
17:11:51.680 [main] DEBUG org.apache.http.impl.client.DefaultHttpClient - Attempt 1 to execute request
17:11:51.680 [main] DEBUG org.apache.http.impl.conn.DefaultClientConnection - Sending request: GET /api/products/1/ratings HTTP/1.1
17:11:51.680 [main] DEBUG org.apache.http.wire -  >> "GET /api/products/1/ratings HTTP/1.1[\r][\n]"
17:11:51.680 [main] DEBUG org.apache.http.wire -  >> "Accept: */*[\r][\n]"
17:11:51.680 [main] DEBUG org.apache.http.wire -  >> "Host: altashop-api.fly.dev[\r][\n]"
17:11:51.680 [main] DEBUG org.apache.http.wire -  >> "Connection: Keep-Alive[\r][\n]"
17:11:51.680 [main] DEBUG org.apache.http.wire -  >> "User-Agent: Apache-HttpClient/4.5.13 (Java/11.0.12)[\r][\n]"
17:11:51.680 [main] DEBUG org.apache.http.wire -  >> "Accept-Encoding: gzip,deflate[\r][\n]"
17:11:51.680 [main] DEBUG org.apache.http.wire -  >> "[\r][\n]"
17:11:51.680 [main] DEBUG org.apache.http.headers - >> GET /api/products/1/ratings HTTP/1.1
17:11:51.680 [main] DEBUG org.apache.http.headers - >> Accept: */*
17:11:51.680 [main] DEBUG org.apache.http.headers - >> Host: altashop-api.fly.dev
17:11:51.680 [main] DEBUG org.apache.http.headers - >> Connection: Keep-Alive
17:11:51.680 [main] DEBUG org.apache.http.headers - >> User-Agent: Apache-HttpClient/4.5.13 (Java/11.0.12)
17:11:51.680 [main] DEBUG org.apache.http.headers - >> Accept-Encoding: gzip,deflate
17:11:51.748 [main] DEBUG org.apache.http.wire -  << "HTTP/1.1 200 OK[\r][\n]"
17:11:51.748 [main] DEBUG org.apache.http.wire -  << "content-type: application/json[\r][\n]"
17:11:51.748 [main] DEBUG org.apache.http.wire -  << "date: Thu, 11 May 2023 10:11:54 GMT[\r][\n]"
17:11:51.748 [main] DEBUG org.apache.http.wire -  << "content-encoding: gzip[\r][\n]"
17:11:51.748 [main] DEBUG org.apache.http.wire -  << "transfer-encoding: chunked[\r][\n]"
17:11:51.748 [main] DEBUG org.apache.http.wire -  << "server: Fly/3f2597ca (2023-05-03)[\r][\n]"
17:11:51.748 [main] DEBUG org.apache.http.wire -  << "via: 1.1 fly.io[\r][\n]"
17:11:51.748 [main] DEBUG org.apache.http.wire -  << "fly-request-id: 01H054QDTWDATRRFSNNYQ7CS1A-sin[\r][\n]"
17:11:51.748 [main] DEBUG org.apache.http.wire -  << "[\r][\n]"
17:11:51.748 [main] DEBUG org.apache.http.impl.conn.DefaultClientConnection - Receiving response: HTTP/1.1 200 OK
17:11:51.748 [main] DEBUG org.apache.http.headers - << HTTP/1.1 200 OK
17:11:51.748 [main] DEBUG org.apache.http.headers - << content-type: application/json
17:11:51.748 [main] DEBUG org.apache.http.headers - << date: Thu, 11 May 2023 10:11:54 GMT
17:11:51.748 [main] DEBUG org.apache.http.headers - << content-encoding: gzip
17:11:51.748 [main] DEBUG org.apache.http.headers - << transfer-encoding: chunked
17:11:51.748 [main] DEBUG org.apache.http.headers - << server: Fly/3f2597ca (2023-05-03)
17:11:51.748 [main] DEBUG org.apache.http.headers - << via: 1.1 fly.io
17:11:51.748 [main] DEBUG org.apache.http.headers - << fly-request-id: 01H054QDTWDATRRFSNNYQ7CS1A-sin
17:11:51.748 [main] DEBUG org.apache.http.impl.client.DefaultHttpClient - Connection can be kept alive indefinitely
17:11:51.748 [main] DEBUG io.restassured.internal.RestAssuredHttpBuilder - Parsing response as: application/json
17:11:51.748 [main] DEBUG org.apache.http.wire -  << "1F[\r][\n]"
17:11:51.748 [main] DEBUG org.apache.http.wire -  << "[0x1f][0x8b][0x8][0x0][0x0][0x0][0x0][0x0][0x4][0xff][0xab]VJI,IT[0xb2]2[0xa8][0xe5][0x2][0x0]h[0x80][0xd5]A[0xb][0x0][0x0][0x0]"
17:11:51.748 [main] DEBUG org.apache.http.wire -  << "[\r][\n]"
17:11:51.748 [main] DEBUG org.apache.http.wire -  << "0[\r][\n]"
17:11:51.748 [main] DEBUG org.apache.http.wire -  << "[\r][\n]"
17:11:51.748 [main] DEBUG io.restassured.internal.RestAssuredHttpBuilder - Parsed data to instance of: class org.apache.http.conn.EofSensorInputStream
17:11:51.749 [main] DEBUG org.apache.http.impl.conn.BasicClientConnectionManager - Releasing connection org.apache.http.impl.conn.ManagedClientConnectionImpl@5dac488d
17:11:51.749 [main] DEBUG org.apache.http.impl.conn.BasicClientConnectionManager - Connection can be kept alive indefinitely
17:11:51.749 [main] DEBUG net.thucydides.core.steps.StepInterceptor - STEP DONE: I send GET HTTP request product ratings
  &amp#27;[32mWhen &amp#27;[0m&amp#27;[32mI send GET HTTP request product ratings&amp#27;[0m   &amp#27;[90m# starter.stepdefinitions.ProductsSteps.sendGetHttpRequestProductRatings()&amp#27;[0m
17:11:51.752 [main] DEBUG net.thucydides.core.steps.StepInterceptor - STARTING STEP: ProductsSteps.receiveValidHttpResponseCode200 - I receive valid HTTP response code 200
17:11:51.752 [main] DEBUG net.thucydides.core.steps.StepInterceptor - STEP DONE: I receive valid HTTP response code 200
  &amp#27;[32mThen &amp#27;[0m&amp#27;[32mI receive valid HTTP response code 200&amp#27;[0m    &amp#27;[90m# starter.stepdefinitions.ProductsSteps.receiveValidHttpResponseCode200()&amp#27;[0m
17:11:51.753 [main] DEBUG net.thucydides.core.steps.StepInterceptor - STARTING STEP: ProductsSteps.receiveValidDataForProductProductRatings - I receive valid data for product ratings
17:11:51.759 [main] DEBUG net.thucydides.core.steps.StepInterceptor - STEP DONE: I receive valid data for product ratings
  &amp#27;[32mAnd &amp#27;[0m&amp#27;[32mI receive valid data for product ratings&amp#27;[0m   &amp#27;[90m# starter.stepdefinitions.ProductsSteps.receiveValidDataForProductProductRatings()&amp#27;[0m
17:11:51.761 [main] INFO  - 
  _____   ___   ___   _____     ___     _     ___   ___   ___   ___  
 |_   _| | __| / __| |_   _|   | _ \   /_\   / __| / __| | __| |   \ 
   | |   | _|  \__ \   | |     |  _/  / _ \  \__ \ \__ \ | _|  | |) |
   |_|   |___| |___/   |_|     |_|   /_/ \_\ |___/ |___/ |___| |___/ 

GET As admin I can get product ratings
----------------------------------------------------------------------
]]></system-out>
  </testcase>
  <testcase name="GET As a user I can&apos;t get product ratings" classname="Products" time="1.029">
    <system-out><![CDATA[
@Products @GetProductRatings-
Scenario: GET As a user I can't get product ratings      &amp#27;[90m# src/test/resources/api/Products.feature:78&amp#27;[0m
17:11:51.767 [main] INFO io.cucumber.core.plugin.SerenityReporter - Running feature from file:///C:/KULIAH/SEMESTER%206/MSIB/QA/Tugas/Mini%20Project/API/rest-api/src/test/resources/api/Products.feature
17:11:51.767 [main] WARN io.cucumber.core.plugin.SerenityReporter - Feature from file:///C:/KULIAH/SEMESTER%206/MSIB/QA/Tugas/Mini%20Project/API/rest-api/src/test/resources/api/Products.feature is not under the 'features' directory. Requirements report will not be correctly generated!
17:11:51.768 [main] INFO  - 
  _____   ___   ___   _____     ___   _____     _     ___   _____   ___   ___  
 |_   _| | __| / __| |_   _|   / __| |_   _|   /_\   | _ \ |_   _| | __| |   \ 
   | |   | _|  \__ \   | |     \__ \   | |    / _ \  |   /   | |   | _|  | |) |
   |_|   |___| |___/   |_|     |___/   |_|   /_/ \_\ |_|_\   |_|   |___| |___/ 

GET As a user I can't get product ratings(products;get-as-a-user-i-can-t-get-product-ratings)
--------------------------------------------------------------------------------
17:11:51.778 [main] DEBUG net.thucydides.core.steps.StepInterceptor - STARTING STEP: ProductsSteps.setGetApiEndpointsProductRatingsInvalid - I set GET api endpoints product ratings invalid
17:11:51.778 [main] DEBUG net.thucydides.core.steps.StepInterceptor - STEP DONE: I set GET api endpoints product ratings invalid
  &amp#27;[32mGiven &amp#27;[0m&amp#27;[32mI set GET api endpoints product ratings invalid&amp#27;[0m  &amp#27;[90m# starter.stepdefinitions.ProductsSteps.setGetApiEndpointsProductRatingsInvalid()&amp#27;[0m
17:11:51.779 [main] DEBUG net.thucydides.core.steps.StepInterceptor - STARTING STEP: ProductsSteps.sendGetHttpRequestProductRatingsInvalid - I send GET HTTP request product ratings invalid
17:11:51.780 [main] DEBUG net.thucydides.core.steps.StepInterceptor - STARTING STEP: GetProductRatings.sendGetHttpRequestInvalid - I set GET api endpoints product ratings invalid
17:11:51.780 [main] DEBUG net.thucydides.core.steps.StepInterceptor - STEP DONE: I set GET api endpoints product ratings invalid
17:11:51.784 [main] DEBUG org.apache.http.impl.conn.BasicClientConnectionManager - Get connection for route {s}->https://altashop-api.fly.dev:443
17:11:51.784 [main] DEBUG org.apache.http.impl.conn.DefaultClientConnectionOperator - Connecting to altashop-api.fly.dev:443
17:11:52.700 [main] DEBUG org.apache.http.client.protocol.RequestAddCookies - CookieSpec selected: ignoreCookies
17:11:52.700 [main] DEBUG org.apache.http.client.protocol.RequestAuthCache - Auth cache not set in the context
17:11:52.700 [main] DEBUG org.apache.http.client.protocol.RequestTargetAuthentication - Target auth state: UNCHALLENGED
17:11:52.700 [main] DEBUG org.apache.http.client.protocol.RequestProxyAuthentication - Proxy auth state: UNCHALLENGED
17:11:52.700 [main] DEBUG org.apache.http.impl.client.DefaultHttpClient - Attempt 1 to execute request
17:11:52.700 [main] DEBUG org.apache.http.impl.conn.DefaultClientConnection - Sending request: GET /api/products/1000000000000/ratings HTTP/1.1
17:11:52.700 [main] DEBUG org.apache.http.wire -  >> "GET /api/products/1000000000000/ratings HTTP/1.1[\r][\n]"
17:11:52.701 [main] DEBUG org.apache.http.wire -  >> "Accept: */*[\r][\n]"
17:11:52.701 [main] DEBUG org.apache.http.wire -  >> "Host: altashop-api.fly.dev[\r][\n]"
17:11:52.701 [main] DEBUG org.apache.http.wire -  >> "Connection: Keep-Alive[\r][\n]"
17:11:52.701 [main] DEBUG org.apache.http.wire -  >> "User-Agent: Apache-HttpClient/4.5.13 (Java/11.0.12)[\r][\n]"
17:11:52.701 [main] DEBUG org.apache.http.wire -  >> "Accept-Encoding: gzip,deflate[\r][\n]"
17:11:52.701 [main] DEBUG org.apache.http.wire -  >> "[\r][\n]"
17:11:52.701 [main] DEBUG org.apache.http.headers - >> GET /api/products/1000000000000/ratings HTTP/1.1
17:11:52.701 [main] DEBUG org.apache.http.headers - >> Accept: */*
17:11:52.701 [main] DEBUG org.apache.http.headers - >> Host: altashop-api.fly.dev
17:11:52.701 [main] DEBUG org.apache.http.headers - >> Connection: Keep-Alive
17:11:52.701 [main] DEBUG org.apache.http.headers - >> User-Agent: Apache-HttpClient/4.5.13 (Java/11.0.12)
17:11:52.701 [main] DEBUG org.apache.http.headers - >> Accept-Encoding: gzip,deflate
17:11:52.769 [main] DEBUG org.apache.http.wire -  << "HTTP/1.1 500 Internal Server Error[\r][\n]"
17:11:52.769 [main] DEBUG org.apache.http.wire -  << "content-type: application/json[\r][\n]"
17:11:52.769 [main] DEBUG org.apache.http.wire -  << "date: Thu, 11 May 2023 10:11:55 GMT[\r][\n]"
17:11:52.769 [main] DEBUG org.apache.http.wire -  << "content-encoding: gzip[\r][\n]"
17:11:52.769 [main] DEBUG org.apache.http.wire -  << "transfer-encoding: chunked[\r][\n]"
17:11:52.769 [main] DEBUG org.apache.http.wire -  << "server: Fly/3f2597ca (2023-05-03)[\r][\n]"
17:11:52.769 [main] DEBUG org.apache.http.wire -  << "via: 1.1 fly.io[\r][\n]"
17:11:52.769 [main] DEBUG org.apache.http.wire -  << "fly-request-id: 01H054QETFWATDNHRYWA2V34B8-sin[\r][\n]"
17:11:52.769 [main] DEBUG org.apache.http.wire -  << "[\r][\n]"
17:11:52.769 [main] DEBUG org.apache.http.impl.conn.DefaultClientConnection - Receiving response: HTTP/1.1 500 Internal Server Error
17:11:52.769 [main] DEBUG org.apache.http.headers - << HTTP/1.1 500 Internal Server Error
17:11:52.769 [main] DEBUG org.apache.http.headers - << content-type: application/json
17:11:52.769 [main] DEBUG org.apache.http.headers - << date: Thu, 11 May 2023 10:11:55 GMT
17:11:52.769 [main] DEBUG org.apache.http.headers - << content-encoding: gzip
17:11:52.769 [main] DEBUG org.apache.http.headers - << transfer-encoding: chunked
17:11:52.769 [main] DEBUG org.apache.http.headers - << server: Fly/3f2597ca (2023-05-03)
17:11:52.769 [main] DEBUG org.apache.http.headers - << via: 1.1 fly.io
17:11:52.769 [main] DEBUG org.apache.http.headers - << fly-request-id: 01H054QETFWATDNHRYWA2V34B8-sin
17:11:52.769 [main] DEBUG org.apache.http.impl.client.DefaultHttpClient - Connection can be kept alive indefinitely
17:11:52.769 [main] DEBUG io.restassured.internal.RestAssuredHttpBuilder - Parsing response as: application/json
17:11:52.769 [main] DEBUG org.apache.http.wire -  << "4B[\r][\n]"
17:11:52.769 [main] DEBUG org.apache.http.wire -  << "[0x1f][0x8b][0x8][0x0][0x0][0x0][0x0][0x0][0x4][0xff][0xab]VJ-*[0xca]/R[0xb2]R24@[0x2][\n]"
17:11:52.769 [main] DEBUG org.apache.http.wire -  << "[0x99][0xc5][\n]"
17:11:52.769 [main] DEBUG org.apache.http.wire -  << "[0xe9]E[0xa9][0x89]%[0xa9]E[\n]"
17:11:52.769 [main] DEBUG org.apache.http.wire -  << "%[0x19][0x89]y[\n]"
17:11:52.769 [main] DEBUG org.apache.http.wire -  << "[0xb9][0x89][0x15][0x99][0xb9][0xa5][0xb9][\n]"
17:11:52.769 [main] DEBUG org.apache.http.wire -  << "e[0x89]9[0xa5][0xa9][\n]"
17:11:52.769 [main] DEBUG org.apache.http.wire -  << "i[0xf9]E[\n]"
17:11:52.769 [main] DEBUG org.apache.http.wire -  << "[0x9e]y%&J[0xb5]\[0x0]([0xa2][0xe6][0xa6]A[0x0][0x0][0x0]"
17:11:52.769 [main] DEBUG org.apache.http.wire -  << "[\r][\n]"
17:11:52.769 [main] DEBUG org.apache.http.wire -  << "0[\r][\n]"
17:11:52.769 [main] DEBUG org.apache.http.wire -  << "[\r][\n]"
17:11:52.769 [main] DEBUG io.restassured.internal.RestAssuredHttpBuilder - Parsed data to instance of: class org.apache.http.conn.EofSensorInputStream
17:11:52.770 [main] DEBUG org.apache.http.impl.conn.BasicClientConnectionManager - Releasing connection org.apache.http.impl.conn.ManagedClientConnectionImpl@5d1206e0
17:11:52.770 [main] DEBUG org.apache.http.impl.conn.BasicClientConnectionManager - Connection can be kept alive indefinitely
17:11:52.770 [main] DEBUG net.thucydides.core.steps.StepInterceptor - STEP DONE: I send GET HTTP request product ratings invalid
  &amp#27;[32mWhen &amp#27;[0m&amp#27;[32mI send GET HTTP request product ratings invalid&amp#27;[0m   &amp#27;[90m# starter.stepdefinitions.ProductsSteps.sendGetHttpRequestProductRatingsInvalid()&amp#27;[0m
17:11:52.772 [main] DEBUG net.thucydides.core.steps.StepInterceptor - STARTING STEP: ProductsSteps.receiveHttpResponseCode500 - I receive valid HTTP response code 500
17:11:52.772 [main] DEBUG net.thucydides.core.steps.StepInterceptor - STEP DONE: I receive valid HTTP response code 500
  &amp#27;[32mThen &amp#27;[0m&amp#27;[32mI receive valid HTTP response code 500&amp#27;[0m            &amp#27;[90m# starter.stepdefinitions.ProductsSteps.receiveHttpResponseCode500()&amp#27;[0m
17:11:52.774 [main] DEBUG net.thucydides.core.steps.StepInterceptor - STARTING STEP: ProductsSteps.receiveValidDataForResponseCode500Ratings - I receive valid data for response code 500 ratings
17:11:52.786 [main] DEBUG net.thucydides.core.steps.StepInterceptor - STEP DONE: I receive valid data for response code 500 ratings
  &amp#27;[32mAnd &amp#27;[0m&amp#27;[32mI receive valid data for response code 500 ratings&amp#27;[0m &amp#27;[90m# starter.stepdefinitions.ProductsSteps.receiveValidDataForResponseCode500Ratings()&amp#27;[0m
17:11:52.789 [main] INFO  - 
  _____   ___   ___   _____     ___     _     ___   ___   ___   ___  
 |_   _| | __| / __| |_   _|   | _ \   /_\   / __| / __| | __| |   \ 
   | |   | _|  \__ \   | |     |  _/  / _ \  \__ \ \__ \ | _|  | |) |
   |_|   |___| |___/   |_|     |_|   /_/ \_\ |___/ |___/ |___| |___/ 

GET As a user I can't get product ratings
----------------------------------------------------------------------
]]></system-out>
  </testcase>
  <testcase name="POST As a user I can create a new product comment" classname="Products" time="0.458">
    <system-out><![CDATA[
@Products @PostProductComment+
Scenario: POST As a user I can create a new product comment &amp#27;[90m# src/test/resources/api/Products.feature:85&amp#27;[0m
17:11:52.798 [main] INFO io.cucumber.core.plugin.SerenityReporter - Running feature from file:///C:/KULIAH/SEMESTER%206/MSIB/QA/Tugas/Mini%20Project/API/rest-api/src/test/resources/api/Products.feature
17:11:52.798 [main] WARN io.cucumber.core.plugin.SerenityReporter - Feature from file:///C:/KULIAH/SEMESTER%206/MSIB/QA/Tugas/Mini%20Project/API/rest-api/src/test/resources/api/Products.feature is not under the 'features' directory. Requirements report will not be correctly generated!
17:11:52.799 [main] INFO  - 
  _____   ___   ___   _____     ___   _____     _     ___   _____   ___   ___  
 |_   _| | __| / __| |_   _|   / __| |_   _|   /_\   | _ \ |_   _| | __| |   \ 
   | |   | _|  \__ \   | |     \__ \   | |    / _ \  |   /   | |   | _|  | |) |
   |_|   |___| |___/   |_|     |___/   |_|   /_/ \_\ |_|_\   |_|   |___| |___/ 

POST As a user I can create a new product comment(products;post-as-a-user-i-can-create-a-new-product-comment)
--------------------------------------------------------------------------------
17:11:52.815 [main] DEBUG net.thucydides.core.steps.StepInterceptor - STARTING STEP: ProductsSteps.setPostApiEndpointsNewProductComment - I set POST endpoints new product comment
17:11:52.815 [main] DEBUG net.thucydides.core.steps.StepInterceptor - STEP DONE: I set POST endpoints new product comment
  &amp#27;[32mGiven &amp#27;[0m&amp#27;[32mI set POST api endpoints new product comment&amp#27;[0m        &amp#27;[90m# starter.stepdefinitions.ProductsSteps.setPostApiEndpointsNewProductComment()&amp#27;[0m
17:11:52.817 [main] DEBUG net.thucydides.core.steps.StepInterceptor - STARTING STEP: ProductsSteps.sendPostHttpRequestNewProductComment - I send POST HTTP request new product comment
17:11:52.818 [main] DEBUG net.thucydides.core.steps.StepInterceptor - STARTING STEP: PostProductComment.sendPostHTTPRequest - I set POST endpoints new product comment
17:11:52.818 [main] DEBUG net.thucydides.core.steps.StepInterceptor - STEP DONE: I set POST endpoints new product comment
17:11:52.825 [main] DEBUG org.apache.http.impl.conn.BasicClientConnectionManager - Get connection for route {s}->https://altashop-api.fly.dev:443
17:11:52.825 [main] DEBUG org.apache.http.impl.conn.DefaultClientConnectionOperator - Connecting to altashop-api.fly.dev:443
17:11:53.076 [main] DEBUG org.apache.http.client.protocol.RequestAddCookies - CookieSpec selected: ignoreCookies
17:11:53.076 [main] DEBUG org.apache.http.client.protocol.RequestAuthCache - Auth cache not set in the context
17:11:53.076 [main] DEBUG org.apache.http.client.protocol.RequestProxyAuthentication - Proxy auth state: UNCHALLENGED
17:11:53.076 [main] DEBUG org.apache.http.impl.client.DefaultHttpClient - Attempt 1 to execute request
17:11:53.076 [main] DEBUG org.apache.http.impl.conn.DefaultClientConnection - Sending request: POST /api/products/2/comments HTTP/1.1
17:11:53.076 [main] DEBUG org.apache.http.wire -  >> "POST /api/products/2/comments HTTP/1.1[\r][\n]"
17:11:53.076 [main] DEBUG org.apache.http.wire -  >> "Authorization: Bearer eyJhbGciOiJIUzI1NiIsInR5cCI6IkpXVCJ9.eyJGdWxsbmFtZSI6IkpvaG4gRG9lIiwiRW1haWwiOiJzb21lb25lQG1haWwuY29tIn0.WvBSxcQEqqniC1v08LzkrHcELegs0b7vtjGPWiaEWcI[\r][\n]"
17:11:53.076 [main] DEBUG org.apache.http.wire -  >> "Accept: */*[\r][\n]"
17:11:53.076 [main] DEBUG org.apache.http.wire -  >> "Content-Type: application/json[\r][\n]"
17:11:53.076 [main] DEBUG org.apache.http.wire -  >> "Content-Length: 87[\r][\n]"
17:11:53.076 [main] DEBUG org.apache.http.wire -  >> "Host: altashop-api.fly.dev[\r][\n]"
17:11:53.076 [main] DEBUG org.apache.http.wire -  >> "Connection: Keep-Alive[\r][\n]"
17:11:53.076 [main] DEBUG org.apache.http.wire -  >> "User-Agent: Apache-HttpClient/4.5.13 (Java/11.0.12)[\r][\n]"
17:11:53.076 [main] DEBUG org.apache.http.wire -  >> "Accept-Encoding: gzip,deflate[\r][\n]"
17:11:53.076 [main] DEBUG org.apache.http.wire -  >> "[\r][\n]"
17:11:53.076 [main] DEBUG org.apache.http.headers - >> POST /api/products/2/comments HTTP/1.1
17:11:53.076 [main] DEBUG org.apache.http.headers - >> Authorization: Bearer eyJhbGciOiJIUzI1NiIsInR5cCI6IkpXVCJ9.eyJGdWxsbmFtZSI6IkpvaG4gRG9lIiwiRW1haWwiOiJzb21lb25lQG1haWwuY29tIn0.WvBSxcQEqqniC1v08LzkrHcELegs0b7vtjGPWiaEWcI
17:11:53.076 [main] DEBUG org.apache.http.headers - >> Accept: */*
17:11:53.076 [main] DEBUG org.apache.http.headers - >> Content-Type: application/json
17:11:53.076 [main] DEBUG org.apache.http.headers - >> Content-Length: 87
17:11:53.076 [main] DEBUG org.apache.http.headers - >> Host: altashop-api.fly.dev
17:11:53.076 [main] DEBUG org.apache.http.headers - >> Connection: Keep-Alive
17:11:53.076 [main] DEBUG org.apache.http.headers - >> User-Agent: Apache-HttpClient/4.5.13 (Java/11.0.12)
17:11:53.076 [main] DEBUG org.apache.http.headers - >> Accept-Encoding: gzip,deflate
17:11:53.076 [main] DEBUG org.apache.http.wire -  >> "{"content":"the games are great including Gran Turismo 7 but sadly GT4 is much better"}"
17:11:53.191 [main] DEBUG org.apache.http.wire -  << "HTTP/1.1 200 OK[\r][\n]"
17:11:53.191 [main] DEBUG org.apache.http.wire -  << "content-type: application/json[\r][\n]"
17:11:53.191 [main] DEBUG org.apache.http.wire -  << "date: Thu, 11 May 2023 10:11:55 GMT[\r][\n]"
17:11:53.191 [main] DEBUG org.apache.http.wire -  << "content-encoding: gzip[\r][\n]"
17:11:53.191 [main] DEBUG org.apache.http.wire -  << "transfer-encoding: chunked[\r][\n]"
17:11:53.191 [main] DEBUG org.apache.http.wire -  << "server: Fly/3f2597ca (2023-05-03)[\r][\n]"
17:11:53.191 [main] DEBUG org.apache.http.wire -  << "via: 1.1 fly.io[\r][\n]"
17:11:53.191 [main] DEBUG org.apache.http.wire -  << "fly-request-id: 01H054QF6T6NTTKE6H9HN3M22R-sin[\r][\n]"
17:11:53.191 [main] DEBUG org.apache.http.wire -  << "[\r][\n]"
17:11:53.191 [main] DEBUG org.apache.http.impl.conn.DefaultClientConnection - Receiving response: HTTP/1.1 200 OK
17:11:53.191 [main] DEBUG org.apache.http.headers - << HTTP/1.1 200 OK
17:11:53.191 [main] DEBUG org.apache.http.headers - << content-type: application/json
17:11:53.191 [main] DEBUG org.apache.http.headers - << date: Thu, 11 May 2023 10:11:55 GMT
17:11:53.191 [main] DEBUG org.apache.http.headers - << content-encoding: gzip
17:11:53.191 [main] DEBUG org.apache.http.headers - << transfer-encoding: chunked
17:11:53.191 [main] DEBUG org.apache.http.headers - << server: Fly/3f2597ca (2023-05-03)
17:11:53.191 [main] DEBUG org.apache.http.headers - << via: 1.1 fly.io
17:11:53.191 [main] DEBUG org.apache.http.headers - << fly-request-id: 01H054QF6T6NTTKE6H9HN3M22R-sin
17:11:53.191 [main] DEBUG org.apache.http.impl.client.DefaultHttpClient - Connection can be kept alive indefinitely
17:11:53.191 [main] DEBUG io.restassured.internal.RestAssuredHttpBuilder - Parsing response as: application/json
17:11:53.191 [main] DEBUG org.apache.http.wire -  << "9E[\r][\n]"
17:11:53.191 [main] DEBUG org.apache.http.wire -  << "[0x1f][0x8b][0x8][0x0][0x0][0x0][0x0][0x0][0x4][0xff][0xab]VJI,IT[0xb2][0xaa]V[0xf2]tQ[0xb2]24455[0xd7]Qr[0xce][0xcf]+I[0xcd]+Q[0xb2]R*[0xc9]HUHO[0xcc]M-VH,JUH/JM,Q[0xc8][0xcc]K[0xce])M[0xc9][0xcc]KWp/J[0xcc]S[0x8])-[0xca],[0xce][0xcd]W0WH*-Q(NL[0xc9][0xa9]Tp[0xf]1Q[0xc8],V[0xc8]-M[0xce]PHJ-)I-R[0xd2]Q[\n]"
17:11:53.191 [main] DEBUG org.apache.http.wire -  << "-N-R[0xb2][0xca]+[0xcd][0xc9][0xd1]Q[\n]"
17:11:53.191 [main] DEBUG org.apache.http.wire -  << "([0xca]O)M.[0x81]q[0x9d][0xf3]ss[0xc1][0x16][0x82]dkk[0xb9][0x0][0xa7][0x86][0xd2][0xfd][0x96][0x0][0x0][0x0]"
17:11:53.191 [main] DEBUG org.apache.http.wire -  << "[\r][\n]"
17:11:53.191 [main] DEBUG org.apache.http.wire -  << "0[\r][\n]"
17:11:53.191 [main] DEBUG org.apache.http.wire -  << "[\r][\n]"
17:11:53.191 [main] DEBUG io.restassured.internal.RestAssuredHttpBuilder - Parsed data to instance of: class org.apache.http.conn.EofSensorInputStream
17:11:53.192 [main] DEBUG org.apache.http.impl.conn.BasicClientConnectionManager - Releasing connection org.apache.http.impl.conn.ManagedClientConnectionImpl@c005d62
17:11:53.192 [main] DEBUG org.apache.http.impl.conn.BasicClientConnectionManager - Connection can be kept alive indefinitely
17:11:53.192 [main] DEBUG net.thucydides.core.steps.StepInterceptor - STEP DONE: I send POST HTTP request new product comment
  &amp#27;[32mWhen &amp#27;[0m&amp#27;[32mI send POST HTTP request new product comment&amp#27;[0m         &amp#27;[90m# starter.stepdefinitions.ProductsSteps.sendPostHttpRequestNewProductComment()&amp#27;[0m
17:11:53.195 [main] DEBUG net.thucydides.core.steps.StepInterceptor - STARTING STEP: ProductsSteps.receiveValidHttpResponseCode200 - I receive valid HTTP response code 200
17:11:53.195 [main] DEBUG net.thucydides.core.steps.StepInterceptor - STEP DONE: I receive valid HTTP response code 200
  &amp#27;[32mThen &amp#27;[0m&amp#27;[32mI receive valid HTTP response code 200&amp#27;[0m               &amp#27;[90m# starter.stepdefinitions.ProductsSteps.receiveValidHttpResponseCode200()&amp#27;[0m
17:11:53.197 [main] DEBUG net.thucydides.core.steps.StepInterceptor - STARTING STEP: ProductsSteps.validateDataNewProductComment - I receive valid data for new product comment
17:11:53.247 [main] DEBUG net.thucydides.core.steps.StepInterceptor - STEP DONE: I receive valid data for new product comment
  &amp#27;[32mAnd &amp#27;[0m&amp#27;[32mI receive valid data for new product comment&amp#27;[0m          &amp#27;[90m# starter.stepdefinitions.ProductsSteps.validateDataNewProductComment()&amp#27;[0m
17:11:53.248 [main] INFO  - 
  _____   ___   ___   _____     ___     _     ___   ___   ___   ___  
 |_   _| | __| / __| |_   _|   | _ \   /_\   / __| / __| | __| |   \ 
   | |   | _|  \__ \   | |     |  _/  / _ \  \__ \ \__ \ | _|  | |) |
   |_|   |___| |___/   |_|     |_|   /_/ \_\ |___/ |___/ |___| |___/ 

POST As a user I can create a new product comment
----------------------------------------------------------------------
]]></system-out>
  </testcase>
  <testcase name="POST As a user I can&apos;t create new product comment" classname="Products" time="0.576">
    <system-out><![CDATA[
@Products @PostProductComment-
Scenario: POST As a user I can't create new product comment  &amp#27;[90m# src/test/resources/api/Products.feature:91&amp#27;[0m
17:11:53.253 [main] INFO io.cucumber.core.plugin.SerenityReporter - Running feature from file:///C:/KULIAH/SEMESTER%206/MSIB/QA/Tugas/Mini%20Project/API/rest-api/src/test/resources/api/Products.feature
17:11:53.253 [main] WARN io.cucumber.core.plugin.SerenityReporter - Feature from file:///C:/KULIAH/SEMESTER%206/MSIB/QA/Tugas/Mini%20Project/API/rest-api/src/test/resources/api/Products.feature is not under the 'features' directory. Requirements report will not be correctly generated!
17:11:53.254 [main] INFO  - 
  _____   ___   ___   _____     ___   _____     _     ___   _____   ___   ___  
 |_   _| | __| / __| |_   _|   / __| |_   _|   /_\   | _ \ |_   _| | __| |   \ 
   | |   | _|  \__ \   | |     \__ \   | |    / _ \  |   /   | |   | _|  | |) |
   |_|   |___| |___/   |_|     |___/   |_|   /_/ \_\ |_|_\   |_|   |___| |___/ 

POST As a user I can't create new product comment(products;post-as-a-user-i-can-t-create-new-product-comment)
--------------------------------------------------------------------------------
17:11:53.264 [main] DEBUG net.thucydides.core.steps.StepInterceptor - STARTING STEP: ProductsSteps.setPostApiEndpointsNewProductCommentInvalid - I set POST endpoints new product comment invalid
17:11:53.264 [main] DEBUG net.thucydides.core.steps.StepInterceptor - STEP DONE: I set POST endpoints new product comment invalid
  &amp#27;[32mGiven &amp#27;[0m&amp#27;[32mI set POST api endpoints new product comment invalid&amp#27;[0m &amp#27;[90m# starter.stepdefinitions.ProductsSteps.setPostApiEndpointsNewProductCommentInvalid()&amp#27;[0m
17:11:53.265 [main] DEBUG net.thucydides.core.steps.StepInterceptor - STARTING STEP: ProductsSteps.sendPostHttpRequestNewProductCommentInvalid - I send POST HTTP request new product comment invalid
17:11:53.266 [main] DEBUG net.thucydides.core.steps.StepInterceptor - STARTING STEP: PostProductComment.sendPostHTTPRequestInvalid - I set POST endpoints new product comment invalid
17:11:53.266 [main] DEBUG net.thucydides.core.steps.StepInterceptor - STEP DONE: I set POST endpoints new product comment invalid
17:11:53.270 [main] DEBUG org.apache.http.impl.conn.BasicClientConnectionManager - Get connection for route {s}->https://altashop-api.fly.dev:443
17:11:53.270 [main] DEBUG org.apache.http.impl.conn.DefaultClientConnectionOperator - Connecting to altashop-api.fly.dev:443
17:11:53.489 [main] DEBUG org.apache.http.client.protocol.RequestAddCookies - CookieSpec selected: ignoreCookies
17:11:53.489 [main] DEBUG org.apache.http.client.protocol.RequestAuthCache - Auth cache not set in the context
17:11:53.489 [main] DEBUG org.apache.http.client.protocol.RequestProxyAuthentication - Proxy auth state: UNCHALLENGED
17:11:53.489 [main] DEBUG org.apache.http.impl.client.DefaultHttpClient - Attempt 1 to execute request
17:11:53.489 [main] DEBUG org.apache.http.impl.conn.DefaultClientConnection - Sending request: POST /api/products/2/comment HTTP/1.1
17:11:53.489 [main] DEBUG org.apache.http.wire -  >> "POST /api/products/2/comment HTTP/1.1[\r][\n]"
17:11:53.489 [main] DEBUG org.apache.http.wire -  >> "Authorization: Bearer eyJhbGciOiJIUzI1NiIsInR5cCI6IkpXVCJ9.eyJGdWxsbmFtZSI6IkpvaG4gRG9lIiwiRW1haWwiOiJzb21lb25lQG1haWwuY29tIn0.WvBSxcQEqqniC1v08LzkrHcELegs0b7vtjGPWiaEWcI[\r][\n]"
17:11:53.489 [main] DEBUG org.apache.http.wire -  >> "Accept: */*[\r][\n]"
17:11:53.489 [main] DEBUG org.apache.http.wire -  >> "Content-Type: application/json[\r][\n]"
17:11:53.489 [main] DEBUG org.apache.http.wire -  >> "Content-Length: 87[\r][\n]"
17:11:53.489 [main] DEBUG org.apache.http.wire -  >> "Host: altashop-api.fly.dev[\r][\n]"
17:11:53.489 [main] DEBUG org.apache.http.wire -  >> "Connection: Keep-Alive[\r][\n]"
17:11:53.489 [main] DEBUG org.apache.http.wire -  >> "User-Agent: Apache-HttpClient/4.5.13 (Java/11.0.12)[\r][\n]"
17:11:53.489 [main] DEBUG org.apache.http.wire -  >> "Accept-Encoding: gzip,deflate[\r][\n]"
17:11:53.489 [main] DEBUG org.apache.http.wire -  >> "[\r][\n]"
17:11:53.489 [main] DEBUG org.apache.http.headers - >> POST /api/products/2/comment HTTP/1.1
17:11:53.489 [main] DEBUG org.apache.http.headers - >> Authorization: Bearer eyJhbGciOiJIUzI1NiIsInR5cCI6IkpXVCJ9.eyJGdWxsbmFtZSI6IkpvaG4gRG9lIiwiRW1haWwiOiJzb21lb25lQG1haWwuY29tIn0.WvBSxcQEqqniC1v08LzkrHcELegs0b7vtjGPWiaEWcI
17:11:53.489 [main] DEBUG org.apache.http.headers - >> Accept: */*
17:11:53.489 [main] DEBUG org.apache.http.headers - >> Content-Type: application/json
17:11:53.489 [main] DEBUG org.apache.http.headers - >> Content-Length: 87
17:11:53.489 [main] DEBUG org.apache.http.headers - >> Host: altashop-api.fly.dev
17:11:53.489 [main] DEBUG org.apache.http.headers - >> Connection: Keep-Alive
17:11:53.489 [main] DEBUG org.apache.http.headers - >> User-Agent: Apache-HttpClient/4.5.13 (Java/11.0.12)
17:11:53.489 [main] DEBUG org.apache.http.headers - >> Accept-Encoding: gzip,deflate
17:11:53.489 [main] DEBUG org.apache.http.wire -  >> "{"content":"the games are great including Gran Turismo 7 but sadly GT4 is much better"}"
17:11:53.600 [main] DEBUG org.apache.http.wire -  << "HTTP/1.1 404 Not Found[\r][\n]"
17:11:53.600 [main] DEBUG org.apache.http.wire -  << "date: Thu, 11 May 2023 10:11:56 GMT[\r][\n]"
17:11:53.600 [main] DEBUG org.apache.http.wire -  << "content-encoding: gzip[\r][\n]"
17:11:53.600 [main] DEBUG org.apache.http.wire -  << "content-type: text/plain; charset=utf-8[\r][\n]"
17:11:53.600 [main] DEBUG org.apache.http.wire -  << "transfer-encoding: chunked[\r][\n]"
17:11:53.600 [main] DEBUG org.apache.http.wire -  << "server: Fly/3f2597ca (2023-05-03)[\r][\n]"
17:11:53.600 [main] DEBUG org.apache.http.wire -  << "via: 1.1 fly.io[\r][\n]"
17:11:53.600 [main] DEBUG org.apache.http.wire -  << "fly-request-id: 01H054QFKX0ER7F1JNCEBS3PER-sin[\r][\n]"
17:11:53.600 [main] DEBUG org.apache.http.wire -  << "[\r][\n]"
17:11:53.600 [main] DEBUG org.apache.http.impl.conn.DefaultClientConnection - Receiving response: HTTP/1.1 404 Not Found
17:11:53.600 [main] DEBUG org.apache.http.headers - << HTTP/1.1 404 Not Found
17:11:53.600 [main] DEBUG org.apache.http.headers - << date: Thu, 11 May 2023 10:11:56 GMT
17:11:53.600 [main] DEBUG org.apache.http.headers - << content-encoding: gzip
17:11:53.600 [main] DEBUG org.apache.http.headers - << content-type: text/plain; charset=utf-8
17:11:53.600 [main] DEBUG org.apache.http.headers - << transfer-encoding: chunked
17:11:53.600 [main] DEBUG org.apache.http.headers - << server: Fly/3f2597ca (2023-05-03)
17:11:53.600 [main] DEBUG org.apache.http.headers - << via: 1.1 fly.io
17:11:53.600 [main] DEBUG org.apache.http.headers - << fly-request-id: 01H054QFKX0ER7F1JNCEBS3PER-sin
17:11:53.600 [main] DEBUG org.apache.http.impl.client.DefaultHttpClient - Connection can be kept alive indefinitely
17:11:53.600 [main] DEBUG io.restassured.internal.RestAssuredHttpBuilder - Parsing response as: text/plain; charset=utf-8
17:11:53.600 [main] DEBUG org.apache.http.wire -  << "1E[\r][\n]"
17:11:53.600 [main] DEBUG org.apache.http.wire -  << "[0x1f][0x8b][0x8][0x0][0x0][0x0][0x0][0x0][0x4][0xff][0xcb][0xcb]/QH[0xcb]/[0xcd]K[0xe1][0x2][0x0][0xd4]I[0xfa]r[\n]"
17:11:53.600 [main] DEBUG org.apache.http.wire -  << "[0x0][0x0][0x0]"
17:11:53.600 [main] DEBUG org.apache.http.wire -  << "[\r][\n]"
17:11:53.600 [main] DEBUG org.apache.http.wire -  << "0[\r][\n]"
17:11:53.600 [main] DEBUG org.apache.http.wire -  << "[\r][\n]"
17:11:53.600 [main] DEBUG io.restassured.internal.RestAssuredHttpBuilder - Parsed data to instance of: class org.apache.http.conn.EofSensorInputStream
17:11:53.601 [main] DEBUG org.apache.http.impl.conn.BasicClientConnectionManager - Releasing connection org.apache.http.impl.conn.ManagedClientConnectionImpl@76eabed6
17:11:53.601 [main] DEBUG org.apache.http.impl.conn.BasicClientConnectionManager - Connection can be kept alive indefinitely
17:11:53.601 [main] DEBUG net.thucydides.core.steps.StepInterceptor - STEP DONE: I send POST HTTP request new product comment invalid
  &amp#27;[32mWhen &amp#27;[0m&amp#27;[32mI send POST HTTP request new product comment invalid&amp#27;[0m  &amp#27;[90m# starter.stepdefinitions.ProductsSteps.sendPostHttpRequestNewProductCommentInvalid()&amp#27;[0m
17:11:53.604 [main] DEBUG net.thucydides.core.steps.StepInterceptor - STARTING STEP: ProductsSteps.receiveHttpResponseCode404 - I receive valid HTTP response code 404
17:11:53.604 [main] DEBUG net.thucydides.core.steps.StepInterceptor - STEP DONE: I receive valid HTTP response code 404
  &amp#27;[32mThen &amp#27;[0m&amp#27;[32mI receive valid HTTP response code 404&amp#27;[0m                &amp#27;[90m# starter.stepdefinitions.ProductsSteps.receiveHttpResponseCode404()&amp#27;[0m
17:11:53.606 [main] DEBUG net.thucydides.core.steps.StepInterceptor - STARTING STEP: ProductsSteps.receiveValidDataForResponseCode404 - I receive valid data for response code 404
17:11:53.606 [main] DEBUG net.thucydides.core.steps.StepInterceptor - STARTING STEP: GetAllProducts.validateDataInvalidForResponseCode404 - I set GET api endpoints all products invalid
17:11:53.606 [main] DEBUG net.thucydides.core.steps.StepInterceptor - STEP DONE: I set GET api endpoints all products invalid
17:11:53.609 [main] DEBUG org.apache.http.impl.conn.BasicClientConnectionManager - Get connection for route {s}->https://altashop-api.fly.dev:443
17:11:53.609 [main] DEBUG org.apache.http.impl.conn.DefaultClientConnectionOperator - Connecting to altashop-api.fly.dev:443
17:11:53.760 [main] DEBUG org.apache.http.client.protocol.RequestAddCookies - CookieSpec selected: ignoreCookies
17:11:53.760 [main] DEBUG org.apache.http.client.protocol.RequestAuthCache - Auth cache not set in the context
17:11:53.760 [main] DEBUG org.apache.http.client.protocol.RequestTargetAuthentication - Target auth state: UNCHALLENGED
17:11:53.760 [main] DEBUG org.apache.http.client.protocol.RequestProxyAuthentication - Proxy auth state: UNCHALLENGED
17:11:53.760 [main] DEBUG org.apache.http.impl.client.DefaultHttpClient - Attempt 1 to execute request
17:11:53.760 [main] DEBUG org.apache.http.impl.conn.DefaultClientConnection - Sending request: DELETE /api/productss HTTP/1.1
17:11:53.761 [main] DEBUG org.apache.http.wire -  >> "DELETE /api/productss HTTP/1.1[\r][\n]"
17:11:53.761 [main] DEBUG org.apache.http.wire -  >> "Accept: */*[\r][\n]"
17:11:53.761 [main] DEBUG org.apache.http.wire -  >> "Host: altashop-api.fly.dev[\r][\n]"
17:11:53.761 [main] DEBUG org.apache.http.wire -  >> "Connection: Keep-Alive[\r][\n]"
17:11:53.761 [main] DEBUG org.apache.http.wire -  >> "User-Agent: Apache-HttpClient/4.5.13 (Java/11.0.12)[\r][\n]"
17:11:53.761 [main] DEBUG org.apache.http.wire -  >> "Accept-Encoding: gzip,deflate[\r][\n]"
17:11:53.761 [main] DEBUG org.apache.http.wire -  >> "[\r][\n]"
17:11:53.761 [main] DEBUG org.apache.http.headers - >> DELETE /api/productss HTTP/1.1
17:11:53.761 [main] DEBUG org.apache.http.headers - >> Accept: */*
17:11:53.761 [main] DEBUG org.apache.http.headers - >> Host: altashop-api.fly.dev
17:11:53.761 [main] DEBUG org.apache.http.headers - >> Connection: Keep-Alive
17:11:53.761 [main] DEBUG org.apache.http.headers - >> User-Agent: Apache-HttpClient/4.5.13 (Java/11.0.12)
17:11:53.761 [main] DEBUG org.apache.http.headers - >> Accept-Encoding: gzip,deflate
17:11:53.821 [main] DEBUG org.apache.http.wire -  << "HTTP/1.1 404 Not Found[\r][\n]"
17:11:53.821 [main] DEBUG org.apache.http.wire -  << "date: Thu, 11 May 2023 10:11:56 GMT[\r][\n]"
17:11:53.821 [main] DEBUG org.apache.http.wire -  << "content-encoding: gzip[\r][\n]"
17:11:53.821 [main] DEBUG org.apache.http.wire -  << "content-type: text/plain; charset=utf-8[\r][\n]"
17:11:53.821 [main] DEBUG org.apache.http.wire -  << "transfer-encoding: chunked[\r][\n]"
17:11:53.821 [main] DEBUG org.apache.http.wire -  << "server: Fly/3f2597ca (2023-05-03)[\r][\n]"
17:11:53.821 [main] DEBUG org.apache.http.wire -  << "via: 1.1 fly.io[\r][\n]"
17:11:53.821 [main] DEBUG org.apache.http.wire -  << "fly-request-id: 01H054QFVQ4B6KAYSW103JCJ4E-sin[\r][\n]"
17:11:53.821 [main] DEBUG org.apache.http.wire -  << "[\r][\n]"
17:11:53.821 [main] DEBUG org.apache.http.impl.conn.DefaultClientConnection - Receiving response: HTTP/1.1 404 Not Found
17:11:53.821 [main] DEBUG org.apache.http.headers - << HTTP/1.1 404 Not Found
17:11:53.821 [main] DEBUG org.apache.http.headers - << date: Thu, 11 May 2023 10:11:56 GMT
17:11:53.821 [main] DEBUG org.apache.http.headers - << content-encoding: gzip
17:11:53.821 [main] DEBUG org.apache.http.headers - << content-type: text/plain; charset=utf-8
17:11:53.821 [main] DEBUG org.apache.http.headers - << transfer-encoding: chunked
17:11:53.821 [main] DEBUG org.apache.http.headers - << server: Fly/3f2597ca (2023-05-03)
17:11:53.821 [main] DEBUG org.apache.http.headers - << via: 1.1 fly.io
17:11:53.821 [main] DEBUG org.apache.http.headers - << fly-request-id: 01H054QFVQ4B6KAYSW103JCJ4E-sin
17:11:53.821 [main] DEBUG org.apache.http.impl.client.DefaultHttpClient - Connection can be kept alive indefinitely
17:11:53.821 [main] DEBUG io.restassured.internal.RestAssuredHttpBuilder - Parsing response as: text/plain; charset=utf-8
17:11:53.821 [main] DEBUG org.apache.http.wire -  << "1E[\r][\n]"
17:11:53.822 [main] DEBUG org.apache.http.wire -  << "[0x1f][0x8b][0x8][0x0][0x0][0x0][0x0][0x0][0x4][0xff][0xcb][0xcb]/QH[0xcb]/[0xcd]K[0xe1][0x2][0x0][0xd4]I[0xfa]r[\n]"
17:11:53.822 [main] DEBUG org.apache.http.wire -  << "[0x0][0x0][0x0]"
17:11:53.822 [main] DEBUG org.apache.http.wire -  << "[\r][\n]"
17:11:53.822 [main] DEBUG org.apache.http.wire -  << "0[\r][\n]"
17:11:53.822 [main] DEBUG org.apache.http.wire -  << "[\r][\n]"
17:11:53.822 [main] DEBUG io.restassured.internal.RestAssuredHttpBuilder - Parsed data to instance of: class org.apache.http.conn.EofSensorInputStream
17:11:53.822 [main] DEBUG org.apache.http.impl.conn.BasicClientConnectionManager - Releasing connection org.apache.http.impl.conn.ManagedClientConnectionImpl@23295bac
17:11:53.822 [main] DEBUG org.apache.http.impl.conn.BasicClientConnectionManager - Connection can be kept alive indefinitely
17:11:53.822 [main] DEBUG net.thucydides.core.steps.StepInterceptor - STEP DONE: I receive valid data for response code 404
  &amp#27;[32mAnd &amp#27;[0m&amp#27;[32mI receive valid data for response code 404&amp#27;[0m             &amp#27;[90m# starter.stepdefinitions.ProductsSteps.receiveValidDataForResponseCode404()&amp#27;[0m
17:11:53.824 [main] INFO  - 
  _____   ___   ___   _____     ___     _     ___   ___   ___   ___  
 |_   _| | __| / __| |_   _|   | _ \   /_\   / __| / __| | __| |   \ 
   | |   | _|  \__ \   | |     |  _/  / _ \  \__ \ \__ \ | _|  | |) |
   |_|   |___| |___/   |_|     |_|   /_/ \_\ |___/ |___/ |___| |___/ 

POST As a user I can't create new product comment
----------------------------------------------------------------------
]]></system-out>
  </testcase>
  <testcase name="GET As a user I can get product comments" classname="Products" time="0.314">
    <system-out><![CDATA[
@Products @GetProductComments+
Scenario: GET As a user I can get product comments &amp#27;[90m# src/test/resources/api/Products.feature:98&amp#27;[0m
17:11:53.831 [main] INFO io.cucumber.core.plugin.SerenityReporter - Running feature from file:///C:/KULIAH/SEMESTER%206/MSIB/QA/Tugas/Mini%20Project/API/rest-api/src/test/resources/api/Products.feature
17:11:53.832 [main] WARN io.cucumber.core.plugin.SerenityReporter - Feature from file:///C:/KULIAH/SEMESTER%206/MSIB/QA/Tugas/Mini%20Project/API/rest-api/src/test/resources/api/Products.feature is not under the 'features' directory. Requirements report will not be correctly generated!
17:11:53.833 [main] INFO  - 
  _____   ___   ___   _____     ___   _____     _     ___   _____   ___   ___  
 |_   _| | __| / __| |_   _|   / __| |_   _|   /_\   | _ \ |_   _| | __| |   \ 
   | |   | _|  \__ \   | |     \__ \   | |    / _ \  |   /   | |   | _|  | |) |
   |_|   |___| |___/   |_|     |___/   |_|   /_/ \_\ |_|_\   |_|   |___| |___/ 

GET As a user I can get product comments(products;get-as-a-user-i-can-get-product-comments)
--------------------------------------------------------------------------------
17:11:53.842 [main] DEBUG net.thucydides.core.steps.StepInterceptor - STARTING STEP: ProductsSteps.setGetApiEndpointsProductComments - I set GET api endpoints product comments
17:11:53.843 [main] DEBUG net.thucydides.core.steps.StepInterceptor - STEP DONE: I set GET api endpoints product comments
  &amp#27;[32mGiven &amp#27;[0m&amp#27;[32mI set GET api endpoints product comments&amp#27;[0m   &amp#27;[90m# starter.stepdefinitions.ProductsSteps.setGetApiEndpointsProductComments()&amp#27;[0m
17:11:53.845 [main] DEBUG net.thucydides.core.steps.StepInterceptor - STARTING STEP: ProductsSteps.sendGetHttpRequestProductComments - I send GET HTTP request product comments
17:11:53.846 [main] DEBUG net.thucydides.core.steps.StepInterceptor - STARTING STEP: GetProductComments.sendGetHttpRequest - I set GET api endpoints product comments
17:11:53.846 [main] DEBUG net.thucydides.core.steps.StepInterceptor - STEP DONE: I set GET api endpoints product comments
17:11:53.849 [main] DEBUG org.apache.http.impl.conn.BasicClientConnectionManager - Get connection for route {s}->https://altashop-api.fly.dev:443
17:11:53.849 [main] DEBUG org.apache.http.impl.conn.DefaultClientConnectionOperator - Connecting to altashop-api.fly.dev:443
17:11:54.005 [main] DEBUG org.apache.http.client.protocol.RequestAddCookies - CookieSpec selected: ignoreCookies
17:11:54.005 [main] DEBUG org.apache.http.client.protocol.RequestAuthCache - Auth cache not set in the context
17:11:54.005 [main] DEBUG org.apache.http.client.protocol.RequestTargetAuthentication - Target auth state: UNCHALLENGED
17:11:54.005 [main] DEBUG org.apache.http.client.protocol.RequestProxyAuthentication - Proxy auth state: UNCHALLENGED
17:11:54.005 [main] DEBUG org.apache.http.impl.client.DefaultHttpClient - Attempt 1 to execute request
17:11:54.005 [main] DEBUG org.apache.http.impl.conn.DefaultClientConnection - Sending request: GET /api/products/2/comments HTTP/1.1
17:11:54.005 [main] DEBUG org.apache.http.wire -  >> "GET /api/products/2/comments HTTP/1.1[\r][\n]"
17:11:54.005 [main] DEBUG org.apache.http.wire -  >> "Accept: */*[\r][\n]"
17:11:54.005 [main] DEBUG org.apache.http.wire -  >> "Host: altashop-api.fly.dev[\r][\n]"
17:11:54.005 [main] DEBUG org.apache.http.wire -  >> "Connection: Keep-Alive[\r][\n]"
17:11:54.005 [main] DEBUG org.apache.http.wire -  >> "User-Agent: Apache-HttpClient/4.5.13 (Java/11.0.12)[\r][\n]"
17:11:54.005 [main] DEBUG org.apache.http.wire -  >> "Accept-Encoding: gzip,deflate[\r][\n]"
17:11:54.005 [main] DEBUG org.apache.http.wire -  >> "[\r][\n]"
17:11:54.005 [main] DEBUG org.apache.http.headers - >> GET /api/products/2/comments HTTP/1.1
17:11:54.005 [main] DEBUG org.apache.http.headers - >> Accept: */*
17:11:54.005 [main] DEBUG org.apache.http.headers - >> Host: altashop-api.fly.dev
17:11:54.005 [main] DEBUG org.apache.http.headers - >> Connection: Keep-Alive
17:11:54.005 [main] DEBUG org.apache.http.headers - >> User-Agent: Apache-HttpClient/4.5.13 (Java/11.0.12)
17:11:54.005 [main] DEBUG org.apache.http.headers - >> Accept-Encoding: gzip,deflate
17:11:54.121 [main] DEBUG org.apache.http.wire -  << "HTTP/1.1 200 OK[\r][\n]"
17:11:54.121 [main] DEBUG org.apache.http.wire -  << "content-type: application/json[\r][\n]"
17:11:54.121 [main] DEBUG org.apache.http.wire -  << "date: Thu, 11 May 2023 10:11:56 GMT[\r][\n]"
17:11:54.121 [main] DEBUG org.apache.http.wire -  << "transfer-encoding: chunked[\r][\n]"
17:11:54.121 [main] DEBUG org.apache.http.wire -  << "content-encoding: gzip[\r][\n]"
17:11:54.121 [main] DEBUG org.apache.http.wire -  << "server: Fly/3f2597ca (2023-05-03)[\r][\n]"
17:11:54.121 [main] DEBUG org.apache.http.wire -  << "via: 1.1 fly.io[\r][\n]"
17:11:54.121 [main] DEBUG org.apache.http.wire -  << "fly-request-id: 01H054QG3KXZHZNQTVWBPH5MXQ-sin[\r][\n]"
17:11:54.121 [main] DEBUG org.apache.http.wire -  << "[\r][\n]"
17:11:54.122 [main] DEBUG org.apache.http.impl.conn.DefaultClientConnection - Receiving response: HTTP/1.1 200 OK
17:11:54.122 [main] DEBUG org.apache.http.headers - << HTTP/1.1 200 OK
17:11:54.122 [main] DEBUG org.apache.http.headers - << content-type: application/json
17:11:54.122 [main] DEBUG org.apache.http.headers - << date: Thu, 11 May 2023 10:11:56 GMT
17:11:54.122 [main] DEBUG org.apache.http.headers - << transfer-encoding: chunked
17:11:54.122 [main] DEBUG org.apache.http.headers - << content-encoding: gzip
17:11:54.122 [main] DEBUG org.apache.http.headers - << server: Fly/3f2597ca (2023-05-03)
17:11:54.122 [main] DEBUG org.apache.http.headers - << via: 1.1 fly.io
17:11:54.122 [main] DEBUG org.apache.http.headers - << fly-request-id: 01H054QG3KXZHZNQTVWBPH5MXQ-sin
17:11:54.122 [main] DEBUG org.apache.http.impl.client.DefaultHttpClient - Connection can be kept alive indefinitely
17:11:54.122 [main] DEBUG io.restassured.internal.RestAssuredHttpBuilder - Parsing response as: application/json
17:11:54.122 [main] DEBUG org.apache.http.wire -  << "DF[\r][\n]"
17:11:54.122 [main] DEBUG org.apache.http.wire -  << "[0x1f][0x8b][0x8][0x0][0x0][0x0][0x0][0x0][0x4][0xff][0xaa]VJI,IT[0xb2][0x8a][0xae]V[0xf2]tQ[0xb2]24456[0xd3]Qr[0xce][0xcf]+I[0xcd]+Q[0xb2]R*[0xc9]HUHO[0xcc]M-VH,JUH/JM,Q[0xc8][0xcc]K[0xce])M[0xc9][0xcc]KWp/J[0xcc]S[0x8])-[0xca],[0xce][0xcd]W0WH*-Q(NL[0xc9][0xa9]Tp[0xf]1Q[0xc8],V[0xc8]-M[0xce]PHJ-)I-R[0xd2]Q[\n]"
17:11:54.122 [main] DEBUG org.apache.http.wire -  << "-N-R[0xb2][0xca]+[0xcd][0xc9][0xd1]Q[\n]"
17:11:54.122 [main] DEBUG org.apache.http.wire -  << "([0xca]O)M.[0x81]q[0x9d][0xf3]ss[0xc1][0x16][0x82]dku[0xe0][0x8e]11[0x18]L[0x8e]1[0x1c]L[0x8e]1[0x1a]L[0x8e]1[0x1e]L[0x8e]1[0x1d]L[0x8e][0x19]T[0xb9][0xc9]|0[0x85][0x8c][0xc5]`r[0x8c][0xe5] r[0x8c][0xe9]`*[0xf4]L[0x7]S9c:[0x98][0xca][0x19][0xd3][0xc1]T[0xce][0x98][0xe][0xa6]r[0xc6]t[0xe0][0xcb][0x99][0xd8]Z.[0x0][0x0][0x0][0x0][0xff][0xff]"
17:11:54.122 [main] DEBUG org.apache.http.wire -  << "[\r][\n]"
17:11:54.122 [main] DEBUG org.apache.http.wire -  << "A[\r][\n]"
17:11:54.122 [main] DEBUG org.apache.http.wire -  << "[0x3][0x0]A`[0xf][[0xdb][0x8][0x0][0x0]"
17:11:54.122 [main] DEBUG org.apache.http.wire -  << "[\r][\n]"
17:11:54.122 [main] DEBUG org.apache.http.wire -  << "0[\r][\n]"
17:11:54.122 [main] DEBUG org.apache.http.wire -  << "[\r][\n]"
17:11:54.122 [main] DEBUG io.restassured.internal.RestAssuredHttpBuilder - Parsed data to instance of: class org.apache.http.conn.EofSensorInputStream
17:11:54.124 [main] DEBUG org.apache.http.impl.conn.BasicClientConnectionManager - Releasing connection org.apache.http.impl.conn.ManagedClientConnectionImpl@1b6bb1bd
17:11:54.124 [main] DEBUG org.apache.http.impl.conn.BasicClientConnectionManager - Connection can be kept alive indefinitely
17:11:54.125 [main] DEBUG net.thucydides.core.steps.StepInterceptor - STEP DONE: I send GET HTTP request product comments
  &amp#27;[32mWhen &amp#27;[0m&amp#27;[32mI send GET HTTP request product comments&amp#27;[0m    &amp#27;[90m# starter.stepdefinitions.ProductsSteps.sendGetHttpRequestProductComments()&amp#27;[0m
17:11:54.129 [main] DEBUG net.thucydides.core.steps.StepInterceptor - STARTING STEP: ProductsSteps.receiveValidHttpResponseCode200 - I receive valid HTTP response code 200
17:11:54.130 [main] DEBUG net.thucydides.core.steps.StepInterceptor - STEP DONE: I receive valid HTTP response code 200
  &amp#27;[32mThen &amp#27;[0m&amp#27;[32mI receive valid HTTP response code 200&amp#27;[0m      &amp#27;[90m# starter.stepdefinitions.ProductsSteps.receiveValidHttpResponseCode200()&amp#27;[0m
17:11:54.133 [main] DEBUG net.thucydides.core.steps.StepInterceptor - STARTING STEP: ProductsSteps.receiveValidDataForResponseCode200 - I receive valid data for response code 200
17:11:54.135 [main] DEBUG net.thucydides.core.steps.StepInterceptor - STEP DONE: I receive valid data for response code 200
  &amp#27;[32mAnd &amp#27;[0m&amp#27;[32mI receive valid data for response code 200&amp#27;[0m   &amp#27;[90m# starter.stepdefinitions.ProductsSteps.receiveValidDataForResponseCode200()&amp#27;[0m
17:11:54.138 [main] INFO  - 
  _____   ___   ___   _____     ___     _     ___   ___   ___   ___  
 |_   _| | __| / __| |_   _|   | _ \   /_\   / __| / __| | __| |   \ 
   | |   | _|  \__ \   | |     |  _/  / _ \  \__ \ \__ \ | _|  | |) |
   |_|   |___| |___/   |_|     |_|   /_/ \_\ |___/ |___/ |___| |___/ 

GET As a user I can get product comments
----------------------------------------------------------------------
]]></system-out>
  </testcase>
  <testcase name="GET As a user I can&apos;t get product comments" classname="Products" time="0.811">
    <system-out><![CDATA[
@Products @GetProductComments-
Scenario: GET As a user I can't get product comments     &amp#27;[90m# src/test/resources/api/Products.feature:104&amp#27;[0m
17:11:54.147 [main] INFO io.cucumber.core.plugin.SerenityReporter - Running feature from file:///C:/KULIAH/SEMESTER%206/MSIB/QA/Tugas/Mini%20Project/API/rest-api/src/test/resources/api/Products.feature
17:11:54.147 [main] WARN io.cucumber.core.plugin.SerenityReporter - Feature from file:///C:/KULIAH/SEMESTER%206/MSIB/QA/Tugas/Mini%20Project/API/rest-api/src/test/resources/api/Products.feature is not under the 'features' directory. Requirements report will not be correctly generated!
17:11:54.148 [main] INFO  - 
  _____   ___   ___   _____     ___   _____     _     ___   _____   ___   ___  
 |_   _| | __| / __| |_   _|   / __| |_   _|   /_\   | _ \ |_   _| | __| |   \ 
   | |   | _|  \__ \   | |     \__ \   | |    / _ \  |   /   | |   | _|  | |) |
   |_|   |___| |___/   |_|     |___/   |_|   /_/ \_\ |_|_\   |_|   |___| |___/ 

GET As a user I can't get product comments(products;get-as-a-user-i-can-t-get-product-comments)
--------------------------------------------------------------------------------
17:11:54.162 [main] DEBUG net.thucydides.core.steps.StepInterceptor - STARTING STEP: ProductsSteps.setGetApiEndpointsProductCommentsInvalid - I set GET api endpoints product comments invalid
17:11:54.162 [main] DEBUG net.thucydides.core.steps.StepInterceptor - STEP DONE: I set GET api endpoints product comments invalid
  &amp#27;[32mGiven &amp#27;[0m&amp#27;[32mI set GET api endpoints product comments invalid&amp#27;[0m &amp#27;[90m# starter.stepdefinitions.ProductsSteps.setGetApiEndpointsProductCommentsInvalid()&amp#27;[0m
17:11:54.165 [main] DEBUG net.thucydides.core.steps.StepInterceptor - STARTING STEP: ProductsSteps.sendGetHttpRequestProductCommentsInvalid - I send GET HTTP request product comments invalid
17:11:54.165 [main] DEBUG net.thucydides.core.steps.StepInterceptor - STARTING STEP: GetProductComments.sendGetHttpRequestInvalid - I set GET api endpoints product comments invalid
17:11:54.165 [main] DEBUG net.thucydides.core.steps.StepInterceptor - STEP DONE: I set GET api endpoints product comments invalid
17:11:54.170 [main] DEBUG org.apache.http.impl.conn.BasicClientConnectionManager - Get connection for route {s}->https://altashop-api.fly.dev:443
17:11:54.170 [main] DEBUG org.apache.http.impl.conn.DefaultClientConnectionOperator - Connecting to altashop-api.fly.dev:443
17:11:54.429 [main] DEBUG org.apache.http.client.protocol.RequestAddCookies - CookieSpec selected: ignoreCookies
17:11:54.429 [main] DEBUG org.apache.http.client.protocol.RequestAuthCache - Auth cache not set in the context
17:11:54.429 [main] DEBUG org.apache.http.client.protocol.RequestTargetAuthentication - Target auth state: UNCHALLENGED
17:11:54.429 [main] DEBUG org.apache.http.client.protocol.RequestProxyAuthentication - Proxy auth state: UNCHALLENGED
17:11:54.429 [main] DEBUG org.apache.http.impl.client.DefaultHttpClient - Attempt 1 to execute request
17:11:54.429 [main] DEBUG org.apache.http.impl.conn.DefaultClientConnection - Sending request: GET /api/products/2/comment HTTP/1.1
17:11:54.429 [main] DEBUG org.apache.http.wire -  >> "GET /api/products/2/comment HTTP/1.1[\r][\n]"
17:11:54.429 [main] DEBUG org.apache.http.wire -  >> "Accept: */*[\r][\n]"
17:11:54.429 [main] DEBUG org.apache.http.wire -  >> "Host: altashop-api.fly.dev[\r][\n]"
17:11:54.429 [main] DEBUG org.apache.http.wire -  >> "Connection: Keep-Alive[\r][\n]"
17:11:54.429 [main] DEBUG org.apache.http.wire -  >> "User-Agent: Apache-HttpClient/4.5.13 (Java/11.0.12)[\r][\n]"
17:11:54.429 [main] DEBUG org.apache.http.wire -  >> "Accept-Encoding: gzip,deflate[\r][\n]"
17:11:54.429 [main] DEBUG org.apache.http.wire -  >> "[\r][\n]"
17:11:54.429 [main] DEBUG org.apache.http.headers - >> GET /api/products/2/comment HTTP/1.1
17:11:54.429 [main] DEBUG org.apache.http.headers - >> Accept: */*
17:11:54.429 [main] DEBUG org.apache.http.headers - >> Host: altashop-api.fly.dev
17:11:54.429 [main] DEBUG org.apache.http.headers - >> Connection: Keep-Alive
17:11:54.429 [main] DEBUG org.apache.http.headers - >> User-Agent: Apache-HttpClient/4.5.13 (Java/11.0.12)
17:11:54.429 [main] DEBUG org.apache.http.headers - >> Accept-Encoding: gzip,deflate
17:11:54.604 [main] DEBUG org.apache.http.wire -  << "HTTP/1.1 404 Not Found[\r][\n]"
17:11:54.604 [main] DEBUG org.apache.http.wire -  << "date: Thu, 11 May 2023 10:11:57 GMT[\r][\n]"
17:11:54.604 [main] DEBUG org.apache.http.wire -  << "content-encoding: gzip[\r][\n]"
17:11:54.604 [main] DEBUG org.apache.http.wire -  << "content-type: text/plain; charset=utf-8[\r][\n]"
17:11:54.604 [main] DEBUG org.apache.http.wire -  << "transfer-encoding: chunked[\r][\n]"
17:11:54.604 [main] DEBUG org.apache.http.wire -  << "server: Fly/3f2597ca (2023-05-03)[\r][\n]"
17:11:54.604 [main] DEBUG org.apache.http.wire -  << "via: 1.1 fly.io[\r][\n]"
17:11:54.604 [main] DEBUG org.apache.http.wire -  << "fly-request-id: 01H054QGHWSGKQ81D5EAW4MV8D-sin[\r][\n]"
17:11:54.604 [main] DEBUG org.apache.http.wire -  << "[\r][\n]"
17:11:54.604 [main] DEBUG org.apache.http.impl.conn.DefaultClientConnection - Receiving response: HTTP/1.1 404 Not Found
17:11:54.604 [main] DEBUG org.apache.http.headers - << HTTP/1.1 404 Not Found
17:11:54.604 [main] DEBUG org.apache.http.headers - << date: Thu, 11 May 2023 10:11:57 GMT
17:11:54.604 [main] DEBUG org.apache.http.headers - << content-encoding: gzip
17:11:54.604 [main] DEBUG org.apache.http.headers - << content-type: text/plain; charset=utf-8
17:11:54.604 [main] DEBUG org.apache.http.headers - << transfer-encoding: chunked
17:11:54.604 [main] DEBUG org.apache.http.headers - << server: Fly/3f2597ca (2023-05-03)
17:11:54.604 [main] DEBUG org.apache.http.headers - << via: 1.1 fly.io
17:11:54.604 [main] DEBUG org.apache.http.headers - << fly-request-id: 01H054QGHWSGKQ81D5EAW4MV8D-sin
17:11:54.604 [main] DEBUG org.apache.http.impl.client.DefaultHttpClient - Connection can be kept alive indefinitely
17:11:54.604 [main] DEBUG io.restassured.internal.RestAssuredHttpBuilder - Parsing response as: text/plain; charset=utf-8
17:11:54.604 [main] DEBUG org.apache.http.wire -  << "1E[\r][\n]"
17:11:54.604 [main] DEBUG org.apache.http.wire -  << "[0x1f][0x8b][0x8][0x0][0x0][0x0][0x0][0x0][0x4][0xff][0xcb][0xcb]/QH[0xcb]/[0xcd]K[0xe1][0x2][0x0][0xd4]I[0xfa]r[\n]"
17:11:54.604 [main] DEBUG org.apache.http.wire -  << "[0x0][0x0][0x0]"
17:11:54.604 [main] DEBUG org.apache.http.wire -  << "[\r][\n]"
17:11:54.605 [main] DEBUG org.apache.http.wire -  << "0[\r][\n]"
17:11:54.605 [main] DEBUG org.apache.http.wire -  << "[\r][\n]"
17:11:54.605 [main] DEBUG io.restassured.internal.RestAssuredHttpBuilder - Parsed data to instance of: class org.apache.http.conn.EofSensorInputStream
17:11:54.606 [main] DEBUG org.apache.http.impl.conn.BasicClientConnectionManager - Releasing connection org.apache.http.impl.conn.ManagedClientConnectionImpl@6edbdbed
17:11:54.606 [main] DEBUG org.apache.http.impl.conn.BasicClientConnectionManager - Connection can be kept alive indefinitely
17:11:54.607 [main] DEBUG net.thucydides.core.steps.StepInterceptor - STEP DONE: I send GET HTTP request product comments invalid
  &amp#27;[32mWhen &amp#27;[0m&amp#27;[32mI send GET HTTP request product comments invalid&amp#27;[0m  &amp#27;[90m# starter.stepdefinitions.ProductsSteps.sendGetHttpRequestProductCommentsInvalid()&amp#27;[0m
17:11:54.610 [main] DEBUG net.thucydides.core.steps.StepInterceptor - STARTING STEP: ProductsSteps.receiveHttpResponseCode404 - I receive valid HTTP response code 404
17:11:54.611 [main] DEBUG net.thucydides.core.steps.StepInterceptor - STEP DONE: I receive valid HTTP response code 404
  &amp#27;[32mThen &amp#27;[0m&amp#27;[32mI receive valid HTTP response code 404&amp#27;[0m            &amp#27;[90m# starter.stepdefinitions.ProductsSteps.receiveHttpResponseCode404()&amp#27;[0m
17:11:54.613 [main] DEBUG net.thucydides.core.steps.StepInterceptor - STARTING STEP: ProductsSteps.receiveValidDataForResponseCode404 - I receive valid data for response code 404
17:11:54.614 [main] DEBUG net.thucydides.core.steps.StepInterceptor - STARTING STEP: GetAllProducts.validateDataInvalidForResponseCode404 - I set GET api endpoints all products invalid
17:11:54.614 [main] DEBUG net.thucydides.core.steps.StepInterceptor - STEP DONE: I set GET api endpoints all products invalid
17:11:54.617 [main] DEBUG org.apache.http.impl.conn.BasicClientConnectionManager - Get connection for route {s}->https://altashop-api.fly.dev:443
17:11:54.618 [main] DEBUG org.apache.http.impl.conn.DefaultClientConnectionOperator - Connecting to altashop-api.fly.dev:443
17:11:54.916 [main] DEBUG org.apache.http.client.protocol.RequestAddCookies - CookieSpec selected: ignoreCookies
17:11:54.916 [main] DEBUG org.apache.http.client.protocol.RequestAuthCache - Auth cache not set in the context
17:11:54.916 [main] DEBUG org.apache.http.client.protocol.RequestTargetAuthentication - Target auth state: UNCHALLENGED
17:11:54.916 [main] DEBUG org.apache.http.client.protocol.RequestProxyAuthentication - Proxy auth state: UNCHALLENGED
17:11:54.916 [main] DEBUG org.apache.http.impl.client.DefaultHttpClient - Attempt 1 to execute request
17:11:54.916 [main] DEBUG org.apache.http.impl.conn.DefaultClientConnection - Sending request: DELETE /api/productss HTTP/1.1
17:11:54.916 [main] DEBUG org.apache.http.wire -  >> "DELETE /api/productss HTTP/1.1[\r][\n]"
17:11:54.916 [main] DEBUG org.apache.http.wire -  >> "Accept: */*[\r][\n]"
17:11:54.916 [main] DEBUG org.apache.http.wire -  >> "Host: altashop-api.fly.dev[\r][\n]"
17:11:54.916 [main] DEBUG org.apache.http.wire -  >> "Connection: Keep-Alive[\r][\n]"
17:11:54.916 [main] DEBUG org.apache.http.wire -  >> "User-Agent: Apache-HttpClient/4.5.13 (Java/11.0.12)[\r][\n]"
17:11:54.916 [main] DEBUG org.apache.http.wire -  >> "Accept-Encoding: gzip,deflate[\r][\n]"
17:11:54.916 [main] DEBUG org.apache.http.wire -  >> "[\r][\n]"
17:11:54.916 [main] DEBUG org.apache.http.headers - >> DELETE /api/productss HTTP/1.1
17:11:54.916 [main] DEBUG org.apache.http.headers - >> Accept: */*
17:11:54.916 [main] DEBUG org.apache.http.headers - >> Host: altashop-api.fly.dev
17:11:54.916 [main] DEBUG org.apache.http.headers - >> Connection: Keep-Alive
17:11:54.916 [main] DEBUG org.apache.http.headers - >> User-Agent: Apache-HttpClient/4.5.13 (Java/11.0.12)
17:11:54.916 [main] DEBUG org.apache.http.headers - >> Accept-Encoding: gzip,deflate
17:11:54.946 [main] DEBUG org.apache.http.wire -  << "HTTP/1.1 404 Not Found[\r][\n]"
17:11:54.946 [main] DEBUG org.apache.http.wire -  << "date: Thu, 11 May 2023 10:11:57 GMT[\r][\n]"
17:11:54.946 [main] DEBUG org.apache.http.wire -  << "content-encoding: gzip[\r][\n]"
17:11:54.946 [main] DEBUG org.apache.http.wire -  << "content-type: text/plain; charset=utf-8[\r][\n]"
17:11:54.946 [main] DEBUG org.apache.http.wire -  << "transfer-encoding: chunked[\r][\n]"
17:11:54.946 [main] DEBUG org.apache.http.wire -  << "server: Fly/3f2597ca (2023-05-03)[\r][\n]"
17:11:54.946 [main] DEBUG org.apache.http.wire -  << "via: 1.1 fly.io[\r][\n]"
17:11:54.946 [main] DEBUG org.apache.http.wire -  << "fly-request-id: 01H054QGZRKF6R7CB0AE7VAA73-sin[\r][\n]"
17:11:54.946 [main] DEBUG org.apache.http.wire -  << "[\r][\n]"
17:11:54.946 [main] DEBUG org.apache.http.impl.conn.DefaultClientConnection - Receiving response: HTTP/1.1 404 Not Found
17:11:54.946 [main] DEBUG org.apache.http.headers - << HTTP/1.1 404 Not Found
17:11:54.946 [main] DEBUG org.apache.http.headers - << date: Thu, 11 May 2023 10:11:57 GMT
17:11:54.946 [main] DEBUG org.apache.http.headers - << content-encoding: gzip
17:11:54.946 [main] DEBUG org.apache.http.headers - << content-type: text/plain; charset=utf-8
17:11:54.946 [main] DEBUG org.apache.http.headers - << transfer-encoding: chunked
17:11:54.946 [main] DEBUG org.apache.http.headers - << server: Fly/3f2597ca (2023-05-03)
17:11:54.946 [main] DEBUG org.apache.http.headers - << via: 1.1 fly.io
17:11:54.946 [main] DEBUG org.apache.http.headers - << fly-request-id: 01H054QGZRKF6R7CB0AE7VAA73-sin
17:11:54.946 [main] DEBUG org.apache.http.impl.client.DefaultHttpClient - Connection can be kept alive indefinitely
17:11:54.946 [main] DEBUG io.restassured.internal.RestAssuredHttpBuilder - Parsing response as: text/plain; charset=utf-8
17:11:54.946 [main] DEBUG org.apache.http.wire -  << "1E[\r][\n]"
17:11:54.946 [main] DEBUG org.apache.http.wire -  << "[0x1f][0x8b][0x8][0x0][0x0][0x0][0x0][0x0][0x4][0xff][0xcb][0xcb]/QH[0xcb]/[0xcd]K[0xe1][0x2][0x0][0xd4]I[0xfa]r[\n]"
17:11:54.946 [main] DEBUG org.apache.http.wire -  << "[0x0][0x0][0x0]"
17:11:54.946 [main] DEBUG org.apache.http.wire -  << "[\r][\n]"
17:11:54.946 [main] DEBUG org.apache.http.wire -  << "0[\r][\n]"
17:11:54.946 [main] DEBUG org.apache.http.wire -  << "[\r][\n]"
17:11:54.946 [main] DEBUG io.restassured.internal.RestAssuredHttpBuilder - Parsed data to instance of: class org.apache.http.conn.EofSensorInputStream
17:11:54.947 [main] DEBUG org.apache.http.impl.conn.BasicClientConnectionManager - Releasing connection org.apache.http.impl.conn.ManagedClientConnectionImpl@38171f9
17:11:54.947 [main] DEBUG org.apache.http.impl.conn.BasicClientConnectionManager - Connection can be kept alive indefinitely
17:11:54.947 [main] DEBUG net.thucydides.core.steps.StepInterceptor - STEP DONE: I receive valid data for response code 404
  &amp#27;[32mAnd &amp#27;[0m&amp#27;[32mI receive valid data for response code 404&amp#27;[0m         &amp#27;[90m# starter.stepdefinitions.ProductsSteps.receiveValidDataForResponseCode404()&amp#27;[0m
17:11:54.949 [main] INFO  - 
  _____   ___   ___   _____     ___     _     ___   ___   ___   ___  
 |_   _| | __| / __| |_   _|   | _ \   /_\   / __| / __| | __| |   \ 
   | |   | _|  \__ \   | |     |  _/  / _ \  \__ \ \__ \ | _|  | |) |
   |_|   |___| |___/   |_|     |_|   /_/ \_\ |___/ |___/ |___| |___/ 

GET As a user I can't get product comments
----------------------------------------------------------------------
]]></system-out>
  </testcase>
</testsuite>