<?xml version="1.0" encoding="UTF-8"?>
<testsuite xmlns:xsi="http://www.w3.org/2001/XMLSchema-instance" xsi:noNamespaceSchemaLocation="https://maven.apache.org/surefire/maven-failsafe-plugin/xsd/failsafe-test-report-3.0.xsd" version="3.0" name="starter.CucumberTestSuite" time="21.062" tests="46" errors="0" skipped="0" failures="4">
  <properties>
    <property name="sun.desktop" value="windows"/>
    <property name="awt.toolkit" value="sun.awt.windows.WToolkit"/>
    <property name="java.specification.version" value="11"/>
    <property name="sun.cpu.isalist" value="amd64"/>
    <property name="sun.jnu.encoding" value="Cp1252"/>
    <property name="java.class.path" value="C:\Users\Nafal Adi SL\Documents\GitHub\Capstone-QE\test-automation-API\target\test-classes;C:\Users\Nafal Adi SL\Documents\GitHub\Capstone-QE\test-automation-API\target\REST-1.0-SNAPSHOT.jar;C:\Users\Nafal Adi SL\.m2\repository\net\serenity-bdd\serenity-rest-assured\3.5.1\serenity-rest-assured-3.5.1.jar;C:\Users\Nafal Adi SL\.m2\repository\org\apache\httpcomponents\httpclient\4.5.13\httpclient-4.5.13.jar;C:\Users\Nafal Adi SL\.m2\repository\org\apache\httpcomponents\httpcore\4.4.13\httpcore-4.4.13.jar;C:\Users\Nafal Adi SL\.m2\repository\commons-logging\commons-logging\1.2\commons-logging-1.2.jar;C:\Users\Nafal Adi SL\.m2\repository\io\rest-assured\rest-assured\5.2.0\rest-assured-5.2.0.jar;C:\Users\Nafal Adi SL\.m2\repository\org\apache\httpcomponents\httpmime\4.5.13\httpmime-4.5.13.jar;C:\Users\Nafal Adi SL\.m2\repository\org\ccil\cowan\tagsoup\tagsoup\1.2.1\tagsoup-1.2.1.jar;C:\Users\Nafal Adi SL\.m2\repository\io\rest-assured\json-path\5.2.0\json-path-5.2.0.jar;C:\Users\Nafal Adi SL\.m2\repository\io\rest-assured\rest-assured-common\5.2.0\rest-assured-common-5.2.0.jar;C:\Users\Nafal Adi SL\.m2\repository\io\rest-assured\xml-path\5.2.0\xml-path-5.2.0.jar;C:\Users\Nafal Adi SL\.m2\repository\org\apache\groovy\groovy-json\4.0.6\groovy-json-4.0.6.jar;C:\Users\Nafal Adi SL\.m2\repository\org\apache\groovy\groovy-xml\4.0.6\groovy-xml-4.0.6.jar;C:\Users\Nafal Adi SL\.m2\repository\org\apache\groovy\groovy\4.0.6\groovy-4.0.6.jar;C:\Users\Nafal Adi SL\.m2\repository\org\opentest4j\opentest4j\1.2.0\opentest4j-1.2.0.jar;C:\Users\Nafal Adi SL\.m2\repository\net\serenity-bdd\serenity-core\3.5.1\serenity-core-3.5.1.jar;C:\Users\Nafal Adi SL\.m2\repository\net\serenity-bdd\serenity-model\3.5.1\serenity-model-3.5.1.jar;C:\Users\Nafal Adi SL\.m2\repository\org\apache\commons\commons-text\1.10.0\commons-text-1.10.0.jar;C:\Users\Nafal Adi SL\.m2\repository\commons-net\commons-net\3.8.0\commons-net-3.8.0.jar;C:\Users\Nafal Adi SL\.m2\repository\com\google\guava\guava\31.1-jre\guava-31.1-jre.jar;C:\Users\Nafal Adi SL\.m2\repository\com\google\guava\failureaccess\1.0.1\failureaccess-1.0.1.jar;C:\Users\Nafal Adi SL\.m2\repository\com\google\guava\listenablefuture\9999.0-empty-to-avoid-conflict-with-guava\listenablefuture-9999.0-empty-to-avoid-conflict-with-guava.jar;C:\Users\Nafal Adi SL\.m2\repository\com\google\code\findbugs\jsr305\3.0.2\jsr305-3.0.2.jar;C:\Users\Nafal Adi SL\.m2\repository\org\checkerframework\checker-qual\3.12.0\checker-qual-3.12.0.jar;C:\Users\Nafal Adi SL\.m2\repository\com\google\errorprone\error_prone_annotations\2.11.0\error_prone_annotations-2.11.0.jar;C:\Users\Nafal Adi SL\.m2\repository\com\google\j2objc\j2objc-annotations\1.3\j2objc-annotations-1.3.jar;C:\Users\Nafal Adi SL\.m2\repository\com\google\inject\guice\5.1.0\guice-5.1.0.jar;C:\Users\Nafal Adi SL\.m2\repository\javax\inject\javax.inject\1\javax.inject-1.jar;C:\Users\Nafal Adi SL\.m2\repository\aopalliance\aopalliance\1.0\aopalliance-1.0.jar;C:\Users\Nafal Adi SL\.m2\repository\org\jsoup\jsoup\1.14.3\jsoup-1.14.3.jar;C:\Users\Nafal Adi SL\.m2\repository\com\thoughtworks\xstream\xstream\1.4.19\xstream-1.4.19.jar;C:\Users\Nafal Adi SL\.m2\repository\io\github\x-stream\mxparser\1.2.2\mxparser-1.2.2.jar;C:\Users\Nafal Adi SL\.m2\repository\xmlpull\xmlpull\1.1.3.1\xmlpull-1.1.3.1.jar;C:\Users\Nafal Adi SL\.m2\repository\com\typesafe\config\1.4.2\config-1.4.2.jar;C:\Users\Nafal Adi SL\.m2\repository\org\imgscalr\imgscalr-lib\4.2\imgscalr-lib-4.2.jar;C:\Users\Nafal Adi SL\.m2\repository\org\awaitility\awaitility\4.2.0\awaitility-4.2.0.jar;C:\Users\Nafal Adi SL\.m2\repository\org\freemarker\freemarker\2.3.31\freemarker-2.3.31.jar;C:\Users\Nafal Adi SL\.m2\repository\io\github\classgraph\classgraph\4.8.138\classgraph-4.8.138.jar;C:\Users\Nafal Adi SL\.m2\repository\net\sourceforge\jexcelapi\jxl\2.6.12\jxl-2.6.12.jar;C:\Users\Nafal Adi SL\.m2\repository\net\bytebuddy\byte-buddy-agent\1.12.18\byte-buddy-agent-1.12.18.jar;C:\Users\Nafal Adi SL\.m2\repository\org\objenesis\objenesis\3.1\objenesis-3.1.jar;C:\Users\Nafal Adi SL\.m2\repository\net\serenity-bdd\serenity-reports\3.5.1\serenity-reports-3.5.1.jar;C:\Users\Nafal Adi SL\.m2\repository\net\serenity-bdd\serenity-stats\3.5.1\serenity-stats-3.5.1.jar;C:\Users\Nafal Adi SL\.m2\repository\net\serenity-bdd\serenity-reports-configuration\3.5.1\serenity-reports-configuration-3.5.1.jar;C:\Users\Nafal Adi SL\.m2\repository\com\vladsch\flexmark\flexmark-all\0.34.30\flexmark-all-0.34.30.jar;C:\Users\Nafal Adi SL\.m2\repository\com\vladsch\flexmark\flexmark\0.34.30\flexmark-0.34.30.jar;C:\Users\Nafal Adi SL\.m2\repository\com\vladsch\flexmark\flexmark-ext-abbreviation\0.34.30\flexmark-ext-abbreviation-0.34.30.jar;C:\Users\Nafal Adi SL\.m2\repository\com\vladsch\flexmark\flexmark-ext-admonition\0.34.30\flexmark-ext-admonition-0.34.30.jar;C:\Users\Nafal Adi SL\.m2\repository\com\vladsch\flexmark\flexmark-ext-anchorlink\0.34.30\flexmark-ext-anchorlink-0.34.30.jar;C:\Users\Nafal Adi SL\.m2\repository\com\vladsch\flexmark\flexmark-ext-aside\0.34.30\flexmark-ext-aside-0.34.30.jar;C:\Users\Nafal Adi SL\.m2\repository\com\vladsch\flexmark\flexmark-ext-attributes\0.34.30\flexmark-ext-attributes-0.34.30.jar;C:\Users\Nafal Adi SL\.m2\repository\com\vladsch\flexmark\flexmark-ext-autolink\0.34.30\flexmark-ext-autolink-0.34.30.jar;C:\Users\Nafal Adi SL\.m2\repository\org\nibor\autolink\autolink\0.6.0\autolink-0.6.0.jar;C:\Users\Nafal Adi SL\.m2\repository\com\vladsch\flexmark\flexmark-ext-definition\0.34.30\flexmark-ext-definition-0.34.30.jar;C:\Users\Nafal Adi SL\.m2\repository\com\vladsch\flexmark\flexmark-ext-emoji\0.34.30\flexmark-ext-emoji-0.34.30.jar;C:\Users\Nafal Adi SL\.m2\repository\com\vladsch\flexmark\flexmark-ext-enumerated-reference\0.34.30\flexmark-ext-enumerated-reference-0.34.30.jar;C:\Users\Nafal Adi SL\.m2\repository\com\vladsch\flexmark\flexmark-ext-escaped-character\0.34.30\flexmark-ext-escaped-character-0.34.30.jar;C:\Users\Nafal Adi SL\.m2\repository\com\vladsch\flexmark\flexmark-ext-footnotes\0.34.30\flexmark-ext-footnotes-0.34.30.jar;C:\Users\Nafal Adi SL\.m2\repository\com\vladsch\flexmark\flexmark-ext-gfm-issues\0.34.30\flexmark-ext-gfm-issues-0.34.30.jar;C:\Users\Nafal Adi SL\.m2\repository\com\vladsch\flexmark\flexmark-ext-gfm-strikethrough\0.34.30\flexmark-ext-gfm-strikethrough-0.34.30.jar;C:\Users\Nafal Adi SL\.m2\repository\com\vladsch\flexmark\flexmark-ext-gfm-tables\0.34.30\flexmark-ext-gfm-tables-0.34.30.jar;C:\Users\Nafal Adi SL\.m2\repository\com\vladsch\flexmark\flexmark-ext-gfm-tasklist\0.34.30\flexmark-ext-gfm-tasklist-0.34.30.jar;C:\Users\Nafal Adi SL\.m2\repository\com\vladsch\flexmark\flexmark-ext-gfm-users\0.34.30\flexmark-ext-gfm-users-0.34.30.jar;C:\Users\Nafal Adi SL\.m2\repository\com\vladsch\flexmark\flexmark-ext-gitlab\0.34.30\flexmark-ext-gitlab-0.34.30.jar;C:\Users\Nafal Adi SL\.m2\repository\com\vladsch\flexmark\flexmark-ext-jekyll-front-matter\0.34.30\flexmark-ext-jekyll-front-matter-0.34.30.jar;C:\Users\Nafal Adi SL\.m2\repository\com\vladsch\flexmark\flexmark-ext-jekyll-tag\0.34.30\flexmark-ext-jekyll-tag-0.34.30.jar;C:\Users\Nafal Adi SL\.m2\repository\com\vladsch\flexmark\flexmark-ext-media-tags\0.34.30\flexmark-ext-media-tags-0.34.30.jar;C:\Users\Nafal Adi SL\.m2\repository\com\vladsch\flexmark\flexmark-test-util\0.34.30\flexmark-test-util-0.34.30.jar;C:\Users\Nafal Adi SL\.m2\repository\com\vladsch\flexmark\flexmark-ext-ins\0.34.30\flexmark-ext-ins-0.34.30.jar;C:\Users\Nafal Adi SL\.m2\repository\com\vladsch\flexmark\flexmark-ext-xwiki-macros\0.34.30\flexmark-ext-xwiki-macros-0.34.30.jar;C:\Users\Nafal Adi SL\.m2\repository\com\vladsch\flexmark\flexmark-ext-superscript\0.34.30\flexmark-ext-superscript-0.34.30.jar;C:\Users\Nafal Adi SL\.m2\repository\com\vladsch\flexmark\flexmark-ext-tables\0.34.30\flexmark-ext-tables-0.34.30.jar;C:\Users\Nafal Adi SL\.m2\repository\com\vladsch\flexmark\flexmark-ext-toc\0.34.30\flexmark-ext-toc-0.34.30.jar;C:\Users\Nafal Adi SL\.m2\repository\com\vladsch\flexmark\flexmark-ext-typographic\0.34.30\flexmark-ext-typographic-0.34.30.jar;C:\Users\Nafal Adi SL\.m2\repository\com\vladsch\flexmark\flexmark-ext-wikilink\0.34.30\flexmark-ext-wikilink-0.34.30.jar;C:\Users\Nafal Adi SL\.m2\repository\com\vladsch\flexmark\flexmark-ext-yaml-front-matter\0.34.30\flexmark-ext-yaml-front-matter-0.34.30.jar;C:\Users\Nafal Adi SL\.m2\repository\com\vladsch\flexmark\flexmark-ext-youtube-embedded\0.34.30\flexmark-ext-youtube-embedded-0.34.30.jar;C:\Users\Nafal Adi SL\.m2\repository\com\vladsch\flexmark\flexmark-formatter\0.34.30\flexmark-formatter-0.34.30.jar;C:\Users\Nafal Adi SL\.m2\repository\com\vladsch\flexmark\flexmark-html-parser\0.34.30\flexmark-html-parser-0.34.30.jar;C:\Users\Nafal Adi SL\.m2\repository\com\vladsch\flexmark\flexmark-jira-converter\0.34.30\flexmark-jira-converter-0.34.30.jar;C:\Users\Nafal Adi SL\.m2\repository\com\vladsch\flexmark\flexmark-pdf-converter\0.34.30\flexmark-pdf-converter-0.34.30.jar;C:\Users\Nafal Adi SL\.m2\repository\com\openhtmltopdf\openhtmltopdf-core\0.0.1-RC13\openhtmltopdf-core-0.0.1-RC13.jar;C:\Users\Nafal Adi SL\.m2\repository\com\openhtmltopdf\openhtmltopdf-pdfbox\0.0.1-RC13\openhtmltopdf-pdfbox-0.0.1-RC13.jar;C:\Users\Nafal Adi SL\.m2\repository\org\apache\pdfbox\pdfbox\2.0.8\pdfbox-2.0.8.jar;C:\Users\Nafal Adi SL\.m2\repository\org\apache\pdfbox\fontbox\2.0.8\fontbox-2.0.8.jar;C:\Users\Nafal Adi SL\.m2\repository\org\apache\pdfbox\xmpbox\2.0.8\xmpbox-2.0.8.jar;C:\Users\Nafal Adi SL\.m2\repository\de\rototor\pdfbox\graphics2d\0.12\graphics2d-0.12.jar;C:\Users\Nafal Adi SL\.m2\repository\com\openhtmltopdf\openhtmltopdf-rtl-support\0.0.1-RC13\openhtmltopdf-rtl-support-0.0.1-RC13.jar;C:\Users\Nafal Adi SL\.m2\repository\com\ibm\icu\icu4j\59.1\icu4j-59.1.jar;C:\Users\Nafal Adi SL\.m2\repository\com\openhtmltopdf\openhtmltopdf-jsoup-dom-converter\0.0.1-RC13\openhtmltopdf-jsoup-dom-converter-0.0.1-RC13.jar;C:\Users\Nafal Adi SL\.m2\repository\com\vladsch\flexmark\flexmark-profile-pegdown\0.34.30\flexmark-profile-pegdown-0.34.30.jar;C:\Users\Nafal Adi SL\.m2\repository\com\vladsch\flexmark\flexmark-util\0.34.30\flexmark-util-0.34.30.jar;C:\Users\Nafal Adi SL\.m2\repository\com\vladsch\flexmark\flexmark-youtrack-converter\0.34.30\flexmark-youtrack-converter-0.34.30.jar;C:\Users\Nafal Adi SL\.m2\repository\es\nitaur\markdown\txtmark\0.16\txtmark-0.16.jar;C:\Users\Nafal Adi SL\.m2\repository\net\serenity-bdd\serenity-report-resources\3.5.1\serenity-report-resources-3.5.1.jar;C:\Users\Nafal Adi SL\.m2\repository\com\google\code\gson\gson\2.9.0\gson-2.9.0.jar;C:\Users\Nafal Adi SL\.m2\repository\com\fasterxml\jackson\core\jackson-core\2.13.4\jackson-core-2.13.4.jar;C:\Users\Nafal Adi SL\.m2\repository\com\fasterxml\jackson\core\jackson-databind\2.13.4\jackson-databind-2.13.4.jar;C:\Users\Nafal Adi SL\.m2\repository\com\fasterxml\jackson\core\jackson-annotations\2.13.4\jackson-annotations-2.13.4.jar;C:\Users\Nafal Adi SL\.m2\repository\commons-codec\commons-codec\1.15\commons-codec-1.15.jar;C:\Users\Nafal Adi SL\.m2\repository\commons-io\commons-io\2.11.0\commons-io-2.11.0.jar;C:\Users\Nafal Adi SL\.m2\repository\org\seleniumhq\selenium\selenium-java\4.7.1\selenium-java-4.7.1.jar;C:\Users\Nafal Adi SL\.m2\repository\org\seleniumhq\selenium\selenium-devtools-v106\4.7.1\selenium-devtools-v106-4.7.1.jar;C:\Users\Nafal Adi SL\.m2\repository\org\seleniumhq\selenium\selenium-devtools-v107\4.7.1\selenium-devtools-v107-4.7.1.jar;C:\Users\Nafal Adi SL\.m2\repository\org\seleniumhq\selenium\selenium-devtools-v108\4.7.1\selenium-devtools-v108-4.7.1.jar;C:\Users\Nafal Adi SL\.m2\repository\org\seleniumhq\selenium\selenium-devtools-v85\4.7.1\selenium-devtools-v85-4.7.1.jar;C:\Users\Nafal Adi SL\.m2\repository\org\seleniumhq\selenium\selenium-remote-driver\4.7.1\selenium-remote-driver-4.7.1.jar;C:\Users\Nafal Adi SL\.m2\repository\com\beust\jcommander\1.82\jcommander-1.82.jar;C:\Users\Nafal Adi SL\.m2\repository\io\netty\netty-buffer\4.1.84.Final\netty-buffer-4.1.84.Final.jar;C:\Users\Nafal Adi SL\.m2\repository\io\netty\netty-codec-http\4.1.84.Final\netty-codec-http-4.1.84.Final.jar;C:\Users\Nafal Adi SL\.m2\repository\io\netty\netty-codec\4.1.84.Final\netty-codec-4.1.84.Final.jar;C:\Users\Nafal Adi SL\.m2\repository\io\netty\netty-handler\4.1.84.Final\netty-handler-4.1.84.Final.jar;C:\Users\Nafal Adi SL\.m2\repository\io\netty\netty-common\4.1.84.Final\netty-common-4.1.84.Final.jar;C:\Users\Nafal Adi SL\.m2\repository\io\netty\netty-transport-classes-epoll\4.1.84.Final\netty-transport-classes-epoll-4.1.84.Final.jar;C:\Users\Nafal Adi SL\.m2\repository\io\netty\netty-transport-classes-kqueue\4.1.84.Final\netty-transport-classes-kqueue-4.1.84.Final.jar;C:\Users\Nafal Adi SL\.m2\repository\io\netty\netty-transport-native-epoll\4.1.84.Final\netty-transport-native-epoll-4.1.84.Final.jar;C:\Users\Nafal Adi SL\.m2\repository\io\netty\netty-transport-native-kqueue\4.1.84.Final\netty-transport-native-kqueue-4.1.84.Final.jar;C:\Users\Nafal Adi SL\.m2\repository\io\netty\netty-transport-native-unix-common\4.1.84.Final\netty-transport-native-unix-common-4.1.84.Final.jar;C:\Users\Nafal Adi SL\.m2\repository\io\netty\netty-transport\4.1.84.Final\netty-transport-4.1.84.Final.jar;C:\Users\Nafal Adi SL\.m2\repository\io\netty\netty-resolver\4.1.84.Final\netty-resolver-4.1.84.Final.jar;C:\Users\Nafal Adi SL\.m2\repository\io\opentelemetry\opentelemetry-api\1.19.0\opentelemetry-api-1.19.0.jar;C:\Users\Nafal Adi SL\.m2\repository\io\opentelemetry\opentelemetry-context\1.19.0\opentelemetry-context-1.19.0.jar;C:\Users\Nafal Adi SL\.m2\repository\io\opentelemetry\opentelemetry-exporter-logging\1.19.0\opentelemetry-exporter-logging-1.19.0.jar;C:\Users\Nafal Adi SL\.m2\repository\io\opentelemetry\opentelemetry-sdk-metrics\1.19.0\opentelemetry-sdk-metrics-1.19.0.jar;C:\Users\Nafal Adi SL\.m2\repository\io\opentelemetry\opentelemetry-sdk-logs\1.19.0-alpha\opentelemetry-sdk-logs-1.19.0-alpha.jar;C:\Users\Nafal Adi SL\.m2\repository\io\opentelemetry\opentelemetry-api-logs\1.19.0-alpha\opentelemetry-api-logs-1.19.0-alpha.jar;C:\Users\Nafal Adi SL\.m2\repository\io\opentelemetry\opentelemetry-sdk-common\1.19.0\opentelemetry-sdk-common-1.19.0.jar;C:\Users\Nafal Adi SL\.m2\repository\io\opentelemetry\opentelemetry-sdk-extension-autoconfigure-spi\1.19.0\opentelemetry-sdk-extension-autoconfigure-spi-1.19.0.jar;C:\Users\Nafal Adi SL\.m2\repository\io\opentelemetry\opentelemetry-sdk-extension-autoconfigure\1.19.0-alpha\opentelemetry-sdk-extension-autoconfigure-1.19.0-alpha.jar;C:\Users\Nafal Adi SL\.m2\repository\io\opentelemetry\opentelemetry-exporter-common\1.19.0\opentelemetry-exporter-common-1.19.0.jar;C:\Users\Nafal Adi SL\.m2\repository\io\opentelemetry\opentelemetry-sdk-trace\1.19.0\opentelemetry-sdk-trace-1.19.0.jar;C:\Users\Nafal Adi SL\.m2\repository\io\opentelemetry\opentelemetry-sdk\1.19.0\opentelemetry-sdk-1.19.0.jar;C:\Users\Nafal Adi SL\.m2\repository\io\opentelemetry\opentelemetry-semconv\1.19.0-alpha\opentelemetry-semconv-1.19.0-alpha.jar;C:\Users\Nafal Adi SL\.m2\repository\io\ous\jtoml\2.0.0\jtoml-2.0.0.jar;C:\Users\Nafal Adi SL\.m2\repository\org\apache\commons\commons-exec\1.3\commons-exec-1.3.jar;C:\Users\Nafal Adi SL\.m2\repository\org\asynchttpclient\async-http-client\2.12.3\async-http-client-2.12.3.jar;C:\Users\Nafal Adi SL\.m2\repository\org\asynchttpclient\async-http-client-netty-utils\2.12.3\async-http-client-netty-utils-2.12.3.jar;C:\Users\Nafal Adi SL\.m2\repository\io\netty\netty-codec-socks\4.1.60.Final\netty-codec-socks-4.1.60.Final.jar;C:\Users\Nafal Adi SL\.m2\repository\io\netty\netty-handler-proxy\4.1.60.Final\netty-handler-proxy-4.1.60.Final.jar;C:\Users\Nafal Adi SL\.m2\repository\io\netty\netty-transport-native-epoll\4.1.60.Final\netty-transport-native-epoll-4.1.60.Final-linux-x86_64.jar;C:\Users\Nafal Adi SL\.m2\repository\io\netty\netty-transport-native-kqueue\4.1.60.Final\netty-transport-native-kqueue-4.1.60.Final-osx-x86_64.jar;C:\Users\Nafal Adi SL\.m2\repository\org\reactivestreams\reactive-streams\1.0.3\reactive-streams-1.0.3.jar;C:\Users\Nafal Adi SL\.m2\repository\com\typesafe\netty\netty-reactive-streams\2.0.4\netty-reactive-streams-2.0.4.jar;C:\Users\Nafal Adi SL\.m2\repository\org\seleniumhq\selenium\selenium-manager\4.7.1\selenium-manager-4.7.1.jar;C:\Users\Nafal Adi SL\.m2\repository\org\seleniumhq\selenium\selenium-safari-driver\4.7.1\selenium-safari-driver-4.7.1.jar;C:\Users\Nafal Adi SL\.m2\repository\org\seleniumhq\selenium\selenium-api\4.7.1\selenium-api-4.7.1.jar;C:\Users\Nafal Adi SL\.m2\repository\org\seleniumhq\selenium\selenium-support\4.7.1\selenium-support-4.7.1.jar;C:\Users\Nafal Adi SL\.m2\repository\com\google\auto\service\auto-service-annotations\1.0.1\auto-service-annotations-1.0.1.jar;C:\Users\Nafal Adi SL\.m2\repository\com\google\auto\service\auto-service\1.0.1\auto-service-1.0.1.jar;C:\Users\Nafal Adi SL\.m2\repository\com\google\auto\auto-common\1.2\auto-common-1.2.jar;C:\Users\Nafal Adi SL\.m2\repository\org\seleniumhq\selenium\selenium-json\4.7.1\selenium-json-4.7.1.jar;C:\Users\Nafal Adi SL\.m2\repository\org\seleniumhq\selenium\selenium-chrome-driver\4.7.1\selenium-chrome-driver-4.7.1.jar;C:\Users\Nafal Adi SL\.m2\repository\org\seleniumhq\selenium\selenium-chromium-driver\4.7.1\selenium-chromium-driver-4.7.1.jar;C:\Users\Nafal Adi SL\.m2\repository\org\seleniumhq\selenium\selenium-firefox-driver\4.7.1\selenium-firefox-driver-4.7.1.jar;C:\Users\Nafal Adi SL\.m2\repository\org\seleniumhq\selenium\selenium-http\4.7.1\selenium-http-4.7.1.jar;C:\Users\Nafal Adi SL\.m2\repository\dev\failsafe\failsafe\3.3.0\failsafe-3.3.0.jar;C:\Users\Nafal Adi SL\.m2\repository\org\seleniumhq\selenium\selenium-edge-driver\4.7.1\selenium-edge-driver-4.7.1.jar;C:\Users\Nafal Adi SL\.m2\repository\org\seleniumhq\selenium\selenium-ie-driver\4.7.1\selenium-ie-driver-4.7.1.jar;C:\Users\Nafal Adi SL\.m2\repository\org\projectlombok\lombok\1.18.20\lombok-1.18.20.jar;C:\Users\Nafal Adi SL\.m2\repository\io\appium\java-client\8.3.0\java-client-8.3.0.jar;C:\Users\Nafal Adi SL\.m2\repository\commons-validator\commons-validator\1.7\commons-validator-1.7.jar;C:\Users\Nafal Adi SL\.m2\repository\commons-digester\commons-digester\2.1\commons-digester-2.1.jar;C:\Users\Nafal Adi SL\.m2\repository\net\sf\opencsv\opencsv\2.0\opencsv-2.0.jar;C:\Users\Nafal Adi SL\.m2\repository\commons-beanutils\commons-beanutils\1.9.4\commons-beanutils-1.9.4.jar;C:\Users\Nafal Adi SL\.m2\repository\org\apache\commons\commons-lang3\3.12.0\commons-lang3-3.12.0.jar;C:\Users\Nafal Adi SL\.m2\repository\commons-collections\commons-collections\3.2.2\commons-collections-3.2.2.jar;C:\Users\Nafal Adi SL\.m2\repository\org\fluentlenium\fluentlenium-core\0.10.2\fluentlenium-core-0.10.2.jar;C:\Users\Nafal Adi SL\.m2\repository\io\github\bonigarcia\webdrivermanager\5.3.0\webdrivermanager-5.3.0.jar;C:\Users\Nafal Adi SL\.m2\repository\com\github\docker-java\docker-java\3.2.13\docker-java-3.2.13.jar;C:\Users\Nafal Adi SL\.m2\repository\com\github\docker-java\docker-java-core\3.2.13\docker-java-core-3.2.13.jar;C:\Users\Nafal Adi SL\.m2\repository\com\github\docker-java\docker-java-api\3.2.13\docker-java-api-3.2.13.jar;C:\Users\Nafal Adi SL\.m2\repository\org\apache\commons\commons-compress\1.21\commons-compress-1.21.jar;C:\Users\Nafal Adi SL\.m2\repository\org\bouncycastle\bcpkix-jdk15on\1.64\bcpkix-jdk15on-1.64.jar;C:\Users\Nafal Adi SL\.m2\repository\org\bouncycastle\bcprov-jdk15on\1.64\bcprov-jdk15on-1.64.jar;C:\Users\Nafal Adi SL\.m2\repository\org\slf4j\jcl-over-slf4j\1.7.30\jcl-over-slf4j-1.7.30.jar;C:\Users\Nafal Adi SL\.m2\repository\com\github\docker-java\docker-java-transport-httpclient5\3.2.13\docker-java-transport-httpclient5-3.2.13.jar;C:\Users\Nafal Adi SL\.m2\repository\com\github\docker-java\docker-java-transport\3.2.13\docker-java-transport-3.2.13.jar;C:\Users\Nafal Adi SL\.m2\repository\net\java\dev\jna\jna\5.8.0\jna-5.8.0.jar;C:\Users\Nafal Adi SL\.m2\repository\org\brotli\dec\0.1.2\dec-0.1.2.jar;C:\Users\Nafal Adi SL\.m2\repository\org\apache\httpcomponents\client5\httpclient5\5.1.3\httpclient5-5.1.3.jar;C:\Users\Nafal Adi SL\.m2\repository\org\apache\httpcomponents\core5\httpcore5\5.1.3\httpcore5-5.1.3.jar;C:\Users\Nafal Adi SL\.m2\repository\org\apache\httpcomponents\core5\httpcore5-h2\5.1.3\httpcore5-h2-5.1.3.jar;C:\Users\Nafal Adi SL\.m2\repository\com\jhlabs\filters\2.0.235\filters-2.0.235.jar;C:\Users\Nafal Adi SL\.m2\repository\com\paulhammant\ngwebdriver\1.1.6\ngwebdriver-1.1.6.jar;C:\Users\Nafal Adi SL\.m2\repository\joda-time\joda-time\2.8.2\joda-time-2.8.2.jar;C:\Users\Nafal Adi SL\.m2\repository\org\hamcrest\hamcrest\2.2\hamcrest-2.2.jar;C:\Users\Nafal Adi SL\.m2\repository\com\google\jimfs\jimfs\1.2\jimfs-1.2.jar;C:\Users\Nafal Adi SL\.m2\repository\org\mockito\mockito-core\3.3.3\mockito-core-3.3.3.jar;C:\Users\Nafal Adi SL\.m2\repository\javax\xml\bind\jaxb-api\2.3.1\jaxb-api-2.3.1.jar;C:\Users\Nafal Adi SL\.m2\repository\javax\activation\javax.activation-api\1.2.0\javax.activation-api-1.2.0.jar;C:\Users\Nafal Adi SL\.m2\repository\com\sun\xml\bind\jaxb-core\2.3.0.1\jaxb-core-2.3.0.1.jar;C:\Users\Nafal Adi SL\.m2\repository\com\sun\xml\bind\jaxb-impl\2.3.3\jaxb-impl-2.3.3.jar;C:\Users\Nafal Adi SL\.m2\repository\jakarta\xml\bind\jakarta.xml.bind-api\2.3.3\jakarta.xml.bind-api-2.3.3.jar;C:\Users\Nafal Adi SL\.m2\repository\com\sun\activation\jakarta.activation\1.2.2\jakarta.activation-1.2.2.jar;C:\Users\Nafal Adi SL\.m2\repository\javax\activation\activation\1.1.1\activation-1.1.1.jar;C:\Users\Nafal Adi SL\.m2\repository\net\serenity-bdd\serenity-cucumber\3.5.1\serenity-cucumber-3.5.1.jar;C:\Users\Nafal Adi SL\.m2\repository\io\cucumber\cucumber-core\7.8.1\cucumber-core-7.8.1.jar;C:\Users\Nafal Adi SL\.m2\repository\io\cucumber\cucumber-gherkin\7.8.1\cucumber-gherkin-7.8.1.jar;C:\Users\Nafal Adi SL\.m2\repository\io\cucumber\cucumber-gherkin-messages\7.8.1\cucumber-gherkin-messages-7.8.1.jar;C:\Users\Nafal Adi SL\.m2\repository\io\cucumber\gherkin\24.0.0\gherkin-24.0.0.jar;C:\Users\Nafal Adi SL\.m2\repository\io\cucumber\messages\19.1.4\messages-19.1.4.jar;C:\Users\Nafal Adi SL\.m2\repository\io\cucumber\tag-expressions\4.1.0\tag-expressions-4.1.0.jar;C:\Users\Nafal Adi SL\.m2\repository\io\cucumber\cucumber-expressions\16.0.0\cucumber-expressions-16.0.0.jar;C:\Users\Nafal Adi SL\.m2\repository\io\cucumber\datatable\7.8.1\datatable-7.8.1.jar;C:\Users\Nafal Adi SL\.m2\repository\io\cucumber\cucumber-plugin\7.8.1\cucumber-plugin-7.8.1.jar;C:\Users\Nafal Adi SL\.m2\repository\io\cucumber\docstring\7.8.1\docstring-7.8.1.jar;C:\Users\Nafal Adi SL\.m2\repository\io\cucumber\html-formatter\20.1.0\html-formatter-20.1.0.jar;C:\Users\Nafal Adi SL\.m2\repository\io\cucumber\ci-environment\9.1.0\ci-environment-9.1.0.jar;C:\Users\Nafal Adi SL\.m2\repository\io\cucumber\cucumber-java\7.8.1\cucumber-java-7.8.1.jar;C:\Users\Nafal Adi SL\.m2\repository\io\cucumber\cucumber-junit\7.8.1\cucumber-junit-7.8.1.jar;C:\Users\Nafal Adi SL\.m2\repository\org\apache\commons\commons-csv\1.5\commons-csv-1.5.jar;C:\Users\Nafal Adi SL\.m2\repository\net\serenity-bdd\serenity-screenplay\3.5.1\serenity-screenplay-3.5.1.jar;C:\Users\Nafal Adi SL\.m2\repository\net\serenity-bdd\serenity-screenplay-webdriver\3.5.1\serenity-screenplay-webdriver-3.5.1.jar;C:\Users\Nafal Adi SL\.m2\repository\net\serenity-bdd\serenity-ensure\3.5.1\serenity-ensure-3.5.1.jar;C:\Users\Nafal Adi SL\.m2\repository\net\serenity-bdd\serenity-junit\3.5.1\serenity-junit-3.5.1.jar;C:\Users\Nafal Adi SL\.m2\repository\org\jetbrains\kotlin\kotlin-stdlib\1.7.21\kotlin-stdlib-1.7.21.jar;C:\Users\Nafal Adi SL\.m2\repository\org\jetbrains\kotlin\kotlin-stdlib-common\1.7.21\kotlin-stdlib-common-1.7.21.jar;C:\Users\Nafal Adi SL\.m2\repository\org\jetbrains\annotations\13.0\annotations-13.0.jar;C:\Users\Nafal Adi SL\.m2\repository\org\junit\platform\junit-platform-launcher\1.8.2\junit-platform-launcher-1.8.2.jar;C:\Users\Nafal Adi SL\.m2\repository\org\junit\platform\junit-platform-engine\1.8.2\junit-platform-engine-1.8.2.jar;C:\Users\Nafal Adi SL\.m2\repository\org\junit\platform\junit-platform-commons\1.8.2\junit-platform-commons-1.8.2.jar;C:\Users\Nafal Adi SL\.m2\repository\org\apiguardian\apiguardian-api\1.1.2\apiguardian-api-1.1.2.jar;C:\Users\Nafal Adi SL\.m2\repository\org\junit\jupiter\junit-jupiter-engine\5.8.2\junit-jupiter-engine-5.8.2.jar;C:\Users\Nafal Adi SL\.m2\repository\org\junit\jupiter\junit-jupiter-api\5.8.2\junit-jupiter-api-5.8.2.jar;C:\Users\Nafal Adi SL\.m2\repository\org\junit\vintage\junit-vintage-engine\5.8.2\junit-vintage-engine-5.8.2.jar;C:\Users\Nafal Adi SL\.m2\repository\junit\junit\4.13.2\junit-4.13.2.jar;C:\Users\Nafal Adi SL\.m2\repository\org\hamcrest\hamcrest-core\1.3\hamcrest-core-1.3.jar;C:\Users\Nafal Adi SL\.m2\repository\ch\qos\logback\logback-classic\1.2.10\logback-classic-1.2.10.jar;C:\Users\Nafal Adi SL\.m2\repository\ch\qos\logback\logback-core\1.2.10\logback-core-1.2.10.jar;C:\Users\Nafal Adi SL\.m2\repository\org\slf4j\slf4j-api\1.7.32\slf4j-api-1.7.32.jar;C:\Users\Nafal Adi SL\.m2\repository\org\assertj\assertj-core\3.23.1\assertj-core-3.23.1.jar;C:\Users\Nafal Adi SL\.m2\repository\net\bytebuddy\byte-buddy\1.12.10\byte-buddy-1.12.10.jar;C:\Users\Nafal Adi SL\.m2\repository\com\googlecode\json-simple\json-simple\1.1.1\json-simple-1.1.1.jar;C:\Users\Nafal Adi SL\.m2\repository\com\github\javafaker\javafaker\1.0.2\javafaker-1.0.2.jar;C:\Users\Nafal Adi SL\.m2\repository\org\yaml\snakeyaml\1.23\snakeyaml-1.23-android.jar;C:\Users\Nafal Adi SL\.m2\repository\com\github\mifmif\generex\1.0.2\generex-1.0.2.jar;C:\Users\Nafal Adi SL\.m2\repository\dk\brics\automaton\automaton\1.11-8\automaton-1.11-8.jar;"/>
    <property name="java.vm.vendor" value="JetBrains s.r.o"/>
    <property name="sun.arch.data.model" value="64"/>
    <property name="user.variant" value=""/>
    <property name="java.vendor.url" value="https://openjdk.java.net/"/>
    <property name="user.timezone" value="Asia/Bangkok"/>
    <property name="java.vm.specification.version" value="11"/>
    <property name="os.name" value="Windows 10"/>
    <property name="sun.java.launcher" value="SUN_STANDARD"/>
    <property name="user.country" value="ID"/>
    <property name="sun.boot.library.path" value="C:\Program Files\Android\Android Studio\jre\bin"/>
    <property name="sun.java.command" value="C:\Users\Nafal Adi SL\AppData\Local\Temp\surefire11812421547340082791\surefirebooter-20230623083743607_3.jar C:\Users\Nafal Adi SL\AppData\Local\Temp\surefire11812421547340082791 2023-06-23T08-37-43_327-jvmRun1 surefire-20230623083743607_1tmp surefire_0-20230623083743607_2tmp"/>
    <property name="jdk.debug" value="release"/>
    <property name="surefire.test.class.path" value="C:\Users\Nafal Adi SL\Documents\GitHub\Capstone-QE\test-automation-API\target\test-classes;C:\Users\Nafal Adi SL\Documents\GitHub\Capstone-QE\test-automation-API\target\REST-1.0-SNAPSHOT.jar;C:\Users\Nafal Adi SL\.m2\repository\net\serenity-bdd\serenity-rest-assured\3.5.1\serenity-rest-assured-3.5.1.jar;C:\Users\Nafal Adi SL\.m2\repository\org\apache\httpcomponents\httpclient\4.5.13\httpclient-4.5.13.jar;C:\Users\Nafal Adi SL\.m2\repository\org\apache\httpcomponents\httpcore\4.4.13\httpcore-4.4.13.jar;C:\Users\Nafal Adi SL\.m2\repository\commons-logging\commons-logging\1.2\commons-logging-1.2.jar;C:\Users\Nafal Adi SL\.m2\repository\io\rest-assured\rest-assured\5.2.0\rest-assured-5.2.0.jar;C:\Users\Nafal Adi SL\.m2\repository\org\apache\httpcomponents\httpmime\4.5.13\httpmime-4.5.13.jar;C:\Users\Nafal Adi SL\.m2\repository\org\ccil\cowan\tagsoup\tagsoup\1.2.1\tagsoup-1.2.1.jar;C:\Users\Nafal Adi SL\.m2\repository\io\rest-assured\json-path\5.2.0\json-path-5.2.0.jar;C:\Users\Nafal Adi SL\.m2\repository\io\rest-assured\rest-assured-common\5.2.0\rest-assured-common-5.2.0.jar;C:\Users\Nafal Adi SL\.m2\repository\io\rest-assured\xml-path\5.2.0\xml-path-5.2.0.jar;C:\Users\Nafal Adi SL\.m2\repository\org\apache\groovy\groovy-json\4.0.6\groovy-json-4.0.6.jar;C:\Users\Nafal Adi SL\.m2\repository\org\apache\groovy\groovy-xml\4.0.6\groovy-xml-4.0.6.jar;C:\Users\Nafal Adi SL\.m2\repository\org\apache\groovy\groovy\4.0.6\groovy-4.0.6.jar;C:\Users\Nafal Adi SL\.m2\repository\org\opentest4j\opentest4j\1.2.0\opentest4j-1.2.0.jar;C:\Users\Nafal Adi SL\.m2\repository\net\serenity-bdd\serenity-core\3.5.1\serenity-core-3.5.1.jar;C:\Users\Nafal Adi SL\.m2\repository\net\serenity-bdd\serenity-model\3.5.1\serenity-model-3.5.1.jar;C:\Users\Nafal Adi SL\.m2\repository\org\apache\commons\commons-text\1.10.0\commons-text-1.10.0.jar;C:\Users\Nafal Adi SL\.m2\repository\commons-net\commons-net\3.8.0\commons-net-3.8.0.jar;C:\Users\Nafal Adi SL\.m2\repository\com\google\guava\guava\31.1-jre\guava-31.1-jre.jar;C:\Users\Nafal Adi SL\.m2\repository\com\google\guava\failureaccess\1.0.1\failureaccess-1.0.1.jar;C:\Users\Nafal Adi SL\.m2\repository\com\google\guava\listenablefuture\9999.0-empty-to-avoid-conflict-with-guava\listenablefuture-9999.0-empty-to-avoid-conflict-with-guava.jar;C:\Users\Nafal Adi SL\.m2\repository\com\google\code\findbugs\jsr305\3.0.2\jsr305-3.0.2.jar;C:\Users\Nafal Adi SL\.m2\repository\org\checkerframework\checker-qual\3.12.0\checker-qual-3.12.0.jar;C:\Users\Nafal Adi SL\.m2\repository\com\google\errorprone\error_prone_annotations\2.11.0\error_prone_annotations-2.11.0.jar;C:\Users\Nafal Adi SL\.m2\repository\com\google\j2objc\j2objc-annotations\1.3\j2objc-annotations-1.3.jar;C:\Users\Nafal Adi SL\.m2\repository\com\google\inject\guice\5.1.0\guice-5.1.0.jar;C:\Users\Nafal Adi SL\.m2\repository\javax\inject\javax.inject\1\javax.inject-1.jar;C:\Users\Nafal Adi SL\.m2\repository\aopalliance\aopalliance\1.0\aopalliance-1.0.jar;C:\Users\Nafal Adi SL\.m2\repository\org\jsoup\jsoup\1.14.3\jsoup-1.14.3.jar;C:\Users\Nafal Adi SL\.m2\repository\com\thoughtworks\xstream\xstream\1.4.19\xstream-1.4.19.jar;C:\Users\Nafal Adi SL\.m2\repository\io\github\x-stream\mxparser\1.2.2\mxparser-1.2.2.jar;C:\Users\Nafal Adi SL\.m2\repository\xmlpull\xmlpull\1.1.3.1\xmlpull-1.1.3.1.jar;C:\Users\Nafal Adi SL\.m2\repository\com\typesafe\config\1.4.2\config-1.4.2.jar;C:\Users\Nafal Adi SL\.m2\repository\org\imgscalr\imgscalr-lib\4.2\imgscalr-lib-4.2.jar;C:\Users\Nafal Adi SL\.m2\repository\org\awaitility\awaitility\4.2.0\awaitility-4.2.0.jar;C:\Users\Nafal Adi SL\.m2\repository\org\freemarker\freemarker\2.3.31\freemarker-2.3.31.jar;C:\Users\Nafal Adi SL\.m2\repository\io\github\classgraph\classgraph\4.8.138\classgraph-4.8.138.jar;C:\Users\Nafal Adi SL\.m2\repository\net\sourceforge\jexcelapi\jxl\2.6.12\jxl-2.6.12.jar;C:\Users\Nafal Adi SL\.m2\repository\net\bytebuddy\byte-buddy-agent\1.12.18\byte-buddy-agent-1.12.18.jar;C:\Users\Nafal Adi SL\.m2\repository\org\objenesis\objenesis\3.1\objenesis-3.1.jar;C:\Users\Nafal Adi SL\.m2\repository\net\serenity-bdd\serenity-reports\3.5.1\serenity-reports-3.5.1.jar;C:\Users\Nafal Adi SL\.m2\repository\net\serenity-bdd\serenity-stats\3.5.1\serenity-stats-3.5.1.jar;C:\Users\Nafal Adi SL\.m2\repository\net\serenity-bdd\serenity-reports-configuration\3.5.1\serenity-reports-configuration-3.5.1.jar;C:\Users\Nafal Adi SL\.m2\repository\com\vladsch\flexmark\flexmark-all\0.34.30\flexmark-all-0.34.30.jar;C:\Users\Nafal Adi SL\.m2\repository\com\vladsch\flexmark\flexmark\0.34.30\flexmark-0.34.30.jar;C:\Users\Nafal Adi SL\.m2\repository\com\vladsch\flexmark\flexmark-ext-abbreviation\0.34.30\flexmark-ext-abbreviation-0.34.30.jar;C:\Users\Nafal Adi SL\.m2\repository\com\vladsch\flexmark\flexmark-ext-admonition\0.34.30\flexmark-ext-admonition-0.34.30.jar;C:\Users\Nafal Adi SL\.m2\repository\com\vladsch\flexmark\flexmark-ext-anchorlink\0.34.30\flexmark-ext-anchorlink-0.34.30.jar;C:\Users\Nafal Adi SL\.m2\repository\com\vladsch\flexmark\flexmark-ext-aside\0.34.30\flexmark-ext-aside-0.34.30.jar;C:\Users\Nafal Adi SL\.m2\repository\com\vladsch\flexmark\flexmark-ext-attributes\0.34.30\flexmark-ext-attributes-0.34.30.jar;C:\Users\Nafal Adi SL\.m2\repository\com\vladsch\flexmark\flexmark-ext-autolink\0.34.30\flexmark-ext-autolink-0.34.30.jar;C:\Users\Nafal Adi SL\.m2\repository\org\nibor\autolink\autolink\0.6.0\autolink-0.6.0.jar;C:\Users\Nafal Adi SL\.m2\repository\com\vladsch\flexmark\flexmark-ext-definition\0.34.30\flexmark-ext-definition-0.34.30.jar;C:\Users\Nafal Adi SL\.m2\repository\com\vladsch\flexmark\flexmark-ext-emoji\0.34.30\flexmark-ext-emoji-0.34.30.jar;C:\Users\Nafal Adi SL\.m2\repository\com\vladsch\flexmark\flexmark-ext-enumerated-reference\0.34.30\flexmark-ext-enumerated-reference-0.34.30.jar;C:\Users\Nafal Adi SL\.m2\repository\com\vladsch\flexmark\flexmark-ext-escaped-character\0.34.30\flexmark-ext-escaped-character-0.34.30.jar;C:\Users\Nafal Adi SL\.m2\repository\com\vladsch\flexmark\flexmark-ext-footnotes\0.34.30\flexmark-ext-footnotes-0.34.30.jar;C:\Users\Nafal Adi SL\.m2\repository\com\vladsch\flexmark\flexmark-ext-gfm-issues\0.34.30\flexmark-ext-gfm-issues-0.34.30.jar;C:\Users\Nafal Adi SL\.m2\repository\com\vladsch\flexmark\flexmark-ext-gfm-strikethrough\0.34.30\flexmark-ext-gfm-strikethrough-0.34.30.jar;C:\Users\Nafal Adi SL\.m2\repository\com\vladsch\flexmark\flexmark-ext-gfm-tables\0.34.30\flexmark-ext-gfm-tables-0.34.30.jar;C:\Users\Nafal Adi SL\.m2\repository\com\vladsch\flexmark\flexmark-ext-gfm-tasklist\0.34.30\flexmark-ext-gfm-tasklist-0.34.30.jar;C:\Users\Nafal Adi SL\.m2\repository\com\vladsch\flexmark\flexmark-ext-gfm-users\0.34.30\flexmark-ext-gfm-users-0.34.30.jar;C:\Users\Nafal Adi SL\.m2\repository\com\vladsch\flexmark\flexmark-ext-gitlab\0.34.30\flexmark-ext-gitlab-0.34.30.jar;C:\Users\Nafal Adi SL\.m2\repository\com\vladsch\flexmark\flexmark-ext-jekyll-front-matter\0.34.30\flexmark-ext-jekyll-front-matter-0.34.30.jar;C:\Users\Nafal Adi SL\.m2\repository\com\vladsch\flexmark\flexmark-ext-jekyll-tag\0.34.30\flexmark-ext-jekyll-tag-0.34.30.jar;C:\Users\Nafal Adi SL\.m2\repository\com\vladsch\flexmark\flexmark-ext-media-tags\0.34.30\flexmark-ext-media-tags-0.34.30.jar;C:\Users\Nafal Adi SL\.m2\repository\com\vladsch\flexmark\flexmark-test-util\0.34.30\flexmark-test-util-0.34.30.jar;C:\Users\Nafal Adi SL\.m2\repository\com\vladsch\flexmark\flexmark-ext-ins\0.34.30\flexmark-ext-ins-0.34.30.jar;C:\Users\Nafal Adi SL\.m2\repository\com\vladsch\flexmark\flexmark-ext-xwiki-macros\0.34.30\flexmark-ext-xwiki-macros-0.34.30.jar;C:\Users\Nafal Adi SL\.m2\repository\com\vladsch\flexmark\flexmark-ext-superscript\0.34.30\flexmark-ext-superscript-0.34.30.jar;C:\Users\Nafal Adi SL\.m2\repository\com\vladsch\flexmark\flexmark-ext-tables\0.34.30\flexmark-ext-tables-0.34.30.jar;C:\Users\Nafal Adi SL\.m2\repository\com\vladsch\flexmark\flexmark-ext-toc\0.34.30\flexmark-ext-toc-0.34.30.jar;C:\Users\Nafal Adi SL\.m2\repository\com\vladsch\flexmark\flexmark-ext-typographic\0.34.30\flexmark-ext-typographic-0.34.30.jar;C:\Users\Nafal Adi SL\.m2\repository\com\vladsch\flexmark\flexmark-ext-wikilink\0.34.30\flexmark-ext-wikilink-0.34.30.jar;C:\Users\Nafal Adi SL\.m2\repository\com\vladsch\flexmark\flexmark-ext-yaml-front-matter\0.34.30\flexmark-ext-yaml-front-matter-0.34.30.jar;C:\Users\Nafal Adi SL\.m2\repository\com\vladsch\flexmark\flexmark-ext-youtube-embedded\0.34.30\flexmark-ext-youtube-embedded-0.34.30.jar;C:\Users\Nafal Adi SL\.m2\repository\com\vladsch\flexmark\flexmark-formatter\0.34.30\flexmark-formatter-0.34.30.jar;C:\Users\Nafal Adi SL\.m2\repository\com\vladsch\flexmark\flexmark-html-parser\0.34.30\flexmark-html-parser-0.34.30.jar;C:\Users\Nafal Adi SL\.m2\repository\com\vladsch\flexmark\flexmark-jira-converter\0.34.30\flexmark-jira-converter-0.34.30.jar;C:\Users\Nafal Adi SL\.m2\repository\com\vladsch\flexmark\flexmark-pdf-converter\0.34.30\flexmark-pdf-converter-0.34.30.jar;C:\Users\Nafal Adi SL\.m2\repository\com\openhtmltopdf\openhtmltopdf-core\0.0.1-RC13\openhtmltopdf-core-0.0.1-RC13.jar;C:\Users\Nafal Adi SL\.m2\repository\com\openhtmltopdf\openhtmltopdf-pdfbox\0.0.1-RC13\openhtmltopdf-pdfbox-0.0.1-RC13.jar;C:\Users\Nafal Adi SL\.m2\repository\org\apache\pdfbox\pdfbox\2.0.8\pdfbox-2.0.8.jar;C:\Users\Nafal Adi SL\.m2\repository\org\apache\pdfbox\fontbox\2.0.8\fontbox-2.0.8.jar;C:\Users\Nafal Adi SL\.m2\repository\org\apache\pdfbox\xmpbox\2.0.8\xmpbox-2.0.8.jar;C:\Users\Nafal Adi SL\.m2\repository\de\rototor\pdfbox\graphics2d\0.12\graphics2d-0.12.jar;C:\Users\Nafal Adi SL\.m2\repository\com\openhtmltopdf\openhtmltopdf-rtl-support\0.0.1-RC13\openhtmltopdf-rtl-support-0.0.1-RC13.jar;C:\Users\Nafal Adi SL\.m2\repository\com\ibm\icu\icu4j\59.1\icu4j-59.1.jar;C:\Users\Nafal Adi SL\.m2\repository\com\openhtmltopdf\openhtmltopdf-jsoup-dom-converter\0.0.1-RC13\openhtmltopdf-jsoup-dom-converter-0.0.1-RC13.jar;C:\Users\Nafal Adi SL\.m2\repository\com\vladsch\flexmark\flexmark-profile-pegdown\0.34.30\flexmark-profile-pegdown-0.34.30.jar;C:\Users\Nafal Adi SL\.m2\repository\com\vladsch\flexmark\flexmark-util\0.34.30\flexmark-util-0.34.30.jar;C:\Users\Nafal Adi SL\.m2\repository\com\vladsch\flexmark\flexmark-youtrack-converter\0.34.30\flexmark-youtrack-converter-0.34.30.jar;C:\Users\Nafal Adi SL\.m2\repository\es\nitaur\markdown\txtmark\0.16\txtmark-0.16.jar;C:\Users\Nafal Adi SL\.m2\repository\net\serenity-bdd\serenity-report-resources\3.5.1\serenity-report-resources-3.5.1.jar;C:\Users\Nafal Adi SL\.m2\repository\com\google\code\gson\gson\2.9.0\gson-2.9.0.jar;C:\Users\Nafal Adi SL\.m2\repository\com\fasterxml\jackson\core\jackson-core\2.13.4\jackson-core-2.13.4.jar;C:\Users\Nafal Adi SL\.m2\repository\com\fasterxml\jackson\core\jackson-databind\2.13.4\jackson-databind-2.13.4.jar;C:\Users\Nafal Adi SL\.m2\repository\com\fasterxml\jackson\core\jackson-annotations\2.13.4\jackson-annotations-2.13.4.jar;C:\Users\Nafal Adi SL\.m2\repository\commons-codec\commons-codec\1.15\commons-codec-1.15.jar;C:\Users\Nafal Adi SL\.m2\repository\commons-io\commons-io\2.11.0\commons-io-2.11.0.jar;C:\Users\Nafal Adi SL\.m2\repository\org\seleniumhq\selenium\selenium-java\4.7.1\selenium-java-4.7.1.jar;C:\Users\Nafal Adi SL\.m2\repository\org\seleniumhq\selenium\selenium-devtools-v106\4.7.1\selenium-devtools-v106-4.7.1.jar;C:\Users\Nafal Adi SL\.m2\repository\org\seleniumhq\selenium\selenium-devtools-v107\4.7.1\selenium-devtools-v107-4.7.1.jar;C:\Users\Nafal Adi SL\.m2\repository\org\seleniumhq\selenium\selenium-devtools-v108\4.7.1\selenium-devtools-v108-4.7.1.jar;C:\Users\Nafal Adi SL\.m2\repository\org\seleniumhq\selenium\selenium-devtools-v85\4.7.1\selenium-devtools-v85-4.7.1.jar;C:\Users\Nafal Adi SL\.m2\repository\org\seleniumhq\selenium\selenium-remote-driver\4.7.1\selenium-remote-driver-4.7.1.jar;C:\Users\Nafal Adi SL\.m2\repository\com\beust\jcommander\1.82\jcommander-1.82.jar;C:\Users\Nafal Adi SL\.m2\repository\io\netty\netty-buffer\4.1.84.Final\netty-buffer-4.1.84.Final.jar;C:\Users\Nafal Adi SL\.m2\repository\io\netty\netty-codec-http\4.1.84.Final\netty-codec-http-4.1.84.Final.jar;C:\Users\Nafal Adi SL\.m2\repository\io\netty\netty-codec\4.1.84.Final\netty-codec-4.1.84.Final.jar;C:\Users\Nafal Adi SL\.m2\repository\io\netty\netty-handler\4.1.84.Final\netty-handler-4.1.84.Final.jar;C:\Users\Nafal Adi SL\.m2\repository\io\netty\netty-common\4.1.84.Final\netty-common-4.1.84.Final.jar;C:\Users\Nafal Adi SL\.m2\repository\io\netty\netty-transport-classes-epoll\4.1.84.Final\netty-transport-classes-epoll-4.1.84.Final.jar;C:\Users\Nafal Adi SL\.m2\repository\io\netty\netty-transport-classes-kqueue\4.1.84.Final\netty-transport-classes-kqueue-4.1.84.Final.jar;C:\Users\Nafal Adi SL\.m2\repository\io\netty\netty-transport-native-epoll\4.1.84.Final\netty-transport-native-epoll-4.1.84.Final.jar;C:\Users\Nafal Adi SL\.m2\repository\io\netty\netty-transport-native-kqueue\4.1.84.Final\netty-transport-native-kqueue-4.1.84.Final.jar;C:\Users\Nafal Adi SL\.m2\repository\io\netty\netty-transport-native-unix-common\4.1.84.Final\netty-transport-native-unix-common-4.1.84.Final.jar;C:\Users\Nafal Adi SL\.m2\repository\io\netty\netty-transport\4.1.84.Final\netty-transport-4.1.84.Final.jar;C:\Users\Nafal Adi SL\.m2\repository\io\netty\netty-resolver\4.1.84.Final\netty-resolver-4.1.84.Final.jar;C:\Users\Nafal Adi SL\.m2\repository\io\opentelemetry\opentelemetry-api\1.19.0\opentelemetry-api-1.19.0.jar;C:\Users\Nafal Adi SL\.m2\repository\io\opentelemetry\opentelemetry-context\1.19.0\opentelemetry-context-1.19.0.jar;C:\Users\Nafal Adi SL\.m2\repository\io\opentelemetry\opentelemetry-exporter-logging\1.19.0\opentelemetry-exporter-logging-1.19.0.jar;C:\Users\Nafal Adi SL\.m2\repository\io\opentelemetry\opentelemetry-sdk-metrics\1.19.0\opentelemetry-sdk-metrics-1.19.0.jar;C:\Users\Nafal Adi SL\.m2\repository\io\opentelemetry\opentelemetry-sdk-logs\1.19.0-alpha\opentelemetry-sdk-logs-1.19.0-alpha.jar;C:\Users\Nafal Adi SL\.m2\repository\io\opentelemetry\opentelemetry-api-logs\1.19.0-alpha\opentelemetry-api-logs-1.19.0-alpha.jar;C:\Users\Nafal Adi SL\.m2\repository\io\opentelemetry\opentelemetry-sdk-common\1.19.0\opentelemetry-sdk-common-1.19.0.jar;C:\Users\Nafal Adi SL\.m2\repository\io\opentelemetry\opentelemetry-sdk-extension-autoconfigure-spi\1.19.0\opentelemetry-sdk-extension-autoconfigure-spi-1.19.0.jar;C:\Users\Nafal Adi SL\.m2\repository\io\opentelemetry\opentelemetry-sdk-extension-autoconfigure\1.19.0-alpha\opentelemetry-sdk-extension-autoconfigure-1.19.0-alpha.jar;C:\Users\Nafal Adi SL\.m2\repository\io\opentelemetry\opentelemetry-exporter-common\1.19.0\opentelemetry-exporter-common-1.19.0.jar;C:\Users\Nafal Adi SL\.m2\repository\io\opentelemetry\opentelemetry-sdk-trace\1.19.0\opentelemetry-sdk-trace-1.19.0.jar;C:\Users\Nafal Adi SL\.m2\repository\io\opentelemetry\opentelemetry-sdk\1.19.0\opentelemetry-sdk-1.19.0.jar;C:\Users\Nafal Adi SL\.m2\repository\io\opentelemetry\opentelemetry-semconv\1.19.0-alpha\opentelemetry-semconv-1.19.0-alpha.jar;C:\Users\Nafal Adi SL\.m2\repository\io\ous\jtoml\2.0.0\jtoml-2.0.0.jar;C:\Users\Nafal Adi SL\.m2\repository\org\apache\commons\commons-exec\1.3\commons-exec-1.3.jar;C:\Users\Nafal Adi SL\.m2\repository\org\asynchttpclient\async-http-client\2.12.3\async-http-client-2.12.3.jar;C:\Users\Nafal Adi SL\.m2\repository\org\asynchttpclient\async-http-client-netty-utils\2.12.3\async-http-client-netty-utils-2.12.3.jar;C:\Users\Nafal Adi SL\.m2\repository\io\netty\netty-codec-socks\4.1.60.Final\netty-codec-socks-4.1.60.Final.jar;C:\Users\Nafal Adi SL\.m2\repository\io\netty\netty-handler-proxy\4.1.60.Final\netty-handler-proxy-4.1.60.Final.jar;C:\Users\Nafal Adi SL\.m2\repository\io\netty\netty-transport-native-epoll\4.1.60.Final\netty-transport-native-epoll-4.1.60.Final-linux-x86_64.jar;C:\Users\Nafal Adi SL\.m2\repository\io\netty\netty-transport-native-kqueue\4.1.60.Final\netty-transport-native-kqueue-4.1.60.Final-osx-x86_64.jar;C:\Users\Nafal Adi SL\.m2\repository\org\reactivestreams\reactive-streams\1.0.3\reactive-streams-1.0.3.jar;C:\Users\Nafal Adi SL\.m2\repository\com\typesafe\netty\netty-reactive-streams\2.0.4\netty-reactive-streams-2.0.4.jar;C:\Users\Nafal Adi SL\.m2\repository\org\seleniumhq\selenium\selenium-manager\4.7.1\selenium-manager-4.7.1.jar;C:\Users\Nafal Adi SL\.m2\repository\org\seleniumhq\selenium\selenium-safari-driver\4.7.1\selenium-safari-driver-4.7.1.jar;C:\Users\Nafal Adi SL\.m2\repository\org\seleniumhq\selenium\selenium-api\4.7.1\selenium-api-4.7.1.jar;C:\Users\Nafal Adi SL\.m2\repository\org\seleniumhq\selenium\selenium-support\4.7.1\selenium-support-4.7.1.jar;C:\Users\Nafal Adi SL\.m2\repository\com\google\auto\service\auto-service-annotations\1.0.1\auto-service-annotations-1.0.1.jar;C:\Users\Nafal Adi SL\.m2\repository\com\google\auto\service\auto-service\1.0.1\auto-service-1.0.1.jar;C:\Users\Nafal Adi SL\.m2\repository\com\google\auto\auto-common\1.2\auto-common-1.2.jar;C:\Users\Nafal Adi SL\.m2\repository\org\seleniumhq\selenium\selenium-json\4.7.1\selenium-json-4.7.1.jar;C:\Users\Nafal Adi SL\.m2\repository\org\seleniumhq\selenium\selenium-chrome-driver\4.7.1\selenium-chrome-driver-4.7.1.jar;C:\Users\Nafal Adi SL\.m2\repository\org\seleniumhq\selenium\selenium-chromium-driver\4.7.1\selenium-chromium-driver-4.7.1.jar;C:\Users\Nafal Adi SL\.m2\repository\org\seleniumhq\selenium\selenium-firefox-driver\4.7.1\selenium-firefox-driver-4.7.1.jar;C:\Users\Nafal Adi SL\.m2\repository\org\seleniumhq\selenium\selenium-http\4.7.1\selenium-http-4.7.1.jar;C:\Users\Nafal Adi SL\.m2\repository\dev\failsafe\failsafe\3.3.0\failsafe-3.3.0.jar;C:\Users\Nafal Adi SL\.m2\repository\org\seleniumhq\selenium\selenium-edge-driver\4.7.1\selenium-edge-driver-4.7.1.jar;C:\Users\Nafal Adi SL\.m2\repository\org\seleniumhq\selenium\selenium-ie-driver\4.7.1\selenium-ie-driver-4.7.1.jar;C:\Users\Nafal Adi SL\.m2\repository\org\projectlombok\lombok\1.18.20\lombok-1.18.20.jar;C:\Users\Nafal Adi SL\.m2\repository\io\appium\java-client\8.3.0\java-client-8.3.0.jar;C:\Users\Nafal Adi SL\.m2\repository\commons-validator\commons-validator\1.7\commons-validator-1.7.jar;C:\Users\Nafal Adi SL\.m2\repository\commons-digester\commons-digester\2.1\commons-digester-2.1.jar;C:\Users\Nafal Adi SL\.m2\repository\net\sf\opencsv\opencsv\2.0\opencsv-2.0.jar;C:\Users\Nafal Adi SL\.m2\repository\commons-beanutils\commons-beanutils\1.9.4\commons-beanutils-1.9.4.jar;C:\Users\Nafal Adi SL\.m2\repository\org\apache\commons\commons-lang3\3.12.0\commons-lang3-3.12.0.jar;C:\Users\Nafal Adi SL\.m2\repository\commons-collections\commons-collections\3.2.2\commons-collections-3.2.2.jar;C:\Users\Nafal Adi SL\.m2\repository\org\fluentlenium\fluentlenium-core\0.10.2\fluentlenium-core-0.10.2.jar;C:\Users\Nafal Adi SL\.m2\repository\io\github\bonigarcia\webdrivermanager\5.3.0\webdrivermanager-5.3.0.jar;C:\Users\Nafal Adi SL\.m2\repository\com\github\docker-java\docker-java\3.2.13\docker-java-3.2.13.jar;C:\Users\Nafal Adi SL\.m2\repository\com\github\docker-java\docker-java-core\3.2.13\docker-java-core-3.2.13.jar;C:\Users\Nafal Adi SL\.m2\repository\com\github\docker-java\docker-java-api\3.2.13\docker-java-api-3.2.13.jar;C:\Users\Nafal Adi SL\.m2\repository\org\apache\commons\commons-compress\1.21\commons-compress-1.21.jar;C:\Users\Nafal Adi SL\.m2\repository\org\bouncycastle\bcpkix-jdk15on\1.64\bcpkix-jdk15on-1.64.jar;C:\Users\Nafal Adi SL\.m2\repository\org\bouncycastle\bcprov-jdk15on\1.64\bcprov-jdk15on-1.64.jar;C:\Users\Nafal Adi SL\.m2\repository\org\slf4j\jcl-over-slf4j\1.7.30\jcl-over-slf4j-1.7.30.jar;C:\Users\Nafal Adi SL\.m2\repository\com\github\docker-java\docker-java-transport-httpclient5\3.2.13\docker-java-transport-httpclient5-3.2.13.jar;C:\Users\Nafal Adi SL\.m2\repository\com\github\docker-java\docker-java-transport\3.2.13\docker-java-transport-3.2.13.jar;C:\Users\Nafal Adi SL\.m2\repository\net\java\dev\jna\jna\5.8.0\jna-5.8.0.jar;C:\Users\Nafal Adi SL\.m2\repository\org\brotli\dec\0.1.2\dec-0.1.2.jar;C:\Users\Nafal Adi SL\.m2\repository\org\apache\httpcomponents\client5\httpclient5\5.1.3\httpclient5-5.1.3.jar;C:\Users\Nafal Adi SL\.m2\repository\org\apache\httpcomponents\core5\httpcore5\5.1.3\httpcore5-5.1.3.jar;C:\Users\Nafal Adi SL\.m2\repository\org\apache\httpcomponents\core5\httpcore5-h2\5.1.3\httpcore5-h2-5.1.3.jar;C:\Users\Nafal Adi SL\.m2\repository\com\jhlabs\filters\2.0.235\filters-2.0.235.jar;C:\Users\Nafal Adi SL\.m2\repository\com\paulhammant\ngwebdriver\1.1.6\ngwebdriver-1.1.6.jar;C:\Users\Nafal Adi SL\.m2\repository\joda-time\joda-time\2.8.2\joda-time-2.8.2.jar;C:\Users\Nafal Adi SL\.m2\repository\org\hamcrest\hamcrest\2.2\hamcrest-2.2.jar;C:\Users\Nafal Adi SL\.m2\repository\com\google\jimfs\jimfs\1.2\jimfs-1.2.jar;C:\Users\Nafal Adi SL\.m2\repository\org\mockito\mockito-core\3.3.3\mockito-core-3.3.3.jar;C:\Users\Nafal Adi SL\.m2\repository\javax\xml\bind\jaxb-api\2.3.1\jaxb-api-2.3.1.jar;C:\Users\Nafal Adi SL\.m2\repository\javax\activation\javax.activation-api\1.2.0\javax.activation-api-1.2.0.jar;C:\Users\Nafal Adi SL\.m2\repository\com\sun\xml\bind\jaxb-core\2.3.0.1\jaxb-core-2.3.0.1.jar;C:\Users\Nafal Adi SL\.m2\repository\com\sun\xml\bind\jaxb-impl\2.3.3\jaxb-impl-2.3.3.jar;C:\Users\Nafal Adi SL\.m2\repository\jakarta\xml\bind\jakarta.xml.bind-api\2.3.3\jakarta.xml.bind-api-2.3.3.jar;C:\Users\Nafal Adi SL\.m2\repository\com\sun\activation\jakarta.activation\1.2.2\jakarta.activation-1.2.2.jar;C:\Users\Nafal Adi SL\.m2\repository\javax\activation\activation\1.1.1\activation-1.1.1.jar;C:\Users\Nafal Adi SL\.m2\repository\net\serenity-bdd\serenity-cucumber\3.5.1\serenity-cucumber-3.5.1.jar;C:\Users\Nafal Adi SL\.m2\repository\io\cucumber\cucumber-core\7.8.1\cucumber-core-7.8.1.jar;C:\Users\Nafal Adi SL\.m2\repository\io\cucumber\cucumber-gherkin\7.8.1\cucumber-gherkin-7.8.1.jar;C:\Users\Nafal Adi SL\.m2\repository\io\cucumber\cucumber-gherkin-messages\7.8.1\cucumber-gherkin-messages-7.8.1.jar;C:\Users\Nafal Adi SL\.m2\repository\io\cucumber\gherkin\24.0.0\gherkin-24.0.0.jar;C:\Users\Nafal Adi SL\.m2\repository\io\cucumber\messages\19.1.4\messages-19.1.4.jar;C:\Users\Nafal Adi SL\.m2\repository\io\cucumber\tag-expressions\4.1.0\tag-expressions-4.1.0.jar;C:\Users\Nafal Adi SL\.m2\repository\io\cucumber\cucumber-expressions\16.0.0\cucumber-expressions-16.0.0.jar;C:\Users\Nafal Adi SL\.m2\repository\io\cucumber\datatable\7.8.1\datatable-7.8.1.jar;C:\Users\Nafal Adi SL\.m2\repository\io\cucumber\cucumber-plugin\7.8.1\cucumber-plugin-7.8.1.jar;C:\Users\Nafal Adi SL\.m2\repository\io\cucumber\docstring\7.8.1\docstring-7.8.1.jar;C:\Users\Nafal Adi SL\.m2\repository\io\cucumber\html-formatter\20.1.0\html-formatter-20.1.0.jar;C:\Users\Nafal Adi SL\.m2\repository\io\cucumber\ci-environment\9.1.0\ci-environment-9.1.0.jar;C:\Users\Nafal Adi SL\.m2\repository\io\cucumber\cucumber-java\7.8.1\cucumber-java-7.8.1.jar;C:\Users\Nafal Adi SL\.m2\repository\io\cucumber\cucumber-junit\7.8.1\cucumber-junit-7.8.1.jar;C:\Users\Nafal Adi SL\.m2\repository\org\apache\commons\commons-csv\1.5\commons-csv-1.5.jar;C:\Users\Nafal Adi SL\.m2\repository\net\serenity-bdd\serenity-screenplay\3.5.1\serenity-screenplay-3.5.1.jar;C:\Users\Nafal Adi SL\.m2\repository\net\serenity-bdd\serenity-screenplay-webdriver\3.5.1\serenity-screenplay-webdriver-3.5.1.jar;C:\Users\Nafal Adi SL\.m2\repository\net\serenity-bdd\serenity-ensure\3.5.1\serenity-ensure-3.5.1.jar;C:\Users\Nafal Adi SL\.m2\repository\net\serenity-bdd\serenity-junit\3.5.1\serenity-junit-3.5.1.jar;C:\Users\Nafal Adi SL\.m2\repository\org\jetbrains\kotlin\kotlin-stdlib\1.7.21\kotlin-stdlib-1.7.21.jar;C:\Users\Nafal Adi SL\.m2\repository\org\jetbrains\kotlin\kotlin-stdlib-common\1.7.21\kotlin-stdlib-common-1.7.21.jar;C:\Users\Nafal Adi SL\.m2\repository\org\jetbrains\annotations\13.0\annotations-13.0.jar;C:\Users\Nafal Adi SL\.m2\repository\org\junit\platform\junit-platform-launcher\1.8.2\junit-platform-launcher-1.8.2.jar;C:\Users\Nafal Adi SL\.m2\repository\org\junit\platform\junit-platform-engine\1.8.2\junit-platform-engine-1.8.2.jar;C:\Users\Nafal Adi SL\.m2\repository\org\junit\platform\junit-platform-commons\1.8.2\junit-platform-commons-1.8.2.jar;C:\Users\Nafal Adi SL\.m2\repository\org\apiguardian\apiguardian-api\1.1.2\apiguardian-api-1.1.2.jar;C:\Users\Nafal Adi SL\.m2\repository\org\junit\jupiter\junit-jupiter-engine\5.8.2\junit-jupiter-engine-5.8.2.jar;C:\Users\Nafal Adi SL\.m2\repository\org\junit\jupiter\junit-jupiter-api\5.8.2\junit-jupiter-api-5.8.2.jar;C:\Users\Nafal Adi SL\.m2\repository\org\junit\vintage\junit-vintage-engine\5.8.2\junit-vintage-engine-5.8.2.jar;C:\Users\Nafal Adi SL\.m2\repository\junit\junit\4.13.2\junit-4.13.2.jar;C:\Users\Nafal Adi SL\.m2\repository\org\hamcrest\hamcrest-core\1.3\hamcrest-core-1.3.jar;C:\Users\Nafal Adi SL\.m2\repository\ch\qos\logback\logback-classic\1.2.10\logback-classic-1.2.10.jar;C:\Users\Nafal Adi SL\.m2\repository\ch\qos\logback\logback-core\1.2.10\logback-core-1.2.10.jar;C:\Users\Nafal Adi SL\.m2\repository\org\slf4j\slf4j-api\1.7.32\slf4j-api-1.7.32.jar;C:\Users\Nafal Adi SL\.m2\repository\org\assertj\assertj-core\3.23.1\assertj-core-3.23.1.jar;C:\Users\Nafal Adi SL\.m2\repository\net\bytebuddy\byte-buddy\1.12.10\byte-buddy-1.12.10.jar;C:\Users\Nafal Adi SL\.m2\repository\com\googlecode\json-simple\json-simple\1.1.1\json-simple-1.1.1.jar;C:\Users\Nafal Adi SL\.m2\repository\com\github\javafaker\javafaker\1.0.2\javafaker-1.0.2.jar;C:\Users\Nafal Adi SL\.m2\repository\org\yaml\snakeyaml\1.23\snakeyaml-1.23-android.jar;C:\Users\Nafal Adi SL\.m2\repository\com\github\mifmif\generex\1.0.2\generex-1.0.2.jar;C:\Users\Nafal Adi SL\.m2\repository\dk\brics\automaton\automaton\1.11-8\automaton-1.11-8.jar;"/>
    <property name="sun.cpu.endian" value="little"/>
    <property name="user.home" value="C:\Users\Nafal Adi SL"/>
    <property name="user.language" value="en"/>
    <property name="java.specification.vendor" value="Oracle Corporation"/>
    <property name="java.version.date" value="2021-07-20"/>
    <property name="java.home" value="C:\Program Files\Android\Android Studio\jre"/>
    <property name="tags" value="Thread"/>
    <property name="file.separator" value="\"/>
    <property name="basedir" value="C:\Users\Nafal Adi SL\Documents\GitHub\Capstone-QE\test-automation-API"/>
    <property name="java.vm.compressedOopsMode" value="Zero based"/>
    <property name="line.separator" value="&#10;"/>
    <property name="java.specification.name" value="Java Platform API Specification"/>
    <property name="java.vm.specification.vendor" value="Oracle Corporation"/>
    <property name="java.awt.graphicsenv" value="sun.awt.Win32GraphicsEnvironment"/>
    <property name="surefire.real.class.path" value="C:\Users\Nafal Adi SL\AppData\Local\Temp\surefire11812421547340082791\surefirebooter-20230623083743607_3.jar"/>
    <property name="user.script" value=""/>
    <property name="sun.management.compiler" value="HotSpot 64-Bit Tiered Compilers"/>
    <property name="java.runtime.version" value="11.0.12+7-b1504.28-7817840"/>
    <property name="user.name" value="Nafal Adi SL"/>
    <property name="path.separator" value=";"/>
    <property name="os.version" value="10.0"/>
    <property name="java.runtime.name" value="OpenJDK Runtime Environment"/>
    <property name="file.encoding" value="Cp1252"/>
    <property name="java.vm.name" value="OpenJDK 64-Bit Server VM"/>
    <property name="localRepository" value="C:\Users\Nafal Adi SL\.m2\repository"/>
    <property name="java.vendor.url.bug" value="https://bugreport.java.com/bugreport/"/>
    <property name="java.io.tmpdir" value="C:\Users\NAFALA~1\AppData\Local\Temp\"/>
    <property name="java.version" value="11.0.12"/>
    <property name="user.dir" value="C:\Users\Nafal Adi SL\Documents\GitHub\Capstone-QE\test-automation-API"/>
    <property name="os.arch" value="amd64"/>
    <property name="java.vm.specification.name" value="Java Virtual Machine Specification"/>
    <property name="java.awt.printerjob" value="sun.awt.windows.WPrinterJob"/>
    <property name="sun.os.patch.level" value=""/>
    <property name="java.library.path" value="C:\Program Files\Android\Android Studio\jre\bin;C:\WINDOWS\Sun\Java\bin;C:\WINDOWS\system32;C:\WINDOWS;C:\Program Files\Common Files\Oracle\Java\javapath;C:\Windows\system32;C:\Windows;C:\Windows\System32\Wbem;C:\Windows\System32\WindowsPowerShell\v1.0\;C:\Windows\System32\OpenSSH\;C:\Program Files (x86)\NVIDIA Corporation\PhysX\Common;C:\Program Files\NVIDIA Corporation\NVIDIA NvDLISR;C:\TDM-GCC-64\bin;C:\WINDOWS\system32;C:\WINDOWS;C:\WINDOWS\System32\Wbem;C:\WINDOWS\System32\WindowsPowerShell\v1.0\;C:\WINDOWS\System32\OpenSSH\;C:\Program Files\Git\cmd;C:\Program Files\IBM\SPSS\Statistics\25\JRE\bin;C:\Program Files\nodejs\;C:\Program Files\Docker\Docker\resources\bin;C:\Program Files\apache-maven-3.9.1\bin;C:\Users\Nafal Adi SL\AppData\Local\Microsoft\WindowsApps;C:\src\flutter\bin;C:\Users\Nafal Adi SL\AppData\Local\Programs\Microsoft VS Code\bin;C:\Users\Nafal Adi SL\AppData\Roaming\npm;C:\Users\Nafal Adi SL\AppData\Local\Android\Sdk\platform-tools;C:\Users\Nafal Adi SL\AppData\Local\Android\Sdk\tools;C:\Users\Nafal Adi SL\AppData\Local\GitHubDesktop\bin;."/>
    <property name="java.vm.info" value="mixed mode"/>
    <property name="java.vendor" value="Oracle Corporation"/>
    <property name="java.vm.version" value="11.0.12+7-b1504.28-7817840"/>
    <property name="sun.io.unicode.encoding" value="UnicodeLittle"/>
    <property name="java.class.version" value="55.0"/>
  </properties>
  <testcase name="POST As a user I can create a new thread" classname="ManageThread" time="3.138">
    <system-out><![CDATA[08:37:44.756 [main] DEBUG net.thucydides.core.guice.Injectors - Created injector for module net.thucydides.core.guice.ThucydidesModule
08:37:44.974 [main] INFO io.cucumber.core.plugin.SerenityReporter - Running feature from file:///C:/Users/Nafal%20Adi%20SL/Documents/GitHub/Capstone-QE/test-automation-API/src/test/resources/api/ManageAdmin.feature
08:37:44.974 [main] WARN io.cucumber.core.plugin.SerenityReporter - Feature from file:///C:/Users/Nafal%20Adi%20SL/Documents/GitHub/Capstone-QE/test-automation-API/src/test/resources/api/ManageAdmin.feature is not under the 'features' directory. Requirements report will not be correctly generated!
08:37:45.071 [main] DEBUG net.thucydides.core.guice.Injectors - Created injector for module net.thucydides.core.guice.webdriver.WebDriverModule
08:37:45.079 [main] INFO  - 

-------------------------------------------------------------------------------------
     _______. _______ .______       _______ .__   __.  __  .___________.____    ____ 
    /       ||   ____||   _  \     |   ____||  \ |  | |  | |           |\   \  /   / 
   |   (----`|  |__   |  |_)  |    |  |__   |   \|  | |  | `---|  |----` \   \/   /  
    \   \    |   __|  |      /     |   __|  |  . `  | |  |     |  |       \_    _/   
.----)   |   |  |____ |  |\  \----.|  |____ |  |\   | |  |     |  |         |  |     
|_______/    |_______|| _| `._____||_______||__| \__| |__|     |__|         |__|    
                                                                                     
 News and tutorials at http://www.serenity-bdd.info                                  
 Documentation at https://wakaleo.gitbooks.io/the-serenity-book/content/             
 Join the Serenity Community on Gitter: https://gitter.im/serenity-bdd/serenity-core 
 Serenity BDD Support and Training at http://serenity-bdd.info/#/trainingandsupport  
-------------------------------------------------------------------------------------

08:37:45.081 [main] DEBUG net.thucydides.core.steps.StepEventBus - Test suite started for story net.thucydides.core.model.Story@1ab18bd7
08:37:45.083 [main] INFO  - Test Suite Started: Manage admin
08:37:45.093 [main] INFO io.cucumber.core.plugin.SerenityReporter - Running feature from file:///C:/Users/Nafal%20Adi%20SL/Documents/GitHub/Capstone-QE/test-automation-API/src/test/resources/api/ManageThread.feature
08:37:45.093 [main] WARN io.cucumber.core.plugin.SerenityReporter - Feature from file:///C:/Users/Nafal%20Adi%20SL/Documents/GitHub/Capstone-QE/test-automation-API/src/test/resources/api/ManageThread.feature is not under the 'features' directory. Requirements report will not be correctly generated!
08:37:45.104 [main] DEBUG net.thucydides.core.steps.StepEventBus - Test suite started for story net.thucydides.core.model.Story@e0360a39
08:37:45.104 [main] INFO  - Test Suite Started: Manage thread
08:37:45.105 [main] INFO io.cucumber.core.plugin.SerenityReporter - Running feature from file:///C:/Users/Nafal%20Adi%20SL/Documents/GitHub/Capstone-QE/test-automation-API/src/test/resources/api/ManageUser.feature
08:37:45.105 [main] WARN io.cucumber.core.plugin.SerenityReporter - Feature from file:///C:/Users/Nafal%20Adi%20SL/Documents/GitHub/Capstone-QE/test-automation-API/src/test/resources/api/ManageUser.feature is not under the 'features' directory. Requirements report will not be correctly generated!
08:37:45.109 [main] DEBUG net.thucydides.core.steps.StepEventBus - Test suite started for story net.thucydides.core.model.Story@68c7b999
08:37:45.109 [main] INFO  - Test Suite Started: Manage user
08:37:45.110 [main] INFO io.cucumber.core.plugin.SerenityReporter - Running feature from file:///C:/Users/Nafal%20Adi%20SL/Documents/GitHub/Capstone-QE/test-automation-API/src/test/resources/api/ManageThread.feature
08:37:45.110 [main] WARN io.cucumber.core.plugin.SerenityReporter - Feature from file:///C:/Users/Nafal%20Adi%20SL/Documents/GitHub/Capstone-QE/test-automation-API/src/test/resources/api/ManageThread.feature is not under the 'features' directory. Requirements report will not be correctly generated!
08:37:45.113 [main] DEBUG net.thucydides.core.steps.StepEventBus - Test suite started for story net.thucydides.core.model.Story@e0360a39
08:37:45.113 [main] INFO  - Test Suite Started: Manage thread

@Thread @T1
Scenario: POST As a user I can create a new thread &amp#27;[90m# src/test/resources/api/ManageThread.feature:7&amp#27;[0m
08:37:45.183 [main] INFO io.cucumber.core.plugin.SerenityReporter - Running feature from file:///C:/Users/Nafal%20Adi%20SL/Documents/GitHub/Capstone-QE/test-automation-API/src/test/resources/api/ManageThread.feature
08:37:45.184 [main] WARN io.cucumber.core.plugin.SerenityReporter - Feature from file:///C:/Users/Nafal%20Adi%20SL/Documents/GitHub/Capstone-QE/test-automation-API/src/test/resources/api/ManageThread.feature is not under the 'features' directory. Requirements report will not be correctly generated!
08:37:45.270 [main] INFO  - 
  _____   ___   ___   _____     ___   _____     _     ___   _____   ___   ___  
 |_   _| | __| / __| |_   _|   / __| |_   _|   /_\   | _ \ |_   _| | __| |   \ 
   | |   | _|  \__ \   | |     \__ \   | |    / _ \  |   /   | |   | _|  | |) |
   |_|   |___| |___/   |_|     |___/   |_|   /_/ \_\ |_|_\   |_|   |___| |___/ 

POST As a user I can create a new thread(managethread;post-as-a-user-i-can-create-a-new-thread)
--------------------------------------------------------------------------------
08:37:45.721 [main] DEBUG net.thucydides.core.steps.StepInterceptor - STARTING STEP: ThreadsSteps.setPostApiEndpointsNewThread - I set POST endpoints new thread
08:37:45.723 [main] DEBUG net.thucydides.core.steps.StepInterceptor - STEP DONE: I set POST endpoints new thread
  &amp#27;[32mGiven &amp#27;[0m&amp#27;[32mI set POST api endpoints new thread&amp#27;[0m        &amp#27;[90m# starter.stepdefinitions.ThreadsSteps.setPostApiEndpointsNewThread()&amp#27;[0m
08:37:45.732 [main] DEBUG net.thucydides.core.steps.StepInterceptor - STARTING STEP: ThreadsSteps.sendPostHttpRequestNewThread - I send POST HTTP request new thread
08:37:47.122 [main] DEBUG net.thucydides.core.steps.StepInterceptor - STARTING STEP: PostTheads.sendPostHTTPRequest - I set POST endpoints new thread
08:37:47.122 [main] DEBUG net.thucydides.core.steps.StepInterceptor - STEP DONE: I set POST endpoints new thread
08:37:47.570 [main] DEBUG org.apache.http.impl.conn.BasicClientConnectionManager - Get connection for route {}->http://ec2-54-206-29-131.ap-southeast-2.compute.amazonaws.com:8000
08:37:47.800 [main] DEBUG org.apache.http.impl.conn.DefaultClientConnectionOperator - Connecting to ec2-54-206-29-131.ap-southeast-2.compute.amazonaws.com:8000
08:37:47.927 [main] DEBUG org.apache.http.client.protocol.RequestAddCookies - CookieSpec selected: ignoreCookies
08:37:47.927 [main] DEBUG org.apache.http.client.protocol.RequestAuthCache - Auth cache not set in the context
08:37:47.927 [main] DEBUG org.apache.http.client.protocol.RequestProxyAuthentication - Proxy auth state: UNCHALLENGED
08:37:47.927 [main] DEBUG org.apache.http.impl.client.DefaultHttpClient - Attempt 1 to execute request
08:37:47.927 [main] DEBUG org.apache.http.impl.conn.DefaultClientConnection - Sending request: POST /threads HTTP/1.1
08:37:47.928 [main] DEBUG org.apache.http.wire -  >> "POST /threads HTTP/1.1[\r][\n]"
08:37:47.929 [main] DEBUG org.apache.http.wire -  >> "Authorization: Bearer eyJhbGciOiJIUzI1NiIsInR5cCI6IkpXVCJ9.eyJleHAiOjE2ODc1NjQxOTcsIm5hbWUiOiJLZW5kcmljayIsInJvbGUiOiJVc2VyIiwidXNlcl9pZCI6MTN9.p2Rdg1yWJH_349Z-51pSbx60sUkrEL6hEGPfRb2E0_o[\r][\n]"
08:37:47.929 [main] DEBUG org.apache.http.wire -  >> "Accept: */*[\r][\n]"
08:37:47.929 [main] DEBUG org.apache.http.wire -  >> "Content-Type: application/json[\r][\n]"
08:37:47.929 [main] DEBUG org.apache.http.wire -  >> "Content-Length: 220[\r][\n]"
08:37:47.929 [main] DEBUG org.apache.http.wire -  >> "Host: ec2-54-206-29-131.ap-southeast-2.compute.amazonaws.com:8000[\r][\n]"
08:37:47.929 [main] DEBUG org.apache.http.wire -  >> "Connection: Keep-Alive[\r][\n]"
08:37:47.929 [main] DEBUG org.apache.http.wire -  >> "User-Agent: Apache-HttpClient/4.5.13 (Java/11.0.12)[\r][\n]"
08:37:47.929 [main] DEBUG org.apache.http.wire -  >> "Accept-Encoding: gzip,deflate[\r][\n]"
08:37:47.929 [main] DEBUG org.apache.http.wire -  >> "[\r][\n]"
08:37:47.929 [main] DEBUG org.apache.http.headers - >> POST /threads HTTP/1.1
08:37:47.929 [main] DEBUG org.apache.http.headers - >> Authorization: Bearer eyJhbGciOiJIUzI1NiIsInR5cCI6IkpXVCJ9.eyJleHAiOjE2ODc1NjQxOTcsIm5hbWUiOiJLZW5kcmljayIsInJvbGUiOiJVc2VyIiwidXNlcl9pZCI6MTN9.p2Rdg1yWJH_349Z-51pSbx60sUkrEL6hEGPfRb2E0_o
08:37:47.929 [main] DEBUG org.apache.http.headers - >> Accept: */*
08:37:47.929 [main] DEBUG org.apache.http.headers - >> Content-Type: application/json
08:37:47.930 [main] DEBUG org.apache.http.headers - >> Content-Length: 220
08:37:47.930 [main] DEBUG org.apache.http.headers - >> Host: ec2-54-206-29-131.ap-southeast-2.compute.amazonaws.com:8000
08:37:47.930 [main] DEBUG org.apache.http.headers - >> Connection: Keep-Alive
08:37:47.930 [main] DEBUG org.apache.http.headers - >> User-Agent: Apache-HttpClient/4.5.13 (Java/11.0.12)
08:37:47.930 [main] DEBUG org.apache.http.headers - >> Accept-Encoding: gzip,deflate
08:37:47.930 [main] DEBUG org.apache.http.wire -  >> "{"file":"","user_id":1,"topic":"Humor","title":"Consider the Lilies","content":"Est neque veritatis nihil eos inventore. Earum modi voluptas repellendus excepturi voluptatem et. Quo ab beatae et unde. Explicabo non et."}"
08:37:48.055 [main] DEBUG org.apache.http.wire -  << "HTTP/1.1 200 OK[\r][\n]"
08:37:48.056 [main] DEBUG org.apache.http.wire -  << "Content-Type: application/json; charset=UTF-8[\r][\n]"
08:37:48.056 [main] DEBUG org.apache.http.wire -  << "Vary: Origin[\r][\n]"
08:37:48.056 [main] DEBUG org.apache.http.wire -  << "Vary: Origin[\r][\n]"
08:37:48.056 [main] DEBUG org.apache.http.wire -  << "Date: Fri, 23 Jun 2023 01:37:52 GMT[\r][\n]"
08:37:48.056 [main] DEBUG org.apache.http.wire -  << "Content-Length: 672[\r][\n]"
08:37:48.056 [main] DEBUG org.apache.http.wire -  << "[\r][\n]"
08:37:48.057 [main] DEBUG org.apache.http.impl.conn.DefaultClientConnection - Receiving response: HTTP/1.1 200 OK
08:37:48.057 [main] DEBUG org.apache.http.headers - << HTTP/1.1 200 OK
08:37:48.057 [main] DEBUG org.apache.http.headers - << Content-Type: application/json; charset=UTF-8
08:37:48.057 [main] DEBUG org.apache.http.headers - << Vary: Origin
08:37:48.057 [main] DEBUG org.apache.http.headers - << Vary: Origin
08:37:48.057 [main] DEBUG org.apache.http.headers - << Date: Fri, 23 Jun 2023 01:37:52 GMT
08:37:48.057 [main] DEBUG org.apache.http.headers - << Content-Length: 672
08:37:48.058 [main] DEBUG org.apache.http.impl.client.DefaultHttpClient - Connection can be kept alive indefinitely
08:37:48.061 [main] DEBUG io.restassured.internal.RestAssuredHttpBuilder - Parsing response as: application/json; charset=UTF-8
08:37:48.061 [main] DEBUG io.restassured.internal.RestAssuredHttpBuilder - Parsed data to instance of: class org.apache.http.conn.EofSensorInputStream
08:37:48.081 [main] DEBUG org.apache.http.wire -  << "{"data":{"ID":23,"CreatedAt":"2023-06-23T01:37:52.248Z","UpdatedAt":"2023-06-23T01:37:52.248Z","DeletedAt":null,"title":"Consider the Lilies","content":"Est neque veritatis nihil eos inventore. Earum modi voluptas repellendus excepturi voluptatem et. Quo ab beatae et unde. Explicabo non et.","file":"","user_id":13,"user":{"ID":13,"CreatedAt":"2023-06-22T22:10:38.52Z","UpdatedAt":"2023-06-23T01:09:09.89Z","DeletedAt":null,"username":"nafal","email":"nafal@gmail.com","password":"nafal123","image_url":"","age":10,"bio":"Penulis Buku","role":"user","threads":null,"Bookmarked":null},"comment":null,"BookmarkedUser":null,"like":null},"message":"success creating thread"}[\n]"
08:37:48.082 [main] DEBUG org.apache.http.impl.conn.BasicClientConnectionManager - Releasing connection org.apache.http.impl.conn.ManagedClientConnectionImpl@3ca3eba2
08:37:48.082 [main] DEBUG org.apache.http.impl.conn.BasicClientConnectionManager - Connection can be kept alive indefinitely
08:37:48.086 [main] DEBUG net.thucydides.core.steps.StepInterceptor - STEP DONE: I send POST HTTP request new thread
  &amp#27;[32mWhen &amp#27;[0m&amp#27;[32mI send POST HTTP request new thread&amp#27;[0m         &amp#27;[90m# starter.stepdefinitions.ThreadsSteps.sendPostHttpRequestNewThread()&amp#27;[0m
08:37:48.140 [main] DEBUG net.thucydides.core.steps.StepInterceptor - STARTING STEP: AuthUserSteps.receiveValidHttpResponseCode200 - I receive valid HTTP response code 200
08:37:48.156 [main] DEBUG net.thucydides.core.steps.StepInterceptor - STEP DONE: I receive valid HTTP response code 200
  &amp#27;[32mThen &amp#27;[0m&amp#27;[32mI receive valid HTTP response code 200&amp#27;[0m      &amp#27;[90m# starter.stepdefinitions.AuthUserSteps.receiveValidHttpResponseCode200()&amp#27;[0m
08:37:48.159 [main] DEBUG net.thucydides.core.steps.StepInterceptor - STARTING STEP: AuthUserSteps.receiveValidDataForResponseCode200 - I receive valid data for response code 200
08:37:48.248 [main] DEBUG net.thucydides.core.steps.StepInterceptor - STEP DONE: I receive valid data for response code 200
  &amp#27;[32mAnd &amp#27;[0m&amp#27;[32mI receive valid data for response code 200&amp#27;[0m   &amp#27;[90m# starter.stepdefinitions.AuthUserSteps.receiveValidDataForResponseCode200()&amp#27;[0m
08:37:48.250 [main] INFO  - 
  _____   ___   ___   _____     ___     _     ___   ___   ___   ___  
 |_   _| | __| / __| |_   _|   | _ \   /_\   / __| / __| | __| |   \ 
   | |   | _|  \__ \   | |     |  _/  / _ \  \__ \ \__ \ | _|  | |) |
   |_|   |___| |___/   |_|     |_|   /_/ \_\ |___/ |___/ |___| |___/ 

POST As a user I can create a new thread
----------------------------------------------------------------------
]]></system-out>
  </testcase>
  <testcase name="POST As a user I can&apos;t create new thread" classname="ManageThread" time="0.435">
    <system-out><![CDATA[
@Thread @T2
Scenario: POST As a user I can't create new thread  &amp#27;[90m# src/test/resources/api/ManageThread.feature:14&amp#27;[0m
08:37:48.265 [main] INFO io.cucumber.core.plugin.SerenityReporter - Running feature from file:///C:/Users/Nafal%20Adi%20SL/Documents/GitHub/Capstone-QE/test-automation-API/src/test/resources/api/ManageThread.feature
08:37:48.266 [main] WARN io.cucumber.core.plugin.SerenityReporter - Feature from file:///C:/Users/Nafal%20Adi%20SL/Documents/GitHub/Capstone-QE/test-automation-API/src/test/resources/api/ManageThread.feature is not under the 'features' directory. Requirements report will not be correctly generated!
08:37:48.268 [main] INFO  - 
  _____   ___   ___   _____     ___   _____     _     ___   _____   ___   ___  
 |_   _| | __| / __| |_   _|   / __| |_   _|   /_\   | _ \ |_   _| | __| |   \ 
   | |   | _|  \__ \   | |     \__ \   | |    / _ \  |   /   | |   | _|  | |) |
   |_|   |___| |___/   |_|     |___/   |_|   /_/ \_\ |_|_\   |_|   |___| |___/ 

POST As a user I can't create new thread(managethread;post-as-a-user-i-can-t-create-new-thread)
--------------------------------------------------------------------------------
08:37:48.289 [main] DEBUG net.thucydides.core.steps.StepInterceptor - STARTING STEP: ThreadsSteps.setPostApiEndpointsNewThreadInvalid - I set POST endpoints new thread invalid
08:37:48.290 [main] DEBUG net.thucydides.core.steps.StepInterceptor - STEP DONE: I set POST endpoints new thread invalid
  &amp#27;[32mGiven &amp#27;[0m&amp#27;[32mI set POST api endpoints new thread invalid&amp#27;[0m &amp#27;[90m# starter.stepdefinitions.ThreadsSteps.setPostApiEndpointsNewThreadInvalid()&amp#27;[0m
08:37:48.292 [main] DEBUG net.thucydides.core.steps.StepInterceptor - STARTING STEP: ThreadsSteps.sendPostHttpRequestNewThreadInvalid - I send POST HTTP request new thread invalid
08:37:48.312 [main] DEBUG net.thucydides.core.steps.StepInterceptor - STARTING STEP: PostTheads.sendPostHTTPRequestInvalid - I set POST endpoints new thread invalid
08:37:48.312 [main] DEBUG net.thucydides.core.steps.StepInterceptor - STEP DONE: I set POST endpoints new thread invalid
08:37:48.330 [main] DEBUG org.apache.http.impl.conn.BasicClientConnectionManager - Get connection for route {}->http://ec2-54-206-29-131.ap-southeast-2.compute.amazonaws.com:8000
08:37:48.330 [main] DEBUG org.apache.http.impl.conn.DefaultClientConnectionOperator - Connecting to ec2-54-206-29-131.ap-southeast-2.compute.amazonaws.com:8000
08:37:48.509 [main] DEBUG org.apache.http.client.protocol.RequestAddCookies - CookieSpec selected: ignoreCookies
08:37:48.509 [main] DEBUG org.apache.http.client.protocol.RequestAuthCache - Auth cache not set in the context
08:37:48.509 [main] DEBUG org.apache.http.client.protocol.RequestProxyAuthentication - Proxy auth state: UNCHALLENGED
08:37:48.509 [main] DEBUG org.apache.http.impl.client.DefaultHttpClient - Attempt 1 to execute request
08:37:48.509 [main] DEBUG org.apache.http.impl.conn.DefaultClientConnection - Sending request: POST /threads/1 HTTP/1.1
08:37:48.509 [main] DEBUG org.apache.http.wire -  >> "POST /threads/1 HTTP/1.1[\r][\n]"
08:37:48.509 [main] DEBUG org.apache.http.wire -  >> "Authorization: Bearer eyJhbGciOiJIUzI1NiIsInR5cCI6IkpXVCJ9.eyJleHAiOjE2ODc1NjQxOTcsIm5hbWUiOiJLZW5kcmljayIsInJvbGUiOiJVc2VyIiwidXNlcl9pZCI6MTN9.p2Rdg1yWJH_349Z-51pSbx60sUkrEL6hEGPfRb2E0_o[\r][\n]"
08:37:48.509 [main] DEBUG org.apache.http.wire -  >> "Accept: */*[\r][\n]"
08:37:48.510 [main] DEBUG org.apache.http.wire -  >> "Content-Type: application/json[\r][\n]"
08:37:48.510 [main] DEBUG org.apache.http.wire -  >> "Content-Length: 254[\r][\n]"
08:37:48.510 [main] DEBUG org.apache.http.wire -  >> "Host: ec2-54-206-29-131.ap-southeast-2.compute.amazonaws.com:8000[\r][\n]"
08:37:48.510 [main] DEBUG org.apache.http.wire -  >> "Connection: Keep-Alive[\r][\n]"
08:37:48.510 [main] DEBUG org.apache.http.wire -  >> "User-Agent: Apache-HttpClient/4.5.13 (Java/11.0.12)[\r][\n]"
08:37:48.510 [main] DEBUG org.apache.http.wire -  >> "Accept-Encoding: gzip,deflate[\r][\n]"
08:37:48.510 [main] DEBUG org.apache.http.wire -  >> "[\r][\n]"
08:37:48.510 [main] DEBUG org.apache.http.headers - >> POST /threads/1 HTTP/1.1
08:37:48.510 [main] DEBUG org.apache.http.headers - >> Authorization: Bearer eyJhbGciOiJIUzI1NiIsInR5cCI6IkpXVCJ9.eyJleHAiOjE2ODc1NjQxOTcsIm5hbWUiOiJLZW5kcmljayIsInJvbGUiOiJVc2VyIiwidXNlcl9pZCI6MTN9.p2Rdg1yWJH_349Z-51pSbx60sUkrEL6hEGPfRb2E0_o
08:37:48.510 [main] DEBUG org.apache.http.headers - >> Accept: */*
08:37:48.510 [main] DEBUG org.apache.http.headers - >> Content-Type: application/json
08:37:48.510 [main] DEBUG org.apache.http.headers - >> Content-Length: 254
08:37:48.510 [main] DEBUG org.apache.http.headers - >> Host: ec2-54-206-29-131.ap-southeast-2.compute.amazonaws.com:8000
08:37:48.510 [main] DEBUG org.apache.http.headers - >> Connection: Keep-Alive
08:37:48.510 [main] DEBUG org.apache.http.headers - >> User-Agent: Apache-HttpClient/4.5.13 (Java/11.0.12)
08:37:48.510 [main] DEBUG org.apache.http.headers - >> Accept-Encoding: gzip,deflate
08:37:48.510 [main] DEBUG org.apache.http.wire -  >> "{"file":"","user_id":1,"topic":"Classic","title":"In a Dry Season","content":"Ea aut alias. Quia nemo dolorem veniam. Quod vel velit ex voluptas amet magni. Ullam eum voluptas consequatur dolores provident quae. Sed mollitia nisi fugit fugit inventore."}"
08:37:48.676 [main] DEBUG org.apache.http.wire -  << "HTTP/1.1 404 Not Found[\r][\n]"
08:37:48.676 [main] DEBUG org.apache.http.wire -  << "Content-Type: application/json; charset=UTF-8[\r][\n]"
08:37:48.676 [main] DEBUG org.apache.http.wire -  << "Vary: Origin[\r][\n]"
08:37:48.676 [main] DEBUG org.apache.http.wire -  << "Vary: Origin[\r][\n]"
08:37:48.676 [main] DEBUG org.apache.http.wire -  << "Date: Fri, 23 Jun 2023 01:37:52 GMT[\r][\n]"
08:37:48.676 [main] DEBUG org.apache.http.wire -  << "Content-Length: 24[\r][\n]"
08:37:48.676 [main] DEBUG org.apache.http.wire -  << "[\r][\n]"
08:37:48.676 [main] DEBUG org.apache.http.impl.conn.DefaultClientConnection - Receiving response: HTTP/1.1 404 Not Found
08:37:48.676 [main] DEBUG org.apache.http.headers - << HTTP/1.1 404 Not Found
08:37:48.676 [main] DEBUG org.apache.http.headers - << Content-Type: application/json; charset=UTF-8
08:37:48.677 [main] DEBUG org.apache.http.headers - << Vary: Origin
08:37:48.677 [main] DEBUG org.apache.http.headers - << Vary: Origin
08:37:48.677 [main] DEBUG org.apache.http.headers - << Date: Fri, 23 Jun 2023 01:37:52 GMT
08:37:48.677 [main] DEBUG org.apache.http.headers - << Content-Length: 24
08:37:48.677 [main] DEBUG org.apache.http.impl.client.DefaultHttpClient - Connection can be kept alive indefinitely
08:37:48.677 [main] DEBUG io.restassured.internal.RestAssuredHttpBuilder - Parsing response as: application/json; charset=UTF-8
08:37:48.677 [main] DEBUG io.restassured.internal.RestAssuredHttpBuilder - Parsed data to instance of: class org.apache.http.conn.EofSensorInputStream
08:37:48.679 [main] DEBUG org.apache.http.wire -  << "{"message":"Not Found"}[\n]"
08:37:48.679 [main] DEBUG org.apache.http.impl.conn.BasicClientConnectionManager - Releasing connection org.apache.http.impl.conn.ManagedClientConnectionImpl@288b8663
08:37:48.679 [main] DEBUG org.apache.http.impl.conn.BasicClientConnectionManager - Connection can be kept alive indefinitely
08:37:48.679 [main] DEBUG net.thucydides.core.steps.StepInterceptor - STEP DONE: I send POST HTTP request new thread invalid
  &amp#27;[32mWhen &amp#27;[0m&amp#27;[32mI send POST HTTP request new thread invalid&amp#27;[0m  &amp#27;[90m# starter.stepdefinitions.ThreadsSteps.sendPostHttpRequestNewThreadInvalid()&amp#27;[0m
08:37:48.682 [main] DEBUG net.thucydides.core.steps.StepInterceptor - STARTING STEP: ThreadsSteps.receiveHttpResponseCode404 - I receive valid HTTP response code 404
08:37:48.682 [main] DEBUG net.thucydides.core.steps.StepInterceptor - STEP DONE: I receive valid HTTP response code 404
  &amp#27;[32mThen &amp#27;[0m&amp#27;[32mI receive valid HTTP response code 404&amp#27;[0m       &amp#27;[90m# starter.stepdefinitions.ThreadsSteps.receiveHttpResponseCode404()&amp#27;[0m
08:37:48.684 [main] DEBUG net.thucydides.core.steps.StepInterceptor - STARTING STEP: ThreadsSteps.receiveValidDataForResponseCode404 - I receive valid data for response code 404
08:37:48.686 [main] DEBUG net.thucydides.core.steps.StepInterceptor - STEP DONE: I receive valid data for response code 404
  &amp#27;[32mAnd &amp#27;[0m&amp#27;[32mI receive valid data for response code 404&amp#27;[0m    &amp#27;[90m# starter.stepdefinitions.ThreadsSteps.receiveValidDataForResponseCode404()&amp#27;[0m
08:37:48.687 [main] INFO  - 
  _____   ___   ___   _____     ___     _     ___   ___   ___   ___  
 |_   _| | __| / __| |_   _|   | _ \   /_\   / __| / __| | __| |   \ 
   | |   | _|  \__ \   | |     |  _/  / _ \  \__ \ \__ \ | _|  | |) |
   |_|   |___| |___/   |_|     |_|   /_/ \_\ |___/ |___/ |___| |___/ 

POST As a user I can't create new thread
----------------------------------------------------------------------
]]></system-out>
  </testcase>
  <testcase name="GET As a user I can get all threads" classname="ManageThread" time="0.326">
    <system-out><![CDATA[
@Thread @T3
Scenario: GET As a user I can get all threads    &amp#27;[90m# src/test/resources/api/ManageThread.feature:22&amp#27;[0m
08:37:48.699 [main] INFO io.cucumber.core.plugin.SerenityReporter - Running feature from file:///C:/Users/Nafal%20Adi%20SL/Documents/GitHub/Capstone-QE/test-automation-API/src/test/resources/api/ManageThread.feature
08:37:48.699 [main] WARN io.cucumber.core.plugin.SerenityReporter - Feature from file:///C:/Users/Nafal%20Adi%20SL/Documents/GitHub/Capstone-QE/test-automation-API/src/test/resources/api/ManageThread.feature is not under the 'features' directory. Requirements report will not be correctly generated!
08:37:48.700 [main] INFO  - 
  _____   ___   ___   _____     ___   _____     _     ___   _____   ___   ___  
 |_   _| | __| / __| |_   _|   / __| |_   _|   /_\   | _ \ |_   _| | __| |   \ 
   | |   | _|  \__ \   | |     \__ \   | |    / _ \  |   /   | |   | _|  | |) |
   |_|   |___| |___/   |_|     |___/   |_|   /_/ \_\ |_|_\   |_|   |___| |___/ 

GET As a user I can get all threads(managethread;get-as-a-user-i-can-get-all-threads)
--------------------------------------------------------------------------------
08:37:48.718 [main] DEBUG net.thucydides.core.steps.StepInterceptor - STARTING STEP: ThreadsSteps.setGetApiEndpointsAllThreads - I set GET api endpoints all threads
08:37:48.718 [main] DEBUG net.thucydides.core.steps.StepInterceptor - STEP DONE: I set GET api endpoints all threads
  &amp#27;[32mGiven &amp#27;[0m&amp#27;[32mI set GET api endpoints all threads&amp#27;[0m      &amp#27;[90m# starter.stepdefinitions.ThreadsSteps.setGetApiEndpointsAllThreads()&amp#27;[0m
08:37:48.721 [main] DEBUG net.thucydides.core.steps.StepInterceptor - STARTING STEP: ThreadsSteps.sendGetHttpRequestAllThreads - I send GET HTTP request all threads
08:37:48.722 [main] DEBUG net.thucydides.core.steps.StepInterceptor - STARTING STEP: GetTheadsAll.sendGetHttpRequest - I set GET api endpoints all threads
08:37:48.722 [main] DEBUG net.thucydides.core.steps.StepInterceptor - STEP DONE: I set GET api endpoints all threads
08:37:48.740 [main] DEBUG org.apache.http.impl.conn.BasicClientConnectionManager - Get connection for route {}->http://ec2-54-206-29-131.ap-southeast-2.compute.amazonaws.com:8000
08:37:48.740 [main] DEBUG org.apache.http.impl.conn.DefaultClientConnectionOperator - Connecting to ec2-54-206-29-131.ap-southeast-2.compute.amazonaws.com:8000
08:37:48.864 [main] DEBUG org.apache.http.client.protocol.RequestAddCookies - CookieSpec selected: ignoreCookies
08:37:48.864 [main] DEBUG org.apache.http.client.protocol.RequestAuthCache - Auth cache not set in the context
08:37:48.864 [main] DEBUG org.apache.http.client.protocol.RequestProxyAuthentication - Proxy auth state: UNCHALLENGED
08:37:48.864 [main] DEBUG org.apache.http.impl.client.DefaultHttpClient - Attempt 1 to execute request
08:37:48.864 [main] DEBUG org.apache.http.impl.conn.DefaultClientConnection - Sending request: GET /Allthreads HTTP/1.1
08:37:48.864 [main] DEBUG org.apache.http.wire -  >> "GET /Allthreads HTTP/1.1[\r][\n]"
08:37:48.864 [main] DEBUG org.apache.http.wire -  >> "Authorization: Bearer eyJhbGciOiJIUzI1NiIsInR5cCI6IkpXVCJ9.eyJleHAiOjE2ODc1NjQxOTcsIm5hbWUiOiJLZW5kcmljayIsInJvbGUiOiJVc2VyIiwidXNlcl9pZCI6MTN9.p2Rdg1yWJH_349Z-51pSbx60sUkrEL6hEGPfRb2E0_o[\r][\n]"
08:37:48.864 [main] DEBUG org.apache.http.wire -  >> "Accept: */*[\r][\n]"
08:37:48.864 [main] DEBUG org.apache.http.wire -  >> "Host: ec2-54-206-29-131.ap-southeast-2.compute.amazonaws.com:8000[\r][\n]"
08:37:48.864 [main] DEBUG org.apache.http.wire -  >> "Connection: Keep-Alive[\r][\n]"
08:37:48.864 [main] DEBUG org.apache.http.wire -  >> "User-Agent: Apache-HttpClient/4.5.13 (Java/11.0.12)[\r][\n]"
08:37:48.864 [main] DEBUG org.apache.http.wire -  >> "Accept-Encoding: gzip,deflate[\r][\n]"
08:37:48.864 [main] DEBUG org.apache.http.wire -  >> "[\r][\n]"
08:37:48.864 [main] DEBUG org.apache.http.headers - >> GET /Allthreads HTTP/1.1
08:37:48.864 [main] DEBUG org.apache.http.headers - >> Authorization: Bearer eyJhbGciOiJIUzI1NiIsInR5cCI6IkpXVCJ9.eyJleHAiOjE2ODc1NjQxOTcsIm5hbWUiOiJLZW5kcmljayIsInJvbGUiOiJVc2VyIiwidXNlcl9pZCI6MTN9.p2Rdg1yWJH_349Z-51pSbx60sUkrEL6hEGPfRb2E0_o
08:37:48.864 [main] DEBUG org.apache.http.headers - >> Accept: */*
08:37:48.864 [main] DEBUG org.apache.http.headers - >> Host: ec2-54-206-29-131.ap-southeast-2.compute.amazonaws.com:8000
08:37:48.864 [main] DEBUG org.apache.http.headers - >> Connection: Keep-Alive
08:37:48.864 [main] DEBUG org.apache.http.headers - >> User-Agent: Apache-HttpClient/4.5.13 (Java/11.0.12)
08:37:48.864 [main] DEBUG org.apache.http.headers - >> Accept-Encoding: gzip,deflate
08:37:48.986 [main] DEBUG org.apache.http.wire -  << "HTTP/1.1 200 OK[\r][\n]"
08:37:48.986 [main] DEBUG org.apache.http.wire -  << "Content-Type: application/json; charset=UTF-8[\r][\n]"
08:37:48.986 [main] DEBUG org.apache.http.wire -  << "Vary: Origin[\r][\n]"
08:37:48.986 [main] DEBUG org.apache.http.wire -  << "Vary: Origin[\r][\n]"
08:37:48.986 [main] DEBUG org.apache.http.wire -  << "Date: Fri, 23 Jun 2023 01:37:53 GMT[\r][\n]"
08:37:48.986 [main] DEBUG org.apache.http.wire -  << "Content-Length: 1803[\r][\n]"
08:37:48.986 [main] DEBUG org.apache.http.wire -  << "[\r][\n]"
08:37:48.986 [main] DEBUG org.apache.http.impl.conn.DefaultClientConnection - Receiving response: HTTP/1.1 200 OK
08:37:48.987 [main] DEBUG org.apache.http.headers - << HTTP/1.1 200 OK
08:37:48.987 [main] DEBUG org.apache.http.headers - << Content-Type: application/json; charset=UTF-8
08:37:48.987 [main] DEBUG org.apache.http.headers - << Vary: Origin
08:37:48.987 [main] DEBUG org.apache.http.headers - << Vary: Origin
08:37:48.987 [main] DEBUG org.apache.http.headers - << Date: Fri, 23 Jun 2023 01:37:53 GMT
08:37:48.987 [main] DEBUG org.apache.http.headers - << Content-Length: 1803
08:37:48.987 [main] DEBUG org.apache.http.impl.client.DefaultHttpClient - Connection can be kept alive indefinitely
08:37:48.987 [main] DEBUG io.restassured.internal.RestAssuredHttpBuilder - Parsing response as: application/json; charset=UTF-8
08:37:48.987 [main] DEBUG io.restassured.internal.RestAssuredHttpBuilder - Parsed data to instance of: class org.apache.http.conn.EofSensorInputStream
08:37:48.989 [main] DEBUG org.apache.http.wire -  << "{"data":[{"ID":11,"title":"An Instant In The Wind","content":"Omnis distinctio ab dicta. Est autem omnis nihil ducimus facere. Nulla at veniam alias.","file":"","user_id":1,"user":{"ID":0,"username":"","email":"","password":"","image_url":"","age":0,"bio":""}},{"ID":12,"title":"1952","content":"wb","file":"","user_id":1,"user":{"ID":0,"username":"","email":"","password":"","image_url":"","age":0,"bio":""}},{"ID":13,"title":"test baru","content":"lormllrmlorm","file":"","user_id":3,"user":{"ID":3,"username":"test","email":"test1@gmail.com","password":"test123","image_url":"","age":15,"bio":"pencoba"}},{"ID":14,"title":"Bulan Purnama","content":"wb","file":"","user_id":8,"user":{"ID":8,"username":"wahyu","email":"ajeng25@gmail.com","password":"wahyu123","image_url":"","age":10,"bio":"penulis buku"}},{"ID":15,"title":"Bulan Purnama Senja","content":"Fantasi","file":"","user_id":8,"user":{"ID":8,"username":"wahyu","email":"ajeng25@gmail.com","password":"wahyu123","image_url":"","age":10,"bio":"penulis buku"}},{"ID":22,"title":"A Darkling Plain","content":"Consequatur aut sequi. Amet in et et earum voluptatem qui. Maiores accusamus quia asperiores ut consequatur sint labore. Ipsam et nemo odio ullam enim. Minima quod minus dolores aliquid nihil.","file":"","user_id":13,"user":{"ID":13,"username":"nafal","email":"nafal@gmail.com","password":"nafal123","image_url":"","age":10,"bio":"Penulis Buku"}},{"ID":23,"title":"Consider the Lilies","content":"Est neque veritatis nihil eos inventore. Earum modi voluptas repellendus excepturi voluptatem et. Quo ab beatae et unde. Explicabo non et.","file":"","user_id":13,"user":{"ID":13,"username":"nafal","email":"nafal@gmail.com","password":"nafal123","image_url":"","age":10,"bio":"Penulis Buku"}}],"message":"Success: Retrieved all threads"}[\n]"
08:37:48.990 [main] DEBUG org.apache.http.impl.conn.BasicClientConnectionManager - Releasing connection org.apache.http.impl.conn.ManagedClientConnectionImpl@73417494
08:37:48.990 [main] DEBUG org.apache.http.impl.conn.BasicClientConnectionManager - Connection can be kept alive indefinitely
08:37:48.992 [main] DEBUG net.thucydides.core.steps.StepInterceptor - STEP DONE: I send GET HTTP request all threads
  &amp#27;[32mWhen &amp#27;[0m&amp#27;[32mI send GET HTTP request all threads&amp#27;[0m       &amp#27;[90m# starter.stepdefinitions.ThreadsSteps.sendGetHttpRequestAllThreads()&amp#27;[0m
08:37:49.001 [main] DEBUG net.thucydides.core.steps.StepInterceptor - STARTING STEP: AuthUserSteps.receiveValidHttpResponseCode200 - I receive valid HTTP response code 200
08:37:49.002 [main] DEBUG net.thucydides.core.steps.StepInterceptor - STEP DONE: I receive valid HTTP response code 200
  &amp#27;[32mThen &amp#27;[0m&amp#27;[32mI receive valid HTTP response code 200&amp#27;[0m    &amp#27;[90m# starter.stepdefinitions.AuthUserSteps.receiveValidHttpResponseCode200()&amp#27;[0m
08:37:49.005 [main] DEBUG net.thucydides.core.steps.StepInterceptor - STARTING STEP: AuthUserSteps.receiveValidDataForResponseCode200 - I receive valid data for response code 200
08:37:49.011 [main] DEBUG net.thucydides.core.steps.StepInterceptor - STEP DONE: I receive valid data for response code 200
  &amp#27;[32mAnd &amp#27;[0m&amp#27;[32mI receive valid data for response code 200&amp#27;[0m &amp#27;[90m# starter.stepdefinitions.AuthUserSteps.receiveValidDataForResponseCode200()&amp#27;[0m
08:37:49.014 [main] INFO  - 
  _____   ___   ___   _____     ___     _     ___   ___   ___   ___  
 |_   _| | __| / __| |_   _|   | _ \   /_\   / __| / __| | __| |   \ 
   | |   | _|  \__ \   | |     |  _/  / _ \  \__ \ \__ \ | _|  | |) |
   |_|   |___| |___/   |_|     |_|   /_/ \_\ |___/ |___/ |___| |___/ 

GET As a user I can get all threads
----------------------------------------------------------------------
]]></system-out>
  </testcase>
  <testcase name="GET As a user I can&apos;t get all threads" classname="ManageThread" time="0.288">
    <system-out><![CDATA[
@Thread @T4
Scenario: GET As a user I can't get all threads     &amp#27;[90m# src/test/resources/api/ManageThread.feature:29&amp#27;[0m
08:37:49.024 [main] INFO io.cucumber.core.plugin.SerenityReporter - Running feature from file:///C:/Users/Nafal%20Adi%20SL/Documents/GitHub/Capstone-QE/test-automation-API/src/test/resources/api/ManageThread.feature
08:37:49.024 [main] WARN io.cucumber.core.plugin.SerenityReporter - Feature from file:///C:/Users/Nafal%20Adi%20SL/Documents/GitHub/Capstone-QE/test-automation-API/src/test/resources/api/ManageThread.feature is not under the 'features' directory. Requirements report will not be correctly generated!
08:37:49.025 [main] INFO  - 
  _____   ___   ___   _____     ___   _____     _     ___   _____   ___   ___  
 |_   _| | __| / __| |_   _|   / __| |_   _|   /_\   | _ \ |_   _| | __| |   \ 
   | |   | _|  \__ \   | |     \__ \   | |    / _ \  |   /   | |   | _|  | |) |
   |_|   |___| |___/   |_|     |___/   |_|   /_/ \_\ |_|_\   |_|   |___| |___/ 

GET As a user I can't get all threads(managethread;get-as-a-user-i-can-t-get-all-threads)
--------------------------------------------------------------------------------
08:37:49.041 [main] DEBUG net.thucydides.core.steps.StepInterceptor - STARTING STEP: ThreadsSteps.setGetApiEndpointsAllThreadsInvalid - I set GET api endpoints all threads invalid
08:37:49.041 [main] DEBUG net.thucydides.core.steps.StepInterceptor - STEP DONE: I set GET api endpoints all threads invalid
  &amp#27;[32mGiven &amp#27;[0m&amp#27;[32mI set GET api endpoints all threads invalid&amp#27;[0m &amp#27;[90m# starter.stepdefinitions.ThreadsSteps.setGetApiEndpointsAllThreadsInvalid()&amp#27;[0m
08:37:49.043 [main] DEBUG net.thucydides.core.steps.StepInterceptor - STARTING STEP: ThreadsSteps.sendGetHttpRequestAllThreadsInvalid - I send GET HTTP request all threads invalid
08:37:49.045 [main] DEBUG net.thucydides.core.steps.StepInterceptor - STARTING STEP: GetTheadsAll.sendGetHttpRequestInvalid - I set GET api endpoints all threads invalid
08:37:49.045 [main] DEBUG net.thucydides.core.steps.StepInterceptor - STEP DONE: I set GET api endpoints all threads invalid
08:37:49.054 [main] DEBUG org.apache.http.impl.conn.BasicClientConnectionManager - Get connection for route {}->http://ec2-54-206-29-131.ap-southeast-2.compute.amazonaws.com:8000
08:37:49.055 [main] DEBUG org.apache.http.impl.conn.DefaultClientConnectionOperator - Connecting to ec2-54-206-29-131.ap-southeast-2.compute.amazonaws.com:8000
08:37:49.174 [main] DEBUG org.apache.http.client.protocol.RequestAddCookies - CookieSpec selected: ignoreCookies
08:37:49.174 [main] DEBUG org.apache.http.client.protocol.RequestAuthCache - Auth cache not set in the context
08:37:49.175 [main] DEBUG org.apache.http.client.protocol.RequestProxyAuthentication - Proxy auth state: UNCHALLENGED
08:37:49.175 [main] DEBUG org.apache.http.impl.client.DefaultHttpClient - Attempt 1 to execute request
08:37:49.175 [main] DEBUG org.apache.http.impl.conn.DefaultClientConnection - Sending request: GET /Allthreadss HTTP/1.1
08:37:49.175 [main] DEBUG org.apache.http.wire -  >> "GET /Allthreadss HTTP/1.1[\r][\n]"
08:37:49.175 [main] DEBUG org.apache.http.wire -  >> "Authorization: Bearer eyJhbGciOiJIUzI1NiIsInR5cCI6IkpXVCJ9.eyJleHAiOjE2ODc1NjQxOTcsIm5hbWUiOiJLZW5kcmljayIsInJvbGUiOiJVc2VyIiwidXNlcl9pZCI6MTN9.p2Rdg1yWJH_349Z-51pSbx60sUkrEL6hEGPfRb2E0_o[\r][\n]"
08:37:49.175 [main] DEBUG org.apache.http.wire -  >> "Accept: */*[\r][\n]"
08:37:49.175 [main] DEBUG org.apache.http.wire -  >> "Host: ec2-54-206-29-131.ap-southeast-2.compute.amazonaws.com:8000[\r][\n]"
08:37:49.175 [main] DEBUG org.apache.http.wire -  >> "Connection: Keep-Alive[\r][\n]"
08:37:49.175 [main] DEBUG org.apache.http.wire -  >> "User-Agent: Apache-HttpClient/4.5.13 (Java/11.0.12)[\r][\n]"
08:37:49.175 [main] DEBUG org.apache.http.wire -  >> "Accept-Encoding: gzip,deflate[\r][\n]"
08:37:49.175 [main] DEBUG org.apache.http.wire -  >> "[\r][\n]"
08:37:49.175 [main] DEBUG org.apache.http.headers - >> GET /Allthreadss HTTP/1.1
08:37:49.175 [main] DEBUG org.apache.http.headers - >> Authorization: Bearer eyJhbGciOiJIUzI1NiIsInR5cCI6IkpXVCJ9.eyJleHAiOjE2ODc1NjQxOTcsIm5hbWUiOiJLZW5kcmljayIsInJvbGUiOiJVc2VyIiwidXNlcl9pZCI6MTN9.p2Rdg1yWJH_349Z-51pSbx60sUkrEL6hEGPfRb2E0_o
08:37:49.175 [main] DEBUG org.apache.http.headers - >> Accept: */*
08:37:49.175 [main] DEBUG org.apache.http.headers - >> Host: ec2-54-206-29-131.ap-southeast-2.compute.amazonaws.com:8000
08:37:49.175 [main] DEBUG org.apache.http.headers - >> Connection: Keep-Alive
08:37:49.175 [main] DEBUG org.apache.http.headers - >> User-Agent: Apache-HttpClient/4.5.13 (Java/11.0.12)
08:37:49.175 [main] DEBUG org.apache.http.headers - >> Accept-Encoding: gzip,deflate
08:37:49.292 [main] DEBUG org.apache.http.wire -  << "HTTP/1.1 404 Not Found[\r][\n]"
08:37:49.292 [main] DEBUG org.apache.http.wire -  << "Content-Type: application/json; charset=UTF-8[\r][\n]"
08:37:49.292 [main] DEBUG org.apache.http.wire -  << "Vary: Origin[\r][\n]"
08:37:49.292 [main] DEBUG org.apache.http.wire -  << "Vary: Origin[\r][\n]"
08:37:49.292 [main] DEBUG org.apache.http.wire -  << "Date: Fri, 23 Jun 2023 01:37:53 GMT[\r][\n]"
08:37:49.292 [main] DEBUG org.apache.http.wire -  << "Content-Length: 24[\r][\n]"
08:37:49.292 [main] DEBUG org.apache.http.wire -  << "[\r][\n]"
08:37:49.292 [main] DEBUG org.apache.http.impl.conn.DefaultClientConnection - Receiving response: HTTP/1.1 404 Not Found
08:37:49.292 [main] DEBUG org.apache.http.headers - << HTTP/1.1 404 Not Found
08:37:49.292 [main] DEBUG org.apache.http.headers - << Content-Type: application/json; charset=UTF-8
08:37:49.292 [main] DEBUG org.apache.http.headers - << Vary: Origin
08:37:49.292 [main] DEBUG org.apache.http.headers - << Vary: Origin
08:37:49.292 [main] DEBUG org.apache.http.headers - << Date: Fri, 23 Jun 2023 01:37:53 GMT
08:37:49.292 [main] DEBUG org.apache.http.headers - << Content-Length: 24
08:37:49.293 [main] DEBUG org.apache.http.impl.client.DefaultHttpClient - Connection can be kept alive indefinitely
08:37:49.293 [main] DEBUG io.restassured.internal.RestAssuredHttpBuilder - Parsing response as: application/json; charset=UTF-8
08:37:49.293 [main] DEBUG io.restassured.internal.RestAssuredHttpBuilder - Parsed data to instance of: class org.apache.http.conn.EofSensorInputStream
08:37:49.294 [main] DEBUG org.apache.http.wire -  << "{"message":"Not Found"}[\n]"
08:37:49.294 [main] DEBUG org.apache.http.impl.conn.BasicClientConnectionManager - Releasing connection org.apache.http.impl.conn.ManagedClientConnectionImpl@6a6a3fc4
08:37:49.294 [main] DEBUG org.apache.http.impl.conn.BasicClientConnectionManager - Connection can be kept alive indefinitely
08:37:49.294 [main] DEBUG net.thucydides.core.steps.StepInterceptor - STEP DONE: I send GET HTTP request all threads invalid
  &amp#27;[32mWhen &amp#27;[0m&amp#27;[32mI send GET HTTP request all threads invalid&amp#27;[0m  &amp#27;[90m# starter.stepdefinitions.ThreadsSteps.sendGetHttpRequestAllThreadsInvalid()&amp#27;[0m
08:37:49.296 [main] DEBUG net.thucydides.core.steps.StepInterceptor - STARTING STEP: ThreadsSteps.receiveHttpResponseCode404 - I receive valid HTTP response code 404
08:37:49.297 [main] DEBUG net.thucydides.core.steps.StepInterceptor - STEP DONE: I receive valid HTTP response code 404
  &amp#27;[32mThen &amp#27;[0m&amp#27;[32mI receive valid HTTP response code 404&amp#27;[0m       &amp#27;[90m# starter.stepdefinitions.ThreadsSteps.receiveHttpResponseCode404()&amp#27;[0m
08:37:49.299 [main] DEBUG net.thucydides.core.steps.StepInterceptor - STARTING STEP: ThreadsSteps.receiveValidDataForResponseCode404 - I receive valid data for response code 404
08:37:49.300 [main] DEBUG net.thucydides.core.steps.StepInterceptor - STEP DONE: I receive valid data for response code 404
  &amp#27;[32mAnd &amp#27;[0m&amp#27;[32mI receive valid data for response code 404&amp#27;[0m    &amp#27;[90m# starter.stepdefinitions.ThreadsSteps.receiveValidDataForResponseCode404()&amp#27;[0m
08:37:49.302 [main] INFO  - 
  _____   ___   ___   _____     ___     _     ___   ___   ___   ___  
 |_   _| | __| / __| |_   _|   | _ \   /_\   / __| / __| | __| |   \ 
   | |   | _|  \__ \   | |     |  _/  / _ \  \__ \ \__ \ | _|  | |) |
   |_|   |___| |___/   |_|     |_|   /_/ \_\ |___/ |___/ |___| |___/ 

GET As a user I can't get all threads
----------------------------------------------------------------------
]]></system-out>
  </testcase>
  <testcase name="GET As a user I can get thread by id" classname="ManageThread" time="0.285">
    <system-out><![CDATA[
@Thread @T5
Scenario: GET As a user I can get thread by id   &amp#27;[90m# src/test/resources/api/ManageThread.feature:37&amp#27;[0m
08:37:49.310 [main] INFO io.cucumber.core.plugin.SerenityReporter - Running feature from file:///C:/Users/Nafal%20Adi%20SL/Documents/GitHub/Capstone-QE/test-automation-API/src/test/resources/api/ManageThread.feature
08:37:49.310 [main] WARN io.cucumber.core.plugin.SerenityReporter - Feature from file:///C:/Users/Nafal%20Adi%20SL/Documents/GitHub/Capstone-QE/test-automation-API/src/test/resources/api/ManageThread.feature is not under the 'features' directory. Requirements report will not be correctly generated!
08:37:49.312 [main] INFO  - 
  _____   ___   ___   _____     ___   _____     _     ___   _____   ___   ___  
 |_   _| | __| / __| |_   _|   / __| |_   _|   /_\   | _ \ |_   _| | __| |   \ 
   | |   | _|  \__ \   | |     \__ \   | |    / _ \  |   /   | |   | _|  | |) |
   |_|   |___| |___/   |_|     |___/   |_|   /_/ \_\ |_|_\   |_|   |___| |___/ 

GET As a user I can get thread by id(managethread;get-as-a-user-i-can-get-thread-by-id)
--------------------------------------------------------------------------------
08:37:49.325 [main] DEBUG net.thucydides.core.steps.StepInterceptor - STARTING STEP: ThreadsSteps.setGetApiEndpointsById - I set GET api endpoints thread by id
08:37:49.325 [main] DEBUG net.thucydides.core.steps.StepInterceptor - STEP DONE: I set GET api endpoints thread by id
  &amp#27;[32mGiven &amp#27;[0m&amp#27;[32mI set GET api endpoints thread by id&amp#27;[0m     &amp#27;[90m# starter.stepdefinitions.ThreadsSteps.setGetApiEndpointsById()&amp#27;[0m
08:37:49.327 [main] DEBUG net.thucydides.core.steps.StepInterceptor - STARTING STEP: ThreadsSteps.sendGetHttpRequestById - I send GET HTTP request thread by id
08:37:49.328 [main] DEBUG net.thucydides.core.steps.StepInterceptor - STARTING STEP: GetThreadsId.sendGetHttpRequest - I set GET api endpoints thread by id
08:37:49.328 [main] DEBUG net.thucydides.core.steps.StepInterceptor - STEP DONE: I set GET api endpoints thread by id
08:37:49.336 [main] DEBUG org.apache.http.impl.conn.BasicClientConnectionManager - Get connection for route {}->http://ec2-54-206-29-131.ap-southeast-2.compute.amazonaws.com:8000
08:37:49.337 [main] DEBUG org.apache.http.impl.conn.DefaultClientConnectionOperator - Connecting to ec2-54-206-29-131.ap-southeast-2.compute.amazonaws.com:8000
08:37:49.452 [main] DEBUG org.apache.http.client.protocol.RequestAddCookies - CookieSpec selected: ignoreCookies
08:37:49.452 [main] DEBUG org.apache.http.client.protocol.RequestAuthCache - Auth cache not set in the context
08:37:49.452 [main] DEBUG org.apache.http.client.protocol.RequestProxyAuthentication - Proxy auth state: UNCHALLENGED
08:37:49.452 [main] DEBUG org.apache.http.impl.client.DefaultHttpClient - Attempt 1 to execute request
08:37:49.452 [main] DEBUG org.apache.http.impl.conn.DefaultClientConnection - Sending request: GET /threads/11 HTTP/1.1
08:37:49.453 [main] DEBUG org.apache.http.wire -  >> "GET /threads/11 HTTP/1.1[\r][\n]"
08:37:49.453 [main] DEBUG org.apache.http.wire -  >> "Authorization: Bearer eyJhbGciOiJIUzI1NiIsInR5cCI6IkpXVCJ9.eyJleHAiOjE2ODc1NjQxOTcsIm5hbWUiOiJLZW5kcmljayIsInJvbGUiOiJVc2VyIiwidXNlcl9pZCI6MTN9.p2Rdg1yWJH_349Z-51pSbx60sUkrEL6hEGPfRb2E0_o[\r][\n]"
08:37:49.453 [main] DEBUG org.apache.http.wire -  >> "Accept: */*[\r][\n]"
08:37:49.453 [main] DEBUG org.apache.http.wire -  >> "Host: ec2-54-206-29-131.ap-southeast-2.compute.amazonaws.com:8000[\r][\n]"
08:37:49.453 [main] DEBUG org.apache.http.wire -  >> "Connection: Keep-Alive[\r][\n]"
08:37:49.453 [main] DEBUG org.apache.http.wire -  >> "User-Agent: Apache-HttpClient/4.5.13 (Java/11.0.12)[\r][\n]"
08:37:49.453 [main] DEBUG org.apache.http.wire -  >> "Accept-Encoding: gzip,deflate[\r][\n]"
08:37:49.453 [main] DEBUG org.apache.http.wire -  >> "[\r][\n]"
08:37:49.453 [main] DEBUG org.apache.http.headers - >> GET /threads/11 HTTP/1.1
08:37:49.453 [main] DEBUG org.apache.http.headers - >> Authorization: Bearer eyJhbGciOiJIUzI1NiIsInR5cCI6IkpXVCJ9.eyJleHAiOjE2ODc1NjQxOTcsIm5hbWUiOiJLZW5kcmljayIsInJvbGUiOiJVc2VyIiwidXNlcl9pZCI6MTN9.p2Rdg1yWJH_349Z-51pSbx60sUkrEL6hEGPfRb2E0_o
08:37:49.453 [main] DEBUG org.apache.http.headers - >> Accept: */*
08:37:49.453 [main] DEBUG org.apache.http.headers - >> Host: ec2-54-206-29-131.ap-southeast-2.compute.amazonaws.com:8000
08:37:49.453 [main] DEBUG org.apache.http.headers - >> Connection: Keep-Alive
08:37:49.453 [main] DEBUG org.apache.http.headers - >> User-Agent: Apache-HttpClient/4.5.13 (Java/11.0.12)
08:37:49.453 [main] DEBUG org.apache.http.headers - >> Accept-Encoding: gzip,deflate
08:37:49.571 [main] DEBUG org.apache.http.wire -  << "HTTP/1.1 200 OK[\r][\n]"
08:37:49.571 [main] DEBUG org.apache.http.wire -  << "Content-Type: application/json; charset=UTF-8[\r][\n]"
08:37:49.571 [main] DEBUG org.apache.http.wire -  << "Vary: Origin[\r][\n]"
08:37:49.571 [main] DEBUG org.apache.http.wire -  << "Vary: Origin[\r][\n]"
08:37:49.571 [main] DEBUG org.apache.http.wire -  << "Date: Fri, 23 Jun 2023 01:37:53 GMT[\r][\n]"
08:37:49.571 [main] DEBUG org.apache.http.wire -  << "Content-Length: 530[\r][\n]"
08:37:49.571 [main] DEBUG org.apache.http.wire -  << "[\r][\n]"
08:37:49.571 [main] DEBUG org.apache.http.impl.conn.DefaultClientConnection - Receiving response: HTTP/1.1 200 OK
08:37:49.571 [main] DEBUG org.apache.http.headers - << HTTP/1.1 200 OK
08:37:49.571 [main] DEBUG org.apache.http.headers - << Content-Type: application/json; charset=UTF-8
08:37:49.571 [main] DEBUG org.apache.http.headers - << Vary: Origin
08:37:49.571 [main] DEBUG org.apache.http.headers - << Vary: Origin
08:37:49.571 [main] DEBUG org.apache.http.headers - << Date: Fri, 23 Jun 2023 01:37:53 GMT
08:37:49.571 [main] DEBUG org.apache.http.headers - << Content-Length: 530
08:37:49.571 [main] DEBUG org.apache.http.impl.client.DefaultHttpClient - Connection can be kept alive indefinitely
08:37:49.572 [main] DEBUG io.restassured.internal.RestAssuredHttpBuilder - Parsing response as: application/json; charset=UTF-8
08:37:49.572 [main] DEBUG io.restassured.internal.RestAssuredHttpBuilder - Parsed data to instance of: class org.apache.http.conn.EofSensorInputStream
08:37:49.572 [main] DEBUG org.apache.http.wire -  << "{"data":{"ID":11,"title":"An Instant In The Wind","content":"Omnis distinctio ab dicta. Est autem omnis nihil ducimus facere. Nulla at veniam alias.","comments":[{"comment":"Ahmad","thread_id":11,"user_id":1},{"comment":"Ahmad","thread_id":11,"user_id":13},{"comment":"Ahmad","thread_id":11,"user_id":13},{"comment":"","thread_id":11,"user_id":13},{"comment":"Ahmad","thread_id":11,"user_id":13},{"comment":"Ahmad","thread_id":11,"user_id":13},{"comment":"Ahmad","thread_id":11,"user_id":13}]},"message":"success getting Thread"}[\n]"
08:37:49.573 [main] DEBUG org.apache.http.impl.conn.BasicClientConnectionManager - Releasing connection org.apache.http.impl.conn.ManagedClientConnectionImpl@498503cb
08:37:49.573 [main] DEBUG org.apache.http.impl.conn.BasicClientConnectionManager - Connection can be kept alive indefinitely
08:37:49.573 [main] DEBUG net.thucydides.core.steps.StepInterceptor - STEP DONE: I send GET HTTP request thread by id
  &amp#27;[32mWhen &amp#27;[0m&amp#27;[32mI send GET HTTP request thread by id&amp#27;[0m      &amp#27;[90m# starter.stepdefinitions.ThreadsSteps.sendGetHttpRequestById()&amp#27;[0m
08:37:49.581 [main] DEBUG net.thucydides.core.steps.StepInterceptor - STARTING STEP: AuthUserSteps.receiveValidHttpResponseCode200 - I receive valid HTTP response code 200
08:37:49.582 [main] DEBUG net.thucydides.core.steps.StepInterceptor - STEP DONE: I receive valid HTTP response code 200
  &amp#27;[32mThen &amp#27;[0m&amp#27;[32mI receive valid HTTP response code 200&amp#27;[0m    &amp#27;[90m# starter.stepdefinitions.AuthUserSteps.receiveValidHttpResponseCode200()&amp#27;[0m
08:37:49.583 [main] DEBUG net.thucydides.core.steps.StepInterceptor - STARTING STEP: AuthUserSteps.receiveValidDataForResponseCode200 - I receive valid data for response code 200
08:37:49.586 [main] DEBUG net.thucydides.core.steps.StepInterceptor - STEP DONE: I receive valid data for response code 200
  &amp#27;[32mAnd &amp#27;[0m&amp#27;[32mI receive valid data for response code 200&amp#27;[0m &amp#27;[90m# starter.stepdefinitions.AuthUserSteps.receiveValidDataForResponseCode200()&amp#27;[0m
08:37:49.588 [main] INFO  - 
  _____   ___   ___   _____     ___     _     ___   ___   ___   ___  
 |_   _| | __| / __| |_   _|   | _ \   /_\   / __| / __| | __| |   \ 
   | |   | _|  \__ \   | |     |  _/  / _ \  \__ \ \__ \ | _|  | |) |
   |_|   |___| |___/   |_|     |_|   /_/ \_\ |___/ |___/ |___| |___/ 

GET As a user I can get thread by id
----------------------------------------------------------------------
]]></system-out>
  </testcase>
  <testcase name="GET As a user I can&apos;t get thread by id" classname="ManageThread" time="0.278">
    <system-out><![CDATA[
@Thread @T6
Scenario: GET As a user I can't get thread by id     &amp#27;[90m# src/test/resources/api/ManageThread.feature:44&amp#27;[0m
08:37:49.595 [main] INFO io.cucumber.core.plugin.SerenityReporter - Running feature from file:///C:/Users/Nafal%20Adi%20SL/Documents/GitHub/Capstone-QE/test-automation-API/src/test/resources/api/ManageThread.feature
08:37:49.595 [main] WARN io.cucumber.core.plugin.SerenityReporter - Feature from file:///C:/Users/Nafal%20Adi%20SL/Documents/GitHub/Capstone-QE/test-automation-API/src/test/resources/api/ManageThread.feature is not under the 'features' directory. Requirements report will not be correctly generated!
08:37:49.596 [main] INFO  - 
  _____   ___   ___   _____     ___   _____     _     ___   _____   ___   ___  
 |_   _| | __| / __| |_   _|   / __| |_   _|   /_\   | _ \ |_   _| | __| |   \ 
   | |   | _|  \__ \   | |     \__ \   | |    / _ \  |   /   | |   | _|  | |) |
   |_|   |___| |___/   |_|     |___/   |_|   /_/ \_\ |_|_\   |_|   |___| |___/ 

GET As a user I can't get thread by id(managethread;get-as-a-user-i-can-t-get-thread-by-id)
--------------------------------------------------------------------------------
08:37:49.608 [main] DEBUG net.thucydides.core.steps.StepInterceptor - STARTING STEP: ThreadsSteps.setGetApiEndpointsByIdInvalid - I set GET api endpoints thread by id invalid
08:37:49.608 [main] DEBUG net.thucydides.core.steps.StepInterceptor - STEP DONE: I set GET api endpoints thread by id invalid
  &amp#27;[32mGiven &amp#27;[0m&amp#27;[32mI set GET api endpoints thread by id invalid&amp#27;[0m &amp#27;[90m# starter.stepdefinitions.ThreadsSteps.setGetApiEndpointsByIdInvalid()&amp#27;[0m
08:37:49.610 [main] DEBUG net.thucydides.core.steps.StepInterceptor - STARTING STEP: ThreadsSteps.sendGetHttpRequestByIdInvalid - I send GET HTTP request thread by id invalid
08:37:49.612 [main] DEBUG net.thucydides.core.steps.StepInterceptor - STARTING STEP: GetThreadsId.sendGetHttpRequestInvalid - I set GET api endpoints thread by id invalid
08:37:49.612 [main] DEBUG net.thucydides.core.steps.StepInterceptor - STEP DONE: I set GET api endpoints thread by id invalid
08:37:49.621 [main] DEBUG org.apache.http.impl.conn.BasicClientConnectionManager - Get connection for route {}->http://ec2-54-206-29-131.ap-southeast-2.compute.amazonaws.com:8000
08:37:49.621 [main] DEBUG org.apache.http.impl.conn.DefaultClientConnectionOperator - Connecting to ec2-54-206-29-131.ap-southeast-2.compute.amazonaws.com:8000
08:37:49.736 [main] DEBUG org.apache.http.client.protocol.RequestAddCookies - CookieSpec selected: ignoreCookies
08:37:49.736 [main] DEBUG org.apache.http.client.protocol.RequestAuthCache - Auth cache not set in the context
08:37:49.736 [main] DEBUG org.apache.http.client.protocol.RequestProxyAuthentication - Proxy auth state: UNCHALLENGED
08:37:49.736 [main] DEBUG org.apache.http.impl.client.DefaultHttpClient - Attempt 1 to execute request
08:37:49.736 [main] DEBUG org.apache.http.impl.conn.DefaultClientConnection - Sending request: GET /threads/111212 HTTP/1.1
08:37:49.736 [main] DEBUG org.apache.http.wire -  >> "GET /threads/111212 HTTP/1.1[\r][\n]"
08:37:49.737 [main] DEBUG org.apache.http.wire -  >> "Authorization: Bearer eyJhbGciOiJIUzI1NiIsInR5cCI6IkpXVCJ9.eyJleHAiOjE2ODc1NjQxOTcsIm5hbWUiOiJLZW5kcmljayIsInJvbGUiOiJVc2VyIiwidXNlcl9pZCI6MTN9.p2Rdg1yWJH_349Z-51pSbx60sUkrEL6hEGPfRb2E0_o[\r][\n]"
08:37:49.737 [main] DEBUG org.apache.http.wire -  >> "Accept: */*[\r][\n]"
08:37:49.737 [main] DEBUG org.apache.http.wire -  >> "Host: ec2-54-206-29-131.ap-southeast-2.compute.amazonaws.com:8000[\r][\n]"
08:37:49.737 [main] DEBUG org.apache.http.wire -  >> "Connection: Keep-Alive[\r][\n]"
08:37:49.737 [main] DEBUG org.apache.http.wire -  >> "User-Agent: Apache-HttpClient/4.5.13 (Java/11.0.12)[\r][\n]"
08:37:49.737 [main] DEBUG org.apache.http.wire -  >> "Accept-Encoding: gzip,deflate[\r][\n]"
08:37:49.737 [main] DEBUG org.apache.http.wire -  >> "[\r][\n]"
08:37:49.737 [main] DEBUG org.apache.http.headers - >> GET /threads/111212 HTTP/1.1
08:37:49.737 [main] DEBUG org.apache.http.headers - >> Authorization: Bearer eyJhbGciOiJIUzI1NiIsInR5cCI6IkpXVCJ9.eyJleHAiOjE2ODc1NjQxOTcsIm5hbWUiOiJLZW5kcmljayIsInJvbGUiOiJVc2VyIiwidXNlcl9pZCI6MTN9.p2Rdg1yWJH_349Z-51pSbx60sUkrEL6hEGPfRb2E0_o
08:37:49.737 [main] DEBUG org.apache.http.headers - >> Accept: */*
08:37:49.737 [main] DEBUG org.apache.http.headers - >> Host: ec2-54-206-29-131.ap-southeast-2.compute.amazonaws.com:8000
08:37:49.737 [main] DEBUG org.apache.http.headers - >> Connection: Keep-Alive
08:37:49.737 [main] DEBUG org.apache.http.headers - >> User-Agent: Apache-HttpClient/4.5.13 (Java/11.0.12)
08:37:49.737 [main] DEBUG org.apache.http.headers - >> Accept-Encoding: gzip,deflate
08:37:49.857 [main] DEBUG org.apache.http.wire -  << "HTTP/1.1 404 Not Found[\r][\n]"
08:37:49.858 [main] DEBUG org.apache.http.wire -  << "Content-Type: application/json; charset=UTF-8[\r][\n]"
08:37:49.858 [main] DEBUG org.apache.http.wire -  << "Vary: Origin[\r][\n]"
08:37:49.858 [main] DEBUG org.apache.http.wire -  << "Vary: Origin[\r][\n]"
08:37:49.858 [main] DEBUG org.apache.http.wire -  << "Date: Fri, 23 Jun 2023 01:37:54 GMT[\r][\n]"
08:37:49.858 [main] DEBUG org.apache.http.wire -  << "Content-Length: 31[\r][\n]"
08:37:49.858 [main] DEBUG org.apache.http.wire -  << "[\r][\n]"
08:37:49.858 [main] DEBUG org.apache.http.impl.conn.DefaultClientConnection - Receiving response: HTTP/1.1 404 Not Found
08:37:49.858 [main] DEBUG org.apache.http.headers - << HTTP/1.1 404 Not Found
08:37:49.858 [main] DEBUG org.apache.http.headers - << Content-Type: application/json; charset=UTF-8
08:37:49.858 [main] DEBUG org.apache.http.headers - << Vary: Origin
08:37:49.858 [main] DEBUG org.apache.http.headers - << Vary: Origin
08:37:49.858 [main] DEBUG org.apache.http.headers - << Date: Fri, 23 Jun 2023 01:37:54 GMT
08:37:49.858 [main] DEBUG org.apache.http.headers - << Content-Length: 31
08:37:49.858 [main] DEBUG org.apache.http.impl.client.DefaultHttpClient - Connection can be kept alive indefinitely
08:37:49.859 [main] DEBUG io.restassured.internal.RestAssuredHttpBuilder - Parsing response as: application/json; charset=UTF-8
08:37:49.859 [main] DEBUG io.restassured.internal.RestAssuredHttpBuilder - Parsed data to instance of: class org.apache.http.conn.EofSensorInputStream
08:37:49.860 [main] DEBUG org.apache.http.wire -  << "{"message":"record not found"}[\n]"
08:37:49.860 [main] DEBUG org.apache.http.impl.conn.BasicClientConnectionManager - Releasing connection org.apache.http.impl.conn.ManagedClientConnectionImpl@173b24c4
08:37:49.860 [main] DEBUG org.apache.http.impl.conn.BasicClientConnectionManager - Connection can be kept alive indefinitely
08:37:49.860 [main] DEBUG net.thucydides.core.steps.StepInterceptor - STEP DONE: I send GET HTTP request thread by id invalid
  &amp#27;[32mWhen &amp#27;[0m&amp#27;[32mI send GET HTTP request thread by id invalid&amp#27;[0m  &amp#27;[90m# starter.stepdefinitions.ThreadsSteps.sendGetHttpRequestByIdInvalid()&amp#27;[0m
08:37:49.863 [main] DEBUG net.thucydides.core.steps.StepInterceptor - STARTING STEP: ThreadsSteps.receiveHttpResponseCode404 - I receive valid HTTP response code 404
08:37:49.863 [main] DEBUG net.thucydides.core.steps.StepInterceptor - STEP DONE: I receive valid HTTP response code 404
  &amp#27;[32mThen &amp#27;[0m&amp#27;[32mI receive valid HTTP response code 404&amp#27;[0m        &amp#27;[90m# starter.stepdefinitions.ThreadsSteps.receiveHttpResponseCode404()&amp#27;[0m
08:37:49.865 [main] DEBUG net.thucydides.core.steps.StepInterceptor - STARTING STEP: ThreadsSteps.receiveValidDataForResponseCode404 - I receive valid data for response code 404
08:37:49.866 [main] DEBUG net.thucydides.core.steps.StepInterceptor - STEP DONE: I receive valid data for response code 404
  &amp#27;[32mAnd &amp#27;[0m&amp#27;[32mI receive valid data for response code 404&amp#27;[0m     &amp#27;[90m# starter.stepdefinitions.ThreadsSteps.receiveValidDataForResponseCode404()&amp#27;[0m
08:37:49.867 [main] INFO  - 
  _____   ___   ___   _____     ___     _     ___   ___   ___   ___  
 |_   _| | __| / __| |_   _|   | _ \   /_\   / __| / __| | __| |   \ 
   | |   | _|  \__ \   | |     |  _/  / _ \  \__ \ \__ \ | _|  | |) |
   |_|   |___| |___/   |_|     |_|   /_/ \_\ |___/ |___/ |___| |___/ 

GET As a user I can't get thread by id
----------------------------------------------------------------------
]]></system-out>
  </testcase>
  <testcase name="GET As a user I can get thread by title" classname="ManageThread" time="0.288">
    <system-out><![CDATA[
@Thread @T7
Scenario: GET As a user I can get thread by title &amp#27;[90m# src/test/resources/api/ManageThread.feature:52&amp#27;[0m
08:37:49.875 [main] INFO io.cucumber.core.plugin.SerenityReporter - Running feature from file:///C:/Users/Nafal%20Adi%20SL/Documents/GitHub/Capstone-QE/test-automation-API/src/test/resources/api/ManageThread.feature
08:37:49.875 [main] WARN io.cucumber.core.plugin.SerenityReporter - Feature from file:///C:/Users/Nafal%20Adi%20SL/Documents/GitHub/Capstone-QE/test-automation-API/src/test/resources/api/ManageThread.feature is not under the 'features' directory. Requirements report will not be correctly generated!
08:37:49.876 [main] INFO  - 
  _____   ___   ___   _____     ___   _____     _     ___   _____   ___   ___  
 |_   _| | __| / __| |_   _|   / __| |_   _|   /_\   | _ \ |_   _| | __| |   \ 
   | |   | _|  \__ \   | |     \__ \   | |    / _ \  |   /   | |   | _|  | |) |
   |_|   |___| |___/   |_|     |___/   |_|   /_/ \_\ |_|_\   |_|   |___| |___/ 

GET As a user I can get thread by title(managethread;get-as-a-user-i-can-get-thread-by-title)
--------------------------------------------------------------------------------
08:37:49.887 [main] DEBUG net.thucydides.core.steps.StepInterceptor - STARTING STEP: ThreadsSteps.setGetApiEndpointsByTitle - I set GET api endpoints thread by title
08:37:49.887 [main] DEBUG net.thucydides.core.steps.StepInterceptor - STEP DONE: I set GET api endpoints thread by title
  &amp#27;[32mGiven &amp#27;[0m&amp#27;[32mI set GET api endpoints thread by title&amp#27;[0m   &amp#27;[90m# starter.stepdefinitions.ThreadsSteps.setGetApiEndpointsByTitle()&amp#27;[0m
08:37:49.889 [main] DEBUG net.thucydides.core.steps.StepInterceptor - STARTING STEP: ThreadsSteps.sendGetHttpRequestByTitle - I send GET HTTP request thread by title
08:37:49.890 [main] DEBUG net.thucydides.core.steps.StepInterceptor - STARTING STEP: GetThreadsTitle.sendGetHttpRequest - I set GET api endpoints thread by title
08:37:49.890 [main] DEBUG net.thucydides.core.steps.StepInterceptor - STEP DONE: I set GET api endpoints thread by title
08:37:49.904 [main] DEBUG org.apache.http.impl.conn.BasicClientConnectionManager - Get connection for route {}->http://ec2-54-206-29-131.ap-southeast-2.compute.amazonaws.com:8000
08:37:49.905 [main] DEBUG org.apache.http.impl.conn.DefaultClientConnectionOperator - Connecting to ec2-54-206-29-131.ap-southeast-2.compute.amazonaws.com:8000
08:37:50.023 [main] DEBUG org.apache.http.client.protocol.RequestAddCookies - CookieSpec selected: ignoreCookies
08:37:50.023 [main] DEBUG org.apache.http.client.protocol.RequestAuthCache - Auth cache not set in the context
08:37:50.023 [main] DEBUG org.apache.http.client.protocol.RequestProxyAuthentication - Proxy auth state: UNCHALLENGED
08:37:50.023 [main] DEBUG org.apache.http.impl.client.DefaultHttpClient - Attempt 1 to execute request
08:37:50.023 [main] DEBUG org.apache.http.impl.conn.DefaultClientConnection - Sending request: GET /threads?title=1950 HTTP/1.1
08:37:50.023 [main] DEBUG org.apache.http.wire -  >> "GET /threads?title=1950 HTTP/1.1[\r][\n]"
08:37:50.023 [main] DEBUG org.apache.http.wire -  >> "Authorization: Bearer eyJhbGciOiJIUzI1NiIsInR5cCI6IkpXVCJ9.eyJleHAiOjE2ODc1NjQxOTcsIm5hbWUiOiJLZW5kcmljayIsInJvbGUiOiJVc2VyIiwidXNlcl9pZCI6MTN9.p2Rdg1yWJH_349Z-51pSbx60sUkrEL6hEGPfRb2E0_o[\r][\n]"
08:37:50.023 [main] DEBUG org.apache.http.wire -  >> "Accept: */*[\r][\n]"
08:37:50.023 [main] DEBUG org.apache.http.wire -  >> "Host: ec2-54-206-29-131.ap-southeast-2.compute.amazonaws.com:8000[\r][\n]"
08:37:50.023 [main] DEBUG org.apache.http.wire -  >> "Connection: Keep-Alive[\r][\n]"
08:37:50.023 [main] DEBUG org.apache.http.wire -  >> "User-Agent: Apache-HttpClient/4.5.13 (Java/11.0.12)[\r][\n]"
08:37:50.023 [main] DEBUG org.apache.http.wire -  >> "Accept-Encoding: gzip,deflate[\r][\n]"
08:37:50.023 [main] DEBUG org.apache.http.wire -  >> "[\r][\n]"
08:37:50.023 [main] DEBUG org.apache.http.headers - >> GET /threads?title=1950 HTTP/1.1
08:37:50.023 [main] DEBUG org.apache.http.headers - >> Authorization: Bearer eyJhbGciOiJIUzI1NiIsInR5cCI6IkpXVCJ9.eyJleHAiOjE2ODc1NjQxOTcsIm5hbWUiOiJLZW5kcmljayIsInJvbGUiOiJVc2VyIiwidXNlcl9pZCI6MTN9.p2Rdg1yWJH_349Z-51pSbx60sUkrEL6hEGPfRb2E0_o
08:37:50.023 [main] DEBUG org.apache.http.headers - >> Accept: */*
08:37:50.023 [main] DEBUG org.apache.http.headers - >> Host: ec2-54-206-29-131.ap-southeast-2.compute.amazonaws.com:8000
08:37:50.023 [main] DEBUG org.apache.http.headers - >> Connection: Keep-Alive
08:37:50.023 [main] DEBUG org.apache.http.headers - >> User-Agent: Apache-HttpClient/4.5.13 (Java/11.0.12)
08:37:50.023 [main] DEBUG org.apache.http.headers - >> Accept-Encoding: gzip,deflate
08:37:50.142 [main] DEBUG org.apache.http.wire -  << "HTTP/1.1 200 OK[\r][\n]"
08:37:50.142 [main] DEBUG org.apache.http.wire -  << "Content-Type: application/json; charset=UTF-8[\r][\n]"
08:37:50.142 [main] DEBUG org.apache.http.wire -  << "Vary: Origin[\r][\n]"
08:37:50.142 [main] DEBUG org.apache.http.wire -  << "Vary: Origin[\r][\n]"
08:37:50.142 [main] DEBUG org.apache.http.wire -  << "Date: Fri, 23 Jun 2023 01:37:54 GMT[\r][\n]"
08:37:50.142 [main] DEBUG org.apache.http.wire -  << "Content-Length: 65[\r][\n]"
08:37:50.142 [main] DEBUG org.apache.http.wire -  << "[\r][\n]"
08:37:50.142 [main] DEBUG org.apache.http.impl.conn.DefaultClientConnection - Receiving response: HTTP/1.1 200 OK
08:37:50.142 [main] DEBUG org.apache.http.headers - << HTTP/1.1 200 OK
08:37:50.142 [main] DEBUG org.apache.http.headers - << Content-Type: application/json; charset=UTF-8
08:37:50.142 [main] DEBUG org.apache.http.headers - << Vary: Origin
08:37:50.142 [main] DEBUG org.apache.http.headers - << Vary: Origin
08:37:50.142 [main] DEBUG org.apache.http.headers - << Date: Fri, 23 Jun 2023 01:37:54 GMT
08:37:50.142 [main] DEBUG org.apache.http.headers - << Content-Length: 65
08:37:50.142 [main] DEBUG org.apache.http.impl.client.DefaultHttpClient - Connection can be kept alive indefinitely
08:37:50.142 [main] DEBUG io.restassured.internal.RestAssuredHttpBuilder - Parsing response as: application/json; charset=UTF-8
08:37:50.142 [main] DEBUG io.restassured.internal.RestAssuredHttpBuilder - Parsed data to instance of: class org.apache.http.conn.EofSensorInputStream
08:37:50.143 [main] DEBUG org.apache.http.wire -  << "{"message":"Successfully retrieved thread by title","thread":[]}[\n]"
08:37:50.143 [main] DEBUG org.apache.http.impl.conn.BasicClientConnectionManager - Releasing connection org.apache.http.impl.conn.ManagedClientConnectionImpl@57777c23
08:37:50.143 [main] DEBUG org.apache.http.impl.conn.BasicClientConnectionManager - Connection can be kept alive indefinitely
08:37:50.143 [main] DEBUG net.thucydides.core.steps.StepInterceptor - STEP DONE: I send GET HTTP request thread by title
  &amp#27;[32mWhen &amp#27;[0m&amp#27;[32mI send GET HTTP request thread by title&amp#27;[0m    &amp#27;[90m# starter.stepdefinitions.ThreadsSteps.sendGetHttpRequestByTitle()&amp#27;[0m
08:37:50.151 [main] DEBUG net.thucydides.core.steps.StepInterceptor - STARTING STEP: AuthUserSteps.receiveValidHttpResponseCode200 - I receive valid HTTP response code 200
08:37:50.151 [main] DEBUG net.thucydides.core.steps.StepInterceptor - STEP DONE: I receive valid HTTP response code 200
  &amp#27;[32mThen &amp#27;[0m&amp#27;[32mI receive valid HTTP response code 200&amp#27;[0m     &amp#27;[90m# starter.stepdefinitions.AuthUserSteps.receiveValidHttpResponseCode200()&amp#27;[0m
08:37:50.153 [main] DEBUG net.thucydides.core.steps.StepInterceptor - STARTING STEP: AuthUserSteps.receiveValidDataForResponseCode200 - I receive valid data for response code 200
08:37:50.154 [main] DEBUG net.thucydides.core.steps.StepInterceptor - STEP DONE: I receive valid data for response code 200
  &amp#27;[32mAnd &amp#27;[0m&amp#27;[32mI receive valid data for response code 200&amp#27;[0m  &amp#27;[90m# starter.stepdefinitions.AuthUserSteps.receiveValidDataForResponseCode200()&amp#27;[0m
08:37:50.155 [main] INFO  - 
  _____   ___   ___   _____     ___     _     ___   ___   ___   ___  
 |_   _| | __| / __| |_   _|   | _ \   /_\   / __| / __| | __| |   \ 
   | |   | _|  \__ \   | |     |  _/  / _ \  \__ \ \__ \ | _|  | |) |
   |_|   |___| |___/   |_|     |_|   /_/ \_\ |___/ |___/ |___| |___/ 

GET As a user I can get thread by title
----------------------------------------------------------------------
]]></system-out>
  </testcase>
  <testcase name="GET As a user I can&apos;t get thread by title" classname="ManageThread" time="0.27">
    <system-out><![CDATA[
@Thread @T8
Scenario: GET As a user I can't get thread by title     &amp#27;[90m# src/test/resources/api/ManageThread.feature:59&amp#27;[0m
08:37:50.162 [main] INFO io.cucumber.core.plugin.SerenityReporter - Running feature from file:///C:/Users/Nafal%20Adi%20SL/Documents/GitHub/Capstone-QE/test-automation-API/src/test/resources/api/ManageThread.feature
08:37:50.162 [main] WARN io.cucumber.core.plugin.SerenityReporter - Feature from file:///C:/Users/Nafal%20Adi%20SL/Documents/GitHub/Capstone-QE/test-automation-API/src/test/resources/api/ManageThread.feature is not under the 'features' directory. Requirements report will not be correctly generated!
08:37:50.164 [main] INFO  - 
  _____   ___   ___   _____     ___   _____     _     ___   _____   ___   ___  
 |_   _| | __| / __| |_   _|   / __| |_   _|   /_\   | _ \ |_   _| | __| |   \ 
   | |   | _|  \__ \   | |     \__ \   | |    / _ \  |   /   | |   | _|  | |) |
   |_|   |___| |___/   |_|     |___/   |_|   /_/ \_\ |_|_\   |_|   |___| |___/ 

GET As a user I can't get thread by title(managethread;get-as-a-user-i-can-t-get-thread-by-title)
--------------------------------------------------------------------------------
08:37:50.174 [main] DEBUG net.thucydides.core.steps.StepInterceptor - STARTING STEP: ThreadsSteps.setGetApiEndpointsByTitleInvalid - I set GET api endpoints thread by title invalid
08:37:50.175 [main] DEBUG net.thucydides.core.steps.StepInterceptor - STEP DONE: I set GET api endpoints thread by title invalid
  &amp#27;[32mGiven &amp#27;[0m&amp#27;[32mI set GET api endpoints thread by title invalid&amp#27;[0m &amp#27;[90m# starter.stepdefinitions.ThreadsSteps.setGetApiEndpointsByTitleInvalid()&amp#27;[0m
08:37:50.176 [main] DEBUG net.thucydides.core.steps.StepInterceptor - STARTING STEP: ThreadsSteps.sendGetHttpRequestByTitleInvalid - I send GET HTTP request thread by title invalid
08:37:50.177 [main] DEBUG net.thucydides.core.steps.StepInterceptor - STARTING STEP: GetThreadsTitle.sendGetHttpRequestInvalid - I set GET api endpoints thread by title invalid
08:37:50.177 [main] DEBUG net.thucydides.core.steps.StepInterceptor - STEP DONE: I set GET api endpoints thread by title invalid
08:37:50.185 [main] DEBUG org.apache.http.impl.conn.BasicClientConnectionManager - Get connection for route {}->http://ec2-54-206-29-131.ap-southeast-2.compute.amazonaws.com:8000
08:37:50.185 [main] DEBUG org.apache.http.impl.conn.DefaultClientConnectionOperator - Connecting to ec2-54-206-29-131.ap-southeast-2.compute.amazonaws.com:8000
08:37:50.302 [main] DEBUG org.apache.http.client.protocol.RequestAddCookies - CookieSpec selected: ignoreCookies
08:37:50.302 [main] DEBUG org.apache.http.client.protocol.RequestAuthCache - Auth cache not set in the context
08:37:50.302 [main] DEBUG org.apache.http.client.protocol.RequestProxyAuthentication - Proxy auth state: UNCHALLENGED
08:37:50.302 [main] DEBUG org.apache.http.impl.client.DefaultHttpClient - Attempt 1 to execute request
08:37:50.302 [main] DEBUG org.apache.http.impl.conn.DefaultClientConnection - Sending request: GET /threadss?title=1945 HTTP/1.1
08:37:50.302 [main] DEBUG org.apache.http.wire -  >> "GET /threadss?title=1945 HTTP/1.1[\r][\n]"
08:37:50.302 [main] DEBUG org.apache.http.wire -  >> "Authorization: Bearer eyJhbGciOiJIUzI1NiIsInR5cCI6IkpXVCJ9.eyJleHAiOjE2ODc1NjQxOTcsIm5hbWUiOiJLZW5kcmljayIsInJvbGUiOiJVc2VyIiwidXNlcl9pZCI6MTN9.p2Rdg1yWJH_349Z-51pSbx60sUkrEL6hEGPfRb2E0_o[\r][\n]"
08:37:50.302 [main] DEBUG org.apache.http.wire -  >> "Accept: */*[\r][\n]"
08:37:50.302 [main] DEBUG org.apache.http.wire -  >> "Host: ec2-54-206-29-131.ap-southeast-2.compute.amazonaws.com:8000[\r][\n]"
08:37:50.302 [main] DEBUG org.apache.http.wire -  >> "Connection: Keep-Alive[\r][\n]"
08:37:50.302 [main] DEBUG org.apache.http.wire -  >> "User-Agent: Apache-HttpClient/4.5.13 (Java/11.0.12)[\r][\n]"
08:37:50.302 [main] DEBUG org.apache.http.wire -  >> "Accept-Encoding: gzip,deflate[\r][\n]"
08:37:50.302 [main] DEBUG org.apache.http.wire -  >> "[\r][\n]"
08:37:50.302 [main] DEBUG org.apache.http.headers - >> GET /threadss?title=1945 HTTP/1.1
08:37:50.302 [main] DEBUG org.apache.http.headers - >> Authorization: Bearer eyJhbGciOiJIUzI1NiIsInR5cCI6IkpXVCJ9.eyJleHAiOjE2ODc1NjQxOTcsIm5hbWUiOiJLZW5kcmljayIsInJvbGUiOiJVc2VyIiwidXNlcl9pZCI6MTN9.p2Rdg1yWJH_349Z-51pSbx60sUkrEL6hEGPfRb2E0_o
08:37:50.302 [main] DEBUG org.apache.http.headers - >> Accept: */*
08:37:50.302 [main] DEBUG org.apache.http.headers - >> Host: ec2-54-206-29-131.ap-southeast-2.compute.amazonaws.com:8000
08:37:50.302 [main] DEBUG org.apache.http.headers - >> Connection: Keep-Alive
08:37:50.302 [main] DEBUG org.apache.http.headers - >> User-Agent: Apache-HttpClient/4.5.13 (Java/11.0.12)
08:37:50.302 [main] DEBUG org.apache.http.headers - >> Accept-Encoding: gzip,deflate
08:37:50.418 [main] DEBUG org.apache.http.wire -  << "HTTP/1.1 404 Not Found[\r][\n]"
08:37:50.418 [main] DEBUG org.apache.http.wire -  << "Content-Type: application/json; charset=UTF-8[\r][\n]"
08:37:50.418 [main] DEBUG org.apache.http.wire -  << "Vary: Origin[\r][\n]"
08:37:50.418 [main] DEBUG org.apache.http.wire -  << "Vary: Origin[\r][\n]"
08:37:50.418 [main] DEBUG org.apache.http.wire -  << "Date: Fri, 23 Jun 2023 01:37:54 GMT[\r][\n]"
08:37:50.418 [main] DEBUG org.apache.http.wire -  << "Content-Length: 24[\r][\n]"
08:37:50.418 [main] DEBUG org.apache.http.wire -  << "[\r][\n]"
08:37:50.418 [main] DEBUG org.apache.http.impl.conn.DefaultClientConnection - Receiving response: HTTP/1.1 404 Not Found
08:37:50.418 [main] DEBUG org.apache.http.headers - << HTTP/1.1 404 Not Found
08:37:50.418 [main] DEBUG org.apache.http.headers - << Content-Type: application/json; charset=UTF-8
08:37:50.418 [main] DEBUG org.apache.http.headers - << Vary: Origin
08:37:50.418 [main] DEBUG org.apache.http.headers - << Vary: Origin
08:37:50.418 [main] DEBUG org.apache.http.headers - << Date: Fri, 23 Jun 2023 01:37:54 GMT
08:37:50.418 [main] DEBUG org.apache.http.headers - << Content-Length: 24
08:37:50.418 [main] DEBUG org.apache.http.impl.client.DefaultHttpClient - Connection can be kept alive indefinitely
08:37:50.418 [main] DEBUG io.restassured.internal.RestAssuredHttpBuilder - Parsing response as: application/json; charset=UTF-8
08:37:50.418 [main] DEBUG io.restassured.internal.RestAssuredHttpBuilder - Parsed data to instance of: class org.apache.http.conn.EofSensorInputStream
08:37:50.419 [main] DEBUG org.apache.http.wire -  << "{"message":"Not Found"}[\n]"
08:37:50.419 [main] DEBUG org.apache.http.impl.conn.BasicClientConnectionManager - Releasing connection org.apache.http.impl.conn.ManagedClientConnectionImpl@18ad085a
08:37:50.419 [main] DEBUG org.apache.http.impl.conn.BasicClientConnectionManager - Connection can be kept alive indefinitely
08:37:50.420 [main] DEBUG net.thucydides.core.steps.StepInterceptor - STEP DONE: I send GET HTTP request thread by title invalid
  &amp#27;[32mWhen &amp#27;[0m&amp#27;[32mI send GET HTTP request thread by title invalid&amp#27;[0m  &amp#27;[90m# starter.stepdefinitions.ThreadsSteps.sendGetHttpRequestByTitleInvalid()&amp#27;[0m
08:37:50.421 [main] DEBUG net.thucydides.core.steps.StepInterceptor - STARTING STEP: ThreadsSteps.receiveHttpResponseCode404 - I receive valid HTTP response code 404
08:37:50.422 [main] DEBUG net.thucydides.core.steps.StepInterceptor - STEP DONE: I receive valid HTTP response code 404
  &amp#27;[32mThen &amp#27;[0m&amp#27;[32mI receive valid HTTP response code 404&amp#27;[0m           &amp#27;[90m# starter.stepdefinitions.ThreadsSteps.receiveHttpResponseCode404()&amp#27;[0m
08:37:50.423 [main] DEBUG net.thucydides.core.steps.StepInterceptor - STARTING STEP: ThreadsSteps.receiveValidDataForResponseCode404 - I receive valid data for response code 404
08:37:50.424 [main] DEBUG net.thucydides.core.steps.StepInterceptor - STEP DONE: I receive valid data for response code 404
  &amp#27;[32mAnd &amp#27;[0m&amp#27;[32mI receive valid data for response code 404&amp#27;[0m        &amp#27;[90m# starter.stepdefinitions.ThreadsSteps.receiveValidDataForResponseCode404()&amp#27;[0m
08:37:50.425 [main] INFO  - 
  _____   ___   ___   _____     ___     _     ___   ___   ___   ___  
 |_   _| | __| / __| |_   _|   | _ \   /_\   / __| / __| | __| |   \ 
   | |   | _|  \__ \   | |     |  _/  / _ \  \__ \ \__ \ | _|  | |) |
   |_|   |___| |___/   |_|     |_|   /_/ \_\ |___/ |___/ |___| |___/ 

GET As a user I can't get thread by title
----------------------------------------------------------------------
]]></system-out>
  </testcase>
  <testcase name="GET As a user I can get thread by topic" classname="ManageThread" time="0.285">
    <system-out><![CDATA[
@Thread @T9
Scenario: GET As a user I can get thread by topic &amp#27;[90m# src/test/resources/api/ManageThread.feature:67&amp#27;[0m
08:37:50.432 [main] INFO io.cucumber.core.plugin.SerenityReporter - Running feature from file:///C:/Users/Nafal%20Adi%20SL/Documents/GitHub/Capstone-QE/test-automation-API/src/test/resources/api/ManageThread.feature
08:37:50.432 [main] WARN io.cucumber.core.plugin.SerenityReporter - Feature from file:///C:/Users/Nafal%20Adi%20SL/Documents/GitHub/Capstone-QE/test-automation-API/src/test/resources/api/ManageThread.feature is not under the 'features' directory. Requirements report will not be correctly generated!
08:37:50.433 [main] INFO  - 
  _____   ___   ___   _____     ___   _____     _     ___   _____   ___   ___  
 |_   _| | __| / __| |_   _|   / __| |_   _|   /_\   | _ \ |_   _| | __| |   \ 
   | |   | _|  \__ \   | |     \__ \   | |    / _ \  |   /   | |   | _|  | |) |
   |_|   |___| |___/   |_|     |___/   |_|   /_/ \_\ |_|_\   |_|   |___| |___/ 

GET As a user I can get thread by topic(managethread;get-as-a-user-i-can-get-thread-by-topic)
--------------------------------------------------------------------------------
08:37:50.443 [main] DEBUG net.thucydides.core.steps.StepInterceptor - STARTING STEP: ThreadsSteps.setGetApiEndpointsByTopic - I set GET api endpoints thread by topic
08:37:50.443 [main] DEBUG net.thucydides.core.steps.StepInterceptor - STEP DONE: I set GET api endpoints thread by topic
  &amp#27;[32mGiven &amp#27;[0m&amp#27;[32mI set GET api endpoints thread by topic&amp#27;[0m   &amp#27;[90m# starter.stepdefinitions.ThreadsSteps.setGetApiEndpointsByTopic()&amp#27;[0m
08:37:50.444 [main] DEBUG net.thucydides.core.steps.StepInterceptor - STARTING STEP: ThreadsSteps.sendGetHttpRequestByTopic - I send GET HTTP request thread by topic
08:37:50.445 [main] DEBUG net.thucydides.core.steps.StepInterceptor - STARTING STEP: GetThreadsTopic.sendGetHttpRequest - I set GET api endpoints thread by topic
08:37:50.445 [main] DEBUG net.thucydides.core.steps.StepInterceptor - STEP DONE: I set GET api endpoints thread by topic
08:37:50.452 [main] DEBUG org.apache.http.impl.conn.BasicClientConnectionManager - Get connection for route {}->http://ec2-54-206-29-131.ap-southeast-2.compute.amazonaws.com:8000
08:37:50.452 [main] DEBUG org.apache.http.impl.conn.DefaultClientConnectionOperator - Connecting to ec2-54-206-29-131.ap-southeast-2.compute.amazonaws.com:8000
08:37:50.570 [main] DEBUG org.apache.http.client.protocol.RequestAddCookies - CookieSpec selected: ignoreCookies
08:37:50.570 [main] DEBUG org.apache.http.client.protocol.RequestAuthCache - Auth cache not set in the context
08:37:50.570 [main] DEBUG org.apache.http.client.protocol.RequestProxyAuthentication - Proxy auth state: UNCHALLENGED
08:37:50.570 [main] DEBUG org.apache.http.impl.client.DefaultHttpClient - Attempt 1 to execute request
08:37:50.570 [main] DEBUG org.apache.http.impl.conn.DefaultClientConnection - Sending request: GET /threads?topic=1950 HTTP/1.1
08:37:50.570 [main] DEBUG org.apache.http.wire -  >> "GET /threads?topic=1950 HTTP/1.1[\r][\n]"
08:37:50.570 [main] DEBUG org.apache.http.wire -  >> "Authorization: Bearer eyJhbGciOiJIUzI1NiIsInR5cCI6IkpXVCJ9.eyJleHAiOjE2ODc1NjQxOTcsIm5hbWUiOiJLZW5kcmljayIsInJvbGUiOiJVc2VyIiwidXNlcl9pZCI6MTN9.p2Rdg1yWJH_349Z-51pSbx60sUkrEL6hEGPfRb2E0_o[\r][\n]"
08:37:50.571 [main] DEBUG org.apache.http.wire -  >> "Accept: */*[\r][\n]"
08:37:50.571 [main] DEBUG org.apache.http.wire -  >> "Host: ec2-54-206-29-131.ap-southeast-2.compute.amazonaws.com:8000[\r][\n]"
08:37:50.571 [main] DEBUG org.apache.http.wire -  >> "Connection: Keep-Alive[\r][\n]"
08:37:50.571 [main] DEBUG org.apache.http.wire -  >> "User-Agent: Apache-HttpClient/4.5.13 (Java/11.0.12)[\r][\n]"
08:37:50.571 [main] DEBUG org.apache.http.wire -  >> "Accept-Encoding: gzip,deflate[\r][\n]"
08:37:50.571 [main] DEBUG org.apache.http.wire -  >> "[\r][\n]"
08:37:50.571 [main] DEBUG org.apache.http.headers - >> GET /threads?topic=1950 HTTP/1.1
08:37:50.571 [main] DEBUG org.apache.http.headers - >> Authorization: Bearer eyJhbGciOiJIUzI1NiIsInR5cCI6IkpXVCJ9.eyJleHAiOjE2ODc1NjQxOTcsIm5hbWUiOiJLZW5kcmljayIsInJvbGUiOiJVc2VyIiwidXNlcl9pZCI6MTN9.p2Rdg1yWJH_349Z-51pSbx60sUkrEL6hEGPfRb2E0_o
08:37:50.571 [main] DEBUG org.apache.http.headers - >> Accept: */*
08:37:50.571 [main] DEBUG org.apache.http.headers - >> Host: ec2-54-206-29-131.ap-southeast-2.compute.amazonaws.com:8000
08:37:50.571 [main] DEBUG org.apache.http.headers - >> Connection: Keep-Alive
08:37:50.571 [main] DEBUG org.apache.http.headers - >> User-Agent: Apache-HttpClient/4.5.13 (Java/11.0.12)
08:37:50.571 [main] DEBUG org.apache.http.headers - >> Accept-Encoding: gzip,deflate
08:37:50.692 [main] DEBUG org.apache.http.wire -  << "HTTP/1.1 200 OK[\r][\n]"
08:37:50.692 [main] DEBUG org.apache.http.wire -  << "Content-Type: application/json; charset=UTF-8[\r][\n]"
08:37:50.692 [main] DEBUG org.apache.http.wire -  << "Vary: Origin[\r][\n]"
08:37:50.692 [main] DEBUG org.apache.http.wire -  << "Vary: Origin[\r][\n]"
08:37:50.692 [main] DEBUG org.apache.http.wire -  << "Date: Fri, 23 Jun 2023 01:37:54 GMT[\r][\n]"
08:37:50.692 [main] DEBUG org.apache.http.wire -  << "Transfer-Encoding: chunked[\r][\n]"
08:37:50.692 [main] DEBUG org.apache.http.wire -  << "[\r][\n]"
08:37:50.692 [main] DEBUG org.apache.http.impl.conn.DefaultClientConnection - Receiving response: HTTP/1.1 200 OK
08:37:50.692 [main] DEBUG org.apache.http.headers - << HTTP/1.1 200 OK
08:37:50.692 [main] DEBUG org.apache.http.headers - << Content-Type: application/json; charset=UTF-8
08:37:50.692 [main] DEBUG org.apache.http.headers - << Vary: Origin
08:37:50.692 [main] DEBUG org.apache.http.headers - << Vary: Origin
08:37:50.692 [main] DEBUG org.apache.http.headers - << Date: Fri, 23 Jun 2023 01:37:54 GMT
08:37:50.692 [main] DEBUG org.apache.http.headers - << Transfer-Encoding: chunked
08:37:50.693 [main] DEBUG org.apache.http.impl.client.DefaultHttpClient - Connection can be kept alive indefinitely
08:37:50.693 [main] DEBUG io.restassured.internal.RestAssuredHttpBuilder - Parsing response as: application/json; charset=UTF-8
08:37:50.693 [main] DEBUG io.restassured.internal.RestAssuredHttpBuilder - Parsed data to instance of: class org.apache.http.conn.EofSensorInputStream
08:37:50.694 [main] DEBUG org.apache.http.wire -  << "dc5[\r][\n]"
08:37:50.694 [main] DEBUG org.apache.http.wire -  << "{"message":"Successfully retrieved thread by title","thread":[{"ID":11,"CreatedAt":"2023-06-22T09:37:54.194Z","UpdatedAt":"2023-06-23T01:09:17.447Z","DeletedAt":null,"title":"An Instant In The Wind","content":"Omnis distinctio ab dicta. Est autem omnis nihil ducimus facere. Nulla at veniam alias.","file":"","user_id":1,"user":{"ID":0,"CreatedAt":"0001-01-01T00:00:00Z","UpdatedAt":"0001-01-01T00:00:00Z","DeletedAt":null,"username":"","email":"","password":"","image_url":"","age":0,"bio":"","role":"","threads":null,"Bookmarked":null},"comment":null,"BookmarkedUser":null,"like":null},{"ID":12,"CreatedAt":"2023-06-22T09:59:54.91Z","UpdatedAt":"2023-06-22T09:59:54.91Z","DeletedAt":null,"title":"1952","content":"wb","file":"","user_id":1,"user":{"ID":0,"CreatedAt":"0001-01-01T00:00:00Z","UpdatedAt":"0001-01-01T00:00:00Z","DeletedAt":null,"username":"","email":"","password":"","image_url":"","age":0,"bio":"","role":"","threads":null,"Bookmarked":null},"comment":null,"BookmarkedUser":null,"like":null},{"ID":13,"CreatedAt":"2023-06-22T13:28:26.184Z","UpdatedAt":"2023-06-22T13:28:26.184Z","DeletedAt":null,"title":"test baru","content":"lormllrmlorm","file":"","user_id":3,"user":{"ID":0,"CreatedAt":"0001-01-01T00:00:00Z","UpdatedAt":"0001-01-01T00:00:00Z","DeletedAt":null,"username":"","email":"","password":"","image_url":"","age":0,"bio":"","role":"","threads":null,"Bookmarked":null},"comment":null,"BookmarkedUser":null,"like":null},{"ID":14,"CreatedAt":"2023-06-22T16:11:04.672Z","UpdatedAt":"2023-06-22T16:11:04.672Z","DeletedAt":null,"title":"Bulan Purnama","content":"wb","file":"","user_id":8,"user":{"ID":0,"CreatedAt":"0001-01-01T00:00:00Z","UpdatedAt":"0001-01-01T00:00:00Z","DeletedAt":null,"username":"","email":"","password":"","image_url":"","age":0,"bio":"","role":"","threads":null,"Bookmarked":null},"comment":null,"BookmarkedUser":null,"like":null},{"ID":15,"CreatedAt":"2023-06-22T17:02:55.194Z","UpdatedAt":"2023-06-22T17:02:55.194Z","DeletedAt":null,"title":"Bulan Purnama Senja","content":"Fantasi","file":"","user_id":8,"user":{"ID":0,"CreatedAt":"0001-01-01T00:00:00Z","UpdatedAt":"0001-01-01T00:00:00Z","DeletedAt":null,"username":"","email":"","password":"","image_url":"","age":0,"bio":"","role":"","threads":null,"Bookmarked":null},"comment":null,"BookmarkedUser":null,"like":null},{"ID":22,"CreatedAt":"2023-06-23T01:09:05.652Z","UpdatedAt":"2023-06-23T01:09:05.652Z","DeletedAt":null,"title":"A Darkling Plain","content":"Consequatur aut sequi. Amet in et et earum voluptatem qui. Maiores accusamus quia asperiores ut consequatur sint labore. Ipsam et nemo odio ullam enim. Minima quod minus dolores aliquid nihil.","f"
08:37:50.694 [main] DEBUG org.apache.http.wire -  << "ile":"","user_id":13,"user":{"ID":0,"CreatedAt":"0001-01-01T00:00:00Z","UpdatedAt":"0001-01-01T00:00:00Z","DeletedAt":null,"username":"","email":"","password":"","image_url":"","age":0,"bio":"","role":"","threads":null,"Bookmarked":null},"comment":null,"BookmarkedUser":null,"like":null},{"ID":23,"CreatedAt":"2023-06-23T01:37:52.248Z","UpdatedAt":"2023-06-23T01:37:52.248Z","DeletedAt":null,"title":"Consider the Lilies","content":"Est neque veritatis nihil eos inventore. Earum modi voluptas repellendus excepturi voluptatem et. Quo ab beatae et unde. Explicabo non et.","file":"","user_id":13,"user":{"ID":0,"CreatedAt":"0001-01-01T00:00:00Z","UpdatedAt":"0001-01-01T00:00:00Z","DeletedAt":null,"username":"","email":"","password":"","image_url":"","age":0,"bio":"","role":"","threads":null,"Bookmarked":null},"comment":null,"BookmarkedUser":null,"like":null}]}[\n]"
08:37:50.694 [main] DEBUG org.apache.http.wire -  << "[\r][\n]"
08:37:50.694 [main] DEBUG org.apache.http.wire -  << "0[\r][\n]"
08:37:50.694 [main] DEBUG org.apache.http.wire -  << "[\r][\n]"
08:37:50.694 [main] DEBUG org.apache.http.impl.conn.BasicClientConnectionManager - Releasing connection org.apache.http.impl.conn.ManagedClientConnectionImpl@56f19f36
08:37:50.694 [main] DEBUG org.apache.http.impl.conn.BasicClientConnectionManager - Connection can be kept alive indefinitely
08:37:50.697 [main] DEBUG net.thucydides.core.steps.StepInterceptor - STEP DONE: I send GET HTTP request thread by topic
  &amp#27;[32mWhen &amp#27;[0m&amp#27;[32mI send GET HTTP request thread by topic&amp#27;[0m    &amp#27;[90m# starter.stepdefinitions.ThreadsSteps.sendGetHttpRequestByTopic()&amp#27;[0m
08:37:50.704 [main] DEBUG net.thucydides.core.steps.StepInterceptor - STARTING STEP: AuthUserSteps.receiveValidHttpResponseCode200 - I receive valid HTTP response code 200
08:37:50.704 [main] DEBUG net.thucydides.core.steps.StepInterceptor - STEP DONE: I receive valid HTTP response code 200
  &amp#27;[32mThen &amp#27;[0m&amp#27;[32mI receive valid HTTP response code 200&amp#27;[0m     &amp#27;[90m# starter.stepdefinitions.AuthUserSteps.receiveValidHttpResponseCode200()&amp#27;[0m
08:37:50.706 [main] DEBUG net.thucydides.core.steps.StepInterceptor - STARTING STEP: AuthUserSteps.receiveValidDataForResponseCode200 - I receive valid data for response code 200
08:37:50.710 [main] DEBUG net.thucydides.core.steps.StepInterceptor - STEP DONE: I receive valid data for response code 200
  &amp#27;[32mAnd &amp#27;[0m&amp#27;[32mI receive valid data for response code 200&amp#27;[0m  &amp#27;[90m# starter.stepdefinitions.AuthUserSteps.receiveValidDataForResponseCode200()&amp#27;[0m
08:37:50.712 [main] INFO  - 
  _____   ___   ___   _____     ___     _     ___   ___   ___   ___  
 |_   _| | __| / __| |_   _|   | _ \   /_\   / __| / __| | __| |   \ 
   | |   | _|  \__ \   | |     |  _/  / _ \  \__ \ \__ \ | _|  | |) |
   |_|   |___| |___/   |_|     |_|   /_/ \_\ |___/ |___/ |___| |___/ 

GET As a user I can get thread by topic
----------------------------------------------------------------------
]]></system-out>
  </testcase>
  <testcase name="GET As a user I can&apos;t get thread by topic" classname="ManageThread" time="0.272">
    <system-out><![CDATA[
@Thread @T10
Scenario: GET As a user I can't get thread by topic     &amp#27;[90m# src/test/resources/api/ManageThread.feature:74&amp#27;[0m
08:37:50.719 [main] INFO io.cucumber.core.plugin.SerenityReporter - Running feature from file:///C:/Users/Nafal%20Adi%20SL/Documents/GitHub/Capstone-QE/test-automation-API/src/test/resources/api/ManageThread.feature
08:37:50.719 [main] WARN io.cucumber.core.plugin.SerenityReporter - Feature from file:///C:/Users/Nafal%20Adi%20SL/Documents/GitHub/Capstone-QE/test-automation-API/src/test/resources/api/ManageThread.feature is not under the 'features' directory. Requirements report will not be correctly generated!
08:37:50.720 [main] INFO  - 
  _____   ___   ___   _____     ___   _____     _     ___   _____   ___   ___  
 |_   _| | __| / __| |_   _|   / __| |_   _|   /_\   | _ \ |_   _| | __| |   \ 
   | |   | _|  \__ \   | |     \__ \   | |    / _ \  |   /   | |   | _|  | |) |
   |_|   |___| |___/   |_|     |___/   |_|   /_/ \_\ |_|_\   |_|   |___| |___/ 

GET As a user I can't get thread by topic(managethread;get-as-a-user-i-can-t-get-thread-by-topic)
--------------------------------------------------------------------------------
08:37:50.731 [main] DEBUG net.thucydides.core.steps.StepInterceptor - STARTING STEP: ThreadsSteps.setGetApiEndpointsByTopicInvalid - I set GET api endpoints thread by topic invalid
08:37:50.731 [main] DEBUG net.thucydides.core.steps.StepInterceptor - STEP DONE: I set GET api endpoints thread by topic invalid
  &amp#27;[32mGiven &amp#27;[0m&amp#27;[32mI set GET api endpoints thread by topic invalid&amp#27;[0m &amp#27;[90m# starter.stepdefinitions.ThreadsSteps.setGetApiEndpointsByTopicInvalid()&amp#27;[0m
08:37:50.733 [main] DEBUG net.thucydides.core.steps.StepInterceptor - STARTING STEP: ThreadsSteps.sendGetHttpRequestByTopicInvalid - I send GET HTTP request thread by topic invalid
08:37:50.734 [main] DEBUG net.thucydides.core.steps.StepInterceptor - STARTING STEP: GetThreadsTopic.sendGetHttpRequestInvalid - I set GET api endpoints thread by topic invalid
08:37:50.734 [main] DEBUG net.thucydides.core.steps.StepInterceptor - STEP DONE: I set GET api endpoints thread by topic invalid
08:37:50.742 [main] DEBUG org.apache.http.impl.conn.BasicClientConnectionManager - Get connection for route {}->http://ec2-54-206-29-131.ap-southeast-2.compute.amazonaws.com:8000
08:37:50.742 [main] DEBUG org.apache.http.impl.conn.DefaultClientConnectionOperator - Connecting to ec2-54-206-29-131.ap-southeast-2.compute.amazonaws.com:8000
08:37:50.860 [main] DEBUG org.apache.http.client.protocol.RequestAddCookies - CookieSpec selected: ignoreCookies
08:37:50.860 [main] DEBUG org.apache.http.client.protocol.RequestAuthCache - Auth cache not set in the context
08:37:50.860 [main] DEBUG org.apache.http.client.protocol.RequestProxyAuthentication - Proxy auth state: UNCHALLENGED
08:37:50.860 [main] DEBUG org.apache.http.impl.client.DefaultHttpClient - Attempt 1 to execute request
08:37:50.860 [main] DEBUG org.apache.http.impl.conn.DefaultClientConnection - Sending request: GET /threadss?topic=2023 HTTP/1.1
08:37:50.860 [main] DEBUG org.apache.http.wire -  >> "GET /threadss?topic=2023 HTTP/1.1[\r][\n]"
08:37:50.860 [main] DEBUG org.apache.http.wire -  >> "Authorization: Bearer eyJhbGciOiJIUzI1NiIsInR5cCI6IkpXVCJ9.eyJleHAiOjE2ODc1NjQxOTcsIm5hbWUiOiJLZW5kcmljayIsInJvbGUiOiJVc2VyIiwidXNlcl9pZCI6MTN9.p2Rdg1yWJH_349Z-51pSbx60sUkrEL6hEGPfRb2E0_o[\r][\n]"
08:37:50.860 [main] DEBUG org.apache.http.wire -  >> "Accept: */*[\r][\n]"
08:37:50.860 [main] DEBUG org.apache.http.wire -  >> "Host: ec2-54-206-29-131.ap-southeast-2.compute.amazonaws.com:8000[\r][\n]"
08:37:50.860 [main] DEBUG org.apache.http.wire -  >> "Connection: Keep-Alive[\r][\n]"
08:37:50.860 [main] DEBUG org.apache.http.wire -  >> "User-Agent: Apache-HttpClient/4.5.13 (Java/11.0.12)[\r][\n]"
08:37:50.860 [main] DEBUG org.apache.http.wire -  >> "Accept-Encoding: gzip,deflate[\r][\n]"
08:37:50.860 [main] DEBUG org.apache.http.wire -  >> "[\r][\n]"
08:37:50.860 [main] DEBUG org.apache.http.headers - >> GET /threadss?topic=2023 HTTP/1.1
08:37:50.860 [main] DEBUG org.apache.http.headers - >> Authorization: Bearer eyJhbGciOiJIUzI1NiIsInR5cCI6IkpXVCJ9.eyJleHAiOjE2ODc1NjQxOTcsIm5hbWUiOiJLZW5kcmljayIsInJvbGUiOiJVc2VyIiwidXNlcl9pZCI6MTN9.p2Rdg1yWJH_349Z-51pSbx60sUkrEL6hEGPfRb2E0_o
08:37:50.860 [main] DEBUG org.apache.http.headers - >> Accept: */*
08:37:50.860 [main] DEBUG org.apache.http.headers - >> Host: ec2-54-206-29-131.ap-southeast-2.compute.amazonaws.com:8000
08:37:50.860 [main] DEBUG org.apache.http.headers - >> Connection: Keep-Alive
08:37:50.860 [main] DEBUG org.apache.http.headers - >> User-Agent: Apache-HttpClient/4.5.13 (Java/11.0.12)
08:37:50.860 [main] DEBUG org.apache.http.headers - >> Accept-Encoding: gzip,deflate
08:37:50.978 [main] DEBUG org.apache.http.wire -  << "HTTP/1.1 404 Not Found[\r][\n]"
08:37:50.978 [main] DEBUG org.apache.http.wire -  << "Content-Type: application/json; charset=UTF-8[\r][\n]"
08:37:50.978 [main] DEBUG org.apache.http.wire -  << "Vary: Origin[\r][\n]"
08:37:50.978 [main] DEBUG org.apache.http.wire -  << "Vary: Origin[\r][\n]"
08:37:50.978 [main] DEBUG org.apache.http.wire -  << "Date: Fri, 23 Jun 2023 01:37:55 GMT[\r][\n]"
08:37:50.978 [main] DEBUG org.apache.http.wire -  << "Content-Length: 24[\r][\n]"
08:37:50.978 [main] DEBUG org.apache.http.wire -  << "[\r][\n]"
08:37:50.978 [main] DEBUG org.apache.http.impl.conn.DefaultClientConnection - Receiving response: HTTP/1.1 404 Not Found
08:37:50.978 [main] DEBUG org.apache.http.headers - << HTTP/1.1 404 Not Found
08:37:50.978 [main] DEBUG org.apache.http.headers - << Content-Type: application/json; charset=UTF-8
08:37:50.978 [main] DEBUG org.apache.http.headers - << Vary: Origin
08:37:50.978 [main] DEBUG org.apache.http.headers - << Vary: Origin
08:37:50.978 [main] DEBUG org.apache.http.headers - << Date: Fri, 23 Jun 2023 01:37:55 GMT
08:37:50.978 [main] DEBUG org.apache.http.headers - << Content-Length: 24
08:37:50.978 [main] DEBUG org.apache.http.impl.client.DefaultHttpClient - Connection can be kept alive indefinitely
08:37:50.978 [main] DEBUG io.restassured.internal.RestAssuredHttpBuilder - Parsing response as: application/json; charset=UTF-8
08:37:50.978 [main] DEBUG io.restassured.internal.RestAssuredHttpBuilder - Parsed data to instance of: class org.apache.http.conn.EofSensorInputStream
08:37:50.979 [main] DEBUG org.apache.http.wire -  << "{"message":"Not Found"}[\n]"
08:37:50.979 [main] DEBUG org.apache.http.impl.conn.BasicClientConnectionManager - Releasing connection org.apache.http.impl.conn.ManagedClientConnectionImpl@18d09283
08:37:50.979 [main] DEBUG org.apache.http.impl.conn.BasicClientConnectionManager - Connection can be kept alive indefinitely
08:37:50.979 [main] DEBUG net.thucydides.core.steps.StepInterceptor - STEP DONE: I send GET HTTP request thread by topic invalid
  &amp#27;[32mWhen &amp#27;[0m&amp#27;[32mI send GET HTTP request thread by topic invalid&amp#27;[0m  &amp#27;[90m# starter.stepdefinitions.ThreadsSteps.sendGetHttpRequestByTopicInvalid()&amp#27;[0m
08:37:50.981 [main] DEBUG net.thucydides.core.steps.StepInterceptor - STARTING STEP: ThreadsSteps.receiveHttpResponseCode404 - I receive valid HTTP response code 404
08:37:50.981 [main] DEBUG net.thucydides.core.steps.StepInterceptor - STEP DONE: I receive valid HTTP response code 404
  &amp#27;[32mThen &amp#27;[0m&amp#27;[32mI receive valid HTTP response code 404&amp#27;[0m           &amp#27;[90m# starter.stepdefinitions.ThreadsSteps.receiveHttpResponseCode404()&amp#27;[0m
08:37:50.983 [main] DEBUG net.thucydides.core.steps.StepInterceptor - STARTING STEP: ThreadsSteps.receiveValidDataForResponseCode404 - I receive valid data for response code 404
08:37:50.983 [main] DEBUG net.thucydides.core.steps.StepInterceptor - STEP DONE: I receive valid data for response code 404
  &amp#27;[32mAnd &amp#27;[0m&amp#27;[32mI receive valid data for response code 404&amp#27;[0m        &amp#27;[90m# starter.stepdefinitions.ThreadsSteps.receiveValidDataForResponseCode404()&amp#27;[0m
08:37:50.984 [main] INFO  - 
  _____   ___   ___   _____     ___     _     ___   ___   ___   ___  
 |_   _| | __| / __| |_   _|   | _ \   /_\   / __| / __| | __| |   \ 
   | |   | _|  \__ \   | |     |  _/  / _ \  \__ \ \__ \ | _|  | |) |
   |_|   |___| |___/   |_|     |_|   /_/ \_\ |___/ |___/ |___| |___/ 

GET As a user I can't get thread by topic
----------------------------------------------------------------------
]]></system-out>
  </testcase>
  <testcase name="PUT As a user I can update thread" classname="ManageThread" time="0.295">
    <system-out><![CDATA[
@Thread @T11
Scenario: PUT As a user I can update thread      &amp#27;[90m# src/test/resources/api/ManageThread.feature:82&amp#27;[0m
08:37:50.990 [main] INFO io.cucumber.core.plugin.SerenityReporter - Running feature from file:///C:/Users/Nafal%20Adi%20SL/Documents/GitHub/Capstone-QE/test-automation-API/src/test/resources/api/ManageThread.feature
08:37:50.990 [main] WARN io.cucumber.core.plugin.SerenityReporter - Feature from file:///C:/Users/Nafal%20Adi%20SL/Documents/GitHub/Capstone-QE/test-automation-API/src/test/resources/api/ManageThread.feature is not under the 'features' directory. Requirements report will not be correctly generated!
08:37:50.991 [main] INFO  - 
  _____   ___   ___   _____     ___   _____     _     ___   _____   ___   ___  
 |_   _| | __| / __| |_   _|   / __| |_   _|   /_\   | _ \ |_   _| | __| |   \ 
   | |   | _|  \__ \   | |     \__ \   | |    / _ \  |   /   | |   | _|  | |) |
   |_|   |___| |___/   |_|     |___/   |_|   /_/ \_\ |_|_\   |_|   |___| |___/ 

PUT As a user I can update thread(managethread;put-as-a-user-i-can-update-thread)
--------------------------------------------------------------------------------
08:37:51.001 [main] DEBUG net.thucydides.core.steps.StepInterceptor - STARTING STEP: ThreadsSteps.setPutApiEndpointsUpdateThread - I set PUT api endpoints update thread
08:37:51.002 [main] DEBUG net.thucydides.core.steps.StepInterceptor - STEP DONE: I set PUT api endpoints update thread
  &amp#27;[32mGiven &amp#27;[0m&amp#27;[32mI set PUT api endpoints update thread&amp#27;[0m    &amp#27;[90m# starter.stepdefinitions.ThreadsSteps.setPutApiEndpointsUpdateThread()&amp#27;[0m
08:37:51.003 [main] DEBUG net.thucydides.core.steps.StepInterceptor - STARTING STEP: ThreadsSteps.sendPutHttpRequestUpdateThread - I send PUT HTTP request update thread
08:37:51.014 [main] DEBUG net.thucydides.core.steps.StepInterceptor - STARTING STEP: PutThreads.sendPutHttpRequestUpdateThread - I set PUT api endpoints update thread
08:37:51.014 [main] DEBUG net.thucydides.core.steps.StepInterceptor - STEP DONE: I set PUT api endpoints update thread
08:37:51.021 [main] DEBUG org.apache.http.impl.conn.BasicClientConnectionManager - Get connection for route {}->http://ec2-54-206-29-131.ap-southeast-2.compute.amazonaws.com:8000
08:37:51.021 [main] DEBUG org.apache.http.impl.conn.DefaultClientConnectionOperator - Connecting to ec2-54-206-29-131.ap-southeast-2.compute.amazonaws.com:8000
08:37:51.139 [main] DEBUG org.apache.http.client.protocol.RequestAddCookies - CookieSpec selected: ignoreCookies
08:37:51.139 [main] DEBUG org.apache.http.client.protocol.RequestAuthCache - Auth cache not set in the context
08:37:51.139 [main] DEBUG org.apache.http.client.protocol.RequestProxyAuthentication - Proxy auth state: UNCHALLENGED
08:37:51.139 [main] DEBUG org.apache.http.impl.client.DefaultHttpClient - Attempt 1 to execute request
08:37:51.139 [main] DEBUG org.apache.http.impl.conn.DefaultClientConnection - Sending request: PUT /threads/11 HTTP/1.1
08:37:51.139 [main] DEBUG org.apache.http.wire -  >> "PUT /threads/11 HTTP/1.1[\r][\n]"
08:37:51.139 [main] DEBUG org.apache.http.wire -  >> "Authorization: Bearer eyJhbGciOiJIUzI1NiIsInR5cCI6IkpXVCJ9.eyJleHAiOjE2ODc1NjQxOTcsIm5hbWUiOiJLZW5kcmljayIsInJvbGUiOiJVc2VyIiwidXNlcl9pZCI6MTN9.p2Rdg1yWJH_349Z-51pSbx60sUkrEL6hEGPfRb2E0_o[\r][\n]"
08:37:51.139 [main] DEBUG org.apache.http.wire -  >> "Accept: */*[\r][\n]"
08:37:51.139 [main] DEBUG org.apache.http.wire -  >> "Content-Type: application/json[\r][\n]"
08:37:51.139 [main] DEBUG org.apache.http.wire -  >> "Content-Length: 241[\r][\n]"
08:37:51.139 [main] DEBUG org.apache.http.wire -  >> "Host: ec2-54-206-29-131.ap-southeast-2.compute.amazonaws.com:8000[\r][\n]"
08:37:51.139 [main] DEBUG org.apache.http.wire -  >> "Connection: Keep-Alive[\r][\n]"
08:37:51.139 [main] DEBUG org.apache.http.wire -  >> "User-Agent: Apache-HttpClient/4.5.13 (Java/11.0.12)[\r][\n]"
08:37:51.139 [main] DEBUG org.apache.http.wire -  >> "Accept-Encoding: gzip,deflate[\r][\n]"
08:37:51.139 [main] DEBUG org.apache.http.wire -  >> "[\r][\n]"
08:37:51.139 [main] DEBUG org.apache.http.headers - >> PUT /threads/11 HTTP/1.1
08:37:51.139 [main] DEBUG org.apache.http.headers - >> Authorization: Bearer eyJhbGciOiJIUzI1NiIsInR5cCI6IkpXVCJ9.eyJleHAiOjE2ODc1NjQxOTcsIm5hbWUiOiJLZW5kcmljayIsInJvbGUiOiJVc2VyIiwidXNlcl9pZCI6MTN9.p2Rdg1yWJH_349Z-51pSbx60sUkrEL6hEGPfRb2E0_o
08:37:51.139 [main] DEBUG org.apache.http.headers - >> Accept: */*
08:37:51.139 [main] DEBUG org.apache.http.headers - >> Content-Type: application/json
08:37:51.139 [main] DEBUG org.apache.http.headers - >> Content-Length: 241
08:37:51.139 [main] DEBUG org.apache.http.headers - >> Host: ec2-54-206-29-131.ap-southeast-2.compute.amazonaws.com:8000
08:37:51.139 [main] DEBUG org.apache.http.headers - >> Connection: Keep-Alive
08:37:51.139 [main] DEBUG org.apache.http.headers - >> User-Agent: Apache-HttpClient/4.5.13 (Java/11.0.12)
08:37:51.139 [main] DEBUG org.apache.http.headers - >> Accept-Encoding: gzip,deflate
08:37:51.139 [main] DEBUG org.apache.http.wire -  >> "{"file":"","user_id":3,"topic":"Mythology","title":"For a Breath I Tarry","content":"Porro incidunt aut. Eveniet voluptatem similique optio quisquam aut praesentium. Qui numquam minima sit molestias magni in. Autem voluptatum perspiciatis."}"
08:37:51.267 [main] DEBUG org.apache.http.wire -  << "HTTP/1.1 200 OK[\r][\n]"
08:37:51.267 [main] DEBUG org.apache.http.wire -  << "Content-Type: application/json; charset=UTF-8[\r][\n]"
08:37:51.267 [main] DEBUG org.apache.http.wire -  << "Vary: Origin[\r][\n]"
08:37:51.267 [main] DEBUG org.apache.http.wire -  << "Vary: Origin[\r][\n]"
08:37:51.267 [main] DEBUG org.apache.http.wire -  << "Date: Fri, 23 Jun 2023 01:37:55 GMT[\r][\n]"
08:37:51.267 [main] DEBUG org.apache.http.wire -  << "Content-Length: 633[\r][\n]"
08:37:51.267 [main] DEBUG org.apache.http.wire -  << "[\r][\n]"
08:37:51.267 [main] DEBUG org.apache.http.impl.conn.DefaultClientConnection - Receiving response: HTTP/1.1 200 OK
08:37:51.267 [main] DEBUG org.apache.http.headers - << HTTP/1.1 200 OK
08:37:51.267 [main] DEBUG org.apache.http.headers - << Content-Type: application/json; charset=UTF-8
08:37:51.267 [main] DEBUG org.apache.http.headers - << Vary: Origin
08:37:51.267 [main] DEBUG org.apache.http.headers - << Vary: Origin
08:37:51.267 [main] DEBUG org.apache.http.headers - << Date: Fri, 23 Jun 2023 01:37:55 GMT
08:37:51.267 [main] DEBUG org.apache.http.headers - << Content-Length: 633
08:37:51.267 [main] DEBUG org.apache.http.impl.client.DefaultHttpClient - Connection can be kept alive indefinitely
08:37:51.267 [main] DEBUG io.restassured.internal.RestAssuredHttpBuilder - Parsing response as: application/json; charset=UTF-8
08:37:51.267 [main] DEBUG io.restassured.internal.RestAssuredHttpBuilder - Parsed data to instance of: class org.apache.http.conn.EofSensorInputStream
08:37:51.268 [main] DEBUG org.apache.http.wire -  << "{"data":{"ID":0,"CreatedAt":"0001-01-01T00:00:00Z","UpdatedAt":"0001-01-01T00:00:00Z","DeletedAt":null,"title":"For a Breath I Tarry","content":"Porro incidunt aut. Eveniet voluptatem similique optio quisquam aut praesentium. Qui numquam minima sit molestias magni in. Autem voluptatum perspiciatis.","file":"","user_id":13,"user":{"ID":0,"CreatedAt":"0001-01-01T00:00:00Z","UpdatedAt":"0001-01-01T00:00:00Z","DeletedAt":null,"username":"","email":"","password":"","image_url":"","age":0,"bio":"","role":"","threads":null,"Bookmarked":null},"comment":null,"BookmarkedUser":null,"like":null},"message":"success updating thread data"}[\n]"
08:37:51.268 [main] DEBUG org.apache.http.impl.conn.BasicClientConnectionManager - Releasing connection org.apache.http.impl.conn.ManagedClientConnectionImpl@8a8cab8
08:37:51.268 [main] DEBUG org.apache.http.impl.conn.BasicClientConnectionManager - Connection can be kept alive indefinitely
08:37:51.269 [main] DEBUG net.thucydides.core.steps.StepInterceptor - STEP DONE: I send PUT HTTP request update thread
  &amp#27;[32mWhen &amp#27;[0m&amp#27;[32mI send PUT HTTP request update thread&amp#27;[0m     &amp#27;[90m# starter.stepdefinitions.ThreadsSteps.sendPutHttpRequestUpdateThread()&amp#27;[0m
08:37:51.276 [main] DEBUG net.thucydides.core.steps.StepInterceptor - STARTING STEP: AuthUserSteps.receiveValidHttpResponseCode200 - I receive valid HTTP response code 200
08:37:51.276 [main] DEBUG net.thucydides.core.steps.StepInterceptor - STEP DONE: I receive valid HTTP response code 200
  &amp#27;[32mThen &amp#27;[0m&amp#27;[32mI receive valid HTTP response code 200&amp#27;[0m    &amp#27;[90m# starter.stepdefinitions.AuthUserSteps.receiveValidHttpResponseCode200()&amp#27;[0m
08:37:51.278 [main] DEBUG net.thucydides.core.steps.StepInterceptor - STARTING STEP: AuthUserSteps.receiveValidDataForResponseCode200 - I receive valid data for response code 200
08:37:51.279 [main] DEBUG net.thucydides.core.steps.StepInterceptor - STEP DONE: I receive valid data for response code 200
  &amp#27;[32mAnd &amp#27;[0m&amp#27;[32mI receive valid data for response code 200&amp#27;[0m &amp#27;[90m# starter.stepdefinitions.AuthUserSteps.receiveValidDataForResponseCode200()&amp#27;[0m
08:37:51.280 [main] INFO  - 
  _____   ___   ___   _____     ___     _     ___   ___   ___   ___  
 |_   _| | __| / __| |_   _|   | _ \   /_\   / __| / __| | __| |   \ 
   | |   | _|  \__ \   | |     |  _/  / _ \  \__ \ \__ \ | _|  | |) |
   |_|   |___| |___/   |_|     |_|   /_/ \_\ |___/ |___/ |___| |___/ 

PUT As a user I can update thread
----------------------------------------------------------------------
]]></system-out>
  </testcase>
  <testcase name="PUT As a user I can&apos;t update thread" classname="ManageThread" time="0.311">
    <system-out><![CDATA[08:37:51.297 [Finalizer] DEBUG org.apache.http.impl.conn.DefaultClientConnection - Connection 0.0.0.0:58391<->54.206.29.131:8000 closed
08:37:51.299 [Finalizer] DEBUG org.apache.http.impl.conn.DefaultClientConnection - Connection 0.0.0.0:58392<->54.206.29.131:8000 closed
08:37:51.300 [Finalizer] DEBUG org.apache.http.impl.conn.DefaultClientConnection - Connection 0.0.0.0:58395<->54.206.29.131:8000 closed
08:37:51.301 [Finalizer] DEBUG org.apache.http.impl.conn.DefaultClientConnection - Connection 0.0.0.0:58394<->54.206.29.131:8000 closed
08:37:51.301 [Finalizer] DEBUG org.apache.http.impl.conn.DefaultClientConnection - Connection 0.0.0.0:58401<->54.206.29.131:8000 closed
08:37:51.302 [Finalizer] DEBUG org.apache.http.impl.conn.DefaultClientConnection - Connection 0.0.0.0:58396<->54.206.29.131:8000 closed
08:37:51.303 [Finalizer] DEBUG org.apache.http.impl.conn.DefaultClientConnection - Connection 0.0.0.0:58403<->54.206.29.131:8000 closed

@Thread @T12
Scenario: PUT As a user I can't update thread         &amp#27;[90m# src/test/resources/api/ManageThread.feature:89&amp#27;[0m
08:37:51.303 [Finalizer] DEBUG org.apache.http.impl.conn.DefaultClientConnection - Connection 0.0.0.0:58399<->54.206.29.131:8000 closed
08:37:51.304 [Finalizer] DEBUG org.apache.http.impl.conn.DefaultClientConnection - Connection 0.0.0.0:58398<->54.206.29.131:8000 closed
08:37:51.305 [Finalizer] DEBUG org.apache.http.impl.conn.DefaultClientConnection - Connection 0.0.0.0:58404<->54.206.29.131:8000 closed
08:37:51.305 [main] INFO io.cucumber.core.plugin.SerenityReporter - Running feature from file:///C:/Users/Nafal%20Adi%20SL/Documents/GitHub/Capstone-QE/test-automation-API/src/test/resources/api/ManageThread.feature
08:37:51.305 [main] WARN io.cucumber.core.plugin.SerenityReporter - Feature from file:///C:/Users/Nafal%20Adi%20SL/Documents/GitHub/Capstone-QE/test-automation-API/src/test/resources/api/ManageThread.feature is not under the 'features' directory. Requirements report will not be correctly generated!
08:37:51.306 [main] INFO  - 
  _____   ___   ___   _____     ___   _____     _     ___   _____   ___   ___  
 |_   _| | __| / __| |_   _|   / __| |_   _|   /_\   | _ \ |_   _| | __| |   \ 
   | |   | _|  \__ \   | |     \__ \   | |    / _ \  |   /   | |   | _|  | |) |
   |_|   |___| |___/   |_|     |___/   |_|   /_/ \_\ |_|_\   |_|   |___| |___/ 

PUT As a user I can't update thread(managethread;put-as-a-user-i-can-t-update-thread)
--------------------------------------------------------------------------------
08:37:51.316 [main] DEBUG net.thucydides.core.steps.StepInterceptor - STARTING STEP: ThreadsSteps.setPutApiEndpointsUpdateThreadInvalid - I set PUT api endpoints update thread invalid
08:37:51.317 [main] DEBUG net.thucydides.core.steps.StepInterceptor - STEP DONE: I set PUT api endpoints update thread invalid
  &amp#27;[32mGiven &amp#27;[0m&amp#27;[32mI set PUT api endpoints update thread invalid&amp#27;[0m &amp#27;[90m# starter.stepdefinitions.ThreadsSteps.setPutApiEndpointsUpdateThreadInvalid()&amp#27;[0m
08:37:51.320 [main] DEBUG net.thucydides.core.steps.StepInterceptor - STARTING STEP: ThreadsSteps.sendPutHttpRequestUpdateThreadInvalid - I send PUT HTTP request update thread invalid
08:37:51.330 [main] DEBUG net.thucydides.core.steps.StepInterceptor - STARTING STEP: PutThreads.sendPutHttpRequestUpdateThreadInvalid - I set PUT api endpoints update thread invalid
08:37:51.330 [main] DEBUG net.thucydides.core.steps.StepInterceptor - STEP DONE: I set PUT api endpoints update thread invalid
08:37:51.338 [main] DEBUG org.apache.http.impl.conn.BasicClientConnectionManager - Get connection for route {}->http://ec2-54-206-29-131.ap-southeast-2.compute.amazonaws.com:8000
08:37:51.338 [main] DEBUG org.apache.http.impl.conn.DefaultClientConnectionOperator - Connecting to ec2-54-206-29-131.ap-southeast-2.compute.amazonaws.com:8000
08:37:51.456 [main] DEBUG org.apache.http.client.protocol.RequestAddCookies - CookieSpec selected: ignoreCookies
08:37:51.456 [main] DEBUG org.apache.http.client.protocol.RequestAuthCache - Auth cache not set in the context
08:37:51.456 [main] DEBUG org.apache.http.client.protocol.RequestProxyAuthentication - Proxy auth state: UNCHALLENGED
08:37:51.456 [main] DEBUG org.apache.http.impl.client.DefaultHttpClient - Attempt 1 to execute request
08:37:51.456 [main] DEBUG org.apache.http.impl.conn.DefaultClientConnection - Sending request: PUT /threads/1 HTTP/1.1
08:37:51.456 [main] DEBUG org.apache.http.wire -  >> "PUT /threads/1 HTTP/1.1[\r][\n]"
08:37:51.456 [main] DEBUG org.apache.http.wire -  >> "Authorization: Bearer eyJhbGciOiJIUzI1NiIsInR5cCI6IkpXVCJ9.eyJleHAiOjE2ODc1NjQxOTcsIm5hbWUiOiJLZW5kcmljayIsInJvbGUiOiJVc2VyIiwidXNlcl9pZCI6MTN9.p2Rdg1yWJH_349Z-51pSbx60sUkrEL6hEGPfRb2E0_o[\r][\n]"
08:37:51.456 [main] DEBUG org.apache.http.wire -  >> "Accept: */*[\r][\n]"
08:37:51.456 [main] DEBUG org.apache.http.wire -  >> "Content-Type: application/json[\r][\n]"
08:37:51.456 [main] DEBUG org.apache.http.wire -  >> "Content-Length: 280[\r][\n]"
08:37:51.456 [main] DEBUG org.apache.http.wire -  >> "Host: ec2-54-206-29-131.ap-southeast-2.compute.amazonaws.com:8000[\r][\n]"
08:37:51.456 [main] DEBUG org.apache.http.wire -  >> "Connection: Keep-Alive[\r][\n]"
08:37:51.456 [main] DEBUG org.apache.http.wire -  >> "User-Agent: Apache-HttpClient/4.5.13 (Java/11.0.12)[\r][\n]"
08:37:51.456 [main] DEBUG org.apache.http.wire -  >> "Accept-Encoding: gzip,deflate[\r][\n]"
08:37:51.456 [main] DEBUG org.apache.http.wire -  >> "[\r][\n]"
08:37:51.456 [main] DEBUG org.apache.http.headers - >> PUT /threads/1 HTTP/1.1
08:37:51.456 [main] DEBUG org.apache.http.headers - >> Authorization: Bearer eyJhbGciOiJIUzI1NiIsInR5cCI6IkpXVCJ9.eyJleHAiOjE2ODc1NjQxOTcsIm5hbWUiOiJLZW5kcmljayIsInJvbGUiOiJVc2VyIiwidXNlcl9pZCI6MTN9.p2Rdg1yWJH_349Z-51pSbx60sUkrEL6hEGPfRb2E0_o
08:37:51.456 [main] DEBUG org.apache.http.headers - >> Accept: */*
08:37:51.456 [main] DEBUG org.apache.http.headers - >> Content-Type: application/json
08:37:51.456 [main] DEBUG org.apache.http.headers - >> Content-Length: 280
08:37:51.456 [main] DEBUG org.apache.http.headers - >> Host: ec2-54-206-29-131.ap-southeast-2.compute.amazonaws.com:8000
08:37:51.456 [main] DEBUG org.apache.http.headers - >> Connection: Keep-Alive
08:37:51.456 [main] DEBUG org.apache.http.headers - >> User-Agent: Apache-HttpClient/4.5.13 (Java/11.0.12)
08:37:51.456 [main] DEBUG org.apache.http.headers - >> Accept-Encoding: gzip,deflate
08:37:51.456 [main] DEBUG org.apache.http.wire -  >> "{"file":"","user_id":1,"topic":"Speech","title":"The House of Mirth","content":"Voluptates aut neque quo illum. Commodi facere quis eum inventore consequuntur. Possimus vel id porro eum ut. Eveniet nihil sed expedita laborum ut accusamus ratione. Fuga ea eum eveniet cupiditate."}"
08:37:51.577 [main] DEBUG org.apache.http.wire -  << "HTTP/1.1 500 Internal Server Error[\r][\n]"
08:37:51.577 [main] DEBUG org.apache.http.wire -  << "Content-Type: application/json; charset=UTF-8[\r][\n]"
08:37:51.577 [main] DEBUG org.apache.http.wire -  << "Vary: Origin[\r][\n]"
08:37:51.577 [main] DEBUG org.apache.http.wire -  << "Vary: Origin[\r][\n]"
08:37:51.577 [main] DEBUG org.apache.http.wire -  << "Date: Fri, 23 Jun 2023 01:37:55 GMT[\r][\n]"
08:37:51.577 [main] DEBUG org.apache.http.wire -  << "Content-Length: 40[\r][\n]"
08:37:51.577 [main] DEBUG org.apache.http.wire -  << "[\r][\n]"
08:37:51.577 [main] DEBUG org.apache.http.impl.conn.DefaultClientConnection - Receiving response: HTTP/1.1 500 Internal Server Error
08:37:51.577 [main] DEBUG org.apache.http.headers - << HTTP/1.1 500 Internal Server Error
08:37:51.577 [main] DEBUG org.apache.http.headers - << Content-Type: application/json; charset=UTF-8
08:37:51.577 [main] DEBUG org.apache.http.headers - << Vary: Origin
08:37:51.577 [main] DEBUG org.apache.http.headers - << Vary: Origin
08:37:51.577 [main] DEBUG org.apache.http.headers - << Date: Fri, 23 Jun 2023 01:37:55 GMT
08:37:51.577 [main] DEBUG org.apache.http.headers - << Content-Length: 40
08:37:51.577 [main] DEBUG org.apache.http.impl.client.DefaultHttpClient - Connection can be kept alive indefinitely
08:37:51.577 [main] DEBUG io.restassured.internal.RestAssuredHttpBuilder - Parsing response as: application/json; charset=UTF-8
08:37:51.577 [main] DEBUG io.restassured.internal.RestAssuredHttpBuilder - Parsed data to instance of: class org.apache.http.conn.EofSensorInputStream
08:37:51.578 [main] DEBUG org.apache.http.wire -  << "{"message":"provided id was not found"}[\n]"
08:37:51.578 [main] DEBUG org.apache.http.impl.conn.BasicClientConnectionManager - Releasing connection org.apache.http.impl.conn.ManagedClientConnectionImpl@755057c7
08:37:51.578 [main] DEBUG org.apache.http.impl.conn.BasicClientConnectionManager - Connection can be kept alive indefinitely
08:37:51.578 [main] DEBUG net.thucydides.core.steps.StepInterceptor - STEP DONE: I send PUT HTTP request update thread invalid
  &amp#27;[32mWhen &amp#27;[0m&amp#27;[32mI send PUT HTTP request update thread invalid&amp#27;[0m  &amp#27;[90m# starter.stepdefinitions.ThreadsSteps.sendPutHttpRequestUpdateThreadInvalid()&amp#27;[0m
08:37:51.586 [main] DEBUG net.thucydides.core.steps.StepInterceptor - STARTING STEP: AuthUserSteps.receiveValidHttpResponseCode500 - I receive valid HTTP response code 500
08:37:51.587 [main] DEBUG net.thucydides.core.steps.StepInterceptor - STEP DONE: I receive valid HTTP response code 500
  &amp#27;[32mThen &amp#27;[0m&amp#27;[32mI receive valid HTTP response code 500&amp#27;[0m         &amp#27;[90m# starter.stepdefinitions.AuthUserSteps.receiveValidHttpResponseCode500()&amp#27;[0m
08:37:51.589 [main] DEBUG net.thucydides.core.steps.StepInterceptor - STARTING STEP: AuthUserSteps.receiveValidDataForResponseCode500 - I receive valid data for response code 500
08:37:51.590 [main] DEBUG net.thucydides.core.steps.StepInterceptor - STEP DONE: I receive valid data for response code 500
  &amp#27;[32mAnd &amp#27;[0m&amp#27;[32mI receive valid data for response code 500&amp#27;[0m      &amp#27;[90m# starter.stepdefinitions.AuthUserSteps.receiveValidDataForResponseCode500()&amp#27;[0m
08:37:51.591 [main] INFO  - 
  _____   ___   ___   _____     ___     _     ___   ___   ___   ___  
 |_   _| | __| / __| |_   _|   | _ \   /_\   / __| / __| | __| |   \ 
   | |   | _|  \__ \   | |     |  _/  / _ \  \__ \ \__ \ | _|  | |) |
   |_|   |___| |___/   |_|     |_|   /_/ \_\ |___/ |___/ |___| |___/ 

PUT As a user I can't update thread
----------------------------------------------------------------------
]]></system-out>
  </testcase>
  <testcase name="DELETE As a user I can delete thread" classname="ManageThread" time="0.34">
    <failure message="1 expectation failed.&#10;Expected status code &lt;200&gt; but was &lt;500&gt;.&#10;" type="java.lang.AssertionError"><![CDATA[java.lang.AssertionError: 
1 expectation failed.
Expected status code <200> but was <500>.

	at java.base/jdk.internal.reflect.NativeConstructorAccessorImpl.newInstance0(Native Method)
	at java.base/jdk.internal.reflect.NativeConstructorAccessorImpl.newInstance(NativeConstructorAccessorImpl.java:62)
	at java.base/jdk.internal.reflect.DelegatingConstructorAccessorImpl.newInstance(DelegatingConstructorAccessorImpl.java:45)
	at java.base/java.lang.reflect.Constructor.newInstance(Constructor.java:490)
	at org.codehaus.groovy.reflection.CachedConstructor.invoke(CachedConstructor.java:73)
	at org.codehaus.groovy.reflection.CachedConstructor.doConstructorInvoke(CachedConstructor.java:60)
	at org.codehaus.groovy.runtime.callsite.ConstructorSite$ConstructorSiteNoUnwrap.callConstructor(ConstructorSite.java:86)
	at org.codehaus.groovy.runtime.callsite.CallSiteArray.defaultCallConstructor(CallSiteArray.java:57)
	at org.codehaus.groovy.runtime.callsite.AbstractCallSite.callConstructor(AbstractCallSite.java:263)
	at org.codehaus.groovy.runtime.callsite.AbstractCallSite.callConstructor(AbstractCallSite.java:277)
	at io.restassured.internal.ResponseSpecificationImpl$HamcrestAssertionClosure.validate(ResponseSpecificationImpl.groovy:512)
	at io.restassured.internal.ResponseSpecificationImpl$HamcrestAssertionClosure$validate$1.call(Unknown Source)
	at io.restassured.internal.ResponseSpecificationImpl.validateResponseIfRequired(ResponseSpecificationImpl.groovy:696)
	at io.restassured.internal.ResponseSpecificationImpl.this$2$validateResponseIfRequired(ResponseSpecificationImpl.groovy)
	at jdk.internal.reflect.GeneratedMethodAccessor93.invoke(Unknown Source)
	at java.base/jdk.internal.reflect.DelegatingMethodAccessorImpl.invoke(DelegatingMethodAccessorImpl.java:43)
	at java.base/java.lang.reflect.Method.invoke(Method.java:566)
	at org.codehaus.groovy.runtime.callsite.PlainObjectMetaMethodSite.doInvoke(PlainObjectMetaMethodSite.java:43)
	at org.codehaus.groovy.runtime.callsite.PogoMetaMethodSite$PogoCachedMethodSiteNoUnwrapNoCoerce.invoke(PogoMetaMethodSite.java:198)
	at org.codehaus.groovy.runtime.callsite.PogoMetaMethodSite.callCurrent(PogoMetaMethodSite.java:62)
	at org.codehaus.groovy.runtime.callsite.AbstractCallSite.callCurrent(AbstractCallSite.java:185)
	at io.restassured.internal.ResponseSpecificationImpl.statusCode(ResponseSpecificationImpl.groovy:135)
	at io.restassured.specification.ResponseSpecification$statusCode$0.callCurrent(Unknown Source)
	at io.restassured.internal.ResponseSpecificationImpl.statusCode(ResponseSpecificationImpl.groovy:143)
	at io.restassured.internal.ValidatableResponseOptionsImpl.statusCode(ValidatableResponseOptionsImpl.java:89)
	at starter.authentication.PostRegister.lambda$validateHttpResponseCode200$0(PostRegister.java:48)
	at net.serenitybdd.rest.SerenityRest.restAssuredThat(SerenityRest.java:626)
	at starter.authentication.PostRegister.validateHttpResponseCode200(PostRegister.java:48)
	at starter.authentication.PostRegister$ByteBuddy$Juxv9Wj7.validateHttpResponseCode200$accessor$H3V1LoWv(Unknown Source)
	at java.base/jdk.internal.reflect.NativeMethodAccessorImpl.invoke0(Native Method)
	at java.base/jdk.internal.reflect.NativeMethodAccessorImpl.invoke(NativeMethodAccessorImpl.java:62)
	at java.base/jdk.internal.reflect.DelegatingMethodAccessorImpl.invoke(DelegatingMethodAccessorImpl.java:43)
	at java.base/java.lang.reflect.Method.invoke(Method.java:566)
	at net.thucydides.core.steps.StepInterceptor.invokeMethod(StepInterceptor.java:503)
	at net.thucydides.core.steps.StepInterceptor.executeTestStepMethod(StepInterceptor.java:483)
	at net.thucydides.core.steps.StepInterceptor.runTestStep(StepInterceptor.java:457)
	at net.thucydides.core.steps.StepInterceptor.runOrSkipMethod(StepInterceptor.java:209)
	at net.thucydides.core.steps.StepInterceptor.testStepResult(StepInterceptor.java:196)
	at net.thucydides.core.steps.StepInterceptor.intercept(StepInterceptor.java:84)
	at net.thucydides.core.steps.ProxyConfiguration$InterceptorDispatcher.intercept(ProxyConfiguration.java:51)
	at starter.authentication.PostRegister$ByteBuddy$Juxv9Wj7.validateHttpResponseCode200(Unknown Source)
	at starter.stepdefinitions.AuthUserSteps.receiveValidHttpResponseCode200(AuthUserSteps.java:35)
	at ✽.I receive valid HTTP response code 200(file:///C:/Users/Nafal%20Adi%20SL/Documents/GitHub/Capstone-QE/test-automation-API/src/test/resources/api/ManageThread.feature:100)
]]></failure>
    <system-out><![CDATA[
@Thread @T13
Scenario: DELETE As a user I can delete thread   &amp#27;[90m# src/test/resources/api/ManageThread.feature:97&amp#27;[0m
08:37:51.598 [main] INFO io.cucumber.core.plugin.SerenityReporter - Running feature from file:///C:/Users/Nafal%20Adi%20SL/Documents/GitHub/Capstone-QE/test-automation-API/src/test/resources/api/ManageThread.feature
08:37:51.598 [main] WARN io.cucumber.core.plugin.SerenityReporter - Feature from file:///C:/Users/Nafal%20Adi%20SL/Documents/GitHub/Capstone-QE/test-automation-API/src/test/resources/api/ManageThread.feature is not under the 'features' directory. Requirements report will not be correctly generated!
08:37:51.599 [main] INFO  - 
  _____   ___   ___   _____     ___   _____     _     ___   _____   ___   ___  
 |_   _| | __| / __| |_   _|   / __| |_   _|   /_\   | _ \ |_   _| | __| |   \ 
   | |   | _|  \__ \   | |     \__ \   | |    / _ \  |   /   | |   | _|  | |) |
   |_|   |___| |___/   |_|     |___/   |_|   /_/ \_\ |_|_\   |_|   |___| |___/ 

DELETE As a user I can delete thread(managethread;delete-as-a-user-i-can-delete-thread)
--------------------------------------------------------------------------------
08:37:51.609 [main] DEBUG net.thucydides.core.steps.StepInterceptor - STARTING STEP: ThreadsSteps.setDeleteApiEndpoints - I set DELETE api endpoints delete thread
08:37:51.609 [main] DEBUG net.thucydides.core.steps.StepInterceptor - STEP DONE: I set DELETE api endpoints delete thread
  &amp#27;[32mGiven &amp#27;[0m&amp#27;[32mI set DELETE api endpoints delete thread&amp#27;[0m &amp#27;[90m# starter.stepdefinitions.ThreadsSteps.setDeleteApiEndpoints()&amp#27;[0m
08:37:51.611 [main] DEBUG net.thucydides.core.steps.StepInterceptor - STARTING STEP: ThreadsSteps.sendDeleteApiEndpoints - I send DELETE HTTP request delete thread
08:37:51.613 [main] DEBUG net.thucydides.core.steps.StepInterceptor - STARTING STEP: DeleteThreads.sendDeleteHttpRequest - I set DELETE api endpoints delete thread
08:37:51.613 [main] DEBUG net.thucydides.core.steps.StepInterceptor - STEP DONE: I set DELETE api endpoints delete thread
08:37:51.620 [main] DEBUG org.apache.http.impl.conn.BasicClientConnectionManager - Get connection for route {}->http://ec2-54-206-29-131.ap-southeast-2.compute.amazonaws.com:8000
08:37:51.620 [main] DEBUG org.apache.http.impl.conn.DefaultClientConnectionOperator - Connecting to ec2-54-206-29-131.ap-southeast-2.compute.amazonaws.com:8000
08:37:51.736 [main] DEBUG org.apache.http.client.protocol.RequestAddCookies - CookieSpec selected: ignoreCookies
08:37:51.736 [main] DEBUG org.apache.http.client.protocol.RequestAuthCache - Auth cache not set in the context
08:37:51.736 [main] DEBUG org.apache.http.client.protocol.RequestProxyAuthentication - Proxy auth state: UNCHALLENGED
08:37:51.736 [main] DEBUG org.apache.http.impl.client.DefaultHttpClient - Attempt 1 to execute request
08:37:51.736 [main] DEBUG org.apache.http.impl.conn.DefaultClientConnection - Sending request: DELETE /threads/20 HTTP/1.1
08:37:51.736 [main] DEBUG org.apache.http.wire -  >> "DELETE /threads/20 HTTP/1.1[\r][\n]"
08:37:51.736 [main] DEBUG org.apache.http.wire -  >> "Authorization: Bearer eyJhbGciOiJIUzI1NiIsInR5cCI6IkpXVCJ9.eyJleHAiOjE2ODc1NTk0NDAsIm5hbWUiOiJXYWh5dSIsInJvbGUiOiJhZG1pbiIsInVzZXJfaWQiOjF9.m4vJ9e38a2kQTab-xsirsImfuP3_U458SQ2epYq-Dsw[\r][\n]"
08:37:51.736 [main] DEBUG org.apache.http.wire -  >> "Accept: */*[\r][\n]"
08:37:51.736 [main] DEBUG org.apache.http.wire -  >> "Host: ec2-54-206-29-131.ap-southeast-2.compute.amazonaws.com:8000[\r][\n]"
08:37:51.736 [main] DEBUG org.apache.http.wire -  >> "Connection: Keep-Alive[\r][\n]"
08:37:51.736 [main] DEBUG org.apache.http.wire -  >> "User-Agent: Apache-HttpClient/4.5.13 (Java/11.0.12)[\r][\n]"
08:37:51.736 [main] DEBUG org.apache.http.wire -  >> "Accept-Encoding: gzip,deflate[\r][\n]"
08:37:51.736 [main] DEBUG org.apache.http.wire -  >> "[\r][\n]"
08:37:51.736 [main] DEBUG org.apache.http.headers - >> DELETE /threads/20 HTTP/1.1
08:37:51.736 [main] DEBUG org.apache.http.headers - >> Authorization: Bearer eyJhbGciOiJIUzI1NiIsInR5cCI6IkpXVCJ9.eyJleHAiOjE2ODc1NTk0NDAsIm5hbWUiOiJXYWh5dSIsInJvbGUiOiJhZG1pbiIsInVzZXJfaWQiOjF9.m4vJ9e38a2kQTab-xsirsImfuP3_U458SQ2epYq-Dsw
08:37:51.736 [main] DEBUG org.apache.http.headers - >> Accept: */*
08:37:51.736 [main] DEBUG org.apache.http.headers - >> Host: ec2-54-206-29-131.ap-southeast-2.compute.amazonaws.com:8000
08:37:51.736 [main] DEBUG org.apache.http.headers - >> Connection: Keep-Alive
08:37:51.736 [main] DEBUG org.apache.http.headers - >> User-Agent: Apache-HttpClient/4.5.13 (Java/11.0.12)
08:37:51.736 [main] DEBUG org.apache.http.headers - >> Accept-Encoding: gzip,deflate
08:37:51.855 [main] DEBUG org.apache.http.wire -  << "HTTP/1.1 500 Internal Server Error[\r][\n]"
08:37:51.855 [main] DEBUG org.apache.http.wire -  << "Content-Type: application/json; charset=UTF-8[\r][\n]"
08:37:51.855 [main] DEBUG org.apache.http.wire -  << "Vary: Origin[\r][\n]"
08:37:51.855 [main] DEBUG org.apache.http.wire -  << "Vary: Origin[\r][\n]"
08:37:51.855 [main] DEBUG org.apache.http.wire -  << "Date: Fri, 23 Jun 2023 01:37:56 GMT[\r][\n]"
08:37:51.855 [main] DEBUG org.apache.http.wire -  << "Content-Length: 40[\r][\n]"
08:37:51.855 [main] DEBUG org.apache.http.wire -  << "[\r][\n]"
08:37:51.855 [main] DEBUG org.apache.http.impl.conn.DefaultClientConnection - Receiving response: HTTP/1.1 500 Internal Server Error
08:37:51.855 [main] DEBUG org.apache.http.headers - << HTTP/1.1 500 Internal Server Error
08:37:51.855 [main] DEBUG org.apache.http.headers - << Content-Type: application/json; charset=UTF-8
08:37:51.855 [main] DEBUG org.apache.http.headers - << Vary: Origin
08:37:51.855 [main] DEBUG org.apache.http.headers - << Vary: Origin
08:37:51.855 [main] DEBUG org.apache.http.headers - << Date: Fri, 23 Jun 2023 01:37:56 GMT
08:37:51.855 [main] DEBUG org.apache.http.headers - << Content-Length: 40
08:37:51.855 [main] DEBUG org.apache.http.impl.client.DefaultHttpClient - Connection can be kept alive indefinitely
08:37:51.855 [main] DEBUG io.restassured.internal.RestAssuredHttpBuilder - Parsing response as: application/json; charset=UTF-8
08:37:51.855 [main] DEBUG io.restassured.internal.RestAssuredHttpBuilder - Parsed data to instance of: class org.apache.http.conn.EofSensorInputStream
08:37:51.855 [main] DEBUG org.apache.http.wire -  << "{"message":"provided id was not found"}[\n]"
08:37:51.855 [main] DEBUG org.apache.http.impl.conn.BasicClientConnectionManager - Releasing connection org.apache.http.impl.conn.ManagedClientConnectionImpl@208ce928
08:37:51.855 [main] DEBUG org.apache.http.impl.conn.BasicClientConnectionManager - Connection can be kept alive indefinitely
08:37:51.856 [main] DEBUG net.thucydides.core.steps.StepInterceptor - STEP DONE: I send DELETE HTTP request delete thread
  &amp#27;[32mWhen &amp#27;[0m&amp#27;[32mI send DELETE HTTP request delete thread&amp#27;[0m  &amp#27;[90m# starter.stepdefinitions.ThreadsSteps.sendDeleteApiEndpoints()&amp#27;[0m
08:37:51.864 [main] DEBUG net.thucydides.core.steps.StepInterceptor - STARTING STEP: AuthUserSteps.receiveValidHttpResponseCode200 - I receive valid HTTP response code 200
  &amp#27;[31mThen &amp#27;[0m&amp#27;[31mI receive valid HTTP response code 200&amp#27;[0m    &amp#27;[90m# starter.stepdefinitions.AuthUserSteps.receiveValidHttpResponseCode200()&amp#27;[0m
      &amp#27;[31mjava.lang.AssertionError: 1 expectation failed.
Expected status code <200> but was <500>.

	at java.base/jdk.internal.reflect.NativeConstructorAccessorImpl.newInstance0(Native Method)
	at java.base/jdk.internal.reflect.NativeConstructorAccessorImpl.newInstance(NativeConstructorAccessorImpl.java:62)
	at java.base/jdk.internal.reflect.DelegatingConstructorAccessorImpl.newInstance(DelegatingConstructorAccessorImpl.java:45)
	at java.base/java.lang.reflect.Constructor.newInstance(Constructor.java:490)
	at org.codehaus.groovy.reflection.CachedConstructor.invoke(CachedConstructor.java:73)
	at org.codehaus.groovy.reflection.CachedConstructor.doConstructorInvoke(CachedConstructor.java:60)
	at org.codehaus.groovy.runtime.callsite.ConstructorSite$ConstructorSiteNoUnwrap.callConstructor(ConstructorSite.java:86)
	at org.codehaus.groovy.runtime.callsite.CallSiteArray.defaultCallConstructor(CallSiteArray.java:57)
	at org.codehaus.groovy.runtime.callsite.AbstractCallSite.callConstructor(AbstractCallSite.java:263)
	at org.codehaus.groovy.runtime.callsite.AbstractCallSite.callConstructor(AbstractCallSite.java:277)
	at io.restassured.internal.ResponseSpecificationImpl$HamcrestAssertionClosure.validate(ResponseSpecificationImpl.groovy:512)
	at io.restassured.internal.ResponseSpecificationImpl$HamcrestAssertionClosure$validate$1.call(Unknown Source)
	at io.restassured.internal.ResponseSpecificationImpl.validateResponseIfRequired(ResponseSpecificationImpl.groovy:696)
	at io.restassured.internal.ResponseSpecificationImpl.this$2$validateResponseIfRequired(ResponseSpecificationImpl.groovy)
	at jdk.internal.reflect.GeneratedMethodAccessor93.invoke(Unknown Source)
	at java.base/jdk.internal.reflect.DelegatingMethodAccessorImpl.invoke(DelegatingMethodAccessorImpl.java:43)
	at java.base/java.lang.reflect.Method.invoke(Method.java:566)
	at org.codehaus.groovy.runtime.callsite.PlainObjectMetaMethodSite.doInvoke(PlainObjectMetaMethodSite.java:43)
	at org.codehaus.groovy.runtime.callsite.PogoMetaMethodSite$PogoCachedMethodSiteNoUnwrapNoCoerce.invoke(PogoMetaMethodSite.java:198)
	at org.codehaus.groovy.runtime.callsite.PogoMetaMethodSite.callCurrent(PogoMetaMethodSite.java:62)
	at org.codehaus.groovy.runtime.callsite.AbstractCallSite.callCurrent(AbstractCallSite.java:185)
	at io.restassured.internal.ResponseSpecificationImpl.statusCode(ResponseSpecificationImpl.groovy:135)
	at io.restassured.specification.ResponseSpecification$statusCode$0.callCurrent(Unknown Source)
	at io.restassured.internal.ResponseSpecificationImpl.statusCode(ResponseSpecificationImpl.groovy:143)
	at io.restassured.internal.ValidatableResponseOptionsImpl.statusCode(ValidatableResponseOptionsImpl.java:89)
	at starter.authentication.PostRegister.lambda$validateHttpResponseCode200$0(PostRegister.java:48)
	at net.serenitybdd.rest.SerenityRest.restAssuredThat(SerenityRest.java:626)
	at starter.authentication.PostRegister.validateHttpResponseCode200(PostRegister.java:48)
	at starter.authentication.PostRegister$ByteBuddy$Juxv9Wj7.validateHttpResponseCode200$accessor$H3V1LoWv(Unknown Source)
	at java.base/jdk.internal.reflect.NativeMethodAccessorImpl.invoke0(Native Method)
	at java.base/jdk.internal.reflect.NativeMethodAccessorImpl.invoke(NativeMethodAccessorImpl.java:62)
	at java.base/jdk.internal.reflect.DelegatingMethodAccessorImpl.invoke(DelegatingMethodAccessorImpl.java:43)
	at java.base/java.lang.reflect.Method.invoke(Method.java:566)
	at net.thucydides.core.steps.StepInterceptor.invokeMethod(StepInterceptor.java:503)
	at net.thucydides.core.steps.StepInterceptor.executeTestStepMethod(StepInterceptor.java:483)
	at net.thucydides.core.steps.StepInterceptor.runTestStep(StepInterceptor.java:457)
	at net.thucydides.core.steps.StepInterceptor.runOrSkipMethod(StepInterceptor.java:209)
	at net.thucydides.core.steps.StepInterceptor.testStepResult(StepInterceptor.java:196)
	at net.thucydides.core.steps.StepInterceptor.intercept(StepInterceptor.java:84)
	at net.thucydides.core.steps.ProxyConfiguration$InterceptorDispatcher.intercept(ProxyConfiguration.java:51)
	at starter.authentication.PostRegister$ByteBuddy$Juxv9Wj7.validateHttpResponseCode200(Unknown Source)
	at starter.stepdefinitions.AuthUserSteps.receiveValidHttpResponseCode200(AuthUserSteps.java:35)
	at âœ½.I receive valid HTTP response code 200(file:///C:/Users/Nafal%20Adi%20SL/Documents/GitHub/Capstone-QE/test-automation-API/src/test/resources/api/ManageThread.feature:100)
&amp#27;[0m
  &amp#27;[36mAnd &amp#27;[0m&amp#27;[36mI receive valid data for response code 200&amp#27;[0m &amp#27;[90m# starter.stepdefinitions.AuthUserSteps.receiveValidDataForResponseCode200()&amp#27;[0m
08:37:51.889 [main] ERROR  - 
  _____   ___   ___   _____     ___     _     ___   _      ___   ___  
 |_   _| | __| / __| |_   _|   | __|   /_\   |_ _| | |    | __| |   \ 
   | |   | _|  \__ \   | |     | _|   / _ \   | |  | |__  | _|  | |) |
   |_|   |___| |___/   |_|     |_|   /_/ \_\ |___| |____| |___| |___/ 

DELETE As a user I can delete thread
-----------------------------------------------------------------------
08:37:51.890 [main] DEBUG  - RELATED ISSUES: 
08:37:51.928 [main] ERROR  -     Test failed at step: I receive valid HTTP response code 200
08:37:51.928 [main] ERROR  -     1 expectation failed.Expected status code <200> but was <500>.
]]></system-out>
  </testcase>
  <testcase name="DELETE As a user I can&apos;t delete thread" classname="ManageThread" time="0.288">
    <system-out><![CDATA[
@Thread @T14
Scenario: DELETE As a user I can't delete thread         &amp#27;[90m# src/test/resources/api/ManageThread.feature:104&amp#27;[0m
08:37:51.944 [main] INFO io.cucumber.core.plugin.SerenityReporter - Running feature from file:///C:/Users/Nafal%20Adi%20SL/Documents/GitHub/Capstone-QE/test-automation-API/src/test/resources/api/ManageThread.feature
08:37:51.944 [main] WARN io.cucumber.core.plugin.SerenityReporter - Feature from file:///C:/Users/Nafal%20Adi%20SL/Documents/GitHub/Capstone-QE/test-automation-API/src/test/resources/api/ManageThread.feature is not under the 'features' directory. Requirements report will not be correctly generated!
08:37:51.946 [main] INFO  - 
  _____   ___   ___   _____     ___   _____     _     ___   _____   ___   ___  
 |_   _| | __| / __| |_   _|   / __| |_   _|   /_\   | _ \ |_   _| | __| |   \ 
   | |   | _|  \__ \   | |     \__ \   | |    / _ \  |   /   | |   | _|  | |) |
   |_|   |___| |___/   |_|     |___/   |_|   /_/ \_\ |_|_\   |_|   |___| |___/ 

DELETE As a user I can't delete thread(managethread;delete-as-a-user-i-can-t-delete-thread)
--------------------------------------------------------------------------------
08:37:51.962 [main] DEBUG net.thucydides.core.steps.StepInterceptor - STARTING STEP: ThreadsSteps.setDeleteApiEndpointsInvalid - I set DELETE api endpoints delete thread invalid
08:37:51.963 [main] DEBUG net.thucydides.core.steps.StepInterceptor - STEP DONE: I set DELETE api endpoints delete thread invalid
  &amp#27;[32mGiven &amp#27;[0m&amp#27;[32mI set DELETE api endpoints delete thread invalid&amp#27;[0m &amp#27;[90m# starter.stepdefinitions.ThreadsSteps.setDeleteApiEndpointsInvalid()&amp#27;[0m
08:37:51.965 [main] DEBUG net.thucydides.core.steps.StepInterceptor - STARTING STEP: ThreadsSteps.sendDeleteApiEndpointsInvalid - I send DELETE HTTP request delete thread invalid
08:37:51.966 [main] DEBUG net.thucydides.core.steps.StepInterceptor - STARTING STEP: DeleteThreads.sendDeleteHttpRequestInvalid - I set DELETE api endpoints delete thread invalid
08:37:51.966 [main] DEBUG net.thucydides.core.steps.StepInterceptor - STEP DONE: I set DELETE api endpoints delete thread invalid
08:37:51.975 [main] DEBUG org.apache.http.impl.conn.BasicClientConnectionManager - Get connection for route {}->http://ec2-54-206-29-131.ap-southeast-2.compute.amazonaws.com:8000
08:37:51.975 [main] DEBUG org.apache.http.impl.conn.DefaultClientConnectionOperator - Connecting to ec2-54-206-29-131.ap-southeast-2.compute.amazonaws.com:8000
08:37:52.096 [main] DEBUG org.apache.http.client.protocol.RequestAddCookies - CookieSpec selected: ignoreCookies
08:37:52.096 [main] DEBUG org.apache.http.client.protocol.RequestAuthCache - Auth cache not set in the context
08:37:52.096 [main] DEBUG org.apache.http.client.protocol.RequestProxyAuthentication - Proxy auth state: UNCHALLENGED
08:37:52.096 [main] DEBUG org.apache.http.impl.client.DefaultHttpClient - Attempt 1 to execute request
08:37:52.096 [main] DEBUG org.apache.http.impl.conn.DefaultClientConnection - Sending request: DELETE /threads/ HTTP/1.1
08:37:52.096 [main] DEBUG org.apache.http.wire -  >> "DELETE /threads/ HTTP/1.1[\r][\n]"
08:37:52.096 [main] DEBUG org.apache.http.wire -  >> "Authorization: Bearer eyJhbGciOiJIUzI1NiIsInR5cCI6IkpXVCJ9.eyJleHAiOjE2ODc1NjQxOTcsIm5hbWUiOiJLZW5kcmljayIsInJvbGUiOiJVc2VyIiwidXNlcl9pZCI6MTN9.p2Rdg1yWJH_349Z-51pSbx60sUkrEL6hEGPfRb2E0_o[\r][\n]"
08:37:52.096 [main] DEBUG org.apache.http.wire -  >> "Accept: */*[\r][\n]"
08:37:52.096 [main] DEBUG org.apache.http.wire -  >> "Host: ec2-54-206-29-131.ap-southeast-2.compute.amazonaws.com:8000[\r][\n]"
08:37:52.096 [main] DEBUG org.apache.http.wire -  >> "Connection: Keep-Alive[\r][\n]"
08:37:52.096 [main] DEBUG org.apache.http.wire -  >> "User-Agent: Apache-HttpClient/4.5.13 (Java/11.0.12)[\r][\n]"
08:37:52.096 [main] DEBUG org.apache.http.wire -  >> "Accept-Encoding: gzip,deflate[\r][\n]"
08:37:52.096 [main] DEBUG org.apache.http.wire -  >> "[\r][\n]"
08:37:52.096 [main] DEBUG org.apache.http.headers - >> DELETE /threads/ HTTP/1.1
08:37:52.096 [main] DEBUG org.apache.http.headers - >> Authorization: Bearer eyJhbGciOiJIUzI1NiIsInR5cCI6IkpXVCJ9.eyJleHAiOjE2ODc1NjQxOTcsIm5hbWUiOiJLZW5kcmljayIsInJvbGUiOiJVc2VyIiwidXNlcl9pZCI6MTN9.p2Rdg1yWJH_349Z-51pSbx60sUkrEL6hEGPfRb2E0_o
08:37:52.096 [main] DEBUG org.apache.http.headers - >> Accept: */*
08:37:52.096 [main] DEBUG org.apache.http.headers - >> Host: ec2-54-206-29-131.ap-southeast-2.compute.amazonaws.com:8000
08:37:52.096 [main] DEBUG org.apache.http.headers - >> Connection: Keep-Alive
08:37:52.096 [main] DEBUG org.apache.http.headers - >> User-Agent: Apache-HttpClient/4.5.13 (Java/11.0.12)
08:37:52.096 [main] DEBUG org.apache.http.headers - >> Accept-Encoding: gzip,deflate
08:37:52.214 [main] DEBUG org.apache.http.wire -  << "HTTP/1.1 404 Not Found[\r][\n]"
08:37:52.214 [main] DEBUG org.apache.http.wire -  << "Content-Type: application/json; charset=UTF-8[\r][\n]"
08:37:52.214 [main] DEBUG org.apache.http.wire -  << "Vary: Origin[\r][\n]"
08:37:52.214 [main] DEBUG org.apache.http.wire -  << "Vary: Origin[\r][\n]"
08:37:52.214 [main] DEBUG org.apache.http.wire -  << "Date: Fri, 23 Jun 2023 01:37:56 GMT[\r][\n]"
08:37:52.214 [main] DEBUG org.apache.http.wire -  << "Content-Length: 24[\r][\n]"
08:37:52.214 [main] DEBUG org.apache.http.wire -  << "[\r][\n]"
08:37:52.214 [main] DEBUG org.apache.http.impl.conn.DefaultClientConnection - Receiving response: HTTP/1.1 404 Not Found
08:37:52.214 [main] DEBUG org.apache.http.headers - << HTTP/1.1 404 Not Found
08:37:52.214 [main] DEBUG org.apache.http.headers - << Content-Type: application/json; charset=UTF-8
08:37:52.214 [main] DEBUG org.apache.http.headers - << Vary: Origin
08:37:52.214 [main] DEBUG org.apache.http.headers - << Vary: Origin
08:37:52.214 [main] DEBUG org.apache.http.headers - << Date: Fri, 23 Jun 2023 01:37:56 GMT
08:37:52.214 [main] DEBUG org.apache.http.headers - << Content-Length: 24
08:37:52.214 [main] DEBUG org.apache.http.impl.client.DefaultHttpClient - Connection can be kept alive indefinitely
08:37:52.214 [main] DEBUG io.restassured.internal.RestAssuredHttpBuilder - Parsing response as: application/json; charset=UTF-8
08:37:52.214 [main] DEBUG io.restassured.internal.RestAssuredHttpBuilder - Parsed data to instance of: class org.apache.http.conn.EofSensorInputStream
08:37:52.215 [main] DEBUG org.apache.http.wire -  << "{"message":"Not Found"}[\n]"
08:37:52.215 [main] DEBUG org.apache.http.impl.conn.BasicClientConnectionManager - Releasing connection org.apache.http.impl.conn.ManagedClientConnectionImpl@35ab0bf3
08:37:52.215 [main] DEBUG org.apache.http.impl.conn.BasicClientConnectionManager - Connection can be kept alive indefinitely
08:37:52.216 [main] DEBUG net.thucydides.core.steps.StepInterceptor - STEP DONE: I send DELETE HTTP request delete thread invalid
  &amp#27;[32mWhen &amp#27;[0m&amp#27;[32mI send DELETE HTTP request delete thread invalid&amp#27;[0m  &amp#27;[90m# starter.stepdefinitions.ThreadsSteps.sendDeleteApiEndpointsInvalid()&amp#27;[0m
08:37:52.218 [main] DEBUG net.thucydides.core.steps.StepInterceptor - STARTING STEP: ThreadsSteps.receiveHttpResponseCode404 - I receive valid HTTP response code 404
08:37:52.218 [main] DEBUG net.thucydides.core.steps.StepInterceptor - STEP DONE: I receive valid HTTP response code 404
  &amp#27;[32mThen &amp#27;[0m&amp#27;[32mI receive valid HTTP response code 404&amp#27;[0m            &amp#27;[90m# starter.stepdefinitions.ThreadsSteps.receiveHttpResponseCode404()&amp#27;[0m
08:37:52.220 [main] DEBUG net.thucydides.core.steps.StepInterceptor - STARTING STEP: ThreadsSteps.receiveValidDataForResponseCode404 - I receive valid data for response code 404
08:37:52.221 [main] DEBUG net.thucydides.core.steps.StepInterceptor - STEP DONE: I receive valid data for response code 404
  &amp#27;[32mAnd &amp#27;[0m&amp#27;[32mI receive valid data for response code 404&amp#27;[0m         &amp#27;[90m# starter.stepdefinitions.ThreadsSteps.receiveValidDataForResponseCode404()&amp#27;[0m
08:37:52.222 [main] INFO  - 
  _____   ___   ___   _____     ___     _     ___   ___   ___   ___  
 |_   _| | __| / __| |_   _|   | _ \   /_\   / __| / __| | __| |   \ 
   | |   | _|  \__ \   | |     |  _/  / _ \  \__ \ \__ \ | _|  | |) |
   |_|   |___| |___/   |_|     |_|   /_/ \_\ |___/ |___/ |___| |___/ 

DELETE As a user I can't delete thread
----------------------------------------------------------------------
]]></system-out>
  </testcase>
  <testcase name="POST As a user I can create a new bookmark" classname="ManageThread" time="0.297">
    <system-out><![CDATA[
@Thread @T15
Scenario: POST As a user I can create a new bookmark &amp#27;[90m# src/test/resources/api/ManageThread.feature:112&amp#27;[0m
08:37:52.230 [main] INFO io.cucumber.core.plugin.SerenityReporter - Running feature from file:///C:/Users/Nafal%20Adi%20SL/Documents/GitHub/Capstone-QE/test-automation-API/src/test/resources/api/ManageThread.feature
08:37:52.230 [main] WARN io.cucumber.core.plugin.SerenityReporter - Feature from file:///C:/Users/Nafal%20Adi%20SL/Documents/GitHub/Capstone-QE/test-automation-API/src/test/resources/api/ManageThread.feature is not under the 'features' directory. Requirements report will not be correctly generated!
08:37:52.231 [main] INFO  - 
  _____   ___   ___   _____     ___   _____     _     ___   _____   ___   ___  
 |_   _| | __| / __| |_   _|   / __| |_   _|   /_\   | _ \ |_   _| | __| |   \ 
   | |   | _|  \__ \   | |     \__ \   | |    / _ \  |   /   | |   | _|  | |) |
   |_|   |___| |___/   |_|     |___/   |_|   /_/ \_\ |_|_\   |_|   |___| |___/ 

POST As a user I can create a new bookmark(managethread;post-as-a-user-i-can-create-a-new-bookmark)
--------------------------------------------------------------------------------
08:37:52.249 [main] DEBUG net.thucydides.core.steps.StepInterceptor - STARTING STEP: BookmarksSteps.setPostApiEndpointsNewBookmark - I set POST endpoints new bookmark
08:37:52.249 [main] DEBUG net.thucydides.core.steps.StepInterceptor - STEP DONE: I set POST endpoints new bookmark
  &amp#27;[32mGiven &amp#27;[0m&amp#27;[32mI set POST api endpoints new bookmark&amp#27;[0m        &amp#27;[90m# starter.stepdefinitions.BookmarksSteps.setPostApiEndpointsNewBookmark()&amp#27;[0m
08:37:52.251 [main] DEBUG net.thucydides.core.steps.StepInterceptor - STARTING STEP: BookmarksSteps.sendPostHttpRequestNewBookmark - I send POST HTTP request new bookmark
08:37:52.252 [main] DEBUG net.thucydides.core.steps.StepInterceptor - STARTING STEP: PostBookmarks.sendPostHTTPRequest - I set POST endpoints new bookmark
08:37:52.252 [main] DEBUG net.thucydides.core.steps.StepInterceptor - STEP DONE: I set POST endpoints new bookmark
08:37:52.259 [main] DEBUG org.apache.http.impl.conn.BasicClientConnectionManager - Get connection for route {}->http://ec2-54-206-29-131.ap-southeast-2.compute.amazonaws.com:8000
08:37:52.259 [main] DEBUG org.apache.http.impl.conn.DefaultClientConnectionOperator - Connecting to ec2-54-206-29-131.ap-southeast-2.compute.amazonaws.com:8000
08:37:52.378 [main] DEBUG org.apache.http.client.protocol.RequestAddCookies - CookieSpec selected: ignoreCookies
08:37:52.378 [main] DEBUG org.apache.http.client.protocol.RequestAuthCache - Auth cache not set in the context
08:37:52.378 [main] DEBUG org.apache.http.client.protocol.RequestProxyAuthentication - Proxy auth state: UNCHALLENGED
08:37:52.378 [main] DEBUG org.apache.http.impl.client.DefaultHttpClient - Attempt 1 to execute request
08:37:52.378 [main] DEBUG org.apache.http.impl.conn.DefaultClientConnection - Sending request: POST /bookmark HTTP/1.1
08:37:52.378 [main] DEBUG org.apache.http.wire -  >> "POST /bookmark HTTP/1.1[\r][\n]"
08:37:52.378 [main] DEBUG org.apache.http.wire -  >> "Authorization: Bearer eyJhbGciOiJIUzI1NiIsInR5cCI6IkpXVCJ9.eyJleHAiOjE2ODc1NjQxOTcsIm5hbWUiOiJLZW5kcmljayIsInJvbGUiOiJVc2VyIiwidXNlcl9pZCI6MTN9.p2Rdg1yWJH_349Z-51pSbx60sUkrEL6hEGPfRb2E0_o[\r][\n]"
08:37:52.378 [main] DEBUG org.apache.http.wire -  >> "Accept: */*[\r][\n]"
08:37:52.378 [main] DEBUG org.apache.http.wire -  >> "Content-Type: application/json[\r][\n]"
08:37:52.378 [main] DEBUG org.apache.http.wire -  >> "Content-Length: 16[\r][\n]"
08:37:52.378 [main] DEBUG org.apache.http.wire -  >> "Host: ec2-54-206-29-131.ap-southeast-2.compute.amazonaws.com:8000[\r][\n]"
08:37:52.378 [main] DEBUG org.apache.http.wire -  >> "Connection: Keep-Alive[\r][\n]"
08:37:52.378 [main] DEBUG org.apache.http.wire -  >> "User-Agent: Apache-HttpClient/4.5.13 (Java/11.0.12)[\r][\n]"
08:37:52.378 [main] DEBUG org.apache.http.wire -  >> "Accept-Encoding: gzip,deflate[\r][\n]"
08:37:52.378 [main] DEBUG org.apache.http.wire -  >> "[\r][\n]"
08:37:52.378 [main] DEBUG org.apache.http.headers - >> POST /bookmark HTTP/1.1
08:37:52.378 [main] DEBUG org.apache.http.headers - >> Authorization: Bearer eyJhbGciOiJIUzI1NiIsInR5cCI6IkpXVCJ9.eyJleHAiOjE2ODc1NjQxOTcsIm5hbWUiOiJLZW5kcmljayIsInJvbGUiOiJVc2VyIiwidXNlcl9pZCI6MTN9.p2Rdg1yWJH_349Z-51pSbx60sUkrEL6hEGPfRb2E0_o
08:37:52.378 [main] DEBUG org.apache.http.headers - >> Accept: */*
08:37:52.378 [main] DEBUG org.apache.http.headers - >> Content-Type: application/json
08:37:52.378 [main] DEBUG org.apache.http.headers - >> Content-Length: 16
08:37:52.378 [main] DEBUG org.apache.http.headers - >> Host: ec2-54-206-29-131.ap-southeast-2.compute.amazonaws.com:8000
08:37:52.378 [main] DEBUG org.apache.http.headers - >> Connection: Keep-Alive
08:37:52.378 [main] DEBUG org.apache.http.headers - >> User-Agent: Apache-HttpClient/4.5.13 (Java/11.0.12)
08:37:52.378 [main] DEBUG org.apache.http.headers - >> Accept-Encoding: gzip,deflate
08:37:52.378 [main] DEBUG org.apache.http.wire -  >> "{"thread_id":11}"
08:37:52.506 [main] DEBUG org.apache.http.wire -  << "HTTP/1.1 200 OK[\r][\n]"
08:37:52.506 [main] DEBUG org.apache.http.wire -  << "Content-Type: application/json; charset=UTF-8[\r][\n]"
08:37:52.506 [main] DEBUG org.apache.http.wire -  << "Vary: Origin[\r][\n]"
08:37:52.506 [main] DEBUG org.apache.http.wire -  << "Vary: Origin[\r][\n]"
08:37:52.506 [main] DEBUG org.apache.http.wire -  << "Date: Fri, 23 Jun 2023 01:37:56 GMT[\r][\n]"
08:37:52.506 [main] DEBUG org.apache.http.wire -  << "Content-Length: 309[\r][\n]"
08:37:52.506 [main] DEBUG org.apache.http.wire -  << "[\r][\n]"
08:37:52.506 [main] DEBUG org.apache.http.impl.conn.DefaultClientConnection - Receiving response: HTTP/1.1 200 OK
08:37:52.506 [main] DEBUG org.apache.http.headers - << HTTP/1.1 200 OK
08:37:52.506 [main] DEBUG org.apache.http.headers - << Content-Type: application/json; charset=UTF-8
08:37:52.506 [main] DEBUG org.apache.http.headers - << Vary: Origin
08:37:52.506 [main] DEBUG org.apache.http.headers - << Vary: Origin
08:37:52.506 [main] DEBUG org.apache.http.headers - << Date: Fri, 23 Jun 2023 01:37:56 GMT
08:37:52.506 [main] DEBUG org.apache.http.headers - << Content-Length: 309
08:37:52.506 [main] DEBUG org.apache.http.impl.client.DefaultHttpClient - Connection can be kept alive indefinitely
08:37:52.506 [main] DEBUG io.restassured.internal.RestAssuredHttpBuilder - Parsing response as: application/json; charset=UTF-8
08:37:52.507 [main] DEBUG io.restassured.internal.RestAssuredHttpBuilder - Parsed data to instance of: class org.apache.http.conn.EofSensorInputStream
08:37:52.507 [main] DEBUG org.apache.http.wire -  << "{"data":{"ID":2,"CreatedAt":"2023-06-22T10:05:09.97Z","UpdatedAt":"2023-06-22T22:58:54.374Z","DeletedAt":null,"username":"nafal","email":"nafal1@gmail.com","password":"nafal123","image_url":"","age":10,"bio":"Pejuang Tangguh","role":"user","threads":null,"Bookmarked":[]},"message":"success bookmark thread"}[\n]"
08:37:52.507 [main] DEBUG org.apache.http.impl.conn.BasicClientConnectionManager - Releasing connection org.apache.http.impl.conn.ManagedClientConnectionImpl@21312b5
08:37:52.507 [main] DEBUG org.apache.http.impl.conn.BasicClientConnectionManager - Connection can be kept alive indefinitely
08:37:52.508 [main] DEBUG net.thucydides.core.steps.StepInterceptor - STEP DONE: I send POST HTTP request new bookmark
  &amp#27;[32mWhen &amp#27;[0m&amp#27;[32mI send POST HTTP request new bookmark&amp#27;[0m         &amp#27;[90m# starter.stepdefinitions.BookmarksSteps.sendPostHttpRequestNewBookmark()&amp#27;[0m
08:37:52.514 [main] DEBUG net.thucydides.core.steps.StepInterceptor - STARTING STEP: AuthUserSteps.receiveValidHttpResponseCode200 - I receive valid HTTP response code 200
08:37:52.514 [main] DEBUG net.thucydides.core.steps.StepInterceptor - STEP DONE: I receive valid HTTP response code 200
  &amp#27;[32mThen &amp#27;[0m&amp#27;[32mI receive valid HTTP response code 200&amp#27;[0m        &amp#27;[90m# starter.stepdefinitions.AuthUserSteps.receiveValidHttpResponseCode200()&amp#27;[0m
08:37:52.516 [main] DEBUG net.thucydides.core.steps.StepInterceptor - STARTING STEP: AuthUserSteps.receiveValidDataForResponseCode200 - I receive valid data for response code 200
08:37:52.517 [main] DEBUG net.thucydides.core.steps.StepInterceptor - STEP DONE: I receive valid data for response code 200
  &amp#27;[32mAnd &amp#27;[0m&amp#27;[32mI receive valid data for response code 200&amp#27;[0m     &amp#27;[90m# starter.stepdefinitions.AuthUserSteps.receiveValidDataForResponseCode200()&amp#27;[0m
08:37:52.519 [main] INFO  - 
  _____   ___   ___   _____     ___     _     ___   ___   ___   ___  
 |_   _| | __| / __| |_   _|   | _ \   /_\   / __| / __| | __| |   \ 
   | |   | _|  \__ \   | |     |  _/  / _ \  \__ \ \__ \ | _|  | |) |
   |_|   |___| |___/   |_|     |_|   /_/ \_\ |___/ |___/ |___| |___/ 

POST As a user I can create a new bookmark
----------------------------------------------------------------------
]]></system-out>
  </testcase>
  <testcase name="POST As a user I can&apos;t create new bookmark" classname="ManageThread" time="0.283">
    <system-out><![CDATA[
@Thread @T16
Scenario: POST As a user I can't create new bookmark  &amp#27;[90m# src/test/resources/api/ManageThread.feature:119&amp#27;[0m
08:37:52.525 [main] INFO io.cucumber.core.plugin.SerenityReporter - Running feature from file:///C:/Users/Nafal%20Adi%20SL/Documents/GitHub/Capstone-QE/test-automation-API/src/test/resources/api/ManageThread.feature
08:37:52.525 [main] WARN io.cucumber.core.plugin.SerenityReporter - Feature from file:///C:/Users/Nafal%20Adi%20SL/Documents/GitHub/Capstone-QE/test-automation-API/src/test/resources/api/ManageThread.feature is not under the 'features' directory. Requirements report will not be correctly generated!
08:37:52.526 [main] INFO  - 
  _____   ___   ___   _____     ___   _____     _     ___   _____   ___   ___  
 |_   _| | __| / __| |_   _|   / __| |_   _|   /_\   | _ \ |_   _| | __| |   \ 
   | |   | _|  \__ \   | |     \__ \   | |    / _ \  |   /   | |   | _|  | |) |
   |_|   |___| |___/   |_|     |___/   |_|   /_/ \_\ |_|_\   |_|   |___| |___/ 

POST As a user I can't create new bookmark(managethread;post-as-a-user-i-can-t-create-new-bookmark)
--------------------------------------------------------------------------------
08:37:52.532 [main] DEBUG net.thucydides.core.steps.StepInterceptor - STARTING STEP: BookmarksSteps.setPostApiEndpointsNewBookmarkInvalid - I set POST endpoints new bookmark invalid
08:37:52.532 [main] DEBUG net.thucydides.core.steps.StepInterceptor - STEP DONE: I set POST endpoints new bookmark invalid
  &amp#27;[32mGiven &amp#27;[0m&amp#27;[32mI set POST api endpoints new bookmark invalid&amp#27;[0m &amp#27;[90m# starter.stepdefinitions.BookmarksSteps.setPostApiEndpointsNewBookmarkInvalid()&amp#27;[0m
08:37:52.534 [main] DEBUG net.thucydides.core.steps.StepInterceptor - STARTING STEP: BookmarksSteps.sendPostHttpRequestNewBookmarkInvalid - I send POST HTTP request new bookmark invalid
08:37:52.536 [main] DEBUG net.thucydides.core.steps.StepInterceptor - STARTING STEP: PostBookmarks.sendPostHTTPRequestInvalid - I set POST endpoints new bookmark invalid
08:37:52.536 [main] DEBUG net.thucydides.core.steps.StepInterceptor - STEP DONE: I set POST endpoints new bookmark invalid
08:37:52.548 [main] DEBUG org.apache.http.impl.conn.BasicClientConnectionManager - Get connection for route {}->http://ec2-54-206-29-131.ap-southeast-2.compute.amazonaws.com:8000
08:37:52.548 [main] DEBUG org.apache.http.impl.conn.DefaultClientConnectionOperator - Connecting to ec2-54-206-29-131.ap-southeast-2.compute.amazonaws.com:8000
08:37:52.667 [main] DEBUG org.apache.http.client.protocol.RequestAddCookies - CookieSpec selected: ignoreCookies
08:37:52.667 [main] DEBUG org.apache.http.client.protocol.RequestAuthCache - Auth cache not set in the context
08:37:52.667 [main] DEBUG org.apache.http.client.protocol.RequestProxyAuthentication - Proxy auth state: UNCHALLENGED
08:37:52.667 [main] DEBUG org.apache.http.impl.client.DefaultHttpClient - Attempt 1 to execute request
08:37:52.667 [main] DEBUG org.apache.http.impl.conn.DefaultClientConnection - Sending request: POST /bookmark/1 HTTP/1.1
08:37:52.667 [main] DEBUG org.apache.http.wire -  >> "POST /bookmark/1 HTTP/1.1[\r][\n]"
08:37:52.667 [main] DEBUG org.apache.http.wire -  >> "Authorization: Bearer eyJhbGciOiJIUzI1NiIsInR5cCI6IkpXVCJ9.eyJleHAiOjE2ODc1NjQxOTcsIm5hbWUiOiJLZW5kcmljayIsInJvbGUiOiJVc2VyIiwidXNlcl9pZCI6MTN9.p2Rdg1yWJH_349Z-51pSbx60sUkrEL6hEGPfRb2E0_o[\r][\n]"
08:37:52.667 [main] DEBUG org.apache.http.wire -  >> "Accept: */*[\r][\n]"
08:37:52.667 [main] DEBUG org.apache.http.wire -  >> "Content-Type: application/json[\r][\n]"
08:37:52.667 [main] DEBUG org.apache.http.wire -  >> "Content-Length: 15[\r][\n]"
08:37:52.667 [main] DEBUG org.apache.http.wire -  >> "Host: ec2-54-206-29-131.ap-southeast-2.compute.amazonaws.com:8000[\r][\n]"
08:37:52.667 [main] DEBUG org.apache.http.wire -  >> "Connection: Keep-Alive[\r][\n]"
08:37:52.667 [main] DEBUG org.apache.http.wire -  >> "User-Agent: Apache-HttpClient/4.5.13 (Java/11.0.12)[\r][\n]"
08:37:52.667 [main] DEBUG org.apache.http.wire -  >> "Accept-Encoding: gzip,deflate[\r][\n]"
08:37:52.667 [main] DEBUG org.apache.http.wire -  >> "[\r][\n]"
08:37:52.667 [main] DEBUG org.apache.http.headers - >> POST /bookmark/1 HTTP/1.1
08:37:52.667 [main] DEBUG org.apache.http.headers - >> Authorization: Bearer eyJhbGciOiJIUzI1NiIsInR5cCI6IkpXVCJ9.eyJleHAiOjE2ODc1NjQxOTcsIm5hbWUiOiJLZW5kcmljayIsInJvbGUiOiJVc2VyIiwidXNlcl9pZCI6MTN9.p2Rdg1yWJH_349Z-51pSbx60sUkrEL6hEGPfRb2E0_o
08:37:52.667 [main] DEBUG org.apache.http.headers - >> Accept: */*
08:37:52.667 [main] DEBUG org.apache.http.headers - >> Content-Type: application/json
08:37:52.667 [main] DEBUG org.apache.http.headers - >> Content-Length: 15
08:37:52.667 [main] DEBUG org.apache.http.headers - >> Host: ec2-54-206-29-131.ap-southeast-2.compute.amazonaws.com:8000
08:37:52.667 [main] DEBUG org.apache.http.headers - >> Connection: Keep-Alive
08:37:52.667 [main] DEBUG org.apache.http.headers - >> User-Agent: Apache-HttpClient/4.5.13 (Java/11.0.12)
08:37:52.667 [main] DEBUG org.apache.http.headers - >> Accept-Encoding: gzip,deflate
08:37:52.667 [main] DEBUG org.apache.http.wire -  >> "{"thread_id":1}"
08:37:52.785 [main] DEBUG org.apache.http.wire -  << "HTTP/1.1 404 Not Found[\r][\n]"
08:37:52.785 [main] DEBUG org.apache.http.wire -  << "Content-Type: application/json; charset=UTF-8[\r][\n]"
08:37:52.785 [main] DEBUG org.apache.http.wire -  << "Vary: Origin[\r][\n]"
08:37:52.785 [main] DEBUG org.apache.http.wire -  << "Vary: Origin[\r][\n]"
08:37:52.785 [main] DEBUG org.apache.http.wire -  << "Date: Fri, 23 Jun 2023 01:37:56 GMT[\r][\n]"
08:37:52.785 [main] DEBUG org.apache.http.wire -  << "Content-Length: 24[\r][\n]"
08:37:52.785 [main] DEBUG org.apache.http.wire -  << "[\r][\n]"
08:37:52.785 [main] DEBUG org.apache.http.impl.conn.DefaultClientConnection - Receiving response: HTTP/1.1 404 Not Found
08:37:52.785 [main] DEBUG org.apache.http.headers - << HTTP/1.1 404 Not Found
08:37:52.786 [main] DEBUG org.apache.http.headers - << Content-Type: application/json; charset=UTF-8
08:37:52.786 [main] DEBUG org.apache.http.headers - << Vary: Origin
08:37:52.786 [main] DEBUG org.apache.http.headers - << Vary: Origin
08:37:52.786 [main] DEBUG org.apache.http.headers - << Date: Fri, 23 Jun 2023 01:37:56 GMT
08:37:52.786 [main] DEBUG org.apache.http.headers - << Content-Length: 24
08:37:52.786 [main] DEBUG org.apache.http.impl.client.DefaultHttpClient - Connection can be kept alive indefinitely
08:37:52.786 [main] DEBUG io.restassured.internal.RestAssuredHttpBuilder - Parsing response as: application/json; charset=UTF-8
08:37:52.786 [main] DEBUG io.restassured.internal.RestAssuredHttpBuilder - Parsed data to instance of: class org.apache.http.conn.EofSensorInputStream
08:37:52.788 [main] DEBUG org.apache.http.wire -  << "{"message":"Not Found"}[\n]"
08:37:52.788 [main] DEBUG org.apache.http.impl.conn.BasicClientConnectionManager - Releasing connection org.apache.http.impl.conn.ManagedClientConnectionImpl@6bd5aa8b
08:37:52.788 [main] DEBUG org.apache.http.impl.conn.BasicClientConnectionManager - Connection can be kept alive indefinitely
08:37:52.788 [main] DEBUG net.thucydides.core.steps.StepInterceptor - STEP DONE: I send POST HTTP request new bookmark invalid
  &amp#27;[32mWhen &amp#27;[0m&amp#27;[32mI send POST HTTP request new bookmark invalid&amp#27;[0m  &amp#27;[90m# starter.stepdefinitions.BookmarksSteps.sendPostHttpRequestNewBookmarkInvalid()&amp#27;[0m
08:37:52.798 [main] DEBUG net.thucydides.core.steps.StepInterceptor - STARTING STEP: ThreadsSteps.receiveHttpResponseCode404 - I receive valid HTTP response code 404
08:37:52.799 [main] DEBUG net.thucydides.core.steps.StepInterceptor - STEP DONE: I receive valid HTTP response code 404
  &amp#27;[32mThen &amp#27;[0m&amp#27;[32mI receive valid HTTP response code 404&amp#27;[0m         &amp#27;[90m# starter.stepdefinitions.ThreadsSteps.receiveHttpResponseCode404()&amp#27;[0m
08:37:52.800 [main] DEBUG net.thucydides.core.steps.StepInterceptor - STARTING STEP: ThreadsSteps.receiveValidDataForResponseCode404 - I receive valid data for response code 404
08:37:52.801 [main] DEBUG net.thucydides.core.steps.StepInterceptor - STEP DONE: I receive valid data for response code 404
  &amp#27;[32mAnd &amp#27;[0m&amp#27;[32mI receive valid data for response code 404&amp#27;[0m      &amp#27;[90m# starter.stepdefinitions.ThreadsSteps.receiveValidDataForResponseCode404()&amp#27;[0m
08:37:52.802 [main] INFO  - 
  _____   ___   ___   _____     ___     _     ___   ___   ___   ___  
 |_   _| | __| / __| |_   _|   | _ \   /_\   / __| / __| | __| |   \ 
   | |   | _|  \__ \   | |     |  _/  / _ \  \__ \ \__ \ | _|  | |) |
   |_|   |___| |___/   |_|     |_|   /_/ \_\ |___/ |___/ |___| |___/ 

POST As a user I can't create new bookmark
----------------------------------------------------------------------
]]></system-out>
  </testcase>
  <testcase name="GET As a user I can get all bookmarks" classname="ManageThread" time="0.276">
    <system-out><![CDATA[
@Thread @T17
Scenario: GET As a user I can get all bookmarks  &amp#27;[90m# src/test/resources/api/ManageThread.feature:127&amp#27;[0m
08:37:52.808 [main] INFO io.cucumber.core.plugin.SerenityReporter - Running feature from file:///C:/Users/Nafal%20Adi%20SL/Documents/GitHub/Capstone-QE/test-automation-API/src/test/resources/api/ManageThread.feature
08:37:52.808 [main] WARN io.cucumber.core.plugin.SerenityReporter - Feature from file:///C:/Users/Nafal%20Adi%20SL/Documents/GitHub/Capstone-QE/test-automation-API/src/test/resources/api/ManageThread.feature is not under the 'features' directory. Requirements report will not be correctly generated!
08:37:52.809 [main] INFO  - 
  _____   ___   ___   _____     ___   _____     _     ___   _____   ___   ___  
 |_   _| | __| / __| |_   _|   / __| |_   _|   /_\   | _ \ |_   _| | __| |   \ 
   | |   | _|  \__ \   | |     \__ \   | |    / _ \  |   /   | |   | _|  | |) |
   |_|   |___| |___/   |_|     |___/   |_|   /_/ \_\ |_|_\   |_|   |___| |___/ 

GET As a user I can get all bookmarks(managethread;get-as-a-user-i-can-get-all-bookmarks)
--------------------------------------------------------------------------------
08:37:52.814 [main] DEBUG net.thucydides.core.steps.StepInterceptor - STARTING STEP: BookmarksSteps.setGetApiEndpointsAllBookmarks - I set GET api endpoints all bookmarks
08:37:52.814 [main] DEBUG net.thucydides.core.steps.StepInterceptor - STEP DONE: I set GET api endpoints all bookmarks
  &amp#27;[32mGiven &amp#27;[0m&amp#27;[32mI set GET api endpoints all bookmarks&amp#27;[0m    &amp#27;[90m# starter.stepdefinitions.BookmarksSteps.setGetApiEndpointsAllBookmarks()&amp#27;[0m
08:37:52.816 [main] DEBUG net.thucydides.core.steps.StepInterceptor - STARTING STEP: BookmarksSteps.sendGetHttpRequestAllBookmarks - I send GET HTTP request all bookmarks
08:37:52.817 [main] DEBUG net.thucydides.core.steps.StepInterceptor - STARTING STEP: GetBookmarksAll.sendGetHttpRequest - I set GET api endpoints all bookmarks
08:37:52.817 [main] DEBUG net.thucydides.core.steps.StepInterceptor - STEP DONE: I set GET api endpoints all bookmarks
08:37:52.823 [main] DEBUG org.apache.http.impl.conn.BasicClientConnectionManager - Get connection for route {}->http://ec2-54-206-29-131.ap-southeast-2.compute.amazonaws.com:8000
08:37:52.823 [main] DEBUG org.apache.http.impl.conn.DefaultClientConnectionOperator - Connecting to ec2-54-206-29-131.ap-southeast-2.compute.amazonaws.com:8000
08:37:52.943 [main] DEBUG org.apache.http.client.protocol.RequestAddCookies - CookieSpec selected: ignoreCookies
08:37:52.943 [main] DEBUG org.apache.http.client.protocol.RequestAuthCache - Auth cache not set in the context
08:37:52.943 [main] DEBUG org.apache.http.client.protocol.RequestProxyAuthentication - Proxy auth state: UNCHALLENGED
08:37:52.943 [main] DEBUG org.apache.http.impl.client.DefaultHttpClient - Attempt 1 to execute request
08:37:52.943 [main] DEBUG org.apache.http.impl.conn.DefaultClientConnection - Sending request: GET /bookmark HTTP/1.1
08:37:52.943 [main] DEBUG org.apache.http.wire -  >> "GET /bookmark HTTP/1.1[\r][\n]"
08:37:52.943 [main] DEBUG org.apache.http.wire -  >> "Authorization: Bearer eyJhbGciOiJIUzI1NiIsInR5cCI6IkpXVCJ9.eyJleHAiOjE2ODc1NjQxOTcsIm5hbWUiOiJLZW5kcmljayIsInJvbGUiOiJVc2VyIiwidXNlcl9pZCI6MTN9.p2Rdg1yWJH_349Z-51pSbx60sUkrEL6hEGPfRb2E0_o[\r][\n]"
08:37:52.943 [main] DEBUG org.apache.http.wire -  >> "Accept: */*[\r][\n]"
08:37:52.943 [main] DEBUG org.apache.http.wire -  >> "Host: ec2-54-206-29-131.ap-southeast-2.compute.amazonaws.com:8000[\r][\n]"
08:37:52.943 [main] DEBUG org.apache.http.wire -  >> "Connection: Keep-Alive[\r][\n]"
08:37:52.943 [main] DEBUG org.apache.http.wire -  >> "User-Agent: Apache-HttpClient/4.5.13 (Java/11.0.12)[\r][\n]"
08:37:52.943 [main] DEBUG org.apache.http.wire -  >> "Accept-Encoding: gzip,deflate[\r][\n]"
08:37:52.943 [main] DEBUG org.apache.http.wire -  >> "[\r][\n]"
08:37:52.943 [main] DEBUG org.apache.http.headers - >> GET /bookmark HTTP/1.1
08:37:52.944 [main] DEBUG org.apache.http.headers - >> Authorization: Bearer eyJhbGciOiJIUzI1NiIsInR5cCI6IkpXVCJ9.eyJleHAiOjE2ODc1NjQxOTcsIm5hbWUiOiJLZW5kcmljayIsInJvbGUiOiJVc2VyIiwidXNlcl9pZCI6MTN9.p2Rdg1yWJH_349Z-51pSbx60sUkrEL6hEGPfRb2E0_o
08:37:52.944 [main] DEBUG org.apache.http.headers - >> Accept: */*
08:37:52.944 [main] DEBUG org.apache.http.headers - >> Host: ec2-54-206-29-131.ap-southeast-2.compute.amazonaws.com:8000
08:37:52.944 [main] DEBUG org.apache.http.headers - >> Connection: Keep-Alive
08:37:52.944 [main] DEBUG org.apache.http.headers - >> User-Agent: Apache-HttpClient/4.5.13 (Java/11.0.12)
08:37:52.944 [main] DEBUG org.apache.http.headers - >> Accept-Encoding: gzip,deflate
08:37:53.064 [main] DEBUG org.apache.http.wire -  << "HTTP/1.1 200 OK[\r][\n]"
08:37:53.064 [main] DEBUG org.apache.http.wire -  << "Content-Type: application/json; charset=UTF-8[\r][\n]"
08:37:53.064 [main] DEBUG org.apache.http.wire -  << "Vary: Origin[\r][\n]"
08:37:53.064 [main] DEBUG org.apache.http.wire -  << "Vary: Origin[\r][\n]"
08:37:53.064 [main] DEBUG org.apache.http.wire -  << "Date: Fri, 23 Jun 2023 01:37:57 GMT[\r][\n]"
08:37:53.064 [main] DEBUG org.apache.http.wire -  << "Content-Length: 209[\r][\n]"
08:37:53.064 [main] DEBUG org.apache.http.wire -  << "[\r][\n]"
08:37:53.064 [main] DEBUG org.apache.http.impl.conn.DefaultClientConnection - Receiving response: HTTP/1.1 200 OK
08:37:53.064 [main] DEBUG org.apache.http.headers - << HTTP/1.1 200 OK
08:37:53.064 [main] DEBUG org.apache.http.headers - << Content-Type: application/json; charset=UTF-8
08:37:53.064 [main] DEBUG org.apache.http.headers - << Vary: Origin
08:37:53.064 [main] DEBUG org.apache.http.headers - << Vary: Origin
08:37:53.064 [main] DEBUG org.apache.http.headers - << Date: Fri, 23 Jun 2023 01:37:57 GMT
08:37:53.064 [main] DEBUG org.apache.http.headers - << Content-Length: 209
08:37:53.064 [main] DEBUG org.apache.http.impl.client.DefaultHttpClient - Connection can be kept alive indefinitely
08:37:53.064 [main] DEBUG io.restassured.internal.RestAssuredHttpBuilder - Parsing response as: application/json; charset=UTF-8
08:37:53.064 [main] DEBUG io.restassured.internal.RestAssuredHttpBuilder - Parsed data to instance of: class org.apache.http.conn.EofSensorInputStream
08:37:53.065 [main] DEBUG org.apache.http.wire -  << "{"data":[{"thread_id":11,"title":"For a Breath I Tarry","author":{"username":"","email":""},"createdAt":"2023-06-22T09:37:54.194Z","updatedAt":"2023-06-23T01:37:55.46Z"}],"message":"success getting Bookmark"}[\n]"
08:37:53.065 [main] DEBUG org.apache.http.impl.conn.BasicClientConnectionManager - Releasing connection org.apache.http.impl.conn.ManagedClientConnectionImpl@57421e4e
08:37:53.065 [main] DEBUG org.apache.http.impl.conn.BasicClientConnectionManager - Connection can be kept alive indefinitely
08:37:53.065 [main] DEBUG net.thucydides.core.steps.StepInterceptor - STEP DONE: I send GET HTTP request all bookmarks
  &amp#27;[32mWhen &amp#27;[0m&amp#27;[32mI send GET HTTP request all bookmarks&amp#27;[0m     &amp#27;[90m# starter.stepdefinitions.BookmarksSteps.sendGetHttpRequestAllBookmarks()&amp#27;[0m
08:37:53.073 [main] DEBUG net.thucydides.core.steps.StepInterceptor - STARTING STEP: AuthUserSteps.receiveValidHttpResponseCode200 - I receive valid HTTP response code 200
08:37:53.074 [main] DEBUG net.thucydides.core.steps.StepInterceptor - STEP DONE: I receive valid HTTP response code 200
  &amp#27;[32mThen &amp#27;[0m&amp#27;[32mI receive valid HTTP response code 200&amp#27;[0m    &amp#27;[90m# starter.stepdefinitions.AuthUserSteps.receiveValidHttpResponseCode200()&amp#27;[0m
08:37:53.075 [main] DEBUG net.thucydides.core.steps.StepInterceptor - STARTING STEP: AuthUserSteps.receiveValidDataForResponseCode200 - I receive valid data for response code 200
08:37:53.078 [main] DEBUG net.thucydides.core.steps.StepInterceptor - STEP DONE: I receive valid data for response code 200
  &amp#27;[32mAnd &amp#27;[0m&amp#27;[32mI receive valid data for response code 200&amp#27;[0m &amp#27;[90m# starter.stepdefinitions.AuthUserSteps.receiveValidDataForResponseCode200()&amp#27;[0m
08:37:53.079 [main] INFO  - 
  _____   ___   ___   _____     ___     _     ___   ___   ___   ___  
 |_   _| | __| / __| |_   _|   | _ \   /_\   / __| / __| | __| |   \ 
   | |   | _|  \__ \   | |     |  _/  / _ \  \__ \ \__ \ | _|  | |) |
   |_|   |___| |___/   |_|     |_|   /_/ \_\ |___/ |___/ |___| |___/ 

GET As a user I can get all bookmarks
----------------------------------------------------------------------
]]></system-out>
  </testcase>
  <testcase name="GET As a user I can&apos;t get all bookmarks" classname="ManageThread" time="0.269">
    <system-out><![CDATA[
@Thread @T18
Scenario: GET As a user I can't get all bookmarks     &amp#27;[90m# src/test/resources/api/ManageThread.feature:134&amp#27;[0m
08:37:53.084 [main] INFO io.cucumber.core.plugin.SerenityReporter - Running feature from file:///C:/Users/Nafal%20Adi%20SL/Documents/GitHub/Capstone-QE/test-automation-API/src/test/resources/api/ManageThread.feature
08:37:53.084 [main] WARN io.cucumber.core.plugin.SerenityReporter - Feature from file:///C:/Users/Nafal%20Adi%20SL/Documents/GitHub/Capstone-QE/test-automation-API/src/test/resources/api/ManageThread.feature is not under the 'features' directory. Requirements report will not be correctly generated!
08:37:53.085 [main] INFO  - 
  _____   ___   ___   _____     ___   _____     _     ___   _____   ___   ___  
 |_   _| | __| / __| |_   _|   / __| |_   _|   /_\   | _ \ |_   _| | __| |   \ 
   | |   | _|  \__ \   | |     \__ \   | |    / _ \  |   /   | |   | _|  | |) |
   |_|   |___| |___/   |_|     |___/   |_|   /_/ \_\ |_|_\   |_|   |___| |___/ 

GET As a user I can't get all bookmarks(managethread;get-as-a-user-i-can-t-get-all-bookmarks)
--------------------------------------------------------------------------------
08:37:53.090 [main] DEBUG net.thucydides.core.steps.StepInterceptor - STARTING STEP: BookmarksSteps.setGetApiEndpointsAllBookmarksInvalid - I set GET api endpoints all bookmarks invalid
08:37:53.091 [main] DEBUG net.thucydides.core.steps.StepInterceptor - STEP DONE: I set GET api endpoints all bookmarks invalid
  &amp#27;[32mGiven &amp#27;[0m&amp#27;[32mI set GET api endpoints all bookmarks invalid&amp#27;[0m &amp#27;[90m# starter.stepdefinitions.BookmarksSteps.setGetApiEndpointsAllBookmarksInvalid()&amp#27;[0m
08:37:53.092 [main] DEBUG net.thucydides.core.steps.StepInterceptor - STARTING STEP: BookmarksSteps.sendGetHttpRequestAllBookmarskInvalid - I send GET HTTP request all bookmarks invalid
08:37:53.093 [main] DEBUG net.thucydides.core.steps.StepInterceptor - STARTING STEP: GetBookmarksAll.sendGetHttpRequestInvalid - I set GET api endpoints all bookmarks invalid
08:37:53.093 [main] DEBUG net.thucydides.core.steps.StepInterceptor - STEP DONE: I set GET api endpoints all bookmarks invalid
08:37:53.097 [main] DEBUG org.apache.http.impl.conn.BasicClientConnectionManager - Get connection for route {}->http://ec2-54-206-29-131.ap-southeast-2.compute.amazonaws.com:8000
08:37:53.097 [main] DEBUG org.apache.http.impl.conn.DefaultClientConnectionOperator - Connecting to ec2-54-206-29-131.ap-southeast-2.compute.amazonaws.com:8000
08:37:53.215 [main] DEBUG org.apache.http.client.protocol.RequestAddCookies - CookieSpec selected: ignoreCookies
08:37:53.215 [main] DEBUG org.apache.http.client.protocol.RequestAuthCache - Auth cache not set in the context
08:37:53.215 [main] DEBUG org.apache.http.client.protocol.RequestProxyAuthentication - Proxy auth state: UNCHALLENGED
08:37:53.215 [main] DEBUG org.apache.http.impl.client.DefaultHttpClient - Attempt 1 to execute request
08:37:53.215 [main] DEBUG org.apache.http.impl.conn.DefaultClientConnection - Sending request: GET /bookmarks HTTP/1.1
08:37:53.215 [main] DEBUG org.apache.http.wire -  >> "GET /bookmarks HTTP/1.1[\r][\n]"
08:37:53.215 [main] DEBUG org.apache.http.wire -  >> "Authorization: Bearer eyJhbGciOiJIUzI1NiIsInR5cCI6IkpXVCJ9.eyJleHAiOjE2ODc1NjQxOTcsIm5hbWUiOiJLZW5kcmljayIsInJvbGUiOiJVc2VyIiwidXNlcl9pZCI6MTN9.p2Rdg1yWJH_349Z-51pSbx60sUkrEL6hEGPfRb2E0_o[\r][\n]"
08:37:53.215 [main] DEBUG org.apache.http.wire -  >> "Accept: */*[\r][\n]"
08:37:53.215 [main] DEBUG org.apache.http.wire -  >> "Host: ec2-54-206-29-131.ap-southeast-2.compute.amazonaws.com:8000[\r][\n]"
08:37:53.215 [main] DEBUG org.apache.http.wire -  >> "Connection: Keep-Alive[\r][\n]"
08:37:53.215 [main] DEBUG org.apache.http.wire -  >> "User-Agent: Apache-HttpClient/4.5.13 (Java/11.0.12)[\r][\n]"
08:37:53.215 [main] DEBUG org.apache.http.wire -  >> "Accept-Encoding: gzip,deflate[\r][\n]"
08:37:53.215 [main] DEBUG org.apache.http.wire -  >> "[\r][\n]"
08:37:53.215 [main] DEBUG org.apache.http.headers - >> GET /bookmarks HTTP/1.1
08:37:53.215 [main] DEBUG org.apache.http.headers - >> Authorization: Bearer eyJhbGciOiJIUzI1NiIsInR5cCI6IkpXVCJ9.eyJleHAiOjE2ODc1NjQxOTcsIm5hbWUiOiJLZW5kcmljayIsInJvbGUiOiJVc2VyIiwidXNlcl9pZCI6MTN9.p2Rdg1yWJH_349Z-51pSbx60sUkrEL6hEGPfRb2E0_o
08:37:53.215 [main] DEBUG org.apache.http.headers - >> Accept: */*
08:37:53.215 [main] DEBUG org.apache.http.headers - >> Host: ec2-54-206-29-131.ap-southeast-2.compute.amazonaws.com:8000
08:37:53.215 [main] DEBUG org.apache.http.headers - >> Connection: Keep-Alive
08:37:53.215 [main] DEBUG org.apache.http.headers - >> User-Agent: Apache-HttpClient/4.5.13 (Java/11.0.12)
08:37:53.215 [main] DEBUG org.apache.http.headers - >> Accept-Encoding: gzip,deflate
08:37:53.331 [main] DEBUG org.apache.http.wire -  << "HTTP/1.1 404 Not Found[\r][\n]"
08:37:53.331 [main] DEBUG org.apache.http.wire -  << "Content-Type: application/json; charset=UTF-8[\r][\n]"
08:37:53.331 [main] DEBUG org.apache.http.wire -  << "Vary: Origin[\r][\n]"
08:37:53.331 [main] DEBUG org.apache.http.wire -  << "Vary: Origin[\r][\n]"
08:37:53.331 [main] DEBUG org.apache.http.wire -  << "Date: Fri, 23 Jun 2023 01:37:57 GMT[\r][\n]"
08:37:53.331 [main] DEBUG org.apache.http.wire -  << "Content-Length: 24[\r][\n]"
08:37:53.331 [main] DEBUG org.apache.http.wire -  << "[\r][\n]"
08:37:53.331 [main] DEBUG org.apache.http.impl.conn.DefaultClientConnection - Receiving response: HTTP/1.1 404 Not Found
08:37:53.331 [main] DEBUG org.apache.http.headers - << HTTP/1.1 404 Not Found
08:37:53.331 [main] DEBUG org.apache.http.headers - << Content-Type: application/json; charset=UTF-8
08:37:53.331 [main] DEBUG org.apache.http.headers - << Vary: Origin
08:37:53.331 [main] DEBUG org.apache.http.headers - << Vary: Origin
08:37:53.331 [main] DEBUG org.apache.http.headers - << Date: Fri, 23 Jun 2023 01:37:57 GMT
08:37:53.331 [main] DEBUG org.apache.http.headers - << Content-Length: 24
08:37:53.331 [main] DEBUG org.apache.http.impl.client.DefaultHttpClient - Connection can be kept alive indefinitely
08:37:53.332 [main] DEBUG io.restassured.internal.RestAssuredHttpBuilder - Parsing response as: application/json; charset=UTF-8
08:37:53.332 [main] DEBUG io.restassured.internal.RestAssuredHttpBuilder - Parsed data to instance of: class org.apache.http.conn.EofSensorInputStream
08:37:53.332 [main] DEBUG org.apache.http.wire -  << "{"message":"Not Found"}[\n]"
08:37:53.332 [main] DEBUG org.apache.http.impl.conn.BasicClientConnectionManager - Releasing connection org.apache.http.impl.conn.ManagedClientConnectionImpl@4f63219e
08:37:53.332 [main] DEBUG org.apache.http.impl.conn.BasicClientConnectionManager - Connection can be kept alive indefinitely
08:37:53.333 [main] DEBUG net.thucydides.core.steps.StepInterceptor - STEP DONE: I send GET HTTP request all bookmarks invalid
  &amp#27;[32mWhen &amp#27;[0m&amp#27;[32mI send GET HTTP request all bookmarks invalid&amp#27;[0m  &amp#27;[90m# starter.stepdefinitions.BookmarksSteps.sendGetHttpRequestAllBookmarskInvalid()&amp#27;[0m
08:37:53.345 [main] DEBUG net.thucydides.core.steps.StepInterceptor - STARTING STEP: ThreadsSteps.receiveHttpResponseCode404 - I receive valid HTTP response code 404
08:37:53.345 [main] DEBUG net.thucydides.core.steps.StepInterceptor - STEP DONE: I receive valid HTTP response code 404
  &amp#27;[32mThen &amp#27;[0m&amp#27;[32mI receive valid HTTP response code 404&amp#27;[0m         &amp#27;[90m# starter.stepdefinitions.ThreadsSteps.receiveHttpResponseCode404()&amp#27;[0m
08:37:53.346 [main] DEBUG net.thucydides.core.steps.StepInterceptor - STARTING STEP: ThreadsSteps.receiveValidDataForResponseCode404 - I receive valid data for response code 404
08:37:53.347 [main] DEBUG net.thucydides.core.steps.StepInterceptor - STEP DONE: I receive valid data for response code 404
  &amp#27;[32mAnd &amp#27;[0m&amp#27;[32mI receive valid data for response code 404&amp#27;[0m      &amp#27;[90m# starter.stepdefinitions.ThreadsSteps.receiveValidDataForResponseCode404()&amp#27;[0m
08:37:53.348 [main] INFO  - 
  _____   ___   ___   _____     ___     _     ___   ___   ___   ___  
 |_   _| | __| / __| |_   _|   | _ \   /_\   / __| / __| | __| |   \ 
   | |   | _|  \__ \   | |     |  _/  / _ \  \__ \ \__ \ | _|  | |) |
   |_|   |___| |___/   |_|     |_|   /_/ \_\ |___/ |___/ |___| |___/ 

GET As a user I can't get all bookmarks
----------------------------------------------------------------------
]]></system-out>
  </testcase>
  <testcase name="DELETE As a user I can delete bookmark" classname="ManageThread" time="0.274">
    <system-out><![CDATA[
@Thread @T19
Scenario: DELETE As a user I can delete bookmark   &amp#27;[90m# src/test/resources/api/ManageThread.feature:142&amp#27;[0m
08:37:53.353 [main] INFO io.cucumber.core.plugin.SerenityReporter - Running feature from file:///C:/Users/Nafal%20Adi%20SL/Documents/GitHub/Capstone-QE/test-automation-API/src/test/resources/api/ManageThread.feature
08:37:53.353 [main] WARN io.cucumber.core.plugin.SerenityReporter - Feature from file:///C:/Users/Nafal%20Adi%20SL/Documents/GitHub/Capstone-QE/test-automation-API/src/test/resources/api/ManageThread.feature is not under the 'features' directory. Requirements report will not be correctly generated!
08:37:53.354 [main] INFO  - 
  _____   ___   ___   _____     ___   _____     _     ___   _____   ___   ___  
 |_   _| | __| / __| |_   _|   / __| |_   _|   /_\   | _ \ |_   _| | __| |   \ 
   | |   | _|  \__ \   | |     \__ \   | |    / _ \  |   /   | |   | _|  | |) |
   |_|   |___| |___/   |_|     |___/   |_|   /_/ \_\ |_|_\   |_|   |___| |___/ 

DELETE As a user I can delete bookmark(managethread;delete-as-a-user-i-can-delete-bookmark)
--------------------------------------------------------------------------------
08:37:53.360 [main] DEBUG net.thucydides.core.steps.StepInterceptor - STARTING STEP: BookmarksSteps.setDeleteApiEndpoints - I set DELETE api endpoints delete bookmark
08:37:53.360 [main] DEBUG net.thucydides.core.steps.StepInterceptor - STEP DONE: I set DELETE api endpoints delete bookmark
  &amp#27;[32mGiven &amp#27;[0m&amp#27;[32mI set DELETE api endpoints delete bookmark&amp#27;[0m &amp#27;[90m# starter.stepdefinitions.BookmarksSteps.setDeleteApiEndpoints()&amp#27;[0m
08:37:53.362 [main] DEBUG net.thucydides.core.steps.StepInterceptor - STARTING STEP: BookmarksSteps.sendDeleteApiEndpoints - I send DELETE HTTP request delete bookmark
08:37:53.362 [main] DEBUG net.thucydides.core.steps.StepInterceptor - STARTING STEP: DeleteBookmarks.sendDeleteHttpRequest - I set DELETE api endpoints delete bookmark
08:37:53.362 [main] DEBUG net.thucydides.core.steps.StepInterceptor - STEP DONE: I set DELETE api endpoints delete bookmark
08:37:53.366 [main] DEBUG org.apache.http.impl.conn.BasicClientConnectionManager - Get connection for route {}->http://ec2-54-206-29-131.ap-southeast-2.compute.amazonaws.com:8000
08:37:53.366 [main] DEBUG org.apache.http.impl.conn.DefaultClientConnectionOperator - Connecting to ec2-54-206-29-131.ap-southeast-2.compute.amazonaws.com:8000
08:37:53.483 [main] DEBUG org.apache.http.client.protocol.RequestAddCookies - CookieSpec selected: ignoreCookies
08:37:53.483 [main] DEBUG org.apache.http.client.protocol.RequestAuthCache - Auth cache not set in the context
08:37:53.483 [main] DEBUG org.apache.http.client.protocol.RequestProxyAuthentication - Proxy auth state: UNCHALLENGED
08:37:53.483 [main] DEBUG org.apache.http.impl.client.DefaultHttpClient - Attempt 1 to execute request
08:37:53.483 [main] DEBUG org.apache.http.impl.conn.DefaultClientConnection - Sending request: DELETE /bookmark/11 HTTP/1.1
08:37:53.483 [main] DEBUG org.apache.http.wire -  >> "DELETE /bookmark/11 HTTP/1.1[\r][\n]"
08:37:53.483 [main] DEBUG org.apache.http.wire -  >> "Authorization: Bearer eyJhbGciOiJIUzI1NiIsInR5cCI6IkpXVCJ9.eyJleHAiOjE2ODc1NjQxOTcsIm5hbWUiOiJLZW5kcmljayIsInJvbGUiOiJVc2VyIiwidXNlcl9pZCI6MTN9.p2Rdg1yWJH_349Z-51pSbx60sUkrEL6hEGPfRb2E0_o[\r][\n]"
08:37:53.483 [main] DEBUG org.apache.http.wire -  >> "Accept: */*[\r][\n]"
08:37:53.483 [main] DEBUG org.apache.http.wire -  >> "Host: ec2-54-206-29-131.ap-southeast-2.compute.amazonaws.com:8000[\r][\n]"
08:37:53.484 [main] DEBUG org.apache.http.wire -  >> "Connection: Keep-Alive[\r][\n]"
08:37:53.484 [main] DEBUG org.apache.http.wire -  >> "User-Agent: Apache-HttpClient/4.5.13 (Java/11.0.12)[\r][\n]"
08:37:53.484 [main] DEBUG org.apache.http.wire -  >> "Accept-Encoding: gzip,deflate[\r][\n]"
08:37:53.484 [main] DEBUG org.apache.http.wire -  >> "[\r][\n]"
08:37:53.484 [main] DEBUG org.apache.http.headers - >> DELETE /bookmark/11 HTTP/1.1
08:37:53.484 [main] DEBUG org.apache.http.headers - >> Authorization: Bearer eyJhbGciOiJIUzI1NiIsInR5cCI6IkpXVCJ9.eyJleHAiOjE2ODc1NjQxOTcsIm5hbWUiOiJLZW5kcmljayIsInJvbGUiOiJVc2VyIiwidXNlcl9pZCI6MTN9.p2Rdg1yWJH_349Z-51pSbx60sUkrEL6hEGPfRb2E0_o
08:37:53.484 [main] DEBUG org.apache.http.headers - >> Accept: */*
08:37:53.484 [main] DEBUG org.apache.http.headers - >> Host: ec2-54-206-29-131.ap-southeast-2.compute.amazonaws.com:8000
08:37:53.484 [main] DEBUG org.apache.http.headers - >> Connection: Keep-Alive
08:37:53.484 [main] DEBUG org.apache.http.headers - >> User-Agent: Apache-HttpClient/4.5.13 (Java/11.0.12)
08:37:53.484 [main] DEBUG org.apache.http.headers - >> Accept-Encoding: gzip,deflate
08:37:53.610 [main] DEBUG org.apache.http.wire -  << "HTTP/1.1 200 OK[\r][\n]"
08:37:53.610 [main] DEBUG org.apache.http.wire -  << "Content-Type: application/json; charset=UTF-8[\r][\n]"
08:37:53.610 [main] DEBUG org.apache.http.wire -  << "Vary: Origin[\r][\n]"
08:37:53.610 [main] DEBUG org.apache.http.wire -  << "Vary: Origin[\r][\n]"
08:37:53.610 [main] DEBUG org.apache.http.wire -  << "Date: Fri, 23 Jun 2023 01:37:57 GMT[\r][\n]"
08:37:53.610 [main] DEBUG org.apache.http.wire -  << "Content-Length: 40[\r][\n]"
08:37:53.610 [main] DEBUG org.apache.http.wire -  << "[\r][\n]"
08:37:53.610 [main] DEBUG org.apache.http.impl.conn.DefaultClientConnection - Receiving response: HTTP/1.1 200 OK
08:37:53.610 [main] DEBUG org.apache.http.headers - << HTTP/1.1 200 OK
08:37:53.610 [main] DEBUG org.apache.http.headers - << Content-Type: application/json; charset=UTF-8
08:37:53.610 [main] DEBUG org.apache.http.headers - << Vary: Origin
08:37:53.610 [main] DEBUG org.apache.http.headers - << Vary: Origin
08:37:53.610 [main] DEBUG org.apache.http.headers - << Date: Fri, 23 Jun 2023 01:37:57 GMT
08:37:53.610 [main] DEBUG org.apache.http.headers - << Content-Length: 40
08:37:53.610 [main] DEBUG org.apache.http.impl.client.DefaultHttpClient - Connection can be kept alive indefinitely
08:37:53.610 [main] DEBUG io.restassured.internal.RestAssuredHttpBuilder - Parsing response as: application/json; charset=UTF-8
08:37:53.610 [main] DEBUG io.restassured.internal.RestAssuredHttpBuilder - Parsed data to instance of: class org.apache.http.conn.EofSensorInputStream
08:37:53.610 [main] DEBUG org.apache.http.wire -  << "{"message":"success unbookmark thread"}[\n]"
08:37:53.610 [main] DEBUG org.apache.http.impl.conn.BasicClientConnectionManager - Releasing connection org.apache.http.impl.conn.ManagedClientConnectionImpl@5f9b37b5
08:37:53.610 [main] DEBUG org.apache.http.impl.conn.BasicClientConnectionManager - Connection can be kept alive indefinitely
08:37:53.610 [main] DEBUG net.thucydides.core.steps.StepInterceptor - STEP DONE: I send DELETE HTTP request delete bookmark
  &amp#27;[32mWhen &amp#27;[0m&amp#27;[32mI send DELETE HTTP request delete bookmark&amp#27;[0m  &amp#27;[90m# starter.stepdefinitions.BookmarksSteps.sendDeleteApiEndpoints()&amp#27;[0m
08:37:53.619 [main] DEBUG net.thucydides.core.steps.StepInterceptor - STARTING STEP: AuthUserSteps.receiveValidHttpResponseCode200 - I receive valid HTTP response code 200
08:37:53.620 [main] DEBUG net.thucydides.core.steps.StepInterceptor - STEP DONE: I receive valid HTTP response code 200
  &amp#27;[32mThen &amp#27;[0m&amp#27;[32mI receive valid HTTP response code 200&amp#27;[0m      &amp#27;[90m# starter.stepdefinitions.AuthUserSteps.receiveValidHttpResponseCode200()&amp#27;[0m
08:37:53.621 [main] DEBUG net.thucydides.core.steps.StepInterceptor - STARTING STEP: AuthUserSteps.receiveValidDataForResponseCode200 - I receive valid data for response code 200
08:37:53.622 [main] DEBUG net.thucydides.core.steps.StepInterceptor - STEP DONE: I receive valid data for response code 200
  &amp#27;[32mAnd &amp#27;[0m&amp#27;[32mI receive valid data for response code 200&amp#27;[0m   &amp#27;[90m# starter.stepdefinitions.AuthUserSteps.receiveValidDataForResponseCode200()&amp#27;[0m
08:37:53.623 [main] INFO  - 
  _____   ___   ___   _____     ___     _     ___   ___   ___   ___  
 |_   _| | __| / __| |_   _|   | _ \   /_\   / __| / __| | __| |   \ 
   | |   | _|  \__ \   | |     |  _/  / _ \  \__ \ \__ \ | _|  | |) |
   |_|   |___| |___/   |_|     |_|   /_/ \_\ |___/ |___/ |___| |___/ 

DELETE As a user I can delete bookmark
----------------------------------------------------------------------
]]></system-out>
  </testcase>
  <testcase name="DELETE As a user I can&apos;t delete bookmark" classname="ManageThread" time="0.271">
    <system-out><![CDATA[
@Thread @T20
Scenario: DELETE As a user I can't delete bookmark         &amp#27;[90m# src/test/resources/api/ManageThread.feature:149&amp#27;[0m
08:37:53.628 [main] INFO io.cucumber.core.plugin.SerenityReporter - Running feature from file:///C:/Users/Nafal%20Adi%20SL/Documents/GitHub/Capstone-QE/test-automation-API/src/test/resources/api/ManageThread.feature
08:37:53.628 [main] WARN io.cucumber.core.plugin.SerenityReporter - Feature from file:///C:/Users/Nafal%20Adi%20SL/Documents/GitHub/Capstone-QE/test-automation-API/src/test/resources/api/ManageThread.feature is not under the 'features' directory. Requirements report will not be correctly generated!
08:37:53.629 [main] INFO  - 
  _____   ___   ___   _____     ___   _____     _     ___   _____   ___   ___  
 |_   _| | __| / __| |_   _|   / __| |_   _|   /_\   | _ \ |_   _| | __| |   \ 
   | |   | _|  \__ \   | |     \__ \   | |    / _ \  |   /   | |   | _|  | |) |
   |_|   |___| |___/   |_|     |___/   |_|   /_/ \_\ |_|_\   |_|   |___| |___/ 

DELETE As a user I can't delete bookmark(managethread;delete-as-a-user-i-can-t-delete-bookmark)
--------------------------------------------------------------------------------
08:37:53.634 [main] DEBUG net.thucydides.core.steps.StepInterceptor - STARTING STEP: BookmarksSteps.setDeleteApiEndpointsInvalid - I set DELETE api endpoints invalid delete bookmark
08:37:53.634 [main] DEBUG net.thucydides.core.steps.StepInterceptor - STEP DONE: I set DELETE api endpoints invalid delete bookmark
  &amp#27;[32mGiven &amp#27;[0m&amp#27;[32mI set DELETE api endpoints delete bookmark invalid&amp#27;[0m &amp#27;[90m# starter.stepdefinitions.BookmarksSteps.setDeleteApiEndpointsInvalid()&amp#27;[0m
08:37:53.636 [main] DEBUG net.thucydides.core.steps.StepInterceptor - STARTING STEP: BookmarksSteps.sendDeleteApiEndpointsInvalid - I send DELETE HTTP request invalid delete bookmark
08:37:53.636 [main] DEBUG net.thucydides.core.steps.StepInterceptor - STARTING STEP: DeleteBookmarks.sendDeleteHttpRequestInvalid - I set DELETE api endpoints invalid delete bookmark
08:37:53.636 [main] DEBUG net.thucydides.core.steps.StepInterceptor - STEP DONE: I set DELETE api endpoints invalid delete bookmark
08:37:53.641 [main] DEBUG org.apache.http.impl.conn.BasicClientConnectionManager - Get connection for route {}->http://ec2-54-206-29-131.ap-southeast-2.compute.amazonaws.com:8000
08:37:53.641 [main] DEBUG org.apache.http.impl.conn.DefaultClientConnectionOperator - Connecting to ec2-54-206-29-131.ap-southeast-2.compute.amazonaws.com:8000
08:37:53.758 [main] DEBUG org.apache.http.client.protocol.RequestAddCookies - CookieSpec selected: ignoreCookies
08:37:53.758 [main] DEBUG org.apache.http.client.protocol.RequestAuthCache - Auth cache not set in the context
08:37:53.758 [main] DEBUG org.apache.http.client.protocol.RequestProxyAuthentication - Proxy auth state: UNCHALLENGED
08:37:53.758 [main] DEBUG org.apache.http.impl.client.DefaultHttpClient - Attempt 1 to execute request
08:37:53.758 [main] DEBUG org.apache.http.impl.conn.DefaultClientConnection - Sending request: DELETE /bookmark/ HTTP/1.1
08:37:53.758 [main] DEBUG org.apache.http.wire -  >> "DELETE /bookmark/ HTTP/1.1[\r][\n]"
08:37:53.758 [main] DEBUG org.apache.http.wire -  >> "Authorization: Bearer eyJhbGciOiJIUzI1NiIsInR5cCI6IkpXVCJ9.eyJleHAiOjE2ODc1NjQxOTcsIm5hbWUiOiJLZW5kcmljayIsInJvbGUiOiJVc2VyIiwidXNlcl9pZCI6MTN9.p2Rdg1yWJH_349Z-51pSbx60sUkrEL6hEGPfRb2E0_o[\r][\n]"
08:37:53.758 [main] DEBUG org.apache.http.wire -  >> "Accept: */*[\r][\n]"
08:37:53.758 [main] DEBUG org.apache.http.wire -  >> "Host: ec2-54-206-29-131.ap-southeast-2.compute.amazonaws.com:8000[\r][\n]"
08:37:53.758 [main] DEBUG org.apache.http.wire -  >> "Connection: Keep-Alive[\r][\n]"
08:37:53.758 [main] DEBUG org.apache.http.wire -  >> "User-Agent: Apache-HttpClient/4.5.13 (Java/11.0.12)[\r][\n]"
08:37:53.758 [main] DEBUG org.apache.http.wire -  >> "Accept-Encoding: gzip,deflate[\r][\n]"
08:37:53.758 [main] DEBUG org.apache.http.wire -  >> "[\r][\n]"
08:37:53.758 [main] DEBUG org.apache.http.headers - >> DELETE /bookmark/ HTTP/1.1
08:37:53.758 [main] DEBUG org.apache.http.headers - >> Authorization: Bearer eyJhbGciOiJIUzI1NiIsInR5cCI6IkpXVCJ9.eyJleHAiOjE2ODc1NjQxOTcsIm5hbWUiOiJLZW5kcmljayIsInJvbGUiOiJVc2VyIiwidXNlcl9pZCI6MTN9.p2Rdg1yWJH_349Z-51pSbx60sUkrEL6hEGPfRb2E0_o
08:37:53.758 [main] DEBUG org.apache.http.headers - >> Accept: */*
08:37:53.758 [main] DEBUG org.apache.http.headers - >> Host: ec2-54-206-29-131.ap-southeast-2.compute.amazonaws.com:8000
08:37:53.758 [main] DEBUG org.apache.http.headers - >> Connection: Keep-Alive
08:37:53.758 [main] DEBUG org.apache.http.headers - >> User-Agent: Apache-HttpClient/4.5.13 (Java/11.0.12)
08:37:53.758 [main] DEBUG org.apache.http.headers - >> Accept-Encoding: gzip,deflate
08:37:53.877 [main] DEBUG org.apache.http.wire -  << "HTTP/1.1 404 Not Found[\r][\n]"
08:37:53.877 [main] DEBUG org.apache.http.wire -  << "Content-Type: application/json; charset=UTF-8[\r][\n]"
08:37:53.877 [main] DEBUG org.apache.http.wire -  << "Vary: Origin[\r][\n]"
08:37:53.877 [main] DEBUG org.apache.http.wire -  << "Vary: Origin[\r][\n]"
08:37:53.877 [main] DEBUG org.apache.http.wire -  << "Date: Fri, 23 Jun 2023 01:37:58 GMT[\r][\n]"
08:37:53.877 [main] DEBUG org.apache.http.wire -  << "Content-Length: 24[\r][\n]"
08:37:53.877 [main] DEBUG org.apache.http.wire -  << "[\r][\n]"
08:37:53.877 [main] DEBUG org.apache.http.impl.conn.DefaultClientConnection - Receiving response: HTTP/1.1 404 Not Found
08:37:53.877 [main] DEBUG org.apache.http.headers - << HTTP/1.1 404 Not Found
08:37:53.877 [main] DEBUG org.apache.http.headers - << Content-Type: application/json; charset=UTF-8
08:37:53.877 [main] DEBUG org.apache.http.headers - << Vary: Origin
08:37:53.877 [main] DEBUG org.apache.http.headers - << Vary: Origin
08:37:53.877 [main] DEBUG org.apache.http.headers - << Date: Fri, 23 Jun 2023 01:37:58 GMT
08:37:53.877 [main] DEBUG org.apache.http.headers - << Content-Length: 24
08:37:53.878 [main] DEBUG org.apache.http.impl.client.DefaultHttpClient - Connection can be kept alive indefinitely
08:37:53.878 [main] DEBUG io.restassured.internal.RestAssuredHttpBuilder - Parsing response as: application/json; charset=UTF-8
08:37:53.878 [main] DEBUG io.restassured.internal.RestAssuredHttpBuilder - Parsed data to instance of: class org.apache.http.conn.EofSensorInputStream
08:37:53.881 [main] DEBUG org.apache.http.wire -  << "{"message":"Not Found"}[\n]"
08:37:53.882 [main] DEBUG org.apache.http.impl.conn.BasicClientConnectionManager - Releasing connection org.apache.http.impl.conn.ManagedClientConnectionImpl@6479b4cb
08:37:53.882 [main] DEBUG org.apache.http.impl.conn.BasicClientConnectionManager - Connection can be kept alive indefinitely
08:37:53.882 [main] DEBUG net.thucydides.core.steps.StepInterceptor - STEP DONE: I send DELETE HTTP request invalid delete bookmark
  &amp#27;[32mWhen &amp#27;[0m&amp#27;[32mI send DELETE HTTP request delete bookmark invalid&amp#27;[0m  &amp#27;[90m# starter.stepdefinitions.BookmarksSteps.sendDeleteApiEndpointsInvalid()&amp#27;[0m
08:37:53.891 [main] DEBUG net.thucydides.core.steps.StepInterceptor - STARTING STEP: ThreadsSteps.receiveHttpResponseCode404 - I receive valid HTTP response code 404
08:37:53.891 [main] DEBUG net.thucydides.core.steps.StepInterceptor - STEP DONE: I receive valid HTTP response code 404
  &amp#27;[32mThen &amp#27;[0m&amp#27;[32mI receive valid HTTP response code 404&amp#27;[0m              &amp#27;[90m# starter.stepdefinitions.ThreadsSteps.receiveHttpResponseCode404()&amp#27;[0m
08:37:53.892 [main] DEBUG net.thucydides.core.steps.StepInterceptor - STARTING STEP: ThreadsSteps.receiveValidDataForResponseCode404 - I receive valid data for response code 404
08:37:53.893 [main] DEBUG net.thucydides.core.steps.StepInterceptor - STEP DONE: I receive valid data for response code 404
  &amp#27;[32mAnd &amp#27;[0m&amp#27;[32mI receive valid data for response code 404&amp#27;[0m           &amp#27;[90m# starter.stepdefinitions.ThreadsSteps.receiveValidDataForResponseCode404()&amp#27;[0m
08:37:53.894 [main] INFO  - 
  _____   ___   ___   _____     ___     _     ___   ___   ___   ___  
 |_   _| | __| / __| |_   _|   | _ \   /_\   / __| / __| | __| |   \ 
   | |   | _|  \__ \   | |     |  _/  / _ \  \__ \ \__ \ | _|  | |) |
   |_|   |___| |___/   |_|     |_|   /_/ \_\ |___/ |___/ |___| |___/ 

DELETE As a user I can't delete bookmark
----------------------------------------------------------------------
]]></system-out>
  </testcase>
  <testcase name="POST As a user I can create a new comment" classname="ManageThread" time="0.304">
    <system-out><![CDATA[
@Thread @T21
Scenario: POST As a user I can create a new comment &amp#27;[90m# src/test/resources/api/ManageThread.feature:157&amp#27;[0m
08:37:53.900 [main] INFO io.cucumber.core.plugin.SerenityReporter - Running feature from file:///C:/Users/Nafal%20Adi%20SL/Documents/GitHub/Capstone-QE/test-automation-API/src/test/resources/api/ManageThread.feature
08:37:53.900 [main] WARN io.cucumber.core.plugin.SerenityReporter - Feature from file:///C:/Users/Nafal%20Adi%20SL/Documents/GitHub/Capstone-QE/test-automation-API/src/test/resources/api/ManageThread.feature is not under the 'features' directory. Requirements report will not be correctly generated!
08:37:53.901 [main] INFO  - 
  _____   ___   ___   _____     ___   _____     _     ___   _____   ___   ___  
 |_   _| | __| / __| |_   _|   / __| |_   _|   /_\   | _ \ |_   _| | __| |   \ 
   | |   | _|  \__ \   | |     \__ \   | |    / _ \  |   /   | |   | _|  | |) |
   |_|   |___| |___/   |_|     |___/   |_|   /_/ \_\ |_|_\   |_|   |___| |___/ 

POST As a user I can create a new comment(managethread;post-as-a-user-i-can-create-a-new-comment)
--------------------------------------------------------------------------------
08:37:53.922 [main] DEBUG net.thucydides.core.steps.StepInterceptor - STARTING STEP: CommentsSteps.setPostApiEndpointsNewComment - I set POST endpoints new comment
08:37:53.922 [main] DEBUG net.thucydides.core.steps.StepInterceptor - STEP DONE: I set POST endpoints new comment
  &amp#27;[32mGiven &amp#27;[0m&amp#27;[32mI set POST api endpoints new comment&amp#27;[0m        &amp#27;[90m# starter.stepdefinitions.CommentsSteps.setPostApiEndpointsNewComment()&amp#27;[0m
08:37:53.924 [main] DEBUG net.thucydides.core.steps.StepInterceptor - STARTING STEP: CommentsSteps.sendPostHttpRequestNewComment - I send POST HTTP request new comment
08:37:53.932 [main] DEBUG net.thucydides.core.steps.StepInterceptor - STARTING STEP: PostComments.sendPostHTTPRequest - I set POST endpoints new comment
08:37:53.932 [main] DEBUG net.thucydides.core.steps.StepInterceptor - STEP DONE: I set POST endpoints new comment
08:37:53.936 [main] DEBUG org.apache.http.impl.conn.BasicClientConnectionManager - Get connection for route {}->http://ec2-54-206-29-131.ap-southeast-2.compute.amazonaws.com:8000
08:37:53.936 [main] DEBUG org.apache.http.impl.conn.DefaultClientConnectionOperator - Connecting to ec2-54-206-29-131.ap-southeast-2.compute.amazonaws.com:8000
08:37:54.058 [main] DEBUG org.apache.http.client.protocol.RequestAddCookies - CookieSpec selected: ignoreCookies
08:37:54.058 [main] DEBUG org.apache.http.client.protocol.RequestAuthCache - Auth cache not set in the context
08:37:54.059 [main] DEBUG org.apache.http.client.protocol.RequestProxyAuthentication - Proxy auth state: UNCHALLENGED
08:37:54.059 [main] DEBUG org.apache.http.impl.client.DefaultHttpClient - Attempt 1 to execute request
08:37:54.059 [main] DEBUG org.apache.http.impl.conn.DefaultClientConnection - Sending request: POST /comment HTTP/1.1
08:37:54.059 [main] DEBUG org.apache.http.wire -  >> "POST /comment HTTP/1.1[\r][\n]"
08:37:54.059 [main] DEBUG org.apache.http.wire -  >> "Authorization: Bearer eyJhbGciOiJIUzI1NiIsInR5cCI6IkpXVCJ9.eyJleHAiOjE2ODc1NjQxOTcsIm5hbWUiOiJLZW5kcmljayIsInJvbGUiOiJVc2VyIiwidXNlcl9pZCI6MTN9.p2Rdg1yWJH_349Z-51pSbx60sUkrEL6hEGPfRb2E0_o[\r][\n]"
08:37:54.059 [main] DEBUG org.apache.http.wire -  >> "Accept: */*[\r][\n]"
08:37:54.059 [main] DEBUG org.apache.http.wire -  >> "Content-Type: application/json[\r][\n]"
08:37:54.059 [main] DEBUG org.apache.http.wire -  >> "Content-Length: 120[\r][\n]"
08:37:54.059 [main] DEBUG org.apache.http.wire -  >> "Host: ec2-54-206-29-131.ap-southeast-2.compute.amazonaws.com:8000[\r][\n]"
08:37:54.059 [main] DEBUG org.apache.http.wire -  >> "Connection: Keep-Alive[\r][\n]"
08:37:54.059 [main] DEBUG org.apache.http.wire -  >> "User-Agent: Apache-HttpClient/4.5.13 (Java/11.0.12)[\r][\n]"
08:37:54.059 [main] DEBUG org.apache.http.wire -  >> "Accept-Encoding: gzip,deflate[\r][\n]"
08:37:54.059 [main] DEBUG org.apache.http.wire -  >> "[\r][\n]"
08:37:54.059 [main] DEBUG org.apache.http.headers - >> POST /comment HTTP/1.1
08:37:54.059 [main] DEBUG org.apache.http.headers - >> Authorization: Bearer eyJhbGciOiJIUzI1NiIsInR5cCI6IkpXVCJ9.eyJleHAiOjE2ODc1NjQxOTcsIm5hbWUiOiJLZW5kcmljayIsInJvbGUiOiJVc2VyIiwidXNlcl9pZCI6MTN9.p2Rdg1yWJH_349Z-51pSbx60sUkrEL6hEGPfRb2E0_o
08:37:54.059 [main] DEBUG org.apache.http.headers - >> Accept: */*
08:37:54.059 [main] DEBUG org.apache.http.headers - >> Content-Type: application/json
08:37:54.059 [main] DEBUG org.apache.http.headers - >> Content-Length: 120
08:37:54.059 [main] DEBUG org.apache.http.headers - >> Host: ec2-54-206-29-131.ap-southeast-2.compute.amazonaws.com:8000
08:37:54.059 [main] DEBUG org.apache.http.headers - >> Connection: Keep-Alive
08:37:54.059 [main] DEBUG org.apache.http.headers - >> User-Agent: Apache-HttpClient/4.5.13 (Java/11.0.12)
08:37:54.059 [main] DEBUG org.apache.http.headers - >> Accept-Encoding: gzip,deflate
08:37:54.059 [main] DEBUG org.apache.http.wire -  >> "{"thread_id":11,"content":"Pariatur odit quo quas. Odit porro numquam. Quia aspernatur et et doloribus laboriosam eum."}"
08:37:54.186 [main] DEBUG org.apache.http.wire -  << "HTTP/1.1 200 OK[\r][\n]"
08:37:54.186 [main] DEBUG org.apache.http.wire -  << "Content-Type: application/json; charset=UTF-8[\r][\n]"
08:37:54.186 [main] DEBUG org.apache.http.wire -  << "Vary: Origin[\r][\n]"
08:37:54.186 [main] DEBUG org.apache.http.wire -  << "Vary: Origin[\r][\n]"
08:37:54.186 [main] DEBUG org.apache.http.wire -  << "Date: Fri, 23 Jun 2023 01:37:58 GMT[\r][\n]"
08:37:54.186 [main] DEBUG org.apache.http.wire -  << "Content-Length: 1009[\r][\n]"
08:37:54.186 [main] DEBUG org.apache.http.wire -  << "[\r][\n]"
08:37:54.186 [main] DEBUG org.apache.http.impl.conn.DefaultClientConnection - Receiving response: HTTP/1.1 200 OK
08:37:54.186 [main] DEBUG org.apache.http.headers - << HTTP/1.1 200 OK
08:37:54.186 [main] DEBUG org.apache.http.headers - << Content-Type: application/json; charset=UTF-8
08:37:54.186 [main] DEBUG org.apache.http.headers - << Vary: Origin
08:37:54.186 [main] DEBUG org.apache.http.headers - << Vary: Origin
08:37:54.186 [main] DEBUG org.apache.http.headers - << Date: Fri, 23 Jun 2023 01:37:58 GMT
08:37:54.186 [main] DEBUG org.apache.http.headers - << Content-Length: 1009
08:37:54.186 [main] DEBUG org.apache.http.impl.client.DefaultHttpClient - Connection can be kept alive indefinitely
08:37:54.186 [main] DEBUG io.restassured.internal.RestAssuredHttpBuilder - Parsing response as: application/json; charset=UTF-8
08:37:54.186 [main] DEBUG io.restassured.internal.RestAssuredHttpBuilder - Parsed data to instance of: class org.apache.http.conn.EofSensorInputStream
08:37:54.187 [main] DEBUG org.apache.http.wire -  << "{"data":{"ID":23,"CreatedAt":"2023-06-23T01:37:58.379Z","UpdatedAt":"2023-06-23T01:37:58.379Z","DeletedAt":null,"comment":"","thread_id":11,"thread":{"ID":11,"CreatedAt":"2023-06-22T09:37:54.194Z","UpdatedAt":"2023-06-23T01:37:55.46Z","DeletedAt":null,"title":"For a Breath I Tarry","content":"Porro incidunt aut. Eveniet voluptatem similique optio quisquam aut praesentium. Qui numquam minima sit molestias magni in. Autem voluptatum perspiciatis.","file":"","user_id":13,"user":{"ID":0,"CreatedAt":"0001-01-01T00:00:00Z","UpdatedAt":"0001-01-01T00:00:00Z","DeletedAt":null,"username":"","email":"","password":"","image_url":"","age":0,"bio":"","role":"","threads":null,"Bookmarked":null},"comment":null,"BookmarkedUser":null,"like":null},"user_id":13,"user":{"ID":0,"CreatedAt":"0001-01-01T00:00:00Z","UpdatedAt":"0001-01-01T00:00:00Z","DeletedAt":null,"username":"","email":"","password":"","image_url":"","age":0,"bio":"","role":"","threads":null,"Bookmarked":null}},"message":"success creating Comment"}[\n]"
08:37:54.187 [main] DEBUG org.apache.http.impl.conn.BasicClientConnectionManager - Releasing connection org.apache.http.impl.conn.ManagedClientConnectionImpl@4d4f6121
08:37:54.187 [main] DEBUG org.apache.http.impl.conn.BasicClientConnectionManager - Connection can be kept alive indefinitely
08:37:54.188 [main] DEBUG net.thucydides.core.steps.StepInterceptor - STEP DONE: I send POST HTTP request new comment
  &amp#27;[32mWhen &amp#27;[0m&amp#27;[32mI send POST HTTP request new comment&amp#27;[0m         &amp#27;[90m# starter.stepdefinitions.CommentsSteps.sendPostHttpRequestNewComment()&amp#27;[0m
08:37:54.195 [main] DEBUG net.thucydides.core.steps.StepInterceptor - STARTING STEP: AuthUserSteps.receiveValidHttpResponseCode200 - I receive valid HTTP response code 200
08:37:54.195 [main] DEBUG net.thucydides.core.steps.StepInterceptor - STEP DONE: I receive valid HTTP response code 200
  &amp#27;[32mThen &amp#27;[0m&amp#27;[32mI receive valid HTTP response code 200&amp#27;[0m       &amp#27;[90m# starter.stepdefinitions.AuthUserSteps.receiveValidHttpResponseCode200()&amp#27;[0m
08:37:54.196 [main] DEBUG net.thucydides.core.steps.StepInterceptor - STARTING STEP: AuthUserSteps.receiveValidDataForResponseCode200 - I receive valid data for response code 200
08:37:54.198 [main] DEBUG net.thucydides.core.steps.StepInterceptor - STEP DONE: I receive valid data for response code 200
  &amp#27;[32mAnd &amp#27;[0m&amp#27;[32mI receive valid data for response code 200&amp#27;[0m    &amp#27;[90m# starter.stepdefinitions.AuthUserSteps.receiveValidDataForResponseCode200()&amp#27;[0m
08:37:54.198 [main] INFO  - 
  _____   ___   ___   _____     ___     _     ___   ___   ___   ___  
 |_   _| | __| / __| |_   _|   | _ \   /_\   / __| / __| | __| |   \ 
   | |   | _|  \__ \   | |     |  _/  / _ \  \__ \ \__ \ | _|  | |) |
   |_|   |___| |___/   |_|     |_|   /_/ \_\ |___/ |___/ |___| |___/ 

POST As a user I can create a new comment
----------------------------------------------------------------------
]]></system-out>
  </testcase>
  <testcase name="POST As a user I can&apos;t create new comment" classname="ManageThread" time="0.274">
    <system-out><![CDATA[
@Thread @T22
Scenario: POST As a user I can't create new comment  &amp#27;[90m# src/test/resources/api/ManageThread.feature:164&amp#27;[0m
08:37:54.206 [main] INFO io.cucumber.core.plugin.SerenityReporter - Running feature from file:///C:/Users/Nafal%20Adi%20SL/Documents/GitHub/Capstone-QE/test-automation-API/src/test/resources/api/ManageThread.feature
08:37:54.206 [main] WARN io.cucumber.core.plugin.SerenityReporter - Feature from file:///C:/Users/Nafal%20Adi%20SL/Documents/GitHub/Capstone-QE/test-automation-API/src/test/resources/api/ManageThread.feature is not under the 'features' directory. Requirements report will not be correctly generated!
08:37:54.207 [main] INFO  - 
  _____   ___   ___   _____     ___   _____     _     ___   _____   ___   ___  
 |_   _| | __| / __| |_   _|   / __| |_   _|   /_\   | _ \ |_   _| | __| |   \ 
   | |   | _|  \__ \   | |     \__ \   | |    / _ \  |   /   | |   | _|  | |) |
   |_|   |___| |___/   |_|     |___/   |_|   /_/ \_\ |_|_\   |_|   |___| |___/ 

POST As a user I can't create new comment(managethread;post-as-a-user-i-can-t-create-new-comment)
--------------------------------------------------------------------------------
08:37:54.213 [main] DEBUG net.thucydides.core.steps.StepInterceptor - STARTING STEP: CommentsSteps.setPostApiEndpointsNewCommentInvalid - I set POST endpoints new comment invalid
08:37:54.214 [main] DEBUG net.thucydides.core.steps.StepInterceptor - STEP DONE: I set POST endpoints new comment invalid
  &amp#27;[32mGiven &amp#27;[0m&amp#27;[32mI set POST api endpoints new comment invalid&amp#27;[0m &amp#27;[90m# starter.stepdefinitions.CommentsSteps.setPostApiEndpointsNewCommentInvalid()&amp#27;[0m
08:37:54.215 [main] DEBUG net.thucydides.core.steps.StepInterceptor - STARTING STEP: CommentsSteps.sendPostHttpRequestNewCommentInvalid - I send POST HTTP request new comment invalid
08:37:54.219 [main] DEBUG net.thucydides.core.steps.StepInterceptor - STARTING STEP: PostComments.sendPostHTTPRequestInvalid - I set POST endpoints new comment invalid
08:37:54.219 [main] DEBUG net.thucydides.core.steps.StepInterceptor - STEP DONE: I set POST endpoints new comment invalid
08:37:54.225 [main] DEBUG org.apache.http.impl.conn.BasicClientConnectionManager - Get connection for route {}->http://ec2-54-206-29-131.ap-southeast-2.compute.amazonaws.com:8000
08:37:54.225 [main] DEBUG org.apache.http.impl.conn.DefaultClientConnectionOperator - Connecting to ec2-54-206-29-131.ap-southeast-2.compute.amazonaws.com:8000
08:37:54.342 [main] DEBUG org.apache.http.client.protocol.RequestAddCookies - CookieSpec selected: ignoreCookies
08:37:54.342 [main] DEBUG org.apache.http.client.protocol.RequestAuthCache - Auth cache not set in the context
08:37:54.342 [main] DEBUG org.apache.http.client.protocol.RequestProxyAuthentication - Proxy auth state: UNCHALLENGED
08:37:54.342 [main] DEBUG org.apache.http.impl.client.DefaultHttpClient - Attempt 1 to execute request
08:37:54.342 [main] DEBUG org.apache.http.impl.conn.DefaultClientConnection - Sending request: POST /comment/1 HTTP/1.1
08:37:54.342 [main] DEBUG org.apache.http.wire -  >> "POST /comment/1 HTTP/1.1[\r][\n]"
08:37:54.342 [main] DEBUG org.apache.http.wire -  >> "Authorization: Bearer eyJhbGciOiJIUzI1NiIsInR5cCI6IkpXVCJ9.eyJleHAiOjE2ODc1NjQxOTcsIm5hbWUiOiJLZW5kcmljayIsInJvbGUiOiJVc2VyIiwidXNlcl9pZCI6MTN9.p2Rdg1yWJH_349Z-51pSbx60sUkrEL6hEGPfRb2E0_o[\r][\n]"
08:37:54.342 [main] DEBUG org.apache.http.wire -  >> "Accept: */*[\r][\n]"
08:37:54.342 [main] DEBUG org.apache.http.wire -  >> "Content-Type: application/json[\r][\n]"
08:37:54.342 [main] DEBUG org.apache.http.wire -  >> "Content-Length: 175[\r][\n]"
08:37:54.343 [main] DEBUG org.apache.http.wire -  >> "Host: ec2-54-206-29-131.ap-southeast-2.compute.amazonaws.com:8000[\r][\n]"
08:37:54.343 [main] DEBUG org.apache.http.wire -  >> "Connection: Keep-Alive[\r][\n]"
08:37:54.343 [main] DEBUG org.apache.http.wire -  >> "User-Agent: Apache-HttpClient/4.5.13 (Java/11.0.12)[\r][\n]"
08:37:54.343 [main] DEBUG org.apache.http.wire -  >> "Accept-Encoding: gzip,deflate[\r][\n]"
08:37:54.343 [main] DEBUG org.apache.http.wire -  >> "[\r][\n]"
08:37:54.343 [main] DEBUG org.apache.http.headers - >> POST /comment/1 HTTP/1.1
08:37:54.343 [main] DEBUG org.apache.http.headers - >> Authorization: Bearer eyJhbGciOiJIUzI1NiIsInR5cCI6IkpXVCJ9.eyJleHAiOjE2ODc1NjQxOTcsIm5hbWUiOiJLZW5kcmljayIsInJvbGUiOiJVc2VyIiwidXNlcl9pZCI6MTN9.p2Rdg1yWJH_349Z-51pSbx60sUkrEL6hEGPfRb2E0_o
08:37:54.343 [main] DEBUG org.apache.http.headers - >> Accept: */*
08:37:54.343 [main] DEBUG org.apache.http.headers - >> Content-Type: application/json
08:37:54.343 [main] DEBUG org.apache.http.headers - >> Content-Length: 175
08:37:54.343 [main] DEBUG org.apache.http.headers - >> Host: ec2-54-206-29-131.ap-southeast-2.compute.amazonaws.com:8000
08:37:54.343 [main] DEBUG org.apache.http.headers - >> Connection: Keep-Alive
08:37:54.343 [main] DEBUG org.apache.http.headers - >> User-Agent: Apache-HttpClient/4.5.13 (Java/11.0.12)
08:37:54.343 [main] DEBUG org.apache.http.headers - >> Accept-Encoding: gzip,deflate
08:37:54.343 [main] DEBUG org.apache.http.wire -  >> "{"thread_id":1,"content":"Atque tenetur cupiditate voluptas nisi qui. Maxime explicabo iste mollitia temporibus officia. Ipsa quae quidem. Deleniti aspernatur ea aspernatur."}"
08:37:54.460 [main] DEBUG org.apache.http.wire -  << "HTTP/1.1 404 Not Found[\r][\n]"
08:37:54.460 [main] DEBUG org.apache.http.wire -  << "Content-Type: application/json; charset=UTF-8[\r][\n]"
08:37:54.460 [main] DEBUG org.apache.http.wire -  << "Vary: Origin[\r][\n]"
08:37:54.460 [main] DEBUG org.apache.http.wire -  << "Vary: Origin[\r][\n]"
08:37:54.460 [main] DEBUG org.apache.http.wire -  << "Date: Fri, 23 Jun 2023 01:37:58 GMT[\r][\n]"
08:37:54.460 [main] DEBUG org.apache.http.wire -  << "Content-Length: 24[\r][\n]"
08:37:54.460 [main] DEBUG org.apache.http.wire -  << "[\r][\n]"
08:37:54.460 [main] DEBUG org.apache.http.impl.conn.DefaultClientConnection - Receiving response: HTTP/1.1 404 Not Found
08:37:54.460 [main] DEBUG org.apache.http.headers - << HTTP/1.1 404 Not Found
08:37:54.460 [main] DEBUG org.apache.http.headers - << Content-Type: application/json; charset=UTF-8
08:37:54.460 [main] DEBUG org.apache.http.headers - << Vary: Origin
08:37:54.460 [main] DEBUG org.apache.http.headers - << Vary: Origin
08:37:54.460 [main] DEBUG org.apache.http.headers - << Date: Fri, 23 Jun 2023 01:37:58 GMT
08:37:54.460 [main] DEBUG org.apache.http.headers - << Content-Length: 24
08:37:54.460 [main] DEBUG org.apache.http.impl.client.DefaultHttpClient - Connection can be kept alive indefinitely
08:37:54.460 [main] DEBUG io.restassured.internal.RestAssuredHttpBuilder - Parsing response as: application/json; charset=UTF-8
08:37:54.460 [main] DEBUG io.restassured.internal.RestAssuredHttpBuilder - Parsed data to instance of: class org.apache.http.conn.EofSensorInputStream
08:37:54.461 [main] DEBUG org.apache.http.wire -  << "{"message":"Not Found"}[\n]"
08:37:54.461 [main] DEBUG org.apache.http.impl.conn.BasicClientConnectionManager - Releasing connection org.apache.http.impl.conn.ManagedClientConnectionImpl@7105d271
08:37:54.461 [main] DEBUG org.apache.http.impl.conn.BasicClientConnectionManager - Connection can be kept alive indefinitely
08:37:54.461 [main] DEBUG net.thucydides.core.steps.StepInterceptor - STEP DONE: I send POST HTTP request new comment invalid
  &amp#27;[32mWhen &amp#27;[0m&amp#27;[32mI send POST HTTP request new comment invalid&amp#27;[0m  &amp#27;[90m# starter.stepdefinitions.CommentsSteps.sendPostHttpRequestNewCommentInvalid()&amp#27;[0m
08:37:54.470 [main] DEBUG net.thucydides.core.steps.StepInterceptor - STARTING STEP: ThreadsSteps.receiveHttpResponseCode404 - I receive valid HTTP response code 404
08:37:54.470 [main] DEBUG net.thucydides.core.steps.StepInterceptor - STEP DONE: I receive valid HTTP response code 404
  &amp#27;[32mThen &amp#27;[0m&amp#27;[32mI receive valid HTTP response code 404&amp#27;[0m        &amp#27;[90m# starter.stepdefinitions.ThreadsSteps.receiveHttpResponseCode404()&amp#27;[0m
08:37:54.472 [main] DEBUG net.thucydides.core.steps.StepInterceptor - STARTING STEP: ThreadsSteps.receiveValidDataForResponseCode404 - I receive valid data for response code 404
08:37:54.472 [main] DEBUG net.thucydides.core.steps.StepInterceptor - STEP DONE: I receive valid data for response code 404
  &amp#27;[32mAnd &amp#27;[0m&amp#27;[32mI receive valid data for response code 404&amp#27;[0m     &amp#27;[90m# starter.stepdefinitions.ThreadsSteps.receiveValidDataForResponseCode404()&amp#27;[0m
08:37:54.473 [main] INFO  - 
  _____   ___   ___   _____     ___     _     ___   ___   ___   ___  
 |_   _| | __| / __| |_   _|   | _ \   /_\   / __| / __| | __| |   \ 
   | |   | _|  \__ \   | |     |  _/  / _ \  \__ \ \__ \ | _|  | |) |
   |_|   |___| |___/   |_|     |_|   /_/ \_\ |___/ |___/ |___| |___/ 

POST As a user I can't create new comment
----------------------------------------------------------------------
]]></system-out>
  </testcase>
  <testcase name="GET As a user I can get all comments" classname="ManageThread" time="0.283">
    <system-out><![CDATA[
@Thread @T23
Scenario: GET As a user I can get all comments   &amp#27;[90m# src/test/resources/api/ManageThread.feature:172&amp#27;[0m
08:37:54.478 [main] INFO io.cucumber.core.plugin.SerenityReporter - Running feature from file:///C:/Users/Nafal%20Adi%20SL/Documents/GitHub/Capstone-QE/test-automation-API/src/test/resources/api/ManageThread.feature
08:37:54.478 [main] WARN io.cucumber.core.plugin.SerenityReporter - Feature from file:///C:/Users/Nafal%20Adi%20SL/Documents/GitHub/Capstone-QE/test-automation-API/src/test/resources/api/ManageThread.feature is not under the 'features' directory. Requirements report will not be correctly generated!
08:37:54.479 [main] INFO  - 
  _____   ___   ___   _____     ___   _____     _     ___   _____   ___   ___  
 |_   _| | __| / __| |_   _|   / __| |_   _|   /_\   | _ \ |_   _| | __| |   \ 
   | |   | _|  \__ \   | |     \__ \   | |    / _ \  |   /   | |   | _|  | |) |
   |_|   |___| |___/   |_|     |___/   |_|   /_/ \_\ |_|_\   |_|   |___| |___/ 

GET As a user I can get all comments(managethread;get-as-a-user-i-can-get-all-comments)
--------------------------------------------------------------------------------
08:37:54.486 [main] DEBUG net.thucydides.core.steps.StepInterceptor - STARTING STEP: CommentsSteps.setGetApiEndpointsAllComments - I set GET api endpoints all comments
08:37:54.486 [main] DEBUG net.thucydides.core.steps.StepInterceptor - STEP DONE: I set GET api endpoints all comments
  &amp#27;[32mGiven &amp#27;[0m&amp#27;[32mI set GET api endpoints all comments&amp#27;[0m     &amp#27;[90m# starter.stepdefinitions.CommentsSteps.setGetApiEndpointsAllComments()&amp#27;[0m
08:37:54.487 [main] DEBUG net.thucydides.core.steps.StepInterceptor - STARTING STEP: CommentsSteps.sendGetHttpRequestAllComments - I send GET HTTP request all comments
08:37:54.488 [main] DEBUG net.thucydides.core.steps.StepInterceptor - STARTING STEP: GetCommentsAll.sendGetHttpRequest - I set GET api endpoints all comments
08:37:54.488 [main] DEBUG net.thucydides.core.steps.StepInterceptor - STEP DONE: I set GET api endpoints all comments
08:37:54.492 [main] DEBUG org.apache.http.impl.conn.BasicClientConnectionManager - Get connection for route {}->http://ec2-54-206-29-131.ap-southeast-2.compute.amazonaws.com:8000
08:37:54.493 [main] DEBUG org.apache.http.impl.conn.DefaultClientConnectionOperator - Connecting to ec2-54-206-29-131.ap-southeast-2.compute.amazonaws.com:8000
08:37:54.610 [main] DEBUG org.apache.http.client.protocol.RequestAddCookies - CookieSpec selected: ignoreCookies
08:37:54.610 [main] DEBUG org.apache.http.client.protocol.RequestAuthCache - Auth cache not set in the context
08:37:54.610 [main] DEBUG org.apache.http.client.protocol.RequestProxyAuthentication - Proxy auth state: UNCHALLENGED
08:37:54.610 [main] DEBUG org.apache.http.impl.client.DefaultHttpClient - Attempt 1 to execute request
08:37:54.610 [main] DEBUG org.apache.http.impl.conn.DefaultClientConnection - Sending request: GET /comment HTTP/1.1
08:37:54.610 [main] DEBUG org.apache.http.wire -  >> "GET /comment HTTP/1.1[\r][\n]"
08:37:54.610 [main] DEBUG org.apache.http.wire -  >> "Authorization: Bearer eyJhbGciOiJIUzI1NiIsInR5cCI6IkpXVCJ9.eyJleHAiOjE2ODc1NjQxOTcsIm5hbWUiOiJLZW5kcmljayIsInJvbGUiOiJVc2VyIiwidXNlcl9pZCI6MTN9.p2Rdg1yWJH_349Z-51pSbx60sUkrEL6hEGPfRb2E0_o[\r][\n]"
08:37:54.610 [main] DEBUG org.apache.http.wire -  >> "Accept: */*[\r][\n]"
08:37:54.610 [main] DEBUG org.apache.http.wire -  >> "Host: ec2-54-206-29-131.ap-southeast-2.compute.amazonaws.com:8000[\r][\n]"
08:37:54.610 [main] DEBUG org.apache.http.wire -  >> "Connection: Keep-Alive[\r][\n]"
08:37:54.610 [main] DEBUG org.apache.http.wire -  >> "User-Agent: Apache-HttpClient/4.5.13 (Java/11.0.12)[\r][\n]"
08:37:54.610 [main] DEBUG org.apache.http.wire -  >> "Accept-Encoding: gzip,deflate[\r][\n]"
08:37:54.610 [main] DEBUG org.apache.http.wire -  >> "[\r][\n]"
08:37:54.610 [main] DEBUG org.apache.http.headers - >> GET /comment HTTP/1.1
08:37:54.610 [main] DEBUG org.apache.http.headers - >> Authorization: Bearer eyJhbGciOiJIUzI1NiIsInR5cCI6IkpXVCJ9.eyJleHAiOjE2ODc1NjQxOTcsIm5hbWUiOiJLZW5kcmljayIsInJvbGUiOiJVc2VyIiwidXNlcl9pZCI6MTN9.p2Rdg1yWJH_349Z-51pSbx60sUkrEL6hEGPfRb2E0_o
08:37:54.610 [main] DEBUG org.apache.http.headers - >> Accept: */*
08:37:54.610 [main] DEBUG org.apache.http.headers - >> Host: ec2-54-206-29-131.ap-southeast-2.compute.amazonaws.com:8000
08:37:54.610 [main] DEBUG org.apache.http.headers - >> Connection: Keep-Alive
08:37:54.610 [main] DEBUG org.apache.http.headers - >> User-Agent: Apache-HttpClient/4.5.13 (Java/11.0.12)
08:37:54.610 [main] DEBUG org.apache.http.headers - >> Accept-Encoding: gzip,deflate
08:37:54.733 [main] DEBUG org.apache.http.wire -  << "HTTP/1.1 200 OK[\r][\n]"
08:37:54.733 [main] DEBUG org.apache.http.wire -  << "Content-Type: application/json; charset=UTF-8[\r][\n]"
08:37:54.733 [main] DEBUG org.apache.http.wire -  << "Vary: Origin[\r][\n]"
08:37:54.733 [main] DEBUG org.apache.http.wire -  << "Vary: Origin[\r][\n]"
08:37:54.733 [main] DEBUG org.apache.http.wire -  << "Date: Fri, 23 Jun 2023 01:37:58 GMT[\r][\n]"
08:37:54.733 [main] DEBUG org.apache.http.wire -  << "Transfer-Encoding: chunked[\r][\n]"
08:37:54.733 [main] DEBUG org.apache.http.wire -  << "[\r][\n]"
08:37:54.733 [main] DEBUG org.apache.http.impl.conn.DefaultClientConnection - Receiving response: HTTP/1.1 200 OK
08:37:54.733 [main] DEBUG org.apache.http.headers - << HTTP/1.1 200 OK
08:37:54.733 [main] DEBUG org.apache.http.headers - << Content-Type: application/json; charset=UTF-8
08:37:54.733 [main] DEBUG org.apache.http.headers - << Vary: Origin
08:37:54.733 [main] DEBUG org.apache.http.headers - << Vary: Origin
08:37:54.733 [main] DEBUG org.apache.http.headers - << Date: Fri, 23 Jun 2023 01:37:58 GMT
08:37:54.733 [main] DEBUG org.apache.http.headers - << Transfer-Encoding: chunked
08:37:54.733 [main] DEBUG org.apache.http.impl.client.DefaultHttpClient - Connection can be kept alive indefinitely
08:37:54.733 [main] DEBUG io.restassured.internal.RestAssuredHttpBuilder - Parsing response as: application/json; charset=UTF-8
08:37:54.733 [main] DEBUG io.restassured.internal.RestAssuredHttpBuilder - Parsed data to instance of: class org.apache.http.conn.EofSensorInputStream
08:37:54.734 [main] DEBUG org.apache.http.wire -  << "2a16[\r][\n]"
08:37:54.734 [main] DEBUG org.apache.http.wire -  << "{"data":[{"ID":6,"CreatedAt":"2023-06-22T09:38:39.617Z","UpdatedAt":"2023-06-23T01:12:24.436Z","DeletedAt":null,"comment":"Ahmad","thread_id":11,"thread":{"ID":11,"CreatedAt":"2023-06-22T09:37:54.194Z","UpdatedAt":"2023-06-23T01:37:55.46Z","DeletedAt":null,"title":"For a Breath I Tarry","content":"Porro incidunt aut. Eveniet voluptatem similique optio quisquam aut praesentium. Qui numquam minima sit molestias magni in. Autem voluptatum perspiciatis.","file":"","user_id":13,"user":{"ID":0,"CreatedAt":"0001-01-01T00:00:00Z","UpdatedAt":"0001-01-01T00:00:00Z","DeletedAt":null,"username":"","email":"","password":"","image_url":"","age":0,"bio":"","role":"","threads":null,"Bookmarked":null},"comment":null,"BookmarkedUser":null,"like":null},"user_id":1,"user":{"ID":0,"CreatedAt":"0001-01-01T00:00:00Z","UpdatedAt":"0001-01-01T00:00:00Z","DeletedAt":null,"username":"","email":"","password":"","image_url":"","age":0,"bio":"","role":"","threads":null,"Bookmarked":null}},{"ID":7,"CreatedAt":"2023-06-22T17:16:32.409Z","UpdatedAt":"2023-06-22T17:16:32.409Z","DeletedAt":null,"comment":"Itu sangat bagus untuk dibaca ","thread_id":15,"thread":{"ID":15,"CreatedAt":"2023-06-22T17:02:55.194Z","UpdatedAt":"2023-06-22T17:02:55.194Z","DeletedAt":null,"title":"Bulan Purnama Senja","content":"Fantasi","file":"","user_id":8,"user":{"ID":0,"CreatedAt":"0001-01-01T00:00:00Z","UpdatedAt":"0001-01-01T00:00:00Z","DeletedAt":null,"username":"","email":"","password":"","image_url":"","age":0,"bio":"","role":"","threads":null,"Bookmarked":null},"comment":null,"BookmarkedUser":null,"like":null},"user_id":8,"user":{"ID":8,"CreatedAt":"2023-06-22T16:05:33.119Z","UpdatedAt":"2023-06-22T16:05:33.119Z","DeletedAt":null,"username":"wahyu","email":"ajeng25@gmail.com","password":"wahyu123","image_url":"","age":10,"bio":"penulis buku","role":"User","threads":null,"Bookmarked":null}},{"ID":14,"CreatedAt":"2023-06-23T00:46:52.744Z","UpdatedAt":"2023-06-23T00:46:52.744Z","DeletedAt":null,"comment":"Ahmad","thread_id":11,"thread":{"ID":11,"CreatedAt":"2023-06-22T09:37:54.194Z","UpdatedAt":"2023-06-23T01:37:55.46Z","DeletedAt":null,"title":"For a Breath I Tarry","content":"Porro incidunt aut. Eveniet voluptatem similique optio quisquam aut praesentium. Qui numquam minima sit molestias magni in. Autem voluptatum perspiciatis.","file":"","user_id":13,"user":{"ID":0,"CreatedAt":"0001-01-01T00:00:00Z","UpdatedAt":"0001-01-01T00:00:00Z","DeletedAt":null,"username":"","email":"","password":"","image_url":"","age":0,"bio":"","role":"","threads":null,"Bookmarked":null},"comment":null,"BookmarkedUser":null,"like":null},"user_id":13,"user":{"ID":13,"CreatedAt":"2023-06"
08:37:54.734 [main] DEBUG org.apache.http.wire -  << "-22T22:10:38.52Z","UpdatedAt":"2023-06-23T01:37:56.698Z","DeletedAt":null,"username":"nafal","email":"nafal@gmail.com","password":"nafal123","image_url":"","age":10,"bio":"Penulis Buku","role":"user","threads":null,"Bookmarked":null}},{"ID":15,"CreatedAt":"2023-06-23T00:46:54.489Z","UpdatedAt":"2023-06-23T00:46:54.489Z","DeletedAt":null,"comment":"Ahmad","thread_id":11,"thread":{"ID":11,"CreatedAt":"2023-06-22T09:37:54.194Z","UpdatedAt":"2023-06-23T01:37:55.46Z","DeletedAt":null,"title":"For a Breath I Tarry","content":"Porro incidunt aut. Eveniet voluptatem similique optio quisquam aut praesentium. Qui numquam minima sit molestias magni in. Autem voluptatum perspiciatis.","file":"","user_id":13,"user":{"ID":0,"CreatedAt":"0001-01-01T00:00:00Z","UpdatedAt":"0001-01-01T00:00:00Z","DeletedAt":null,"username":"","email":"","password":"","image_url":"","age":0,"bio":"","role":"","threads":null,"Bookmarked":null},"comment":null,"BookmarkedUser":null,"like":null},"user_id":13,"user":{"ID":13,"CreatedAt":"2023-06-22T22:10:38.52Z","UpdatedAt":"2023-06-23T01:37:56.698Z","DeletedAt":null,"username":"nafal","email":"nafal@gmail.com","password":"nafal123","image_url":"","age":10,"bio":"Penulis Buku","role":"user","threads":null,"Bookmarked":null}},{"ID":16,"CreatedAt":"2023-06-23T01:09:11.566Z","UpdatedAt":"2023-06-23T01:09:11.566Z","DeletedAt":null,"comment":"","thread_id":11,"thread":{"ID":11,"CreatedAt":"2023-06-22T09:37:54.194Z","UpdatedAt":"2023-06-23T01:37:55.46Z","DeletedAt":null,"title":"For a Breath I Tarry","content":"Porro incidunt aut. Eveniet voluptatem similique optio quisquam aut praesentium. Qui numquam minima sit molestias magni in. Autem voluptatum perspiciatis.","file":"","user_id":13,"user":{"ID":0,"CreatedAt":"0001-01-01T00:00:00Z","UpdatedAt":"0001-01-01T00:00:00Z","DeletedAt":null,"username":"","email":"","password":"","image_url":"","age":0,"bio":"","role":"","threads":null,"Bookmarked":null},"comment":null,"BookmarkedUser":null,"like":null},"user_id":13,"user":{"ID":13,"CreatedAt":"2023-06-22T22:10:38.52Z","UpdatedAt":"2023-06-23T01:37:56.698Z","DeletedAt":null,"username":"nafal","email":"nafal@gmail.com","password":"nafal123","image_url":"","age":10,"bio":"Penulis Buku","role":"user","threads":null,"Bookmarked":null}},{"ID":18,"CreatedAt":"2023-06-23T01:10:45.168Z","UpdatedAt":"2023-06-23T01:10:45.168Z","DeletedAt":null,"comment":"Ahmad","thread_id":11,"thread":{"ID":11,"CreatedAt":"2023-06-22T09:37:54.194Z","UpdatedAt":"2023-06-23T01:37:55.46Z","DeletedAt":null,"title":"For a Breath I Tarry","content":"Porro incidunt aut. Eveniet voluptatem similique optio quisquam aut praesentium. Qui numquam minima sit molestias magni in. Autem voluptatum perspiciatis.","file":"","user_id":13,"user":{"ID":0,"CreatedAt":"0001-01-01T00:00:00Z","UpdatedAt":"0001-01-01T00:00:00Z","DeletedAt":null,"username":"","email":"","password":"","image_url":"","age":0,"bio":"","role":"","threads":null,"Bookmarked":null},"comment":null,"BookmarkedUser":null,"like":null},"user_id":13,"user":{"ID":13,"CreatedAt":"2023-06-22T22:10:38.52Z","UpdatedAt":"2023-06-23T01:37:56.698Z","DeletedAt":null,"username":"nafal","email":"nafal@gmail.com","password":"nafal123","image_url":"","age":10,"bio":"Penulis Buku","role":"user","threads":null,"Bookmarked":null}},{"ID":19,"CreatedAt":"2023-06-23T01:10:45.669Z","UpdatedAt":"2023-06-23T01:10:45.669Z","DeletedAt":null,"comment":"Ahmad","thread_id":11,"thread":{"ID":11,"CreatedAt":"2023-06-22T09:37:54.194Z","UpdatedAt":"2023-06-23T01:37:55.46Z","DeletedAt":null,"title":"For a Breath I Tarry","content":"Porro incidunt aut. Eveniet voluptatem similique optio quisquam aut praesentium. Qui numquam minima sit molestias magni in. Autem voluptatum perspiciatis.","file":"","user_id":13,"user":{"ID":0,"CreatedAt":"0001-01-01T00:00:00Z","UpdatedAt":"0001-01-01T00:00:00Z","DeletedAt":null,"username":"","email":"","password":"","image_url":"","age":0,"bio":"","role":"","threads":null,"Bookmarked":null},"comment":null,"BookmarkedUser":null,"like":null},"user_id":13,"user":{"ID":13,"CreatedAt":"2023-06-22T22:10:38.52Z","UpdatedAt":"2023-06-23T01:37:56.698Z","DeletedAt":null,"username":"nafal","email":"nafal@gmail.com","password":"nafal123","image_url":"","age":10,"bio":"Penulis Buku","role":"user","threads":null,"Bookmarked":null}},{"ID":20,"CreatedAt":"2023-06-23T01:10:49.802Z","UpdatedAt":"2023-06-23T01:10:49.802Z","DeletedAt":null,"comment":"Ahmad","thread_id":12,"thread":{"ID":12,"CreatedAt":"2023-06-22T09:59:54.91Z","UpdatedAt":"2023-06-22T09:59:54.91Z","DeletedAt":null,"title":"1952","content":"wb","file":"","user_id":1,"user":{"ID":0,"CreatedAt":"0001-01-01T00:00:00Z","UpdatedAt":"0001-01-01T00:00:00Z","DeletedAt":null,"username":"","email":"","password":"","image_url":"","age":0,"bio":"","role":"","threads":null,"Bookmarked":null},"comment":null,"BookmarkedUser":null,"like":null},"user_id":13,"user":{"ID":13,"CreatedAt":"2023-06-22T22:10:38.52Z","UpdatedAt":"2023-06-23T01:37:56.698Z","DeletedAt":null,"username":"nafal","email":"nafal@gmail.com","password":"nafal123","image_url":"","age":10,"bio":"Penulis Buku","role":"user","threads":null,"Bookmarked":null}},{"ID":21,"CreatedAt":"2023-06-23T01:10:52.704Z","UpdatedAt":"2023-06-23T01:10:52.704Z","DeletedAt":null,"comment":"Ahmad","thread_id":13,"thread":{"ID":13,"CreatedAt":"2023-06-22T13:28:26.184Z","UpdatedAt":"2023-06-22T13:28:26.184Z","DeletedAt":null,"title":"test baru","content":"lormllrmlorm","file":"","user_id":3,"user":{"ID":0,"CreatedAt":"0001-01-01T00:00:00Z","UpdatedAt":"0001-01-01T00:00:00Z","DeletedAt":null,"username":"","email":"","password":"","image_url":"","age":0,"bio":"","role":"","threads":null,"Bookmarked":null},"comment":null,"BookmarkedUser":null,"like":null},"user_id":13,"user":{"ID":13,"CreatedAt":"2023-06-22T22:10:38.52Z","UpdatedAt":"2023-06-23T01:37:56.698Z","DeletedAt":null,"username":"nafal","email":"nafal@gmail.com","password":"nafal123","image_url":"","age":10,"bio":"Penulis Buku","role":"user","threads":null,"Bookmarked":null}},{"ID":22,"CreatedAt":"2023-06-23T01:10:55.635Z","UpdatedAt":"2023-06-23T01:10:55.635Z","DeletedAt":null,"comment":"Ahmad","thread_id":11,"thread":{"ID":11,"CreatedAt":"2023-06-22T09:37:54.194Z","UpdatedAt":"2023-06-23T01:37:55.46Z","DeletedAt":null,"title":"For a Breath I Tarry","content":"Porro incidunt aut. Eveniet voluptatem similique optio quisquam aut praesentium. Qui numquam minima sit molestias magni in. Autem voluptatum perspiciatis.","file":"","user_id":13,"user":{"ID":0,"CreatedAt":"0001-01-01T00:00:00Z","UpdatedAt":"0001-01-01T00:00:00Z","DeletedAt":null,"username":"","email":"","password":"","image_url":"","age":0,"bio":"","role":"","threads":null,"Bookmarked":null},"comment":null,"BookmarkedUser":null,"like":null},"user_id":13,"user":{"ID":13,"CreatedAt":"2023-06-22T22:10:38.52Z","UpdatedAt":"2023-06-23T01:37:56.698Z","DeletedAt":null,"username":"nafal","email":"nafal@gmail.com","password":"nafal123","image_url":"","age":10,"bio":"Penulis Buku","role":"user","threads":null,"Bookmarked":null}},{"ID":23,"CreatedAt":"2023-06-23T01:37:58.379Z","UpdatedAt":"2023-06-23T01:37:58.379Z","DeletedAt":null,"comment":"","thread_id":11,"thread":{"ID":11,"CreatedAt":"2023-06-22T09:37:54.194Z","UpdatedAt":"2023-06-23T01:37:55.46Z","DeletedAt":null,"title":"For a Breath I Tarry","content":"Porro incidunt aut. Eveniet voluptatem similique optio quisquam aut praesentium. Qui numquam minima sit molestias magni in. Autem voluptatum perspiciatis.","file":"","user_id":13,"user":{"ID":0,"CreatedAt":"0001-01-01T00:00:00Z","UpdatedAt":"0001-01-01T00:00:00Z","DeletedAt":null,"username":"","email":"","password":"","image_url":"","age":0,"bio":"","role":"","threads":null,"Bookmarked":null},"comment":null,"BookmarkedUser":null,"like":null},"user_id":13,"user":{"ID":13,"CreatedAt":"2023-06-22T22:10:38.52Z","UpdatedAt":"2023-06-23T01:37:56.698Z","DeletedAt":null,"username":"nafal","email":"nafal@gmail.com","password":"nafal123","image_url":"","age":10,"bio":"Penulis Buku","role":"user","threads":null,"Bookmarked":null}}],"message":"Success: Retrieved all Comment"}[\n]"
08:37:54.734 [main] DEBUG org.apache.http.wire -  << "[\r][\n]"
08:37:54.734 [main] DEBUG org.apache.http.wire -  << "0[\r][\n]"
08:37:54.734 [main] DEBUG org.apache.http.wire -  << "[\r][\n]"
08:37:54.734 [main] DEBUG org.apache.http.impl.conn.BasicClientConnectionManager - Releasing connection org.apache.http.impl.conn.ManagedClientConnectionImpl@1694cbc
08:37:54.734 [main] DEBUG org.apache.http.impl.conn.BasicClientConnectionManager - Connection can be kept alive indefinitely
08:37:54.739 [main] DEBUG net.thucydides.core.steps.StepInterceptor - STEP DONE: I send GET HTTP request all comments
  &amp#27;[32mWhen &amp#27;[0m&amp#27;[32mI send GET HTTP request all comments&amp#27;[0m      &amp#27;[90m# starter.stepdefinitions.CommentsSteps.sendGetHttpRequestAllComments()&amp#27;[0m
08:37:54.746 [main] DEBUG net.thucydides.core.steps.StepInterceptor - STARTING STEP: AuthUserSteps.receiveValidHttpResponseCode200 - I receive valid HTTP response code 200
08:37:54.746 [main] DEBUG net.thucydides.core.steps.StepInterceptor - STEP DONE: I receive valid HTTP response code 200
  &amp#27;[32mThen &amp#27;[0m&amp#27;[32mI receive valid HTTP response code 200&amp#27;[0m    &amp#27;[90m# starter.stepdefinitions.AuthUserSteps.receiveValidHttpResponseCode200()&amp#27;[0m
08:37:54.748 [main] DEBUG net.thucydides.core.steps.StepInterceptor - STARTING STEP: AuthUserSteps.receiveValidDataForResponseCode200 - I receive valid data for response code 200
08:37:54.755 [main] DEBUG net.thucydides.core.steps.StepInterceptor - STEP DONE: I receive valid data for response code 200
  &amp#27;[32mAnd &amp#27;[0m&amp#27;[32mI receive valid data for response code 200&amp#27;[0m &amp#27;[90m# starter.stepdefinitions.AuthUserSteps.receiveValidDataForResponseCode200()&amp#27;[0m
08:37:54.757 [main] INFO  - 
  _____   ___   ___   _____     ___     _     ___   ___   ___   ___  
 |_   _| | __| / __| |_   _|   | _ \   /_\   / __| / __| | __| |   \ 
   | |   | _|  \__ \   | |     |  _/  / _ \  \__ \ \__ \ | _|  | |) |
   |_|   |___| |___/   |_|     |_|   /_/ \_\ |___/ |___/ |___| |___/ 

GET As a user I can get all comments
----------------------------------------------------------------------
]]></system-out>
  </testcase>
  <testcase name="GET As a user I can&apos;t get all comment" classname="ManageThread" time="0.28">
    <system-out><![CDATA[
@Thread @T24
Scenario: GET As a user I can't get all comment      &amp#27;[90m# src/test/resources/api/ManageThread.feature:179&amp#27;[0m
08:37:54.764 [main] INFO io.cucumber.core.plugin.SerenityReporter - Running feature from file:///C:/Users/Nafal%20Adi%20SL/Documents/GitHub/Capstone-QE/test-automation-API/src/test/resources/api/ManageThread.feature
08:37:54.764 [main] WARN io.cucumber.core.plugin.SerenityReporter - Feature from file:///C:/Users/Nafal%20Adi%20SL/Documents/GitHub/Capstone-QE/test-automation-API/src/test/resources/api/ManageThread.feature is not under the 'features' directory. Requirements report will not be correctly generated!
08:37:54.773 [main] INFO  - 
  _____   ___   ___   _____     ___   _____     _     ___   _____   ___   ___  
 |_   _| | __| / __| |_   _|   / __| |_   _|   /_\   | _ \ |_   _| | __| |   \ 
   | |   | _|  \__ \   | |     \__ \   | |    / _ \  |   /   | |   | _|  | |) |
   |_|   |___| |___/   |_|     |___/   |_|   /_/ \_\ |_|_\   |_|   |___| |___/ 

GET As a user I can't get all comment(managethread;get-as-a-user-i-can-t-get-all-comment)
--------------------------------------------------------------------------------
08:37:54.773 [Finalizer] DEBUG org.apache.http.impl.conn.DefaultClientConnection - Connection 0.0.0.0:58416<->54.206.29.131:8000 closed
08:37:54.775 [Finalizer] DEBUG org.apache.http.impl.conn.DefaultClientConnection - Connection 0.0.0.0:58407<->54.206.29.131:8000 closed
08:37:54.775 [Finalizer] DEBUG org.apache.http.impl.conn.DefaultClientConnection - Connection 0.0.0.0:58405<->54.206.29.131:8000 closed
08:37:54.776 [Finalizer] DEBUG org.apache.http.impl.conn.DefaultClientConnection - Connection 0.0.0.0:58409<->54.206.29.131:8000 closed
08:37:54.776 [Finalizer] DEBUG org.apache.http.impl.conn.DefaultClientConnection - Connection 0.0.0.0:58408<->54.206.29.131:8000 closed
08:37:54.777 [Finalizer] DEBUG org.apache.http.impl.conn.DefaultClientConnection - Connection 0.0.0.0:58413<->54.206.29.131:8000 closed
08:37:54.778 [Finalizer] DEBUG org.apache.http.impl.conn.DefaultClientConnection - Connection 0.0.0.0:58411<->54.206.29.131:8000 closed
08:37:54.778 [Finalizer] DEBUG org.apache.http.impl.conn.DefaultClientConnection - Connection 0.0.0.0:58414<->54.206.29.131:8000 closed
08:37:54.779 [Finalizer] DEBUG org.apache.http.impl.conn.DefaultClientConnection - Connection 0.0.0.0:58421<->54.206.29.131:8000 closed
08:37:54.780 [Finalizer] DEBUG org.apache.http.impl.conn.DefaultClientConnection - Connection 0.0.0.0:58420<->54.206.29.131:8000 closed
08:37:54.780 [Finalizer] DEBUG org.apache.http.impl.conn.DefaultClientConnection - Connection 0.0.0.0:58419<->54.206.29.131:8000 closed
08:37:54.780 [Finalizer] DEBUG org.apache.http.impl.conn.DefaultClientConnection - Connection 0.0.0.0:58418<->54.206.29.131:8000 closed
08:37:54.786 [main] DEBUG net.thucydides.core.steps.StepInterceptor - STARTING STEP: CommentsSteps.setGetApiEndpointsAllCommentsInvalid - I set GET api endpoints all comments invalid
08:37:54.786 [main] DEBUG net.thucydides.core.steps.StepInterceptor - STEP DONE: I set GET api endpoints all comments invalid
  &amp#27;[32mGiven &amp#27;[0m&amp#27;[32mI set GET api endpoints all comments invalid&amp#27;[0m &amp#27;[90m# starter.stepdefinitions.CommentsSteps.setGetApiEndpointsAllCommentsInvalid()&amp#27;[0m
08:37:54.788 [main] DEBUG net.thucydides.core.steps.StepInterceptor - STARTING STEP: CommentsSteps.sendGetHttpRequestAllCommentsInvalid - I send GET HTTP request all comments invalid
08:37:54.789 [main] DEBUG net.thucydides.core.steps.StepInterceptor - STARTING STEP: GetCommentsAll.sendGetHttpRequestInvalid - I set GET api endpoints all comments invalid
08:37:54.789 [main] DEBUG net.thucydides.core.steps.StepInterceptor - STEP DONE: I set GET api endpoints all comments invalid
08:37:54.792 [main] DEBUG org.apache.http.impl.conn.BasicClientConnectionManager - Get connection for route {}->http://ec2-54-206-29-131.ap-southeast-2.compute.amazonaws.com:8000
08:37:54.792 [main] DEBUG org.apache.http.impl.conn.DefaultClientConnectionOperator - Connecting to ec2-54-206-29-131.ap-southeast-2.compute.amazonaws.com:8000
08:37:54.909 [main] DEBUG org.apache.http.client.protocol.RequestAddCookies - CookieSpec selected: ignoreCookies
08:37:54.909 [main] DEBUG org.apache.http.client.protocol.RequestAuthCache - Auth cache not set in the context
08:37:54.909 [main] DEBUG org.apache.http.client.protocol.RequestProxyAuthentication - Proxy auth state: UNCHALLENGED
08:37:54.909 [main] DEBUG org.apache.http.impl.client.DefaultHttpClient - Attempt 1 to execute request
08:37:54.909 [main] DEBUG org.apache.http.impl.conn.DefaultClientConnection - Sending request: GET /comments HTTP/1.1
08:37:54.909 [main] DEBUG org.apache.http.wire -  >> "GET /comments HTTP/1.1[\r][\n]"
08:37:54.909 [main] DEBUG org.apache.http.wire -  >> "Authorization: Bearer eyJhbGciOiJIUzI1NiIsInR5cCI6IkpXVCJ9.eyJleHAiOjE2ODc1NjQxOTcsIm5hbWUiOiJLZW5kcmljayIsInJvbGUiOiJVc2VyIiwidXNlcl9pZCI6MTN9.p2Rdg1yWJH_349Z-51pSbx60sUkrEL6hEGPfRb2E0_o[\r][\n]"
08:37:54.909 [main] DEBUG org.apache.http.wire -  >> "Accept: */*[\r][\n]"
08:37:54.909 [main] DEBUG org.apache.http.wire -  >> "Host: ec2-54-206-29-131.ap-southeast-2.compute.amazonaws.com:8000[\r][\n]"
08:37:54.909 [main] DEBUG org.apache.http.wire -  >> "Connection: Keep-Alive[\r][\n]"
08:37:54.909 [main] DEBUG org.apache.http.wire -  >> "User-Agent: Apache-HttpClient/4.5.13 (Java/11.0.12)[\r][\n]"
08:37:54.909 [main] DEBUG org.apache.http.wire -  >> "Accept-Encoding: gzip,deflate[\r][\n]"
08:37:54.909 [main] DEBUG org.apache.http.wire -  >> "[\r][\n]"
08:37:54.909 [main] DEBUG org.apache.http.headers - >> GET /comments HTTP/1.1
08:37:54.909 [main] DEBUG org.apache.http.headers - >> Authorization: Bearer eyJhbGciOiJIUzI1NiIsInR5cCI6IkpXVCJ9.eyJleHAiOjE2ODc1NjQxOTcsIm5hbWUiOiJLZW5kcmljayIsInJvbGUiOiJVc2VyIiwidXNlcl9pZCI6MTN9.p2Rdg1yWJH_349Z-51pSbx60sUkrEL6hEGPfRb2E0_o
08:37:54.909 [main] DEBUG org.apache.http.headers - >> Accept: */*
08:37:54.909 [main] DEBUG org.apache.http.headers - >> Host: ec2-54-206-29-131.ap-southeast-2.compute.amazonaws.com:8000
08:37:54.909 [main] DEBUG org.apache.http.headers - >> Connection: Keep-Alive
08:37:54.909 [main] DEBUG org.apache.http.headers - >> User-Agent: Apache-HttpClient/4.5.13 (Java/11.0.12)
08:37:54.909 [main] DEBUG org.apache.http.headers - >> Accept-Encoding: gzip,deflate
08:37:55.024 [main] DEBUG org.apache.http.wire -  << "HTTP/1.1 404 Not Found[\r][\n]"
08:37:55.024 [main] DEBUG org.apache.http.wire -  << "Content-Type: application/json; charset=UTF-8[\r][\n]"
08:37:55.024 [main] DEBUG org.apache.http.wire -  << "Vary: Origin[\r][\n]"
08:37:55.024 [main] DEBUG org.apache.http.wire -  << "Vary: Origin[\r][\n]"
08:37:55.024 [main] DEBUG org.apache.http.wire -  << "Date: Fri, 23 Jun 2023 01:37:59 GMT[\r][\n]"
08:37:55.024 [main] DEBUG org.apache.http.wire -  << "Content-Length: 24[\r][\n]"
08:37:55.024 [main] DEBUG org.apache.http.wire -  << "[\r][\n]"
08:37:55.024 [main] DEBUG org.apache.http.impl.conn.DefaultClientConnection - Receiving response: HTTP/1.1 404 Not Found
08:37:55.024 [main] DEBUG org.apache.http.headers - << HTTP/1.1 404 Not Found
08:37:55.024 [main] DEBUG org.apache.http.headers - << Content-Type: application/json; charset=UTF-8
08:37:55.024 [main] DEBUG org.apache.http.headers - << Vary: Origin
08:37:55.024 [main] DEBUG org.apache.http.headers - << Vary: Origin
08:37:55.024 [main] DEBUG org.apache.http.headers - << Date: Fri, 23 Jun 2023 01:37:59 GMT
08:37:55.024 [main] DEBUG org.apache.http.headers - << Content-Length: 24
08:37:55.024 [main] DEBUG org.apache.http.impl.client.DefaultHttpClient - Connection can be kept alive indefinitely
08:37:55.024 [main] DEBUG io.restassured.internal.RestAssuredHttpBuilder - Parsing response as: application/json; charset=UTF-8
08:37:55.024 [main] DEBUG io.restassured.internal.RestAssuredHttpBuilder - Parsed data to instance of: class org.apache.http.conn.EofSensorInputStream
08:37:55.025 [main] DEBUG org.apache.http.wire -  << "{"message":"Not Found"}[\n]"
08:37:55.025 [main] DEBUG org.apache.http.impl.conn.BasicClientConnectionManager - Releasing connection org.apache.http.impl.conn.ManagedClientConnectionImpl@4c5d934b
08:37:55.025 [main] DEBUG org.apache.http.impl.conn.BasicClientConnectionManager - Connection can be kept alive indefinitely
08:37:55.025 [main] DEBUG net.thucydides.core.steps.StepInterceptor - STEP DONE: I send GET HTTP request all comments invalid
  &amp#27;[32mWhen &amp#27;[0m&amp#27;[32mI send GET HTTP request all comments invalid&amp#27;[0m  &amp#27;[90m# starter.stepdefinitions.CommentsSteps.sendGetHttpRequestAllCommentsInvalid()&amp#27;[0m
08:37:55.034 [main] DEBUG net.thucydides.core.steps.StepInterceptor - STARTING STEP: ThreadsSteps.receiveHttpResponseCode404 - I receive valid HTTP response code 404
08:37:55.034 [main] DEBUG net.thucydides.core.steps.StepInterceptor - STEP DONE: I receive valid HTTP response code 404
  &amp#27;[32mThen &amp#27;[0m&amp#27;[32mI receive valid HTTP response code 404&amp#27;[0m        &amp#27;[90m# starter.stepdefinitions.ThreadsSteps.receiveHttpResponseCode404()&amp#27;[0m
08:37:55.036 [main] DEBUG net.thucydides.core.steps.StepInterceptor - STARTING STEP: ThreadsSteps.receiveValidDataForResponseCode404 - I receive valid data for response code 404
08:37:55.037 [main] DEBUG net.thucydides.core.steps.StepInterceptor - STEP DONE: I receive valid data for response code 404
  &amp#27;[32mAnd &amp#27;[0m&amp#27;[32mI receive valid data for response code 404&amp#27;[0m     &amp#27;[90m# starter.stepdefinitions.ThreadsSteps.receiveValidDataForResponseCode404()&amp#27;[0m
08:37:55.037 [main] INFO  - 
  _____   ___   ___   _____     ___     _     ___   ___   ___   ___  
 |_   _| | __| / __| |_   _|   | _ \   /_\   / __| / __| | __| |   \ 
   | |   | _|  \__ \   | |     |  _/  / _ \  \__ \ \__ \ | _|  | |) |
   |_|   |___| |___/   |_|     |_|   /_/ \_\ |___/ |___/ |___| |___/ 

GET As a user I can't get all comment
----------------------------------------------------------------------
]]></system-out>
  </testcase>
  <testcase name="GET As a user I can get comment by id" classname="ManageThread" time="0.266">
    <system-out><![CDATA[
@Thread @T25
Scenario: GET As a user I can get comment by id  &amp#27;[90m# src/test/resources/api/ManageThread.feature:187&amp#27;[0m
08:37:55.043 [main] INFO io.cucumber.core.plugin.SerenityReporter - Running feature from file:///C:/Users/Nafal%20Adi%20SL/Documents/GitHub/Capstone-QE/test-automation-API/src/test/resources/api/ManageThread.feature
08:37:55.043 [main] WARN io.cucumber.core.plugin.SerenityReporter - Feature from file:///C:/Users/Nafal%20Adi%20SL/Documents/GitHub/Capstone-QE/test-automation-API/src/test/resources/api/ManageThread.feature is not under the 'features' directory. Requirements report will not be correctly generated!
08:37:55.044 [main] INFO  - 
  _____   ___   ___   _____     ___   _____     _     ___   _____   ___   ___  
 |_   _| | __| / __| |_   _|   / __| |_   _|   /_\   | _ \ |_   _| | __| |   \ 
   | |   | _|  \__ \   | |     \__ \   | |    / _ \  |   /   | |   | _|  | |) |
   |_|   |___| |___/   |_|     |___/   |_|   /_/ \_\ |_|_\   |_|   |___| |___/ 

GET As a user I can get comment by id(managethread;get-as-a-user-i-can-get-comment-by-id)
--------------------------------------------------------------------------------
08:37:55.050 [main] DEBUG net.thucydides.core.steps.StepInterceptor - STARTING STEP: CommentsSteps.setGetApiEndpointsById - I set GET api endpoints comment by id
08:37:55.051 [main] DEBUG net.thucydides.core.steps.StepInterceptor - STEP DONE: I set GET api endpoints comment by id
  &amp#27;[32mGiven &amp#27;[0m&amp#27;[32mI set GET api endpoints comment by id&amp#27;[0m    &amp#27;[90m# starter.stepdefinitions.CommentsSteps.setGetApiEndpointsById()&amp#27;[0m
08:37:55.052 [main] DEBUG net.thucydides.core.steps.StepInterceptor - STARTING STEP: CommentsSteps.sendGetHttpRequestById - I send GET HTTP request comment by id
08:37:55.053 [main] DEBUG net.thucydides.core.steps.StepInterceptor - STARTING STEP: GetCommentsId.sendGetHttpRequest - I set GET api endpoints comment by id
08:37:55.053 [main] DEBUG net.thucydides.core.steps.StepInterceptor - STEP DONE: I set GET api endpoints comment by id
08:37:55.056 [main] DEBUG org.apache.http.impl.conn.BasicClientConnectionManager - Get connection for route {}->http://ec2-54-206-29-131.ap-southeast-2.compute.amazonaws.com:8000
08:37:55.056 [main] DEBUG org.apache.http.impl.conn.DefaultClientConnectionOperator - Connecting to ec2-54-206-29-131.ap-southeast-2.compute.amazonaws.com:8000
08:37:55.173 [main] DEBUG org.apache.http.client.protocol.RequestAddCookies - CookieSpec selected: ignoreCookies
08:37:55.173 [main] DEBUG org.apache.http.client.protocol.RequestAuthCache - Auth cache not set in the context
08:37:55.173 [main] DEBUG org.apache.http.client.protocol.RequestProxyAuthentication - Proxy auth state: UNCHALLENGED
08:37:55.173 [main] DEBUG org.apache.http.impl.client.DefaultHttpClient - Attempt 1 to execute request
08:37:55.173 [main] DEBUG org.apache.http.impl.conn.DefaultClientConnection - Sending request: GET /comment/6 HTTP/1.1
08:37:55.173 [main] DEBUG org.apache.http.wire -  >> "GET /comment/6 HTTP/1.1[\r][\n]"
08:37:55.173 [main] DEBUG org.apache.http.wire -  >> "Authorization: Bearer eyJhbGciOiJIUzI1NiIsInR5cCI6IkpXVCJ9.eyJleHAiOjE2ODc1NjQxOTcsIm5hbWUiOiJLZW5kcmljayIsInJvbGUiOiJVc2VyIiwidXNlcl9pZCI6MTN9.p2Rdg1yWJH_349Z-51pSbx60sUkrEL6hEGPfRb2E0_o[\r][\n]"
08:37:55.173 [main] DEBUG org.apache.http.wire -  >> "Accept: */*[\r][\n]"
08:37:55.173 [main] DEBUG org.apache.http.wire -  >> "Host: ec2-54-206-29-131.ap-southeast-2.compute.amazonaws.com:8000[\r][\n]"
08:37:55.173 [main] DEBUG org.apache.http.wire -  >> "Connection: Keep-Alive[\r][\n]"
08:37:55.173 [main] DEBUG org.apache.http.wire -  >> "User-Agent: Apache-HttpClient/4.5.13 (Java/11.0.12)[\r][\n]"
08:37:55.173 [main] DEBUG org.apache.http.wire -  >> "Accept-Encoding: gzip,deflate[\r][\n]"
08:37:55.173 [main] DEBUG org.apache.http.wire -  >> "[\r][\n]"
08:37:55.173 [main] DEBUG org.apache.http.headers - >> GET /comment/6 HTTP/1.1
08:37:55.173 [main] DEBUG org.apache.http.headers - >> Authorization: Bearer eyJhbGciOiJIUzI1NiIsInR5cCI6IkpXVCJ9.eyJleHAiOjE2ODc1NjQxOTcsIm5hbWUiOiJLZW5kcmljayIsInJvbGUiOiJVc2VyIiwidXNlcl9pZCI6MTN9.p2Rdg1yWJH_349Z-51pSbx60sUkrEL6hEGPfRb2E0_o
08:37:55.173 [main] DEBUG org.apache.http.headers - >> Accept: */*
08:37:55.173 [main] DEBUG org.apache.http.headers - >> Host: ec2-54-206-29-131.ap-southeast-2.compute.amazonaws.com:8000
08:37:55.173 [main] DEBUG org.apache.http.headers - >> Connection: Keep-Alive
08:37:55.173 [main] DEBUG org.apache.http.headers - >> User-Agent: Apache-HttpClient/4.5.13 (Java/11.0.12)
08:37:55.173 [main] DEBUG org.apache.http.headers - >> Accept-Encoding: gzip,deflate
08:37:55.292 [main] DEBUG org.apache.http.wire -  << "HTTP/1.1 200 OK[\r][\n]"
08:37:55.292 [main] DEBUG org.apache.http.wire -  << "Content-Type: application/json; charset=UTF-8[\r][\n]"
08:37:55.292 [main] DEBUG org.apache.http.wire -  << "Vary: Origin[\r][\n]"
08:37:55.292 [main] DEBUG org.apache.http.wire -  << "Vary: Origin[\r][\n]"
08:37:55.292 [main] DEBUG org.apache.http.wire -  << "Date: Fri, 23 Jun 2023 01:37:59 GMT[\r][\n]"
08:37:55.292 [main] DEBUG org.apache.http.wire -  << "Content-Length: 1011[\r][\n]"
08:37:55.292 [main] DEBUG org.apache.http.wire -  << "[\r][\n]"
08:37:55.292 [main] DEBUG org.apache.http.impl.conn.DefaultClientConnection - Receiving response: HTTP/1.1 200 OK
08:37:55.292 [main] DEBUG org.apache.http.headers - << HTTP/1.1 200 OK
08:37:55.292 [main] DEBUG org.apache.http.headers - << Content-Type: application/json; charset=UTF-8
08:37:55.292 [main] DEBUG org.apache.http.headers - << Vary: Origin
08:37:55.292 [main] DEBUG org.apache.http.headers - << Vary: Origin
08:37:55.292 [main] DEBUG org.apache.http.headers - << Date: Fri, 23 Jun 2023 01:37:59 GMT
08:37:55.292 [main] DEBUG org.apache.http.headers - << Content-Length: 1011
08:37:55.292 [main] DEBUG org.apache.http.impl.client.DefaultHttpClient - Connection can be kept alive indefinitely
08:37:55.292 [main] DEBUG io.restassured.internal.RestAssuredHttpBuilder - Parsing response as: application/json; charset=UTF-8
08:37:55.292 [main] DEBUG io.restassured.internal.RestAssuredHttpBuilder - Parsed data to instance of: class org.apache.http.conn.EofSensorInputStream
08:37:55.293 [main] DEBUG org.apache.http.wire -  << "{"data":{"ID":6,"CreatedAt":"2023-06-22T09:38:39.617Z","UpdatedAt":"2023-06-23T01:12:24.436Z","DeletedAt":null,"comment":"Ahmad","thread_id":11,"thread":{"ID":11,"CreatedAt":"2023-06-22T09:37:54.194Z","UpdatedAt":"2023-06-23T01:37:55.46Z","DeletedAt":null,"title":"For a Breath I Tarry","content":"Porro incidunt aut. Eveniet voluptatem similique optio quisquam aut praesentium. Qui numquam minima sit molestias magni in. Autem voluptatum perspiciatis.","file":"","user_id":13,"user":{"ID":0,"CreatedAt":"0001-01-01T00:00:00Z","UpdatedAt":"0001-01-01T00:00:00Z","DeletedAt":null,"username":"","email":"","password":"","image_url":"","age":0,"bio":"","role":"","threads":null,"Bookmarked":null},"comment":null,"BookmarkedUser":null,"like":null},"user_id":1,"user":{"ID":0,"CreatedAt":"0001-01-01T00:00:00Z","UpdatedAt":"0001-01-01T00:00:00Z","DeletedAt":null,"username":"","email":"","password":"","image_url":"","age":0,"bio":"","role":"","threads":null,"Bookmarked":null}},"message":"success getting Comment"}[\n]"
08:37:55.293 [main] DEBUG org.apache.http.impl.conn.BasicClientConnectionManager - Releasing connection org.apache.http.impl.conn.ManagedClientConnectionImpl@6e089bcb
08:37:55.293 [main] DEBUG org.apache.http.impl.conn.BasicClientConnectionManager - Connection can be kept alive indefinitely
08:37:55.293 [main] DEBUG net.thucydides.core.steps.StepInterceptor - STEP DONE: I send GET HTTP request comment by id
  &amp#27;[32mWhen &amp#27;[0m&amp#27;[32mI send GET HTTP request comment by id&amp#27;[0m     &amp#27;[90m# starter.stepdefinitions.CommentsSteps.sendGetHttpRequestById()&amp#27;[0m
08:37:55.300 [main] DEBUG net.thucydides.core.steps.StepInterceptor - STARTING STEP: AuthUserSteps.receiveValidHttpResponseCode200 - I receive valid HTTP response code 200
08:37:55.300 [main] DEBUG net.thucydides.core.steps.StepInterceptor - STEP DONE: I receive valid HTTP response code 200
  &amp#27;[32mThen &amp#27;[0m&amp#27;[32mI receive valid HTTP response code 200&amp#27;[0m    &amp#27;[90m# starter.stepdefinitions.AuthUserSteps.receiveValidHttpResponseCode200()&amp#27;[0m
08:37:55.302 [main] DEBUG net.thucydides.core.steps.StepInterceptor - STARTING STEP: AuthUserSteps.receiveValidDataForResponseCode200 - I receive valid data for response code 200
08:37:55.303 [main] DEBUG net.thucydides.core.steps.StepInterceptor - STEP DONE: I receive valid data for response code 200
  &amp#27;[32mAnd &amp#27;[0m&amp#27;[32mI receive valid data for response code 200&amp#27;[0m &amp#27;[90m# starter.stepdefinitions.AuthUserSteps.receiveValidDataForResponseCode200()&amp#27;[0m
08:37:55.304 [main] INFO  - 
  _____   ___   ___   _____     ___     _     ___   ___   ___   ___  
 |_   _| | __| / __| |_   _|   | _ \   /_\   / __| / __| | __| |   \ 
   | |   | _|  \__ \   | |     |  _/  / _ \  \__ \ \__ \ | _|  | |) |
   |_|   |___| |___/   |_|     |_|   /_/ \_\ |___/ |___/ |___| |___/ 

GET As a user I can get comment by id
----------------------------------------------------------------------
]]></system-out>
  </testcase>
  <testcase name="GET As a user I can&apos;t get comment by id" classname="ManageThread" time="0.269">
    <system-out><![CDATA[
@Thread @T26
Scenario: GET As a user I can't get comment by id     &amp#27;[90m# src/test/resources/api/ManageThread.feature:194&amp#27;[0m
08:37:55.310 [main] INFO io.cucumber.core.plugin.SerenityReporter - Running feature from file:///C:/Users/Nafal%20Adi%20SL/Documents/GitHub/Capstone-QE/test-automation-API/src/test/resources/api/ManageThread.feature
08:37:55.310 [main] WARN io.cucumber.core.plugin.SerenityReporter - Feature from file:///C:/Users/Nafal%20Adi%20SL/Documents/GitHub/Capstone-QE/test-automation-API/src/test/resources/api/ManageThread.feature is not under the 'features' directory. Requirements report will not be correctly generated!
08:37:55.311 [main] INFO  - 
  _____   ___   ___   _____     ___   _____     _     ___   _____   ___   ___  
 |_   _| | __| / __| |_   _|   / __| |_   _|   /_\   | _ \ |_   _| | __| |   \ 
   | |   | _|  \__ \   | |     \__ \   | |    / _ \  |   /   | |   | _|  | |) |
   |_|   |___| |___/   |_|     |___/   |_|   /_/ \_\ |_|_\   |_|   |___| |___/ 

GET As a user I can't get comment by id(managethread;get-as-a-user-i-can-t-get-comment-by-id)
--------------------------------------------------------------------------------
08:37:55.317 [main] DEBUG net.thucydides.core.steps.StepInterceptor - STARTING STEP: CommentsSteps.setGetApiEndpointsByIdInvalid - I set GET api endpoints comment by id invalid
08:37:55.317 [main] DEBUG net.thucydides.core.steps.StepInterceptor - STEP DONE: I set GET api endpoints comment by id invalid
  &amp#27;[32mGiven &amp#27;[0m&amp#27;[32mI set GET api endpoints comment by id invalid&amp#27;[0m &amp#27;[90m# starter.stepdefinitions.CommentsSteps.setGetApiEndpointsByIdInvalid()&amp#27;[0m
08:37:55.319 [main] DEBUG net.thucydides.core.steps.StepInterceptor - STARTING STEP: CommentsSteps.sendGetHttpRequestByIdInvalid - I send GET HTTP request comment by id invalid
08:37:55.319 [main] DEBUG net.thucydides.core.steps.StepInterceptor - STARTING STEP: GetCommentsId.sendGetHttpRequestInvalid - I set GET api endpoints comment by id invalid
08:37:55.319 [main] DEBUG net.thucydides.core.steps.StepInterceptor - STEP DONE: I set GET api endpoints comment by id invalid
08:37:55.324 [main] DEBUG org.apache.http.impl.conn.BasicClientConnectionManager - Get connection for route {}->http://ec2-54-206-29-131.ap-southeast-2.compute.amazonaws.com:8000
08:37:55.324 [main] DEBUG org.apache.http.impl.conn.DefaultClientConnectionOperator - Connecting to ec2-54-206-29-131.ap-southeast-2.compute.amazonaws.com:8000
08:37:55.440 [main] DEBUG org.apache.http.client.protocol.RequestAddCookies - CookieSpec selected: ignoreCookies
08:37:55.440 [main] DEBUG org.apache.http.client.protocol.RequestAuthCache - Auth cache not set in the context
08:37:55.440 [main] DEBUG org.apache.http.client.protocol.RequestProxyAuthentication - Proxy auth state: UNCHALLENGED
08:37:55.440 [main] DEBUG org.apache.http.impl.client.DefaultHttpClient - Attempt 1 to execute request
08:37:55.440 [main] DEBUG org.apache.http.impl.conn.DefaultClientConnection - Sending request: GET /comment/111212 HTTP/1.1
08:37:55.440 [main] DEBUG org.apache.http.wire -  >> "GET /comment/111212 HTTP/1.1[\r][\n]"
08:37:55.440 [main] DEBUG org.apache.http.wire -  >> "Authorization: Bearer eyJhbGciOiJIUzI1NiIsInR5cCI6IkpXVCJ9.eyJleHAiOjE2ODc1NjQxOTcsIm5hbWUiOiJLZW5kcmljayIsInJvbGUiOiJVc2VyIiwidXNlcl9pZCI6MTN9.p2Rdg1yWJH_349Z-51pSbx60sUkrEL6hEGPfRb2E0_o[\r][\n]"
08:37:55.440 [main] DEBUG org.apache.http.wire -  >> "Accept: */*[\r][\n]"
08:37:55.440 [main] DEBUG org.apache.http.wire -  >> "Host: ec2-54-206-29-131.ap-southeast-2.compute.amazonaws.com:8000[\r][\n]"
08:37:55.440 [main] DEBUG org.apache.http.wire -  >> "Connection: Keep-Alive[\r][\n]"
08:37:55.440 [main] DEBUG org.apache.http.wire -  >> "User-Agent: Apache-HttpClient/4.5.13 (Java/11.0.12)[\r][\n]"
08:37:55.440 [main] DEBUG org.apache.http.wire -  >> "Accept-Encoding: gzip,deflate[\r][\n]"
08:37:55.440 [main] DEBUG org.apache.http.wire -  >> "[\r][\n]"
08:37:55.440 [main] DEBUG org.apache.http.headers - >> GET /comment/111212 HTTP/1.1
08:37:55.440 [main] DEBUG org.apache.http.headers - >> Authorization: Bearer eyJhbGciOiJIUzI1NiIsInR5cCI6IkpXVCJ9.eyJleHAiOjE2ODc1NjQxOTcsIm5hbWUiOiJLZW5kcmljayIsInJvbGUiOiJVc2VyIiwidXNlcl9pZCI6MTN9.p2Rdg1yWJH_349Z-51pSbx60sUkrEL6hEGPfRb2E0_o
08:37:55.440 [main] DEBUG org.apache.http.headers - >> Accept: */*
08:37:55.440 [main] DEBUG org.apache.http.headers - >> Host: ec2-54-206-29-131.ap-southeast-2.compute.amazonaws.com:8000
08:37:55.440 [main] DEBUG org.apache.http.headers - >> Connection: Keep-Alive
08:37:55.440 [main] DEBUG org.apache.http.headers - >> User-Agent: Apache-HttpClient/4.5.13 (Java/11.0.12)
08:37:55.440 [main] DEBUG org.apache.http.headers - >> Accept-Encoding: gzip,deflate
08:37:55.559 [main] DEBUG org.apache.http.wire -  << "HTTP/1.1 404 Not Found[\r][\n]"
08:37:55.559 [main] DEBUG org.apache.http.wire -  << "Content-Type: application/json; charset=UTF-8[\r][\n]"
08:37:55.559 [main] DEBUG org.apache.http.wire -  << "Vary: Origin[\r][\n]"
08:37:55.559 [main] DEBUG org.apache.http.wire -  << "Vary: Origin[\r][\n]"
08:37:55.559 [main] DEBUG org.apache.http.wire -  << "Date: Fri, 23 Jun 2023 01:37:59 GMT[\r][\n]"
08:37:55.559 [main] DEBUG org.apache.http.wire -  << "Content-Length: 31[\r][\n]"
08:37:55.559 [main] DEBUG org.apache.http.wire -  << "[\r][\n]"
08:37:55.559 [main] DEBUG org.apache.http.impl.conn.DefaultClientConnection - Receiving response: HTTP/1.1 404 Not Found
08:37:55.559 [main] DEBUG org.apache.http.headers - << HTTP/1.1 404 Not Found
08:37:55.559 [main] DEBUG org.apache.http.headers - << Content-Type: application/json; charset=UTF-8
08:37:55.559 [main] DEBUG org.apache.http.headers - << Vary: Origin
08:37:55.559 [main] DEBUG org.apache.http.headers - << Vary: Origin
08:37:55.559 [main] DEBUG org.apache.http.headers - << Date: Fri, 23 Jun 2023 01:37:59 GMT
08:37:55.559 [main] DEBUG org.apache.http.headers - << Content-Length: 31
08:37:55.559 [main] DEBUG org.apache.http.impl.client.DefaultHttpClient - Connection can be kept alive indefinitely
08:37:55.559 [main] DEBUG io.restassured.internal.RestAssuredHttpBuilder - Parsing response as: application/json; charset=UTF-8
08:37:55.559 [main] DEBUG io.restassured.internal.RestAssuredHttpBuilder - Parsed data to instance of: class org.apache.http.conn.EofSensorInputStream
08:37:55.560 [main] DEBUG org.apache.http.wire -  << "{"message":"record not found"}[\n]"
08:37:55.560 [main] DEBUG org.apache.http.impl.conn.BasicClientConnectionManager - Releasing connection org.apache.http.impl.conn.ManagedClientConnectionImpl@8dcc25
08:37:55.560 [main] DEBUG org.apache.http.impl.conn.BasicClientConnectionManager - Connection can be kept alive indefinitely
08:37:55.560 [main] DEBUG net.thucydides.core.steps.StepInterceptor - STEP DONE: I send GET HTTP request comment by id invalid
  &amp#27;[32mWhen &amp#27;[0m&amp#27;[32mI send GET HTTP request comment by id invalid&amp#27;[0m  &amp#27;[90m# starter.stepdefinitions.CommentsSteps.sendGetHttpRequestByIdInvalid()&amp#27;[0m
08:37:55.569 [main] DEBUG net.thucydides.core.steps.StepInterceptor - STARTING STEP: ThreadsSteps.receiveHttpResponseCode404 - I receive valid HTTP response code 404
08:37:55.569 [main] DEBUG net.thucydides.core.steps.StepInterceptor - STEP DONE: I receive valid HTTP response code 404
  &amp#27;[32mThen &amp#27;[0m&amp#27;[32mI receive valid HTTP response code 404&amp#27;[0m         &amp#27;[90m# starter.stepdefinitions.ThreadsSteps.receiveHttpResponseCode404()&amp#27;[0m
08:37:55.571 [main] DEBUG net.thucydides.core.steps.StepInterceptor - STARTING STEP: ThreadsSteps.receiveValidDataForResponseCode404 - I receive valid data for response code 404
08:37:55.572 [main] DEBUG net.thucydides.core.steps.StepInterceptor - STEP DONE: I receive valid data for response code 404
  &amp#27;[32mAnd &amp#27;[0m&amp#27;[32mI receive valid data for response code 404&amp#27;[0m      &amp#27;[90m# starter.stepdefinitions.ThreadsSteps.receiveValidDataForResponseCode404()&amp#27;[0m
08:37:55.573 [main] INFO  - 
  _____   ___   ___   _____     ___     _     ___   ___   ___   ___  
 |_   _| | __| / __| |_   _|   | _ \   /_\   / __| / __| | __| |   \ 
   | |   | _|  \__ \   | |     |  _/  / _ \  \__ \ \__ \ | _|  | |) |
   |_|   |___| |___/   |_|     |_|   /_/ \_\ |___/ |___/ |___| |___/ 

GET As a user I can't get comment by id
----------------------------------------------------------------------
]]></system-out>
  </testcase>
  <testcase name="PUT As a user I can update comment" classname="ManageThread" time="0.273">
    <failure message="1 expectation failed.&#10;Expected status code &lt;200&gt; but was &lt;404&gt;.&#10;" type="java.lang.AssertionError"><![CDATA[java.lang.AssertionError: 
1 expectation failed.
Expected status code <200> but was <404>.

	at java.base/jdk.internal.reflect.NativeConstructorAccessorImpl.newInstance0(Native Method)
	at java.base/jdk.internal.reflect.NativeConstructorAccessorImpl.newInstance(NativeConstructorAccessorImpl.java:62)
	at java.base/jdk.internal.reflect.DelegatingConstructorAccessorImpl.newInstance(DelegatingConstructorAccessorImpl.java:45)
	at java.base/java.lang.reflect.Constructor.newInstance(Constructor.java:490)
	at org.codehaus.groovy.reflection.CachedConstructor.invoke(CachedConstructor.java:73)
	at org.codehaus.groovy.reflection.CachedConstructor.doConstructorInvoke(CachedConstructor.java:60)
	at org.codehaus.groovy.runtime.callsite.ConstructorSite$ConstructorSiteNoUnwrap.callConstructor(ConstructorSite.java:86)
	at org.codehaus.groovy.runtime.callsite.AbstractCallSite.callConstructor(AbstractCallSite.java:277)
	at io.restassured.internal.ResponseSpecificationImpl$HamcrestAssertionClosure.validate(ResponseSpecificationImpl.groovy:512)
	at io.restassured.internal.ResponseSpecificationImpl$HamcrestAssertionClosure$validate$1.call(Unknown Source)
	at io.restassured.internal.ResponseSpecificationImpl.validateResponseIfRequired(ResponseSpecificationImpl.groovy:696)
	at io.restassured.internal.ResponseSpecificationImpl.this$2$validateResponseIfRequired(ResponseSpecificationImpl.groovy)
	at jdk.internal.reflect.GeneratedMethodAccessor93.invoke(Unknown Source)
	at java.base/jdk.internal.reflect.DelegatingMethodAccessorImpl.invoke(DelegatingMethodAccessorImpl.java:43)
	at java.base/java.lang.reflect.Method.invoke(Method.java:566)
	at org.codehaus.groovy.runtime.callsite.PlainObjectMetaMethodSite.doInvoke(PlainObjectMetaMethodSite.java:43)
	at org.codehaus.groovy.runtime.callsite.PogoMetaMethodSite$PogoCachedMethodSiteNoUnwrapNoCoerce.invoke(PogoMetaMethodSite.java:198)
	at org.codehaus.groovy.runtime.callsite.PogoMetaMethodSite.callCurrent(PogoMetaMethodSite.java:62)
	at org.codehaus.groovy.runtime.callsite.AbstractCallSite.callCurrent(AbstractCallSite.java:185)
	at io.restassured.internal.ResponseSpecificationImpl.statusCode(ResponseSpecificationImpl.groovy:135)
	at io.restassured.specification.ResponseSpecification$statusCode$0.callCurrent(Unknown Source)
	at io.restassured.internal.ResponseSpecificationImpl.statusCode(ResponseSpecificationImpl.groovy:143)
	at io.restassured.internal.ValidatableResponseOptionsImpl.statusCode(ValidatableResponseOptionsImpl.java:89)
	at starter.authentication.PostRegister.lambda$validateHttpResponseCode200$0(PostRegister.java:48)
	at net.serenitybdd.rest.SerenityRest.restAssuredThat(SerenityRest.java:626)
	at starter.authentication.PostRegister.validateHttpResponseCode200(PostRegister.java:48)
	at starter.authentication.PostRegister$ByteBuddy$Juxv9Wj7.validateHttpResponseCode200$accessor$H3V1LoWv(Unknown Source)
	at java.base/jdk.internal.reflect.NativeMethodAccessorImpl.invoke0(Native Method)
	at java.base/jdk.internal.reflect.NativeMethodAccessorImpl.invoke(NativeMethodAccessorImpl.java:62)
	at java.base/jdk.internal.reflect.DelegatingMethodAccessorImpl.invoke(DelegatingMethodAccessorImpl.java:43)
	at java.base/java.lang.reflect.Method.invoke(Method.java:566)
	at net.thucydides.core.steps.StepInterceptor.invokeMethod(StepInterceptor.java:503)
	at net.thucydides.core.steps.StepInterceptor.executeTestStepMethod(StepInterceptor.java:483)
	at net.thucydides.core.steps.StepInterceptor.runTestStep(StepInterceptor.java:457)
	at net.thucydides.core.steps.StepInterceptor.runOrSkipMethod(StepInterceptor.java:209)
	at net.thucydides.core.steps.StepInterceptor.testStepResult(StepInterceptor.java:196)
	at net.thucydides.core.steps.StepInterceptor.intercept(StepInterceptor.java:84)
	at net.thucydides.core.steps.ProxyConfiguration$InterceptorDispatcher.intercept(ProxyConfiguration.java:51)
	at starter.authentication.PostRegister$ByteBuddy$Juxv9Wj7.validateHttpResponseCode200(Unknown Source)
	at starter.stepdefinitions.AuthUserSteps.receiveValidHttpResponseCode200(AuthUserSteps.java:35)
	at ✽.I receive valid HTTP response code 200(file:///C:/Users/Nafal%20Adi%20SL/Documents/GitHub/Capstone-QE/test-automation-API/src/test/resources/api/ManageThread.feature:205)
]]></failure>
    <system-out><![CDATA[
@Thread @T27
Scenario: PUT As a user I can update comment     &amp#27;[90m# src/test/resources/api/ManageThread.feature:202&amp#27;[0m
08:37:55.579 [main] INFO io.cucumber.core.plugin.SerenityReporter - Running feature from file:///C:/Users/Nafal%20Adi%20SL/Documents/GitHub/Capstone-QE/test-automation-API/src/test/resources/api/ManageThread.feature
08:37:55.579 [main] WARN io.cucumber.core.plugin.SerenityReporter - Feature from file:///C:/Users/Nafal%20Adi%20SL/Documents/GitHub/Capstone-QE/test-automation-API/src/test/resources/api/ManageThread.feature is not under the 'features' directory. Requirements report will not be correctly generated!
08:37:55.580 [main] INFO  - 
  _____   ___   ___   _____     ___   _____     _     ___   _____   ___   ___  
 |_   _| | __| / __| |_   _|   / __| |_   _|   /_\   | _ \ |_   _| | __| |   \ 
   | |   | _|  \__ \   | |     \__ \   | |    / _ \  |   /   | |   | _|  | |) |
   |_|   |___| |___/   |_|     |___/   |_|   /_/ \_\ |_|_\   |_|   |___| |___/ 

PUT As a user I can update comment(managethread;put-as-a-user-i-can-update-comment)
--------------------------------------------------------------------------------
08:37:55.586 [main] DEBUG net.thucydides.core.steps.StepInterceptor - STARTING STEP: CommentsSteps.setPutApiEndpointsUpdateComment - I set PUT api endpoints update comment
08:37:55.587 [main] DEBUG net.thucydides.core.steps.StepInterceptor - STEP DONE: I set PUT api endpoints update comment
  &amp#27;[32mGiven &amp#27;[0m&amp#27;[32mI set PUT api endpoints update comment&amp#27;[0m   &amp#27;[90m# starter.stepdefinitions.CommentsSteps.setPutApiEndpointsUpdateComment()&amp#27;[0m
08:37:55.588 [main] DEBUG net.thucydides.core.steps.StepInterceptor - STARTING STEP: CommentsSteps.sendPutHttpRequestUpdateComment - I send PUT HTTP request update comment
08:37:55.592 [main] DEBUG net.thucydides.core.steps.StepInterceptor - STARTING STEP: PutComments.sendPutHttpRequestUpdateComment - I set PUT api endpoints update comment
08:37:55.592 [main] DEBUG net.thucydides.core.steps.StepInterceptor - STEP DONE: I set PUT api endpoints update comment
08:37:55.597 [main] DEBUG org.apache.http.impl.conn.BasicClientConnectionManager - Get connection for route {}->http://ec2-54-206-29-131.ap-southeast-2.compute.amazonaws.com:8000
08:37:55.597 [main] DEBUG org.apache.http.impl.conn.DefaultClientConnectionOperator - Connecting to ec2-54-206-29-131.ap-southeast-2.compute.amazonaws.com:8000
08:37:55.713 [main] DEBUG org.apache.http.client.protocol.RequestAddCookies - CookieSpec selected: ignoreCookies
08:37:55.713 [main] DEBUG org.apache.http.client.protocol.RequestAuthCache - Auth cache not set in the context
08:37:55.713 [main] DEBUG org.apache.http.client.protocol.RequestProxyAuthentication - Proxy auth state: UNCHALLENGED
08:37:55.713 [main] DEBUG org.apache.http.impl.client.DefaultHttpClient - Attempt 1 to execute request
08:37:55.713 [main] DEBUG org.apache.http.impl.conn.DefaultClientConnection - Sending request: POST /comment/6 HTTP/1.1
08:37:55.713 [main] DEBUG org.apache.http.wire -  >> "POST /comment/6 HTTP/1.1[\r][\n]"
08:37:55.713 [main] DEBUG org.apache.http.wire -  >> "Authorization: Bearer eyJhbGciOiJIUzI1NiIsInR5cCI6IkpXVCJ9.eyJleHAiOjE2ODc1NjQxOTcsIm5hbWUiOiJLZW5kcmljayIsInJvbGUiOiJVc2VyIiwidXNlcl9pZCI6MTN9.p2Rdg1yWJH_349Z-51pSbx60sUkrEL6hEGPfRb2E0_o[\r][\n]"
08:37:55.713 [main] DEBUG org.apache.http.wire -  >> "Accept: */*[\r][\n]"
08:37:55.713 [main] DEBUG org.apache.http.wire -  >> "Content-Type: application/json[\r][\n]"
08:37:55.713 [main] DEBUG org.apache.http.wire -  >> "Content-Length: 162[\r][\n]"
08:37:55.713 [main] DEBUG org.apache.http.wire -  >> "Host: ec2-54-206-29-131.ap-southeast-2.compute.amazonaws.com:8000[\r][\n]"
08:37:55.713 [main] DEBUG org.apache.http.wire -  >> "Connection: Keep-Alive[\r][\n]"
08:37:55.713 [main] DEBUG org.apache.http.wire -  >> "User-Agent: Apache-HttpClient/4.5.13 (Java/11.0.12)[\r][\n]"
08:37:55.713 [main] DEBUG org.apache.http.wire -  >> "Accept-Encoding: gzip,deflate[\r][\n]"
08:37:55.713 [main] DEBUG org.apache.http.wire -  >> "[\r][\n]"
08:37:55.713 [main] DEBUG org.apache.http.headers - >> POST /comment/6 HTTP/1.1
08:37:55.713 [main] DEBUG org.apache.http.headers - >> Authorization: Bearer eyJhbGciOiJIUzI1NiIsInR5cCI6IkpXVCJ9.eyJleHAiOjE2ODc1NjQxOTcsIm5hbWUiOiJLZW5kcmljayIsInJvbGUiOiJVc2VyIiwidXNlcl9pZCI6MTN9.p2Rdg1yWJH_349Z-51pSbx60sUkrEL6hEGPfRb2E0_o
08:37:55.713 [main] DEBUG org.apache.http.headers - >> Accept: */*
08:37:55.713 [main] DEBUG org.apache.http.headers - >> Content-Type: application/json
08:37:55.713 [main] DEBUG org.apache.http.headers - >> Content-Length: 162
08:37:55.713 [main] DEBUG org.apache.http.headers - >> Host: ec2-54-206-29-131.ap-southeast-2.compute.amazonaws.com:8000
08:37:55.713 [main] DEBUG org.apache.http.headers - >> Connection: Keep-Alive
08:37:55.713 [main] DEBUG org.apache.http.headers - >> User-Agent: Apache-HttpClient/4.5.13 (Java/11.0.12)
08:37:55.713 [main] DEBUG org.apache.http.headers - >> Accept-Encoding: gzip,deflate
08:37:55.713 [main] DEBUG org.apache.http.wire -  >> "{"thread_id":11,"comment":"Atque ut tenetur ut facere aliquam dignissimos. Quisquam omnis ut recusandae. Vero totam iusto magni omnis distinctio enim similique."}"
08:37:55.829 [main] DEBUG org.apache.http.wire -  << "HTTP/1.1 404 Not Found[\r][\n]"
08:37:55.830 [main] DEBUG org.apache.http.wire -  << "Content-Type: application/json; charset=UTF-8[\r][\n]"
08:37:55.830 [main] DEBUG org.apache.http.wire -  << "Vary: Origin[\r][\n]"
08:37:55.830 [main] DEBUG org.apache.http.wire -  << "Vary: Origin[\r][\n]"
08:37:55.830 [main] DEBUG org.apache.http.wire -  << "Date: Fri, 23 Jun 2023 01:38:00 GMT[\r][\n]"
08:37:55.830 [main] DEBUG org.apache.http.wire -  << "Content-Length: 24[\r][\n]"
08:37:55.830 [main] DEBUG org.apache.http.wire -  << "[\r][\n]"
08:37:55.830 [main] DEBUG org.apache.http.impl.conn.DefaultClientConnection - Receiving response: HTTP/1.1 404 Not Found
08:37:55.830 [main] DEBUG org.apache.http.headers - << HTTP/1.1 404 Not Found
08:37:55.830 [main] DEBUG org.apache.http.headers - << Content-Type: application/json; charset=UTF-8
08:37:55.830 [main] DEBUG org.apache.http.headers - << Vary: Origin
08:37:55.830 [main] DEBUG org.apache.http.headers - << Vary: Origin
08:37:55.830 [main] DEBUG org.apache.http.headers - << Date: Fri, 23 Jun 2023 01:38:00 GMT
08:37:55.830 [main] DEBUG org.apache.http.headers - << Content-Length: 24
08:37:55.830 [main] DEBUG org.apache.http.impl.client.DefaultHttpClient - Connection can be kept alive indefinitely
08:37:55.830 [main] DEBUG io.restassured.internal.RestAssuredHttpBuilder - Parsing response as: application/json; charset=UTF-8
08:37:55.830 [main] DEBUG io.restassured.internal.RestAssuredHttpBuilder - Parsed data to instance of: class org.apache.http.conn.EofSensorInputStream
08:37:55.830 [main] DEBUG org.apache.http.wire -  << "{"message":"Not Found"}[\n]"
08:37:55.830 [main] DEBUG org.apache.http.impl.conn.BasicClientConnectionManager - Releasing connection org.apache.http.impl.conn.ManagedClientConnectionImpl@5a7e2f07
08:37:55.830 [main] DEBUG org.apache.http.impl.conn.BasicClientConnectionManager - Connection can be kept alive indefinitely
08:37:55.831 [main] DEBUG net.thucydides.core.steps.StepInterceptor - STEP DONE: I send PUT HTTP request update comment
  &amp#27;[32mWhen &amp#27;[0m&amp#27;[32mI send PUT HTTP request update comment&amp#27;[0m    &amp#27;[90m# starter.stepdefinitions.CommentsSteps.sendPutHttpRequestUpdateComment()&amp#27;[0m
08:37:55.837 [main] DEBUG net.thucydides.core.steps.StepInterceptor - STARTING STEP: AuthUserSteps.receiveValidHttpResponseCode200 - I receive valid HTTP response code 200
  &amp#27;[31mThen &amp#27;[0m&amp#27;[31mI receive valid HTTP response code 200&amp#27;[0m    &amp#27;[90m# starter.stepdefinitions.AuthUserSteps.receiveValidHttpResponseCode200()&amp#27;[0m
      &amp#27;[31mjava.lang.AssertionError: 1 expectation failed.
Expected status code <200> but was <404>.

	at java.base/jdk.internal.reflect.NativeConstructorAccessorImpl.newInstance0(Native Method)
	at java.base/jdk.internal.reflect.NativeConstructorAccessorImpl.newInstance(NativeConstructorAccessorImpl.java:62)
	at java.base/jdk.internal.reflect.DelegatingConstructorAccessorImpl.newInstance(DelegatingConstructorAccessorImpl.java:45)
	at java.base/java.lang.reflect.Constructor.newInstance(Constructor.java:490)
	at org.codehaus.groovy.reflection.CachedConstructor.invoke(CachedConstructor.java:73)
	at org.codehaus.groovy.reflection.CachedConstructor.doConstructorInvoke(CachedConstructor.java:60)
	at org.codehaus.groovy.runtime.callsite.ConstructorSite$ConstructorSiteNoUnwrap.callConstructor(ConstructorSite.java:86)
	at org.codehaus.groovy.runtime.callsite.AbstractCallSite.callConstructor(AbstractCallSite.java:277)
	at io.restassured.internal.ResponseSpecificationImpl$HamcrestAssertionClosure.validate(ResponseSpecificationImpl.groovy:512)
	at io.restassured.internal.ResponseSpecificationImpl$HamcrestAssertionClosure$validate$1.call(Unknown Source)
	at io.restassured.internal.ResponseSpecificationImpl.validateResponseIfRequired(ResponseSpecificationImpl.groovy:696)
	at io.restassured.internal.ResponseSpecificationImpl.this$2$validateResponseIfRequired(ResponseSpecificationImpl.groovy)
	at jdk.internal.reflect.GeneratedMethodAccessor93.invoke(Unknown Source)
	at java.base/jdk.internal.reflect.DelegatingMethodAccessorImpl.invoke(DelegatingMethodAccessorImpl.java:43)
	at java.base/java.lang.reflect.Method.invoke(Method.java:566)
	at org.codehaus.groovy.runtime.callsite.PlainObjectMetaMethodSite.doInvoke(PlainObjectMetaMethodSite.java:43)
	at org.codehaus.groovy.runtime.callsite.PogoMetaMethodSite$PogoCachedMethodSiteNoUnwrapNoCoerce.invoke(PogoMetaMethodSite.java:198)
	at org.codehaus.groovy.runtime.callsite.PogoMetaMethodSite.callCurrent(PogoMetaMethodSite.java:62)
	at org.codehaus.groovy.runtime.callsite.AbstractCallSite.callCurrent(AbstractCallSite.java:185)
	at io.restassured.internal.ResponseSpecificationImpl.statusCode(ResponseSpecificationImpl.groovy:135)
	at io.restassured.specification.ResponseSpecification$statusCode$0.callCurrent(Unknown Source)
	at io.restassured.internal.ResponseSpecificationImpl.statusCode(ResponseSpecificationImpl.groovy:143)
	at io.restassured.internal.ValidatableResponseOptionsImpl.statusCode(ValidatableResponseOptionsImpl.java:89)
	at starter.authentication.PostRegister.lambda$validateHttpResponseCode200$0(PostRegister.java:48)
	at net.serenitybdd.rest.SerenityRest.restAssuredThat(SerenityRest.java:626)
	at starter.authentication.PostRegister.validateHttpResponseCode200(PostRegister.java:48)
	at starter.authentication.PostRegister$ByteBuddy$Juxv9Wj7.validateHttpResponseCode200$accessor$H3V1LoWv(Unknown Source)
	at java.base/jdk.internal.reflect.NativeMethodAccessorImpl.invoke0(Native Method)
	at java.base/jdk.internal.reflect.NativeMethodAccessorImpl.invoke(NativeMethodAccessorImpl.java:62)
	at java.base/jdk.internal.reflect.DelegatingMethodAccessorImpl.invoke(DelegatingMethodAccessorImpl.java:43)
	at java.base/java.lang.reflect.Method.invoke(Method.java:566)
	at net.thucydides.core.steps.StepInterceptor.invokeMethod(StepInterceptor.java:503)
	at net.thucydides.core.steps.StepInterceptor.executeTestStepMethod(StepInterceptor.java:483)
	at net.thucydides.core.steps.StepInterceptor.runTestStep(StepInterceptor.java:457)
	at net.thucydides.core.steps.StepInterceptor.runOrSkipMethod(StepInterceptor.java:209)
	at net.thucydides.core.steps.StepInterceptor.testStepResult(StepInterceptor.java:196)
	at net.thucydides.core.steps.StepInterceptor.intercept(StepInterceptor.java:84)
	at net.thucydides.core.steps.ProxyConfiguration$InterceptorDispatcher.intercept(ProxyConfiguration.java:51)
	at starter.authentication.PostRegister$ByteBuddy$Juxv9Wj7.validateHttpResponseCode200(Unknown Source)
	at starter.stepdefinitions.AuthUserSteps.receiveValidHttpResponseCode200(AuthUserSteps.java:35)
	at âœ½.I receive valid HTTP response code 200(file:///C:/Users/Nafal%20Adi%20SL/Documents/GitHub/Capstone-QE/test-automation-API/src/test/resources/api/ManageThread.feature:205)
&amp#27;[0m
  &amp#27;[36mAnd &amp#27;[0m&amp#27;[36mI receive valid data for response code 200&amp#27;[0m &amp#27;[90m# starter.stepdefinitions.AuthUserSteps.receiveValidDataForResponseCode200()&amp#27;[0m
08:37:55.845 [main] ERROR  - 
  _____   ___   ___   _____     ___     _     ___   _      ___   ___  
 |_   _| | __| / __| |_   _|   | __|   /_\   |_ _| | |    | __| |   \ 
   | |   | _|  \__ \   | |     | _|   / _ \   | |  | |__  | _|  | |) |
   |_|   |___| |___/   |_|     |_|   /_/ \_\ |___| |____| |___| |___/ 

PUT As a user I can update comment
-----------------------------------------------------------------------
08:37:55.845 [main] DEBUG  - RELATED ISSUES: 
08:37:55.845 [main] ERROR  -     Test failed at step: I receive valid HTTP response code 200
08:37:55.845 [main] ERROR  -     1 expectation failed.Expected status code <200> but was <404>.
]]></system-out>
  </testcase>
  <testcase name="PUT As a user I can&apos;t update comment" classname="ManageThread" time="0.269">
    <system-out><![CDATA[
@Thread @T28
Scenario: PUT As a user I can't update comment         &amp#27;[90m# src/test/resources/api/ManageThread.feature:209&amp#27;[0m
08:37:55.851 [main] INFO io.cucumber.core.plugin.SerenityReporter - Running feature from file:///C:/Users/Nafal%20Adi%20SL/Documents/GitHub/Capstone-QE/test-automation-API/src/test/resources/api/ManageThread.feature
08:37:55.851 [main] WARN io.cucumber.core.plugin.SerenityReporter - Feature from file:///C:/Users/Nafal%20Adi%20SL/Documents/GitHub/Capstone-QE/test-automation-API/src/test/resources/api/ManageThread.feature is not under the 'features' directory. Requirements report will not be correctly generated!
08:37:55.852 [main] INFO  - 
  _____   ___   ___   _____     ___   _____     _     ___   _____   ___   ___  
 |_   _| | __| / __| |_   _|   / __| |_   _|   /_\   | _ \ |_   _| | __| |   \ 
   | |   | _|  \__ \   | |     \__ \   | |    / _ \  |   /   | |   | _|  | |) |
   |_|   |___| |___/   |_|     |___/   |_|   /_/ \_\ |_|_\   |_|   |___| |___/ 

PUT As a user I can't update comment(managethread;put-as-a-user-i-can-t-update-comment)
--------------------------------------------------------------------------------
08:37:55.858 [main] DEBUG net.thucydides.core.steps.StepInterceptor - STARTING STEP: CommentsSteps.setPutApiEndpointsUpdateCommentInvalid - I set PUT api endpoints update comment invalid
08:37:55.858 [main] DEBUG net.thucydides.core.steps.StepInterceptor - STEP DONE: I set PUT api endpoints update comment invalid
  &amp#27;[32mGiven &amp#27;[0m&amp#27;[32mI set PUT api endpoints update comment invalid&amp#27;[0m &amp#27;[90m# starter.stepdefinitions.CommentsSteps.setPutApiEndpointsUpdateCommentInvalid()&amp#27;[0m
08:37:55.859 [main] DEBUG net.thucydides.core.steps.StepInterceptor - STARTING STEP: CommentsSteps.sendPutHttpRequestUpdateCommentInvalid - I send PUT HTTP request update comment invalid
08:37:55.862 [main] DEBUG net.thucydides.core.steps.StepInterceptor - STARTING STEP: PutComments.sendPutHttpRequestUpdateCommentInvalid - I set PUT api endpoints update comment invalid
08:37:55.862 [main] DEBUG net.thucydides.core.steps.StepInterceptor - STEP DONE: I set PUT api endpoints update comment invalid
08:37:55.866 [main] DEBUG org.apache.http.impl.conn.BasicClientConnectionManager - Get connection for route {}->http://ec2-54-206-29-131.ap-southeast-2.compute.amazonaws.com:8000
08:37:55.866 [main] DEBUG org.apache.http.impl.conn.DefaultClientConnectionOperator - Connecting to ec2-54-206-29-131.ap-southeast-2.compute.amazonaws.com:8000
08:37:55.984 [main] DEBUG org.apache.http.client.protocol.RequestAddCookies - CookieSpec selected: ignoreCookies
08:37:55.984 [main] DEBUG org.apache.http.client.protocol.RequestAuthCache - Auth cache not set in the context
08:37:55.984 [main] DEBUG org.apache.http.client.protocol.RequestProxyAuthentication - Proxy auth state: UNCHALLENGED
08:37:55.984 [main] DEBUG org.apache.http.impl.client.DefaultHttpClient - Attempt 1 to execute request
08:37:55.984 [main] DEBUG org.apache.http.impl.conn.DefaultClientConnection - Sending request: POST /comment HTTP/1.1
08:37:55.984 [main] DEBUG org.apache.http.wire -  >> "POST /comment HTTP/1.1[\r][\n]"
08:37:55.984 [main] DEBUG org.apache.http.wire -  >> "Authorization: Bearer eyJhbGciOiJIUzI1NiIsInR5cCI6IkpXVCJ9.eyJleHAiOjE2ODc1NjQxOTcsIm5hbWUiOiJLZW5kcmljayIsInJvbGUiOiJVc2VyIiwidXNlcl9pZCI6MTN9.p2Rdg1yWJH_349Z-51pSbx60sUkrEL6hEGPfRb2E0_o[\r][\n]"
08:37:55.984 [main] DEBUG org.apache.http.wire -  >> "Accept: */*[\r][\n]"
08:37:55.984 [main] DEBUG org.apache.http.wire -  >> "Content-Type: application/json[\r][\n]"
08:37:55.984 [main] DEBUG org.apache.http.wire -  >> "Content-Length: 127[\r][\n]"
08:37:55.984 [main] DEBUG org.apache.http.wire -  >> "Host: ec2-54-206-29-131.ap-southeast-2.compute.amazonaws.com:8000[\r][\n]"
08:37:55.984 [main] DEBUG org.apache.http.wire -  >> "Connection: Keep-Alive[\r][\n]"
08:37:55.984 [main] DEBUG org.apache.http.wire -  >> "User-Agent: Apache-HttpClient/4.5.13 (Java/11.0.12)[\r][\n]"
08:37:55.985 [main] DEBUG org.apache.http.wire -  >> "Accept-Encoding: gzip,deflate[\r][\n]"
08:37:55.985 [main] DEBUG org.apache.http.wire -  >> "[\r][\n]"
08:37:55.985 [main] DEBUG org.apache.http.headers - >> POST /comment HTTP/1.1
08:37:55.985 [main] DEBUG org.apache.http.headers - >> Authorization: Bearer eyJhbGciOiJIUzI1NiIsInR5cCI6IkpXVCJ9.eyJleHAiOjE2ODc1NjQxOTcsIm5hbWUiOiJLZW5kcmljayIsInJvbGUiOiJVc2VyIiwidXNlcl9pZCI6MTN9.p2Rdg1yWJH_349Z-51pSbx60sUkrEL6hEGPfRb2E0_o
08:37:55.985 [main] DEBUG org.apache.http.headers - >> Accept: */*
08:37:55.985 [main] DEBUG org.apache.http.headers - >> Content-Type: application/json
08:37:55.985 [main] DEBUG org.apache.http.headers - >> Content-Length: 127
08:37:55.985 [main] DEBUG org.apache.http.headers - >> Host: ec2-54-206-29-131.ap-southeast-2.compute.amazonaws.com:8000
08:37:55.985 [main] DEBUG org.apache.http.headers - >> Connection: Keep-Alive
08:37:55.985 [main] DEBUG org.apache.http.headers - >> User-Agent: Apache-HttpClient/4.5.13 (Java/11.0.12)
08:37:55.985 [main] DEBUG org.apache.http.headers - >> Accept-Encoding: gzip,deflate
08:37:55.985 [main] DEBUG org.apache.http.wire -  >> "{"thread_id":1,"comment":"Qui molestias numquam consequatur nostrum ea. Dolorem id esse nostrum nemo. Pariatur earum non qui."}"
08:37:56.105 [main] DEBUG org.apache.http.wire -  << "HTTP/1.1 500 Internal Server Error[\r][\n]"
08:37:56.105 [main] DEBUG org.apache.http.wire -  << "Content-Type: application/json; charset=UTF-8[\r][\n]"
08:37:56.105 [main] DEBUG org.apache.http.wire -  << "Vary: Origin[\r][\n]"
08:37:56.105 [main] DEBUG org.apache.http.wire -  << "Vary: Origin[\r][\n]"
08:37:56.105 [main] DEBUG org.apache.http.wire -  << "Date: Fri, 23 Jun 2023 01:38:00 GMT[\r][\n]"
08:37:56.105 [main] DEBUG org.apache.http.wire -  << "Content-Length: 211[\r][\n]"
08:37:56.105 [main] DEBUG org.apache.http.wire -  << "[\r][\n]"
08:37:56.105 [main] DEBUG org.apache.http.impl.conn.DefaultClientConnection - Receiving response: HTTP/1.1 500 Internal Server Error
08:37:56.105 [main] DEBUG org.apache.http.headers - << HTTP/1.1 500 Internal Server Error
08:37:56.105 [main] DEBUG org.apache.http.headers - << Content-Type: application/json; charset=UTF-8
08:37:56.105 [main] DEBUG org.apache.http.headers - << Vary: Origin
08:37:56.105 [main] DEBUG org.apache.http.headers - << Vary: Origin
08:37:56.105 [main] DEBUG org.apache.http.headers - << Date: Fri, 23 Jun 2023 01:38:00 GMT
08:37:56.105 [main] DEBUG org.apache.http.headers - << Content-Length: 211
08:37:56.105 [main] DEBUG org.apache.http.impl.client.DefaultHttpClient - Connection can be kept alive indefinitely
08:37:56.105 [main] DEBUG io.restassured.internal.RestAssuredHttpBuilder - Parsing response as: application/json; charset=UTF-8
08:37:56.105 [main] DEBUG io.restassured.internal.RestAssuredHttpBuilder - Parsed data to instance of: class org.apache.http.conn.EofSensorInputStream
08:37:56.105 [main] DEBUG org.apache.http.wire -  << "{"message":"Error 1452 (23000): Cannot add or update a child row: a foreign key constraint fails (`capstone`.`comments`, CONSTRAINT `fk_threads_comments` FOREIGN KEY (`thread_id`) REFERENCES `threads` (`id`))"}[\n]"
08:37:56.106 [main] DEBUG org.apache.http.impl.conn.BasicClientConnectionManager - Releasing connection org.apache.http.impl.conn.ManagedClientConnectionImpl@4f3f8115
08:37:56.106 [main] DEBUG org.apache.http.impl.conn.BasicClientConnectionManager - Connection can be kept alive indefinitely
08:37:56.106 [main] DEBUG net.thucydides.core.steps.StepInterceptor - STEP DONE: I send PUT HTTP request update comment invalid
  &amp#27;[32mWhen &amp#27;[0m&amp#27;[32mI send PUT HTTP request update comment invalid&amp#27;[0m  &amp#27;[90m# starter.stepdefinitions.CommentsSteps.sendPutHttpRequestUpdateCommentInvalid()&amp#27;[0m
08:37:56.113 [main] DEBUG net.thucydides.core.steps.StepInterceptor - STARTING STEP: AuthUserSteps.receiveValidHttpResponseCode500 - I receive valid HTTP response code 500
08:37:56.113 [main] DEBUG net.thucydides.core.steps.StepInterceptor - STEP DONE: I receive valid HTTP response code 500
  &amp#27;[32mThen &amp#27;[0m&amp#27;[32mI receive valid HTTP response code 500&amp#27;[0m          &amp#27;[90m# starter.stepdefinitions.AuthUserSteps.receiveValidHttpResponseCode500()&amp#27;[0m
08:37:56.114 [main] DEBUG net.thucydides.core.steps.StepInterceptor - STARTING STEP: AuthUserSteps.receiveValidDataForResponseCode500 - I receive valid data for response code 500
08:37:56.115 [main] DEBUG net.thucydides.core.steps.StepInterceptor - STEP DONE: I receive valid data for response code 500
  &amp#27;[32mAnd &amp#27;[0m&amp#27;[32mI receive valid data for response code 500&amp#27;[0m       &amp#27;[90m# starter.stepdefinitions.AuthUserSteps.receiveValidDataForResponseCode500()&amp#27;[0m
08:37:56.115 [main] INFO  - 
  _____   ___   ___   _____     ___     _     ___   ___   ___   ___  
 |_   _| | __| / __| |_   _|   | _ \   /_\   / __| / __| | __| |   \ 
   | |   | _|  \__ \   | |     |  _/  / _ \  \__ \ \__ \ | _|  | |) |
   |_|   |___| |___/   |_|     |_|   /_/ \_\ |___/ |___/ |___| |___/ 

PUT As a user I can't update comment
----------------------------------------------------------------------
]]></system-out>
  </testcase>
  <testcase name="DELETE As a user I can delete comment by id" classname="ManageThread" time="0.265">
    <system-out><![CDATA[
@Thread @T29
Scenario: DELETE As a user I can delete comment by id &amp#27;[90m# src/test/resources/api/ManageThread.feature:217&amp#27;[0m
08:37:56.121 [main] INFO io.cucumber.core.plugin.SerenityReporter - Running feature from file:///C:/Users/Nafal%20Adi%20SL/Documents/GitHub/Capstone-QE/test-automation-API/src/test/resources/api/ManageThread.feature
08:37:56.121 [main] WARN io.cucumber.core.plugin.SerenityReporter - Feature from file:///C:/Users/Nafal%20Adi%20SL/Documents/GitHub/Capstone-QE/test-automation-API/src/test/resources/api/ManageThread.feature is not under the 'features' directory. Requirements report will not be correctly generated!
08:37:56.122 [main] INFO  - 
  _____   ___   ___   _____     ___   _____     _     ___   _____   ___   ___  
 |_   _| | __| / __| |_   _|   / __| |_   _|   /_\   | _ \ |_   _| | __| |   \ 
   | |   | _|  \__ \   | |     \__ \   | |    / _ \  |   /   | |   | _|  | |) |
   |_|   |___| |___/   |_|     |___/   |_|   /_/ \_\ |_|_\   |_|   |___| |___/ 

DELETE As a user I can delete comment by id(managethread;delete-as-a-user-i-can-delete-comment-by-id)
--------------------------------------------------------------------------------
08:37:56.129 [main] DEBUG net.thucydides.core.steps.StepInterceptor - STARTING STEP: CommentsSteps.setDeleteApiEndpoints - I set DELETE api endpoints delete comment
08:37:56.129 [main] DEBUG net.thucydides.core.steps.StepInterceptor - STEP DONE: I set DELETE api endpoints delete comment
  &amp#27;[32mGiven &amp#27;[0m&amp#27;[32mI set DELETE api endpoints delete comment&amp#27;[0m     &amp#27;[90m# starter.stepdefinitions.CommentsSteps.setDeleteApiEndpoints()&amp#27;[0m
08:37:56.130 [main] DEBUG net.thucydides.core.steps.StepInterceptor - STARTING STEP: CommentsSteps.sendDeleteApiEndpoints - I send DELETE HTTP request delete comment
08:37:56.131 [main] DEBUG net.thucydides.core.steps.StepInterceptor - STARTING STEP: DeleteComments.sendDeleteHttpRequest - I set DELETE api endpoints delete comment
08:37:56.131 [main] DEBUG net.thucydides.core.steps.StepInterceptor - STEP DONE: I set DELETE api endpoints delete comment
08:37:56.134 [main] DEBUG org.apache.http.impl.conn.BasicClientConnectionManager - Get connection for route {}->http://ec2-54-206-29-131.ap-southeast-2.compute.amazonaws.com:8000
08:37:56.134 [main] DEBUG org.apache.http.impl.conn.DefaultClientConnectionOperator - Connecting to ec2-54-206-29-131.ap-southeast-2.compute.amazonaws.com:8000
08:37:56.250 [main] DEBUG org.apache.http.client.protocol.RequestAddCookies - CookieSpec selected: ignoreCookies
08:37:56.250 [main] DEBUG org.apache.http.client.protocol.RequestAuthCache - Auth cache not set in the context
08:37:56.250 [main] DEBUG org.apache.http.client.protocol.RequestProxyAuthentication - Proxy auth state: UNCHALLENGED
08:37:56.250 [main] DEBUG org.apache.http.impl.client.DefaultHttpClient - Attempt 1 to execute request
08:37:56.250 [main] DEBUG org.apache.http.impl.conn.DefaultClientConnection - Sending request: DELETE /comment/14 HTTP/1.1
08:37:56.250 [main] DEBUG org.apache.http.wire -  >> "DELETE /comment/14 HTTP/1.1[\r][\n]"
08:37:56.250 [main] DEBUG org.apache.http.wire -  >> "Authorization: Bearer eyJhbGciOiJIUzI1NiIsInR5cCI6IkpXVCJ9.eyJleHAiOjE2ODc1NjQxOTcsIm5hbWUiOiJLZW5kcmljayIsInJvbGUiOiJVc2VyIiwidXNlcl9pZCI6MTN9.p2Rdg1yWJH_349Z-51pSbx60sUkrEL6hEGPfRb2E0_o[\r][\n]"
08:37:56.250 [main] DEBUG org.apache.http.wire -  >> "Accept: */*[\r][\n]"
08:37:56.250 [main] DEBUG org.apache.http.wire -  >> "Host: ec2-54-206-29-131.ap-southeast-2.compute.amazonaws.com:8000[\r][\n]"
08:37:56.250 [main] DEBUG org.apache.http.wire -  >> "Connection: Keep-Alive[\r][\n]"
08:37:56.250 [main] DEBUG org.apache.http.wire -  >> "User-Agent: Apache-HttpClient/4.5.13 (Java/11.0.12)[\r][\n]"
08:37:56.251 [main] DEBUG org.apache.http.wire -  >> "Accept-Encoding: gzip,deflate[\r][\n]"
08:37:56.251 [main] DEBUG org.apache.http.wire -  >> "[\r][\n]"
08:37:56.251 [main] DEBUG org.apache.http.headers - >> DELETE /comment/14 HTTP/1.1
08:37:56.251 [main] DEBUG org.apache.http.headers - >> Authorization: Bearer eyJhbGciOiJIUzI1NiIsInR5cCI6IkpXVCJ9.eyJleHAiOjE2ODc1NjQxOTcsIm5hbWUiOiJLZW5kcmljayIsInJvbGUiOiJVc2VyIiwidXNlcl9pZCI6MTN9.p2Rdg1yWJH_349Z-51pSbx60sUkrEL6hEGPfRb2E0_o
08:37:56.251 [main] DEBUG org.apache.http.headers - >> Accept: */*
08:37:56.251 [main] DEBUG org.apache.http.headers - >> Host: ec2-54-206-29-131.ap-southeast-2.compute.amazonaws.com:8000
08:37:56.251 [main] DEBUG org.apache.http.headers - >> Connection: Keep-Alive
08:37:56.251 [main] DEBUG org.apache.http.headers - >> User-Agent: Apache-HttpClient/4.5.13 (Java/11.0.12)
08:37:56.251 [main] DEBUG org.apache.http.headers - >> Accept-Encoding: gzip,deflate
08:37:56.369 [main] DEBUG org.apache.http.wire -  << "HTTP/1.1 200 OK[\r][\n]"
08:37:56.369 [main] DEBUG org.apache.http.wire -  << "Content-Type: application/json; charset=UTF-8[\r][\n]"
08:37:56.369 [main] DEBUG org.apache.http.wire -  << "Vary: Origin[\r][\n]"
08:37:56.369 [main] DEBUG org.apache.http.wire -  << "Vary: Origin[\r][\n]"
08:37:56.369 [main] DEBUG org.apache.http.wire -  << "Date: Fri, 23 Jun 2023 01:38:00 GMT[\r][\n]"
08:37:56.369 [main] DEBUG org.apache.http.wire -  << "Content-Length: 44[\r][\n]"
08:37:56.369 [main] DEBUG org.apache.http.wire -  << "[\r][\n]"
08:37:56.369 [main] DEBUG org.apache.http.impl.conn.DefaultClientConnection - Receiving response: HTTP/1.1 200 OK
08:37:56.369 [main] DEBUG org.apache.http.headers - << HTTP/1.1 200 OK
08:37:56.369 [main] DEBUG org.apache.http.headers - << Content-Type: application/json; charset=UTF-8
08:37:56.369 [main] DEBUG org.apache.http.headers - << Vary: Origin
08:37:56.369 [main] DEBUG org.apache.http.headers - << Vary: Origin
08:37:56.369 [main] DEBUG org.apache.http.headers - << Date: Fri, 23 Jun 2023 01:38:00 GMT
08:37:56.369 [main] DEBUG org.apache.http.headers - << Content-Length: 44
08:37:56.370 [main] DEBUG org.apache.http.impl.client.DefaultHttpClient - Connection can be kept alive indefinitely
08:37:56.370 [main] DEBUG io.restassured.internal.RestAssuredHttpBuilder - Parsing response as: application/json; charset=UTF-8
08:37:56.370 [main] DEBUG io.restassured.internal.RestAssuredHttpBuilder - Parsed data to instance of: class org.apache.http.conn.EofSensorInputStream
08:37:56.371 [main] DEBUG org.apache.http.wire -  << "{"message":"success deleting Comment data"}[\n]"
08:37:56.371 [main] DEBUG org.apache.http.impl.conn.BasicClientConnectionManager - Releasing connection org.apache.http.impl.conn.ManagedClientConnectionImpl@1ffd6df2
08:37:56.371 [main] DEBUG org.apache.http.impl.conn.BasicClientConnectionManager - Connection can be kept alive indefinitely
08:37:56.371 [main] DEBUG net.thucydides.core.steps.StepInterceptor - STEP DONE: I send DELETE HTTP request delete comment
  &amp#27;[32mWhen &amp#27;[0m&amp#27;[32mI send DELETE HTTP request delete comment&amp#27;[0m      &amp#27;[90m# starter.stepdefinitions.CommentsSteps.sendDeleteApiEndpoints()&amp#27;[0m
08:37:56.378 [main] DEBUG net.thucydides.core.steps.StepInterceptor - STARTING STEP: AuthUserSteps.receiveValidHttpResponseCode200 - I receive valid HTTP response code 200
08:37:56.378 [main] DEBUG net.thucydides.core.steps.StepInterceptor - STEP DONE: I receive valid HTTP response code 200
  &amp#27;[32mThen &amp#27;[0m&amp#27;[32mI receive valid HTTP response code 200&amp#27;[0m         &amp#27;[90m# starter.stepdefinitions.AuthUserSteps.receiveValidHttpResponseCode200()&amp#27;[0m
08:37:56.379 [main] DEBUG net.thucydides.core.steps.StepInterceptor - STARTING STEP: AuthUserSteps.receiveValidDataForResponseCode200 - I receive valid data for response code 200
08:37:56.379 [main] DEBUG net.thucydides.core.steps.StepInterceptor - STEP DONE: I receive valid data for response code 200
  &amp#27;[32mAnd &amp#27;[0m&amp#27;[32mI receive valid data for response code 200&amp#27;[0m      &amp#27;[90m# starter.stepdefinitions.AuthUserSteps.receiveValidDataForResponseCode200()&amp#27;[0m
08:37:56.380 [main] INFO  - 
  _____   ___   ___   _____     ___     _     ___   ___   ___   ___  
 |_   _| | __| / __| |_   _|   | _ \   /_\   / __| / __| | __| |   \ 
   | |   | _|  \__ \   | |     |  _/  / _ \  \__ \ \__ \ | _|  | |) |
   |_|   |___| |___/   |_|     |_|   /_/ \_\ |___/ |___/ |___| |___/ 

DELETE As a user I can delete comment by id
----------------------------------------------------------------------
]]></system-out>
  </testcase>
  <testcase name="DELETE As a user I can&apos;t delete comment by id" classname="ManageThread" time="0.266">
    <system-out><![CDATA[
@Thread @T30
Scenario: DELETE As a user I can't delete comment by id   &amp#27;[90m# src/test/resources/api/ManageThread.feature:224&amp#27;[0m
08:37:56.385 [main] INFO io.cucumber.core.plugin.SerenityReporter - Running feature from file:///C:/Users/Nafal%20Adi%20SL/Documents/GitHub/Capstone-QE/test-automation-API/src/test/resources/api/ManageThread.feature
08:37:56.385 [main] WARN io.cucumber.core.plugin.SerenityReporter - Feature from file:///C:/Users/Nafal%20Adi%20SL/Documents/GitHub/Capstone-QE/test-automation-API/src/test/resources/api/ManageThread.feature is not under the 'features' directory. Requirements report will not be correctly generated!
08:37:56.386 [main] INFO  - 
  _____   ___   ___   _____     ___   _____     _     ___   _____   ___   ___  
 |_   _| | __| / __| |_   _|   / __| |_   _|   /_\   | _ \ |_   _| | __| |   \ 
   | |   | _|  \__ \   | |     \__ \   | |    / _ \  |   /   | |   | _|  | |) |
   |_|   |___| |___/   |_|     |___/   |_|   /_/ \_\ |_|_\   |_|   |___| |___/ 

DELETE As a user I can't delete comment by id(managethread;delete-as-a-user-i-can-t-delete-comment-by-id)
--------------------------------------------------------------------------------
08:37:56.393 [main] DEBUG net.thucydides.core.steps.StepInterceptor - STARTING STEP: CommentsSteps.setDeleteApiEndpointsInvalid - I set DELETE api endpoints delete comment invalid
08:37:56.393 [main] DEBUG net.thucydides.core.steps.StepInterceptor - STEP DONE: I set DELETE api endpoints delete comment invalid
  &amp#27;[32mGiven &amp#27;[0m&amp#27;[32mI set DELETE api endpoints delete comment invalid&amp#27;[0m &amp#27;[90m# starter.stepdefinitions.CommentsSteps.setDeleteApiEndpointsInvalid()&amp#27;[0m
08:37:56.394 [main] DEBUG net.thucydides.core.steps.StepInterceptor - STARTING STEP: CommentsSteps.sendDeleteApiEndpointsInvalid - I send DELETE HTTP request delete comment invalid
08:37:56.395 [main] DEBUG net.thucydides.core.steps.StepInterceptor - STARTING STEP: DeleteComments.sendDeleteHttpRequestInvalid - I set DELETE api endpoints delete comment invalid
08:37:56.395 [main] DEBUG net.thucydides.core.steps.StepInterceptor - STEP DONE: I set DELETE api endpoints delete comment invalid
08:37:56.398 [main] DEBUG org.apache.http.impl.conn.BasicClientConnectionManager - Get connection for route {}->http://ec2-54-206-29-131.ap-southeast-2.compute.amazonaws.com:8000
08:37:56.399 [main] DEBUG org.apache.http.impl.conn.DefaultClientConnectionOperator - Connecting to ec2-54-206-29-131.ap-southeast-2.compute.amazonaws.com:8000
08:37:56.516 [main] DEBUG org.apache.http.client.protocol.RequestAddCookies - CookieSpec selected: ignoreCookies
08:37:56.516 [main] DEBUG org.apache.http.client.protocol.RequestAuthCache - Auth cache not set in the context
08:37:56.516 [main] DEBUG org.apache.http.client.protocol.RequestProxyAuthentication - Proxy auth state: UNCHALLENGED
08:37:56.516 [main] DEBUG org.apache.http.impl.client.DefaultHttpClient - Attempt 1 to execute request
08:37:56.516 [main] DEBUG org.apache.http.impl.conn.DefaultClientConnection - Sending request: DELETE /comment/ HTTP/1.1
08:37:56.516 [main] DEBUG org.apache.http.wire -  >> "DELETE /comment/ HTTP/1.1[\r][\n]"
08:37:56.516 [main] DEBUG org.apache.http.wire -  >> "Authorization: Bearer eyJhbGciOiJIUzI1NiIsInR5cCI6IkpXVCJ9.eyJleHAiOjE2ODc1NjQxOTcsIm5hbWUiOiJLZW5kcmljayIsInJvbGUiOiJVc2VyIiwidXNlcl9pZCI6MTN9.p2Rdg1yWJH_349Z-51pSbx60sUkrEL6hEGPfRb2E0_o[\r][\n]"
08:37:56.516 [main] DEBUG org.apache.http.wire -  >> "Accept: */*[\r][\n]"
08:37:56.516 [main] DEBUG org.apache.http.wire -  >> "Host: ec2-54-206-29-131.ap-southeast-2.compute.amazonaws.com:8000[\r][\n]"
08:37:56.516 [main] DEBUG org.apache.http.wire -  >> "Connection: Keep-Alive[\r][\n]"
08:37:56.517 [main] DEBUG org.apache.http.wire -  >> "User-Agent: Apache-HttpClient/4.5.13 (Java/11.0.12)[\r][\n]"
08:37:56.517 [main] DEBUG org.apache.http.wire -  >> "Accept-Encoding: gzip,deflate[\r][\n]"
08:37:56.517 [main] DEBUG org.apache.http.wire -  >> "[\r][\n]"
08:37:56.517 [main] DEBUG org.apache.http.headers - >> DELETE /comment/ HTTP/1.1
08:37:56.517 [main] DEBUG org.apache.http.headers - >> Authorization: Bearer eyJhbGciOiJIUzI1NiIsInR5cCI6IkpXVCJ9.eyJleHAiOjE2ODc1NjQxOTcsIm5hbWUiOiJLZW5kcmljayIsInJvbGUiOiJVc2VyIiwidXNlcl9pZCI6MTN9.p2Rdg1yWJH_349Z-51pSbx60sUkrEL6hEGPfRb2E0_o
08:37:56.517 [main] DEBUG org.apache.http.headers - >> Accept: */*
08:37:56.517 [main] DEBUG org.apache.http.headers - >> Host: ec2-54-206-29-131.ap-southeast-2.compute.amazonaws.com:8000
08:37:56.517 [main] DEBUG org.apache.http.headers - >> Connection: Keep-Alive
08:37:56.517 [main] DEBUG org.apache.http.headers - >> User-Agent: Apache-HttpClient/4.5.13 (Java/11.0.12)
08:37:56.517 [main] DEBUG org.apache.http.headers - >> Accept-Encoding: gzip,deflate
08:37:56.634 [main] DEBUG org.apache.http.wire -  << "HTTP/1.1 404 Not Found[\r][\n]"
08:37:56.634 [main] DEBUG org.apache.http.wire -  << "Content-Type: application/json; charset=UTF-8[\r][\n]"
08:37:56.634 [main] DEBUG org.apache.http.wire -  << "Vary: Origin[\r][\n]"
08:37:56.634 [main] DEBUG org.apache.http.wire -  << "Vary: Origin[\r][\n]"
08:37:56.634 [main] DEBUG org.apache.http.wire -  << "Date: Fri, 23 Jun 2023 01:38:00 GMT[\r][\n]"
08:37:56.634 [main] DEBUG org.apache.http.wire -  << "Content-Length: 24[\r][\n]"
08:37:56.634 [main] DEBUG org.apache.http.wire -  << "[\r][\n]"
08:37:56.634 [main] DEBUG org.apache.http.impl.conn.DefaultClientConnection - Receiving response: HTTP/1.1 404 Not Found
08:37:56.634 [main] DEBUG org.apache.http.headers - << HTTP/1.1 404 Not Found
08:37:56.634 [main] DEBUG org.apache.http.headers - << Content-Type: application/json; charset=UTF-8
08:37:56.634 [main] DEBUG org.apache.http.headers - << Vary: Origin
08:37:56.634 [main] DEBUG org.apache.http.headers - << Vary: Origin
08:37:56.634 [main] DEBUG org.apache.http.headers - << Date: Fri, 23 Jun 2023 01:38:00 GMT
08:37:56.634 [main] DEBUG org.apache.http.headers - << Content-Length: 24
08:37:56.634 [main] DEBUG org.apache.http.impl.client.DefaultHttpClient - Connection can be kept alive indefinitely
08:37:56.634 [main] DEBUG io.restassured.internal.RestAssuredHttpBuilder - Parsing response as: application/json; charset=UTF-8
08:37:56.634 [main] DEBUG io.restassured.internal.RestAssuredHttpBuilder - Parsed data to instance of: class org.apache.http.conn.EofSensorInputStream
08:37:56.635 [main] DEBUG org.apache.http.wire -  << "{"message":"Not Found"}[\n]"
08:37:56.635 [main] DEBUG org.apache.http.impl.conn.BasicClientConnectionManager - Releasing connection org.apache.http.impl.conn.ManagedClientConnectionImpl@1197cd8
08:37:56.635 [main] DEBUG org.apache.http.impl.conn.BasicClientConnectionManager - Connection can be kept alive indefinitely
08:37:56.635 [main] DEBUG net.thucydides.core.steps.StepInterceptor - STEP DONE: I send DELETE HTTP request delete comment invalid
  &amp#27;[32mWhen &amp#27;[0m&amp#27;[32mI send DELETE HTTP request delete comment invalid&amp#27;[0m  &amp#27;[90m# starter.stepdefinitions.CommentsSteps.sendDeleteApiEndpointsInvalid()&amp#27;[0m
08:37:56.643 [main] DEBUG net.thucydides.core.steps.StepInterceptor - STARTING STEP: ThreadsSteps.receiveHttpResponseCode404 - I receive valid HTTP response code 404
08:37:56.643 [main] DEBUG net.thucydides.core.steps.StepInterceptor - STEP DONE: I receive valid HTTP response code 404
  &amp#27;[32mThen &amp#27;[0m&amp#27;[32mI receive valid HTTP response code 404&amp#27;[0m             &amp#27;[90m# starter.stepdefinitions.ThreadsSteps.receiveHttpResponseCode404()&amp#27;[0m
08:37:56.645 [main] DEBUG net.thucydides.core.steps.StepInterceptor - STARTING STEP: ThreadsSteps.receiveValidDataForResponseCode404 - I receive valid data for response code 404
08:37:56.645 [main] DEBUG net.thucydides.core.steps.StepInterceptor - STEP DONE: I receive valid data for response code 404
  &amp#27;[32mAnd &amp#27;[0m&amp#27;[32mI receive valid data for response code 404&amp#27;[0m          &amp#27;[90m# starter.stepdefinitions.ThreadsSteps.receiveValidDataForResponseCode404()&amp#27;[0m
08:37:56.646 [main] INFO  - 
  _____   ___   ___   _____     ___     _     ___   ___   ___   ___  
 |_   _| | __| / __| |_   _|   | _ \   /_\   / __| / __| | __| |   \ 
   | |   | _|  \__ \   | |     |  _/  / _ \  \__ \ \__ \ | _|  | |) |
   |_|   |___| |___/   |_|     |_|   /_/ \_\ |___/ |___/ |___| |___/ 

DELETE As a user I can't delete comment by id
----------------------------------------------------------------------
]]></system-out>
  </testcase>
  <testcase name="POST As a user I can follow thread" classname="ManageThread" time="0.281">
    <system-out><![CDATA[
@Thread @T31
Scenario: POST As a user I can follow thread     &amp#27;[90m# src/test/resources/api/ManageThread.feature:232&amp#27;[0m
08:37:56.652 [main] INFO io.cucumber.core.plugin.SerenityReporter - Running feature from file:///C:/Users/Nafal%20Adi%20SL/Documents/GitHub/Capstone-QE/test-automation-API/src/test/resources/api/ManageThread.feature
08:37:56.652 [main] WARN io.cucumber.core.plugin.SerenityReporter - Feature from file:///C:/Users/Nafal%20Adi%20SL/Documents/GitHub/Capstone-QE/test-automation-API/src/test/resources/api/ManageThread.feature is not under the 'features' directory. Requirements report will not be correctly generated!
08:37:56.653 [main] INFO  - 
  _____   ___   ___   _____     ___   _____     _     ___   _____   ___   ___  
 |_   _| | __| / __| |_   _|   / __| |_   _|   /_\   | _ \ |_   _| | __| |   \ 
   | |   | _|  \__ \   | |     \__ \   | |    / _ \  |   /   | |   | _|  | |) |
   |_|   |___| |___/   |_|     |___/   |_|   /_/ \_\ |_|_\   |_|   |___| |___/ 

POST As a user I can follow thread(managethread;post-as-a-user-i-can-follow-thread)
--------------------------------------------------------------------------------
08:37:56.662 [main] DEBUG net.thucydides.core.steps.StepInterceptor - STARTING STEP: ThreadsSteps.setPostApiEndpointsFollowThread - I set POST api endpoints follow thread
08:37:56.662 [main] DEBUG net.thucydides.core.steps.StepInterceptor - STEP DONE: I set POST api endpoints follow thread
  &amp#27;[32mGiven &amp#27;[0m&amp#27;[32mI set POST api endpoints follow thread&amp#27;[0m   &amp#27;[90m# starter.stepdefinitions.ThreadsSteps.setPostApiEndpointsFollowThread()&amp#27;[0m
08:37:56.664 [main] DEBUG net.thucydides.core.steps.StepInterceptor - STARTING STEP: ThreadsSteps.sendPostHttpRequestFollowThread - I send POST HTTP request follow thread
08:37:56.665 [main] DEBUG net.thucydides.core.steps.StepInterceptor - STARTING STEP: PostFollow.sendPostHTTPRequest - I set POST api endpoints follow thread
08:37:56.665 [main] DEBUG net.thucydides.core.steps.StepInterceptor - STEP DONE: I set POST api endpoints follow thread
08:37:56.669 [main] DEBUG org.apache.http.impl.conn.BasicClientConnectionManager - Get connection for route {}->http://ec2-54-206-29-131.ap-southeast-2.compute.amazonaws.com:8000
08:37:56.669 [main] DEBUG org.apache.http.impl.conn.DefaultClientConnectionOperator - Connecting to ec2-54-206-29-131.ap-southeast-2.compute.amazonaws.com:8000
08:37:56.786 [main] DEBUG org.apache.http.client.protocol.RequestAddCookies - CookieSpec selected: ignoreCookies
08:37:56.786 [main] DEBUG org.apache.http.client.protocol.RequestAuthCache - Auth cache not set in the context
08:37:56.786 [main] DEBUG org.apache.http.client.protocol.RequestProxyAuthentication - Proxy auth state: UNCHALLENGED
08:37:56.786 [main] DEBUG org.apache.http.impl.client.DefaultHttpClient - Attempt 1 to execute request
08:37:56.786 [main] DEBUG org.apache.http.impl.conn.DefaultClientConnection - Sending request: POST /follow HTTP/1.1
08:37:56.786 [main] DEBUG org.apache.http.wire -  >> "POST /follow HTTP/1.1[\r][\n]"
08:37:56.786 [main] DEBUG org.apache.http.wire -  >> "Authorization: Bearer eyJhbGciOiJIUzI1NiIsInR5cCI6IkpXVCJ9.eyJleHAiOjE2ODc1NjQxOTcsIm5hbWUiOiJLZW5kcmljayIsInJvbGUiOiJVc2VyIiwidXNlcl9pZCI6MTN9.p2Rdg1yWJH_349Z-51pSbx60sUkrEL6hEGPfRb2E0_o[\r][\n]"
08:37:56.786 [main] DEBUG org.apache.http.wire -  >> "Accept: */*[\r][\n]"
08:37:56.786 [main] DEBUG org.apache.http.wire -  >> "Content-Type: application/json[\r][\n]"
08:37:56.786 [main] DEBUG org.apache.http.wire -  >> "Content-Length: 28[\r][\n]"
08:37:56.786 [main] DEBUG org.apache.http.wire -  >> "Host: ec2-54-206-29-131.ap-southeast-2.compute.amazonaws.com:8000[\r][\n]"
08:37:56.786 [main] DEBUG org.apache.http.wire -  >> "Connection: Keep-Alive[\r][\n]"
08:37:56.786 [main] DEBUG org.apache.http.wire -  >> "User-Agent: Apache-HttpClient/4.5.13 (Java/11.0.12)[\r][\n]"
08:37:56.786 [main] DEBUG org.apache.http.wire -  >> "Accept-Encoding: gzip,deflate[\r][\n]"
08:37:56.786 [main] DEBUG org.apache.http.wire -  >> "[\r][\n]"
08:37:56.786 [main] DEBUG org.apache.http.headers - >> POST /follow HTTP/1.1
08:37:56.786 [main] DEBUG org.apache.http.headers - >> Authorization: Bearer eyJhbGciOiJIUzI1NiIsInR5cCI6IkpXVCJ9.eyJleHAiOjE2ODc1NjQxOTcsIm5hbWUiOiJLZW5kcmljayIsInJvbGUiOiJVc2VyIiwidXNlcl9pZCI6MTN9.p2Rdg1yWJH_349Z-51pSbx60sUkrEL6hEGPfRb2E0_o
08:37:56.786 [main] DEBUG org.apache.http.headers - >> Accept: */*
08:37:56.786 [main] DEBUG org.apache.http.headers - >> Content-Type: application/json
08:37:56.786 [main] DEBUG org.apache.http.headers - >> Content-Length: 28
08:37:56.786 [main] DEBUG org.apache.http.headers - >> Host: ec2-54-206-29-131.ap-southeast-2.compute.amazonaws.com:8000
08:37:56.786 [main] DEBUG org.apache.http.headers - >> Connection: Keep-Alive
08:37:56.786 [main] DEBUG org.apache.http.headers - >> User-Agent: Apache-HttpClient/4.5.13 (Java/11.0.12)
08:37:56.786 [main] DEBUG org.apache.http.headers - >> Accept-Encoding: gzip,deflate
08:37:56.786 [main] DEBUG org.apache.http.wire -  >> "{"thread_id":11,"user_id":1}"
08:37:56.917 [main] DEBUG org.apache.http.wire -  << "HTTP/1.1 200 OK[\r][\n]"
08:37:56.917 [main] DEBUG org.apache.http.wire -  << "Content-Type: application/json; charset=UTF-8[\r][\n]"
08:37:56.917 [main] DEBUG org.apache.http.wire -  << "Vary: Origin[\r][\n]"
08:37:56.917 [main] DEBUG org.apache.http.wire -  << "Vary: Origin[\r][\n]"
08:37:56.917 [main] DEBUG org.apache.http.wire -  << "Date: Fri, 23 Jun 2023 01:38:01 GMT[\r][\n]"
08:37:56.917 [main] DEBUG org.apache.http.wire -  << "Content-Length: 776[\r][\n]"
08:37:56.917 [main] DEBUG org.apache.http.wire -  << "[\r][\n]"
08:37:56.917 [main] DEBUG org.apache.http.impl.conn.DefaultClientConnection - Receiving response: HTTP/1.1 200 OK
08:37:56.917 [main] DEBUG org.apache.http.headers - << HTTP/1.1 200 OK
08:37:56.917 [main] DEBUG org.apache.http.headers - << Content-Type: application/json; charset=UTF-8
08:37:56.917 [main] DEBUG org.apache.http.headers - << Vary: Origin
08:37:56.917 [main] DEBUG org.apache.http.headers - << Vary: Origin
08:37:56.917 [main] DEBUG org.apache.http.headers - << Date: Fri, 23 Jun 2023 01:38:01 GMT
08:37:56.917 [main] DEBUG org.apache.http.headers - << Content-Length: 776
08:37:56.917 [main] DEBUG org.apache.http.impl.client.DefaultHttpClient - Connection can be kept alive indefinitely
08:37:56.917 [main] DEBUG io.restassured.internal.RestAssuredHttpBuilder - Parsing response as: application/json; charset=UTF-8
08:37:56.917 [main] DEBUG io.restassured.internal.RestAssuredHttpBuilder - Parsed data to instance of: class org.apache.http.conn.EofSensorInputStream
08:37:56.917 [main] DEBUG org.apache.http.wire -  << "{"data":{"ID":18,"CreatedAt":"2023-06-23T01:38:01.104Z","UpdatedAt":"2023-06-23T01:38:01.104Z","DeletedAt":null,"thread_id":11,"user_id":13,"thread":{"ID":11,"CreatedAt":"2023-06-22T09:37:54.194Z","UpdatedAt":"2023-06-23T01:37:55.46Z","DeletedAt":null,"title":"For a Breath I Tarry","content":"Porro incidunt aut. Eveniet voluptatem similique optio quisquam aut praesentium. Qui numquam minima sit molestias magni in. Autem voluptatum perspiciatis.","file":"","user_id":13,"user":{"ID":0,"CreatedAt":"0001-01-01T00:00:00Z","UpdatedAt":"0001-01-01T00:00:00Z","DeletedAt":null,"username":"","email":"","password":"","image_url":"","age":0,"bio":"","role":"","threads":null,"Bookmarked":null},"comment":null,"BookmarkedUser":null,"like":null}},"message":"success Follow thread"}[\n]"
08:37:56.917 [main] DEBUG org.apache.http.impl.conn.BasicClientConnectionManager - Releasing connection org.apache.http.impl.conn.ManagedClientConnectionImpl@7375e6c1
08:37:56.917 [main] DEBUG org.apache.http.impl.conn.BasicClientConnectionManager - Connection can be kept alive indefinitely
08:37:56.918 [main] DEBUG net.thucydides.core.steps.StepInterceptor - STEP DONE: I send POST HTTP request follow thread
  &amp#27;[32mWhen &amp#27;[0m&amp#27;[32mI send POST HTTP request follow thread&amp#27;[0m    &amp#27;[90m# starter.stepdefinitions.ThreadsSteps.sendPostHttpRequestFollowThread()&amp#27;[0m
08:37:56.924 [main] DEBUG net.thucydides.core.steps.StepInterceptor - STARTING STEP: AuthUserSteps.receiveValidHttpResponseCode200 - I receive valid HTTP response code 200
08:37:56.924 [main] DEBUG net.thucydides.core.steps.StepInterceptor - STEP DONE: I receive valid HTTP response code 200
  &amp#27;[32mThen &amp#27;[0m&amp#27;[32mI receive valid HTTP response code 200&amp#27;[0m    &amp#27;[90m# starter.stepdefinitions.AuthUserSteps.receiveValidHttpResponseCode200()&amp#27;[0m
08:37:56.926 [main] DEBUG net.thucydides.core.steps.StepInterceptor - STARTING STEP: AuthUserSteps.receiveValidDataForResponseCode200 - I receive valid data for response code 200
08:37:56.927 [main] DEBUG net.thucydides.core.steps.StepInterceptor - STEP DONE: I receive valid data for response code 200
  &amp#27;[32mAnd &amp#27;[0m&amp#27;[32mI receive valid data for response code 200&amp#27;[0m &amp#27;[90m# starter.stepdefinitions.AuthUserSteps.receiveValidDataForResponseCode200()&amp#27;[0m
08:37:56.927 [main] INFO  - 
  _____   ___   ___   _____     ___     _     ___   ___   ___   ___  
 |_   _| | __| / __| |_   _|   | _ \   /_\   / __| / __| | __| |   \ 
   | |   | _|  \__ \   | |     |  _/  / _ \  \__ \ \__ \ | _|  | |) |
   |_|   |___| |___/   |_|     |_|   /_/ \_\ |___/ |___/ |___| |___/ 

POST As a user I can follow thread
----------------------------------------------------------------------
]]></system-out>
  </testcase>
  <testcase name="POST As a user I can&apos;t follow thread" classname="ManageThread" time="0.266">
    <system-out><![CDATA[
@Thread @T32
Scenario: POST As a user I can't follow thread         &amp#27;[90m# src/test/resources/api/ManageThread.feature:239&amp#27;[0m
08:37:56.935 [main] INFO io.cucumber.core.plugin.SerenityReporter - Running feature from file:///C:/Users/Nafal%20Adi%20SL/Documents/GitHub/Capstone-QE/test-automation-API/src/test/resources/api/ManageThread.feature
08:37:56.935 [main] WARN io.cucumber.core.plugin.SerenityReporter - Feature from file:///C:/Users/Nafal%20Adi%20SL/Documents/GitHub/Capstone-QE/test-automation-API/src/test/resources/api/ManageThread.feature is not under the 'features' directory. Requirements report will not be correctly generated!
08:37:56.936 [main] INFO  - 
  _____   ___   ___   _____     ___   _____     _     ___   _____   ___   ___  
 |_   _| | __| / __| |_   _|   / __| |_   _|   /_\   | _ \ |_   _| | __| |   \ 
   | |   | _|  \__ \   | |     \__ \   | |    / _ \  |   /   | |   | _|  | |) |
   |_|   |___| |___/   |_|     |___/   |_|   /_/ \_\ |_|_\   |_|   |___| |___/ 

POST As a user I can't follow thread(managethread;post-as-a-user-i-can-t-follow-thread)
--------------------------------------------------------------------------------
08:37:56.945 [main] DEBUG net.thucydides.core.steps.StepInterceptor - STARTING STEP: ThreadsSteps.setPostApiEndpointsFollowThreadInvalid - I set POST api endpoints follow thread invalid
08:37:56.945 [main] DEBUG net.thucydides.core.steps.StepInterceptor - STEP DONE: I set POST api endpoints follow thread invalid
  &amp#27;[32mGiven &amp#27;[0m&amp#27;[32mI set POST api endpoints follow thread invalid&amp#27;[0m &amp#27;[90m# starter.stepdefinitions.ThreadsSteps.setPostApiEndpointsFollowThreadInvalid()&amp#27;[0m
08:37:56.946 [main] DEBUG net.thucydides.core.steps.StepInterceptor - STARTING STEP: ThreadsSteps.sendPostHttpRequestFollowThreadInvalid - I send POST HTTP request follow thread invalid
08:37:56.947 [main] DEBUG net.thucydides.core.steps.StepInterceptor - STARTING STEP: PostFollow.sendPostHTTPRequestInvalid - I set POST api endpoints follow thread invalid
08:37:56.947 [main] DEBUG net.thucydides.core.steps.StepInterceptor - STEP DONE: I set POST api endpoints follow thread invalid
08:37:56.952 [main] DEBUG org.apache.http.impl.conn.BasicClientConnectionManager - Get connection for route {}->http://ec2-54-206-29-131.ap-southeast-2.compute.amazonaws.com:8000
08:37:56.952 [main] DEBUG org.apache.http.impl.conn.DefaultClientConnectionOperator - Connecting to ec2-54-206-29-131.ap-southeast-2.compute.amazonaws.com:8000
08:37:57.071 [main] DEBUG org.apache.http.client.protocol.RequestAddCookies - CookieSpec selected: ignoreCookies
08:37:57.071 [main] DEBUG org.apache.http.client.protocol.RequestAuthCache - Auth cache not set in the context
08:37:57.071 [main] DEBUG org.apache.http.client.protocol.RequestProxyAuthentication - Proxy auth state: UNCHALLENGED
08:37:57.071 [main] DEBUG org.apache.http.impl.client.DefaultHttpClient - Attempt 1 to execute request
08:37:57.071 [main] DEBUG org.apache.http.impl.conn.DefaultClientConnection - Sending request: POST /follow/1 HTTP/1.1
08:37:57.071 [main] DEBUG org.apache.http.wire -  >> "POST /follow/1 HTTP/1.1[\r][\n]"
08:37:57.071 [main] DEBUG org.apache.http.wire -  >> "Authorization: Bearer eyJhbGciOiJIUzI1NiIsInR5cCI6IkpXVCJ9.eyJleHAiOjE2ODc1NjQxOTcsIm5hbWUiOiJLZW5kcmljayIsInJvbGUiOiJVc2VyIiwidXNlcl9pZCI6MTN9.p2Rdg1yWJH_349Z-51pSbx60sUkrEL6hEGPfRb2E0_o[\r][\n]"
08:37:57.071 [main] DEBUG org.apache.http.wire -  >> "Accept: */*[\r][\n]"
08:37:57.071 [main] DEBUG org.apache.http.wire -  >> "Content-Type: application/json[\r][\n]"
08:37:57.071 [main] DEBUG org.apache.http.wire -  >> "Content-Length: 28[\r][\n]"
08:37:57.071 [main] DEBUG org.apache.http.wire -  >> "Host: ec2-54-206-29-131.ap-southeast-2.compute.amazonaws.com:8000[\r][\n]"
08:37:57.071 [main] DEBUG org.apache.http.wire -  >> "Connection: Keep-Alive[\r][\n]"
08:37:57.071 [main] DEBUG org.apache.http.wire -  >> "User-Agent: Apache-HttpClient/4.5.13 (Java/11.0.12)[\r][\n]"
08:37:57.071 [main] DEBUG org.apache.http.wire -  >> "Accept-Encoding: gzip,deflate[\r][\n]"
08:37:57.071 [main] DEBUG org.apache.http.wire -  >> "[\r][\n]"
08:37:57.071 [main] DEBUG org.apache.http.headers - >> POST /follow/1 HTTP/1.1
08:37:57.071 [main] DEBUG org.apache.http.headers - >> Authorization: Bearer eyJhbGciOiJIUzI1NiIsInR5cCI6IkpXVCJ9.eyJleHAiOjE2ODc1NjQxOTcsIm5hbWUiOiJLZW5kcmljayIsInJvbGUiOiJVc2VyIiwidXNlcl9pZCI6MTN9.p2Rdg1yWJH_349Z-51pSbx60sUkrEL6hEGPfRb2E0_o
08:37:57.071 [main] DEBUG org.apache.http.headers - >> Accept: */*
08:37:57.071 [main] DEBUG org.apache.http.headers - >> Content-Type: application/json
08:37:57.071 [main] DEBUG org.apache.http.headers - >> Content-Length: 28
08:37:57.071 [main] DEBUG org.apache.http.headers - >> Host: ec2-54-206-29-131.ap-southeast-2.compute.amazonaws.com:8000
08:37:57.071 [main] DEBUG org.apache.http.headers - >> Connection: Keep-Alive
08:37:57.071 [main] DEBUG org.apache.http.headers - >> User-Agent: Apache-HttpClient/4.5.13 (Java/11.0.12)
08:37:57.071 [main] DEBUG org.apache.http.headers - >> Accept-Encoding: gzip,deflate
08:37:57.071 [main] DEBUG org.apache.http.wire -  >> "{"thread_id":11,"user_id":1}"
08:37:57.188 [main] DEBUG org.apache.http.wire -  << "HTTP/1.1 404 Not Found[\r][\n]"
08:37:57.188 [main] DEBUG org.apache.http.wire -  << "Content-Type: application/json; charset=UTF-8[\r][\n]"
08:37:57.188 [main] DEBUG org.apache.http.wire -  << "Vary: Origin[\r][\n]"
08:37:57.188 [main] DEBUG org.apache.http.wire -  << "Vary: Origin[\r][\n]"
08:37:57.188 [main] DEBUG org.apache.http.wire -  << "Date: Fri, 23 Jun 2023 01:38:01 GMT[\r][\n]"
08:37:57.188 [main] DEBUG org.apache.http.wire -  << "Content-Length: 24[\r][\n]"
08:37:57.188 [main] DEBUG org.apache.http.wire -  << "[\r][\n]"
08:37:57.188 [main] DEBUG org.apache.http.impl.conn.DefaultClientConnection - Receiving response: HTTP/1.1 404 Not Found
08:37:57.188 [main] DEBUG org.apache.http.headers - << HTTP/1.1 404 Not Found
08:37:57.188 [main] DEBUG org.apache.http.headers - << Content-Type: application/json; charset=UTF-8
08:37:57.188 [main] DEBUG org.apache.http.headers - << Vary: Origin
08:37:57.188 [main] DEBUG org.apache.http.headers - << Vary: Origin
08:37:57.188 [main] DEBUG org.apache.http.headers - << Date: Fri, 23 Jun 2023 01:38:01 GMT
08:37:57.188 [main] DEBUG org.apache.http.headers - << Content-Length: 24
08:37:57.188 [main] DEBUG org.apache.http.impl.client.DefaultHttpClient - Connection can be kept alive indefinitely
08:37:57.188 [main] DEBUG io.restassured.internal.RestAssuredHttpBuilder - Parsing response as: application/json; charset=UTF-8
08:37:57.188 [main] DEBUG io.restassured.internal.RestAssuredHttpBuilder - Parsed data to instance of: class org.apache.http.conn.EofSensorInputStream
08:37:57.189 [main] DEBUG org.apache.http.wire -  << "{"message":"Not Found"}[\n]"
08:37:57.189 [main] DEBUG org.apache.http.impl.conn.BasicClientConnectionManager - Releasing connection org.apache.http.impl.conn.ManagedClientConnectionImpl@5d1acb3a
08:37:57.189 [main] DEBUG org.apache.http.impl.conn.BasicClientConnectionManager - Connection can be kept alive indefinitely
08:37:57.189 [main] DEBUG net.thucydides.core.steps.StepInterceptor - STEP DONE: I send POST HTTP request follow thread invalid
  &amp#27;[32mWhen &amp#27;[0m&amp#27;[32mI send POST HTTP request follow thread invalid&amp#27;[0m  &amp#27;[90m# starter.stepdefinitions.ThreadsSteps.sendPostHttpRequestFollowThreadInvalid()&amp#27;[0m
08:37:57.191 [main] DEBUG net.thucydides.core.steps.StepInterceptor - STARTING STEP: ThreadsSteps.receiveHttpResponseCode404 - I receive valid HTTP response code 404
08:37:57.191 [main] DEBUG net.thucydides.core.steps.StepInterceptor - STEP DONE: I receive valid HTTP response code 404
  &amp#27;[32mThen &amp#27;[0m&amp#27;[32mI receive valid HTTP response code 404&amp#27;[0m          &amp#27;[90m# starter.stepdefinitions.ThreadsSteps.receiveHttpResponseCode404()&amp#27;[0m
08:37:57.192 [main] DEBUG net.thucydides.core.steps.StepInterceptor - STARTING STEP: ThreadsSteps.receiveValidDataForResponseCode404 - I receive valid data for response code 404
08:37:57.193 [main] DEBUG net.thucydides.core.steps.StepInterceptor - STEP DONE: I receive valid data for response code 404
  &amp#27;[32mAnd &amp#27;[0m&amp#27;[32mI receive valid data for response code 404&amp#27;[0m       &amp#27;[90m# starter.stepdefinitions.ThreadsSteps.receiveValidDataForResponseCode404()&amp#27;[0m
08:37:57.194 [main] INFO  - 
  _____   ___   ___   _____     ___     _     ___   ___   ___   ___  
 |_   _| | __| / __| |_   _|   | _ \   /_\   / __| / __| | __| |   \ 
   | |   | _|  \__ \   | |     |  _/  / _ \  \__ \ \__ \ | _|  | |) |
   |_|   |___| |___/   |_|     |_|   /_/ \_\ |___/ |___/ |___| |___/ 

POST As a user I can't follow thread
----------------------------------------------------------------------
]]></system-out>
  </testcase>
  <testcase name="POST As a user I can unfollow thread" classname="ManageThread" time="0.278">
    <failure message="1 expectation failed.&#10;Expected status code &lt;200&gt; but was &lt;500&gt;.&#10;" type="java.lang.AssertionError"><![CDATA[java.lang.AssertionError: 
1 expectation failed.
Expected status code <200> but was <500>.

	at java.base/jdk.internal.reflect.NativeConstructorAccessorImpl.newInstance0(Native Method)
	at java.base/jdk.internal.reflect.NativeConstructorAccessorImpl.newInstance(NativeConstructorAccessorImpl.java:62)
	at java.base/jdk.internal.reflect.DelegatingConstructorAccessorImpl.newInstance(DelegatingConstructorAccessorImpl.java:45)
	at java.base/java.lang.reflect.Constructor.newInstance(Constructor.java:490)
	at org.codehaus.groovy.reflection.CachedConstructor.invoke(CachedConstructor.java:73)
	at org.codehaus.groovy.reflection.CachedConstructor.doConstructorInvoke(CachedConstructor.java:60)
	at org.codehaus.groovy.runtime.callsite.ConstructorSite$ConstructorSiteNoUnwrap.callConstructor(ConstructorSite.java:86)
	at org.codehaus.groovy.runtime.callsite.AbstractCallSite.callConstructor(AbstractCallSite.java:277)
	at io.restassured.internal.ResponseSpecificationImpl$HamcrestAssertionClosure.validate(ResponseSpecificationImpl.groovy:512)
	at io.restassured.internal.ResponseSpecificationImpl$HamcrestAssertionClosure$validate$1.call(Unknown Source)
	at io.restassured.internal.ResponseSpecificationImpl.validateResponseIfRequired(ResponseSpecificationImpl.groovy:696)
	at io.restassured.internal.ResponseSpecificationImpl.this$2$validateResponseIfRequired(ResponseSpecificationImpl.groovy)
	at jdk.internal.reflect.GeneratedMethodAccessor93.invoke(Unknown Source)
	at java.base/jdk.internal.reflect.DelegatingMethodAccessorImpl.invoke(DelegatingMethodAccessorImpl.java:43)
	at java.base/java.lang.reflect.Method.invoke(Method.java:566)
	at org.codehaus.groovy.runtime.callsite.PlainObjectMetaMethodSite.doInvoke(PlainObjectMetaMethodSite.java:43)
	at org.codehaus.groovy.runtime.callsite.PogoMetaMethodSite$PogoCachedMethodSiteNoUnwrapNoCoerce.invoke(PogoMetaMethodSite.java:198)
	at org.codehaus.groovy.runtime.callsite.PogoMetaMethodSite.callCurrent(PogoMetaMethodSite.java:62)
	at org.codehaus.groovy.runtime.callsite.AbstractCallSite.callCurrent(AbstractCallSite.java:185)
	at io.restassured.internal.ResponseSpecificationImpl.statusCode(ResponseSpecificationImpl.groovy:135)
	at io.restassured.specification.ResponseSpecification$statusCode$0.callCurrent(Unknown Source)
	at io.restassured.internal.ResponseSpecificationImpl.statusCode(ResponseSpecificationImpl.groovy:143)
	at io.restassured.internal.ValidatableResponseOptionsImpl.statusCode(ValidatableResponseOptionsImpl.java:89)
	at starter.authentication.PostRegister.lambda$validateHttpResponseCode200$0(PostRegister.java:48)
	at net.serenitybdd.rest.SerenityRest.restAssuredThat(SerenityRest.java:626)
	at starter.authentication.PostRegister.validateHttpResponseCode200(PostRegister.java:48)
	at starter.authentication.PostRegister$ByteBuddy$Juxv9Wj7.validateHttpResponseCode200$accessor$H3V1LoWv(Unknown Source)
	at jdk.internal.reflect.GeneratedMethodAccessor180.invoke(Unknown Source)
	at java.base/jdk.internal.reflect.DelegatingMethodAccessorImpl.invoke(DelegatingMethodAccessorImpl.java:43)
	at java.base/java.lang.reflect.Method.invoke(Method.java:566)
	at net.thucydides.core.steps.StepInterceptor.invokeMethod(StepInterceptor.java:503)
	at net.thucydides.core.steps.StepInterceptor.executeTestStepMethod(StepInterceptor.java:483)
	at net.thucydides.core.steps.StepInterceptor.runTestStep(StepInterceptor.java:457)
	at net.thucydides.core.steps.StepInterceptor.runOrSkipMethod(StepInterceptor.java:209)
	at net.thucydides.core.steps.StepInterceptor.testStepResult(StepInterceptor.java:196)
	at net.thucydides.core.steps.StepInterceptor.intercept(StepInterceptor.java:84)
	at net.thucydides.core.steps.ProxyConfiguration$InterceptorDispatcher.intercept(ProxyConfiguration.java:51)
	at starter.authentication.PostRegister$ByteBuddy$Juxv9Wj7.validateHttpResponseCode200(Unknown Source)
	at starter.stepdefinitions.AuthUserSteps.receiveValidHttpResponseCode200(AuthUserSteps.java:35)
	at ✽.I receive valid HTTP response code 200(file:///C:/Users/Nafal%20Adi%20SL/Documents/GitHub/Capstone-QE/test-automation-API/src/test/resources/api/ManageThread.feature:250)
]]></failure>
    <system-out><![CDATA[
@Thread @T33
Scenario: POST As a user I can unfollow thread   &amp#27;[90m# src/test/resources/api/ManageThread.feature:247&amp#27;[0m
08:37:57.199 [main] INFO io.cucumber.core.plugin.SerenityReporter - Running feature from file:///C:/Users/Nafal%20Adi%20SL/Documents/GitHub/Capstone-QE/test-automation-API/src/test/resources/api/ManageThread.feature
08:37:57.199 [main] WARN io.cucumber.core.plugin.SerenityReporter - Feature from file:///C:/Users/Nafal%20Adi%20SL/Documents/GitHub/Capstone-QE/test-automation-API/src/test/resources/api/ManageThread.feature is not under the 'features' directory. Requirements report will not be correctly generated!
08:37:57.200 [main] INFO  - 
  _____   ___   ___   _____     ___   _____     _     ___   _____   ___   ___  
 |_   _| | __| / __| |_   _|   / __| |_   _|   /_\   | _ \ |_   _| | __| |   \ 
   | |   | _|  \__ \   | |     \__ \   | |    / _ \  |   /   | |   | _|  | |) |
   |_|   |___| |___/   |_|     |___/   |_|   /_/ \_\ |_|_\   |_|   |___| |___/ 

POST As a user I can unfollow thread(managethread;post-as-a-user-i-can-unfollow-thread)
--------------------------------------------------------------------------------
08:37:57.210 [main] DEBUG net.thucydides.core.steps.StepInterceptor - STARTING STEP: ThreadsSteps.setDeleteApiEndpointsUnfollowThread - I set POST api endpoints unfollow thread
08:37:57.210 [main] DEBUG net.thucydides.core.steps.StepInterceptor - STEP DONE: I set POST api endpoints unfollow thread
  &amp#27;[32mGiven &amp#27;[0m&amp#27;[32mI set POST api endpoints unfollow thread&amp#27;[0m &amp#27;[90m# starter.stepdefinitions.ThreadsSteps.setDeleteApiEndpointsUnfollowThread()&amp#27;[0m
08:37:57.211 [main] DEBUG net.thucydides.core.steps.StepInterceptor - STARTING STEP: ThreadsSteps.sendDeleteApiEndpointsUnfollowThread - I send POST HTTP request unfollow thread
08:37:57.212 [main] DEBUG net.thucydides.core.steps.StepInterceptor - STARTING STEP: DeleteUnfollow.sendDeleteHttpRequest - I set POST api endpoints unfollow thread
08:37:57.212 [main] DEBUG net.thucydides.core.steps.StepInterceptor - STEP DONE: I set POST api endpoints unfollow thread
08:37:57.216 [main] DEBUG org.apache.http.impl.conn.BasicClientConnectionManager - Get connection for route {}->http://ec2-54-206-29-131.ap-southeast-2.compute.amazonaws.com:8000
08:37:57.216 [main] DEBUG org.apache.http.impl.conn.DefaultClientConnectionOperator - Connecting to ec2-54-206-29-131.ap-southeast-2.compute.amazonaws.com:8000
08:37:57.334 [main] DEBUG org.apache.http.client.protocol.RequestAddCookies - CookieSpec selected: ignoreCookies
08:37:57.334 [main] DEBUG org.apache.http.client.protocol.RequestAuthCache - Auth cache not set in the context
08:37:57.334 [main] DEBUG org.apache.http.client.protocol.RequestProxyAuthentication - Proxy auth state: UNCHALLENGED
08:37:57.334 [main] DEBUG org.apache.http.impl.client.DefaultHttpClient - Attempt 1 to execute request
08:37:57.334 [main] DEBUG org.apache.http.impl.conn.DefaultClientConnection - Sending request: DELETE /follow/11 HTTP/1.1
08:37:57.334 [main] DEBUG org.apache.http.wire -  >> "DELETE /follow/11 HTTP/1.1[\r][\n]"
08:37:57.334 [main] DEBUG org.apache.http.wire -  >> "Authorization: Bearer eyJhbGciOiJIUzI1NiIsInR5cCI6IkpXVCJ9.eyJleHAiOjE2ODc1NjQxOTcsIm5hbWUiOiJLZW5kcmljayIsInJvbGUiOiJVc2VyIiwidXNlcl9pZCI6MTN9.p2Rdg1yWJH_349Z-51pSbx60sUkrEL6hEGPfRb2E0_o[\r][\n]"
08:37:57.334 [main] DEBUG org.apache.http.wire -  >> "Accept: */*[\r][\n]"
08:37:57.334 [main] DEBUG org.apache.http.wire -  >> "Host: ec2-54-206-29-131.ap-southeast-2.compute.amazonaws.com:8000[\r][\n]"
08:37:57.334 [main] DEBUG org.apache.http.wire -  >> "Connection: Keep-Alive[\r][\n]"
08:37:57.334 [main] DEBUG org.apache.http.wire -  >> "User-Agent: Apache-HttpClient/4.5.13 (Java/11.0.12)[\r][\n]"
08:37:57.334 [main] DEBUG org.apache.http.wire -  >> "Accept-Encoding: gzip,deflate[\r][\n]"
08:37:57.334 [main] DEBUG org.apache.http.wire -  >> "[\r][\n]"
08:37:57.334 [main] DEBUG org.apache.http.headers - >> DELETE /follow/11 HTTP/1.1
08:37:57.334 [main] DEBUG org.apache.http.headers - >> Authorization: Bearer eyJhbGciOiJIUzI1NiIsInR5cCI6IkpXVCJ9.eyJleHAiOjE2ODc1NjQxOTcsIm5hbWUiOiJLZW5kcmljayIsInJvbGUiOiJVc2VyIiwidXNlcl9pZCI6MTN9.p2Rdg1yWJH_349Z-51pSbx60sUkrEL6hEGPfRb2E0_o
08:37:57.334 [main] DEBUG org.apache.http.headers - >> Accept: */*
08:37:57.334 [main] DEBUG org.apache.http.headers - >> Host: ec2-54-206-29-131.ap-southeast-2.compute.amazonaws.com:8000
08:37:57.334 [main] DEBUG org.apache.http.headers - >> Connection: Keep-Alive
08:37:57.334 [main] DEBUG org.apache.http.headers - >> User-Agent: Apache-HttpClient/4.5.13 (Java/11.0.12)
08:37:57.334 [main] DEBUG org.apache.http.headers - >> Accept-Encoding: gzip,deflate
08:37:57.456 [main] DEBUG org.apache.http.wire -  << "HTTP/1.1 500 Internal Server Error[\r][\n]"
08:37:57.456 [main] DEBUG org.apache.http.wire -  << "Content-Type: application/json; charset=UTF-8[\r][\n]"
08:37:57.456 [main] DEBUG org.apache.http.wire -  << "Vary: Origin[\r][\n]"
08:37:57.456 [main] DEBUG org.apache.http.wire -  << "Vary: Origin[\r][\n]"
08:37:57.456 [main] DEBUG org.apache.http.wire -  << "Date: Fri, 23 Jun 2023 01:38:01 GMT[\r][\n]"
08:37:57.456 [main] DEBUG org.apache.http.wire -  << "Content-Length: 40[\r][\n]"
08:37:57.456 [main] DEBUG org.apache.http.wire -  << "[\r][\n]"
08:37:57.456 [main] DEBUG org.apache.http.impl.conn.DefaultClientConnection - Receiving response: HTTP/1.1 500 Internal Server Error
08:37:57.456 [main] DEBUG org.apache.http.headers - << HTTP/1.1 500 Internal Server Error
08:37:57.456 [main] DEBUG org.apache.http.headers - << Content-Type: application/json; charset=UTF-8
08:37:57.456 [main] DEBUG org.apache.http.headers - << Vary: Origin
08:37:57.456 [main] DEBUG org.apache.http.headers - << Vary: Origin
08:37:57.456 [main] DEBUG org.apache.http.headers - << Date: Fri, 23 Jun 2023 01:38:01 GMT
08:37:57.456 [main] DEBUG org.apache.http.headers - << Content-Length: 40
08:37:57.456 [main] DEBUG org.apache.http.impl.client.DefaultHttpClient - Connection can be kept alive indefinitely
08:37:57.456 [main] DEBUG io.restassured.internal.RestAssuredHttpBuilder - Parsing response as: application/json; charset=UTF-8
08:37:57.456 [main] DEBUG io.restassured.internal.RestAssuredHttpBuilder - Parsed data to instance of: class org.apache.http.conn.EofSensorInputStream
08:37:57.456 [main] DEBUG org.apache.http.wire -  << "{"message":"provided id was not found"}[\n]"
08:37:57.456 [main] DEBUG org.apache.http.impl.conn.BasicClientConnectionManager - Releasing connection org.apache.http.impl.conn.ManagedClientConnectionImpl@95237fc
08:37:57.456 [main] DEBUG org.apache.http.impl.conn.BasicClientConnectionManager - Connection can be kept alive indefinitely
08:37:57.457 [main] DEBUG net.thucydides.core.steps.StepInterceptor - STEP DONE: I send POST HTTP request unfollow thread
  &amp#27;[32mWhen &amp#27;[0m&amp#27;[32mI send POST HTTP request unfollow thread&amp#27;[0m  &amp#27;[90m# starter.stepdefinitions.ThreadsSteps.sendDeleteApiEndpointsUnfollowThread()&amp#27;[0m
08:37:57.463 [main] DEBUG net.thucydides.core.steps.StepInterceptor - STARTING STEP: AuthUserSteps.receiveValidHttpResponseCode200 - I receive valid HTTP response code 200
  &amp#27;[31mThen &amp#27;[0m&amp#27;[31mI receive valid HTTP response code 200&amp#27;[0m    &amp#27;[90m# starter.stepdefinitions.AuthUserSteps.receiveValidHttpResponseCode200()&amp#27;[0m
      &amp#27;[31mjava.lang.AssertionError: 1 expectation failed.
Expected status code <200> but was <500>.

	at java.base/jdk.internal.reflect.NativeConstructorAccessorImpl.newInstance0(Native Method)
	at java.base/jdk.internal.reflect.NativeConstructorAccessorImpl.newInstance(NativeConstructorAccessorImpl.java:62)
	at java.base/jdk.internal.reflect.DelegatingConstructorAccessorImpl.newInstance(DelegatingConstructorAccessorImpl.java:45)
	at java.base/java.lang.reflect.Constructor.newInstance(Constructor.java:490)
	at org.codehaus.groovy.reflection.CachedConstructor.invoke(CachedConstructor.java:73)
	at org.codehaus.groovy.reflection.CachedConstructor.doConstructorInvoke(CachedConstructor.java:60)
	at org.codehaus.groovy.runtime.callsite.ConstructorSite$ConstructorSiteNoUnwrap.callConstructor(ConstructorSite.java:86)
	at org.codehaus.groovy.runtime.callsite.AbstractCallSite.callConstructor(AbstractCallSite.java:277)
	at io.restassured.internal.ResponseSpecificationImpl$HamcrestAssertionClosure.validate(ResponseSpecificationImpl.groovy:512)
	at io.restassured.internal.ResponseSpecificationImpl$HamcrestAssertionClosure$validate$1.call(Unknown Source)
	at io.restassured.internal.ResponseSpecificationImpl.validateResponseIfRequired(ResponseSpecificationImpl.groovy:696)
	at io.restassured.internal.ResponseSpecificationImpl.this$2$validateResponseIfRequired(ResponseSpecificationImpl.groovy)
	at jdk.internal.reflect.GeneratedMethodAccessor93.invoke(Unknown Source)
	at java.base/jdk.internal.reflect.DelegatingMethodAccessorImpl.invoke(DelegatingMethodAccessorImpl.java:43)
	at java.base/java.lang.reflect.Method.invoke(Method.java:566)
	at org.codehaus.groovy.runtime.callsite.PlainObjectMetaMethodSite.doInvoke(PlainObjectMetaMethodSite.java:43)
	at org.codehaus.groovy.runtime.callsite.PogoMetaMethodSite$PogoCachedMethodSiteNoUnwrapNoCoerce.invoke(PogoMetaMethodSite.java:198)
	at org.codehaus.groovy.runtime.callsite.PogoMetaMethodSite.callCurrent(PogoMetaMethodSite.java:62)
	at org.codehaus.groovy.runtime.callsite.AbstractCallSite.callCurrent(AbstractCallSite.java:185)
	at io.restassured.internal.ResponseSpecificationImpl.statusCode(ResponseSpecificationImpl.groovy:135)
	at io.restassured.specification.ResponseSpecification$statusCode$0.callCurrent(Unknown Source)
	at io.restassured.internal.ResponseSpecificationImpl.statusCode(ResponseSpecificationImpl.groovy:143)
	at io.restassured.internal.ValidatableResponseOptionsImpl.statusCode(ValidatableResponseOptionsImpl.java:89)
	at starter.authentication.PostRegister.lambda$validateHttpResponseCode200$0(PostRegister.java:48)
	at net.serenitybdd.rest.SerenityRest.restAssuredThat(SerenityRest.java:626)
	at starter.authentication.PostRegister.validateHttpResponseCode200(PostRegister.java:48)
	at starter.authentication.PostRegister$ByteBuddy$Juxv9Wj7.validateHttpResponseCode200$accessor$H3V1LoWv(Unknown Source)
	at jdk.internal.reflect.GeneratedMethodAccessor180.invoke(Unknown Source)
	at java.base/jdk.internal.reflect.DelegatingMethodAccessorImpl.invoke(DelegatingMethodAccessorImpl.java:43)
	at java.base/java.lang.reflect.Method.invoke(Method.java:566)
	at net.thucydides.core.steps.StepInterceptor.invokeMethod(StepInterceptor.java:503)
	at net.thucydides.core.steps.StepInterceptor.executeTestStepMethod(StepInterceptor.java:483)
	at net.thucydides.core.steps.StepInterceptor.runTestStep(StepInterceptor.java:457)
	at net.thucydides.core.steps.StepInterceptor.runOrSkipMethod(StepInterceptor.java:209)
	at net.thucydides.core.steps.StepInterceptor.testStepResult(StepInterceptor.java:196)
	at net.thucydides.core.steps.StepInterceptor.intercept(StepInterceptor.java:84)
	at net.thucydides.core.steps.ProxyConfiguration$InterceptorDispatcher.intercept(ProxyConfiguration.java:51)
	at starter.authentication.PostRegister$ByteBuddy$Juxv9Wj7.validateHttpResponseCode200(Unknown Source)
	at starter.stepdefinitions.AuthUserSteps.receiveValidHttpResponseCode200(AuthUserSteps.java:35)
	at âœ½.I receive valid HTTP response code 200(file:///C:/Users/Nafal%20Adi%20SL/Documents/GitHub/Capstone-QE/test-automation-API/src/test/resources/api/ManageThread.feature:250)
&amp#27;[0m
  &amp#27;[36mAnd &amp#27;[0m&amp#27;[36mI receive valid data for response code 200&amp#27;[0m &amp#27;[90m# starter.stepdefinitions.AuthUserSteps.receiveValidDataForResponseCode200()&amp#27;[0m
08:37:57.471 [main] ERROR  - 
  _____   ___   ___   _____     ___     _     ___   _      ___   ___  
 |_   _| | __| / __| |_   _|   | __|   /_\   |_ _| | |    | __| |   \ 
   | |   | _|  \__ \   | |     | _|   / _ \   | |  | |__  | _|  | |) |
   |_|   |___| |___/   |_|     |_|   /_/ \_\ |___| |____| |___| |___/ 

POST As a user I can unfollow thread
-----------------------------------------------------------------------
08:37:57.471 [main] DEBUG  - RELATED ISSUES: 
08:37:57.471 [main] ERROR  -     Test failed at step: I receive valid HTTP response code 200
08:37:57.471 [main] ERROR  -     1 expectation failed.Expected status code <200> but was <500>.
]]></system-out>
  </testcase>
  <testcase name="POST As a user I can&apos;t unfollow thread" classname="ManageThread" time="0.26">
    <system-out><![CDATA[
@Thread @T34
Scenario: POST As a user I can't unfollow thread         &amp#27;[90m# src/test/resources/api/ManageThread.feature:254&amp#27;[0m
08:37:57.479 [main] INFO io.cucumber.core.plugin.SerenityReporter - Running feature from file:///C:/Users/Nafal%20Adi%20SL/Documents/GitHub/Capstone-QE/test-automation-API/src/test/resources/api/ManageThread.feature
08:37:57.479 [main] WARN io.cucumber.core.plugin.SerenityReporter - Feature from file:///C:/Users/Nafal%20Adi%20SL/Documents/GitHub/Capstone-QE/test-automation-API/src/test/resources/api/ManageThread.feature is not under the 'features' directory. Requirements report will not be correctly generated!
08:37:57.480 [main] INFO  - 
  _____   ___   ___   _____     ___   _____     _     ___   _____   ___   ___  
 |_   _| | __| / __| |_   _|   / __| |_   _|   /_\   | _ \ |_   _| | __| |   \ 
   | |   | _|  \__ \   | |     \__ \   | |    / _ \  |   /   | |   | _|  | |) |
   |_|   |___| |___/   |_|     |___/   |_|   /_/ \_\ |_|_\   |_|   |___| |___/ 

POST As a user I can't unfollow thread(managethread;post-as-a-user-i-can-t-unfollow-thread)
--------------------------------------------------------------------------------
08:37:57.489 [main] DEBUG net.thucydides.core.steps.StepInterceptor - STARTING STEP: ThreadsSteps.setDeleteApiEndpointsUnfollowThreadInvalid - I set DELETE api endpoints delete thread invalid
08:37:57.489 [main] DEBUG net.thucydides.core.steps.StepInterceptor - STEP DONE: I set DELETE api endpoints delete thread invalid
  &amp#27;[32mGiven &amp#27;[0m&amp#27;[32mI set POST api endpoints unfollow thread invalid&amp#27;[0m &amp#27;[90m# starter.stepdefinitions.ThreadsSteps.setDeleteApiEndpointsUnfollowThreadInvalid()&amp#27;[0m
08:37:57.490 [main] DEBUG net.thucydides.core.steps.StepInterceptor - STARTING STEP: ThreadsSteps.sendDeleteApiEndpointsUnfollowThreadInvalid - I send DELETE HTTP request delete thread invalid
08:37:57.491 [main] DEBUG net.thucydides.core.steps.StepInterceptor - STARTING STEP: DeleteThreads.sendDeleteHttpRequestInvalid - I set DELETE api endpoints delete thread invalid
08:37:57.491 [main] DEBUG net.thucydides.core.steps.StepInterceptor - STEP DONE: I set DELETE api endpoints delete thread invalid
08:37:57.494 [main] DEBUG org.apache.http.impl.conn.BasicClientConnectionManager - Get connection for route {}->http://ec2-54-206-29-131.ap-southeast-2.compute.amazonaws.com:8000
08:37:57.494 [main] DEBUG org.apache.http.impl.conn.DefaultClientConnectionOperator - Connecting to ec2-54-206-29-131.ap-southeast-2.compute.amazonaws.com:8000
08:37:57.609 [main] DEBUG org.apache.http.client.protocol.RequestAddCookies - CookieSpec selected: ignoreCookies
08:37:57.609 [main] DEBUG org.apache.http.client.protocol.RequestAuthCache - Auth cache not set in the context
08:37:57.609 [main] DEBUG org.apache.http.client.protocol.RequestProxyAuthentication - Proxy auth state: UNCHALLENGED
08:37:57.609 [main] DEBUG org.apache.http.impl.client.DefaultHttpClient - Attempt 1 to execute request
08:37:57.609 [main] DEBUG org.apache.http.impl.conn.DefaultClientConnection - Sending request: DELETE /threads/ HTTP/1.1
08:37:57.609 [main] DEBUG org.apache.http.wire -  >> "DELETE /threads/ HTTP/1.1[\r][\n]"
08:37:57.609 [main] DEBUG org.apache.http.wire -  >> "Authorization: Bearer eyJhbGciOiJIUzI1NiIsInR5cCI6IkpXVCJ9.eyJleHAiOjE2ODc1NjQxOTcsIm5hbWUiOiJLZW5kcmljayIsInJvbGUiOiJVc2VyIiwidXNlcl9pZCI6MTN9.p2Rdg1yWJH_349Z-51pSbx60sUkrEL6hEGPfRb2E0_o[\r][\n]"
08:37:57.609 [main] DEBUG org.apache.http.wire -  >> "Accept: */*[\r][\n]"
08:37:57.609 [main] DEBUG org.apache.http.wire -  >> "Host: ec2-54-206-29-131.ap-southeast-2.compute.amazonaws.com:8000[\r][\n]"
08:37:57.609 [main] DEBUG org.apache.http.wire -  >> "Connection: Keep-Alive[\r][\n]"
08:37:57.609 [main] DEBUG org.apache.http.wire -  >> "User-Agent: Apache-HttpClient/4.5.13 (Java/11.0.12)[\r][\n]"
08:37:57.609 [main] DEBUG org.apache.http.wire -  >> "Accept-Encoding: gzip,deflate[\r][\n]"
08:37:57.609 [main] DEBUG org.apache.http.wire -  >> "[\r][\n]"
08:37:57.609 [main] DEBUG org.apache.http.headers - >> DELETE /threads/ HTTP/1.1
08:37:57.609 [main] DEBUG org.apache.http.headers - >> Authorization: Bearer eyJhbGciOiJIUzI1NiIsInR5cCI6IkpXVCJ9.eyJleHAiOjE2ODc1NjQxOTcsIm5hbWUiOiJLZW5kcmljayIsInJvbGUiOiJVc2VyIiwidXNlcl9pZCI6MTN9.p2Rdg1yWJH_349Z-51pSbx60sUkrEL6hEGPfRb2E0_o
08:37:57.609 [main] DEBUG org.apache.http.headers - >> Accept: */*
08:37:57.609 [main] DEBUG org.apache.http.headers - >> Host: ec2-54-206-29-131.ap-southeast-2.compute.amazonaws.com:8000
08:37:57.609 [main] DEBUG org.apache.http.headers - >> Connection: Keep-Alive
08:37:57.609 [main] DEBUG org.apache.http.headers - >> User-Agent: Apache-HttpClient/4.5.13 (Java/11.0.12)
08:37:57.609 [main] DEBUG org.apache.http.headers - >> Accept-Encoding: gzip,deflate
08:37:57.727 [main] DEBUG org.apache.http.wire -  << "HTTP/1.1 404 Not Found[\r][\n]"
08:37:57.727 [main] DEBUG org.apache.http.wire -  << "Content-Type: application/json; charset=UTF-8[\r][\n]"
08:37:57.727 [main] DEBUG org.apache.http.wire -  << "Vary: Origin[\r][\n]"
08:37:57.727 [main] DEBUG org.apache.http.wire -  << "Vary: Origin[\r][\n]"
08:37:57.727 [main] DEBUG org.apache.http.wire -  << "Date: Fri, 23 Jun 2023 01:38:01 GMT[\r][\n]"
08:37:57.727 [main] DEBUG org.apache.http.wire -  << "Content-Length: 24[\r][\n]"
08:37:57.727 [main] DEBUG org.apache.http.wire -  << "[\r][\n]"
08:37:57.727 [main] DEBUG org.apache.http.impl.conn.DefaultClientConnection - Receiving response: HTTP/1.1 404 Not Found
08:37:57.727 [main] DEBUG org.apache.http.headers - << HTTP/1.1 404 Not Found
08:37:57.727 [main] DEBUG org.apache.http.headers - << Content-Type: application/json; charset=UTF-8
08:37:57.727 [main] DEBUG org.apache.http.headers - << Vary: Origin
08:37:57.727 [main] DEBUG org.apache.http.headers - << Vary: Origin
08:37:57.727 [main] DEBUG org.apache.http.headers - << Date: Fri, 23 Jun 2023 01:38:01 GMT
08:37:57.727 [main] DEBUG org.apache.http.headers - << Content-Length: 24
08:37:57.727 [main] DEBUG org.apache.http.impl.client.DefaultHttpClient - Connection can be kept alive indefinitely
08:37:57.727 [main] DEBUG io.restassured.internal.RestAssuredHttpBuilder - Parsing response as: application/json; charset=UTF-8
08:37:57.727 [main] DEBUG io.restassured.internal.RestAssuredHttpBuilder - Parsed data to instance of: class org.apache.http.conn.EofSensorInputStream
08:37:57.728 [main] DEBUG org.apache.http.wire -  << "{"message":"Not Found"}[\n]"
08:37:57.728 [main] DEBUG org.apache.http.impl.conn.BasicClientConnectionManager - Releasing connection org.apache.http.impl.conn.ManagedClientConnectionImpl@3e40bea1
08:37:57.728 [main] DEBUG org.apache.http.impl.conn.BasicClientConnectionManager - Connection can be kept alive indefinitely
08:37:57.728 [main] DEBUG net.thucydides.core.steps.StepInterceptor - STEP DONE: I send DELETE HTTP request delete thread invalid
  &amp#27;[32mWhen &amp#27;[0m&amp#27;[32mI send POST HTTP request unfollow thread invalid&amp#27;[0m  &amp#27;[90m# starter.stepdefinitions.ThreadsSteps.sendDeleteApiEndpointsUnfollowThreadInvalid()&amp#27;[0m
08:37:57.730 [main] DEBUG net.thucydides.core.steps.StepInterceptor - STARTING STEP: ThreadsSteps.receiveHttpResponseCode404 - I receive valid HTTP response code 404
08:37:57.730 [main] DEBUG net.thucydides.core.steps.StepInterceptor - STEP DONE: I receive valid HTTP response code 404
  &amp#27;[32mThen &amp#27;[0m&amp#27;[32mI receive valid HTTP response code 404&amp#27;[0m            &amp#27;[90m# starter.stepdefinitions.ThreadsSteps.receiveHttpResponseCode404()&amp#27;[0m
08:37:57.731 [main] DEBUG net.thucydides.core.steps.StepInterceptor - STARTING STEP: ThreadsSteps.receiveValidDataForResponseCode404 - I receive valid data for response code 404
08:37:57.732 [main] DEBUG net.thucydides.core.steps.StepInterceptor - STEP DONE: I receive valid data for response code 404
  &amp#27;[32mAnd &amp#27;[0m&amp#27;[32mI receive valid data for response code 404&amp#27;[0m         &amp#27;[90m# starter.stepdefinitions.ThreadsSteps.receiveValidDataForResponseCode404()&amp#27;[0m
08:37:57.732 [main] INFO  - 
  _____   ___   ___   _____     ___     _     ___   ___   ___   ___  
 |_   _| | __| / __| |_   _|   | _ \   /_\   / __| / __| | __| |   \ 
   | |   | _|  \__ \   | |     |  _/  / _ \  \__ \ \__ \ | _|  | |) |
   |_|   |___| |___/   |_|     |_|   /_/ \_\ |___/ |___/ |___| |___/ 

POST As a user I can't unfollow thread
----------------------------------------------------------------------
]]></system-out>
  </testcase>
  <testcase name="GET As a user I can get all users" classname="ManageThread" time="0.266">
    <system-out><![CDATA[
@Thread @T35
Scenario: GET As a user I can get all users      &amp#27;[90m# src/test/resources/api/ManageThread.feature:262&amp#27;[0m
08:37:57.737 [main] INFO io.cucumber.core.plugin.SerenityReporter - Running feature from file:///C:/Users/Nafal%20Adi%20SL/Documents/GitHub/Capstone-QE/test-automation-API/src/test/resources/api/ManageThread.feature
08:37:57.737 [main] WARN io.cucumber.core.plugin.SerenityReporter - Feature from file:///C:/Users/Nafal%20Adi%20SL/Documents/GitHub/Capstone-QE/test-automation-API/src/test/resources/api/ManageThread.feature is not under the 'features' directory. Requirements report will not be correctly generated!
08:37:57.738 [main] INFO  - 
  _____   ___   ___   _____     ___   _____     _     ___   _____   ___   ___  
 |_   _| | __| / __| |_   _|   / __| |_   _|   /_\   | _ \ |_   _| | __| |   \ 
   | |   | _|  \__ \   | |     \__ \   | |    / _ \  |   /   | |   | _|  | |) |
   |_|   |___| |___/   |_|     |___/   |_|   /_/ \_\ |_|_\   |_|   |___| |___/ 

GET As a user I can get all users(managethread;get-as-a-user-i-can-get-all-users)
--------------------------------------------------------------------------------
08:37:57.745 [main] DEBUG net.thucydides.core.steps.StepInterceptor - STARTING STEP: AuthUserSteps.setGetApiEndpointsAllUsers - I set GET api endpoints all users
08:37:57.745 [main] DEBUG net.thucydides.core.steps.StepInterceptor - STEP DONE: I set GET api endpoints all users
  &amp#27;[32mGiven &amp#27;[0m&amp#27;[32mI set GET api endpoints all users&amp#27;[0m        &amp#27;[90m# starter.stepdefinitions.AuthUserSteps.setGetApiEndpointsAllUsers()&amp#27;[0m
08:37:57.746 [main] DEBUG net.thucydides.core.steps.StepInterceptor - STARTING STEP: AuthUserSteps.sendGetHttpRequestAllUsers - I send GET HTTP request all users
08:37:57.747 [main] DEBUG net.thucydides.core.steps.StepInterceptor - STARTING STEP: GetUserAll.sendGetHttpRequest - I set GET api endpoints all users
08:37:57.747 [main] DEBUG net.thucydides.core.steps.StepInterceptor - STEP DONE: I set GET api endpoints all users
08:37:57.750 [main] DEBUG org.apache.http.impl.conn.BasicClientConnectionManager - Get connection for route {}->http://ec2-54-206-29-131.ap-southeast-2.compute.amazonaws.com:8000
08:37:57.750 [main] DEBUG org.apache.http.impl.conn.DefaultClientConnectionOperator - Connecting to ec2-54-206-29-131.ap-southeast-2.compute.amazonaws.com:8000
08:37:57.870 [main] DEBUG org.apache.http.client.protocol.RequestAddCookies - CookieSpec selected: ignoreCookies
08:37:57.870 [main] DEBUG org.apache.http.client.protocol.RequestAuthCache - Auth cache not set in the context
08:37:57.870 [main] DEBUG org.apache.http.client.protocol.RequestProxyAuthentication - Proxy auth state: UNCHALLENGED
08:37:57.870 [main] DEBUG org.apache.http.impl.client.DefaultHttpClient - Attempt 1 to execute request
08:37:57.870 [main] DEBUG org.apache.http.impl.conn.DefaultClientConnection - Sending request: GET /Alluser HTTP/1.1
08:37:57.870 [main] DEBUG org.apache.http.wire -  >> "GET /Alluser HTTP/1.1[\r][\n]"
08:37:57.870 [main] DEBUG org.apache.http.wire -  >> "Authorization: Bearer eyJhbGciOiJIUzI1NiIsInR5cCI6IkpXVCJ9.eyJleHAiOjE2ODc1NjQxOTcsIm5hbWUiOiJLZW5kcmljayIsInJvbGUiOiJVc2VyIiwidXNlcl9pZCI6MTN9.p2Rdg1yWJH_349Z-51pSbx60sUkrEL6hEGPfRb2E0_o[\r][\n]"
08:37:57.870 [main] DEBUG org.apache.http.wire -  >> "Accept: */*[\r][\n]"
08:37:57.870 [main] DEBUG org.apache.http.wire -  >> "Host: ec2-54-206-29-131.ap-southeast-2.compute.amazonaws.com:8000[\r][\n]"
08:37:57.870 [main] DEBUG org.apache.http.wire -  >> "Connection: Keep-Alive[\r][\n]"
08:37:57.870 [main] DEBUG org.apache.http.wire -  >> "User-Agent: Apache-HttpClient/4.5.13 (Java/11.0.12)[\r][\n]"
08:37:57.870 [main] DEBUG org.apache.http.wire -  >> "Accept-Encoding: gzip,deflate[\r][\n]"
08:37:57.870 [main] DEBUG org.apache.http.wire -  >> "[\r][\n]"
08:37:57.870 [main] DEBUG org.apache.http.headers - >> GET /Alluser HTTP/1.1
08:37:57.870 [main] DEBUG org.apache.http.headers - >> Authorization: Bearer eyJhbGciOiJIUzI1NiIsInR5cCI6IkpXVCJ9.eyJleHAiOjE2ODc1NjQxOTcsIm5hbWUiOiJLZW5kcmljayIsInJvbGUiOiJVc2VyIiwidXNlcl9pZCI6MTN9.p2Rdg1yWJH_349Z-51pSbx60sUkrEL6hEGPfRb2E0_o
08:37:57.870 [main] DEBUG org.apache.http.headers - >> Accept: */*
08:37:57.870 [main] DEBUG org.apache.http.headers - >> Host: ec2-54-206-29-131.ap-southeast-2.compute.amazonaws.com:8000
08:37:57.870 [main] DEBUG org.apache.http.headers - >> Connection: Keep-Alive
08:37:57.870 [main] DEBUG org.apache.http.headers - >> User-Agent: Apache-HttpClient/4.5.13 (Java/11.0.12)
08:37:57.870 [main] DEBUG org.apache.http.headers - >> Accept-Encoding: gzip,deflate
08:37:57.990 [main] DEBUG org.apache.http.wire -  << "HTTP/1.1 200 OK[\r][\n]"
08:37:57.990 [main] DEBUG org.apache.http.wire -  << "Content-Type: application/json; charset=UTF-8[\r][\n]"
08:37:57.990 [main] DEBUG org.apache.http.wire -  << "Vary: Origin[\r][\n]"
08:37:57.990 [main] DEBUG org.apache.http.wire -  << "Vary: Origin[\r][\n]"
08:37:57.990 [main] DEBUG org.apache.http.wire -  << "Date: Fri, 23 Jun 2023 01:38:02 GMT[\r][\n]"
08:37:57.990 [main] DEBUG org.apache.http.wire -  << "Content-Length: 1610[\r][\n]"
08:37:57.990 [main] DEBUG org.apache.http.wire -  << "[\r][\n]"
08:37:57.990 [main] DEBUG org.apache.http.impl.conn.DefaultClientConnection - Receiving response: HTTP/1.1 200 OK
08:37:57.990 [main] DEBUG org.apache.http.headers - << HTTP/1.1 200 OK
08:37:57.990 [main] DEBUG org.apache.http.headers - << Content-Type: application/json; charset=UTF-8
08:37:57.990 [main] DEBUG org.apache.http.headers - << Vary: Origin
08:37:57.990 [main] DEBUG org.apache.http.headers - << Vary: Origin
08:37:57.990 [main] DEBUG org.apache.http.headers - << Date: Fri, 23 Jun 2023 01:38:02 GMT
08:37:57.990 [main] DEBUG org.apache.http.headers - << Content-Length: 1610
08:37:57.990 [main] DEBUG org.apache.http.impl.client.DefaultHttpClient - Connection can be kept alive indefinitely
08:37:57.990 [main] DEBUG io.restassured.internal.RestAssuredHttpBuilder - Parsing response as: application/json; charset=UTF-8
08:37:57.990 [main] DEBUG io.restassured.internal.RestAssuredHttpBuilder - Parsed data to instance of: class org.apache.http.conn.EofSensorInputStream
08:37:57.991 [main] DEBUG org.apache.http.wire -  << "{"message":"Success: Retrieved all users","users":[{"ID":2,"username":"nafal","image_url":"","age":10,"bio":"Pejuang Tangguh"},{"ID":3,"username":"test","image_url":"","age":15,"bio":"pencoba"},{"ID":4,"username":"Carmine","image_url":"","age":6,"bio":"Penulis Buku"},{"ID":5,"username":"Tommie","image_url":"","age":12,"bio":"Penulis Buku"},{"ID":6,"username":"Earline","image_url":"","age":19,"bio":"Penulis Buku"},{"ID":7,"username":"Nicolas","image_url":"","age":16,"bio":"Penulis Buku"},{"ID":8,"username":"wahyu","image_url":"","age":10,"bio":"penulis buku"},{"ID":9,"username":"rayhan","image_url":"","age":10,"bio":"penulis buku"},{"ID":12,"username":"Norman","image_url":"","age":19,"bio":"Penulis Buku"},{"ID":13,"username":"nafal","image_url":"","age":10,"bio":"Penulis Buku"},{"ID":14,"username":"nafal","image_url":"","age":10,"bio":"Penulis buku"},{"ID":15,"username":"nafal","image_url":"","age":10,"bio":"Penulis buku"},{"ID":16,"username":"nafal","image_url":"","age":10,"bio":"Penulis buku"},{"ID":17,"username":"nafal","image_url":"","age":10,"bio":"Penulis buku"},{"ID":18,"username":"Allen","image_url":"","age":12,"bio":"Penulis Buku"},{"ID":19,"username":"Jesus","image_url":"","age":16,"bio":"Penulis Buku"},{"ID":20,"username":"Myriam","image_url":"","age":12,"bio":"Penulis Buku"},{"ID":21,"username":"Laticia","image_url":"","age":17,"bio":"Penulis Buku"},{"ID":22,"username":"Evelin","image_url":"","age":13,"bio":"Penulis Buku"},{"ID":23,"username":"Rudolf","image_url":"","age":16,"bio":"Penulis Buku"},{"ID":24,"username":"Rodney","image_url":"","age":12,"bio":"Penulis Buku"}]}[\n]"
08:37:57.991 [main] DEBUG org.apache.http.impl.conn.BasicClientConnectionManager - Releasing connection org.apache.http.impl.conn.ManagedClientConnectionImpl@194e116d
08:37:57.992 [main] DEBUG org.apache.http.impl.conn.BasicClientConnectionManager - Connection can be kept alive indefinitely
08:37:57.992 [main] DEBUG net.thucydides.core.steps.StepInterceptor - STEP DONE: I send GET HTTP request all users
  &amp#27;[32mWhen &amp#27;[0m&amp#27;[32mI send GET HTTP request all users&amp#27;[0m         &amp#27;[90m# starter.stepdefinitions.AuthUserSteps.sendGetHttpRequestAllUsers()&amp#27;[0m
08:37:57.994 [main] DEBUG net.thucydides.core.steps.StepInterceptor - STARTING STEP: AuthUserSteps.receiveValidHttpResponseCode200 - I receive valid HTTP response code 200
08:37:57.994 [main] DEBUG net.thucydides.core.steps.StepInterceptor - STEP DONE: I receive valid HTTP response code 200
  &amp#27;[32mThen &amp#27;[0m&amp#27;[32mI receive valid HTTP response code 200&amp#27;[0m    &amp#27;[90m# starter.stepdefinitions.AuthUserSteps.receiveValidHttpResponseCode200()&amp#27;[0m
08:37:57.995 [main] DEBUG net.thucydides.core.steps.StepInterceptor - STARTING STEP: AuthUserSteps.receiveValidDataForResponseCode200 - I receive valid data for response code 200
08:37:57.998 [main] DEBUG net.thucydides.core.steps.StepInterceptor - STEP DONE: I receive valid data for response code 200
  &amp#27;[32mAnd &amp#27;[0m&amp#27;[32mI receive valid data for response code 200&amp#27;[0m &amp#27;[90m# starter.stepdefinitions.AuthUserSteps.receiveValidDataForResponseCode200()&amp#27;[0m
08:37:57.999 [main] INFO  - 
  _____   ___   ___   _____     ___     _     ___   ___   ___   ___  
 |_   _| | __| / __| |_   _|   | _ \   /_\   / __| / __| | __| |   \ 
   | |   | _|  \__ \   | |     |  _/  / _ \  \__ \ \__ \ | _|  | |) |
   |_|   |___| |___/   |_|     |_|   /_/ \_\ |___/ |___/ |___| |___/ 

GET As a user I can get all users
----------------------------------------------------------------------
]]></system-out>
  </testcase>
  <testcase name="GET As a user I can&apos;t get all users" classname="ManageThread" time="0.27">
    <system-out><![CDATA[
@Thread @T36
Scenario: GET As a user I can't get all users     &amp#27;[90m# src/test/resources/api/ManageThread.feature:269&amp#27;[0m
08:37:58.005 [main] INFO io.cucumber.core.plugin.SerenityReporter - Running feature from file:///C:/Users/Nafal%20Adi%20SL/Documents/GitHub/Capstone-QE/test-automation-API/src/test/resources/api/ManageThread.feature
08:37:58.005 [main] WARN io.cucumber.core.plugin.SerenityReporter - Feature from file:///C:/Users/Nafal%20Adi%20SL/Documents/GitHub/Capstone-QE/test-automation-API/src/test/resources/api/ManageThread.feature is not under the 'features' directory. Requirements report will not be correctly generated!
08:37:58.006 [main] INFO  - 
  _____   ___   ___   _____     ___   _____     _     ___   _____   ___   ___  
 |_   _| | __| / __| |_   _|   / __| |_   _|   /_\   | _ \ |_   _| | __| |   \ 
   | |   | _|  \__ \   | |     \__ \   | |    / _ \  |   /   | |   | _|  | |) |
   |_|   |___| |___/   |_|     |___/   |_|   /_/ \_\ |_|_\   |_|   |___| |___/ 

GET As a user I can't get all users(managethread;get-as-a-user-i-can-t-get-all-users)
--------------------------------------------------------------------------------
08:37:58.014 [main] DEBUG net.thucydides.core.steps.StepInterceptor - STARTING STEP: AuthUserSteps.setGetApiEndpointsAllUsersInvalid - I set GET api endpoints all users invalid
08:37:58.014 [main] DEBUG net.thucydides.core.steps.StepInterceptor - STEP DONE: I set GET api endpoints all users invalid
  &amp#27;[32mGiven &amp#27;[0m&amp#27;[32mI set GET api endpoints all users invalid&amp#27;[0m &amp#27;[90m# starter.stepdefinitions.AuthUserSteps.setGetApiEndpointsAllUsersInvalid()&amp#27;[0m
08:37:58.016 [main] DEBUG net.thucydides.core.steps.StepInterceptor - STARTING STEP: AuthUserSteps.sendGetHttpRequestAllUsersInvalid - I send GET HTTP request all users invalid
08:37:58.016 [main] DEBUG net.thucydides.core.steps.StepInterceptor - STARTING STEP: GetUserAll.sendGetHttpRequestInvalid - I set GET api endpoints all users invalid
08:37:58.017 [main] DEBUG net.thucydides.core.steps.StepInterceptor - STEP DONE: I set GET api endpoints all users invalid
08:37:58.020 [main] DEBUG org.apache.http.impl.conn.BasicClientConnectionManager - Get connection for route {}->http://ec2-54-206-29-131.ap-southeast-2.compute.amazonaws.com:8000
08:37:58.020 [main] DEBUG org.apache.http.impl.conn.DefaultClientConnectionOperator - Connecting to ec2-54-206-29-131.ap-southeast-2.compute.amazonaws.com:8000
08:37:58.139 [main] DEBUG org.apache.http.client.protocol.RequestAddCookies - CookieSpec selected: ignoreCookies
08:37:58.139 [main] DEBUG org.apache.http.client.protocol.RequestAuthCache - Auth cache not set in the context
08:37:58.139 [main] DEBUG org.apache.http.client.protocol.RequestProxyAuthentication - Proxy auth state: UNCHALLENGED
08:37:58.139 [main] DEBUG org.apache.http.impl.client.DefaultHttpClient - Attempt 1 to execute request
08:37:58.139 [main] DEBUG org.apache.http.impl.conn.DefaultClientConnection - Sending request: GET /Allusers HTTP/1.1
08:37:58.139 [main] DEBUG org.apache.http.wire -  >> "GET /Allusers HTTP/1.1[\r][\n]"
08:37:58.139 [main] DEBUG org.apache.http.wire -  >> "Authorization: Bearer eyJhbGciOiJIUzI1NiIsInR5cCI6IkpXVCJ9.eyJleHAiOjE2ODc1NjQxOTcsIm5hbWUiOiJLZW5kcmljayIsInJvbGUiOiJVc2VyIiwidXNlcl9pZCI6MTN9.p2Rdg1yWJH_349Z-51pSbx60sUkrEL6hEGPfRb2E0_o[\r][\n]"
08:37:58.139 [main] DEBUG org.apache.http.wire -  >> "Accept: */*[\r][\n]"
08:37:58.139 [main] DEBUG org.apache.http.wire -  >> "Host: ec2-54-206-29-131.ap-southeast-2.compute.amazonaws.com:8000[\r][\n]"
08:37:58.139 [main] DEBUG org.apache.http.wire -  >> "Connection: Keep-Alive[\r][\n]"
08:37:58.139 [main] DEBUG org.apache.http.wire -  >> "User-Agent: Apache-HttpClient/4.5.13 (Java/11.0.12)[\r][\n]"
08:37:58.139 [main] DEBUG org.apache.http.wire -  >> "Accept-Encoding: gzip,deflate[\r][\n]"
08:37:58.139 [main] DEBUG org.apache.http.wire -  >> "[\r][\n]"
08:37:58.139 [main] DEBUG org.apache.http.headers - >> GET /Allusers HTTP/1.1
08:37:58.139 [main] DEBUG org.apache.http.headers - >> Authorization: Bearer eyJhbGciOiJIUzI1NiIsInR5cCI6IkpXVCJ9.eyJleHAiOjE2ODc1NjQxOTcsIm5hbWUiOiJLZW5kcmljayIsInJvbGUiOiJVc2VyIiwidXNlcl9pZCI6MTN9.p2Rdg1yWJH_349Z-51pSbx60sUkrEL6hEGPfRb2E0_o
08:37:58.139 [main] DEBUG org.apache.http.headers - >> Accept: */*
08:37:58.139 [main] DEBUG org.apache.http.headers - >> Host: ec2-54-206-29-131.ap-southeast-2.compute.amazonaws.com:8000
08:37:58.139 [main] DEBUG org.apache.http.headers - >> Connection: Keep-Alive
08:37:58.139 [main] DEBUG org.apache.http.headers - >> User-Agent: Apache-HttpClient/4.5.13 (Java/11.0.12)
08:37:58.139 [main] DEBUG org.apache.http.headers - >> Accept-Encoding: gzip,deflate
08:37:58.257 [main] DEBUG org.apache.http.wire -  << "HTTP/1.1 404 Not Found[\r][\n]"
08:37:58.257 [main] DEBUG org.apache.http.wire -  << "Content-Type: application/json; charset=UTF-8[\r][\n]"
08:37:58.257 [main] DEBUG org.apache.http.wire -  << "Vary: Origin[\r][\n]"
08:37:58.257 [main] DEBUG org.apache.http.wire -  << "Vary: Origin[\r][\n]"
08:37:58.257 [main] DEBUG org.apache.http.wire -  << "Date: Fri, 23 Jun 2023 01:38:02 GMT[\r][\n]"
08:37:58.257 [main] DEBUG org.apache.http.wire -  << "Content-Length: 24[\r][\n]"
08:37:58.257 [main] DEBUG org.apache.http.wire -  << "[\r][\n]"
08:37:58.257 [main] DEBUG org.apache.http.impl.conn.DefaultClientConnection - Receiving response: HTTP/1.1 404 Not Found
08:37:58.257 [main] DEBUG org.apache.http.headers - << HTTP/1.1 404 Not Found
08:37:58.257 [main] DEBUG org.apache.http.headers - << Content-Type: application/json; charset=UTF-8
08:37:58.257 [main] DEBUG org.apache.http.headers - << Vary: Origin
08:37:58.257 [main] DEBUG org.apache.http.headers - << Vary: Origin
08:37:58.257 [main] DEBUG org.apache.http.headers - << Date: Fri, 23 Jun 2023 01:38:02 GMT
08:37:58.257 [main] DEBUG org.apache.http.headers - << Content-Length: 24
08:37:58.257 [main] DEBUG org.apache.http.impl.client.DefaultHttpClient - Connection can be kept alive indefinitely
08:37:58.257 [main] DEBUG io.restassured.internal.RestAssuredHttpBuilder - Parsing response as: application/json; charset=UTF-8
08:37:58.257 [main] DEBUG io.restassured.internal.RestAssuredHttpBuilder - Parsed data to instance of: class org.apache.http.conn.EofSensorInputStream
08:37:58.258 [main] DEBUG org.apache.http.wire -  << "{"message":"Not Found"}[\n]"
08:37:58.258 [main] DEBUG org.apache.http.impl.conn.BasicClientConnectionManager - Releasing connection org.apache.http.impl.conn.ManagedClientConnectionImpl@192c3be0
08:37:58.258 [main] DEBUG org.apache.http.impl.conn.BasicClientConnectionManager - Connection can be kept alive indefinitely
08:37:58.258 [main] DEBUG net.thucydides.core.steps.StepInterceptor - STEP DONE: I send GET HTTP request all users invalid
  &amp#27;[32mWhen &amp#27;[0m&amp#27;[32mI send GET HTTP request all users invalid&amp#27;[0m  &amp#27;[90m# starter.stepdefinitions.AuthUserSteps.sendGetHttpRequestAllUsersInvalid()&amp#27;[0m
08:37:58.266 [main] DEBUG net.thucydides.core.steps.StepInterceptor - STARTING STEP: ThreadsSteps.receiveHttpResponseCode404 - I receive valid HTTP response code 404
08:37:58.266 [main] DEBUG net.thucydides.core.steps.StepInterceptor - STEP DONE: I receive valid HTTP response code 404
  &amp#27;[32mThen &amp#27;[0m&amp#27;[32mI receive valid HTTP response code 404&amp#27;[0m     &amp#27;[90m# starter.stepdefinitions.ThreadsSteps.receiveHttpResponseCode404()&amp#27;[0m
08:37:58.268 [main] DEBUG net.thucydides.core.steps.StepInterceptor - STARTING STEP: ThreadsSteps.receiveValidDataForResponseCode404 - I receive valid data for response code 404
08:37:58.268 [main] DEBUG net.thucydides.core.steps.StepInterceptor - STEP DONE: I receive valid data for response code 404
  &amp#27;[32mAnd &amp#27;[0m&amp#27;[32mI receive valid data for response code 404&amp#27;[0m  &amp#27;[90m# starter.stepdefinitions.ThreadsSteps.receiveValidDataForResponseCode404()&amp#27;[0m
08:37:58.269 [main] INFO  - 
  _____   ___   ___   _____     ___     _     ___   ___   ___   ___  
 |_   _| | __| / __| |_   _|   | _ \   /_\   / __| / __| | __| |   \ 
   | |   | _|  \__ \   | |     |  _/  / _ \  \__ \ \__ \ | _|  | |) |
   |_|   |___| |___/   |_|     |_|   /_/ \_\ |___/ |___/ |___| |___/ 

GET As a user I can't get all users
----------------------------------------------------------------------
]]></system-out>
  </testcase>
  <testcase name="GET As an admin I can get all threads" classname="ManageThread" time="0.286">
    <system-out><![CDATA[
@Thread @T37
Scenario: GET As an admin I can get all threads      &amp#27;[90m# src/test/resources/api/ManageThread.feature:290&amp#27;[0m
08:37:58.275 [main] INFO io.cucumber.core.plugin.SerenityReporter - Running feature from file:///C:/Users/Nafal%20Adi%20SL/Documents/GitHub/Capstone-QE/test-automation-API/src/test/resources/api/ManageThread.feature
08:37:58.275 [main] WARN io.cucumber.core.plugin.SerenityReporter - Feature from file:///C:/Users/Nafal%20Adi%20SL/Documents/GitHub/Capstone-QE/test-automation-API/src/test/resources/api/ManageThread.feature is not under the 'features' directory. Requirements report will not be correctly generated!
08:37:58.276 [main] INFO  - 
  _____   ___   ___   _____     ___   _____     _     ___   _____   ___   ___  
 |_   _| | __| / __| |_   _|   / __| |_   _|   /_\   | _ \ |_   _| | __| |   \ 
   | |   | _|  \__ \   | |     \__ \   | |    / _ \  |   /   | |   | _|  | |) |
   |_|   |___| |___/   |_|     |___/   |_|   /_/ \_\ |_|_\   |_|   |___| |___/ 

GET As an admin I can get all threads(managethread;get-as-an-admin-i-can-get-all-threads)
--------------------------------------------------------------------------------
08:37:58.289 [Finalizer] DEBUG org.apache.http.impl.conn.DefaultClientConnection - Connection 0.0.0.0:58427<->54.206.29.131:8000 closed
08:37:58.290 [Finalizer] DEBUG org.apache.http.impl.conn.DefaultClientConnection - Connection 0.0.0.0:58424<->54.206.29.131:8000 closed
08:37:58.291 [Finalizer] DEBUG org.apache.http.impl.conn.DefaultClientConnection - Connection 0.0.0.0:58423<->54.206.29.131:8000 closed
08:37:58.291 [Finalizer] DEBUG org.apache.http.impl.conn.DefaultClientConnection - Connection 0.0.0.0:58422<->54.206.29.131:8000 closed
08:37:58.292 [Finalizer] DEBUG org.apache.http.impl.conn.DefaultClientConnection - Connection 0.0.0.0:58434<->54.206.29.131:8000 closed
08:37:58.293 [Finalizer] DEBUG org.apache.http.impl.conn.DefaultClientConnection - Connection 0.0.0.0:58426<->54.206.29.131:8000 closed
08:37:58.293 [Finalizer] DEBUG org.apache.http.impl.conn.DefaultClientConnection - Connection 0.0.0.0:58425<->54.206.29.131:8000 closed
08:37:58.294 [Finalizer] DEBUG org.apache.http.impl.conn.DefaultClientConnection - Connection 0.0.0.0:58429<->54.206.29.131:8000 closed
08:37:58.294 [Finalizer] DEBUG org.apache.http.impl.conn.DefaultClientConnection - Connection 0.0.0.0:58428<->54.206.29.131:8000 closed
08:37:58.294 [Finalizer] DEBUG org.apache.http.impl.conn.DefaultClientConnection - Connection 0.0.0.0:58431<->54.206.29.131:8000 closed
08:37:58.295 [Finalizer] DEBUG org.apache.http.impl.conn.DefaultClientConnection - Connection 0.0.0.0:58430<->54.206.29.131:8000 closed
08:37:58.295 [Finalizer] DEBUG org.apache.http.impl.conn.DefaultClientConnection - Connection 0.0.0.0:58433<->54.206.29.131:8000 closed
08:37:58.296 [Finalizer] DEBUG org.apache.http.impl.conn.DefaultClientConnection - Connection 0.0.0.0:58432<->54.206.29.131:8000 closed
08:37:58.298 [main] DEBUG net.thucydides.core.steps.StepInterceptor - STARTING STEP: ThreadsSteps.setGetApiEndpointsAllThreadsByAdmin - I set GET api endpoints all threads by admin
08:37:58.298 [main] DEBUG net.thucydides.core.steps.StepInterceptor - STEP DONE: I set GET api endpoints all threads by admin
  &amp#27;[32mGiven &amp#27;[0m&amp#27;[32mI set GET api endpoints all threads by admin&amp#27;[0m &amp#27;[90m# starter.stepdefinitions.ThreadsSteps.setGetApiEndpointsAllThreadsByAdmin()&amp#27;[0m
08:37:58.300 [main] DEBUG net.thucydides.core.steps.StepInterceptor - STARTING STEP: ThreadsSteps.sendGetHttpRequestAllThreadsByAdmin - I send GET HTTP request all threads by admin
08:37:58.300 [main] DEBUG net.thucydides.core.steps.StepInterceptor - STARTING STEP: GetTheadsAll.sendGetHttpRequestByAdmin - I set GET api endpoints all threads by admin
08:37:58.300 [main] DEBUG net.thucydides.core.steps.StepInterceptor - STEP DONE: I set GET api endpoints all threads by admin
08:37:58.304 [main] DEBUG org.apache.http.impl.conn.BasicClientConnectionManager - Get connection for route {}->http://ec2-54-206-29-131.ap-southeast-2.compute.amazonaws.com:8000
08:37:58.304 [main] DEBUG org.apache.http.impl.conn.DefaultClientConnectionOperator - Connecting to ec2-54-206-29-131.ap-southeast-2.compute.amazonaws.com:8000
08:37:58.423 [main] DEBUG org.apache.http.client.protocol.RequestAddCookies - CookieSpec selected: ignoreCookies
08:37:58.423 [main] DEBUG org.apache.http.client.protocol.RequestAuthCache - Auth cache not set in the context
08:37:58.423 [main] DEBUG org.apache.http.client.protocol.RequestProxyAuthentication - Proxy auth state: UNCHALLENGED
08:37:58.423 [main] DEBUG org.apache.http.impl.client.DefaultHttpClient - Attempt 1 to execute request
08:37:58.423 [main] DEBUG org.apache.http.impl.conn.DefaultClientConnection - Sending request: GET /admin/threads HTTP/1.1
08:37:58.423 [main] DEBUG org.apache.http.wire -  >> "GET /admin/threads HTTP/1.1[\r][\n]"
08:37:58.423 [main] DEBUG org.apache.http.wire -  >> "Authorization: Bearer eyJhbGciOiJIUzI1NiIsInR5cCI6IkpXVCJ9.eyJleHAiOjE2ODc1NTk0NDAsIm5hbWUiOiJXYWh5dSIsInJvbGUiOiJhZG1pbiIsInVzZXJfaWQiOjF9.m4vJ9e38a2kQTab-xsirsImfuP3_U458SQ2epYq-Dsw[\r][\n]"
08:37:58.423 [main] DEBUG org.apache.http.wire -  >> "Accept: */*[\r][\n]"
08:37:58.423 [main] DEBUG org.apache.http.wire -  >> "Host: ec2-54-206-29-131.ap-southeast-2.compute.amazonaws.com:8000[\r][\n]"
08:37:58.423 [main] DEBUG org.apache.http.wire -  >> "Connection: Keep-Alive[\r][\n]"
08:37:58.423 [main] DEBUG org.apache.http.wire -  >> "User-Agent: Apache-HttpClient/4.5.13 (Java/11.0.12)[\r][\n]"
08:37:58.423 [main] DEBUG org.apache.http.wire -  >> "Accept-Encoding: gzip,deflate[\r][\n]"
08:37:58.423 [main] DEBUG org.apache.http.wire -  >> "[\r][\n]"
08:37:58.423 [main] DEBUG org.apache.http.headers - >> GET /admin/threads HTTP/1.1
08:37:58.423 [main] DEBUG org.apache.http.headers - >> Authorization: Bearer eyJhbGciOiJIUzI1NiIsInR5cCI6IkpXVCJ9.eyJleHAiOjE2ODc1NTk0NDAsIm5hbWUiOiJXYWh5dSIsInJvbGUiOiJhZG1pbiIsInVzZXJfaWQiOjF9.m4vJ9e38a2kQTab-xsirsImfuP3_U458SQ2epYq-Dsw
08:37:58.423 [main] DEBUG org.apache.http.headers - >> Accept: */*
08:37:58.423 [main] DEBUG org.apache.http.headers - >> Host: ec2-54-206-29-131.ap-southeast-2.compute.amazonaws.com:8000
08:37:58.423 [main] DEBUG org.apache.http.headers - >> Connection: Keep-Alive
08:37:58.423 [main] DEBUG org.apache.http.headers - >> User-Agent: Apache-HttpClient/4.5.13 (Java/11.0.12)
08:37:58.423 [main] DEBUG org.apache.http.headers - >> Accept-Encoding: gzip,deflate
08:37:58.545 [main] DEBUG org.apache.http.wire -  << "HTTP/1.1 200 OK[\r][\n]"
08:37:58.545 [main] DEBUG org.apache.http.wire -  << "Content-Type: application/json; charset=UTF-8[\r][\n]"
08:37:58.545 [main] DEBUG org.apache.http.wire -  << "Vary: Origin[\r][\n]"
08:37:58.545 [main] DEBUG org.apache.http.wire -  << "Vary: Origin[\r][\n]"
08:37:58.545 [main] DEBUG org.apache.http.wire -  << "Date: Fri, 23 Jun 2023 01:38:02 GMT[\r][\n]"
08:37:58.545 [main] DEBUG org.apache.http.wire -  << "Content-Length: 1911[\r][\n]"
08:37:58.545 [main] DEBUG org.apache.http.wire -  << "[\r][\n]"
08:37:58.545 [main] DEBUG org.apache.http.impl.conn.DefaultClientConnection - Receiving response: HTTP/1.1 200 OK
08:37:58.545 [main] DEBUG org.apache.http.headers - << HTTP/1.1 200 OK
08:37:58.545 [main] DEBUG org.apache.http.headers - << Content-Type: application/json; charset=UTF-8
08:37:58.545 [main] DEBUG org.apache.http.headers - << Vary: Origin
08:37:58.545 [main] DEBUG org.apache.http.headers - << Vary: Origin
08:37:58.545 [main] DEBUG org.apache.http.headers - << Date: Fri, 23 Jun 2023 01:38:02 GMT
08:37:58.545 [main] DEBUG org.apache.http.headers - << Content-Length: 1911
08:37:58.545 [main] DEBUG org.apache.http.impl.client.DefaultHttpClient - Connection can be kept alive indefinitely
08:37:58.545 [main] DEBUG io.restassured.internal.RestAssuredHttpBuilder - Parsing response as: application/json; charset=UTF-8
08:37:58.545 [main] DEBUG io.restassured.internal.RestAssuredHttpBuilder - Parsed data to instance of: class org.apache.http.conn.EofSensorInputStream
08:37:58.546 [main] DEBUG org.apache.http.wire -  << "{"data":[{"ID":11,"title":"For a Breath I Tarry","content":"Porro incidunt aut. Eveniet voluptatem similique optio quisquam aut praesentium. Qui numquam minima sit molestias magni in. Autem voluptatum perspiciatis.","file":"","user_id":13,"user":{"ID":13,"username":"nafal","email":"nafal@gmail.com","password":"nafal123","image_url":"","age":10,"bio":"Penulis Buku"}},{"ID":12,"title":"1952","content":"wb","file":"","user_id":1,"user":{"ID":0,"username":"","email":"","password":"","image_url":"","age":0,"bio":""}},{"ID":13,"title":"test baru","content":"lormllrmlorm","file":"","user_id":3,"user":{"ID":3,"username":"test","email":"test1@gmail.com","password":"test123","image_url":"","age":15,"bio":"pencoba"}},{"ID":14,"title":"Bulan Purnama","content":"wb","file":"","user_id":8,"user":{"ID":8,"username":"wahyu","email":"ajeng25@gmail.com","password":"wahyu123","image_url":"","age":10,"bio":"penulis buku"}},{"ID":15,"title":"Bulan Purnama Senja","content":"Fantasi","file":"","user_id":8,"user":{"ID":8,"username":"wahyu","email":"ajeng25@gmail.com","password":"wahyu123","image_url":"","age":10,"bio":"penulis buku"}},{"ID":22,"title":"A Darkling Plain","content":"Consequatur aut sequi. Amet in et et earum voluptatem qui. Maiores accusamus quia asperiores ut consequatur sint labore. Ipsam et nemo odio ullam enim. Minima quod minus dolores aliquid nihil.","file":"","user_id":13,"user":{"ID":13,"username":"nafal","email":"nafal@gmail.com","password":"nafal123","image_url":"","age":10,"bio":"Penulis Buku"}},{"ID":23,"title":"Consider the Lilies","content":"Est neque veritatis nihil eos inventore. Earum modi voluptas repellendus excepturi voluptatem et. Quo ab beatae et unde. Explicabo non et.","file":"","user_id":13,"user":{"ID":13,"username":"nafal","email":"nafal@gmail.com","password":"nafal123","image_url":"","age":10,"bio":"Penulis Buku"}}],"message":"Success: Retrieved all threads"}[\n]"
08:37:58.546 [main] DEBUG org.apache.http.impl.conn.BasicClientConnectionManager - Releasing connection org.apache.http.impl.conn.ManagedClientConnectionImpl@49342fb7
08:37:58.546 [main] DEBUG org.apache.http.impl.conn.BasicClientConnectionManager - Connection can be kept alive indefinitely
08:37:58.546 [main] DEBUG net.thucydides.core.steps.StepInterceptor - STEP DONE: I send GET HTTP request all threads by admin
  &amp#27;[32mWhen &amp#27;[0m&amp#27;[32mI send GET HTTP request all threads by admin&amp#27;[0m  &amp#27;[90m# starter.stepdefinitions.ThreadsSteps.sendGetHttpRequestAllThreadsByAdmin()&amp#27;[0m
08:37:58.552 [main] DEBUG net.thucydides.core.steps.StepInterceptor - STARTING STEP: AuthUserSteps.receiveValidHttpResponseCode200 - I receive valid HTTP response code 200
08:37:58.552 [main] DEBUG net.thucydides.core.steps.StepInterceptor - STEP DONE: I receive valid HTTP response code 200
  &amp#27;[32mThen &amp#27;[0m&amp#27;[32mI receive valid HTTP response code 200&amp#27;[0m        &amp#27;[90m# starter.stepdefinitions.AuthUserSteps.receiveValidHttpResponseCode200()&amp#27;[0m
08:37:58.553 [main] DEBUG net.thucydides.core.steps.StepInterceptor - STARTING STEP: AuthUserSteps.receiveValidDataForResponseCode200 - I receive valid data for response code 200
08:37:58.555 [main] DEBUG net.thucydides.core.steps.StepInterceptor - STEP DONE: I receive valid data for response code 200
  &amp#27;[32mAnd &amp#27;[0m&amp#27;[32mI receive valid data for response code 200&amp#27;[0m     &amp#27;[90m# starter.stepdefinitions.AuthUserSteps.receiveValidDataForResponseCode200()&amp#27;[0m
08:37:58.555 [main] INFO  - 
  _____   ___   ___   _____     ___     _     ___   ___   ___   ___  
 |_   _| | __| / __| |_   _|   | _ \   /_\   / __| / __| | __| |   \ 
   | |   | _|  \__ \   | |     |  _/  / _ \  \__ \ \__ \ | _|  | |) |
   |_|   |___| |___/   |_|     |_|   /_/ \_\ |___/ |___/ |___| |___/ 

GET As an admin I can get all threads
----------------------------------------------------------------------
]]></system-out>
  </testcase>
  <testcase name="GET As an user I can&apos;t get all threads" classname="ManageThread" time="0.264">
    <system-out><![CDATA[
@Thread @T38
Scenario: GET As an user I can't get all threads            &amp#27;[90m# src/test/resources/api/ManageThread.feature:297&amp#27;[0m
08:37:58.561 [main] INFO io.cucumber.core.plugin.SerenityReporter - Running feature from file:///C:/Users/Nafal%20Adi%20SL/Documents/GitHub/Capstone-QE/test-automation-API/src/test/resources/api/ManageThread.feature
08:37:58.561 [main] WARN io.cucumber.core.plugin.SerenityReporter - Feature from file:///C:/Users/Nafal%20Adi%20SL/Documents/GitHub/Capstone-QE/test-automation-API/src/test/resources/api/ManageThread.feature is not under the 'features' directory. Requirements report will not be correctly generated!
08:37:58.562 [main] INFO  - 
  _____   ___   ___   _____     ___   _____     _     ___   _____   ___   ___  
 |_   _| | __| / __| |_   _|   / __| |_   _|   /_\   | _ \ |_   _| | __| |   \ 
   | |   | _|  \__ \   | |     \__ \   | |    / _ \  |   /   | |   | _|  | |) |
   |_|   |___| |___/   |_|     |___/   |_|   /_/ \_\ |_|_\   |_|   |___| |___/ 

GET As an user I can't get all threads(managethread;get-as-an-user-i-can-t-get-all-threads)
--------------------------------------------------------------------------------
08:37:58.571 [main] DEBUG net.thucydides.core.steps.StepInterceptor - STARTING STEP: ThreadsSteps.setGetApiEndpointsAllThreadsByAdmin - I set GET api endpoints all threads by admin
08:37:58.571 [main] DEBUG net.thucydides.core.steps.StepInterceptor - STEP DONE: I set GET api endpoints all threads by admin
  &amp#27;[32mGiven &amp#27;[0m&amp#27;[32mI set GET api endpoints all threads by admin&amp#27;[0m        &amp#27;[90m# starter.stepdefinitions.ThreadsSteps.setGetApiEndpointsAllThreadsByAdmin()&amp#27;[0m
08:37:58.571 [main] DEBUG net.thucydides.core.steps.StepInterceptor - STARTING STEP: ThreadsSteps.sendGetHttpRequestAllThreadsInvalidByAdmin - I send GET HTTP request all threads invalid by admin
08:37:58.572 [main] DEBUG net.thucydides.core.steps.StepInterceptor - STARTING STEP: GetTheadsAll.sendGetHttpRequestInvalidByAdmin - I set GET api endpoints all threads by admin
08:37:58.572 [main] DEBUG net.thucydides.core.steps.StepInterceptor - STEP DONE: I set GET api endpoints all threads by admin
08:37:58.574 [main] DEBUG org.apache.http.impl.conn.BasicClientConnectionManager - Get connection for route {}->http://ec2-54-206-29-131.ap-southeast-2.compute.amazonaws.com:8000
08:37:58.574 [main] DEBUG org.apache.http.impl.conn.DefaultClientConnectionOperator - Connecting to ec2-54-206-29-131.ap-southeast-2.compute.amazonaws.com:8000
08:37:58.692 [main] DEBUG org.apache.http.client.protocol.RequestAddCookies - CookieSpec selected: ignoreCookies
08:37:58.692 [main] DEBUG org.apache.http.client.protocol.RequestAuthCache - Auth cache not set in the context
08:37:58.692 [main] DEBUG org.apache.http.client.protocol.RequestTargetAuthentication - Target auth state: UNCHALLENGED
08:37:58.692 [main] DEBUG org.apache.http.client.protocol.RequestProxyAuthentication - Proxy auth state: UNCHALLENGED
08:37:58.692 [main] DEBUG org.apache.http.impl.client.DefaultHttpClient - Attempt 1 to execute request
08:37:58.692 [main] DEBUG org.apache.http.impl.conn.DefaultClientConnection - Sending request: GET /admin/threads HTTP/1.1
08:37:58.692 [main] DEBUG org.apache.http.wire -  >> "GET /admin/threads HTTP/1.1[\r][\n]"
08:37:58.692 [main] DEBUG org.apache.http.wire -  >> "Accept: */*[\r][\n]"
08:37:58.692 [main] DEBUG org.apache.http.wire -  >> "Host: ec2-54-206-29-131.ap-southeast-2.compute.amazonaws.com:8000[\r][\n]"
08:37:58.692 [main] DEBUG org.apache.http.wire -  >> "Connection: Keep-Alive[\r][\n]"
08:37:58.692 [main] DEBUG org.apache.http.wire -  >> "User-Agent: Apache-HttpClient/4.5.13 (Java/11.0.12)[\r][\n]"
08:37:58.692 [main] DEBUG org.apache.http.wire -  >> "Accept-Encoding: gzip,deflate[\r][\n]"
08:37:58.692 [main] DEBUG org.apache.http.wire -  >> "[\r][\n]"
08:37:58.692 [main] DEBUG org.apache.http.headers - >> GET /admin/threads HTTP/1.1
08:37:58.692 [main] DEBUG org.apache.http.headers - >> Accept: */*
08:37:58.692 [main] DEBUG org.apache.http.headers - >> Host: ec2-54-206-29-131.ap-southeast-2.compute.amazonaws.com:8000
08:37:58.692 [main] DEBUG org.apache.http.headers - >> Connection: Keep-Alive
08:37:58.692 [main] DEBUG org.apache.http.headers - >> User-Agent: Apache-HttpClient/4.5.13 (Java/11.0.12)
08:37:58.692 [main] DEBUG org.apache.http.headers - >> Accept-Encoding: gzip,deflate
08:37:58.810 [main] DEBUG org.apache.http.wire -  << "HTTP/1.1 400 Bad Request[\r][\n]"
08:37:58.810 [main] DEBUG org.apache.http.wire -  << "Content-Type: application/json; charset=UTF-8[\r][\n]"
08:37:58.810 [main] DEBUG org.apache.http.wire -  << "Vary: Origin[\r][\n]"
08:37:58.810 [main] DEBUG org.apache.http.wire -  << "Vary: Origin[\r][\n]"
08:37:58.810 [main] DEBUG org.apache.http.wire -  << "Date: Fri, 23 Jun 2023 01:38:03 GMT[\r][\n]"
08:37:58.810 [main] DEBUG org.apache.http.wire -  << "Content-Length: 39[\r][\n]"
08:37:58.810 [main] DEBUG org.apache.http.wire -  << "[\r][\n]"
08:37:58.810 [main] DEBUG org.apache.http.impl.conn.DefaultClientConnection - Receiving response: HTTP/1.1 400 Bad Request
08:37:58.810 [main] DEBUG org.apache.http.headers - << HTTP/1.1 400 Bad Request
08:37:58.810 [main] DEBUG org.apache.http.headers - << Content-Type: application/json; charset=UTF-8
08:37:58.810 [main] DEBUG org.apache.http.headers - << Vary: Origin
08:37:58.810 [main] DEBUG org.apache.http.headers - << Vary: Origin
08:37:58.810 [main] DEBUG org.apache.http.headers - << Date: Fri, 23 Jun 2023 01:38:03 GMT
08:37:58.810 [main] DEBUG org.apache.http.headers - << Content-Length: 39
08:37:58.810 [main] DEBUG org.apache.http.impl.client.DefaultHttpClient - Connection can be kept alive indefinitely
08:37:58.810 [main] DEBUG io.restassured.internal.RestAssuredHttpBuilder - Parsing response as: application/json; charset=UTF-8
08:37:58.810 [main] DEBUG io.restassured.internal.RestAssuredHttpBuilder - Parsed data to instance of: class org.apache.http.conn.EofSensorInputStream
08:37:58.811 [main] DEBUG org.apache.http.wire -  << "{"message":"missing or malformed jwt"}[\n]"
08:37:58.811 [main] DEBUG org.apache.http.impl.conn.BasicClientConnectionManager - Releasing connection org.apache.http.impl.conn.ManagedClientConnectionImpl@71bebbff
08:37:58.811 [main] DEBUG org.apache.http.impl.conn.BasicClientConnectionManager - Connection can be kept alive indefinitely
08:37:58.811 [main] DEBUG net.thucydides.core.steps.StepInterceptor - STEP DONE: I send GET HTTP request all threads invalid by admin
  &amp#27;[32mWhen &amp#27;[0m&amp#27;[32mI send GET HTTP request all threads invalid by admin&amp#27;[0m &amp#27;[90m# starter.stepdefinitions.ThreadsSteps.sendGetHttpRequestAllThreadsInvalidByAdmin()&amp#27;[0m
08:37:58.817 [main] DEBUG net.thucydides.core.steps.StepInterceptor - STARTING STEP: AuthUserSteps.receiveHttpResponseCode404 - I receive valid HTTP response code 400
08:37:58.817 [main] DEBUG net.thucydides.core.steps.StepInterceptor - STEP DONE: I receive valid HTTP response code 400
  &amp#27;[32mThen &amp#27;[0m&amp#27;[32mI receive valid HTTP response code 400&amp#27;[0m               &amp#27;[90m# starter.stepdefinitions.AuthUserSteps.receiveHttpResponseCode404()&amp#27;[0m
08:37:58.818 [main] DEBUG net.thucydides.core.steps.StepInterceptor - STARTING STEP: AuthUserSteps.receiveValidDataForResponseCode400 - I receive valid data for response code 400
08:37:58.819 [main] DEBUG net.thucydides.core.steps.StepInterceptor - STEP DONE: I receive valid data for response code 400
  &amp#27;[32mAnd &amp#27;[0m&amp#27;[32mI receive valid data for response code 400&amp#27;[0m            &amp#27;[90m# starter.stepdefinitions.AuthUserSteps.receiveValidDataForResponseCode400()&amp#27;[0m
08:37:58.820 [main] INFO  - 
  _____   ___   ___   _____     ___     _     ___   ___   ___   ___  
 |_   _| | __| / __| |_   _|   | _ \   /_\   / __| / __| | __| |   \ 
   | |   | _|  \__ \   | |     |  _/  / _ \  \__ \ \__ \ | _|  | |) |
   |_|   |___| |___/   |_|     |_|   /_/ \_\ |___/ |___/ |___| |___/ 

GET As an user I can't get all threads
----------------------------------------------------------------------
]]></system-out>
  </testcase>
  <testcase name="GET As an admin I can get thread by title" classname="ManageThread" time="0.267">
    <system-out><![CDATA[
@Thread @T39
Scenario: GET As an admin I can get thread by title &amp#27;[90m# src/test/resources/api/ManageThread.feature:305&amp#27;[0m
08:37:58.826 [main] INFO io.cucumber.core.plugin.SerenityReporter - Running feature from file:///C:/Users/Nafal%20Adi%20SL/Documents/GitHub/Capstone-QE/test-automation-API/src/test/resources/api/ManageThread.feature
08:37:58.826 [main] WARN io.cucumber.core.plugin.SerenityReporter - Feature from file:///C:/Users/Nafal%20Adi%20SL/Documents/GitHub/Capstone-QE/test-automation-API/src/test/resources/api/ManageThread.feature is not under the 'features' directory. Requirements report will not be correctly generated!
08:37:58.827 [main] INFO  - 
  _____   ___   ___   _____     ___   _____     _     ___   _____   ___   ___  
 |_   _| | __| / __| |_   _|   / __| |_   _|   /_\   | _ \ |_   _| | __| |   \ 
   | |   | _|  \__ \   | |     \__ \   | |    / _ \  |   /   | |   | _|  | |) |
   |_|   |___| |___/   |_|     |___/   |_|   /_/ \_\ |_|_\   |_|   |___| |___/ 

GET As an admin I can get thread by title(managethread;get-as-an-admin-i-can-get-thread-by-title)
--------------------------------------------------------------------------------
08:37:58.835 [main] DEBUG net.thucydides.core.steps.StepInterceptor - STARTING STEP: ThreadsSteps.setGetApiEndpointsByTitle - I set GET api endpoints thread by title
08:37:58.835 [main] DEBUG net.thucydides.core.steps.StepInterceptor - STEP DONE: I set GET api endpoints thread by title
  &amp#27;[32mGiven &amp#27;[0m&amp#27;[32mI set GET api endpoints thread by title&amp#27;[0m     &amp#27;[90m# starter.stepdefinitions.ThreadsSteps.setGetApiEndpointsByTitle()&amp#27;[0m
08:37:58.837 [main] DEBUG net.thucydides.core.steps.StepInterceptor - STARTING STEP: ThreadsSteps.sendGetHttpRequestByTitle - I send GET HTTP request thread by title
08:37:58.837 [main] DEBUG net.thucydides.core.steps.StepInterceptor - STARTING STEP: GetThreadsTitle.sendGetHttpRequest - I set GET api endpoints thread by title
08:37:58.837 [main] DEBUG net.thucydides.core.steps.StepInterceptor - STEP DONE: I set GET api endpoints thread by title
08:37:58.841 [main] DEBUG org.apache.http.impl.conn.BasicClientConnectionManager - Get connection for route {}->http://ec2-54-206-29-131.ap-southeast-2.compute.amazonaws.com:8000
08:37:58.841 [main] DEBUG org.apache.http.impl.conn.DefaultClientConnectionOperator - Connecting to ec2-54-206-29-131.ap-southeast-2.compute.amazonaws.com:8000
08:37:58.958 [main] DEBUG org.apache.http.client.protocol.RequestAddCookies - CookieSpec selected: ignoreCookies
08:37:58.958 [main] DEBUG org.apache.http.client.protocol.RequestAuthCache - Auth cache not set in the context
08:37:58.958 [main] DEBUG org.apache.http.client.protocol.RequestProxyAuthentication - Proxy auth state: UNCHALLENGED
08:37:58.958 [main] DEBUG org.apache.http.impl.client.DefaultHttpClient - Attempt 1 to execute request
08:37:58.958 [main] DEBUG org.apache.http.impl.conn.DefaultClientConnection - Sending request: GET /threads?title=1950 HTTP/1.1
08:37:58.958 [main] DEBUG org.apache.http.wire -  >> "GET /threads?title=1950 HTTP/1.1[\r][\n]"
08:37:58.958 [main] DEBUG org.apache.http.wire -  >> "Authorization: Bearer eyJhbGciOiJIUzI1NiIsInR5cCI6IkpXVCJ9.eyJleHAiOjE2ODc1NjQxOTcsIm5hbWUiOiJLZW5kcmljayIsInJvbGUiOiJVc2VyIiwidXNlcl9pZCI6MTN9.p2Rdg1yWJH_349Z-51pSbx60sUkrEL6hEGPfRb2E0_o[\r][\n]"
08:37:58.958 [main] DEBUG org.apache.http.wire -  >> "Accept: */*[\r][\n]"
08:37:58.958 [main] DEBUG org.apache.http.wire -  >> "Host: ec2-54-206-29-131.ap-southeast-2.compute.amazonaws.com:8000[\r][\n]"
08:37:58.958 [main] DEBUG org.apache.http.wire -  >> "Connection: Keep-Alive[\r][\n]"
08:37:58.958 [main] DEBUG org.apache.http.wire -  >> "User-Agent: Apache-HttpClient/4.5.13 (Java/11.0.12)[\r][\n]"
08:37:58.958 [main] DEBUG org.apache.http.wire -  >> "Accept-Encoding: gzip,deflate[\r][\n]"
08:37:58.958 [main] DEBUG org.apache.http.wire -  >> "[\r][\n]"
08:37:58.958 [main] DEBUG org.apache.http.headers - >> GET /threads?title=1950 HTTP/1.1
08:37:58.958 [main] DEBUG org.apache.http.headers - >> Authorization: Bearer eyJhbGciOiJIUzI1NiIsInR5cCI6IkpXVCJ9.eyJleHAiOjE2ODc1NjQxOTcsIm5hbWUiOiJLZW5kcmljayIsInJvbGUiOiJVc2VyIiwidXNlcl9pZCI6MTN9.p2Rdg1yWJH_349Z-51pSbx60sUkrEL6hEGPfRb2E0_o
08:37:58.958 [main] DEBUG org.apache.http.headers - >> Accept: */*
08:37:58.958 [main] DEBUG org.apache.http.headers - >> Host: ec2-54-206-29-131.ap-southeast-2.compute.amazonaws.com:8000
08:37:58.958 [main] DEBUG org.apache.http.headers - >> Connection: Keep-Alive
08:37:58.958 [main] DEBUG org.apache.http.headers - >> User-Agent: Apache-HttpClient/4.5.13 (Java/11.0.12)
08:37:58.958 [main] DEBUG org.apache.http.headers - >> Accept-Encoding: gzip,deflate
08:37:59.076 [main] DEBUG org.apache.http.wire -  << "HTTP/1.1 200 OK[\r][\n]"
08:37:59.076 [main] DEBUG org.apache.http.wire -  << "Content-Type: application/json; charset=UTF-8[\r][\n]"
08:37:59.076 [main] DEBUG org.apache.http.wire -  << "Vary: Origin[\r][\n]"
08:37:59.076 [main] DEBUG org.apache.http.wire -  << "Vary: Origin[\r][\n]"
08:37:59.076 [main] DEBUG org.apache.http.wire -  << "Date: Fri, 23 Jun 2023 01:38:03 GMT[\r][\n]"
08:37:59.076 [main] DEBUG org.apache.http.wire -  << "Content-Length: 65[\r][\n]"
08:37:59.076 [main] DEBUG org.apache.http.wire -  << "[\r][\n]"
08:37:59.076 [main] DEBUG org.apache.http.impl.conn.DefaultClientConnection - Receiving response: HTTP/1.1 200 OK
08:37:59.076 [main] DEBUG org.apache.http.headers - << HTTP/1.1 200 OK
08:37:59.076 [main] DEBUG org.apache.http.headers - << Content-Type: application/json; charset=UTF-8
08:37:59.076 [main] DEBUG org.apache.http.headers - << Vary: Origin
08:37:59.076 [main] DEBUG org.apache.http.headers - << Vary: Origin
08:37:59.076 [main] DEBUG org.apache.http.headers - << Date: Fri, 23 Jun 2023 01:38:03 GMT
08:37:59.076 [main] DEBUG org.apache.http.headers - << Content-Length: 65
08:37:59.076 [main] DEBUG org.apache.http.impl.client.DefaultHttpClient - Connection can be kept alive indefinitely
08:37:59.076 [main] DEBUG io.restassured.internal.RestAssuredHttpBuilder - Parsing response as: application/json; charset=UTF-8
08:37:59.077 [main] DEBUG io.restassured.internal.RestAssuredHttpBuilder - Parsed data to instance of: class org.apache.http.conn.EofSensorInputStream
08:37:59.077 [main] DEBUG org.apache.http.wire -  << "{"message":"Successfully retrieved thread by title","thread":[]}[\n]"
08:37:59.077 [main] DEBUG org.apache.http.impl.conn.BasicClientConnectionManager - Releasing connection org.apache.http.impl.conn.ManagedClientConnectionImpl@22271065
08:37:59.077 [main] DEBUG org.apache.http.impl.conn.BasicClientConnectionManager - Connection can be kept alive indefinitely
08:37:59.077 [main] DEBUG net.thucydides.core.steps.StepInterceptor - STEP DONE: I send GET HTTP request thread by title
  &amp#27;[32mWhen &amp#27;[0m&amp#27;[32mI send GET HTTP request thread by title&amp#27;[0m      &amp#27;[90m# starter.stepdefinitions.ThreadsSteps.sendGetHttpRequestByTitle()&amp#27;[0m
08:37:59.083 [main] DEBUG net.thucydides.core.steps.StepInterceptor - STARTING STEP: AuthUserSteps.receiveValidHttpResponseCode200 - I receive valid HTTP response code 200
08:37:59.083 [main] DEBUG net.thucydides.core.steps.StepInterceptor - STEP DONE: I receive valid HTTP response code 200
  &amp#27;[32mThen &amp#27;[0m&amp#27;[32mI receive valid HTTP response code 200&amp#27;[0m       &amp#27;[90m# starter.stepdefinitions.AuthUserSteps.receiveValidHttpResponseCode200()&amp#27;[0m
08:37:59.085 [main] DEBUG net.thucydides.core.steps.StepInterceptor - STARTING STEP: AuthUserSteps.receiveValidDataForResponseCode200 - I receive valid data for response code 200
08:37:59.085 [main] DEBUG net.thucydides.core.steps.StepInterceptor - STEP DONE: I receive valid data for response code 200
  &amp#27;[32mAnd &amp#27;[0m&amp#27;[32mI receive valid data for response code 200&amp#27;[0m    &amp#27;[90m# starter.stepdefinitions.AuthUserSteps.receiveValidDataForResponseCode200()&amp#27;[0m
08:37:59.086 [main] INFO  - 
  _____   ___   ___   _____     ___     _     ___   ___   ___   ___  
 |_   _| | __| / __| |_   _|   | _ \   /_\   / __| / __| | __| |   \ 
   | |   | _|  \__ \   | |     |  _/  / _ \  \__ \ \__ \ | _|  | |) |
   |_|   |___| |___/   |_|     |_|   /_/ \_\ |___/ |___/ |___| |___/ 

GET As an admin I can get thread by title
----------------------------------------------------------------------
]]></system-out>
  </testcase>
  <testcase name="GET As an admin I can&apos;t get thread by title" classname="ManageThread" time="0.279">
    <system-out><![CDATA[
@Thread @T40
Scenario: GET As an admin I can't get thread by title   &amp#27;[90m# src/test/resources/api/ManageThread.feature:312&amp#27;[0m
08:37:59.092 [main] INFO io.cucumber.core.plugin.SerenityReporter - Running feature from file:///C:/Users/Nafal%20Adi%20SL/Documents/GitHub/Capstone-QE/test-automation-API/src/test/resources/api/ManageThread.feature
08:37:59.092 [main] WARN io.cucumber.core.plugin.SerenityReporter - Feature from file:///C:/Users/Nafal%20Adi%20SL/Documents/GitHub/Capstone-QE/test-automation-API/src/test/resources/api/ManageThread.feature is not under the 'features' directory. Requirements report will not be correctly generated!
08:37:59.093 [main] INFO  - 
  _____   ___   ___   _____     ___   _____     _     ___   _____   ___   ___  
 |_   _| | __| / __| |_   _|   / __| |_   _|   /_\   | _ \ |_   _| | __| |   \ 
   | |   | _|  \__ \   | |     \__ \   | |    / _ \  |   /   | |   | _|  | |) |
   |_|   |___| |___/   |_|     |___/   |_|   /_/ \_\ |_|_\   |_|   |___| |___/ 

GET As an admin I can't get thread by title(managethread;get-as-an-admin-i-can-t-get-thread-by-title)
--------------------------------------------------------------------------------
08:37:59.102 [main] DEBUG net.thucydides.core.steps.StepInterceptor - STARTING STEP: ThreadsSteps.setGetApiEndpointsByTitleInvalid - I set GET api endpoints thread by title invalid
08:37:59.102 [main] DEBUG net.thucydides.core.steps.StepInterceptor - STEP DONE: I set GET api endpoints thread by title invalid
  &amp#27;[32mGiven &amp#27;[0m&amp#27;[32mI set GET api endpoints thread by title invalid&amp#27;[0m &amp#27;[90m# starter.stepdefinitions.ThreadsSteps.setGetApiEndpointsByTitleInvalid()&amp#27;[0m
08:37:59.103 [main] DEBUG net.thucydides.core.steps.StepInterceptor - STARTING STEP: ThreadsSteps.sendGetHttpRequestByTitleInvalid - I send GET HTTP request thread by title invalid
08:37:59.103 [main] DEBUG net.thucydides.core.steps.StepInterceptor - STARTING STEP: GetThreadsTitle.sendGetHttpRequestInvalid - I set GET api endpoints thread by title invalid
08:37:59.103 [main] DEBUG net.thucydides.core.steps.StepInterceptor - STEP DONE: I set GET api endpoints thread by title invalid
08:37:59.107 [main] DEBUG org.apache.http.impl.conn.BasicClientConnectionManager - Get connection for route {}->http://ec2-54-206-29-131.ap-southeast-2.compute.amazonaws.com:8000
08:37:59.107 [main] DEBUG org.apache.http.impl.conn.DefaultClientConnectionOperator - Connecting to ec2-54-206-29-131.ap-southeast-2.compute.amazonaws.com:8000
08:37:59.242 [main] DEBUG org.apache.http.client.protocol.RequestAddCookies - CookieSpec selected: ignoreCookies
08:37:59.242 [main] DEBUG org.apache.http.client.protocol.RequestAuthCache - Auth cache not set in the context
08:37:59.242 [main] DEBUG org.apache.http.client.protocol.RequestProxyAuthentication - Proxy auth state: UNCHALLENGED
08:37:59.242 [main] DEBUG org.apache.http.impl.client.DefaultHttpClient - Attempt 1 to execute request
08:37:59.242 [main] DEBUG org.apache.http.impl.conn.DefaultClientConnection - Sending request: GET /threadss?title=1945 HTTP/1.1
08:37:59.242 [main] DEBUG org.apache.http.wire -  >> "GET /threadss?title=1945 HTTP/1.1[\r][\n]"
08:37:59.242 [main] DEBUG org.apache.http.wire -  >> "Authorization: Bearer eyJhbGciOiJIUzI1NiIsInR5cCI6IkpXVCJ9.eyJleHAiOjE2ODc1NjQxOTcsIm5hbWUiOiJLZW5kcmljayIsInJvbGUiOiJVc2VyIiwidXNlcl9pZCI6MTN9.p2Rdg1yWJH_349Z-51pSbx60sUkrEL6hEGPfRb2E0_o[\r][\n]"
08:37:59.242 [main] DEBUG org.apache.http.wire -  >> "Accept: */*[\r][\n]"
08:37:59.242 [main] DEBUG org.apache.http.wire -  >> "Host: ec2-54-206-29-131.ap-southeast-2.compute.amazonaws.com:8000[\r][\n]"
08:37:59.242 [main] DEBUG org.apache.http.wire -  >> "Connection: Keep-Alive[\r][\n]"
08:37:59.242 [main] DEBUG org.apache.http.wire -  >> "User-Agent: Apache-HttpClient/4.5.13 (Java/11.0.12)[\r][\n]"
08:37:59.242 [main] DEBUG org.apache.http.wire -  >> "Accept-Encoding: gzip,deflate[\r][\n]"
08:37:59.242 [main] DEBUG org.apache.http.wire -  >> "[\r][\n]"
08:37:59.242 [main] DEBUG org.apache.http.headers - >> GET /threadss?title=1945 HTTP/1.1
08:37:59.242 [main] DEBUG org.apache.http.headers - >> Authorization: Bearer eyJhbGciOiJIUzI1NiIsInR5cCI6IkpXVCJ9.eyJleHAiOjE2ODc1NjQxOTcsIm5hbWUiOiJLZW5kcmljayIsInJvbGUiOiJVc2VyIiwidXNlcl9pZCI6MTN9.p2Rdg1yWJH_349Z-51pSbx60sUkrEL6hEGPfRb2E0_o
08:37:59.242 [main] DEBUG org.apache.http.headers - >> Accept: */*
08:37:59.242 [main] DEBUG org.apache.http.headers - >> Host: ec2-54-206-29-131.ap-southeast-2.compute.amazonaws.com:8000
08:37:59.242 [main] DEBUG org.apache.http.headers - >> Connection: Keep-Alive
08:37:59.242 [main] DEBUG org.apache.http.headers - >> User-Agent: Apache-HttpClient/4.5.13 (Java/11.0.12)
08:37:59.242 [main] DEBUG org.apache.http.headers - >> Accept-Encoding: gzip,deflate
08:37:59.361 [main] DEBUG org.apache.http.wire -  << "HTTP/1.1 404 Not Found[\r][\n]"
08:37:59.361 [main] DEBUG org.apache.http.wire -  << "Content-Type: application/json; charset=UTF-8[\r][\n]"
08:37:59.361 [main] DEBUG org.apache.http.wire -  << "Vary: Origin[\r][\n]"
08:37:59.361 [main] DEBUG org.apache.http.wire -  << "Vary: Origin[\r][\n]"
08:37:59.361 [main] DEBUG org.apache.http.wire -  << "Date: Fri, 23 Jun 2023 01:38:03 GMT[\r][\n]"
08:37:59.361 [main] DEBUG org.apache.http.wire -  << "Content-Length: 24[\r][\n]"
08:37:59.361 [main] DEBUG org.apache.http.wire -  << "[\r][\n]"
08:37:59.361 [main] DEBUG org.apache.http.impl.conn.DefaultClientConnection - Receiving response: HTTP/1.1 404 Not Found
08:37:59.361 [main] DEBUG org.apache.http.headers - << HTTP/1.1 404 Not Found
08:37:59.361 [main] DEBUG org.apache.http.headers - << Content-Type: application/json; charset=UTF-8
08:37:59.361 [main] DEBUG org.apache.http.headers - << Vary: Origin
08:37:59.361 [main] DEBUG org.apache.http.headers - << Vary: Origin
08:37:59.361 [main] DEBUG org.apache.http.headers - << Date: Fri, 23 Jun 2023 01:38:03 GMT
08:37:59.361 [main] DEBUG org.apache.http.headers - << Content-Length: 24
08:37:59.361 [main] DEBUG org.apache.http.impl.client.DefaultHttpClient - Connection can be kept alive indefinitely
08:37:59.361 [main] DEBUG io.restassured.internal.RestAssuredHttpBuilder - Parsing response as: application/json; charset=UTF-8
08:37:59.361 [main] DEBUG io.restassured.internal.RestAssuredHttpBuilder - Parsed data to instance of: class org.apache.http.conn.EofSensorInputStream
08:37:59.361 [main] DEBUG org.apache.http.wire -  << "{"message":"Not Found"}[\n]"
08:37:59.361 [main] DEBUG org.apache.http.impl.conn.BasicClientConnectionManager - Releasing connection org.apache.http.impl.conn.ManagedClientConnectionImpl@704e27f9
08:37:59.361 [main] DEBUG org.apache.http.impl.conn.BasicClientConnectionManager - Connection can be kept alive indefinitely
08:37:59.361 [main] DEBUG net.thucydides.core.steps.StepInterceptor - STEP DONE: I send GET HTTP request thread by title invalid
  &amp#27;[32mWhen &amp#27;[0m&amp#27;[32mI send GET HTTP request thread by title invalid&amp#27;[0m  &amp#27;[90m# starter.stepdefinitions.ThreadsSteps.sendGetHttpRequestByTitleInvalid()&amp#27;[0m
08:37:59.363 [main] DEBUG net.thucydides.core.steps.StepInterceptor - STARTING STEP: ThreadsSteps.receiveHttpResponseCode404 - I receive valid HTTP response code 404
08:37:59.363 [main] DEBUG net.thucydides.core.steps.StepInterceptor - STEP DONE: I receive valid HTTP response code 404
  &amp#27;[32mThen &amp#27;[0m&amp#27;[32mI receive valid HTTP response code 404&amp#27;[0m           &amp#27;[90m# starter.stepdefinitions.ThreadsSteps.receiveHttpResponseCode404()&amp#27;[0m
08:37:59.364 [main] DEBUG net.thucydides.core.steps.StepInterceptor - STARTING STEP: ThreadsSteps.receiveValidDataForResponseCode404 - I receive valid data for response code 404
08:37:59.365 [main] DEBUG net.thucydides.core.steps.StepInterceptor - STEP DONE: I receive valid data for response code 404
  &amp#27;[32mAnd &amp#27;[0m&amp#27;[32mI receive valid data for response code 404&amp#27;[0m        &amp#27;[90m# starter.stepdefinitions.ThreadsSteps.receiveValidDataForResponseCode404()&amp#27;[0m
08:37:59.365 [main] INFO  - 
  _____   ___   ___   _____     ___     _     ___   ___   ___   ___  
 |_   _| | __| / __| |_   _|   | _ \   /_\   / __| / __| | __| |   \ 
   | |   | _|  \__ \   | |     |  _/  / _ \  \__ \ \__ \ | _|  | |) |
   |_|   |___| |___/   |_|     |_|   /_/ \_\ |___/ |___/ |___| |___/ 

GET As an admin I can't get thread by title
----------------------------------------------------------------------
]]></system-out>
  </testcase>
  <testcase name="GET As an user I can get thread by topic" classname="ManageThread" time="0.269">
    <system-out><![CDATA[
@Thread @T41
Scenario: GET As an user I can get thread by topic &amp#27;[90m# src/test/resources/api/ManageThread.feature:320&amp#27;[0m
08:37:59.371 [main] INFO io.cucumber.core.plugin.SerenityReporter - Running feature from file:///C:/Users/Nafal%20Adi%20SL/Documents/GitHub/Capstone-QE/test-automation-API/src/test/resources/api/ManageThread.feature
08:37:59.371 [main] WARN io.cucumber.core.plugin.SerenityReporter - Feature from file:///C:/Users/Nafal%20Adi%20SL/Documents/GitHub/Capstone-QE/test-automation-API/src/test/resources/api/ManageThread.feature is not under the 'features' directory. Requirements report will not be correctly generated!
08:37:59.372 [main] INFO  - 
  _____   ___   ___   _____     ___   _____     _     ___   _____   ___   ___  
 |_   _| | __| / __| |_   _|   / __| |_   _|   /_\   | _ \ |_   _| | __| |   \ 
   | |   | _|  \__ \   | |     \__ \   | |    / _ \  |   /   | |   | _|  | |) |
   |_|   |___| |___/   |_|     |___/   |_|   /_/ \_\ |_|_\   |_|   |___| |___/ 

GET As an user I can get thread by topic(managethread;get-as-an-user-i-can-get-thread-by-topic)
--------------------------------------------------------------------------------
08:37:59.380 [main] DEBUG net.thucydides.core.steps.StepInterceptor - STARTING STEP: ThreadsSteps.setGetApiEndpointsByTopic - I set GET api endpoints thread by topic
08:37:59.380 [main] DEBUG net.thucydides.core.steps.StepInterceptor - STEP DONE: I set GET api endpoints thread by topic
  &amp#27;[32mGiven &amp#27;[0m&amp#27;[32mI set GET api endpoints thread by topic&amp#27;[0m    &amp#27;[90m# starter.stepdefinitions.ThreadsSteps.setGetApiEndpointsByTopic()&amp#27;[0m
08:37:59.381 [main] DEBUG net.thucydides.core.steps.StepInterceptor - STARTING STEP: ThreadsSteps.sendGetHttpRequestByTopic - I send GET HTTP request thread by topic
08:37:59.382 [main] DEBUG net.thucydides.core.steps.StepInterceptor - STARTING STEP: GetThreadsTopic.sendGetHttpRequest - I set GET api endpoints thread by topic
08:37:59.382 [main] DEBUG net.thucydides.core.steps.StepInterceptor - STEP DONE: I set GET api endpoints thread by topic
08:37:59.385 [main] DEBUG org.apache.http.impl.conn.BasicClientConnectionManager - Get connection for route {}->http://ec2-54-206-29-131.ap-southeast-2.compute.amazonaws.com:8000
08:37:59.385 [main] DEBUG org.apache.http.impl.conn.DefaultClientConnectionOperator - Connecting to ec2-54-206-29-131.ap-southeast-2.compute.amazonaws.com:8000
08:37:59.503 [main] DEBUG org.apache.http.client.protocol.RequestAddCookies - CookieSpec selected: ignoreCookies
08:37:59.503 [main] DEBUG org.apache.http.client.protocol.RequestAuthCache - Auth cache not set in the context
08:37:59.504 [main] DEBUG org.apache.http.client.protocol.RequestProxyAuthentication - Proxy auth state: UNCHALLENGED
08:37:59.504 [main] DEBUG org.apache.http.impl.client.DefaultHttpClient - Attempt 1 to execute request
08:37:59.504 [main] DEBUG org.apache.http.impl.conn.DefaultClientConnection - Sending request: GET /threads?topic=1950 HTTP/1.1
08:37:59.504 [main] DEBUG org.apache.http.wire -  >> "GET /threads?topic=1950 HTTP/1.1[\r][\n]"
08:37:59.504 [main] DEBUG org.apache.http.wire -  >> "Authorization: Bearer eyJhbGciOiJIUzI1NiIsInR5cCI6IkpXVCJ9.eyJleHAiOjE2ODc1NjQxOTcsIm5hbWUiOiJLZW5kcmljayIsInJvbGUiOiJVc2VyIiwidXNlcl9pZCI6MTN9.p2Rdg1yWJH_349Z-51pSbx60sUkrEL6hEGPfRb2E0_o[\r][\n]"
08:37:59.504 [main] DEBUG org.apache.http.wire -  >> "Accept: */*[\r][\n]"
08:37:59.504 [main] DEBUG org.apache.http.wire -  >> "Host: ec2-54-206-29-131.ap-southeast-2.compute.amazonaws.com:8000[\r][\n]"
08:37:59.504 [main] DEBUG org.apache.http.wire -  >> "Connection: Keep-Alive[\r][\n]"
08:37:59.504 [main] DEBUG org.apache.http.wire -  >> "User-Agent: Apache-HttpClient/4.5.13 (Java/11.0.12)[\r][\n]"
08:37:59.504 [main] DEBUG org.apache.http.wire -  >> "Accept-Encoding: gzip,deflate[\r][\n]"
08:37:59.504 [main] DEBUG org.apache.http.wire -  >> "[\r][\n]"
08:37:59.504 [main] DEBUG org.apache.http.headers - >> GET /threads?topic=1950 HTTP/1.1
08:37:59.504 [main] DEBUG org.apache.http.headers - >> Authorization: Bearer eyJhbGciOiJIUzI1NiIsInR5cCI6IkpXVCJ9.eyJleHAiOjE2ODc1NjQxOTcsIm5hbWUiOiJLZW5kcmljayIsInJvbGUiOiJVc2VyIiwidXNlcl9pZCI6MTN9.p2Rdg1yWJH_349Z-51pSbx60sUkrEL6hEGPfRb2E0_o
08:37:59.504 [main] DEBUG org.apache.http.headers - >> Accept: */*
08:37:59.504 [main] DEBUG org.apache.http.headers - >> Host: ec2-54-206-29-131.ap-southeast-2.compute.amazonaws.com:8000
08:37:59.504 [main] DEBUG org.apache.http.headers - >> Connection: Keep-Alive
08:37:59.504 [main] DEBUG org.apache.http.headers - >> User-Agent: Apache-HttpClient/4.5.13 (Java/11.0.12)
08:37:59.504 [main] DEBUG org.apache.http.headers - >> Accept-Encoding: gzip,deflate
08:37:59.623 [main] DEBUG org.apache.http.wire -  << "HTTP/1.1 200 OK[\r][\n]"
08:37:59.623 [main] DEBUG org.apache.http.wire -  << "Content-Type: application/json; charset=UTF-8[\r][\n]"
08:37:59.623 [main] DEBUG org.apache.http.wire -  << "Vary: Origin[\r][\n]"
08:37:59.623 [main] DEBUG org.apache.http.wire -  << "Vary: Origin[\r][\n]"
08:37:59.623 [main] DEBUG org.apache.http.wire -  << "Date: Fri, 23 Jun 2023 01:38:03 GMT[\r][\n]"
08:37:59.623 [main] DEBUG org.apache.http.wire -  << "Transfer-Encoding: chunked[\r][\n]"
08:37:59.623 [main] DEBUG org.apache.http.wire -  << "[\r][\n]"
08:37:59.623 [main] DEBUG org.apache.http.impl.conn.DefaultClientConnection - Receiving response: HTTP/1.1 200 OK
08:37:59.623 [main] DEBUG org.apache.http.headers - << HTTP/1.1 200 OK
08:37:59.623 [main] DEBUG org.apache.http.headers - << Content-Type: application/json; charset=UTF-8
08:37:59.623 [main] DEBUG org.apache.http.headers - << Vary: Origin
08:37:59.623 [main] DEBUG org.apache.http.headers - << Vary: Origin
08:37:59.623 [main] DEBUG org.apache.http.headers - << Date: Fri, 23 Jun 2023 01:38:03 GMT
08:37:59.623 [main] DEBUG org.apache.http.headers - << Transfer-Encoding: chunked
08:37:59.623 [main] DEBUG org.apache.http.impl.client.DefaultHttpClient - Connection can be kept alive indefinitely
08:37:59.623 [main] DEBUG io.restassured.internal.RestAssuredHttpBuilder - Parsing response as: application/json; charset=UTF-8
08:37:59.623 [main] DEBUG io.restassured.internal.RestAssuredHttpBuilder - Parsed data to instance of: class org.apache.http.conn.EofSensorInputStream
08:37:59.623 [main] DEBUG org.apache.http.wire -  << "e06[\r][\n]"
08:37:59.623 [main] DEBUG org.apache.http.wire -  << "{"message":"Successfully retrieved thread by title","thread":[{"ID":11,"CreatedAt":"2023-06-22T09:37:54.194Z","UpdatedAt":"2023-06-23T01:37:55.46Z","DeletedAt":null,"title":"For a Breath I Tarry","content":"Porro incidunt aut. Eveniet voluptatem similique optio quisquam aut praesentium. Qui numquam minima sit molestias magni in. Autem voluptatum perspiciatis.","file":"","user_id":13,"user":{"ID":0,"CreatedAt":"0001-01-01T00:00:00Z","UpdatedAt":"0001-01-01T00:00:00Z","DeletedAt":null,"username":"","email":"","password":"","image_url":"","age":0,"bio":"","role":"","threads":null,"Bookmarked":null},"comment":null,"BookmarkedUser":null,"like":null},{"ID":12,"CreatedAt":"2023-06-22T09:59:54.91Z","UpdatedAt":"2023-06-22T09:59:54.91Z","DeletedAt":null,"title":"1952","content":"wb","file":"","user_id":1,"user":{"ID":0,"CreatedAt":"0001-01-01T00:00:00Z","UpdatedAt":"0001-01-01T00:00:00Z","DeletedAt":null,"username":"","email":"","password":"","image_url":"","age":0,"bio":"","role":"","threads":null,"Bookmarked":null},"comment":null,"BookmarkedUser":null,"like":null},{"ID":13,"CreatedAt":"2023-06-22T13:28:26.184Z","UpdatedAt":"2023-06-22T13:28:26.184Z","DeletedAt":null,"title":"test baru","content":"lormllrmlorm","file":"","user_id":3,"user":{"ID":0,"CreatedAt":"0001-01-01T00:00:00Z","UpdatedAt":"0001-01-01T00:00:00Z","DeletedAt":null,"username":"","email":"","password":"","image_url":"","age":0,"bio":"","role":"","threads":null,"Bookmarked":null},"comment":null,"BookmarkedUser":null,"like":null},{"ID":14,"CreatedAt":"2023-06-22T16:11:04.672Z","UpdatedAt":"2023-06-22T16:11:04.672Z","DeletedAt":null,"title":"Bulan Purnama","content":"wb","file":"","user_id":8,"user":{"ID":0,"CreatedAt":"0001-01-01T00:00:00Z","UpdatedAt":"0001-01-01T00:00:00Z","DeletedAt":null,"username":"","email":"","password":"","image_url":"","age":0,"bio":"","role":"","threads":null,"Bookmarked":null},"comment":null,"BookmarkedUser":null,"like":null},{"ID":15,"CreatedAt":"2023-06-22T17:02:55.194Z","UpdatedAt":"2023-06-22T17:02:55.194Z","DeletedAt":null,"title":"Bulan Purnama Senja","content":"Fantasi","file":"","user_id":8,"user":{"ID":0,"CreatedAt":"0001-01-01T00:00:00Z","UpdatedAt":"0001-01-01T00:00:00Z","DeletedAt":null,"username":"","email":"","password":"","image_url":"","age":0,"bio":"","role":"","threads":null,"Bookmarked":null},"comment":null,"BookmarkedUser":null,"like":null},{"ID":22,"CreatedAt":"2023-06-23T01:09:05.652Z","UpdatedAt":"2023-06-23T01:09:05.652Z","DeletedAt":null,"title":"A Darkling Plain","content":"Consequatur aut sequi. Amet in et et earum voluptatem qui. Maiores accusamus quia asperiores ut consequatur sint labore. Ipsam et n"
08:37:59.623 [main] DEBUG org.apache.http.wire -  << "emo odio ullam enim. Minima quod minus dolores aliquid nihil.","file":"","user_id":13,"user":{"ID":0,"CreatedAt":"0001-01-01T00:00:00Z","UpdatedAt":"0001-01-01T00:00:00Z","DeletedAt":null,"username":"","email":"","password":"","image_url":"","age":0,"bio":"","role":"","threads":null,"Bookmarked":null},"comment":null,"BookmarkedUser":null,"like":null},{"ID":23,"CreatedAt":"2023-06-23T01:37:52.248Z","UpdatedAt":"2023-06-23T01:37:52.248Z","DeletedAt":null,"title":"Consider the Lilies","content":"Est neque veritatis nihil eos inventore. Earum modi voluptas repellendus excepturi voluptatem et. Quo ab beatae et unde. Explicabo non et.","file":"","user_id":13,"user":{"ID":0,"CreatedAt":"0001-01-01T00:00:00Z","UpdatedAt":"0001-01-01T00:00:00Z","DeletedAt":null,"username":"","email":"","password":"","image_url":"","age":0,"bio":"","role":"","threads":null,"Bookmarked":null},"comment":null,"BookmarkedUser":null,"like":null}]}[\n]"
08:37:59.623 [main] DEBUG org.apache.http.wire -  << "[\r][\n]"
08:37:59.623 [main] DEBUG org.apache.http.wire -  << "0[\r][\n]"
08:37:59.623 [main] DEBUG org.apache.http.wire -  << "[\r][\n]"
08:37:59.623 [main] DEBUG org.apache.http.impl.conn.BasicClientConnectionManager - Releasing connection org.apache.http.impl.conn.ManagedClientConnectionImpl@6f50f047
08:37:59.624 [main] DEBUG org.apache.http.impl.conn.BasicClientConnectionManager - Connection can be kept alive indefinitely
08:37:59.625 [main] DEBUG net.thucydides.core.steps.StepInterceptor - STEP DONE: I send GET HTTP request thread by topic
  &amp#27;[32mWhen &amp#27;[0m&amp#27;[32mI send GET HTTP request thread by topic&amp#27;[0m     &amp#27;[90m# starter.stepdefinitions.ThreadsSteps.sendGetHttpRequestByTopic()&amp#27;[0m
08:37:59.631 [main] DEBUG net.thucydides.core.steps.StepInterceptor - STARTING STEP: AuthUserSteps.receiveValidHttpResponseCode200 - I receive valid HTTP response code 200
08:37:59.631 [main] DEBUG net.thucydides.core.steps.StepInterceptor - STEP DONE: I receive valid HTTP response code 200
  &amp#27;[32mThen &amp#27;[0m&amp#27;[32mI receive valid HTTP response code 200&amp#27;[0m      &amp#27;[90m# starter.stepdefinitions.AuthUserSteps.receiveValidHttpResponseCode200()&amp#27;[0m
08:37:59.632 [main] DEBUG net.thucydides.core.steps.StepInterceptor - STARTING STEP: AuthUserSteps.receiveValidDataForResponseCode200 - I receive valid data for response code 200
08:37:59.634 [main] DEBUG net.thucydides.core.steps.StepInterceptor - STEP DONE: I receive valid data for response code 200
  &amp#27;[32mAnd &amp#27;[0m&amp#27;[32mI receive valid data for response code 200&amp#27;[0m   &amp#27;[90m# starter.stepdefinitions.AuthUserSteps.receiveValidDataForResponseCode200()&amp#27;[0m
08:37:59.635 [main] INFO  - 
  _____   ___   ___   _____     ___     _     ___   ___   ___   ___  
 |_   _| | __| / __| |_   _|   | _ \   /_\   / __| / __| | __| |   \ 
   | |   | _|  \__ \   | |     |  _/  / _ \  \__ \ \__ \ | _|  | |) |
   |_|   |___| |___/   |_|     |_|   /_/ \_\ |___/ |___/ |___| |___/ 

GET As an user I can get thread by topic
----------------------------------------------------------------------
]]></system-out>
  </testcase>
  <testcase name="GET As an user I can&apos;t get thread by topic" classname="ManageThread" time="0.263">
    <system-out><![CDATA[
@Thread @T42
Scenario: GET As an user I can't get thread by topic    &amp#27;[90m# src/test/resources/api/ManageThread.feature:327&amp#27;[0m
08:37:59.639 [main] INFO io.cucumber.core.plugin.SerenityReporter - Running feature from file:///C:/Users/Nafal%20Adi%20SL/Documents/GitHub/Capstone-QE/test-automation-API/src/test/resources/api/ManageThread.feature
08:37:59.639 [main] WARN io.cucumber.core.plugin.SerenityReporter - Feature from file:///C:/Users/Nafal%20Adi%20SL/Documents/GitHub/Capstone-QE/test-automation-API/src/test/resources/api/ManageThread.feature is not under the 'features' directory. Requirements report will not be correctly generated!
08:37:59.640 [main] INFO  - 
  _____   ___   ___   _____     ___   _____     _     ___   _____   ___   ___  
 |_   _| | __| / __| |_   _|   / __| |_   _|   /_\   | _ \ |_   _| | __| |   \ 
   | |   | _|  \__ \   | |     \__ \   | |    / _ \  |   /   | |   | _|  | |) |
   |_|   |___| |___/   |_|     |___/   |_|   /_/ \_\ |_|_\   |_|   |___| |___/ 

GET As an user I can't get thread by topic(managethread;get-as-an-user-i-can-t-get-thread-by-topic)
--------------------------------------------------------------------------------
08:37:59.650 [main] DEBUG net.thucydides.core.steps.StepInterceptor - STARTING STEP: ThreadsSteps.setGetApiEndpointsByTopicInvalid - I set GET api endpoints thread by topic invalid
08:37:59.650 [main] DEBUG net.thucydides.core.steps.StepInterceptor - STEP DONE: I set GET api endpoints thread by topic invalid
  &amp#27;[32mGiven &amp#27;[0m&amp#27;[32mI set GET api endpoints thread by topic invalid&amp#27;[0m &amp#27;[90m# starter.stepdefinitions.ThreadsSteps.setGetApiEndpointsByTopicInvalid()&amp#27;[0m
08:37:59.651 [main] DEBUG net.thucydides.core.steps.StepInterceptor - STARTING STEP: ThreadsSteps.sendGetHttpRequestByTopicInvalid - I send GET HTTP request thread by topic invalid
08:37:59.652 [main] DEBUG net.thucydides.core.steps.StepInterceptor - STARTING STEP: GetThreadsTopic.sendGetHttpRequestInvalid - I set GET api endpoints thread by topic invalid
08:37:59.652 [main] DEBUG net.thucydides.core.steps.StepInterceptor - STEP DONE: I set GET api endpoints thread by topic invalid
08:37:59.655 [main] DEBUG org.apache.http.impl.conn.BasicClientConnectionManager - Get connection for route {}->http://ec2-54-206-29-131.ap-southeast-2.compute.amazonaws.com:8000
08:37:59.655 [main] DEBUG org.apache.http.impl.conn.DefaultClientConnectionOperator - Connecting to ec2-54-206-29-131.ap-southeast-2.compute.amazonaws.com:8000
08:37:59.772 [main] DEBUG org.apache.http.client.protocol.RequestAddCookies - CookieSpec selected: ignoreCookies
08:37:59.772 [main] DEBUG org.apache.http.client.protocol.RequestAuthCache - Auth cache not set in the context
08:37:59.772 [main] DEBUG org.apache.http.client.protocol.RequestProxyAuthentication - Proxy auth state: UNCHALLENGED
08:37:59.772 [main] DEBUG org.apache.http.impl.client.DefaultHttpClient - Attempt 1 to execute request
08:37:59.772 [main] DEBUG org.apache.http.impl.conn.DefaultClientConnection - Sending request: GET /threadss?topic=2023 HTTP/1.1
08:37:59.772 [main] DEBUG org.apache.http.wire -  >> "GET /threadss?topic=2023 HTTP/1.1[\r][\n]"
08:37:59.772 [main] DEBUG org.apache.http.wire -  >> "Authorization: Bearer eyJhbGciOiJIUzI1NiIsInR5cCI6IkpXVCJ9.eyJleHAiOjE2ODc1NjQxOTcsIm5hbWUiOiJLZW5kcmljayIsInJvbGUiOiJVc2VyIiwidXNlcl9pZCI6MTN9.p2Rdg1yWJH_349Z-51pSbx60sUkrEL6hEGPfRb2E0_o[\r][\n]"
08:37:59.772 [main] DEBUG org.apache.http.wire -  >> "Accept: */*[\r][\n]"
08:37:59.772 [main] DEBUG org.apache.http.wire -  >> "Host: ec2-54-206-29-131.ap-southeast-2.compute.amazonaws.com:8000[\r][\n]"
08:37:59.772 [main] DEBUG org.apache.http.wire -  >> "Connection: Keep-Alive[\r][\n]"
08:37:59.772 [main] DEBUG org.apache.http.wire -  >> "User-Agent: Apache-HttpClient/4.5.13 (Java/11.0.12)[\r][\n]"
08:37:59.772 [main] DEBUG org.apache.http.wire -  >> "Accept-Encoding: gzip,deflate[\r][\n]"
08:37:59.772 [main] DEBUG org.apache.http.wire -  >> "[\r][\n]"
08:37:59.772 [main] DEBUG org.apache.http.headers - >> GET /threadss?topic=2023 HTTP/1.1
08:37:59.772 [main] DEBUG org.apache.http.headers - >> Authorization: Bearer eyJhbGciOiJIUzI1NiIsInR5cCI6IkpXVCJ9.eyJleHAiOjE2ODc1NjQxOTcsIm5hbWUiOiJLZW5kcmljayIsInJvbGUiOiJVc2VyIiwidXNlcl9pZCI6MTN9.p2Rdg1yWJH_349Z-51pSbx60sUkrEL6hEGPfRb2E0_o
08:37:59.772 [main] DEBUG org.apache.http.headers - >> Accept: */*
08:37:59.772 [main] DEBUG org.apache.http.headers - >> Host: ec2-54-206-29-131.ap-southeast-2.compute.amazonaws.com:8000
08:37:59.772 [main] DEBUG org.apache.http.headers - >> Connection: Keep-Alive
08:37:59.772 [main] DEBUG org.apache.http.headers - >> User-Agent: Apache-HttpClient/4.5.13 (Java/11.0.12)
08:37:59.772 [main] DEBUG org.apache.http.headers - >> Accept-Encoding: gzip,deflate
08:37:59.893 [main] DEBUG org.apache.http.wire -  << "HTTP/1.1 404 Not Found[\r][\n]"
08:37:59.893 [main] DEBUG org.apache.http.wire -  << "Content-Type: application/json; charset=UTF-8[\r][\n]"
08:37:59.893 [main] DEBUG org.apache.http.wire -  << "Vary: Origin[\r][\n]"
08:37:59.893 [main] DEBUG org.apache.http.wire -  << "Vary: Origin[\r][\n]"
08:37:59.893 [main] DEBUG org.apache.http.wire -  << "Date: Fri, 23 Jun 2023 01:38:04 GMT[\r][\n]"
08:37:59.893 [main] DEBUG org.apache.http.wire -  << "Content-Length: 24[\r][\n]"
08:37:59.893 [main] DEBUG org.apache.http.wire -  << "[\r][\n]"
08:37:59.893 [main] DEBUG org.apache.http.impl.conn.DefaultClientConnection - Receiving response: HTTP/1.1 404 Not Found
08:37:59.893 [main] DEBUG org.apache.http.headers - << HTTP/1.1 404 Not Found
08:37:59.893 [main] DEBUG org.apache.http.headers - << Content-Type: application/json; charset=UTF-8
08:37:59.893 [main] DEBUG org.apache.http.headers - << Vary: Origin
08:37:59.893 [main] DEBUG org.apache.http.headers - << Vary: Origin
08:37:59.893 [main] DEBUG org.apache.http.headers - << Date: Fri, 23 Jun 2023 01:38:04 GMT
08:37:59.893 [main] DEBUG org.apache.http.headers - << Content-Length: 24
08:37:59.893 [main] DEBUG org.apache.http.impl.client.DefaultHttpClient - Connection can be kept alive indefinitely
08:37:59.893 [main] DEBUG io.restassured.internal.RestAssuredHttpBuilder - Parsing response as: application/json; charset=UTF-8
08:37:59.893 [main] DEBUG io.restassured.internal.RestAssuredHttpBuilder - Parsed data to instance of: class org.apache.http.conn.EofSensorInputStream
08:37:59.893 [main] DEBUG org.apache.http.wire -  << "{"message":"Not Found"}[\n]"
08:37:59.893 [main] DEBUG org.apache.http.impl.conn.BasicClientConnectionManager - Releasing connection org.apache.http.impl.conn.ManagedClientConnectionImpl@71da2e9e
08:37:59.893 [main] DEBUG org.apache.http.impl.conn.BasicClientConnectionManager - Connection can be kept alive indefinitely
08:37:59.893 [main] DEBUG net.thucydides.core.steps.StepInterceptor - STEP DONE: I send GET HTTP request thread by topic invalid
  &amp#27;[32mWhen &amp#27;[0m&amp#27;[32mI send GET HTTP request thread by topic invalid&amp#27;[0m  &amp#27;[90m# starter.stepdefinitions.ThreadsSteps.sendGetHttpRequestByTopicInvalid()&amp#27;[0m
08:37:59.895 [main] DEBUG net.thucydides.core.steps.StepInterceptor - STARTING STEP: ThreadsSteps.receiveHttpResponseCode404 - I receive valid HTTP response code 404
08:37:59.895 [main] DEBUG net.thucydides.core.steps.StepInterceptor - STEP DONE: I receive valid HTTP response code 404
  &amp#27;[32mThen &amp#27;[0m&amp#27;[32mI receive valid HTTP response code 404&amp#27;[0m           &amp#27;[90m# starter.stepdefinitions.ThreadsSteps.receiveHttpResponseCode404()&amp#27;[0m
08:37:59.896 [main] DEBUG net.thucydides.core.steps.StepInterceptor - STARTING STEP: ThreadsSteps.receiveValidDataForResponseCode404 - I receive valid data for response code 404
08:37:59.897 [main] DEBUG net.thucydides.core.steps.StepInterceptor - STEP DONE: I receive valid data for response code 404
  &amp#27;[32mAnd &amp#27;[0m&amp#27;[32mI receive valid data for response code 404&amp#27;[0m        &amp#27;[90m# starter.stepdefinitions.ThreadsSteps.receiveValidDataForResponseCode404()&amp#27;[0m
08:37:59.897 [main] INFO  - 
  _____   ___   ___   _____     ___     _     ___   ___   ___   ___  
 |_   _| | __| / __| |_   _|   | _ \   /_\   / __| / __| | __| |   \ 
   | |   | _|  \__ \   | |     |  _/  / _ \  \__ \ \__ \ | _|  | |) |
   |_|   |___| |___/   |_|     |_|   /_/ \_\ |___/ |___/ |___| |___/ 

GET As an user I can't get thread by topic
----------------------------------------------------------------------
]]></system-out>
  </testcase>
  <testcase name="PUT As an admin I can update thread" classname="ManageThread" time="0.282">
    <system-out><![CDATA[
@Thread @T43
Scenario: PUT As an admin I can update thread          &amp#27;[90m# src/test/resources/api/ManageThread.feature:335&amp#27;[0m
08:37:59.903 [main] INFO io.cucumber.core.plugin.SerenityReporter - Running feature from file:///C:/Users/Nafal%20Adi%20SL/Documents/GitHub/Capstone-QE/test-automation-API/src/test/resources/api/ManageThread.feature
08:37:59.903 [main] WARN io.cucumber.core.plugin.SerenityReporter - Feature from file:///C:/Users/Nafal%20Adi%20SL/Documents/GitHub/Capstone-QE/test-automation-API/src/test/resources/api/ManageThread.feature is not under the 'features' directory. Requirements report will not be correctly generated!
08:37:59.904 [main] INFO  - 
  _____   ___   ___   _____     ___   _____     _     ___   _____   ___   ___  
 |_   _| | __| / __| |_   _|   / __| |_   _|   /_\   | _ \ |_   _| | __| |   \ 
   | |   | _|  \__ \   | |     \__ \   | |    / _ \  |   /   | |   | _|  | |) |
   |_|   |___| |___/   |_|     |___/   |_|   /_/ \_\ |_|_\   |_|   |___| |___/ 

PUT As an admin I can update thread(managethread;put-as-an-admin-i-can-update-thread)
--------------------------------------------------------------------------------
08:37:59.912 [main] DEBUG net.thucydides.core.steps.StepInterceptor - STARTING STEP: ThreadsSteps.setPutApiEndpointsUpdateThreadByAdmin - I set PUT api endpoints update thread by admin
08:37:59.912 [main] DEBUG net.thucydides.core.steps.StepInterceptor - STEP DONE: I set PUT api endpoints update thread by admin
  &amp#27;[32mGiven &amp#27;[0m&amp#27;[32mI set PUT api endpoints update thread by admin&amp#27;[0m &amp#27;[90m# starter.stepdefinitions.ThreadsSteps.setPutApiEndpointsUpdateThreadByAdmin()&amp#27;[0m
08:37:59.914 [main] DEBUG net.thucydides.core.steps.StepInterceptor - STARTING STEP: ThreadsSteps.sendPutHttpRequestUpdateThreadByAdmin - I send PUT HTTP request update thread
08:37:59.920 [main] DEBUG net.thucydides.core.steps.StepInterceptor - STARTING STEP: PutThreads.sendPutHttpRequestUpdateThreadByAdmin - I set PUT api endpoints update thread by admin
08:37:59.920 [main] DEBUG net.thucydides.core.steps.StepInterceptor - STEP DONE: I set PUT api endpoints update thread by admin
08:37:59.925 [main] DEBUG org.apache.http.impl.conn.BasicClientConnectionManager - Get connection for route {}->http://ec2-54-206-29-131.ap-southeast-2.compute.amazonaws.com:8000
08:37:59.925 [main] DEBUG org.apache.http.impl.conn.DefaultClientConnectionOperator - Connecting to ec2-54-206-29-131.ap-southeast-2.compute.amazonaws.com:8000
08:38:00.043 [main] DEBUG org.apache.http.client.protocol.RequestAddCookies - CookieSpec selected: ignoreCookies
08:38:00.043 [main] DEBUG org.apache.http.client.protocol.RequestAuthCache - Auth cache not set in the context
08:38:00.043 [main] DEBUG org.apache.http.client.protocol.RequestProxyAuthentication - Proxy auth state: UNCHALLENGED
08:38:00.044 [main] DEBUG org.apache.http.impl.client.DefaultHttpClient - Attempt 1 to execute request
08:38:00.044 [main] DEBUG org.apache.http.impl.conn.DefaultClientConnection - Sending request: PUT /admin/threads/11 HTTP/1.1
08:38:00.044 [main] DEBUG org.apache.http.wire -  >> "PUT /admin/threads/11 HTTP/1.1[\r][\n]"
08:38:00.044 [main] DEBUG org.apache.http.wire -  >> "Authorization: Bearer eyJhbGciOiJIUzI1NiIsInR5cCI6IkpXVCJ9.eyJleHAiOjE2ODc1NTk0NDAsIm5hbWUiOiJXYWh5dSIsInJvbGUiOiJhZG1pbiIsInVzZXJfaWQiOjF9.m4vJ9e38a2kQTab-xsirsImfuP3_U458SQ2epYq-Dsw[\r][\n]"
08:38:00.044 [main] DEBUG org.apache.http.wire -  >> "Accept: */*[\r][\n]"
08:38:00.044 [main] DEBUG org.apache.http.wire -  >> "Content-Type: application/json[\r][\n]"
08:38:00.044 [main] DEBUG org.apache.http.wire -  >> "Content-Length: 194[\r][\n]"
08:38:00.044 [main] DEBUG org.apache.http.wire -  >> "Host: ec2-54-206-29-131.ap-southeast-2.compute.amazonaws.com:8000[\r][\n]"
08:38:00.044 [main] DEBUG org.apache.http.wire -  >> "Connection: Keep-Alive[\r][\n]"
08:38:00.044 [main] DEBUG org.apache.http.wire -  >> "User-Agent: Apache-HttpClient/4.5.13 (Java/11.0.12)[\r][\n]"
08:38:00.044 [main] DEBUG org.apache.http.wire -  >> "Accept-Encoding: gzip,deflate[\r][\n]"
08:38:00.044 [main] DEBUG org.apache.http.wire -  >> "[\r][\n]"
08:38:00.044 [main] DEBUG org.apache.http.headers - >> PUT /admin/threads/11 HTTP/1.1
08:38:00.044 [main] DEBUG org.apache.http.headers - >> Authorization: Bearer eyJhbGciOiJIUzI1NiIsInR5cCI6IkpXVCJ9.eyJleHAiOjE2ODc1NTk0NDAsIm5hbWUiOiJXYWh5dSIsInJvbGUiOiJhZG1pbiIsInVzZXJfaWQiOjF9.m4vJ9e38a2kQTab-xsirsImfuP3_U458SQ2epYq-Dsw
08:38:00.044 [main] DEBUG org.apache.http.headers - >> Accept: */*
08:38:00.044 [main] DEBUG org.apache.http.headers - >> Content-Type: application/json
08:38:00.044 [main] DEBUG org.apache.http.headers - >> Content-Length: 194
08:38:00.044 [main] DEBUG org.apache.http.headers - >> Host: ec2-54-206-29-131.ap-southeast-2.compute.amazonaws.com:8000
08:38:00.044 [main] DEBUG org.apache.http.headers - >> Connection: Keep-Alive
08:38:00.044 [main] DEBUG org.apache.http.headers - >> User-Agent: Apache-HttpClient/4.5.13 (Java/11.0.12)
08:38:00.044 [main] DEBUG org.apache.http.headers - >> Accept-Encoding: gzip,deflate
08:38:00.044 [main] DEBUG org.apache.http.wire -  >> "{"file":"","user_id":1,"topic":"Legend","title":"That Good Night","content":"Fugiat ea quidem laudantium voluptas. Natus quis numquam. Excepturi delectus earum non ducimus omnis ratione vitae."}"
08:38:00.167 [main] DEBUG org.apache.http.wire -  << "HTTP/1.1 200 OK[\r][\n]"
08:38:00.168 [main] DEBUG org.apache.http.wire -  << "Content-Type: application/json; charset=UTF-8[\r][\n]"
08:38:00.168 [main] DEBUG org.apache.http.wire -  << "Vary: Origin[\r][\n]"
08:38:00.168 [main] DEBUG org.apache.http.wire -  << "Vary: Origin[\r][\n]"
08:38:00.168 [main] DEBUG org.apache.http.wire -  << "Date: Fri, 23 Jun 2023 01:38:04 GMT[\r][\n]"
08:38:00.168 [main] DEBUG org.apache.http.wire -  << "Content-Length: 588[\r][\n]"
08:38:00.168 [main] DEBUG org.apache.http.wire -  << "[\r][\n]"
08:38:00.168 [main] DEBUG org.apache.http.impl.conn.DefaultClientConnection - Receiving response: HTTP/1.1 200 OK
08:38:00.168 [main] DEBUG org.apache.http.headers - << HTTP/1.1 200 OK
08:38:00.168 [main] DEBUG org.apache.http.headers - << Content-Type: application/json; charset=UTF-8
08:38:00.168 [main] DEBUG org.apache.http.headers - << Vary: Origin
08:38:00.168 [main] DEBUG org.apache.http.headers - << Vary: Origin
08:38:00.168 [main] DEBUG org.apache.http.headers - << Date: Fri, 23 Jun 2023 01:38:04 GMT
08:38:00.168 [main] DEBUG org.apache.http.headers - << Content-Length: 588
08:38:00.168 [main] DEBUG org.apache.http.impl.client.DefaultHttpClient - Connection can be kept alive indefinitely
08:38:00.168 [main] DEBUG io.restassured.internal.RestAssuredHttpBuilder - Parsing response as: application/json; charset=UTF-8
08:38:00.168 [main] DEBUG io.restassured.internal.RestAssuredHttpBuilder - Parsed data to instance of: class org.apache.http.conn.EofSensorInputStream
08:38:00.169 [main] DEBUG org.apache.http.wire -  << "{"data":{"ID":0,"CreatedAt":"0001-01-01T00:00:00Z","UpdatedAt":"0001-01-01T00:00:00Z","DeletedAt":null,"title":"That Good Night","content":"Fugiat ea quidem laudantium voluptas. Natus quis numquam. Excepturi delectus earum non ducimus omnis ratione vitae.","file":"","user_id":1,"user":{"ID":0,"CreatedAt":"0001-01-01T00:00:00Z","UpdatedAt":"0001-01-01T00:00:00Z","DeletedAt":null,"username":"","email":"","password":"","image_url":"","age":0,"bio":"","role":"","threads":null,"Bookmarked":null},"comment":null,"BookmarkedUser":null,"like":null},"message":"success updating thread data"}[\n]"
08:38:00.169 [main] DEBUG org.apache.http.impl.conn.BasicClientConnectionManager - Releasing connection org.apache.http.impl.conn.ManagedClientConnectionImpl@59aba6f2
08:38:00.169 [main] DEBUG org.apache.http.impl.conn.BasicClientConnectionManager - Connection can be kept alive indefinitely
08:38:00.169 [main] DEBUG net.thucydides.core.steps.StepInterceptor - STEP DONE: I send PUT HTTP request update thread
  &amp#27;[32mWhen &amp#27;[0m&amp#27;[32mI send PUT HTTP request update thread by admin&amp#27;[0m  &amp#27;[90m# starter.stepdefinitions.ThreadsSteps.sendPutHttpRequestUpdateThreadByAdmin()&amp#27;[0m
08:38:00.175 [main] DEBUG net.thucydides.core.steps.StepInterceptor - STARTING STEP: AuthUserSteps.receiveValidHttpResponseCode200 - I receive valid HTTP response code 200
08:38:00.175 [main] DEBUG net.thucydides.core.steps.StepInterceptor - STEP DONE: I receive valid HTTP response code 200
  &amp#27;[32mThen &amp#27;[0m&amp#27;[32mI receive valid HTTP response code 200&amp#27;[0m          &amp#27;[90m# starter.stepdefinitions.AuthUserSteps.receiveValidHttpResponseCode200()&amp#27;[0m
08:38:00.177 [main] DEBUG net.thucydides.core.steps.StepInterceptor - STARTING STEP: AuthUserSteps.receiveValidDataForResponseCode200 - I receive valid data for response code 200
08:38:00.177 [main] DEBUG net.thucydides.core.steps.StepInterceptor - STEP DONE: I receive valid data for response code 200
  &amp#27;[32mAnd &amp#27;[0m&amp#27;[32mI receive valid data for response code 200&amp#27;[0m       &amp#27;[90m# starter.stepdefinitions.AuthUserSteps.receiveValidDataForResponseCode200()&amp#27;[0m
08:38:00.179 [main] INFO  - 
  _____   ___   ___   _____     ___     _     ___   ___   ___   ___  
 |_   _| | __| / __| |_   _|   | _ \   /_\   / __| / __| | __| |   \ 
   | |   | _|  \__ \   | |     |  _/  / _ \  \__ \ \__ \ | _|  | |) |
   |_|   |___| |___/   |_|     |_|   /_/ \_\ |___/ |___/ |___| |___/ 

PUT As an admin I can update thread
----------------------------------------------------------------------
]]></system-out>
  </testcase>
  <testcase name="PUT As an admin I can&apos;t update thread" classname="ManageThread" time="0.275">
    <system-out><![CDATA[
@Thread @T44
Scenario: PUT As an admin I can't update thread       &amp#27;[90m# src/test/resources/api/ManageThread.feature:342&amp#27;[0m
08:38:00.185 [main] INFO io.cucumber.core.plugin.SerenityReporter - Running feature from file:///C:/Users/Nafal%20Adi%20SL/Documents/GitHub/Capstone-QE/test-automation-API/src/test/resources/api/ManageThread.feature
08:38:00.185 [main] WARN io.cucumber.core.plugin.SerenityReporter - Feature from file:///C:/Users/Nafal%20Adi%20SL/Documents/GitHub/Capstone-QE/test-automation-API/src/test/resources/api/ManageThread.feature is not under the 'features' directory. Requirements report will not be correctly generated!
08:38:00.186 [main] INFO  - 
  _____   ___   ___   _____     ___   _____     _     ___   _____   ___   ___  
 |_   _| | __| / __| |_   _|   / __| |_   _|   /_\   | _ \ |_   _| | __| |   \ 
   | |   | _|  \__ \   | |     \__ \   | |    / _ \  |   /   | |   | _|  | |) |
   |_|   |___| |___/   |_|     |___/   |_|   /_/ \_\ |_|_\   |_|   |___| |___/ 

PUT As an admin I can't update thread(managethread;put-as-an-admin-i-can-t-update-thread)
--------------------------------------------------------------------------------
08:38:00.194 [main] DEBUG net.thucydides.core.steps.StepInterceptor - STARTING STEP: ThreadsSteps.setPutApiEndpointsUpdateThreadInvalid - I set PUT api endpoints update thread invalid
08:38:00.195 [main] DEBUG net.thucydides.core.steps.StepInterceptor - STEP DONE: I set PUT api endpoints update thread invalid
  &amp#27;[32mGiven &amp#27;[0m&amp#27;[32mI set PUT api endpoints update thread invalid&amp#27;[0m &amp#27;[90m# starter.stepdefinitions.ThreadsSteps.setPutApiEndpointsUpdateThreadInvalid()&amp#27;[0m
08:38:00.196 [main] DEBUG net.thucydides.core.steps.StepInterceptor - STARTING STEP: ThreadsSteps.sendPutHttpRequestUpdateThreadInvalid - I send PUT HTTP request update thread invalid
08:38:00.203 [main] DEBUG net.thucydides.core.steps.StepInterceptor - STARTING STEP: PutThreads.sendPutHttpRequestUpdateThreadInvalid - I set PUT api endpoints update thread invalid
08:38:00.203 [main] DEBUG net.thucydides.core.steps.StepInterceptor - STEP DONE: I set PUT api endpoints update thread invalid
08:38:00.206 [main] DEBUG org.apache.http.impl.conn.BasicClientConnectionManager - Get connection for route {}->http://ec2-54-206-29-131.ap-southeast-2.compute.amazonaws.com:8000
08:38:00.206 [main] DEBUG org.apache.http.impl.conn.DefaultClientConnectionOperator - Connecting to ec2-54-206-29-131.ap-southeast-2.compute.amazonaws.com:8000
08:38:00.323 [main] DEBUG org.apache.http.client.protocol.RequestAddCookies - CookieSpec selected: ignoreCookies
08:38:00.323 [main] DEBUG org.apache.http.client.protocol.RequestAuthCache - Auth cache not set in the context
08:38:00.323 [main] DEBUG org.apache.http.client.protocol.RequestProxyAuthentication - Proxy auth state: UNCHALLENGED
08:38:00.323 [main] DEBUG org.apache.http.impl.client.DefaultHttpClient - Attempt 1 to execute request
08:38:00.323 [main] DEBUG org.apache.http.impl.conn.DefaultClientConnection - Sending request: PUT /threads/1 HTTP/1.1
08:38:00.323 [main] DEBUG org.apache.http.wire -  >> "PUT /threads/1 HTTP/1.1[\r][\n]"
08:38:00.323 [main] DEBUG org.apache.http.wire -  >> "Authorization: Bearer eyJhbGciOiJIUzI1NiIsInR5cCI6IkpXVCJ9.eyJleHAiOjE2ODc1NjQxOTcsIm5hbWUiOiJLZW5kcmljayIsInJvbGUiOiJVc2VyIiwidXNlcl9pZCI6MTN9.p2Rdg1yWJH_349Z-51pSbx60sUkrEL6hEGPfRb2E0_o[\r][\n]"
08:38:00.323 [main] DEBUG org.apache.http.wire -  >> "Accept: */*[\r][\n]"
08:38:00.323 [main] DEBUG org.apache.http.wire -  >> "Content-Type: application/json[\r][\n]"
08:38:00.323 [main] DEBUG org.apache.http.wire -  >> "Content-Length: 195[\r][\n]"
08:38:00.323 [main] DEBUG org.apache.http.wire -  >> "Host: ec2-54-206-29-131.ap-southeast-2.compute.amazonaws.com:8000[\r][\n]"
08:38:00.323 [main] DEBUG org.apache.http.wire -  >> "Connection: Keep-Alive[\r][\n]"
08:38:00.323 [main] DEBUG org.apache.http.wire -  >> "User-Agent: Apache-HttpClient/4.5.13 (Java/11.0.12)[\r][\n]"
08:38:00.323 [main] DEBUG org.apache.http.wire -  >> "Accept-Encoding: gzip,deflate[\r][\n]"
08:38:00.323 [main] DEBUG org.apache.http.wire -  >> "[\r][\n]"
08:38:00.323 [main] DEBUG org.apache.http.headers - >> PUT /threads/1 HTTP/1.1
08:38:00.323 [main] DEBUG org.apache.http.headers - >> Authorization: Bearer eyJhbGciOiJIUzI1NiIsInR5cCI6IkpXVCJ9.eyJleHAiOjE2ODc1NjQxOTcsIm5hbWUiOiJLZW5kcmljayIsInJvbGUiOiJVc2VyIiwidXNlcl9pZCI6MTN9.p2Rdg1yWJH_349Z-51pSbx60sUkrEL6hEGPfRb2E0_o
08:38:00.323 [main] DEBUG org.apache.http.headers - >> Accept: */*
08:38:00.323 [main] DEBUG org.apache.http.headers - >> Content-Type: application/json
08:38:00.323 [main] DEBUG org.apache.http.headers - >> Content-Length: 195
08:38:00.323 [main] DEBUG org.apache.http.headers - >> Host: ec2-54-206-29-131.ap-southeast-2.compute.amazonaws.com:8000
08:38:00.323 [main] DEBUG org.apache.http.headers - >> Connection: Keep-Alive
08:38:00.323 [main] DEBUG org.apache.http.headers - >> User-Agent: Apache-HttpClient/4.5.13 (Java/11.0.12)
08:38:00.323 [main] DEBUG org.apache.http.headers - >> Accept-Encoding: gzip,deflate
08:38:00.323 [main] DEBUG org.apache.http.wire -  >> "{"file":"","user_id":1,"topic":"Legend","title":"Beyond the Mexique Bay","content":"Omnis explicabo necessitatibus velit et sed. Possimus repellendus modi animi iste. Dolor blanditiis sapiente."}"
08:38:00.445 [main] DEBUG org.apache.http.wire -  << "HTTP/1.1 500 Internal Server Error[\r][\n]"
08:38:00.445 [main] DEBUG org.apache.http.wire -  << "Content-Type: application/json; charset=UTF-8[\r][\n]"
08:38:00.445 [main] DEBUG org.apache.http.wire -  << "Vary: Origin[\r][\n]"
08:38:00.445 [main] DEBUG org.apache.http.wire -  << "Vary: Origin[\r][\n]"
08:38:00.445 [main] DEBUG org.apache.http.wire -  << "Date: Fri, 23 Jun 2023 01:38:04 GMT[\r][\n]"
08:38:00.445 [main] DEBUG org.apache.http.wire -  << "Content-Length: 40[\r][\n]"
08:38:00.445 [main] DEBUG org.apache.http.wire -  << "[\r][\n]"
08:38:00.445 [main] DEBUG org.apache.http.impl.conn.DefaultClientConnection - Receiving response: HTTP/1.1 500 Internal Server Error
08:38:00.445 [main] DEBUG org.apache.http.headers - << HTTP/1.1 500 Internal Server Error
08:38:00.445 [main] DEBUG org.apache.http.headers - << Content-Type: application/json; charset=UTF-8
08:38:00.445 [main] DEBUG org.apache.http.headers - << Vary: Origin
08:38:00.445 [main] DEBUG org.apache.http.headers - << Vary: Origin
08:38:00.445 [main] DEBUG org.apache.http.headers - << Date: Fri, 23 Jun 2023 01:38:04 GMT
08:38:00.445 [main] DEBUG org.apache.http.headers - << Content-Length: 40
08:38:00.445 [main] DEBUG org.apache.http.impl.client.DefaultHttpClient - Connection can be kept alive indefinitely
08:38:00.445 [main] DEBUG io.restassured.internal.RestAssuredHttpBuilder - Parsing response as: application/json; charset=UTF-8
08:38:00.445 [main] DEBUG io.restassured.internal.RestAssuredHttpBuilder - Parsed data to instance of: class org.apache.http.conn.EofSensorInputStream
08:38:00.446 [main] DEBUG org.apache.http.wire -  << "{"message":"provided id was not found"}[\n]"
08:38:00.446 [main] DEBUG org.apache.http.impl.conn.BasicClientConnectionManager - Releasing connection org.apache.http.impl.conn.ManagedClientConnectionImpl@5d7b3a93
08:38:00.446 [main] DEBUG org.apache.http.impl.conn.BasicClientConnectionManager - Connection can be kept alive indefinitely
08:38:00.446 [main] DEBUG net.thucydides.core.steps.StepInterceptor - STEP DONE: I send PUT HTTP request update thread invalid
  &amp#27;[32mWhen &amp#27;[0m&amp#27;[32mI send PUT HTTP request update thread invalid&amp#27;[0m  &amp#27;[90m# starter.stepdefinitions.ThreadsSteps.sendPutHttpRequestUpdateThreadInvalid()&amp#27;[0m
08:38:00.452 [main] DEBUG net.thucydides.core.steps.StepInterceptor - STARTING STEP: AuthUserSteps.receiveValidHttpResponseCode500 - I receive valid HTTP response code 500
08:38:00.452 [main] DEBUG net.thucydides.core.steps.StepInterceptor - STEP DONE: I receive valid HTTP response code 500
  &amp#27;[32mThen &amp#27;[0m&amp#27;[32mI receive valid HTTP response code 500&amp#27;[0m         &amp#27;[90m# starter.stepdefinitions.AuthUserSteps.receiveValidHttpResponseCode500()&amp#27;[0m
08:38:00.453 [main] DEBUG net.thucydides.core.steps.StepInterceptor - STARTING STEP: AuthUserSteps.receiveValidDataForResponseCode500 - I receive valid data for response code 500
08:38:00.453 [main] DEBUG net.thucydides.core.steps.StepInterceptor - STEP DONE: I receive valid data for response code 500
  &amp#27;[32mAnd &amp#27;[0m&amp#27;[32mI receive valid data for response code 500&amp#27;[0m      &amp#27;[90m# starter.stepdefinitions.AuthUserSteps.receiveValidDataForResponseCode500()&amp#27;[0m
08:38:00.454 [main] INFO  - 
  _____   ___   ___   _____     ___     _     ___   ___   ___   ___  
 |_   _| | __| / __| |_   _|   | _ \   /_\   / __| / __| | __| |   \ 
   | |   | _|  \__ \   | |     |  _/  / _ \  \__ \ \__ \ | _|  | |) |
   |_|   |___| |___/   |_|     |_|   /_/ \_\ |___/ |___/ |___| |___/ 

PUT As an admin I can't update thread
----------------------------------------------------------------------
]]></system-out>
  </testcase>
  <testcase name="DELETE As an user I can delete thread" classname="ManageThread" time="0.272">
    <failure message="1 expectation failed.&#10;Expected status code &lt;200&gt; but was &lt;500&gt;.&#10;" type="java.lang.AssertionError"><![CDATA[java.lang.AssertionError: 
1 expectation failed.
Expected status code <200> but was <500>.

	at java.base/jdk.internal.reflect.NativeConstructorAccessorImpl.newInstance0(Native Method)
	at java.base/jdk.internal.reflect.NativeConstructorAccessorImpl.newInstance(NativeConstructorAccessorImpl.java:62)
	at java.base/jdk.internal.reflect.DelegatingConstructorAccessorImpl.newInstance(DelegatingConstructorAccessorImpl.java:45)
	at java.base/java.lang.reflect.Constructor.newInstance(Constructor.java:490)
	at org.codehaus.groovy.reflection.CachedConstructor.invoke(CachedConstructor.java:73)
	at org.codehaus.groovy.reflection.CachedConstructor.doConstructorInvoke(CachedConstructor.java:60)
	at org.codehaus.groovy.runtime.callsite.ConstructorSite$ConstructorSiteNoUnwrap.callConstructor(ConstructorSite.java:86)
	at org.codehaus.groovy.runtime.callsite.AbstractCallSite.callConstructor(AbstractCallSite.java:277)
	at io.restassured.internal.ResponseSpecificationImpl$HamcrestAssertionClosure.validate(ResponseSpecificationImpl.groovy:512)
	at io.restassured.internal.ResponseSpecificationImpl$HamcrestAssertionClosure$validate$1.call(Unknown Source)
	at io.restassured.internal.ResponseSpecificationImpl.validateResponseIfRequired(ResponseSpecificationImpl.groovy:696)
	at io.restassured.internal.ResponseSpecificationImpl.this$2$validateResponseIfRequired(ResponseSpecificationImpl.groovy)
	at jdk.internal.reflect.GeneratedMethodAccessor93.invoke(Unknown Source)
	at java.base/jdk.internal.reflect.DelegatingMethodAccessorImpl.invoke(DelegatingMethodAccessorImpl.java:43)
	at java.base/java.lang.reflect.Method.invoke(Method.java:566)
	at org.codehaus.groovy.runtime.callsite.PlainObjectMetaMethodSite.doInvoke(PlainObjectMetaMethodSite.java:43)
	at org.codehaus.groovy.runtime.callsite.PogoMetaMethodSite$PogoCachedMethodSiteNoUnwrapNoCoerce.invoke(PogoMetaMethodSite.java:198)
	at org.codehaus.groovy.runtime.callsite.PogoMetaMethodSite.callCurrent(PogoMetaMethodSite.java:62)
	at org.codehaus.groovy.runtime.callsite.AbstractCallSite.callCurrent(AbstractCallSite.java:185)
	at io.restassured.internal.ResponseSpecificationImpl.statusCode(ResponseSpecificationImpl.groovy:135)
	at io.restassured.specification.ResponseSpecification$statusCode$0.callCurrent(Unknown Source)
	at io.restassured.internal.ResponseSpecificationImpl.statusCode(ResponseSpecificationImpl.groovy:143)
	at io.restassured.internal.ValidatableResponseOptionsImpl.statusCode(ValidatableResponseOptionsImpl.java:89)
	at starter.authentication.PostRegister.lambda$validateHttpResponseCode200$0(PostRegister.java:48)
	at net.serenitybdd.rest.SerenityRest.restAssuredThat(SerenityRest.java:626)
	at starter.authentication.PostRegister.validateHttpResponseCode200(PostRegister.java:48)
	at starter.authentication.PostRegister$ByteBuddy$Juxv9Wj7.validateHttpResponseCode200$accessor$H3V1LoWv(Unknown Source)
	at jdk.internal.reflect.GeneratedMethodAccessor180.invoke(Unknown Source)
	at java.base/jdk.internal.reflect.DelegatingMethodAccessorImpl.invoke(DelegatingMethodAccessorImpl.java:43)
	at java.base/java.lang.reflect.Method.invoke(Method.java:566)
	at net.thucydides.core.steps.StepInterceptor.invokeMethod(StepInterceptor.java:503)
	at net.thucydides.core.steps.StepInterceptor.executeTestStepMethod(StepInterceptor.java:483)
	at net.thucydides.core.steps.StepInterceptor.runTestStep(StepInterceptor.java:457)
	at net.thucydides.core.steps.StepInterceptor.runOrSkipMethod(StepInterceptor.java:209)
	at net.thucydides.core.steps.StepInterceptor.testStepResult(StepInterceptor.java:196)
	at net.thucydides.core.steps.StepInterceptor.intercept(StepInterceptor.java:84)
	at net.thucydides.core.steps.ProxyConfiguration$InterceptorDispatcher.intercept(ProxyConfiguration.java:51)
	at starter.authentication.PostRegister$ByteBuddy$Juxv9Wj7.validateHttpResponseCode200(Unknown Source)
	at starter.stepdefinitions.AuthUserSteps.receiveValidHttpResponseCode200(AuthUserSteps.java:35)
	at ✽.I receive valid HTTP response code 200(file:///C:/Users/Nafal%20Adi%20SL/Documents/GitHub/Capstone-QE/test-automation-API/src/test/resources/api/ManageThread.feature:353)
]]></failure>
    <system-out><![CDATA[
@Thread @T45
Scenario: DELETE As an user I can delete thread           &amp#27;[90m# src/test/resources/api/ManageThread.feature:350&amp#27;[0m
08:38:00.459 [main] INFO io.cucumber.core.plugin.SerenityReporter - Running feature from file:///C:/Users/Nafal%20Adi%20SL/Documents/GitHub/Capstone-QE/test-automation-API/src/test/resources/api/ManageThread.feature
08:38:00.459 [main] WARN io.cucumber.core.plugin.SerenityReporter - Feature from file:///C:/Users/Nafal%20Adi%20SL/Documents/GitHub/Capstone-QE/test-automation-API/src/test/resources/api/ManageThread.feature is not under the 'features' directory. Requirements report will not be correctly generated!
08:38:00.460 [main] INFO  - 
  _____   ___   ___   _____     ___   _____     _     ___   _____   ___   ___  
 |_   _| | __| / __| |_   _|   / __| |_   _|   /_\   | _ \ |_   _| | __| |   \ 
   | |   | _|  \__ \   | |     \__ \   | |    / _ \  |   /   | |   | _|  | |) |
   |_|   |___| |___/   |_|     |___/   |_|   /_/ \_\ |_|_\   |_|   |___| |___/ 

DELETE As an user I can delete thread(managethread;delete-as-an-user-i-can-delete-thread)
--------------------------------------------------------------------------------
08:38:00.468 [main] DEBUG net.thucydides.core.steps.StepInterceptor - STARTING STEP: ThreadsSteps.setDeleteApiEndpointsByAdmin - I set DELETE api endpoints delete thread by admin
08:38:00.468 [main] DEBUG net.thucydides.core.steps.StepInterceptor - STEP DONE: I set DELETE api endpoints delete thread by admin
  &amp#27;[32mGiven &amp#27;[0m&amp#27;[32mI set DELETE api endpoints delete thread by admin&amp#27;[0m &amp#27;[90m# starter.stepdefinitions.ThreadsSteps.setDeleteApiEndpointsByAdmin()&amp#27;[0m
08:38:00.469 [main] DEBUG net.thucydides.core.steps.StepInterceptor - STARTING STEP: ThreadsSteps.sendDeleteApiEndpointsByAdmin - I send DELETE HTTP request delete thread by admin
08:38:00.470 [main] DEBUG net.thucydides.core.steps.StepInterceptor - STARTING STEP: DeleteThreads.sendDeleteHttpRequestByAdmin - I set DELETE api endpoints delete thread by admin
08:38:00.470 [main] DEBUG net.thucydides.core.steps.StepInterceptor - STEP DONE: I set DELETE api endpoints delete thread by admin
08:38:00.472 [main] DEBUG org.apache.http.impl.conn.BasicClientConnectionManager - Get connection for route {}->http://ec2-54-206-29-131.ap-southeast-2.compute.amazonaws.com:8000
08:38:00.473 [main] DEBUG org.apache.http.impl.conn.DefaultClientConnectionOperator - Connecting to ec2-54-206-29-131.ap-southeast-2.compute.amazonaws.com:8000
08:38:00.591 [main] DEBUG org.apache.http.client.protocol.RequestAddCookies - CookieSpec selected: ignoreCookies
08:38:00.591 [main] DEBUG org.apache.http.client.protocol.RequestAuthCache - Auth cache not set in the context
08:38:00.591 [main] DEBUG org.apache.http.client.protocol.RequestProxyAuthentication - Proxy auth state: UNCHALLENGED
08:38:00.591 [main] DEBUG org.apache.http.impl.client.DefaultHttpClient - Attempt 1 to execute request
08:38:00.591 [main] DEBUG org.apache.http.impl.conn.DefaultClientConnection - Sending request: DELETE /admin/threads/21 HTTP/1.1
08:38:00.591 [main] DEBUG org.apache.http.wire -  >> "DELETE /admin/threads/21 HTTP/1.1[\r][\n]"
08:38:00.591 [main] DEBUG org.apache.http.wire -  >> "Authorization: Bearer eyJhbGciOiJIUzI1NiIsInR5cCI6IkpXVCJ9.eyJleHAiOjE2ODc1NTk0NDAsIm5hbWUiOiJXYWh5dSIsInJvbGUiOiJhZG1pbiIsInVzZXJfaWQiOjF9.m4vJ9e38a2kQTab-xsirsImfuP3_U458SQ2epYq-Dsw[\r][\n]"
08:38:00.591 [main] DEBUG org.apache.http.wire -  >> "Accept: */*[\r][\n]"
08:38:00.591 [main] DEBUG org.apache.http.wire -  >> "Host: ec2-54-206-29-131.ap-southeast-2.compute.amazonaws.com:8000[\r][\n]"
08:38:00.591 [main] DEBUG org.apache.http.wire -  >> "Connection: Keep-Alive[\r][\n]"
08:38:00.591 [main] DEBUG org.apache.http.wire -  >> "User-Agent: Apache-HttpClient/4.5.13 (Java/11.0.12)[\r][\n]"
08:38:00.591 [main] DEBUG org.apache.http.wire -  >> "Accept-Encoding: gzip,deflate[\r][\n]"
08:38:00.591 [main] DEBUG org.apache.http.wire -  >> "[\r][\n]"
08:38:00.591 [main] DEBUG org.apache.http.headers - >> DELETE /admin/threads/21 HTTP/1.1
08:38:00.591 [main] DEBUG org.apache.http.headers - >> Authorization: Bearer eyJhbGciOiJIUzI1NiIsInR5cCI6IkpXVCJ9.eyJleHAiOjE2ODc1NTk0NDAsIm5hbWUiOiJXYWh5dSIsInJvbGUiOiJhZG1pbiIsInVzZXJfaWQiOjF9.m4vJ9e38a2kQTab-xsirsImfuP3_U458SQ2epYq-Dsw
08:38:00.591 [main] DEBUG org.apache.http.headers - >> Accept: */*
08:38:00.591 [main] DEBUG org.apache.http.headers - >> Host: ec2-54-206-29-131.ap-southeast-2.compute.amazonaws.com:8000
08:38:00.591 [main] DEBUG org.apache.http.headers - >> Connection: Keep-Alive
08:38:00.591 [main] DEBUG org.apache.http.headers - >> User-Agent: Apache-HttpClient/4.5.13 (Java/11.0.12)
08:38:00.591 [main] DEBUG org.apache.http.headers - >> Accept-Encoding: gzip,deflate
08:38:00.711 [main] DEBUG org.apache.http.wire -  << "HTTP/1.1 500 Internal Server Error[\r][\n]"
08:38:00.711 [main] DEBUG org.apache.http.wire -  << "Content-Type: application/json; charset=UTF-8[\r][\n]"
08:38:00.711 [main] DEBUG org.apache.http.wire -  << "Vary: Origin[\r][\n]"
08:38:00.711 [main] DEBUG org.apache.http.wire -  << "Vary: Origin[\r][\n]"
08:38:00.711 [main] DEBUG org.apache.http.wire -  << "Date: Fri, 23 Jun 2023 01:38:04 GMT[\r][\n]"
08:38:00.711 [main] DEBUG org.apache.http.wire -  << "Content-Length: 40[\r][\n]"
08:38:00.711 [main] DEBUG org.apache.http.wire -  << "[\r][\n]"
08:38:00.712 [main] DEBUG org.apache.http.impl.conn.DefaultClientConnection - Receiving response: HTTP/1.1 500 Internal Server Error
08:38:00.712 [main] DEBUG org.apache.http.headers - << HTTP/1.1 500 Internal Server Error
08:38:00.712 [main] DEBUG org.apache.http.headers - << Content-Type: application/json; charset=UTF-8
08:38:00.712 [main] DEBUG org.apache.http.headers - << Vary: Origin
08:38:00.712 [main] DEBUG org.apache.http.headers - << Vary: Origin
08:38:00.712 [main] DEBUG org.apache.http.headers - << Date: Fri, 23 Jun 2023 01:38:04 GMT
08:38:00.712 [main] DEBUG org.apache.http.headers - << Content-Length: 40
08:38:00.712 [main] DEBUG org.apache.http.impl.client.DefaultHttpClient - Connection can be kept alive indefinitely
08:38:00.712 [main] DEBUG io.restassured.internal.RestAssuredHttpBuilder - Parsing response as: application/json; charset=UTF-8
08:38:00.712 [main] DEBUG io.restassured.internal.RestAssuredHttpBuilder - Parsed data to instance of: class org.apache.http.conn.EofSensorInputStream
08:38:00.712 [main] DEBUG org.apache.http.wire -  << "{"message":"provided id was not found"}[\n]"
08:38:00.712 [main] DEBUG org.apache.http.impl.conn.BasicClientConnectionManager - Releasing connection org.apache.http.impl.conn.ManagedClientConnectionImpl@bc35e84
08:38:00.712 [main] DEBUG org.apache.http.impl.conn.BasicClientConnectionManager - Connection can be kept alive indefinitely
08:38:00.712 [main] DEBUG net.thucydides.core.steps.StepInterceptor - STEP DONE: I send DELETE HTTP request delete thread by admin
  &amp#27;[32mWhen &amp#27;[0m&amp#27;[32mI send DELETE HTTP request delete thread by admin&amp#27;[0m  &amp#27;[90m# starter.stepdefinitions.ThreadsSteps.sendDeleteApiEndpointsByAdmin()&amp#27;[0m
08:38:00.718 [main] DEBUG net.thucydides.core.steps.StepInterceptor - STARTING STEP: AuthUserSteps.receiveValidHttpResponseCode200 - I receive valid HTTP response code 200
  &amp#27;[31mThen &amp#27;[0m&amp#27;[31mI receive valid HTTP response code 200&amp#27;[0m             &amp#27;[90m# starter.stepdefinitions.AuthUserSteps.receiveValidHttpResponseCode200()&amp#27;[0m
      &amp#27;[31mjava.lang.AssertionError: 1 expectation failed.
Expected status code <200> but was <500>.

	at java.base/jdk.internal.reflect.NativeConstructorAccessorImpl.newInstance0(Native Method)
	at java.base/jdk.internal.reflect.NativeConstructorAccessorImpl.newInstance(NativeConstructorAccessorImpl.java:62)
	at java.base/jdk.internal.reflect.DelegatingConstructorAccessorImpl.newInstance(DelegatingConstructorAccessorImpl.java:45)
	at java.base/java.lang.reflect.Constructor.newInstance(Constructor.java:490)
	at org.codehaus.groovy.reflection.CachedConstructor.invoke(CachedConstructor.java:73)
	at org.codehaus.groovy.reflection.CachedConstructor.doConstructorInvoke(CachedConstructor.java:60)
	at org.codehaus.groovy.runtime.callsite.ConstructorSite$ConstructorSiteNoUnwrap.callConstructor(ConstructorSite.java:86)
	at org.codehaus.groovy.runtime.callsite.AbstractCallSite.callConstructor(AbstractCallSite.java:277)
	at io.restassured.internal.ResponseSpecificationImpl$HamcrestAssertionClosure.validate(ResponseSpecificationImpl.groovy:512)
	at io.restassured.internal.ResponseSpecificationImpl$HamcrestAssertionClosure$validate$1.call(Unknown Source)
	at io.restassured.internal.ResponseSpecificationImpl.validateResponseIfRequired(ResponseSpecificationImpl.groovy:696)
	at io.restassured.internal.ResponseSpecificationImpl.this$2$validateResponseIfRequired(ResponseSpecificationImpl.groovy)
	at jdk.internal.reflect.GeneratedMethodAccessor93.invoke(Unknown Source)
	at java.base/jdk.internal.reflect.DelegatingMethodAccessorImpl.invoke(DelegatingMethodAccessorImpl.java:43)
	at java.base/java.lang.reflect.Method.invoke(Method.java:566)
	at org.codehaus.groovy.runtime.callsite.PlainObjectMetaMethodSite.doInvoke(PlainObjectMetaMethodSite.java:43)
	at org.codehaus.groovy.runtime.callsite.PogoMetaMethodSite$PogoCachedMethodSiteNoUnwrapNoCoerce.invoke(PogoMetaMethodSite.java:198)
	at org.codehaus.groovy.runtime.callsite.PogoMetaMethodSite.callCurrent(PogoMetaMethodSite.java:62)
	at org.codehaus.groovy.runtime.callsite.AbstractCallSite.callCurrent(AbstractCallSite.java:185)
	at io.restassured.internal.ResponseSpecificationImpl.statusCode(ResponseSpecificationImpl.groovy:135)
	at io.restassured.specification.ResponseSpecification$statusCode$0.callCurrent(Unknown Source)
	at io.restassured.internal.ResponseSpecificationImpl.statusCode(ResponseSpecificationImpl.groovy:143)
	at io.restassured.internal.ValidatableResponseOptionsImpl.statusCode(ValidatableResponseOptionsImpl.java:89)
	at starter.authentication.PostRegister.lambda$validateHttpResponseCode200$0(PostRegister.java:48)
	at net.serenitybdd.rest.SerenityRest.restAssuredThat(SerenityRest.java:626)
	at starter.authentication.PostRegister.validateHttpResponseCode200(PostRegister.java:48)
	at starter.authentication.PostRegister$ByteBuddy$Juxv9Wj7.validateHttpResponseCode200$accessor$H3V1LoWv(Unknown Source)
	at jdk.internal.reflect.GeneratedMethodAccessor180.invoke(Unknown Source)
	at java.base/jdk.internal.reflect.DelegatingMethodAccessorImpl.invoke(DelegatingMethodAccessorImpl.java:43)
	at java.base/java.lang.reflect.Method.invoke(Method.java:566)
	at net.thucydides.core.steps.StepInterceptor.invokeMethod(StepInterceptor.java:503)
	at net.thucydides.core.steps.StepInterceptor.executeTestStepMethod(StepInterceptor.java:483)
	at net.thucydides.core.steps.StepInterceptor.runTestStep(StepInterceptor.java:457)
	at net.thucydides.core.steps.StepInterceptor.runOrSkipMethod(StepInterceptor.java:209)
	at net.thucydides.core.steps.StepInterceptor.testStepResult(StepInterceptor.java:196)
	at net.thucydides.core.steps.StepInterceptor.intercept(StepInterceptor.java:84)
	at net.thucydides.core.steps.ProxyConfiguration$InterceptorDispatcher.intercept(ProxyConfiguration.java:51)
	at starter.authentication.PostRegister$ByteBuddy$Juxv9Wj7.validateHttpResponseCode200(Unknown Source)
	at starter.stepdefinitions.AuthUserSteps.receiveValidHttpResponseCode200(AuthUserSteps.java:35)
	at âœ½.I receive valid HTTP response code 200(file:///C:/Users/Nafal%20Adi%20SL/Documents/GitHub/Capstone-QE/test-automation-API/src/test/resources/api/ManageThread.feature:353)
&amp#27;[0m
  &amp#27;[36mAnd &amp#27;[0m&amp#27;[36mI receive valid data for response code 200&amp#27;[0m          &amp#27;[90m# starter.stepdefinitions.AuthUserSteps.receiveValidDataForResponseCode200()&amp#27;[0m
08:38:00.726 [main] ERROR  - 
  _____   ___   ___   _____     ___     _     ___   _      ___   ___  
 |_   _| | __| / __| |_   _|   | __|   /_\   |_ _| | |    | __| |   \ 
   | |   | _|  \__ \   | |     | _|   / _ \   | |  | |__  | _|  | |) |
   |_|   |___| |___/   |_|     |_|   /_/ \_\ |___| |____| |___| |___/ 

DELETE As an user I can delete thread
-----------------------------------------------------------------------
08:38:00.726 [main] DEBUG  - RELATED ISSUES: 
08:38:00.726 [main] ERROR  -     Test failed at step: I receive valid HTTP response code 200
08:38:00.726 [main] ERROR  -     1 expectation failed.Expected status code <200> but was <500>.
]]></system-out>
  </testcase>
  <testcase name="DELETE As an user I can&apos;t delete thread" classname="ManageThread" time="0.259">
    <system-out><![CDATA[
@Thread @T46
Scenario: DELETE As an user I can't delete thread        &amp#27;[90m# src/test/resources/api/ManageThread.feature:357&amp#27;[0m
08:38:00.733 [main] INFO io.cucumber.core.plugin.SerenityReporter - Running feature from file:///C:/Users/Nafal%20Adi%20SL/Documents/GitHub/Capstone-QE/test-automation-API/src/test/resources/api/ManageThread.feature
08:38:00.733 [main] WARN io.cucumber.core.plugin.SerenityReporter - Feature from file:///C:/Users/Nafal%20Adi%20SL/Documents/GitHub/Capstone-QE/test-automation-API/src/test/resources/api/ManageThread.feature is not under the 'features' directory. Requirements report will not be correctly generated!
08:38:00.734 [main] INFO  - 
  _____   ___   ___   _____     ___   _____     _     ___   _____   ___   ___  
 |_   _| | __| / __| |_   _|   / __| |_   _|   /_\   | _ \ |_   _| | __| |   \ 
   | |   | _|  \__ \   | |     \__ \   | |    / _ \  |   /   | |   | _|  | |) |
   |_|   |___| |___/   |_|     |___/   |_|   /_/ \_\ |_|_\   |_|   |___| |___/ 

DELETE As an user I can't delete thread(managethread;delete-as-an-user-i-can-t-delete-thread)
--------------------------------------------------------------------------------
08:38:00.743 [main] DEBUG net.thucydides.core.steps.StepInterceptor - STARTING STEP: ThreadsSteps.setDeleteApiEndpointsInvalid - I set DELETE api endpoints delete thread invalid
08:38:00.743 [main] DEBUG net.thucydides.core.steps.StepInterceptor - STEP DONE: I set DELETE api endpoints delete thread invalid
  &amp#27;[32mGiven &amp#27;[0m&amp#27;[32mI set DELETE api endpoints delete thread invalid&amp#27;[0m &amp#27;[90m# starter.stepdefinitions.ThreadsSteps.setDeleteApiEndpointsInvalid()&amp#27;[0m
08:38:00.744 [main] DEBUG net.thucydides.core.steps.StepInterceptor - STARTING STEP: ThreadsSteps.sendDeleteApiEndpointsInvalid - I send DELETE HTTP request delete thread invalid
08:38:00.745 [main] DEBUG net.thucydides.core.steps.StepInterceptor - STARTING STEP: DeleteThreads.sendDeleteHttpRequestInvalid - I set DELETE api endpoints delete thread invalid
08:38:00.745 [main] DEBUG net.thucydides.core.steps.StepInterceptor - STEP DONE: I set DELETE api endpoints delete thread invalid
08:38:00.748 [main] DEBUG org.apache.http.impl.conn.BasicClientConnectionManager - Get connection for route {}->http://ec2-54-206-29-131.ap-southeast-2.compute.amazonaws.com:8000
08:38:00.748 [main] DEBUG org.apache.http.impl.conn.DefaultClientConnectionOperator - Connecting to ec2-54-206-29-131.ap-southeast-2.compute.amazonaws.com:8000
08:38:00.865 [main] DEBUG org.apache.http.client.protocol.RequestAddCookies - CookieSpec selected: ignoreCookies
08:38:00.865 [main] DEBUG org.apache.http.client.protocol.RequestAuthCache - Auth cache not set in the context
08:38:00.865 [main] DEBUG org.apache.http.client.protocol.RequestProxyAuthentication - Proxy auth state: UNCHALLENGED
08:38:00.865 [main] DEBUG org.apache.http.impl.client.DefaultHttpClient - Attempt 1 to execute request
08:38:00.865 [main] DEBUG org.apache.http.impl.conn.DefaultClientConnection - Sending request: DELETE /threads/ HTTP/1.1
08:38:00.865 [main] DEBUG org.apache.http.wire -  >> "DELETE /threads/ HTTP/1.1[\r][\n]"
08:38:00.865 [main] DEBUG org.apache.http.wire -  >> "Authorization: Bearer eyJhbGciOiJIUzI1NiIsInR5cCI6IkpXVCJ9.eyJleHAiOjE2ODc1NjQxOTcsIm5hbWUiOiJLZW5kcmljayIsInJvbGUiOiJVc2VyIiwidXNlcl9pZCI6MTN9.p2Rdg1yWJH_349Z-51pSbx60sUkrEL6hEGPfRb2E0_o[\r][\n]"
08:38:00.865 [main] DEBUG org.apache.http.wire -  >> "Accept: */*[\r][\n]"
08:38:00.865 [main] DEBUG org.apache.http.wire -  >> "Host: ec2-54-206-29-131.ap-southeast-2.compute.amazonaws.com:8000[\r][\n]"
08:38:00.865 [main] DEBUG org.apache.http.wire -  >> "Connection: Keep-Alive[\r][\n]"
08:38:00.865 [main] DEBUG org.apache.http.wire -  >> "User-Agent: Apache-HttpClient/4.5.13 (Java/11.0.12)[\r][\n]"
08:38:00.865 [main] DEBUG org.apache.http.wire -  >> "Accept-Encoding: gzip,deflate[\r][\n]"
08:38:00.865 [main] DEBUG org.apache.http.wire -  >> "[\r][\n]"
08:38:00.865 [main] DEBUG org.apache.http.headers - >> DELETE /threads/ HTTP/1.1
08:38:00.865 [main] DEBUG org.apache.http.headers - >> Authorization: Bearer eyJhbGciOiJIUzI1NiIsInR5cCI6IkpXVCJ9.eyJleHAiOjE2ODc1NjQxOTcsIm5hbWUiOiJLZW5kcmljayIsInJvbGUiOiJVc2VyIiwidXNlcl9pZCI6MTN9.p2Rdg1yWJH_349Z-51pSbx60sUkrEL6hEGPfRb2E0_o
08:38:00.865 [main] DEBUG org.apache.http.headers - >> Accept: */*
08:38:00.865 [main] DEBUG org.apache.http.headers - >> Host: ec2-54-206-29-131.ap-southeast-2.compute.amazonaws.com:8000
08:38:00.865 [main] DEBUG org.apache.http.headers - >> Connection: Keep-Alive
08:38:00.865 [main] DEBUG org.apache.http.headers - >> User-Agent: Apache-HttpClient/4.5.13 (Java/11.0.12)
08:38:00.865 [main] DEBUG org.apache.http.headers - >> Accept-Encoding: gzip,deflate
08:38:00.982 [main] DEBUG org.apache.http.wire -  << "HTTP/1.1 404 Not Found[\r][\n]"
08:38:00.982 [main] DEBUG org.apache.http.wire -  << "Content-Type: application/json; charset=UTF-8[\r][\n]"
08:38:00.982 [main] DEBUG org.apache.http.wire -  << "Vary: Origin[\r][\n]"
08:38:00.982 [main] DEBUG org.apache.http.wire -  << "Vary: Origin[\r][\n]"
08:38:00.982 [main] DEBUG org.apache.http.wire -  << "Date: Fri, 23 Jun 2023 01:38:05 GMT[\r][\n]"
08:38:00.982 [main] DEBUG org.apache.http.wire -  << "Content-Length: 24[\r][\n]"
08:38:00.982 [main] DEBUG org.apache.http.wire -  << "[\r][\n]"
08:38:00.982 [main] DEBUG org.apache.http.impl.conn.DefaultClientConnection - Receiving response: HTTP/1.1 404 Not Found
08:38:00.982 [main] DEBUG org.apache.http.headers - << HTTP/1.1 404 Not Found
08:38:00.982 [main] DEBUG org.apache.http.headers - << Content-Type: application/json; charset=UTF-8
08:38:00.982 [main] DEBUG org.apache.http.headers - << Vary: Origin
08:38:00.982 [main] DEBUG org.apache.http.headers - << Vary: Origin
08:38:00.982 [main] DEBUG org.apache.http.headers - << Date: Fri, 23 Jun 2023 01:38:05 GMT
08:38:00.982 [main] DEBUG org.apache.http.headers - << Content-Length: 24
08:38:00.982 [main] DEBUG org.apache.http.impl.client.DefaultHttpClient - Connection can be kept alive indefinitely
08:38:00.982 [main] DEBUG io.restassured.internal.RestAssuredHttpBuilder - Parsing response as: application/json; charset=UTF-8
08:38:00.982 [main] DEBUG io.restassured.internal.RestAssuredHttpBuilder - Parsed data to instance of: class org.apache.http.conn.EofSensorInputStream
08:38:00.983 [main] DEBUG org.apache.http.wire -  << "{"message":"Not Found"}[\n]"
08:38:00.983 [main] DEBUG org.apache.http.impl.conn.BasicClientConnectionManager - Releasing connection org.apache.http.impl.conn.ManagedClientConnectionImpl@5dcf8b37
08:38:00.983 [main] DEBUG org.apache.http.impl.conn.BasicClientConnectionManager - Connection can be kept alive indefinitely
08:38:00.983 [main] DEBUG net.thucydides.core.steps.StepInterceptor - STEP DONE: I send DELETE HTTP request delete thread invalid
  &amp#27;[32mWhen &amp#27;[0m&amp#27;[32mI send DELETE HTTP request delete thread invalid&amp#27;[0m  &amp#27;[90m# starter.stepdefinitions.ThreadsSteps.sendDeleteApiEndpointsInvalid()&amp#27;[0m
08:38:00.984 [main] DEBUG net.thucydides.core.steps.StepInterceptor - STARTING STEP: ThreadsSteps.receiveHttpResponseCode404 - I receive valid HTTP response code 404
08:38:00.984 [main] DEBUG net.thucydides.core.steps.StepInterceptor - STEP DONE: I receive valid HTTP response code 404
  &amp#27;[32mThen &amp#27;[0m&amp#27;[32mI receive valid HTTP response code 404&amp#27;[0m            &amp#27;[90m# starter.stepdefinitions.ThreadsSteps.receiveHttpResponseCode404()&amp#27;[0m
08:38:00.986 [main] DEBUG net.thucydides.core.steps.StepInterceptor - STARTING STEP: ThreadsSteps.receiveValidDataForResponseCode404 - I receive valid data for response code 404
08:38:00.986 [main] DEBUG net.thucydides.core.steps.StepInterceptor - STEP DONE: I receive valid data for response code 404
  &amp#27;[32mAnd &amp#27;[0m&amp#27;[32mI receive valid data for response code 404&amp#27;[0m         &amp#27;[90m# starter.stepdefinitions.ThreadsSteps.receiveValidDataForResponseCode404()&amp#27;[0m
08:38:00.987 [main] INFO  - 
  _____   ___   ___   _____     ___     _     ___   ___   ___   ___  
 |_   _| | __| / __| |_   _|   | _ \   /_\   / __| / __| | __| |   \ 
   | |   | _|  \__ \   | |     |  _/  / _ \  \__ \ \__ \ | _|  | |) |
   |_|   |___| |___/   |_|     |_|   /_/ \_\ |___/ |___/ |___| |___/ 

DELETE As an user I can't delete thread
----------------------------------------------------------------------
]]></system-out>
  </testcase>
</testsuite>