<?xml version="1.0" encoding="UTF-8"?>
<testsuite xmlns:xsi="http://www.w3.org/2001/XMLSchema-instance" xsi:schemaLocation="https://maven.apache.org/surefire/maven-surefire-plugin/xsd/surefire-test-report.xsd" name="test.alta.CucumberTestSuite" time="73.176" tests="8" errors="0" skipped="0" failures="0">
  <properties>
    <property name="java.runtime.name" value="OpenJDK Runtime Environment"/>
    <property name="java.vm.version" value="11.0.12+7-b1504.28-7817840"/>
    <property name="sun.boot.library.path" value="C:\Program Files\Android\Android Studio\jre\bin"/>
    <property name="maven.multiModuleProjectDirectory" value="C:\KULIAH\SEMESTER 6\MSIB\QA\Tugas\Mini Project\Mobile\mobile-automation"/>
    <property name="java.vm.vendor" value="JetBrains s.r.o"/>
    <property name="java.vendor.url" value="https://openjdk.java.net/"/>
    <property name="guice.disable.misplaced.annotation.check" value="true"/>
    <property name="path.separator" value=";"/>
    <property name="java.vm.name" value="OpenJDK 64-Bit Server VM"/>
    <property name="sun.os.patch.level" value=""/>
    <property name="user.script" value=""/>
    <property name="user.country" value="ID"/>
    <property name="sun.java.launcher" value="SUN_STANDARD"/>
    <property name="java.vm.specification.name" value="Java Virtual Machine Specification"/>
    <property name="user.dir" value="C:\KULIAH\SEMESTER 6\MSIB\QA\Tugas\Mini Project\Mobile\mobile-automation"/>
    <property name="java.vm.compressedOopsMode" value="Zero based"/>
    <property name="java.runtime.version" value="11.0.12+7-b1504.28-7817840"/>
    <property name="java.awt.graphicsenv" value="sun.awt.Win32GraphicsEnvironment"/>
    <property name="os.arch" value="amd64"/>
    <property name="java.io.tmpdir" value="C:\Users\NAFALA~1\AppData\Local\Temp\"/>
    <property name="line.separator" value="&#10;"/>
    <property name="java.vm.specification.vendor" value="Oracle Corporation"/>
    <property name="user.variant" value=""/>
    <property name="os.name" value="Windows 10"/>
    <property name="classworlds.conf" value="C:\Program Files\apache-maven-3.9.1\bin\m2.conf"/>
    <property name="sun.jnu.encoding" value="Cp1252"/>
    <property name="java.library.path" value="C:\Program Files\Android\Android Studio\jre\bin;C:\WINDOWS\Sun\Java\bin;C:\WINDOWS\system32;C:\WINDOWS;C:\Program Files\Common Files\Oracle\Java\javapath;C:\Windows\system32;C:\Windows;C:\Windows\System32\Wbem;C:\Windows\System32\WindowsPowerShell\v1.0\;C:\Windows\System32\OpenSSH\;C:\Program Files (x86)\NVIDIA Corporation\PhysX\Common;C:\Program Files\NVIDIA Corporation\NVIDIA NvDLISR;C:\TDM-GCC-64\bin;C:\WINDOWS\system32;C:\WINDOWS;C:\WINDOWS\System32\Wbem;C:\WINDOWS\System32\WindowsPowerShell\v1.0\;C:\WINDOWS\System32\OpenSSH\;C:\Program Files\Git\cmd;C:\Program Files\IBM\SPSS\Statistics\25\JRE\bin;C:\Program Files\nodejs\;C:\Program Files\Docker\Docker\resources\bin;C:\Program Files\apache-maven-3.9.1\bin;C:\Users\Nafal Adi SL\AppData\Local\Microsoft\WindowsApps;C:\src\flutter\bin;C:\Users\Nafal Adi SL\AppData\Local\Programs\Microsoft VS Code\bin;C:\Users\Nafal Adi SL\AppData\Roaming\npm;C:\Users\Nafal Adi SL\AppData\Local\Android\Sdk\platform-tools;C:\Users\Nafal Adi SL\AppData\Local\Android\Sdk\tools;;."/>
    <property name="maven.conf" value="C:\Program Files\apache-maven-3.9.1/conf"/>
    <property name="jdk.debug" value="release"/>
    <property name="java.class.version" value="55.0"/>
    <property name="java.specification.name" value="Java Platform API Specification"/>
    <property name="sun.management.compiler" value="HotSpot 64-Bit Tiered Compilers"/>
    <property name="os.version" value="10.0"/>
    <property name="library.jansi.path" value="C:\Program Files\apache-maven-3.9.1\lib\jansi-native"/>
    <property name="user.home" value="C:\Users\Nafal Adi SL"/>
    <property name="tags" value="logout+"/>
    <property name="user.timezone" value="Asia/Bangkok"/>
    <property name="java.awt.printerjob" value="sun.awt.windows.WPrinterJob"/>
    <property name="file.encoding" value="Cp1252"/>
    <property name="java.specification.version" value="11"/>
    <property name="user.name" value="Nafal Adi SL"/>
    <property name="java.class.path" value="C:\Program Files\apache-maven-3.9.1\boot\plexus-classworlds-2.6.0.jar"/>
    <property name="java.vm.specification.version" value="11"/>
    <property name="sun.arch.data.model" value="64"/>
    <property name="sun.java.command" value="org.codehaus.plexus.classworlds.launcher.Launcher clean verify -Dtags=logout+"/>
    <property name="java.home" value="C:\Program Files\Android\Android Studio\jre"/>
    <property name="user.language" value="en"/>
    <property name="java.specification.vendor" value="Oracle Corporation"/>
    <property name="awt.toolkit" value="sun.awt.windows.WToolkit"/>
    <property name="java.vm.info" value="mixed mode"/>
    <property name="java.version" value="11.0.12"/>
    <property name="java.vendor" value="Oracle Corporation"/>
    <property name="sun.stderr.encoding" value="cp437"/>
    <property name="maven.home" value="C:\Program Files\apache-maven-3.9.1"/>
    <property name="file.separator" value="\"/>
    <property name="java.version.date" value="2021-07-20"/>
    <property name="java.vendor.url.bug" value="https://bugreport.java.com/bugreport/"/>
    <property name="sun.io.unicode.encoding" value="UnicodeLittle"/>
    <property name="sun.cpu.endian" value="little"/>
    <property name="sun.stdout.encoding" value="cp437"/>
    <property name="sun.desktop" value="windows"/>
    <property name="sun.cpu.isalist" value="amd64"/>
  </properties>
  <testcase name="I am on the login page" classname="As a user, I want to logout successfully" time="15.222"/>
  <testcase name="I input email &quot;adi@email.com&quot;" classname="As a user, I want to logout successfully" time="5.267"/>
  <testcase name="I input password &quot;password&quot;" classname="As a user, I want to logout successfully" time="2.873"/>
  <testcase name="I click login button" classname="As a user, I want to logout successfully" time="0.104"/>
  <testcase name="I am on the home page" classname="As a user, I want to logout successfully" time="16.003"/>
  <testcase name="I click logout button" classname="As a user, I want to logout successfully" time="14.145"/>
  <testcase name="I am on the landing page" classname="As a user, I want to logout successfully" time="16.005"/>
  <testcase name="As a user, I want to logout successfully" classname="As a user, I want to logout successfully" time="16.01"/>
</testsuite>